[INFO] Scanning for projects...
[INFO] 
[INFO] -----------------------< bad.robot:simple-excel >-----------------------
[INFO] Building simple-excel 1.3-SNAPSHOT
[INFO] --------------------------------[ jar ]---------------------------------
[INFO] 
[INFO] --- maven-resources-plugin:2.6:resources (default-resources) @ simple-excel ---
[INFO] Using 'UTF-8' encoding to copy filtered resources.
[INFO] skip non existing resourceDirectory /workdir/simple-excel/src/main/resource
[INFO] 
[INFO] --- maven-compiler-plugin:3.5.1:compile (default-compile) @ simple-excel ---
[INFO] Nothing to compile - all classes are up to date
[INFO] 
[INFO] --- maven-resources-plugin:2.6:testResources (default-testResources) @ simple-excel ---
[INFO] Using 'UTF-8' encoding to copy filtered resources.
[INFO] Copying 27 resources
[INFO] 
[INFO] --- maven-compiler-plugin:3.5.1:testCompile (default-testCompile) @ simple-excel ---
[INFO] Nothing to compile - all classes are up to date
[INFO] 
[INFO] --- maven-surefire-plugin:2.14.1:test (default-test) @ simple-excel ---
[INFO] Surefire report directory: /workdir/simple-excel/target/surefire-reports

-------------------------------------------------------
 T E S T S
-------------------------------------------------------
Running bad.robot.excel.column.ExcelColumnIndexTest
Tests run: 2, Failures: 0, Errors: 0, Skipped: 0, Time elapsed: 0.048 sec
Running bad.robot.excel.sheet.ExcelCoordinateTest
Tests run: 2, Failures: 0, Errors: 0, Skipped: 0, Time elapsed: 0.001 sec
Running bad.robot.excel.PoiToExcelCoercionsTest
Tests run: 1, Failures: 0, Errors: 0, Skipped: 0, Time elapsed: 0.019 sec
Running bad.robot.excel.style.ColourTest
saved .xlsx: /tmp/exampleOfApplyColours7668903939987571571.xlsx
Tests run: 1, Failures: 0, Errors: 0, Skipped: 0, Time elapsed: 0.538 sec
Running bad.robot.excel.style.StyleBuilderTest
Tests run: 1, Failures: 0, Errors: 0, Skipped: 0, Time elapsed: 0.118 sec
Running bad.robot.excel.matchers.MismatchesTest
Tests run: 7, Failures: 0, Errors: 0, Skipped: 0, Time elapsed: 0.007 sec
Running bad.robot.excel.matchers.RowsMatcherTest
Tests run: 6, Failures: 0, Errors: 0, Skipped: 0, Time elapsed: 0.04 sec
Running bad.robot.excel.matchers.CellMatcherTest
Tests run: 5, Failures: 0, Errors: 0, Skipped: 0, Time elapsed: 0.005 sec
Running bad.robot.excel.matchers.RowNumberMatcherTest
Tests run: 5, Failures: 0, Errors: 0, Skipped: 0, Time elapsed: 0.014 sec
Running bad.robot.excel.matchers.SheetNameMatcherTest
Tests run: 7, Failures: 0, Errors: 0, Skipped: 0, Time elapsed: 0.036 sec
Running bad.robot.excel.matchers.CellsMatcherTest
Tests run: 7, Failures: 0, Errors: 0, Skipped: 0, Time elapsed: 0.08 sec
Running bad.robot.excel.matchers.SheetMatcherTest
Tests run: 6, Failures: 0, Errors: 0, Skipped: 0, Time elapsed: 0.019 sec
Running bad.robot.excel.matchers.SheetNumberMatcherTest
Tests run: 5, Failures: 0, Errors: 0, Skipped: 0, Time elapsed: 0.009 sec
Running bad.robot.excel.matchers.RowInSheetMatcherTest
Tests run: 5, Failures: 0, Errors: 0, Skipped: 0, Time elapsed: 0.013 sec
Running bad.robot.excel.matchers.CellTypeTest
Tests run: 9, Failures: 0, Errors: 0, Skipped: 0, Time elapsed: 0.015 sec
Running bad.robot.excel.matchers.RowMissingMatcherTest
Tests run: 5, Failures: 0, Errors: 0, Skipped: 0, Time elapsed: 0.007 sec
Running bad.robot.excel.matchers.CellInRowMatcherTest
Tests run: 11, Failures: 0, Errors: 0, Skipped: 0, Time elapsed: 0.025 sec
Running bad.robot.excel.matchers.CellNumberMatcherTest
Tests run: 6, Failures: 0, Errors: 0, Skipped: 0, Time elapsed: 0.01 sec
Running bad.robot.excel.workbook.PoiWorkbookTest
Tests run: 12, Failures: 0, Errors: 0, Skipped: 0, Time elapsed: 0.101 sec
Running bad.robot.excel.cell.StringCellTest
Tests run: 3, Failures: 0, Errors: 0, Skipped: 0, Time elapsed: 0.001 sec
Running bad.robot.excel.DateCellTest
Tests run: 3, Failures: 0, Errors: 0, Skipped: 0, Time elapsed: 0.004 sec

Results :

Tests run: 109, Failures: 0, Errors: 0, Skipped: 0

[INFO] ------------------------------------------------------------------------
[INFO] BUILD SUCCESS
[INFO] ------------------------------------------------------------------------
[INFO] Total time:  2.135 s
[INFO] Finished at: 2021-02-14T18:32:22Z
[INFO] ------------------------------------------------------------------------
