[INFO] Scanning for projects...
[WARNING] 
[WARNING] Some problems were encountered while building the effective model for com.deepoove:dubbo-provider:war:2.0.1
[WARNING] The expression ${parent.version} is deprecated. Please use ${project.parent.version} instead.
[WARNING] 
[WARNING] It is highly recommended to fix these problems because they threaten the stability of your build.
[WARNING] 
[WARNING] For this reason, future Maven versions might no longer support building such malformed projects.
[WARNING] 
[INFO] ------------------------------------------------------------------------
[INFO] Reactor Build Order:
[INFO] 
[INFO] swagger-dubbo-project                                              [pom]
[INFO] swagger-dubbo                                                      [jar]
[INFO] swagger-dubbo-example                                              [pom]
[INFO] dubbo-api                                                          [jar]
[INFO] dubbo-provider Maven Webapp                                        [war]
[INFO] 
[INFO] -----------------< com.deepoove:swagger-dubbo-project >-----------------
[INFO] Building swagger-dubbo-project 2.0.1                               [1/5]
[INFO] --------------------------------[ pom ]---------------------------------
[INFO] 
[INFO] --- maven-enforcer-plugin:1.0:enforce (enforce-maven) @ swagger-dubbo-project ---
[INFO] 
[INFO] ---------------------< com.deepoove:swagger-dubbo >---------------------
[INFO] Building swagger-dubbo 2.0.1                                       [2/5]
[INFO] --------------------------------[ jar ]---------------------------------
[INFO] 
[INFO] --- maven-enforcer-plugin:1.0:enforce (enforce-maven) @ swagger-dubbo ---
[INFO] 
[INFO] --- maven-resources-plugin:2.5:resources (default-resources) @ swagger-dubbo ---
[debug] execute contextualize
[INFO] Using 'UTF-8' encoding to copy filtered resources.
[INFO] skip non existing resourceDirectory /workdir/swagger-dubbo/swagger-dubbo/src/main/resources
[INFO] 
[INFO] --- maven-compiler-plugin:3.2:compile (default-compile) @ swagger-dubbo ---
[INFO] Nothing to compile - all classes are up to date
[INFO] 
[INFO] >>> maven-source-plugin:2.1:jar (default) > generate-sources @ swagger-dubbo >>>
[INFO] 
[INFO] --- maven-enforcer-plugin:1.0:enforce (enforce-maven) @ swagger-dubbo ---
[INFO] 
[INFO] <<< maven-source-plugin:2.1:jar (default) < generate-sources @ swagger-dubbo <<<
[INFO] 
[INFO] 
[INFO] --- maven-source-plugin:2.1:jar (default) @ swagger-dubbo ---
[INFO] 
[INFO] --- maven-resources-plugin:2.5:testResources (default-testResources) @ swagger-dubbo ---
[debug] execute contextualize
[INFO] Using 'UTF-8' encoding to copy filtered resources.
[INFO] skip non existing resourceDirectory /workdir/swagger-dubbo/swagger-dubbo/src/test/resources
[INFO] 
[INFO] --- maven-compiler-plugin:3.2:testCompile (default-testCompile) @ swagger-dubbo ---
[INFO] Nothing to compile - all classes are up to date
[INFO] 
[INFO] --- maven-surefire-plugin:2.12.4:test (default-test) @ swagger-dubbo ---
[INFO] Surefire report directory: /workdir/swagger-dubbo/swagger-dubbo/target/surefire-reports

-------------------------------------------------------
 T E S T S
-------------------------------------------------------
Running com.deepoove.swagger.dubbo.reader.NameDiscoverTest
Tests run: 1, Failures: 0, Errors: 0, Skipped: 0, Time elapsed: 0.08 sec
Running com.deepoove.swagger.dubbo.reader.ReaderTest
SLF4J: Failed to load class "org.slf4j.impl.StaticLoggerBinder".
SLF4J: Defaulting to no-operation (NOP) logger implementation
SLF4J: See http://www.slf4j.org/codes.html#StaticLoggerBinder for further details.
Tests run: 1, Failures: 0, Errors: 0, Skipped: 0, Time elapsed: 0.181 sec
Running com.deepoove.swagger.dubbo.json.FastJsonHttpMessageConverterTest
Tests run: 1, Failures: 0, Errors: 0, Skipped: 0, Time elapsed: 0.055 sec
Running com.deepoove.swagger.dubbo.http.HttpMatchTest
Tests run: 3, Failures: 0, Errors: 0, Skipped: 0, Time elapsed: 0.004 sec

Results :

Tests run: 6, Failures: 0, Errors: 0, Skipped: 0

[INFO] 
[INFO] -----------------< com.deepoove:swagger-dubbo-example >-----------------
[INFO] Building swagger-dubbo-example 2.0.1                               [3/5]
[INFO] --------------------------------[ pom ]---------------------------------
[INFO] 
[INFO] --- maven-enforcer-plugin:1.0:enforce (enforce-maven) @ swagger-dubbo-example ---
[INFO] 
[INFO] -----------------------< com.deepoove:dubbo-api >-----------------------
[INFO] Building dubbo-api 2.0.1                                           [4/5]
[INFO] --------------------------------[ jar ]---------------------------------
[INFO] 
[INFO] --- maven-enforcer-plugin:1.0:enforce (enforce-maven) @ dubbo-api ---
[INFO] 
[INFO] --- maven-resources-plugin:2.6:resources (default-resources) @ dubbo-api ---
[INFO] Using 'UTF-8' encoding to copy filtered resources.
[INFO] skip non existing resourceDirectory /workdir/swagger-dubbo/swagger-dubbo-example/dubbo-api/src/main/resources
[INFO] 
[INFO] --- maven-compiler-plugin:3.2:compile (default-compile) @ dubbo-api ---
[INFO] Nothing to compile - all classes are up to date
[INFO] 
[INFO] --- maven-resources-plugin:2.6:testResources (default-testResources) @ dubbo-api ---
[INFO] Using 'UTF-8' encoding to copy filtered resources.
[INFO] skip non existing resourceDirectory /workdir/swagger-dubbo/swagger-dubbo-example/dubbo-api/src/test/resources
[INFO] 
[INFO] --- maven-compiler-plugin:3.2:testCompile (default-testCompile) @ dubbo-api ---
[INFO] No sources to compile
[INFO] 
[INFO] --- maven-surefire-plugin:2.12.4:test (default-test) @ dubbo-api ---
[INFO] No tests to run.
[INFO] 
[INFO] --------------------< com.deepoove:dubbo-provider >---------------------
[INFO] Building dubbo-provider Maven Webapp 2.0.1                         [5/5]
[INFO] --------------------------------[ war ]---------------------------------
[INFO] 
[INFO] --- maven-enforcer-plugin:1.0:enforce (enforce-maven) @ dubbo-provider ---
[INFO] 
[INFO] --- maven-resources-plugin:2.6:resources (default-resources) @ dubbo-provider ---
[INFO] Using 'UTF-8' encoding to copy filtered resources.
[INFO] Copying 4 resources
[INFO] 
[INFO] --- maven-compiler-plugin:3.2:compile (default-compile) @ dubbo-provider ---
[INFO] Nothing to compile - all classes are up to date
[INFO] 
[INFO] --- maven-resources-plugin:2.6:testResources (default-testResources) @ dubbo-provider ---
[INFO] Using 'UTF-8' encoding to copy filtered resources.
[INFO] skip non existing resourceDirectory /workdir/swagger-dubbo/swagger-dubbo-example/dubbo-provider/src/test/resources
[INFO] 
[INFO] --- maven-compiler-plugin:3.2:testCompile (default-testCompile) @ dubbo-provider ---
[INFO] No sources to compile
[INFO] 
[INFO] --- maven-surefire-plugin:2.12.4:test (default-test) @ dubbo-provider ---
[INFO] No tests to run.
[INFO] ------------------------------------------------------------------------
[INFO] Reactor Summary for swagger-dubbo-project 2.0.1:
[INFO] 
[INFO] swagger-dubbo-project .............................. SUCCESS [  0.231 s]
[INFO] swagger-dubbo ...................................... SUCCESS [  1.097 s]
[INFO] swagger-dubbo-example .............................. SUCCESS [  0.002 s]
[INFO] dubbo-api .......................................... SUCCESS [  0.051 s]
[INFO] dubbo-provider Maven Webapp ........................ SUCCESS [  0.063 s]
[INFO] ------------------------------------------------------------------------
[INFO] BUILD SUCCESS
[INFO] ------------------------------------------------------------------------
[INFO] Total time:  1.551 s
[INFO] Finished at: 2021-02-15T07:38:14Z
[INFO] ------------------------------------------------------------------------
