[INFO] Scanning for projects...
[WARNING] The project junit:junit:jar:4.13.2-SNAPSHOT uses prerequisites which is only intended for maven-plugin projects but not for non maven-plugin projects. For such purposes you should use the maven-enforcer-plugin. See https://maven.apache.org/enforcer/enforcer-rules/requireMavenVersion.html
[INFO] 
[INFO] ----------------------------< junit:junit >-----------------------------
[INFO] Building JUnit 4.13.2-SNAPSHOT
[INFO] --------------------------------[ jar ]---------------------------------
[INFO] 
[INFO] --- maven-enforcer-plugin:1.4:enforce (enforce-versions) @ junit ---
[INFO] 
[INFO] --- replacer:1.5.3:replace (default) @ junit ---
[INFO] Replacement run on 1 file.
[INFO] 
[INFO] --- maven-resources-plugin:2.7:resources (default-resources) @ junit ---
[INFO] Using 'ISO-8859-1' encoding to copy filtered resources.
[INFO] Copying 2 resources
[INFO] Copying 1 resource
[INFO] 
[INFO] --- maven-compiler-plugin:3.3:compile (default-compile) @ junit ---
[INFO] Changes detected - recompiling the module!
[INFO] Compiling 217 source files to /workdir/junit4/target/classes
[WARNING] To suppress warnings about obsolete options, use -Xlint:-options.
/workdir/junit4/src/main/java/junit/extensions/TestDecorator.java:[3,22] [deprecation] Assert in junit.framework has been deprecated
[WARNING] /workdir/junit4/src/main/java/org/junit/internal/runners/statements/FailOnTimeout.java:[109,11] no description for @param
[WARNING] /workdir/junit4/src/main/java/org/junit/runner/notification/SynchronizedRunListener.java:[67,7] no description for @throws
[WARNING] /workdir/junit4/src/main/java/org/junit/internal/Classes.java:[24,7] no description for @throws
[WARNING] /workdir/junit4/src/main/java/org/junit/internal/Classes.java:[37,7] no description for @throws
[WARNING] /workdir/junit4/src/main/java/org/junit/runner/FilterFactories.java:[19,7] no description for @throws
[WARNING] /workdir/junit4/src/main/java/org/junit/runner/JUnitCore.java:[66,7] no description for @param
[WARNING] /workdir/junit4/src/main/java/org/junit/runners/model/FrameworkMember.java:[33,19] [unchecked] unchecked cast
[WARNING]   required: T
  found:    FrameworkMember<T>
  where T is a type-variable:
    T extends FrameworkMember<T> declared in class FrameworkMember
/workdir/junit4/src/main/java/org/junit/rules/ErrorCollector.java:[77,16] [deprecation] <T>assertThat(String,T,Matcher<? super T>) in Assert has been deprecated
[WARNING]   where T is a type-variable:
    T extends Object declared in method <T>assertThat(String,T,Matcher<? super T>)
/workdir/junit4/src/main/java/org/junit/rules/ExpectedException.java:[271,12] [deprecation] <T>assertThat(T,Matcher<? super T>) in Assert has been deprecated
[WARNING]   where T is a type-variable:
    T extends Object declared in method <T>assertThat(T,Matcher<? super T>)
/workdir/junit4/src/main/java/org/junit/validator/AnnotationValidatorFactory.java:[31,59] [deprecation] newInstance() in Class has been deprecated
[WARNING]   where T is a type-variable:
    T extends Object declared in class Class
/workdir/junit4/src/main/java/org/junit/experimental/theories/internal/Assignments.java:[122,18] [deprecation] newInstance() in Class has been deprecated
[WARNING]   where T is a type-variable:
    T extends Object declared in class Class
/workdir/junit4/src/main/java/org/junit/runners/Parameterized.java:[406,35] [deprecation] newInstance() in Class has been deprecated
[WARNING]   where T is a type-variable:
    T extends Object declared in class Class
/workdir/junit4/src/main/java/org/junit/runners/parameterized/BlockJUnit4ClassRunnerWithParameters.java:[69,64] [deprecation] newInstance() in Class has been deprecated
[INFO] 
[INFO] --- maven-resources-plugin:2.7:testResources (default-testResources) @ junit ---
[INFO] Using 'ISO-8859-1' encoding to copy filtered resources.
[INFO] Copying 7 resources
[INFO] 
[INFO] --- maven-compiler-plugin:3.3:testCompile (default-testCompile) @ junit ---
[INFO] Changes detected - recompiling the module!
[INFO] Compiling 251 source files to /workdir/junit4/target/test-classes
[WARNING] To suppress warnings about obsolete options, use -Xlint:-options.
/workdir/junit4/src/test/java/org/junit/tests/deprecated/JUnit4ClassRunnerTest.java:[8,33] [deprecation] JUnit4ClassRunner in org.junit.internal.runners has been deprecated
[WARNING] /workdir/junit4/src/test/java/org/junit/rules/TestWatchmanTest.java:[3,29] [deprecation] Assert in junit.framework has been deprecated
[WARNING] /workdir/junit4/src/test/java/org/junit/tests/validation/BadlyFormedClassesTest.java:[9,33] [deprecation] JUnit4ClassRunner in org.junit.internal.runners has been deprecated
[WARNING] /workdir/junit4/src/test/java/org/junit/rules/TestWatcherTest.java:[359,52] [deprecation] none() in ExpectedException has been deprecated
[WARNING] /workdir/junit4/src/test/java/org/junit/rules/ExternalResourceRuleTest.java:[140,64] [deprecation] AssumptionViolatedException(String) in AssumptionViolatedException has been deprecated
[WARNING] /workdir/junit4/src/test/java/org/junit/tests/description/TestDescriptionTest.java:[12,78] [deprecation] Integer(int) in Integer has been deprecated
[WARNING] /workdir/junit4/src/test/java/org/junit/tests/running/methods/ExpectedTest.java:[75,18] [deprecation] AssumptionViolatedException(String) in AssumptionViolatedException has been deprecated
[WARNING] /workdir/junit4/src/test/java/org/junit/runners/model/FrameworkFieldTest.java:[19,44] [deprecation] none() in ExpectedException has been deprecated
[WARNING] /workdir/junit4/src/test/java/org/junit/samples/ListTest.java:[88,21] [deprecation] Integer(int) in Integer has been deprecated
[WARNING] /workdir/junit4/src/test/java/org/junit/rules/LoggingTestWatcher.java:[29,19] [deprecation] skipped(AssumptionViolatedException,Description) in TestWatcher has been deprecated
[WARNING] /workdir/junit4/src/test/java/org/junit/runner/FilterFactoriesTest.java:[19,66] [deprecation] none() in ExpectedException has been deprecated
[WARNING] /workdir/junit4/src/test/java/org/junit/rules/TemporaryFolderUsageTest.java:[27,61] [deprecation] none() in ExpectedException has been deprecated
[WARNING] /workdir/junit4/src/test/java/org/junit/tests/assertion/AssertionTest.java:[220,21] [deprecation] Integer(int) in Integer has been deprecated
[WARNING] /workdir/junit4/src/test/java/org/junit/tests/assertion/AssertionTest.java:[220,37] [deprecation] Long(long) in Long has been deprecated
[WARNING] /workdir/junit4/src/test/java/org/junit/tests/assertion/AssertionTest.java:[681,30] [deprecation] Integer(int) in Integer has been deprecated
[WARNING] /workdir/junit4/src/test/java/org/junit/tests/assertion/AssertionTest.java:[697,12] [deprecation] <T>assertThat(String,T,Matcher<? super T>) in Assert has been deprecated
[WARNING]   where T is a type-variable:
    T extends Object declared in method <T>assertThat(String,T,Matcher<? super T>)
/workdir/junit4/src/test/java/org/junit/tests/assertion/AssertionTest.java:[710,12] [deprecation] <T>assertThat(String,T,Matcher<? super T>) in Assert has been deprecated
[WARNING]   where T is a type-variable:
    T extends Object declared in method <T>assertThat(String,T,Matcher<? super T>)
/workdir/junit4/src/test/java/org/junit/tests/assertion/AssertionTest.java:[726,12] [deprecation] <T>assertThat(T,Matcher<? super T>) in Assert has been deprecated
[WARNING]   where T is a type-variable:
    T extends Object declared in method <T>assertThat(T,Matcher<? super T>)
/workdir/junit4/src/test/java/org/junit/tests/assertion/AssertionTest.java:[791,25] [deprecation] Integer(int) in Integer has been deprecated
[WARNING] /workdir/junit4/src/test/java/org/junit/tests/assertion/AssertionTest.java:[792,25] [deprecation] Integer(int) in Integer has been deprecated
[WARNING] /workdir/junit4/src/test/java/org/junit/tests/assertion/AssertionTest.java:[807,25] [deprecation] Integer(int) in Integer has been deprecated
[WARNING] /workdir/junit4/src/test/java/org/junit/tests/assertion/AssertionTest.java:[808,25] [deprecation] Integer(int) in Integer has been deprecated
[WARNING] /workdir/junit4/src/test/java/org/junit/experimental/categories/JavadocTest.java:[67,8] [deprecation] <T>assertThat(String,T,Matcher<? super T>) in Assert has been deprecated
[WARNING]   where T is a type-variable:
    T extends Object declared in method <T>assertThat(String,T,Matcher<? super T>)
/workdir/junit4/src/test/java/org/junit/experimental/categories/JavadocTest.java:[68,8] [deprecation] <T>assertThat(String,T,Matcher<? super T>) in Assert has been deprecated
[WARNING]   where T is a type-variable:
    T extends Object declared in method <T>assertThat(String,T,Matcher<? super T>)
/workdir/junit4/src/test/java/org/junit/experimental/categories/JavadocTest.java:[75,8] [deprecation] <T>assertThat(String,T,Matcher<? super T>) in Assert has been deprecated
[WARNING]   where T is a type-variable:
    T extends Object declared in method <T>assertThat(String,T,Matcher<? super T>)
/workdir/junit4/src/test/java/org/junit/experimental/categories/JavadocTest.java:[76,8] [deprecation] <T>assertThat(String,T,Matcher<? super T>) in Assert has been deprecated
[WARNING]   where T is a type-variable:
    T extends Object declared in method <T>assertThat(String,T,Matcher<? super T>)
/workdir/junit4/src/test/java/org/junit/experimental/categories/MultiCategoryTest.java:[36,8] [deprecation] <T>assertThat(String,T,Matcher<? super T>) in Assert has been deprecated
[WARNING]   where T is a type-variable:
    T extends Object declared in method <T>assertThat(String,T,Matcher<? super T>)
/workdir/junit4/src/test/java/org/junit/experimental/categories/MultiCategoryTest.java:[37,8] [deprecation] <T>assertThat(String,T,Matcher<? super T>) in Assert has been deprecated
[WARNING]   where T is a type-variable:
    T extends Object declared in method <T>assertThat(String,T,Matcher<? super T>)
/workdir/junit4/src/test/java/org/junit/experimental/categories/MultiCategoryTest.java:[38,8] [deprecation] <T>assertThat(String,T,Matcher<? super T>) in Assert has been deprecated
[WARNING]   where T is a type-variable:
    T extends Object declared in method <T>assertThat(String,T,Matcher<? super T>)
/workdir/junit4/src/test/java/org/junit/experimental/categories/MultiCategoryTest.java:[72,8] [deprecation] <T>assertThat(String,T,Matcher<? super T>) in Assert has been deprecated
[WARNING]   where T is a type-variable:
    T extends Object declared in method <T>assertThat(String,T,Matcher<? super T>)
/workdir/junit4/src/test/java/org/junit/experimental/categories/MultiCategoryTest.java:[73,8] [deprecation] <T>assertThat(String,T,Matcher<? super T>) in Assert has been deprecated
[WARNING]   where T is a type-variable:
    T extends Object declared in method <T>assertThat(String,T,Matcher<? super T>)
/workdir/junit4/src/test/java/org/junit/experimental/categories/MultiCategoryTest.java:[74,8] [deprecation] <T>assertThat(String,T,Matcher<? super T>) in Assert has been deprecated
[WARNING]   where T is a type-variable:
    T extends Object declared in method <T>assertThat(String,T,Matcher<? super T>)
/workdir/junit4/src/test/java/org/junit/experimental/categories/MultiCategoryTest.java:[80,8] [deprecation] <T>assertThat(String,T,Matcher<? super T>) in Assert has been deprecated
[WARNING]   where T is a type-variable:
    T extends Object declared in method <T>assertThat(String,T,Matcher<? super T>)
/workdir/junit4/src/test/java/org/junit/experimental/categories/MultiCategoryTest.java:[81,8] [deprecation] <T>assertThat(String,T,Matcher<? super T>) in Assert has been deprecated
[WARNING]   where T is a type-variable:
    T extends Object declared in method <T>assertThat(String,T,Matcher<? super T>)
/workdir/junit4/src/test/java/org/junit/experimental/categories/MultiCategoryTest.java:[82,8] [deprecation] <T>assertThat(String,T,Matcher<? super T>) in Assert has been deprecated
[WARNING]   where T is a type-variable:
    T extends Object declared in method <T>assertThat(String,T,Matcher<? super T>)
/workdir/junit4/src/test/java/org/junit/experimental/categories/MultiCategoryTest.java:[88,8] [deprecation] <T>assertThat(String,T,Matcher<? super T>) in Assert has been deprecated
[WARNING]   where T is a type-variable:
    T extends Object declared in method <T>assertThat(String,T,Matcher<? super T>)
/workdir/junit4/src/test/java/org/junit/experimental/categories/MultiCategoryTest.java:[89,8] [deprecation] <T>assertThat(String,T,Matcher<? super T>) in Assert has been deprecated
[WARNING]   where T is a type-variable:
    T extends Object declared in method <T>assertThat(String,T,Matcher<? super T>)
/workdir/junit4/src/test/java/org/junit/experimental/categories/MultiCategoryTest.java:[90,8] [deprecation] <T>assertThat(String,T,Matcher<? super T>) in Assert has been deprecated
[WARNING]   where T is a type-variable:
    T extends Object declared in method <T>assertThat(String,T,Matcher<? super T>)
/workdir/junit4/src/test/java/org/junit/experimental/categories/MultiCategoryTest.java:[96,8] [deprecation] <T>assertThat(String,T,Matcher<? super T>) in Assert has been deprecated
[WARNING]   where T is a type-variable:
    T extends Object declared in method <T>assertThat(String,T,Matcher<? super T>)
/workdir/junit4/src/test/java/org/junit/experimental/categories/MultiCategoryTest.java:[97,8] [deprecation] <T>assertThat(String,T,Matcher<? super T>) in Assert has been deprecated
[WARNING]   where T is a type-variable:
    T extends Object declared in method <T>assertThat(String,T,Matcher<? super T>)
/workdir/junit4/src/test/java/org/junit/experimental/categories/MultiCategoryTest.java:[98,8] [deprecation] <T>assertThat(String,T,Matcher<? super T>) in Assert has been deprecated
[WARNING]   where T is a type-variable:
    T extends Object declared in method <T>assertThat(String,T,Matcher<? super T>)
/workdir/junit4/src/test/java/org/junit/runner/JUnitCommandLineParseResultTest.java:[18,66] [deprecation] none() in ExpectedException has been deprecated
[WARNING] /workdir/junit4/src/test/java/org/junit/runners/parameterized/TestWithParametersTest.java:[26,44] [deprecation] none() in ExpectedException has been deprecated
[WARNING] /workdir/junit4/src/test/java/org/junit/runners/parameterized/TestWithParametersTest.java:[109,30] [deprecation] Integer(int) in Integer has been deprecated
[WARNING] /workdir/junit4/src/test/java/junit/tests/framework/AssertTest.java:[143,23] [deprecation] Integer(int) in Integer has been deprecated
[WARNING] /workdir/junit4/src/test/java/junit/tests/framework/AssertTest.java:[143,39] [deprecation] Integer(int) in Integer has been deprecated
[WARNING] /workdir/junit4/src/test/java/junit/tests/framework/AssertTest.java:[151,22] [deprecation] Integer(int) in Integer has been deprecated
[WARNING] /workdir/junit4/src/test/java/junit/tests/framework/AssertTest.java:[152,28] [deprecation] Integer(int) in Integer has been deprecated
[WARNING] /workdir/junit4/src/test/java/junit/tests/framework/AssertTest.java:[153,22] [deprecation] Integer(int) in Integer has been deprecated
[WARNING] /workdir/junit4/src/test/java/junit/tests/framework/AssertTest.java:[153,38] [deprecation] Integer(int) in Integer has been deprecated
[WARNING] /workdir/junit4/src/test/java/junit/tests/framework/AssertTest.java:[155,26] [deprecation] Integer(int) in Integer has been deprecated
[WARNING] /workdir/junit4/src/test/java/org/junit/validator/AnnotationValidatorFactoryTest.java:[13,58] [deprecation] none() in ExpectedException has been deprecated
[WARNING] /workdir/junit4/src/test/java/org/junit/runners/parameterized/BlockJUnit4ClassRunnerWithParametersTest.java:[27,44] [deprecation] none() in ExpectedException has been deprecated
[WARNING] /workdir/junit4/src/test/java/org/junit/samples/SimpleTest.java:[41,21] [deprecation] Long(long) in Long has been deprecated
[WARNING] /workdir/junit4/src/test/java/org/junit/samples/SimpleTest.java:[41,35] [deprecation] Long(long) in Long has been deprecated
[WARNING] /workdir/junit4/src/test/java/org/junit/experimental/categories/CategoryTest.java:[201,33] [deprecation] CategoryFilter(Class<?>,Class<?>) in CategoryFilter has been deprecated
[WARNING] /workdir/junit4/src/test/java/org/junit/experimental/categories/CategoryTest.java:[220,32] [deprecation] CategoryFilter(Class<?>,Class<?>) in CategoryFilter has been deprecated
[WARNING] /workdir/junit4/src/test/java/org/junit/internal/runners/statements/ExpectExceptionTest.java:[20,38] [deprecation] AssumptionViolatedException(String) in AssumptionViolatedException has been deprecated
[WARNING] /workdir/junit4/src/test/java/org/junit/internal/runners/statements/ExpectExceptionTest.java:[85,12] [deprecation] AssumptionViolatedException(String) in AssumptionViolatedException has been deprecated
[WARNING] /workdir/junit4/src/test/java/org/junit/rules/ErrorCollectorTest.java:[136,31] [deprecation] AssumptionViolatedException(String) in AssumptionViolatedException has been deprecated
[WARNING] /workdir/junit4/src/test/java/org/junit/rules/ErrorCollectorTest.java:[232,26] [deprecation] AssumptionViolatedException(String) in AssumptionViolatedException has been deprecated
[WARNING] /workdir/junit4/src/test/java/org/junit/tests/experimental/theories/internal/AllMembersSupplierTest.java:[25,57] [deprecation] none() in ExpectedException has been deprecated
[WARNING] /workdir/junit4/src/test/java/org/junit/rules/ExpectedExceptionTest.java:[117,42] [deprecation] none() in ExpectedException has been deprecated
[WARNING] /workdir/junit4/src/test/java/org/junit/rules/ExpectedExceptionTest.java:[126,42] [deprecation] none() in ExpectedException has been deprecated
[WARNING] /workdir/junit4/src/test/java/org/junit/rules/ExpectedExceptionTest.java:[137,42] [deprecation] none() in ExpectedException has been deprecated
[WARNING] /workdir/junit4/src/test/java/org/junit/rules/ExpectedExceptionTest.java:[149,42] [deprecation] none() in ExpectedException has been deprecated
[WARNING] /workdir/junit4/src/test/java/org/junit/rules/ExpectedExceptionTest.java:[160,42] [deprecation] none() in ExpectedException has been deprecated
[WARNING] /workdir/junit4/src/test/java/org/junit/rules/ExpectedExceptionTest.java:[171,42] [deprecation] none() in ExpectedException has been deprecated
[WARNING] /workdir/junit4/src/test/java/org/junit/rules/ExpectedExceptionTest.java:[181,42] [deprecation] none() in ExpectedException has been deprecated
[WARNING] /workdir/junit4/src/test/java/org/junit/rules/ExpectedExceptionTest.java:[191,42] [deprecation] none() in ExpectedException has been deprecated
[WARNING] /workdir/junit4/src/test/java/org/junit/rules/ExpectedExceptionTest.java:[203,42] [deprecation] none() in ExpectedException has been deprecated
[WARNING] /workdir/junit4/src/test/java/org/junit/rules/ExpectedExceptionTest.java:[214,42] [deprecation] none() in ExpectedException has been deprecated
[WARNING] /workdir/junit4/src/test/java/org/junit/rules/ExpectedExceptionTest.java:[225,42] [deprecation] none() in ExpectedException has been deprecated
[WARNING] /workdir/junit4/src/test/java/org/junit/rules/ExpectedExceptionTest.java:[236,42] [deprecation] none() in ExpectedException has been deprecated
[WARNING] /workdir/junit4/src/test/java/org/junit/rules/ExpectedExceptionTest.java:[247,42] [deprecation] none() in ExpectedException has been deprecated
[WARNING] /workdir/junit4/src/test/java/org/junit/rules/ExpectedExceptionTest.java:[260,42] [deprecation] none() in ExpectedException has been deprecated
[WARNING] /workdir/junit4/src/test/java/org/junit/rules/ExpectedExceptionTest.java:[270,42] [deprecation] none() in ExpectedException has been deprecated
[WARNING] /workdir/junit4/src/test/java/org/junit/rules/ExpectedExceptionTest.java:[281,42] [deprecation] none() in ExpectedException has been deprecated
[WARNING] /workdir/junit4/src/test/java/org/junit/rules/ExpectedExceptionTest.java:[292,42] [deprecation] none() in ExpectedException has been deprecated
[WARNING] /workdir/junit4/src/test/java/org/junit/rules/ExpectedExceptionTest.java:[308,42] [deprecation] none() in ExpectedException has been deprecated
[WARNING] /workdir/junit4/src/test/java/org/junit/rules/ExpectedExceptionTest.java:[323,59] [deprecation] none() in ExpectedException has been deprecated
[WARNING] /workdir/junit4/src/test/java/org/junit/rules/ExpectedExceptionTest.java:[338,58] [deprecation] none() in ExpectedException has been deprecated
[WARNING] /workdir/junit4/src/test/java/org/junit/rules/ExpectedExceptionTest.java:[349,59] [deprecation] none() in ExpectedException has been deprecated
[WARNING] /workdir/junit4/src/test/java/org/junit/rules/ExpectedExceptionTest.java:[362,58] [deprecation] none() in ExpectedException has been deprecated
[WARNING] /workdir/junit4/src/test/java/org/junit/rules/ExpectedExceptionTest.java:[377,59] [deprecation] none() in ExpectedException has been deprecated
[WARNING] /workdir/junit4/src/test/java/junit/samples/SimpleTest.java:[63,21] [deprecation] Long(long) in Long has been deprecated
[WARNING] /workdir/junit4/src/test/java/junit/samples/SimpleTest.java:[63,35] [deprecation] Long(long) in Long has been deprecated
[WARNING] /workdir/junit4/src/test/java/org/junit/experimental/categories/CategoryFilterFactoryTest.java:[20,66] [deprecation] none() in ExpectedException has been deprecated
[WARNING] /workdir/junit4/src/test/java/org/junit/tests/experimental/theories/runner/WithParameterSupplier.java:[26,57] [deprecation] none() in ExpectedException has been deprecated
[WARNING] /workdir/junit4/src/test/java/org/junit/runners/model/TestClassTest.java:[23,58] [deprecation] none() in ExpectedException has been deprecated
[WARNING] /workdir/junit4/src/test/java/org/junit/tests/description/SuiteDescriptionTest.java:[23,35] [deprecation] Integer(int) in Integer has been deprecated
[WARNING] /workdir/junit4/src/test/java/org/junit/runners/model/FrameworkMethodTest.java:[19,44] [deprecation] none() in ExpectedException has been deprecated
[WARNING] /workdir/junit4/src/test/java/org/junit/tests/assertion/MultipleFailureExceptionTest.java:[91,66] [deprecation] AssumptionViolatedException(String) in AssumptionViolatedException has been deprecated
[INFO] 
[INFO] --- maven-surefire-plugin:2.19.1:test (default-test) @ junit ---

-------------------------------------------------------
 T E S T S
-------------------------------------------------------
Running org.junit.tests.assertion.AssertionTest
Tests run: 98, Failures: 0, Errors: 0, Skipped: 0, Time elapsed: 0.016 sec - in org.junit.tests.assertion.AssertionTest
Running org.junit.tests.assertion.ComparisonFailureTest
Tests run: 12, Failures: 0, Errors: 0, Skipped: 0, Time elapsed: 0 sec - in org.junit.tests.assertion.ComparisonFailureTest
Running org.junit.tests.assertion.MultipleFailureExceptionTest
Tests run: 6, Failures: 0, Errors: 0, Skipped: 0, Time elapsed: 0.001 sec - in org.junit.tests.assertion.MultipleFailureExceptionTest
Running org.junit.tests.deprecated.JUnit4ClassRunnerTest
Tests run: 2, Failures: 0, Errors: 0, Skipped: 0, Time elapsed: 0 sec - in org.junit.tests.deprecated.JUnit4ClassRunnerTest
Running org.junit.tests.description.AnnotatedDescriptionTest
Tests run: 6, Failures: 0, Errors: 0, Skipped: 0, Time elapsed: 0.001 sec - in org.junit.tests.description.AnnotatedDescriptionTest
Running org.junit.tests.description.SuiteDescriptionTest
Tests run: 2, Failures: 0, Errors: 0, Skipped: 0, Time elapsed: 0 sec - in org.junit.tests.description.SuiteDescriptionTest
Running org.junit.tests.description.TestDescriptionMethodNameTest
Tests run: 11, Failures: 0, Errors: 0, Skipped: 0, Time elapsed: 0 sec - in org.junit.tests.description.TestDescriptionMethodNameTest
Running org.junit.tests.description.TestDescriptionTest
Tests run: 3, Failures: 0, Errors: 0, Skipped: 0, Time elapsed: 0 sec - in org.junit.tests.description.TestDescriptionTest
Running org.junit.experimental.categories.CategoriesAndParameterizedTest
Tests run: 3, Failures: 0, Errors: 0, Skipped: 0, Time elapsed: 0 sec - in org.junit.experimental.categories.CategoriesAndParameterizedTest
Running org.junit.experimental.categories.CategoryFilterFactoryTest
Tests run: 2, Failures: 0, Errors: 0, Skipped: 0, Time elapsed: 0 sec - in org.junit.experimental.categories.CategoryFilterFactoryTest
Running org.junit.experimental.categories.CategoryTest
Tests run: 26, Failures: 0, Errors: 0, Skipped: 0, Time elapsed: 0.009 sec - in org.junit.experimental.categories.CategoryTest
Running org.junit.experimental.categories.CategoryValidatorTest
Tests run: 5, Failures: 0, Errors: 0, Skipped: 0, Time elapsed: 0.012 sec - in org.junit.experimental.categories.CategoryValidatorTest
Running org.junit.experimental.categories.JavadocTest
Tests run: 2, Failures: 0, Errors: 0, Skipped: 0, Time elapsed: 0.005 sec - in org.junit.experimental.categories.JavadocTest
Running org.junit.experimental.categories.MultiCategoryTest
Tests run: 5, Failures: 0, Errors: 0, Skipped: 0, Time elapsed: 0.01 sec - in org.junit.experimental.categories.MultiCategoryTest
Running org.junit.tests.experimental.max.DescriptionTest
Tests run: 9, Failures: 0, Errors: 0, Skipped: 0, Time elapsed: 0.011 sec - in org.junit.tests.experimental.max.DescriptionTest
Running org.junit.tests.experimental.max.JUnit38SortingTest
Tests run: 1, Failures: 0, Errors: 0, Skipped: 0, Time elapsed: 0.011 sec - in org.junit.tests.experimental.max.JUnit38SortingTest
Running org.junit.tests.experimental.max.MaxStarterTest
Tests run: 16, Failures: 0, Errors: 0, Skipped: 0, Time elapsed: 0.386 sec - in org.junit.tests.experimental.max.MaxStarterTest
Running org.junit.tests.experimental.parallel.ParallelClassTest
Tests run: 1, Failures: 0, Errors: 0, Skipped: 0, Time elapsed: 0.003 sec - in org.junit.tests.experimental.parallel.ParallelClassTest
Running org.junit.tests.experimental.parallel.ParallelMethodTest
Tests run: 1, Failures: 0, Errors: 0, Skipped: 0, Time elapsed: 0.014 sec - in org.junit.tests.experimental.parallel.ParallelMethodTest
Running org.junit.tests.experimental.results.PrintableResultTest
Tests run: 2, Failures: 0, Errors: 0, Skipped: 0, Time elapsed: 0.002 sec - in org.junit.tests.experimental.results.PrintableResultTest
Running org.junit.tests.experimental.results.ResultMatchersTest
Tests run: 3, Failures: 0, Errors: 0, Skipped: 0, Time elapsed: 0 sec - in org.junit.tests.experimental.results.ResultMatchersTest
Running org.junit.tests.experimental.theories.internal.AllMembersSupplierTest
Tests run: 10, Failures: 0, Errors: 0, Skipped: 0, Time elapsed: 0 sec - in org.junit.tests.experimental.theories.internal.AllMembersSupplierTest
Running org.junit.tests.experimental.theories.internal.ParameterizedAssertionErrorTest
Tests run: 7, Failures: 0, Errors: 0, Skipped: 0, Time elapsed: 0 sec - in org.junit.tests.experimental.theories.internal.ParameterizedAssertionErrorTest
Running org.junit.tests.experimental.theories.internal.SpecificDataPointsSupplierTest
Tests run: 6, Failures: 0, Errors: 0, Skipped: 0, Time elapsed: 0.015 sec - in org.junit.tests.experimental.theories.internal.SpecificDataPointsSupplierTest
Running org.junit.tests.experimental.theories.runner.FailingDataPointMethods
Tests run: 6, Failures: 0, Errors: 0, Skipped: 0, Time elapsed: 0 sec - in org.junit.tests.experimental.theories.runner.FailingDataPointMethods
Running org.junit.tests.experimental.theories.runner.SuccessfulWithDataPointFields$StaticPublicNonDataPoints
Tests run: 1, Failures: 0, Errors: 0, Skipped: 0, Time elapsed: 0 sec - in org.junit.tests.experimental.theories.runner.SuccessfulWithDataPointFields$StaticPublicNonDataPoints
Running org.junit.tests.experimental.theories.runner.SuccessfulWithDataPointFields$OneTestTwoAnnotations
Tests run: 1, Failures: 0, Errors: 0, Skipped: 0, Time elapsed: 0 sec - in org.junit.tests.experimental.theories.runner.SuccessfulWithDataPointFields$OneTestTwoAnnotations
Running org.junit.tests.experimental.theories.runner.SuccessfulWithDataPointFields$BeforeAndAfterEachTime
Tests run: 1, Failures: 0, Errors: 0, Skipped: 0, Time elapsed: 0 sec - in org.junit.tests.experimental.theories.runner.SuccessfulWithDataPointFields$BeforeAndAfterEachTime
Running org.junit.tests.experimental.theories.runner.SuccessfulWithDataPointFields$DifferentTypesInConstructor
Tests run: 1, Failures: 0, Errors: 0, Skipped: 0, Time elapsed: 0 sec - in org.junit.tests.experimental.theories.runner.SuccessfulWithDataPointFields$DifferentTypesInConstructor
Running org.junit.tests.experimental.theories.runner.SuccessfulWithDataPointFields$PositiveIntsWithMethodParams
Tests run: 1, Failures: 0, Errors: 0, Skipped: 0, Time elapsed: 0 sec - in org.junit.tests.experimental.theories.runner.SuccessfulWithDataPointFields$PositiveIntsWithMethodParams
Running org.junit.tests.experimental.theories.runner.SuccessfulWithDataPointFields$PositiveIntsWithNegativeField
Tests run: 1, Failures: 0, Errors: 0, Skipped: 0, Time elapsed: 0 sec - in org.junit.tests.experimental.theories.runner.SuccessfulWithDataPointFields$PositiveIntsWithNegativeField
Running org.junit.tests.experimental.theories.runner.SuccessfulWithDataPointFields$PositiveInts
Tests run: 1, Failures: 0, Errors: 0, Skipped: 0, Time elapsed: 0 sec - in org.junit.tests.experimental.theories.runner.SuccessfulWithDataPointFields$PositiveInts
Running org.junit.tests.experimental.theories.runner.SuccessfulWithDataPointFields$NewObjectEachTime
Tests run: 1, Failures: 0, Errors: 0, Skipped: 0, Time elapsed: 0 sec - in org.junit.tests.experimental.theories.runner.SuccessfulWithDataPointFields$NewObjectEachTime
Running org.junit.tests.experimental.theories.runner.SuccessfulWithDataPointFields$BeforeAndAfterOnSameInstance
Tests run: 1, Failures: 0, Errors: 0, Skipped: 0, Time elapsed: 0 sec - in org.junit.tests.experimental.theories.runner.SuccessfulWithDataPointFields$BeforeAndAfterOnSameInstance
Running org.junit.tests.experimental.theories.runner.SuccessfulWithDataPointFields$HasATwoParameterTheory
Tests run: 1, Failures: 0, Errors: 0, Skipped: 0, Time elapsed: 0 sec - in org.junit.tests.experimental.theories.runner.SuccessfulWithDataPointFields$HasATwoParameterTheory
Running org.junit.tests.experimental.theories.runner.TheoriesPerformanceTest
Tests run: 1, Failures: 0, Errors: 0, Skipped: 1, Time elapsed: 0 sec - in org.junit.tests.experimental.theories.runner.TheoriesPerformanceTest
Running org.junit.tests.experimental.theories.runner.TypeMatchingBetweenMultiDataPointsMethod
Tests run: 2, Failures: 0, Errors: 0, Skipped: 0, Time elapsed: 0 sec - in org.junit.tests.experimental.theories.runner.TypeMatchingBetweenMultiDataPointsMethod
Running org.junit.tests.experimental.theories.runner.UnsuccessfulWithDataPointFields
Tests run: 10, Failures: 0, Errors: 0, Skipped: 0, Time elapsed: 0 sec - in org.junit.tests.experimental.theories.runner.UnsuccessfulWithDataPointFields
Running org.junit.tests.experimental.theories.runner.WhenNoParametersMatch
Tests run: 1, Failures: 0, Errors: 0, Skipped: 0, Time elapsed: 0 sec - in org.junit.tests.experimental.theories.runner.WhenNoParametersMatch
Running org.junit.tests.experimental.theories.runner.WithAutoGeneratedDataPoints
Tests run: 4, Failures: 0, Errors: 0, Skipped: 0, Time elapsed: 0 sec - in org.junit.tests.experimental.theories.runner.WithAutoGeneratedDataPoints
Running org.junit.tests.experimental.theories.runner.WithDataPointMethod
Tests run: 4, Failures: 0, Errors: 0, Skipped: 0, Time elapsed: 0.001 sec - in org.junit.tests.experimental.theories.runner.WithDataPointMethod
Running org.junit.tests.experimental.theories.runner.WithExtendedParameterSources
Tests run: 8, Failures: 0, Errors: 0, Skipped: 0, Time elapsed: 0.007 sec - in org.junit.tests.experimental.theories.runner.WithExtendedParameterSources
Running org.junit.tests.experimental.theories.runner.WithNamedDataPoints
Tests run: 1, Failures: 0, Errors: 0, Skipped: 0, Time elapsed: 0 sec - in org.junit.tests.experimental.theories.runner.WithNamedDataPoints
Running org.junit.tests.experimental.theories.runner.WithOnlyTestAnnotations
Tests run: 4, Failures: 0, Errors: 0, Skipped: 0, Time elapsed: 0.016 sec - in org.junit.tests.experimental.theories.runner.WithOnlyTestAnnotations
Running org.junit.tests.experimental.theories.runner.WithParameterSupplier
Tests run: 4, Failures: 0, Errors: 0, Skipped: 0, Time elapsed: 0.003 sec - in org.junit.tests.experimental.theories.runner.WithParameterSupplier
Running org.junit.tests.experimental.theories.runner.WithUnresolvedGenericTypeVariablesOnTheoryParms
Tests run: 9, Failures: 0, Errors: 0, Skipped: 0, Time elapsed: 0.021 sec - in org.junit.tests.experimental.theories.runner.WithUnresolvedGenericTypeVariablesOnTheoryParms
Running org.junit.tests.experimental.theories.ParameterSignatureTest
Tests run: 5, Failures: 0, Errors: 0, Skipped: 0, Time elapsed: 0 sec - in org.junit.tests.experimental.theories.ParameterSignatureTest
Running org.junit.tests.experimental.theories.TestedOnSupplierTest
Tests run: 1, Failures: 0, Errors: 0, Skipped: 0, Time elapsed: 0 sec - in org.junit.tests.experimental.theories.TestedOnSupplierTest
Running org.junit.tests.experimental.theories.AssumingInTheoriesTest
Tests run: 2, Failures: 0, Errors: 0, Skipped: 0, Time elapsed: 0 sec - in org.junit.tests.experimental.theories.AssumingInTheoriesTest
Running org.junit.tests.experimental.theories.PotentialAssignmentTest
Tests run: 4, Failures: 0, Errors: 0, Skipped: 0, Time elapsed: 0.006 sec - in org.junit.tests.experimental.theories.PotentialAssignmentTest
Running org.junit.tests.experimental.AssumptionTest
Tests run: 20, Failures: 0, Errors: 0, Skipped: 0, Time elapsed: 0 sec - in org.junit.tests.experimental.AssumptionTest
Running org.junit.tests.experimental.MatcherTest
Tests run: 1, Failures: 0, Errors: 0, Skipped: 0, Time elapsed: 0 sec - in org.junit.tests.experimental.MatcherTest
Running org.junit.tests.experimental.theories.extendingwithstubs.StubbedTheoriesTest
Tests run: 1, Failures: 0, Errors: 0, Skipped: 0, Time elapsed: 0 sec - in org.junit.tests.experimental.theories.extendingwithstubs.StubbedTheoriesTest
Running org.junit.internal.builders.AnnotatedBuilderTest
Tests run: 6, Failures: 0, Errors: 0, Skipped: 0, Time elapsed: 0.001 sec - in org.junit.internal.builders.AnnotatedBuilderTest
Running org.junit.internal.ChecksTest
Tests run: 5, Failures: 0, Errors: 0, Skipped: 0, Time elapsed: 0 sec - in org.junit.internal.ChecksTest
Running org.junit.internal.runners.ErrorReportingRunnerTest
Tests run: 6, Failures: 0, Errors: 0, Skipped: 0, Time elapsed: 0 sec - in org.junit.internal.runners.ErrorReportingRunnerTest
Running org.junit.internal.runners.statements.ExpectExceptionTest
Tests run: 4, Failures: 0, Errors: 0, Skipped: 0, Time elapsed: 0 sec - in org.junit.internal.runners.statements.ExpectExceptionTest
Running org.junit.internal.runners.statements.FailOnTimeoutTest
Tests run: 9, Failures: 0, Errors: 0, Skipped: 0, Time elapsed: 0.755 sec - in org.junit.internal.runners.statements.FailOnTimeoutTest
Running org.junit.internal.MethodSorterTest
Tests run: 6, Failures: 0, Errors: 0, Skipped: 0, Time elapsed: 0.004 sec - in org.junit.internal.MethodSorterTest
Running org.junit.internal.matchers.StacktracePrintingMatcherTest
Tests run: 3, Failures: 0, Errors: 0, Skipped: 0, Time elapsed: 0 sec - in org.junit.internal.matchers.StacktracePrintingMatcherTest
Running org.junit.internal.StackTracesTest
Tests run: 9, Failures: 0, Errors: 0, Skipped: 0, Time elapsed: 0.037 sec - in org.junit.internal.StackTracesTest
Running org.junit.internal.matchers.ThrowableCauseMatcherTest
Tests run: 1, Failures: 0, Errors: 0, Skipped: 0, Time elapsed: 0 sec - in org.junit.internal.matchers.ThrowableCauseMatcherTest
Running org.junit.internal.ArrayComparisonFailureTest
Tests run: 2, Failures: 0, Errors: 0, Skipped: 0, Time elapsed: 0.013 sec - in org.junit.internal.ArrayComparisonFailureTest
Running org.junit.tests.junit3compatibility.AllTestsTest
Tests run: 5, Failures: 0, Errors: 0, Skipped: 0, Time elapsed: 0.005 sec - in org.junit.tests.junit3compatibility.AllTestsTest
Running org.junit.tests.junit3compatibility.ClassRequestTest
Tests run: 1, Failures: 0, Errors: 0, Skipped: 0, Time elapsed: 0 sec - in org.junit.tests.junit3compatibility.ClassRequestTest
Running org.junit.tests.junit3compatibility.ForwardCompatibilityPrintingTest
Tests run: 2, Failures: 0, Errors: 0, Skipped: 0, Time elapsed: 0.003 sec - in org.junit.tests.junit3compatibility.ForwardCompatibilityPrintingTest
Running org.junit.tests.junit3compatibility.ForwardCompatibilityTest
Tests run: 12, Failures: 0, Errors: 0, Skipped: 0, Time elapsed: 0.006 sec - in org.junit.tests.junit3compatibility.ForwardCompatibilityTest
Running org.junit.tests.junit3compatibility.InitializationErrorForwardCompatibilityTest
Tests run: 3, Failures: 0, Errors: 0, Skipped: 0, Time elapsed: 0.001 sec - in org.junit.tests.junit3compatibility.InitializationErrorForwardCompatibilityTest
Running org.junit.tests.junit3compatibility.JUnit38ClassRunnerTest
Tests run: 7, Failures: 0, Errors: 0, Skipped: 0, Time elapsed: 0.012 sec - in org.junit.tests.junit3compatibility.JUnit38ClassRunnerTest
Running org.junit.tests.junit3compatibility.JUnit4TestAdapterTest
Tests run: 3, Failures: 0, Errors: 0, Skipped: 0, Time elapsed: 0 sec - in org.junit.tests.junit3compatibility.JUnit4TestAdapterTest
Running org.junit.tests.junit3compatibility.OldTestClassAdaptingListenerTest
Tests run: 1, Failures: 0, Errors: 0, Skipped: 0, Time elapsed: 0 sec - in org.junit.tests.junit3compatibility.OldTestClassAdaptingListenerTest
Running junit.tests.framework.TestCaseTest
Tests run: 14, Failures: 0, Errors: 0, Skipped: 0, Time elapsed: 0.004 sec - in junit.tests.framework.TestCaseTest
Running junit.tests.framework.SuiteTest
Tests run: 11, Failures: 0, Errors: 0, Skipped: 0, Time elapsed: 0.007 sec - in junit.tests.framework.SuiteTest
Running junit.tests.framework.TestListenerTest
Tests run: 3, Failures: 0, Errors: 0, Skipped: 0, Time elapsed: 0 sec - in junit.tests.framework.TestListenerTest
Running junit.tests.framework.AssertionFailedErrorTest
Tests run: 3, Failures: 0, Errors: 0, Skipped: 0, Time elapsed: 0 sec - in junit.tests.framework.AssertionFailedErrorTest
Running junit.tests.framework.AssertTest
Tests run: 16, Failures: 0, Errors: 0, Skipped: 0, Time elapsed: 0 sec - in junit.tests.framework.AssertTest
Running junit.tests.framework.TestImplementorTest
Tests run: 1, Failures: 0, Errors: 0, Skipped: 0, Time elapsed: 0 sec - in junit.tests.framework.TestImplementorTest
Running junit.tests.framework.NoArgTestCaseTest
Tests run: 1, Failures: 0, Errors: 0, Skipped: 0, Time elapsed: 0 sec - in junit.tests.framework.NoArgTestCaseTest
Running junit.tests.framework.ComparisonCompactorTest
Tests run: 19, Failures: 0, Errors: 0, Skipped: 0, Time elapsed: 0 sec - in junit.tests.framework.ComparisonCompactorTest
Running junit.tests.framework.ComparisonFailureTest
Tests run: 4, Failures: 0, Errors: 0, Skipped: 0, Time elapsed: 0 sec - in junit.tests.framework.ComparisonFailureTest
Running junit.tests.framework.DoublePrecisionAssertTest
Tests run: 7, Failures: 0, Errors: 0, Skipped: 0, Time elapsed: 0 sec - in junit.tests.framework.DoublePrecisionAssertTest
Running junit.tests.framework.FloatAssertTest
Tests run: 8, Failures: 0, Errors: 0, Skipped: 0, Time elapsed: 0 sec - in junit.tests.framework.FloatAssertTest
Running junit.tests.runner.StackFilterTest
Tests run: 1, Failures: 0, Errors: 0, Skipped: 0, Time elapsed: 0 sec - in junit.tests.runner.StackFilterTest
Running junit.tests.runner.ResultTest
Tests run: 8, Failures: 0, Errors: 0, Skipped: 0, Time elapsed: 0.06 sec - in junit.tests.runner.ResultTest
Running junit.tests.runner.BaseTestRunnerTest
Tests run: 2, Failures: 0, Errors: 0, Skipped: 0, Time elapsed: 0 sec - in junit.tests.runner.BaseTestRunnerTest
Running junit.tests.runner.TextFeedbackTest
Tests run: 5, Failures: 0, Errors: 0, Skipped: 0, Time elapsed: 0 sec - in junit.tests.runner.TextFeedbackTest
Running junit.tests.runner.TextRunnerSingleMethodTest
Tests run: 1, Failures: 0, Errors: 0, Skipped: 0, Time elapsed: 0.001 sec - in junit.tests.runner.TextRunnerSingleMethodTest
Running junit.tests.runner.TextRunnerTest
Tests run: 4, Failures: 0, Errors: 0, Skipped: 0, Time elapsed: 0.391 sec - in junit.tests.runner.TextRunnerTest
Running junit.tests.extensions.ExtensionTest
Tests run: 4, Failures: 0, Errors: 0, Skipped: 0, Time elapsed: 0.002 sec - in junit.tests.extensions.ExtensionTest
Running junit.tests.extensions.ActiveTestTest
Tests run: 4, Failures: 0, Errors: 0, Skipped: 0, Time elapsed: 0.072 sec - in junit.tests.extensions.ActiveTestTest
Running junit.tests.extensions.RepeatedTestTest
Tests run: 4, Failures: 0, Errors: 0, Skipped: 0, Time elapsed: 0 sec - in junit.tests.extensions.RepeatedTestTest
Running org.junit.tests.junit3compatibility.SuiteMethodTest
Tests run: 5, Failures: 0, Errors: 0, Skipped: 0, Time elapsed: 0.004 sec - in org.junit.tests.junit3compatibility.SuiteMethodTest
Running org.junit.tests.listening.ListenerTest
Tests run: 1, Failures: 0, Errors: 0, Skipped: 0, Time elapsed: 0 sec - in org.junit.tests.listening.ListenerTest
Running org.junit.tests.listening.RunnerTest
Tests run: 3, Failures: 0, Errors: 0, Skipped: 0, Time elapsed: 0 sec - in org.junit.tests.listening.RunnerTest
Running org.junit.tests.listening.TestListenerTest
Tests run: 3, Failures: 0, Errors: 0, Skipped: 0, Time elapsed: 0.001 sec - in org.junit.tests.listening.TestListenerTest
Running org.junit.tests.listening.TextListenerTest
Tests run: 3, Failures: 0, Errors: 0, Skipped: 0, Time elapsed: 0 sec - in org.junit.tests.listening.TextListenerTest
Running org.junit.tests.listening.UserStopTest
Tests run: 2, Failures: 0, Errors: 0, Skipped: 0, Time elapsed: 0 sec - in org.junit.tests.listening.UserStopTest
Running org.junit.tests.manipulation.FilterableTest
Tests run: 1, Failures: 0, Errors: 0, Skipped: 0, Time elapsed: 0 sec - in org.junit.tests.manipulation.FilterableTest
Running org.junit.tests.manipulation.FilterTest
Tests run: 3, Failures: 0, Errors: 0, Skipped: 0, Time elapsed: 0 sec - in org.junit.tests.manipulation.FilterTest
Running org.junit.tests.manipulation.OrderableTest$UnOrderableRunnersAreHandledWithoutCrashing
Tests run: 1, Failures: 0, Errors: 0, Skipped: 0, Time elapsed: 0 sec - in org.junit.tests.manipulation.OrderableTest$UnOrderableRunnersAreHandledWithoutCrashing
Running org.junit.tests.manipulation.OrderableTest$TestClassRunnerIsOrderableWithSuiteMethod
Tests run: 2, Failures: 0, Errors: 0, Skipped: 0, Time elapsed: 0.001 sec - in org.junit.tests.manipulation.OrderableTest$TestClassRunnerIsOrderableWithSuiteMethod
Running org.junit.tests.manipulation.OrderableTest$TestOrderableClassRunnerIsSortable
Tests run: 2, Failures: 0, Errors: 0, Skipped: 0, Time elapsed: 0.001 sec - in org.junit.tests.manipulation.OrderableTest$TestOrderableClassRunnerIsSortable
Running org.junit.tests.manipulation.OrderableTest$TestClassRunnerIsOrderable
Tests run: 5, Failures: 0, Errors: 0, Skipped: 0, Time elapsed: 0 sec - in org.junit.tests.manipulation.OrderableTest$TestClassRunnerIsOrderable
Running org.junit.tests.manipulation.OrderWithTest$UnOrderableRunnersAreHandledWithoutCrashing
Tests run: 1, Failures: 0, Errors: 0, Skipped: 0, Time elapsed: 0 sec - in org.junit.tests.manipulation.OrderWithTest$UnOrderableRunnersAreHandledWithoutCrashing
Running org.junit.tests.manipulation.OrderWithTest$TestClassRunnerIsOrderableWithSuiteMethod
Tests run: 2, Failures: 0, Errors: 0, Skipped: 0, Time elapsed: 0 sec - in org.junit.tests.manipulation.OrderWithTest$TestClassRunnerIsOrderableWithSuiteMethod
Running org.junit.tests.manipulation.OrderWithTest$TestClassRunnerIsSortableViaOrderWith
Tests run: 2, Failures: 0, Errors: 0, Skipped: 0, Time elapsed: 0 sec - in org.junit.tests.manipulation.OrderWithTest$TestClassRunnerIsSortableViaOrderWith
Running org.junit.tests.manipulation.OrderWithTest$TestClassRunnerIsOrderableViaOrderWith
Tests run: 4, Failures: 0, Errors: 0, Skipped: 0, Time elapsed: 0 sec - in org.junit.tests.manipulation.OrderWithTest$TestClassRunnerIsOrderableViaOrderWith
Running org.junit.tests.manipulation.SingleMethodTest
Tests run: 8, Failures: 0, Errors: 0, Skipped: 0, Time elapsed: 0 sec - in org.junit.tests.manipulation.SingleMethodTest
Running org.junit.tests.manipulation.SortableTest$TestOnlySortableClassRunnerIsSortable
Tests run: 2, Failures: 0, Errors: 0, Skipped: 0, Time elapsed: 0 sec - in org.junit.tests.manipulation.SortableTest$TestOnlySortableClassRunnerIsSortable
Running org.junit.tests.manipulation.SortableTest$UnsortableRunnersAreHandledWithoutCrashing
Tests run: 1, Failures: 0, Errors: 0, Skipped: 0, Time elapsed: 0 sec - in org.junit.tests.manipulation.SortableTest$UnsortableRunnersAreHandledWithoutCrashing
Running org.junit.tests.manipulation.SortableTest$TestClassRunnerIsSortableWithSuiteMethod
Tests run: 2, Failures: 0, Errors: 0, Skipped: 0, Time elapsed: 0 sec - in org.junit.tests.manipulation.SortableTest$TestClassRunnerIsSortableWithSuiteMethod
Running org.junit.tests.manipulation.SortableTest$TestClassRunnerIsSortable
Tests run: 5, Failures: 0, Errors: 0, Skipped: 0, Time elapsed: 0 sec - in org.junit.tests.manipulation.SortableTest$TestClassRunnerIsSortable
Running org.junit.rules.BlockJUnit4ClassRunnerOverrideTest
Tests run: 4, Failures: 0, Errors: 0, Skipped: 0, Time elapsed: 0 sec - in org.junit.rules.BlockJUnit4ClassRunnerOverrideTest
Running org.junit.rules.ClassRulesTest
Tests run: 12, Failures: 0, Errors: 0, Skipped: 0, Time elapsed: 0.005 sec - in org.junit.rules.ClassRulesTest
Running org.junit.rules.DisableOnDebugTest
Tests run: 8, Failures: 0, Errors: 0, Skipped: 0, Time elapsed: 0.001 sec - in org.junit.rules.DisableOnDebugTest
Running org.junit.rules.ErrorCollectorTest
Tests run: 18, Failures: 0, Errors: 0, Skipped: 0, Time elapsed: 0.01 sec - in org.junit.rules.ErrorCollectorTest
Running org.junit.rules.ExpectedExceptionTest
Tests run: 23, Failures: 0, Errors: 0, Skipped: 0, Time elapsed: 0.005 sec - in org.junit.rules.ExpectedExceptionTest
Running org.junit.rules.ExternalResourceRuleTest
Tests run: 4, Failures: 0, Errors: 0, Skipped: 0, Time elapsed: 0 sec - in org.junit.rules.ExternalResourceRuleTest
Running org.junit.rules.MethodRulesTest
Tests run: 15, Failures: 0, Errors: 0, Skipped: 0, Time elapsed: 0.008 sec - in org.junit.rules.MethodRulesTest
Running org.junit.rules.NameRulesTest$BeforeAndAfterTest
Tests run: 1, Failures: 0, Errors: 0, Skipped: 0, Time elapsed: 0 sec - in org.junit.rules.NameRulesTest$BeforeAndAfterTest
Running org.junit.rules.NameRulesTest$TestNames
Tests run: 2, Failures: 0, Errors: 0, Skipped: 0, Time elapsed: 0 sec - in org.junit.rules.NameRulesTest$TestNames
Running org.junit.rules.RuleChainTest
Tests run: 3, Failures: 0, Errors: 0, Skipped: 0, Time elapsed: 0 sec - in org.junit.rules.RuleChainTest
Running org.junit.rules.RuleMemberValidatorTest
Tests run: 21, Failures: 0, Errors: 0, Skipped: 0, Time elapsed: 0 sec - in org.junit.rules.RuleMemberValidatorTest
Running org.junit.rules.StopwatchTest
Tests run: 5, Failures: 0, Errors: 0, Skipped: 0, Time elapsed: 0 sec - in org.junit.rules.StopwatchTest
Running org.junit.rules.TempFolderRuleTest
Tests run: 10, Failures: 0, Errors: 0, Skipped: 0, Time elapsed: 0.019 sec - in org.junit.rules.TempFolderRuleTest
Running org.junit.rules.TemporaryFolderRuleAssuredDeletionTest
Tests run: 2, Failures: 0, Errors: 0, Skipped: 0, Time elapsed: 0.001 sec - in org.junit.rules.TemporaryFolderRuleAssuredDeletionTest
Running org.junit.rules.TemporaryFolderUsageTest
Tests run: 24, Failures: 0, Errors: 0, Skipped: 0, Time elapsed: 0.007 sec - in org.junit.rules.TemporaryFolderUsageTest
Running org.junit.rules.TestRuleTest
Tests run: 25, Failures: 0, Errors: 0, Skipped: 0, Time elapsed: 0.012 sec - in org.junit.rules.TestRuleTest
Running org.junit.rules.TestWatcherTest$InterplayWithOtherRules
Tests run: 2, Failures: 0, Errors: 0, Skipped: 0, Time elapsed: 0 sec - in org.junit.rules.TestWatcherTest$InterplayWithOtherRules
Running org.junit.rules.TestWatcherTest$CallbackArguments
Tests run: 6, Failures: 0, Errors: 0, Skipped: 0, Time elapsed: 0.001 sec - in org.junit.rules.TestWatcherTest$CallbackArguments
Running org.junit.rules.TestWatcherTest$Callbacks
Tests run: 12, Failures: 0, Errors: 0, Skipped: 0, Time elapsed: 0.012 sec - in org.junit.rules.TestWatcherTest$Callbacks
Running org.junit.rules.TestWatchmanTest
Tests run: 4, Failures: 0, Errors: 0, Skipped: 0, Time elapsed: 0.001 sec - in org.junit.rules.TestWatchmanTest
Running org.junit.rules.TimeoutRuleTest
Tests run: 3, Failures: 0, Errors: 0, Skipped: 0, Time elapsed: 2.038 sec - in org.junit.rules.TimeoutRuleTest
Running org.junit.rules.VerifierRuleTest
Tests run: 1, Failures: 0, Errors: 0, Skipped: 0, Time elapsed: 0.005 sec - in org.junit.rules.VerifierRuleTest
Running org.junit.runners.model.FrameworkFieldTest
Tests run: 4, Failures: 0, Errors: 0, Skipped: 0, Time elapsed: 0 sec - in org.junit.runners.model.FrameworkFieldTest
Running org.junit.runners.model.FrameworkMethodTest
Tests run: 4, Failures: 0, Errors: 0, Skipped: 0, Time elapsed: 0 sec - in org.junit.runners.model.FrameworkMethodTest
Running org.junit.runners.model.InvalidTestClassErrorTest
Tests run: 1, Failures: 0, Errors: 0, Skipped: 0, Time elapsed: 0 sec - in org.junit.runners.model.InvalidTestClassErrorTest
Running org.junit.runners.model.TestClassTest
Tests run: 20, Failures: 0, Errors: 0, Skipped: 0, Time elapsed: 0 sec - in org.junit.runners.model.TestClassTest
Running org.junit.runners.parameterized.BlockJUnit4ClassRunnerWithParametersTest
Tests run: 2, Failures: 0, Errors: 0, Skipped: 0, Time elapsed: 0.001 sec - in org.junit.runners.parameterized.BlockJUnit4ClassRunnerWithParametersTest
Running org.junit.runners.parameterized.ParameterizedNamesTest
Tests run: 1, Failures: 0, Errors: 0, Skipped: 0, Time elapsed: 0.002 sec - in org.junit.runners.parameterized.ParameterizedNamesTest
Running org.junit.runners.parameterized.TestWithParametersTest
Tests run: 12, Failures: 0, Errors: 0, Skipped: 0, Time elapsed: 0.001 sec - in org.junit.runners.parameterized.TestWithParametersTest
Running org.junit.runners.RuleContainerTest
Tests run: 4, Failures: 0, Errors: 0, Skipped: 0, Time elapsed: 0 sec - in org.junit.runners.RuleContainerTest
Running org.junit.runners.CustomBlockJUnit4ClassRunnerTest
Tests run: 1, Failures: 0, Errors: 0, Skipped: 0, Time elapsed: 0 sec - in org.junit.runners.CustomBlockJUnit4ClassRunnerTest
Running org.junit.runner.notification.ConcurrentRunNotifierTest
Tests run: 3, Failures: 0, Errors: 0, Skipped: 0, Time elapsed: 0.033 sec - in org.junit.runner.notification.ConcurrentRunNotifierTest
Running org.junit.runner.notification.RunNotifierTest
Tests run: 8, Failures: 0, Errors: 0, Skipped: 0, Time elapsed: 0.001 sec - in org.junit.runner.notification.RunNotifierTest
Running org.junit.runner.notification.SynchronizedRunListenerTest
Tests run: 5, Failures: 0, Errors: 0, Skipped: 0, Time elapsed: 0 sec - in org.junit.runner.notification.SynchronizedRunListenerTest
Running org.junit.runner.FilterFactoriesTest
Tests run: 6, Failures: 0, Errors: 0, Skipped: 0, Time elapsed: 0.003 sec - in org.junit.runner.FilterFactoriesTest
Running org.junit.runner.FilterOptionIntegrationTest
Tests run: 4, Failures: 0, Errors: 0, Skipped: 0, Time elapsed: 0.002 sec - in org.junit.runner.FilterOptionIntegrationTest
Running org.junit.runner.OrderWithValidatorTest
Tests run: 2, Failures: 0, Errors: 0, Skipped: 0, Time elapsed: 0 sec - in org.junit.runner.OrderWithValidatorTest
Running org.junit.runner.JUnitCommandLineParseResultTest
Tests run: 10, Failures: 0, Errors: 0, Skipped: 0, Time elapsed: 0.003 sec - in org.junit.runner.JUnitCommandLineParseResultTest
Running org.junit.runner.JUnitCoreTest
Tests run: 1, Failures: 0, Errors: 0, Skipped: 0, Time elapsed: 0 sec - in org.junit.runner.JUnitCoreTest
Running org.junit.runner.RequestTest
Tests run: 2, Failures: 0, Errors: 0, Skipped: 0, Time elapsed: 0 sec - in org.junit.runner.RequestTest
Running org.junit.tests.running.classes.BlockJUnit4ClassRunnerTest
Tests run: 2, Failures: 0, Errors: 0, Skipped: 0, Time elapsed: 0.001 sec - in org.junit.tests.running.classes.BlockJUnit4ClassRunnerTest
Running org.junit.tests.running.classes.ClassLevelMethodsWithIgnoredTestsTest
Tests run: 5, Failures: 0, Errors: 0, Skipped: 0, Time elapsed: 0.002 sec - in org.junit.tests.running.classes.ClassLevelMethodsWithIgnoredTestsTest
Running org.junit.tests.running.classes.EnclosedTest
Tests run: 3, Failures: 0, Errors: 0, Skipped: 0, Time elapsed: 0.007 sec - in org.junit.tests.running.classes.EnclosedTest
Running org.junit.tests.running.classes.IgnoreClassTest
Tests run: 1, Failures: 0, Errors: 0, Skipped: 0, Time elapsed: 0.001 sec - in org.junit.tests.running.classes.IgnoreClassTest
Running org.junit.tests.running.classes.ParameterizedTestTest
Tests run: 28, Failures: 0, Errors: 0, Skipped: 0, Time elapsed: 0.023 sec - in org.junit.tests.running.classes.ParameterizedTestTest
Running org.junit.tests.running.classes.ParentRunnerFilteringTest
Tests run: 5, Failures: 0, Errors: 0, Skipped: 0, Time elapsed: 0 sec - in org.junit.tests.running.classes.ParentRunnerFilteringTest
Running org.junit.tests.running.classes.ParentRunnerTest
Tests run: 8, Failures: 0, Errors: 0, Skipped: 0, Time elapsed: 0.002 sec - in org.junit.tests.running.classes.ParentRunnerTest
Running org.junit.tests.running.classes.parent.ParentRunnerClassLoaderTest
Tests run: 3, Failures: 0, Errors: 0, Skipped: 0, Time elapsed: 0.003 sec - in org.junit.tests.running.classes.parent.ParentRunnerClassLoaderTest
Running org.junit.tests.running.classes.RunWithTest
Tests run: 3, Failures: 0, Errors: 0, Skipped: 0, Time elapsed: 0.001 sec - in org.junit.tests.running.classes.RunWithTest
Running org.junit.tests.running.classes.SuiteTest
Tests run: 15, Failures: 0, Errors: 0, Skipped: 0, Time elapsed: 0.007 sec - in org.junit.tests.running.classes.SuiteTest
Running org.junit.tests.running.classes.UseSuiteAsASuperclassTest
Tests run: 1, Failures: 0, Errors: 0, Skipped: 0, Time elapsed: 0.001 sec - in org.junit.tests.running.classes.UseSuiteAsASuperclassTest
Running org.junit.tests.running.classes.ThreadsTest
Tests run: 2, Failures: 0, Errors: 0, Skipped: 0, Time elapsed: 0.001 sec - in org.junit.tests.running.classes.ThreadsTest
Running org.junit.tests.running.core.CommandLineTest
Tests run: 4, Failures: 0, Errors: 0, Skipped: 0, Time elapsed: 0.02 sec - in org.junit.tests.running.core.CommandLineTest
Running org.junit.tests.running.core.JUnitCoreReturnsCorrectExitCodeTest
Tests run: 3, Failures: 0, Errors: 0, Skipped: 0, Time elapsed: 0.003 sec - in org.junit.tests.running.core.JUnitCoreReturnsCorrectExitCodeTest
Running org.junit.tests.running.core.SystemExitTest
Tests run: 1, Failures: 0, Errors: 0, Skipped: 0, Time elapsed: 0.068 sec - in org.junit.tests.running.core.SystemExitTest
Running org.junit.tests.running.methods.AnnotationTest
Tests run: 30, Failures: 0, Errors: 0, Skipped: 0, Time elapsed: 0.009 sec - in org.junit.tests.running.methods.AnnotationTest
Running org.junit.tests.running.methods.ExpectedTest
Tests run: 5, Failures: 0, Errors: 0, Skipped: 0, Time elapsed: 0.001 sec - in org.junit.tests.running.methods.ExpectedTest
Running org.junit.tests.running.methods.InheritedTestTest
Tests run: 2, Failures: 0, Errors: 0, Skipped: 0, Time elapsed: 0 sec - in org.junit.tests.running.methods.InheritedTestTest
Running org.junit.tests.running.methods.ParameterizedTestMethodTest
Tests run: 3, Failures: 0, Errors: 0, Skipped: 0, Time elapsed: 0 sec - in org.junit.tests.running.methods.ParameterizedTestMethodTest
Running org.junit.tests.running.methods.TestMethodTest
Tests run: 8, Failures: 0, Errors: 0, Skipped: 0, Time elapsed: 0.002 sec - in org.junit.tests.running.methods.TestMethodTest
Running org.junit.tests.running.methods.TimeoutTest
Tests run: 13, Failures: 0, Errors: 0, Skipped: 2, Time elapsed: 0.745 sec - in org.junit.tests.running.methods.TimeoutTest
Running org.junit.samples.ListTest
Tests run: 5, Failures: 0, Errors: 0, Skipped: 0, Time elapsed: 0.001 sec - in org.junit.samples.ListTest
Running org.junit.samples.money.MoneyTest
Tests run: 23, Failures: 0, Errors: 0, Skipped: 0, Time elapsed: 0 sec - in org.junit.samples.money.MoneyTest
Running org.junit.tests.validation.BadlyFormedClassesTest
Tests run: 3, Failures: 0, Errors: 0, Skipped: 0, Time elapsed: 0 sec - in org.junit.tests.validation.BadlyFormedClassesTest
Running org.junit.tests.validation.FailedConstructionTest
Tests run: 1, Failures: 0, Errors: 0, Skipped: 0, Time elapsed: 0 sec - in org.junit.tests.validation.FailedConstructionTest
Running org.junit.tests.validation.ValidationTest
Tests run: 2, Failures: 0, Errors: 0, Skipped: 0, Time elapsed: 0.003 sec - in org.junit.tests.validation.ValidationTest
Running org.junit.validator.AnnotationsValidatorTest
Tests run: 3, Failures: 0, Errors: 0, Skipped: 0, Time elapsed: 0 sec - in org.junit.validator.AnnotationsValidatorTest
Running org.junit.validator.AnnotationValidatorFactoryTest
Tests run: 2, Failures: 0, Errors: 0, Skipped: 0, Time elapsed: 0 sec - in org.junit.validator.AnnotationValidatorFactoryTest
Running org.junit.validator.PublicClassValidatorTest
Tests run: 2, Failures: 0, Errors: 0, Skipped: 0, Time elapsed: 0 sec - in org.junit.validator.PublicClassValidatorTest
Running org.junit.AssumptionViolatedExceptionTest
Tests run: 9, Failures: 0, Errors: 0, Skipped: 0, Time elapsed: 0.004 sec - in org.junit.AssumptionViolatedExceptionTest
Running org.junit.tests.ObjectContractTest
Tests run: 2, Failures: 0, Errors: 0, Skipped: 0, Time elapsed: 0 sec - in org.junit.tests.ObjectContractTest

Results :

Tests run: 1092, Failures: 0, Errors: 0, Skipped: 3

[INFO] 
[INFO] --- animal-sniffer-maven-plugin:1.14:check (signature-check) @ junit ---
[INFO] Checking unresolved references to org.codehaus.mojo.signature:java15:1.0
[INFO] ------------------------------------------------------------------------
[INFO] BUILD SUCCESS
[INFO] ------------------------------------------------------------------------
[INFO] Total time:  11.900 s
[INFO] Finished at: 2021-02-14T15:48:00Z
[INFO] ------------------------------------------------------------------------
