[INFO] Scanning for projects...
[INFO] 
[INFO] --------------------< io.vertx:vertx-kafka-client >---------------------
[INFO] Building Vert.x Kafka Client 4.0.0-SNAPSHOT
[INFO] --------------------------------[ jar ]---------------------------------
[INFO] 
[INFO] --- maven-enforcer-plugin:1.0:enforce (enforce-maven) @ vertx-kafka-client ---
[INFO] 
[INFO] --- maven-processor-plugin:3.2.0:process (generate-sources) @ vertx-kafka-client ---
WARNING: io.vertx.codegen.CodeGen - Processed element io.vertx.kafka.client.producer.impl.KafkaWriteStreamImpl is in an implementation package 
WARNING: io.vertx.codegen.CodeGen - Processed element io.vertx.kafka.client.producer.impl.KafkaHeaderImpl is in an implementation package 
WARNING: io.vertx.codegen.CodeGen - Processed element io.vertx.kafka.client.producer.impl.KafkaProducerImpl is in an implementation package 
WARNING: io.vertx.codegen.CodeGen - Processed element io.vertx.kafka.client.producer.impl.KafkaProducerRecordImpl is in an implementation package 
WARNING: io.vertx.codegen.CodeGen - Processed element io.vertx.kafka.client.consumer.impl.KafkaConsumerImpl is in an implementation package 
WARNING: io.vertx.codegen.CodeGen - Processed element io.vertx.kafka.client.consumer.impl.KafkaReadStreamImpl is in an implementation package 
WARNING: io.vertx.codegen.CodeGen - Processed element io.vertx.kafka.client.consumer.impl.KafkaConsumerRecordsImpl is in an implementation package 
WARNING: io.vertx.codegen.CodeGen - Processed element io.vertx.kafka.client.consumer.impl.KafkaConsumerRecordImpl is in an implementation package 
WARNING: io.vertx.codegen.CodeGen - Processed element io.vertx.kafka.client.common.impl.Helper is in an implementation package 
WARNING: io.vertx.codegen.CodeGen - Processed element io.vertx.kafka.client.common.impl.CloseHandler is in an implementation package 
WARNING: io.vertx.codegen.CodeGen - Processed element io.vertx.kafka.admin.impl.KafkaAdminClientImpl is in an implementation package 
[INFO] diagnostic: Note: Loaded cheatsheet code generator
[INFO] diagnostic: Note: Loaded cheatsheet code generator
[INFO] diagnostic: Note: Loaded data_object_converters code generator
[WARNING] diagnostic: warning: Supported source version 'RELEASE_8' from annotation processor 'io.vertx.codegen.CodeGenProcessor' less than -source '11'
[INFO] diagnostic: Note: Non future method io.vertx.kafka.client.producer.KafkaProducer: io.vertx.kafka.client.producer.KafkaProducer<K,V> initTransactions(io.vertx.core.Handler<io.vertx.core.AsyncResult<java.lang.Void>> handler)
[INFO] diagnostic: Note: Non future method io.vertx.kafka.client.producer.KafkaProducer: io.vertx.kafka.client.producer.KafkaProducer<K,V> beginTransaction(io.vertx.core.Handler<io.vertx.core.AsyncResult<java.lang.Void>> handler)
[INFO] diagnostic: Note: Non future method io.vertx.kafka.client.producer.KafkaProducer: io.vertx.kafka.client.producer.KafkaProducer<K,V> commitTransaction(io.vertx.core.Handler<io.vertx.core.AsyncResult<java.lang.Void>> handler)
[INFO] diagnostic: Note: Non future method io.vertx.kafka.client.producer.KafkaProducer: io.vertx.kafka.client.producer.KafkaProducer<K,V> abortTransaction(io.vertx.core.Handler<io.vertx.core.AsyncResult<java.lang.Void>> handler)
[WARNING] diagnostic: warning: Supported source version 'RELEASE_8' from annotation processor 'io.vertx.docgen.JavaDocGenProcessor' less than -source '11'
unhandled type io.vertx.kafka.client.common.Node
unhandled type io.vertx.kafka.client.common.Node
unhandled type io.vertx.kafka.admin.ConfigEntry
unhandled type io.vertx.kafka.admin.ConfigSynonym
unhandled type io.vertx.kafka.client.common.Node
unhandled type io.vertx.kafka.admin.MemberDescription
unhandled type java.lang.Object
unhandled type io.vertx.kafka.client.common.TopicPartition
unhandled type io.vertx.kafka.admin.MemberAssignment
unhandled type io.vertx.kafka.client.common.Node
unhandled type io.vertx.kafka.client.common.Node
unhandled type io.vertx.kafka.client.common.Node
unhandled type io.vertx.kafka.client.common.TopicPartitionInfo
unhandled type io.vertx.kafka.client.common.Node
unhandled type io.vertx.kafka.client.common.Node
unhandled type io.vertx.kafka.client.common.Node
[INFO] diagnostic: Note: Generated model io.vertx.kafka.client.common.TopicPartitionInfo: generated/io/vertx/kafka/client/common/TopicPartitionInfoConverter.java
[INFO] diagnostic: Note: Generated model io.vertx.kafka.admin.ConfigSynonym: generated/io/vertx/kafka/admin/ConfigSynonymConverter.java
[INFO] diagnostic: Note: Generated model io.vertx.kafka.admin.ConsumerGroupDescription: generated/io/vertx/kafka/admin/ConsumerGroupDescriptionConverter.java
[INFO] diagnostic: Note: Generated model io.vertx.kafka.admin.ListConsumerGroupOffsetsOptions: generated/io/vertx/kafka/admin/ListConsumerGroupOffsetsOptionsConverter.java
[INFO] diagnostic: Note: Generated model io.vertx.kafka.admin.ClusterDescription: generated/io/vertx/kafka/admin/ClusterDescriptionConverter.java
[INFO] diagnostic: Note: Generated model io.vertx.kafka.admin.MemberDescription: generated/io/vertx/kafka/admin/MemberDescriptionConverter.java
[INFO] diagnostic: Note: Generated model io.vertx.kafka.admin.ConfigEntry: generated/io/vertx/kafka/admin/ConfigEntryConverter.java
[INFO] diagnostic: Note: Generated model io.vertx.kafka.client.common.PartitionInfo: generated/io/vertx/kafka/client/common/PartitionInfoConverter.java
[INFO] diagnostic: Note: Generated model io.vertx.kafka.admin.MemberAssignment: generated/io/vertx/kafka/admin/MemberAssignmentConverter.java
[INFO] diagnostic: Note: Generated model io.vertx.kafka.client.common.KafkaClientOptions: generated/io/vertx/kafka/client/common/KafkaClientOptionsConverter.java
[INFO] diagnostic: Note: Generated model io.vertx.kafka.admin.ClusterDescription: asciidoc/dataobjects.adoc
[INFO] diagnostic: Note: Generated model io.vertx.kafka.client.common.ConfigResource: generated/io/vertx/kafka/client/common/ConfigResourceConverter.java
[INFO] diagnostic: Note: Generated model io.vertx.kafka.admin.Config: generated/io/vertx/kafka/admin/ConfigConverter.java
[INFO] diagnostic: Note: Generated model io.vertx.kafka.admin.ListOffsetsResultInfo: generated/io/vertx/kafka/admin/ListOffsetsResultInfoConverter.java
[INFO] diagnostic: Note: Generated model io.vertx.kafka.admin.ConsumerGroupListing: generated/io/vertx/kafka/admin/ConsumerGroupListingConverter.java
[INFO] diagnostic: Note: Generated model io.vertx.kafka.admin.OffsetSpec: generated/io/vertx/kafka/admin/OffsetSpecConverter.java
[INFO] diagnostic: Note: Generated model io.vertx.kafka.admin.TopicDescription: generated/io/vertx/kafka/admin/TopicDescriptionConverter.java
[INFO] diagnostic: Note: Generated model io.vertx.kafka.admin.NewTopic: generated/io/vertx/kafka/admin/NewTopicConverter.java
[WARNING] diagnostic: warning: Unclosed files for the types 'PathForCodeGenProcessor'; these types will not undergo annotation processing
[WARNING] diagnostic: warning: The following options were not recognized by any processor: '[maven.artifactId, maven.version, codegen.output.data_object_converters, maven.groupId]'
[INFO] 
[INFO] --- build-helper-maven-plugin:3.0.0:add-source (add-source) @ vertx-kafka-client ---
[INFO] Source directory: /workdir/vertx-kafka-client/src/main/generated added.
[INFO] 
[INFO] --- maven-resources-plugin:2.7:resources (default-resources) @ vertx-kafka-client ---
[INFO] Using 'UTF-8' encoding to copy filtered resources.
[INFO] Copying 1 resource
[INFO] 
[INFO] --- maven-compiler-plugin:3.7.0:compile (default-compile) @ vertx-kafka-client ---
[INFO] Changes detected - recompiling the module!
[INFO] Compiling 75 source files to /workdir/vertx-kafka-client/target/classes
[INFO] /workdir/vertx-kafka-client/src/main/java/io/vertx/kafka/client/common/impl/Helper.java: Some input files use or override a deprecated API.
[INFO] /workdir/vertx-kafka-client/src/main/java/io/vertx/kafka/client/common/impl/Helper.java: Recompile with -Xlint:deprecation for details.
[INFO] /workdir/vertx-kafka-client/src/main/java/io/vertx/kafka/client/common/tracing/ConsumerTracer.java: Some input files use unchecked or unsafe operations.
[INFO] /workdir/vertx-kafka-client/src/main/java/io/vertx/kafka/client/common/tracing/ConsumerTracer.java: Recompile with -Xlint:unchecked for details.
[INFO] 
[INFO] --- maven-resources-plugin:2.7:testResources (default-testResources) @ vertx-kafka-client ---
[INFO] Using 'UTF-8' encoding to copy filtered resources.
[INFO] skip non existing resourceDirectory /workdir/vertx-kafka-client/src/test/resources
[INFO] 
[INFO] --- maven-compiler-plugin:3.7.0:testCompile (default-testCompile) @ vertx-kafka-client ---
[INFO] Nothing to compile - all classes are up to date
[INFO] 
[INFO] --- maven-surefire-plugin:2.18.1:test (default-test) @ vertx-kafka-client ---
[INFO] Surefire report directory: /workdir/vertx-kafka-client/target/surefire-reports

-------------------------------------------------------
 T E S T S
-------------------------------------------------------
Running io.vertx.kafka.client.tests.ConsumerTest
SLF4J: Failed to load class "org.slf4j.impl.StaticLoggerBinder".
SLF4J: Defaulting to no-operation (NOP) logger implementation
SLF4J: See http://www.slf4j.org/codes.html#StaticLoggerBinder for further details.
SLF4J: Failed to load class "org.slf4j.impl.StaticMDCBinder".
SLF4J: Defaulting to no-operation MDCAdapter implementation.
SLF4J: See http://www.slf4j.org/codes.html#no_static_mdc_binder for further details.
Tests run: 36, Failures: 0, Errors: 0, Skipped: 0, Time elapsed: 41.43 sec - in io.vertx.kafka.client.tests.ConsumerTest
Running io.vertx.kafka.client.tests.TransactionalProducerTest
Tests run: 4, Failures: 0, Errors: 0, Skipped: 0, Time elapsed: 36.461 sec - in io.vertx.kafka.client.tests.TransactionalProducerTest
Running io.vertx.kafka.client.tests.ConsumerMockTest
Tests run: 3, Failures: 0, Errors: 0, Skipped: 0, Time elapsed: 0.033 sec - in io.vertx.kafka.client.tests.ConsumerMockTest
Running io.vertx.kafka.client.tests.AdminClientTest
Tests run: 16, Failures: 0, Errors: 0, Skipped: 0, Time elapsed: 11.316 sec - in io.vertx.kafka.client.tests.AdminClientTest
Running io.vertx.kafka.client.tests.ProducerMockTest
Tests run: 4, Failures: 0, Errors: 0, Skipped: 0, Time elapsed: 0.803 sec - in io.vertx.kafka.client.tests.ProducerMockTest
Running io.vertx.kafka.client.tests.KafkaReadStreamMockTest
Tests run: 1, Failures: 0, Errors: 0, Skipped: 0, Time elapsed: 0.352 sec - in io.vertx.kafka.client.tests.KafkaReadStreamMockTest
Running io.vertx.kafka.client.tests.ProducerTest
Tests run: 6, Failures: 0, Errors: 0, Skipped: 0, Time elapsed: 70.286 sec - in io.vertx.kafka.client.tests.ProducerTest
Running io.vertx.kafka.client.tests.CodecsTest
Tests run: 7, Failures: 0, Errors: 0, Skipped: 0, Time elapsed: 6.277 sec - in io.vertx.kafka.client.tests.CodecsTest
Running io.vertx.kafka.client.tests.KafkaHeaderTest
Tests run: 2, Failures: 0, Errors: 0, Skipped: 0, Time elapsed: 0.002 sec - in io.vertx.kafka.client.tests.KafkaHeaderTest
Running io.vertx.kafka.client.tests.CleanupTest
Tests run: 5, Failures: 0, Errors: 0, Skipped: 0, Time elapsed: 3.305 sec - in io.vertx.kafka.client.tests.CleanupTest
Running io.vertx.kafka.client.tests.ProducerConsumerContextTest
Tests run: 1, Failures: 0, Errors: 0, Skipped: 0, Time elapsed: 2.268 sec - in io.vertx.kafka.client.tests.ProducerConsumerContextTest
Running io.vertx.kafka.client.tests.TopicPartitionTest
Tests run: 2, Failures: 0, Errors: 0, Skipped: 0, Time elapsed: 0.002 sec - in io.vertx.kafka.client.tests.TopicPartitionTest
Running io.vertx.kafka.client.common.tracing.TracingTest
Tests run: 6, Failures: 0, Errors: 0, Skipped: 0, Time elapsed: 3.28 sec - in io.vertx.kafka.client.common.tracing.TracingTest

Results :

Tests run: 93, Failures: 0, Errors: 0, Skipped: 0

[INFO] ------------------------------------------------------------------------
[INFO] BUILD SUCCESS
[INFO] ------------------------------------------------------------------------
[INFO] Total time:  03:00 min
[INFO] Finished at: 2021-02-15T07:18:48Z
[INFO] ------------------------------------------------------------------------
