[INFO] Scanning for projects...
[INFO] 
[INFO] -----------------< com.amihaiemil.web:docker-java-api >-----------------
[INFO] Building Docker Java API 0.0.14-SNAPSHOT
[INFO] --------------------------------[ jar ]---------------------------------
[WARNING] The artifact org.apache.commons:commons-io:jar:1.3.2 has been relocated to commons-io:commons-io:jar:1.3.2
[INFO] 
[INFO] --- maven-resources-plugin:2.6:resources (default-resources) @ docker-java-api ---
[INFO] Using 'UTF-8' encoding to copy filtered resources.
[INFO] Copying 1 resource
[INFO] 
[INFO] --- maven-compiler-plugin:3.6.0:compile (default-compile) @ docker-java-api ---
[INFO] Nothing to compile - all classes are up to date
[INFO] 
[INFO] --- maven-resources-plugin:2.6:testResources (default-testResources) @ docker-java-api ---
[INFO] Using 'UTF-8' encoding to copy filtered resources.
[INFO] Copying 2 resources
[INFO] 
[INFO] --- maven-compiler-plugin:3.6.0:testCompile (default-testCompile) @ docker-java-api ---
[INFO] Changes detected - recompiling the module!
[INFO] Compiling 55 source files to /workdir/docker-java-api/target/test-classes
[INFO] /workdir/docker-java-api/src/test/java/com/amihaiemil/docker/mock/Response.java: Some input files use or override a deprecated API.
[INFO] /workdir/docker-java-api/src/test/java/com/amihaiemil/docker/mock/Response.java: Recompile with -Xlint:deprecation for details.
[INFO] /workdir/docker-java-api/src/test/java/com/amihaiemil/docker/RtVersionTestCase.java: Some input files use unchecked or unsafe operations.
[INFO] /workdir/docker-java-api/src/test/java/com/amihaiemil/docker/RtVersionTestCase.java: Recompile with -Xlint:unchecked for details.
[INFO] 
[INFO] --- maven-surefire-plugin:2.12.4:test (default-test) @ docker-java-api ---
[INFO] Surefire report directory: /workdir/docker-java-api/target/surefire-reports

-------------------------------------------------------
 T E S T S
-------------------------------------------------------
Running com.amihaiemil.docker.LocalDockerTestCase
Tests run: 11, Failures: 0, Errors: 0, Skipped: 0, Time elapsed: 0.187 sec
Running com.amihaiemil.docker.SslHttpClientTestCase
Tests run: 1, Failures: 0, Errors: 0, Skipped: 0, Time elapsed: 0.001 sec
Running com.amihaiemil.docker.RegistryConfigAuthTestCase
Tests run: 3, Failures: 0, Errors: 0, Skipped: 0, Time elapsed: 0.005 sec
Running com.amihaiemil.docker.ListedVolumesTestCase
WARNING: An illegal reflective access operation has occurred
WARNING: Illegal reflective access by org.mockito.cglib.core.ReflectUtils$2 (file:/home/maven/.m2/repository/org/mockito/mockito-all/1.9.5/mockito-all-1.9.5.jar) to method java.lang.ClassLoader.defineClass(java.lang.String,byte[],int,int,java.security.ProtectionDomain)
WARNING: Please consider reporting this to the maintainers of org.mockito.cglib.core.ReflectUtils$2
WARNING: Use --illegal-access=warn to enable warnings of further illegal reflective access operations
WARNING: All illegal access operations will be denied in a future release
Tests run: 2, Failures: 0, Errors: 0, Skipped: 0, Time elapsed: 0.081 sec
Running com.amihaiemil.docker.UnixDockerTestCase
Tests run: 12, Failures: 0, Errors: 0, Skipped: 0, Time elapsed: 0.009 sec
Running com.amihaiemil.docker.RtNetworkTestCase
Tests run: 4, Failures: 0, Errors: 0, Skipped: 0, Time elapsed: 0.008 sec
Running com.amihaiemil.docker.CredentialsTestCase
Tests run: 2, Failures: 0, Errors: 0, Skipped: 0, Time elapsed: 0.002 sec
Running com.amihaiemil.docker.InspectionTestCase
Tests run: 2, Failures: 0, Errors: 0, Skipped: 0, Time elapsed: 0.004 sec
Running com.amihaiemil.docker.RtImageTestCase
Tests run: 13, Failures: 0, Errors: 0, Skipped: 0, Time elapsed: 0.043 sec
Running com.amihaiemil.docker.ReadJsonArrayTest
Tests run: 1, Failures: 0, Errors: 0, Skipped: 0, Time elapsed: 0.001 sec
Running com.amihaiemil.docker.RtEventsTestCase
Tests run: 5, Failures: 0, Errors: 0, Skipped: 0, Time elapsed: 0.026 sec
Running com.amihaiemil.docker.RtPluginsTestCase
Tests run: 5, Failures: 0, Errors: 0, Skipped: 0, Time elapsed: 0.01 sec
Running com.amihaiemil.docker.RtPluginTestCase
Tests run: 11, Failures: 0, Errors: 0, Skipped: 0, Time elapsed: 0.019 sec
Running com.amihaiemil.docker.ListedContainersTestCase
Tests run: 3, Failures: 0, Errors: 0, Skipped: 0, Time elapsed: 0.006 sec
Running com.amihaiemil.docker.RtVolumeTestCase
Tests run: 5, Failures: 0, Errors: 0, Skipped: 0, Time elapsed: 0.005 sec
Running com.amihaiemil.docker.UnixHttpClientTestCase
Tests run: 11, Failures: 0, Errors: 0, Skipped: 0, Time elapsed: 0.045 sec
Running com.amihaiemil.docker.RtNetworksTestCase
Tests run: 7, Failures: 0, Errors: 0, Skipped: 0, Time elapsed: 0.012 sec
Running com.amihaiemil.docker.RtContainerTestCase
Tests run: 33, Failures: 0, Errors: 0, Skipped: 0, Time elapsed: 0.033 sec
Running com.amihaiemil.docker.UnexpectedResponseExceptionTestCase
Tests run: 7, Failures: 0, Errors: 0, Skipped: 0, Time elapsed: 0.004 sec
Running com.amihaiemil.docker.IdentityTokenTestCase
Tests run: 2, Failures: 0, Errors: 0, Skipped: 0, Time elapsed: 0.002 sec
Running com.amihaiemil.docker.ListedNetworksTestCase
Tests run: 3, Failures: 0, Errors: 0, Skipped: 0, Time elapsed: 0.006 sec
Running com.amihaiemil.docker.RtExecsTestCase
Tests run: 1, Failures: 0, Errors: 0, Skipped: 0, Time elapsed: 0 sec
Running com.amihaiemil.docker.MatchStatusTestCase
Tests run: 3, Failures: 0, Errors: 0, Skipped: 0, Time elapsed: 0.001 sec
Running com.amihaiemil.docker.UserAgentRequestHeaderTestCase
Tests run: 1, Failures: 0, Errors: 0, Skipped: 0, Time elapsed: 0.004 sec
Running com.amihaiemil.docker.RtVersionTestCase
Tests run: 1, Failures: 0, Errors: 0, Skipped: 0, Time elapsed: 0.007 sec
Running com.amihaiemil.docker.RtImagesTestCase
http://localhost/create?fromImage=testImage&tag=1.23
Tests run: 12, Failures: 0, Errors: 0, Skipped: 0, Time elapsed: 0.013 sec
Running com.amihaiemil.docker.FilteredUriBuilderTest
Tests run: 1, Failures: 0, Errors: 0, Skipped: 0, Time elapsed: 0 sec
Running com.amihaiemil.docker.RtContainersTestCase
Tests run: 20, Failures: 0, Errors: 0, Skipped: 0, Time elapsed: 0.019 sec
Running com.amihaiemil.docker.RtLogsTestCase
Tests run: 6, Failures: 0, Errors: 0, Skipped: 0, Time elapsed: 0.007 sec
Running com.amihaiemil.docker.RtSwarmTestCase
Tests run: 13, Failures: 0, Errors: 0, Skipped: 0, Time elapsed: 0.011 sec
Running com.amihaiemil.docker.MergedTestCase
Tests run: 3, Failures: 0, Errors: 0, Skipped: 0, Time elapsed: 0.003 sec
Running com.amihaiemil.docker.ListedImagesTestCase
Tests run: 3, Failures: 0, Errors: 0, Skipped: 0, Time elapsed: 0.004 sec
Running com.amihaiemil.docker.TcpDockerTestCase
Tests run: 9, Failures: 0, Errors: 0, Skipped: 0, Time elapsed: 0.099 sec
Running com.amihaiemil.docker.mock.ResponseTestCase
Tests run: 1, Failures: 0, Errors: 0, Skipped: 0, Time elapsed: 0.002 sec
Running com.amihaiemil.docker.mock.AssertRequestTestCase
Tests run: 3, Failures: 0, Errors: 0, Skipped: 0, Time elapsed: 0.002 sec
Running com.amihaiemil.docker.RtDockerSystemTestCase
Tests run: 1, Failures: 0, Errors: 0, Skipped: 0, Time elapsed: 0.005 sec
Running com.amihaiemil.docker.AuthHttpClientTestCase
Tests run: 2, Failures: 0, Errors: 0, Skipped: 0, Time elapsed: 0.001 sec
Running com.amihaiemil.docker.RemoteDockerTestCase
Tests run: 8, Failures: 0, Errors: 0, Skipped: 0, Time elapsed: 0.003 sec
Running com.amihaiemil.docker.RtVolumesTestCase
Tests run: 7, Failures: 0, Errors: 0, Skipped: 0, Time elapsed: 0.007 sec
Running com.amihaiemil.docker.ListedPluginsTestCase
Tests run: 2, Failures: 0, Errors: 0, Skipped: 0, Time elapsed: 0.003 sec

Results :

Tests run: 240, Failures: 0, Errors: 0, Skipped: 0

[INFO] ------------------------------------------------------------------------
[INFO] BUILD SUCCESS
[INFO] ------------------------------------------------------------------------
[INFO] Total time:  3.409 s
[INFO] Finished at: 2021-02-15T08:19:06Z
[INFO] ------------------------------------------------------------------------
