[INFO] Scanning for projects...
[INFO] 
[INFO] -----------------------< org.xerial:sqlite-jdbc >-----------------------
[INFO] Building SQLite JDBC 3.32.3.3-SNAPSHOT
[INFO] --------------------------------[ jar ]---------------------------------
[INFO] 
[INFO] --- maven-enforcer-plugin:1.2:enforce (enforce-maven) @ sqlite-jdbc ---
[INFO] 
[INFO] --- maven-resources-plugin:2.6:resources (default-resources) @ sqlite-jdbc ---
[INFO] Using 'UTF-8' encoding to copy filtered resources.
[INFO] Copying 13 resources
[INFO] Copying 1 resource to META-INF/services
[INFO] Copying 1 resource
[INFO] Copying 3 resources to META-INF/maven/org.xerial/sqlite-jdbc
[INFO] 
[INFO] --- maven-compiler-plugin:3.1:compile (default-compile) @ sqlite-jdbc ---
[INFO] Changes detected - recompiling the module!
[INFO] Compiling 49 source files to /workdir/sqlite-jdbc/target/classes
[WARNING] /workdir/sqlite-jdbc/src/main/java/org/sqlite/core/CorePreparedStatement.java: Some input files use or override a deprecated API.
[WARNING] /workdir/sqlite-jdbc/src/main/java/org/sqlite/core/CorePreparedStatement.java: Recompile with -Xlint:deprecation for details.
[WARNING] /workdir/sqlite-jdbc/src/main/java/org/sqlite/jdbc3/JDBC3Connection.java: /workdir/sqlite-jdbc/src/main/java/org/sqlite/jdbc3/JDBC3Connection.java uses unchecked or unsafe operations.
[WARNING] /workdir/sqlite-jdbc/src/main/java/org/sqlite/jdbc3/JDBC3Connection.java: Recompile with -Xlint:unchecked for details.
[INFO] 
[INFO] --- maven-bundle-plugin:2.4.0:manifest (default) @ sqlite-jdbc ---
[INFO] 
[INFO] --- maven-resources-plugin:2.6:testResources (default-testResources) @ sqlite-jdbc ---
[INFO] Using 'UTF-8' encoding to copy filtered resources.
[INFO] Copying 3 resources
[INFO] skip non existing resourceDirectory /workdir/sqlite-jdbc/src/test/resources
[INFO] 
[INFO] --- maven-compiler-plugin:3.1:testCompile (default-testCompile) @ sqlite-jdbc ---
[INFO] Nothing to compile - all classes are up to date
[INFO] 
[INFO] --- maven-surefire-plugin:2.12.4:test (default-test) @ sqlite-jdbc ---
[INFO] Surefire report directory: /workdir/sqlite-jdbc/target/surefire-reports

-------------------------------------------------------
 T E S T S
-------------------------------------------------------
Running org.sqlite.ErrorMessageTest
Tests run: 4, Failures: 0, Errors: 0, Skipped: 0, Time elapsed: 0.854 sec
Running org.sqlite.ExtendedCommandTest
Tests run: 2, Failures: 0, Errors: 0, Skipped: 0, Time elapsed: 0 sec
Running org.sqlite.FetchSizeTest
Tests run: 1, Failures: 0, Errors: 0, Skipped: 0, Time elapsed: 0.001 sec
Running org.sqlite.ExtensionTest
Tests run: 3, Failures: 0, Errors: 0, Skipped: 0, Time elapsed: 0 sec
Running org.sqlite.PrepStmtTest
Tests run: 32, Failures: 0, Errors: 0, Skipped: 0, Time elapsed: 0.031 sec
Running org.sqlite.JSON1Test
Tests run: 57, Failures: 0, Errors: 0, Skipped: 0, Time elapsed: 0.029 sec
Running org.sqlite.BusyHandlerTest
Tests run: 2, Failures: 0, Errors: 0, Skipped: 0, Time elapsed: 0.924 sec
Running org.sqlite.ListenerTest
Tests run: 3, Failures: 0, Errors: 0, Skipped: 0, Time elapsed: 2.869 sec
Running org.sqlite.UDFTest
Tests run: 17, Failures: 0, Errors: 0, Skipped: 0, Time elapsed: 0.165 sec
Running org.sqlite.SQLiteConfigTest
Tests run: 1, Failures: 0, Errors: 0, Skipped: 0, Time elapsed: 0 sec
Running org.sqlite.BackupTest
Tests run: 2, Failures: 0, Errors: 0, Skipped: 0, Time elapsed: 0.299 sec
Running org.sqlite.RSMetaDataTest
Tests run: 9, Failures: 0, Errors: 0, Skipped: 0, Time elapsed: 0.021 sec
Running org.sqlite.util.OSInfoTest
Feb 14, 2021 8:33:29 PM org.sqlite.util.OSInfoTest testGetHardwareName
INFO: Hardware name: x86_64

Tests run: 6, Failures: 0, Errors: 0, Skipped: 0, Time elapsed: 0.107 sec
Running org.sqlite.SavepointTest
running in native mode
Tests run: 4, Failures: 0, Errors: 0, Skipped: 0, Time elapsed: 0.935 sec
Running org.sqlite.StatementTest
Tests run: 35, Failures: 0, Errors: 0, Skipped: 1, Time elapsed: 0.029 sec
Running org.sqlite.InsertQueryTest
Tests run: 3, Failures: 0, Errors: 0, Skipped: 0, Time elapsed: 4.546 sec
Running org.sqlite.DBMetaDataTest
Tests run: 38, Failures: 0, Errors: 0, Skipped: 0, Time elapsed: 0.052 sec
Running org.sqlite.TypeMapTest
Tests run: 2, Failures: 0, Errors: 0, Skipped: 0, Time elapsed: 0 sec
Running org.sqlite.ReadUncommittedTest
Tests run: 4, Failures: 0, Errors: 0, Skipped: 0, Time elapsed: 0.001 sec
Running org.sqlite.ResultSetTest
Tests run: 14, Failures: 0, Errors: 0, Skipped: 0, Time elapsed: 0.005 sec
Running org.sqlite.SQLiteJDBCLoaderTest
Tests run: 4, Failures: 0, Errors: 0, Skipped: 0, Time elapsed: 0.337 sec
Running org.sqlite.ConnectionTest
Tests run: 22, Failures: 0, Errors: 0, Skipped: 0, Time elapsed: 0.276 sec
Running org.sqlite.QueryTest
Tests run: 12, Failures: 0, Errors: 0, Skipped: 0, Time elapsed: 0.023 sec
Running org.sqlite.SQLiteConnectionPoolDataSourceTest
Tests run: 2, Failures: 0, Errors: 0, Skipped: 1, Time elapsed: 0.014 sec
Running org.sqlite.TransactionTest
running in native mode
Tests run: 14, Failures: 0, Errors: 0, Skipped: 0, Time elapsed: 4.716 sec
Running org.sqlite.ProgressHandlerTest
Tests run: 3, Failures: 0, Errors: 0, Skipped: 0, Time elapsed: 0.013 sec
Running org.sqlite.SQLiteDataSourceTest
Tests run: 2, Failures: 0, Errors: 0, Skipped: 0, Time elapsed: 0.006 sec
Running org.sqlite.JDBCTest
Tests run: 3, Failures: 0, Errors: 0, Skipped: 0, Time elapsed: 0 sec

Results :

Tests run: 301, Failures: 0, Errors: 0, Skipped: 2

[INFO] ------------------------------------------------------------------------
[INFO] BUILD SUCCESS
[INFO] ------------------------------------------------------------------------
[INFO] Total time:  19.188 s
[INFO] Finished at: 2021-02-14T20:33:40Z
[INFO] ------------------------------------------------------------------------
