[INFO] Scanning for projects...
[INFO] Inspecting build with total of 1 modules...
[INFO] Installing Nexus Staging features:
[INFO]   ... total of 1 executions of maven-deploy-plugin replaced with nexus-staging-maven-plugin
[INFO] 
[INFO] --------------------< com.spotify.sparkey:sparkey >---------------------
[INFO] Building sparkey 3.2.1-SNAPSHOT
[INFO] --------------------------------[ jar ]---------------------------------
[INFO] 
[INFO] --- maven-enforcer-plugin:3.0.0-M2:enforce (enforce-maven) @ sparkey ---
[INFO] 
[INFO] --- maven-enforcer-plugin:3.0.0-M2:enforce (enforce-bytecode-version) @ sparkey ---
[INFO] 
[INFO] --- maven-resources-plugin:2.6:resources (default-resources) @ sparkey ---
[INFO] Using 'UTF-8' encoding to copy filtered resources.
[INFO] skip non existing resourceDirectory /workdir/sparkey-java/src/main/resources
[INFO] 
[INFO] --- maven-compiler-plugin:3.1:compile (default-compile) @ sparkey ---
[INFO] Changes detected - recompiling the module!
[INFO] Compiling 44 source files to /workdir/sparkey-java/target/classes
[WARNING] /workdir/sparkey-java/src/main/java/com/spotify/sparkey/SingleThreadedSparkeyWriter.java: Some input files use or override a deprecated API.
[WARNING] /workdir/sparkey-java/src/main/java/com/spotify/sparkey/SingleThreadedSparkeyWriter.java: Recompile with -Xlint:deprecation for details.
[INFO] 
[INFO] --- maven-resources-plugin:2.6:testResources (default-testResources) @ sparkey ---
[INFO] Using 'UTF-8' encoding to copy filtered resources.
[INFO] skip non existing resourceDirectory /workdir/sparkey-java/src/test/resources
[INFO] 
[INFO] --- maven-compiler-plugin:3.1:testCompile (default-testCompile) @ sparkey ---
[INFO] Changes detected - recompiling the module!
[INFO] Compiling 27 source files to /workdir/sparkey-java/target/test-classes
[WARNING] /workdir/sparkey-java/src/test/java/com/spotify/sparkey/extra/ThreadLocalSparkeyReaderTest.java: Some input files use or override a deprecated API.
[WARNING] /workdir/sparkey-java/src/test/java/com/spotify/sparkey/extra/ThreadLocalSparkeyReaderTest.java: Recompile with -Xlint:deprecation for details.
[INFO] 
[INFO] --- maven-surefire-plugin:2.12.4:test (default-test) @ sparkey ---
[INFO] Surefire report directory: /workdir/sparkey-java/target/surefire-reports

-------------------------------------------------------
 T E S T S
-------------------------------------------------------
Running com.spotify.sparkey.CommonHeaderTest
Tests run: 1, Failures: 0, Errors: 0, Skipped: 0, Time elapsed: 0.04 sec
Running com.spotify.sparkey.CompressedReaderTest
Tests run: 2, Failures: 0, Errors: 0, Skipped: 0, Time elapsed: 0.298 sec
Running com.spotify.sparkey.AddressSizeTest
Tests run: 2, Failures: 0, Errors: 0, Skipped: 0, Time elapsed: 0.005 sec
Running com.spotify.sparkey.ReadOnlyMemMapTest
Tests run: 2, Failures: 0, Errors: 0, Skipped: 0, Time elapsed: 12.732 sec
Running com.spotify.sparkey.SparkeyTest
Tests run: 1, Failures: 0, Errors: 0, Skipped: 0, Time elapsed: 0.005 sec
Running com.spotify.sparkey.system.BaseSystemTest
Tests run: 1, Failures: 0, Errors: 0, Skipped: 0, Time elapsed: 0 sec
Running com.spotify.sparkey.system.LargeFilesTest
Tests run: 5, Failures: 0, Errors: 0, Skipped: 0, Time elapsed: 1.738 sec
Running com.spotify.sparkey.system.CorrectnessTest
Tests run: 9, Failures: 0, Errors: 0, Skipped: 0, Time elapsed: 30.077 sec
Running com.spotify.sparkey.CompressedOutputStreamTest
Tests run: 1, Failures: 0, Errors: 0, Skipped: 0, Time elapsed: 0.933 sec
Running com.spotify.sparkey.IndexHashTest
Tests run: 2, Failures: 0, Errors: 0, Skipped: 0, Time elapsed: 0 sec
Running com.spotify.sparkey.extra.ReloadableSparkeyReaderTest
00:07:52.223 [pool-2-thread-1] INFO com.spotify.sparkey.extra.ReloadableSparkeyReader - loaded sparkey index /tmp/sparkey9964885947850538760.spl, 1 keys
00:07:52.449 [pool-4-thread-1] INFO com.spotify.sparkey.extra.ReloadableSparkeyReader - loaded sparkey index /tmp/sparkey5342386783139135167.spl, 1 keys
00:07:52.452 [pool-4-thread-1] INFO com.spotify.sparkey.extra.ReloadableSparkeyReader - loaded sparkey index /tmp/sparkey4539225824524150267.spl, 1 keys
00:07:52.453 [pool-4-thread-1] INFO com.spotify.sparkey.extra.ReloadableSparkeyReader - loaded sparkey index /tmp/sparkey5342386783139135167.spl, 1 keys
Tests run: 4, Failures: 0, Errors: 0, Skipped: 0, Time elapsed: 0.671 sec
Running com.spotify.sparkey.extra.ThreadLocalSparkeyReaderTest
WARNING: An illegal reflective access operation has occurred
WARNING: Illegal reflective access by org.mockito.cglib.core.ReflectUtils$2 (file:/home/maven/.m2/repository/org/mockito/mockito-all/1.10.19/mockito-all-1.10.19.jar) to method java.lang.ClassLoader.defineClass(java.lang.String,byte[],int,int,java.security.ProtectionDomain)
WARNING: Please consider reporting this to the maintainers of org.mockito.cglib.core.ReflectUtils$2
WARNING: Use --illegal-access=warn to enable warnings of further illegal reflective access operations
WARNING: All illegal access operations will be denied in a future release
Tests run: 6, Failures: 0, Errors: 0, Skipped: 0, Time elapsed: 0.636 sec
Running com.spotify.sparkey.extra.DelegatingSparkeyReaderTest
Tests run: 1, Failures: 0, Errors: 0, Skipped: 0, Time elapsed: 0.004 sec
Running com.spotify.sparkey.SortHelperTest
Tests run: 1, Failures: 0, Errors: 0, Skipped: 0, Time elapsed: 0.005 sec
Running com.spotify.sparkey.BytesWrittenTest
Tests run: 3, Failures: 0, Errors: 0, Skipped: 0, Time elapsed: 0.203 sec
Running com.spotify.sparkey.UtilTest
Tests run: 10, Failures: 0, Errors: 0, Skipped: 0, Time elapsed: 0.009 sec
Running com.spotify.sparkey.MurmurHash3Test
Tests run: 3, Failures: 0, Errors: 0, Skipped: 0, Time elapsed: 0.006 sec

Results :

Tests run: 54, Failures: 0, Errors: 0, Skipped: 0

[INFO] ------------------------------------------------------------------------
[INFO] BUILD SUCCESS
[INFO] ------------------------------------------------------------------------
[INFO] Total time:  51.277 s
[INFO] Finished at: 2021-02-15T00:07:53Z
[INFO] ------------------------------------------------------------------------
