[INFO] Scanning for projects...
[INFO] ------------------------------------------------------------------------
[INFO] Reactor Build Order:
[INFO] 
[INFO] parent                                                             [pom]
[INFO] core                                                               [jar]
[INFO] spring                                                             [jar]
[INFO] 
[INFO] ----------------< com.tobedevoured.modelcitizen:parent >----------------
[INFO] Building parent 0.8.2                                              [1/3]
[INFO] --------------------------------[ pom ]---------------------------------
[INFO] 
[INFO] -----------------< com.tobedevoured.modelcitizen:core >-----------------
[INFO] Building core 0.8.2                                                [2/3]
[INFO] --------------------------------[ jar ]---------------------------------
[INFO] 
[INFO] --- maven-resources-plugin:2.6:resources (default-resources) @ core ---
[WARNING] Using platform encoding (UTF-8 actually) to copy filtered resources, i.e. build is platform dependent!
[INFO] skip non existing resourceDirectory /workdir/model-citizen/core/src/main/resources
[INFO] 
[INFO] --- maven-compiler-plugin:2.0.2:compile (default-compile) @ core ---
[INFO] Nothing to compile - all classes are up to date
[INFO] 
[INFO] --- maven-resources-plugin:2.6:testResources (default-testResources) @ core ---
[WARNING] Using platform encoding (UTF-8 actually) to copy filtered resources, i.e. build is platform dependent!
[INFO] Copying 1 resource
[INFO] 
[INFO] --- maven-compiler-plugin:2.0.2:testCompile (default-testCompile) @ core ---
[INFO] Nothing to compile - all classes are up to date
[INFO] 
[INFO] --- maven-surefire-plugin:2.12.4:test (default-test) @ core ---
[INFO] Surefire report directory: /workdir/model-citizen/core/target/surefire-reports

-------------------------------------------------------
 T E S T S
-------------------------------------------------------
Running com.tobedevoured.modelcitizen.annotation.NullableTest
17:47:25,182 |-INFO in ch.qos.logback.classic.LoggerContext[default] - Could NOT find resource [logback.groovy]
17:47:25,183 |-INFO in ch.qos.logback.classic.LoggerContext[default] - Found resource [logback-test.xml] at [file:/workdir/model-citizen/core/target/test-classes/logback-test.xml]
17:47:25,254 |-INFO in ch.qos.logback.classic.joran.action.ConfigurationAction - debug attribute not set
17:47:25,259 |-INFO in ch.qos.logback.core.joran.action.AppenderAction - About to instantiate appender of type [ch.qos.logback.core.ConsoleAppender]
17:47:25,264 |-INFO in ch.qos.logback.core.joran.action.AppenderAction - Naming appender as [STDOUT]
17:47:25,346 |-WARN in ch.qos.logback.core.ConsoleAppender[STDOUT] - This appender no longer admits a layout as a sub-component, set an encoder instead.
17:47:25,346 |-WARN in ch.qos.logback.core.ConsoleAppender[STDOUT] - To ensure compatibility, wrapping your layout in LayoutWrappingEncoder.
17:47:25,346 |-WARN in ch.qos.logback.core.ConsoleAppender[STDOUT] - See also http://logback.qos.ch/codes.html#layoutInsteadOfEncoder for details
17:47:25,346 |-INFO in ch.qos.logback.classic.joran.action.LoggerAction - Setting level of logger [com.tobedevoured.modelcitizen] to DEBUG
17:47:25,346 |-INFO in ch.qos.logback.classic.joran.action.LevelAction - ROOT level set to INFO
17:47:25,346 |-INFO in ch.qos.logback.core.joran.action.AppenderRefAction - Attaching appender named [STDOUT] to Logger[ROOT]
17:47:25,347 |-INFO in ch.qos.logback.classic.joran.action.ConfigurationAction - End of configuration.
17:47:25,347 |-INFO in ch.qos.logback.classic.joran.JoranConfigurator@76f2bbc1 - Registering current configuration as safe fallback point

17:47:25.352 DEBUG c.t.modelcitizen.ModelFactory#registerBlueprint - Registering class com.tobedevoured.modelcitizen.blueprint.CarBlueprint blueprint for class com.tobedevoured.modelcitizen.model.Car
17:47:25.360 DEBUG c.t.modelcitizen.ModelFactory#registerBlueprint - Registering AfterCreateCallback for class com.tobedevoured.modelcitizen.blueprint.CarBlueprint
17:47:25.369 DEBUG c.t.modelcitizen.ModelFactory#registerBlueprint - Registering class com.tobedevoured.modelcitizen.blueprint.DriverBlueprint blueprint for class com.tobedevoured.modelcitizen.model.Driver
17:47:25.370 DEBUG c.t.modelcitizen.ModelFactory#registerBlueprint - Registering class com.tobedevoured.modelcitizen.blueprint.WheelBlueprint blueprint for class com.tobedevoured.modelcitizen.model.Wheel
17:47:25.370 DEBUG c.t.modelcitizen.ModelFactory#registerBlueprint - Registering ConstructorCallback for class com.tobedevoured.modelcitizen.blueprint.WheelBlueprint
17:47:25.370 DEBUG c.t.modelcitizen.ModelFactory#registerBlueprint - Registering class com.tobedevoured.modelcitizen.blueprint.OptionBlueprint blueprint for class com.tobedevoured.modelcitizen.model.Option
Tests run: 1, Failures: 0, Errors: 0, Skipped: 0, Time elapsed: 0.304 sec
Running com.tobedevoured.modelcitizen.annotation.ForceTest
17:47:25.419 DEBUG c.t.modelcitizen.ModelFactory#registerBlueprint - Registering class com.tobedevoured.modelcitizen.blueprint.DriverBlueprint blueprint for class com.tobedevoured.modelcitizen.model.Driver
Tests run: 1, Failures: 0, Errors: 0, Skipped: 0, Time elapsed: 0.003 sec
Running com.tobedevoured.modelcitizen.field.MappedListFieldTest
17:47:25.422 DEBUG c.t.modelcitizen.ModelFactory#registerBlueprint - Registering class com.tobedevoured.modelcitizen.blueprint.CarBlueprint blueprint for class com.tobedevoured.modelcitizen.model.Car
17:47:25.422 DEBUG c.t.modelcitizen.ModelFactory#registerBlueprint - Registering AfterCreateCallback for class com.tobedevoured.modelcitizen.blueprint.CarBlueprint
17:47:25.422 DEBUG c.t.modelcitizen.ModelFactory#registerBlueprint - Registering class com.tobedevoured.modelcitizen.blueprint.WheelBlueprint blueprint for class com.tobedevoured.modelcitizen.model.Wheel
17:47:25.422 DEBUG c.t.modelcitizen.ModelFactory#registerBlueprint - Registering ConstructorCallback for class com.tobedevoured.modelcitizen.blueprint.WheelBlueprint
17:47:25.423 DEBUG c.t.modelcitizen.ModelFactory#registerBlueprint - Registering class com.tobedevoured.modelcitizen.blueprint.DriverBlueprint blueprint for class com.tobedevoured.modelcitizen.model.Driver
17:47:25.423 DEBUG c.t.modelcitizen.ModelFactory#registerBlueprint - Registering class com.tobedevoured.modelcitizen.blueprint.UserBlueprint blueprint for class com.tobedevoured.modelcitizen.model.User
17:47:25.423 DEBUG c.t.modelcitizen.ModelFactory#registerBlueprint - Registering class com.tobedevoured.modelcitizen.blueprint.OptionBlueprint blueprint for class com.tobedevoured.modelcitizen.model.Option
17:47:25.429 DEBUG c.t.modelcitizen.ModelFactory#registerBlueprint - Registering class com.tobedevoured.modelcitizen.blueprint.CarBlueprint blueprint for class com.tobedevoured.modelcitizen.model.Car
17:47:25.430 DEBUG c.t.modelcitizen.ModelFactory#registerBlueprint - Registering AfterCreateCallback for class com.tobedevoured.modelcitizen.blueprint.CarBlueprint
17:47:25.430 DEBUG c.t.modelcitizen.ModelFactory#registerBlueprint - Registering class com.tobedevoured.modelcitizen.blueprint.WheelBlueprint blueprint for class com.tobedevoured.modelcitizen.model.Wheel
17:47:25.430 DEBUG c.t.modelcitizen.ModelFactory#registerBlueprint - Registering ConstructorCallback for class com.tobedevoured.modelcitizen.blueprint.WheelBlueprint
17:47:25.430 DEBUG c.t.modelcitizen.ModelFactory#registerBlueprint - Registering class com.tobedevoured.modelcitizen.blueprint.DriverBlueprint blueprint for class com.tobedevoured.modelcitizen.model.Driver
17:47:25.430 DEBUG c.t.modelcitizen.ModelFactory#registerBlueprint - Registering class com.tobedevoured.modelcitizen.blueprint.UserBlueprint blueprint for class com.tobedevoured.modelcitizen.model.User
17:47:25.431 DEBUG c.t.modelcitizen.ModelFactory#registerBlueprint - Registering class com.tobedevoured.modelcitizen.blueprint.OptionBlueprint blueprint for class com.tobedevoured.modelcitizen.model.Option
Tests run: 2, Failures: 0, Errors: 0, Skipped: 0, Time elapsed: 0.001 sec
Running com.tobedevoured.modelcitizen.ErectorTest
Tests run: 1, Failures: 0, Errors: 0, Skipped: 0, Time elapsed: 0.001 sec
Running com.tobedevoured.modelcitizen.policy.SkipReferenceFieldPolicyTest
17:47:25.437 DEBUG c.t.modelcitizen.ModelFactory#registerBlueprint - Registering class com.tobedevoured.modelcitizen.blueprint.UserBlueprint blueprint for class com.tobedevoured.modelcitizen.model.User
17:47:25.438 INFO  c.t.modelcitizen.ModelFactory#addPolicy - Setting BlueprintPolicy com.tobedevoured.modelcitizen.policy.SkipReferenceFieldPolicy@1349883 for class com.tobedevoured.modelcitizen.model.User
17:47:25.438 DEBUG c.t.modelcitizen.ModelFactory#createModel -   Running Blueprint policies
17:47:25.439 INFO  c.t.modelcitizen.ModelFactory#createModel -     processing com.tobedevoured.modelcitizen.policy.SkipReferenceFieldPolicy@1349883
17:47:25.439 DEBUG c.t.m.p.SkipReferenceFieldPolicy#process -     class com.tobedevoured.modelcitizen.model.User com.tobedevoured.modelcitizen.field.DefaultField@97996e41
17:47:25.439 DEBUG c.t.m.p.SkipReferenceFieldPolicy#process -     class com.tobedevoured.modelcitizen.model.User com.tobedevoured.modelcitizen.field.DefaultField@f103cc2b
17:47:25.452 DEBUG c.t.modelcitizen.ModelFactory#createModel -   ModelField commands: [com.tobedevoured.modelcitizen.erector.Command$2@302c971f[command=skip-reference-injection]]
17:47:25.452 DEBUG c.t.modelcitizen.ModelFactory#createModel -   Running Blueprint policies
17:47:25.452 INFO  c.t.modelcitizen.ModelFactory#createModel -     processing com.tobedevoured.modelcitizen.policy.SkipReferenceFieldPolicy@1349883
17:47:25.452 DEBUG c.t.m.p.SkipReferenceFieldPolicy#process -     class com.tobedevoured.modelcitizen.model.User com.tobedevoured.modelcitizen.field.DefaultField@97996e41
17:47:25.452 DEBUG c.t.m.p.SkipReferenceFieldPolicy#process -     class com.tobedevoured.modelcitizen.model.User com.tobedevoured.modelcitizen.field.DefaultField@f103cc2b
17:47:25.453 DEBUG c.t.modelcitizen.ModelFactory#createModel -   ModelField commands: [com.tobedevoured.modelcitizen.erector.Command$2@302c971f[command=skip-reference-injection]]
Tests run: 1, Failures: 0, Errors: 0, Skipped: 0, Time elapsed: 0.016 sec
Running com.tobedevoured.modelcitizen.policy.MappedSingletonPolicyTest
17:47:25.454 DEBUG c.t.modelcitizen.ModelFactory#registerBlueprint - Registering class com.tobedevoured.modelcitizen.blueprint.CarBlueprint blueprint for class com.tobedevoured.modelcitizen.model.Car
17:47:25.454 DEBUG c.t.modelcitizen.ModelFactory#registerBlueprint - Registering AfterCreateCallback for class com.tobedevoured.modelcitizen.blueprint.CarBlueprint
17:47:25.454 DEBUG c.t.modelcitizen.ModelFactory#registerBlueprint - Registering class com.tobedevoured.modelcitizen.blueprint.WheelBlueprint blueprint for class com.tobedevoured.modelcitizen.model.Wheel
17:47:25.455 DEBUG c.t.modelcitizen.ModelFactory#registerBlueprint - Registering ConstructorCallback for class com.tobedevoured.modelcitizen.blueprint.WheelBlueprint
17:47:25.455 DEBUG c.t.modelcitizen.ModelFactory#registerBlueprint - Registering class com.tobedevoured.modelcitizen.blueprint.DriverBlueprint blueprint for class com.tobedevoured.modelcitizen.model.Driver
17:47:25.455 DEBUG c.t.modelcitizen.ModelFactory#registerBlueprint - Registering class com.tobedevoured.modelcitizen.blueprint.UserBlueprint blueprint for class com.tobedevoured.modelcitizen.model.User
17:47:25.455 DEBUG c.t.modelcitizen.ModelFactory#registerBlueprint - Registering class com.tobedevoured.modelcitizen.blueprint.OptionBlueprint blueprint for class com.tobedevoured.modelcitizen.model.Option
17:47:25.456 INFO  c.t.modelcitizen.ModelFactory#addPolicy - Setting FieldPolicy com.tobedevoured.modelcitizen.policy.MappedSingletonPolicy@548a24a for class com.tobedevoured.modelcitizen.model.Driver
17:47:25.464 DEBUG c.t.modelcitizen.ModelFactory#createModel -   Running Field policies
17:47:25.465 INFO  c.t.modelcitizen.ModelFactory#createModel -     processing com.tobedevoured.modelcitizen.policy.MappedSingletonPolicy@548a24a for class com.tobedevoured.modelcitizen.model.Driver
17:47:25.465 DEBUG c.t.m.policy.MappedSingletonPolicy#process - processing com.tobedevoured.modelcitizen.field.MappedField@cf8a473e for com.tobedevoured.modelcitizen.model.Car@65987993
17:47:25.465 DEBUG c.t.m.policy.MappedSingletonPolicy#process -   creating singleton for class com.tobedevoured.modelcitizen.model.Driver
17:47:25.465 DEBUG c.t.modelcitizen.ModelFactory#createModel -   ModelField commands: [com.tobedevoured.modelcitizen.erector.Command$1@6b695b06[command=skip-injection]]
17:47:25.465 DEBUG c.t.modelcitizen.ModelFactory#createModel -   Running Field policies
17:47:25.466 INFO  c.t.modelcitizen.ModelFactory#createModel -     processing com.tobedevoured.modelcitizen.policy.MappedSingletonPolicy@548a24a for class com.tobedevoured.modelcitizen.model.Driver
17:47:25.466 DEBUG c.t.m.policy.MappedSingletonPolicy#process - processing com.tobedevoured.modelcitizen.field.MappedField@ad61dd86 for com.tobedevoured.modelcitizen.model.Car@65987993
17:47:25.466 DEBUG c.t.modelcitizen.ModelFactory#createModel -   ModelField commands: [com.tobedevoured.modelcitizen.erector.Command$1@6b695b06[command=skip-injection]]
17:47:25.469 DEBUG c.t.modelcitizen.ModelFactory#createModel -   Running Field policies
17:47:25.469 INFO  c.t.modelcitizen.ModelFactory#createModel -     processing com.tobedevoured.modelcitizen.policy.MappedSingletonPolicy@548a24a for class com.tobedevoured.modelcitizen.model.Driver
17:47:25.469 DEBUG c.t.m.policy.MappedSingletonPolicy#process - processing com.tobedevoured.modelcitizen.field.MappedField@cf8a473e for com.tobedevoured.modelcitizen.model.Car@673fdbce
17:47:25.469 DEBUG c.t.modelcitizen.ModelFactory#createModel -   ModelField commands: [com.tobedevoured.modelcitizen.erector.Command$1@6b695b06[command=skip-injection]]
17:47:25.470 DEBUG c.t.modelcitizen.ModelFactory#createModel -   Running Field policies
17:47:25.470 INFO  c.t.modelcitizen.ModelFactory#createModel -     processing com.tobedevoured.modelcitizen.policy.MappedSingletonPolicy@548a24a for class com.tobedevoured.modelcitizen.model.Driver
17:47:25.470 DEBUG c.t.m.policy.MappedSingletonPolicy#process - processing com.tobedevoured.modelcitizen.field.MappedField@ad61dd86 for com.tobedevoured.modelcitizen.model.Car@673fdbce
17:47:25.470 DEBUG c.t.modelcitizen.ModelFactory#createModel -   ModelField commands: [com.tobedevoured.modelcitizen.erector.Command$1@6b695b06[command=skip-injection]]
17:47:25.479 DEBUG c.t.modelcitizen.ModelFactory#createModel -   Running Field policies
17:47:25.479 INFO  c.t.modelcitizen.ModelFactory#createModel -     processing com.tobedevoured.modelcitizen.policy.MappedSingletonPolicy@548a24a for class com.tobedevoured.modelcitizen.model.Driver
17:47:25.479 DEBUG c.t.m.policy.MappedSingletonPolicy#process - processing com.tobedevoured.modelcitizen.field.MappedField@cf8a473e for com.tobedevoured.modelcitizen.model.Car@7a5ceedd
17:47:25.479 DEBUG c.t.modelcitizen.ModelFactory#createModel -   ModelField commands: [com.tobedevoured.modelcitizen.erector.Command$1@6b695b06[command=skip-injection]]
17:47:25.479 DEBUG c.t.modelcitizen.ModelFactory#createModel -   Running Field policies
17:47:25.479 INFO  c.t.modelcitizen.ModelFactory#createModel -     processing com.tobedevoured.modelcitizen.policy.MappedSingletonPolicy@548a24a for class com.tobedevoured.modelcitizen.model.Driver
17:47:25.479 DEBUG c.t.m.policy.MappedSingletonPolicy#process - processing com.tobedevoured.modelcitizen.field.MappedField@ad61dd86 for com.tobedevoured.modelcitizen.model.Car@7a5ceedd
17:47:25.479 DEBUG c.t.modelcitizen.ModelFactory#createModel -   ModelField commands: [com.tobedevoured.modelcitizen.erector.Command$1@6b695b06[command=skip-injection]]
17:47:25.480 DEBUG c.t.modelcitizen.ModelFactory#registerBlueprint - Registering class com.tobedevoured.modelcitizen.blueprint.CarBlueprint blueprint for class com.tobedevoured.modelcitizen.model.Car
17:47:25.481 DEBUG c.t.modelcitizen.ModelFactory#registerBlueprint - Registering AfterCreateCallback for class com.tobedevoured.modelcitizen.blueprint.CarBlueprint
17:47:25.481 DEBUG c.t.modelcitizen.ModelFactory#registerBlueprint - Registering class com.tobedevoured.modelcitizen.blueprint.WheelBlueprint blueprint for class com.tobedevoured.modelcitizen.model.Wheel
17:47:25.481 DEBUG c.t.modelcitizen.ModelFactory#registerBlueprint - Registering ConstructorCallback for class com.tobedevoured.modelcitizen.blueprint.WheelBlueprint
17:47:25.481 DEBUG c.t.modelcitizen.ModelFactory#registerBlueprint - Registering class com.tobedevoured.modelcitizen.blueprint.DriverBlueprint blueprint for class com.tobedevoured.modelcitizen.model.Driver
17:47:25.481 DEBUG c.t.modelcitizen.ModelFactory#registerBlueprint - Registering class com.tobedevoured.modelcitizen.blueprint.UserBlueprint blueprint for class com.tobedevoured.modelcitizen.model.User
17:47:25.481 DEBUG c.t.modelcitizen.ModelFactory#registerBlueprint - Registering class com.tobedevoured.modelcitizen.blueprint.OptionBlueprint blueprint for class com.tobedevoured.modelcitizen.model.Option
17:47:25.482 INFO  c.t.modelcitizen.ModelFactory#addPolicy - Setting FieldPolicy com.tobedevoured.modelcitizen.policy.MappedSingletonPolicy@710636b0 for class com.tobedevoured.modelcitizen.model.Driver
17:47:25.483 DEBUG c.t.modelcitizen.ModelFactory#createModel -   Running Field policies
17:47:25.483 INFO  c.t.modelcitizen.ModelFactory#createModel -     processing com.tobedevoured.modelcitizen.policy.MappedSingletonPolicy@710636b0 for class com.tobedevoured.modelcitizen.model.Driver
17:47:25.483 DEBUG c.t.m.policy.MappedSingletonPolicy#process - processing com.tobedevoured.modelcitizen.field.MappedField@cf8a473e for com.tobedevoured.modelcitizen.model.Car@239a307b
17:47:25.484 DEBUG c.t.modelcitizen.ModelFactory#createModel -   ModelField commands: [com.tobedevoured.modelcitizen.erector.Command$1@6b695b06[command=skip-injection]]
17:47:25.484 DEBUG c.t.modelcitizen.ModelFactory#createModel -   Running Field policies
17:47:25.484 INFO  c.t.modelcitizen.ModelFactory#createModel -     processing com.tobedevoured.modelcitizen.policy.MappedSingletonPolicy@710636b0 for class com.tobedevoured.modelcitizen.model.Driver
17:47:25.484 DEBUG c.t.m.policy.MappedSingletonPolicy#process - processing com.tobedevoured.modelcitizen.field.MappedField@ad61dd86 for com.tobedevoured.modelcitizen.model.Car@239a307b
17:47:25.484 DEBUG c.t.modelcitizen.ModelFactory#createModel -   ModelField commands: [com.tobedevoured.modelcitizen.erector.Command$1@6b695b06[command=skip-injection]]
17:47:25.486 DEBUG c.t.modelcitizen.ModelFactory#createModel -   Running Field policies
17:47:25.486 INFO  c.t.modelcitizen.ModelFactory#createModel -     processing com.tobedevoured.modelcitizen.policy.MappedSingletonPolicy@710636b0 for class com.tobedevoured.modelcitizen.model.Driver
17:47:25.486 DEBUG c.t.m.policy.MappedSingletonPolicy#process - processing com.tobedevoured.modelcitizen.field.MappedField@cf8a473e for com.tobedevoured.modelcitizen.model.Car@17bffc17
17:47:25.486 DEBUG c.t.modelcitizen.ModelFactory#createModel -   ModelField commands: [com.tobedevoured.modelcitizen.erector.Command$1@6b695b06[command=skip-injection]]
17:47:25.486 DEBUG c.t.modelcitizen.ModelFactory#createModel -   Running Field policies
17:47:25.486 INFO  c.t.modelcitizen.ModelFactory#createModel -     processing com.tobedevoured.modelcitizen.policy.MappedSingletonPolicy@710636b0 for class com.tobedevoured.modelcitizen.model.Driver
17:47:25.486 DEBUG c.t.m.policy.MappedSingletonPolicy#process - processing com.tobedevoured.modelcitizen.field.MappedField@ad61dd86 for com.tobedevoured.modelcitizen.model.Car@17bffc17
17:47:25.487 DEBUG c.t.modelcitizen.ModelFactory#createModel -   ModelField commands: [com.tobedevoured.modelcitizen.erector.Command$1@6b695b06[command=skip-injection]]
17:47:25.488 DEBUG c.t.modelcitizen.ModelFactory#createModel -   Running Field policies
17:47:25.489 INFO  c.t.modelcitizen.ModelFactory#createModel -     processing com.tobedevoured.modelcitizen.policy.MappedSingletonPolicy@710636b0 for class com.tobedevoured.modelcitizen.model.Driver
17:47:25.489 DEBUG c.t.m.policy.MappedSingletonPolicy#process - processing com.tobedevoured.modelcitizen.field.MappedField@cf8a473e for com.tobedevoured.modelcitizen.model.Car@15a34df2
17:47:25.489 DEBUG c.t.modelcitizen.ModelFactory#createModel -   ModelField commands: [com.tobedevoured.modelcitizen.erector.Command$1@6b695b06[command=skip-injection]]
17:47:25.489 DEBUG c.t.modelcitizen.ModelFactory#createModel -   Running Field policies
17:47:25.489 INFO  c.t.modelcitizen.ModelFactory#createModel -     processing com.tobedevoured.modelcitizen.policy.MappedSingletonPolicy@710636b0 for class com.tobedevoured.modelcitizen.model.Driver
17:47:25.489 DEBUG c.t.m.policy.MappedSingletonPolicy#process - processing com.tobedevoured.modelcitizen.field.MappedField@ad61dd86 for com.tobedevoured.modelcitizen.model.Car@15a34df2
17:47:25.489 DEBUG c.t.modelcitizen.ModelFactory#createModel -   ModelField commands: [com.tobedevoured.modelcitizen.erector.Command$1@6b695b06[command=skip-injection]]
Tests run: 2, Failures: 0, Errors: 0, Skipped: 0, Time elapsed: 0.036 sec
Running com.tobedevoured.modelcitizen.modelfactory.LoadBlueprintsTest
17:47:25.491 DEBUG c.t.modelcitizen.ModelFactory#registerBlueprint - Registering class com.tobedevoured.modelcitizen.blueprint.CarBlueprint blueprint for class com.tobedevoured.modelcitizen.model.Car
17:47:25.492 DEBUG c.t.modelcitizen.ModelFactory#registerBlueprint - Registering AfterCreateCallback for class com.tobedevoured.modelcitizen.blueprint.CarBlueprint
17:47:25.492 DEBUG c.t.modelcitizen.ModelFactory#registerBlueprint - Registering class com.tobedevoured.modelcitizen.blueprint.WheelBlueprint blueprint for class com.tobedevoured.modelcitizen.model.Wheel
17:47:25.492 DEBUG c.t.modelcitizen.ModelFactory#registerBlueprint - Registering ConstructorCallback for class com.tobedevoured.modelcitizen.blueprint.WheelBlueprint
17:47:25.492 DEBUG c.t.modelcitizen.ModelFactory#registerBlueprint - Registering class com.tobedevoured.modelcitizen.blueprint.DriverBlueprint blueprint for class com.tobedevoured.modelcitizen.model.Driver
17:47:25.492 DEBUG c.t.modelcitizen.ModelFactory#registerBlueprint - Registering class com.tobedevoured.modelcitizen.blueprint.UserBlueprint blueprint for class com.tobedevoured.modelcitizen.model.User
17:47:25.493 DEBUG c.t.modelcitizen.ModelFactory#registerBlueprint - Registering class com.tobedevoured.modelcitizen.blueprint.OptionBlueprint blueprint for class com.tobedevoured.modelcitizen.model.Option
17:47:25.495 DEBUG c.t.modelcitizen.ModelFactory#registerBlueprint - Registering class com.tobedevoured.modelcitizen.blueprint.CarBlueprint blueprint for class com.tobedevoured.modelcitizen.model.Car
17:47:25.496 DEBUG c.t.modelcitizen.ModelFactory#registerBlueprint - Registering AfterCreateCallback for class com.tobedevoured.modelcitizen.blueprint.CarBlueprint
17:47:25.496 DEBUG c.t.modelcitizen.ModelFactory#registerBlueprint - Registering class com.tobedevoured.modelcitizen.blueprint.WheelBlueprint blueprint for class com.tobedevoured.modelcitizen.model.Wheel
17:47:25.496 DEBUG c.t.modelcitizen.ModelFactory#registerBlueprint - Registering ConstructorCallback for class com.tobedevoured.modelcitizen.blueprint.WheelBlueprint
17:47:25.496 DEBUG c.t.modelcitizen.ModelFactory#registerBlueprint - Registering class com.tobedevoured.modelcitizen.blueprint.DriverBlueprint blueprint for class com.tobedevoured.modelcitizen.model.Driver
17:47:25.496 DEBUG c.t.modelcitizen.ModelFactory#registerBlueprint - Registering class com.tobedevoured.modelcitizen.blueprint.UserBlueprint blueprint for class com.tobedevoured.modelcitizen.model.User
17:47:25.496 DEBUG c.t.modelcitizen.ModelFactory#registerBlueprint - Registering class com.tobedevoured.modelcitizen.blueprint.OptionBlueprint blueprint for class com.tobedevoured.modelcitizen.model.Option
17:47:25.497 DEBUG c.t.modelcitizen.ModelFactory#registerBlueprint - Registering class com.tobedevoured.modelcitizen.blueprint.CarBlueprint blueprint for class com.tobedevoured.modelcitizen.model.Car
17:47:25.497 DEBUG c.t.modelcitizen.ModelFactory#registerBlueprint - Registering AfterCreateCallback for class com.tobedevoured.modelcitizen.blueprint.CarBlueprint
17:47:25.497 DEBUG c.t.modelcitizen.ModelFactory#registerBlueprint - Registering class com.tobedevoured.modelcitizen.blueprint.WheelBlueprint blueprint for class com.tobedevoured.modelcitizen.model.Wheel
17:47:25.497 DEBUG c.t.modelcitizen.ModelFactory#registerBlueprint - Registering ConstructorCallback for class com.tobedevoured.modelcitizen.blueprint.WheelBlueprint
17:47:25.497 DEBUG c.t.modelcitizen.ModelFactory#registerBlueprint - Registering class com.tobedevoured.modelcitizen.blueprint.DriverBlueprint blueprint for class com.tobedevoured.modelcitizen.model.Driver
17:47:25.497 DEBUG c.t.modelcitizen.ModelFactory#registerBlueprint - Registering class com.tobedevoured.modelcitizen.blueprint.UserBlueprint blueprint for class com.tobedevoured.modelcitizen.model.User
17:47:25.498 DEBUG c.t.modelcitizen.ModelFactory#registerBlueprint - Registering class com.tobedevoured.modelcitizen.blueprint.OptionBlueprint blueprint for class com.tobedevoured.modelcitizen.model.Option
17:47:25.508 INFO  c.t.modelcitizen.ModelFactory#setRegisterBlueprintsByPackage - Scanned com.tobedevoured.modelcitizen and found [class com.tobedevoured.modelcitizen.blueprint.SpareTireBlueprint, class com.tobedevoured.modelcitizen.blueprint.UserBlueprint, class com.tobedevoured.modelcitizen.blueprint.OptionBlueprint, class com.tobedevoured.modelcitizen.blueprint.WheelBlueprint, class com.tobedevoured.modelcitizen.blueprint.CarBlueprint, class com.tobedevoured.modelcitizen.blueprint.DriverBlueprint]
17:47:25.508 DEBUG c.t.modelcitizen.ModelFactory#registerBlueprint - Registering class com.tobedevoured.modelcitizen.blueprint.SpareTireBlueprint blueprint for class com.tobedevoured.modelcitizen.model.SpareTire
17:47:25.508 DEBUG c.t.modelcitizen.ModelFactory#registerBlueprint - Registering ConstructorCallback for class com.tobedevoured.modelcitizen.blueprint.SpareTireBlueprint
17:47:25.509 DEBUG c.t.modelcitizen.ModelFactory#registerBlueprint - Registering class com.tobedevoured.modelcitizen.blueprint.UserBlueprint blueprint for class com.tobedevoured.modelcitizen.model.User
17:47:25.509 DEBUG c.t.modelcitizen.ModelFactory#registerBlueprint - Registering class com.tobedevoured.modelcitizen.blueprint.OptionBlueprint blueprint for class com.tobedevoured.modelcitizen.model.Option
17:47:25.509 DEBUG c.t.modelcitizen.ModelFactory#registerBlueprint - Registering class com.tobedevoured.modelcitizen.blueprint.WheelBlueprint blueprint for class com.tobedevoured.modelcitizen.model.Wheel
17:47:25.509 DEBUG c.t.modelcitizen.ModelFactory#registerBlueprint - Registering ConstructorCallback for class com.tobedevoured.modelcitizen.blueprint.WheelBlueprint
17:47:25.509 DEBUG c.t.modelcitizen.ModelFactory#registerBlueprint - Registering class com.tobedevoured.modelcitizen.blueprint.CarBlueprint blueprint for class com.tobedevoured.modelcitizen.model.Car
17:47:25.509 DEBUG c.t.modelcitizen.ModelFactory#registerBlueprint - Registering AfterCreateCallback for class com.tobedevoured.modelcitizen.blueprint.CarBlueprint
17:47:25.509 DEBUG c.t.modelcitizen.ModelFactory#registerBlueprint - Registering class com.tobedevoured.modelcitizen.blueprint.DriverBlueprint blueprint for class com.tobedevoured.modelcitizen.model.Driver
17:47:25.510 DEBUG c.t.modelcitizen.ModelFactory#registerBlueprint - Registering class com.tobedevoured.modelcitizen.blueprint.CarBlueprint blueprint for class com.tobedevoured.modelcitizen.model.Car
17:47:25.510 DEBUG c.t.modelcitizen.ModelFactory#registerBlueprint - Registering AfterCreateCallback for class com.tobedevoured.modelcitizen.blueprint.CarBlueprint
17:47:25.510 DEBUG c.t.modelcitizen.ModelFactory#registerBlueprint - Registering class com.tobedevoured.modelcitizen.blueprint.WheelBlueprint blueprint for class com.tobedevoured.modelcitizen.model.Wheel
17:47:25.510 DEBUG c.t.modelcitizen.ModelFactory#registerBlueprint - Registering ConstructorCallback for class com.tobedevoured.modelcitizen.blueprint.WheelBlueprint
17:47:25.510 DEBUG c.t.modelcitizen.ModelFactory#registerBlueprint - Registering class com.tobedevoured.modelcitizen.blueprint.DriverBlueprint blueprint for class com.tobedevoured.modelcitizen.model.Driver
17:47:25.510 DEBUG c.t.modelcitizen.ModelFactory#registerBlueprint - Registering class com.tobedevoured.modelcitizen.blueprint.UserBlueprint blueprint for class com.tobedevoured.modelcitizen.model.User
17:47:25.511 DEBUG c.t.modelcitizen.ModelFactory#registerBlueprint - Registering class com.tobedevoured.modelcitizen.blueprint.OptionBlueprint blueprint for class com.tobedevoured.modelcitizen.model.Option
Tests run: 4, Failures: 0, Errors: 0, Skipped: 0, Time elapsed: 0.02 sec
Running com.tobedevoured.modelcitizen.modelfactory.CustomTemplateTest
17:47:25.511 DEBUG c.t.modelcitizen.ModelFactory#registerBlueprint - Registering class com.tobedevoured.modelcitizen.blueprint.WheelBlueprint blueprint for class com.tobedevoured.modelcitizen.model.Wheel
17:47:25.512 DEBUG c.t.modelcitizen.ModelFactory#registerBlueprint - Registering ConstructorCallback for class com.tobedevoured.modelcitizen.blueprint.WheelBlueprint
17:47:25.512 DEBUG c.t.modelcitizen.ModelFactory#registerBlueprint - Registering class com.tobedevoured.modelcitizen.blueprint.OptionBlueprint blueprint for class com.tobedevoured.modelcitizen.model.Option
Tests run: 1, Failures: 0, Errors: 0, Skipped: 0, Time elapsed: 0 sec
Running com.tobedevoured.modelcitizen.modelfactory.ByReferenceTest
17:47:25.513 DEBUG c.t.modelcitizen.ModelFactory#registerBlueprint - Registering class com.tobedevoured.modelcitizen.blueprint.CarBlueprint blueprint for class com.tobedevoured.modelcitizen.model.Car
17:47:25.513 DEBUG c.t.modelcitizen.ModelFactory#registerBlueprint - Registering AfterCreateCallback for class com.tobedevoured.modelcitizen.blueprint.CarBlueprint
17:47:25.513 DEBUG c.t.modelcitizen.ModelFactory#registerBlueprint - Registering class com.tobedevoured.modelcitizen.blueprint.WheelBlueprint blueprint for class com.tobedevoured.modelcitizen.model.Wheel
17:47:25.513 DEBUG c.t.modelcitizen.ModelFactory#registerBlueprint - Registering ConstructorCallback for class com.tobedevoured.modelcitizen.blueprint.WheelBlueprint
17:47:25.513 DEBUG c.t.modelcitizen.ModelFactory#registerBlueprint - Registering class com.tobedevoured.modelcitizen.blueprint.DriverBlueprint blueprint for class com.tobedevoured.modelcitizen.model.Driver
17:47:25.513 DEBUG c.t.modelcitizen.ModelFactory#registerBlueprint - Registering class com.tobedevoured.modelcitizen.blueprint.UserBlueprint blueprint for class com.tobedevoured.modelcitizen.model.User
17:47:25.514 DEBUG c.t.modelcitizen.ModelFactory#registerBlueprint - Registering class com.tobedevoured.modelcitizen.blueprint.OptionBlueprint blueprint for class com.tobedevoured.modelcitizen.model.Option
Tests run: 1, Failures: 0, Errors: 0, Skipped: 0, Time elapsed: 0.004 sec
Running com.tobedevoured.modelcitizen.modelfactory.BlueprintInheritanceTest
17:47:25.518 DEBUG c.t.modelcitizen.ModelFactory#registerBlueprint - Registering class com.tobedevoured.modelcitizen.blueprint.WheelBlueprint blueprint for class com.tobedevoured.modelcitizen.model.Wheel
17:47:25.518 DEBUG c.t.modelcitizen.ModelFactory#registerBlueprint - Registering ConstructorCallback for class com.tobedevoured.modelcitizen.blueprint.WheelBlueprint
17:47:25.518 DEBUG c.t.modelcitizen.ModelFactory#registerBlueprint - Registering class com.tobedevoured.modelcitizen.blueprint.SpareTireBlueprint blueprint for class com.tobedevoured.modelcitizen.model.SpareTire
17:47:25.518 DEBUG c.t.modelcitizen.ModelFactory#registerBlueprint - Registering ConstructorCallback for class com.tobedevoured.modelcitizen.blueprint.SpareTireBlueprint
17:47:25.518 DEBUG c.t.modelcitizen.ModelFactory#registerBlueprint - Registering class com.tobedevoured.modelcitizen.blueprint.OptionBlueprint blueprint for class com.tobedevoured.modelcitizen.model.Option
Tests run: 1, Failures: 0, Errors: 0, Skipped: 0, Time elapsed: 0.002 sec
Running com.tobedevoured.modelcitizen.modelfactory.ByClassTest
17:47:25.521 DEBUG c.t.modelcitizen.ModelFactory#registerBlueprint - Registering class com.tobedevoured.modelcitizen.blueprint.CarBlueprint blueprint for class com.tobedevoured.modelcitizen.model.Car
17:47:25.521 DEBUG c.t.modelcitizen.ModelFactory#registerBlueprint - Registering AfterCreateCallback for class com.tobedevoured.modelcitizen.blueprint.CarBlueprint
17:47:25.521 DEBUG c.t.modelcitizen.ModelFactory#registerBlueprint - Registering class com.tobedevoured.modelcitizen.blueprint.WheelBlueprint blueprint for class com.tobedevoured.modelcitizen.model.Wheel
17:47:25.521 DEBUG c.t.modelcitizen.ModelFactory#registerBlueprint - Registering ConstructorCallback for class com.tobedevoured.modelcitizen.blueprint.WheelBlueprint
17:47:25.521 DEBUG c.t.modelcitizen.ModelFactory#registerBlueprint - Registering class com.tobedevoured.modelcitizen.blueprint.DriverBlueprint blueprint for class com.tobedevoured.modelcitizen.model.Driver
17:47:25.521 DEBUG c.t.modelcitizen.ModelFactory#registerBlueprint - Registering class com.tobedevoured.modelcitizen.blueprint.UserBlueprint blueprint for class com.tobedevoured.modelcitizen.model.User
17:47:25.521 DEBUG c.t.modelcitizen.ModelFactory#registerBlueprint - Registering class com.tobedevoured.modelcitizen.blueprint.OptionBlueprint blueprint for class com.tobedevoured.modelcitizen.model.Option
17:47:25.524 DEBUG c.t.modelcitizen.ModelFactory#registerBlueprint - Registering class com.tobedevoured.modelcitizen.blueprint.CarBlueprint blueprint for class com.tobedevoured.modelcitizen.model.Car
17:47:25.524 DEBUG c.t.modelcitizen.ModelFactory#registerBlueprint - Registering AfterCreateCallback for class com.tobedevoured.modelcitizen.blueprint.CarBlueprint
17:47:25.524 DEBUG c.t.modelcitizen.ModelFactory#registerBlueprint - Registering class com.tobedevoured.modelcitizen.blueprint.WheelBlueprint blueprint for class com.tobedevoured.modelcitizen.model.Wheel
17:47:25.524 DEBUG c.t.modelcitizen.ModelFactory#registerBlueprint - Registering ConstructorCallback for class com.tobedevoured.modelcitizen.blueprint.WheelBlueprint
17:47:25.524 DEBUG c.t.modelcitizen.ModelFactory#registerBlueprint - Registering class com.tobedevoured.modelcitizen.blueprint.DriverBlueprint blueprint for class com.tobedevoured.modelcitizen.model.Driver
17:47:25.524 DEBUG c.t.modelcitizen.ModelFactory#registerBlueprint - Registering class com.tobedevoured.modelcitizen.blueprint.UserBlueprint blueprint for class com.tobedevoured.modelcitizen.model.User
17:47:25.524 DEBUG c.t.modelcitizen.ModelFactory#registerBlueprint - Registering class com.tobedevoured.modelcitizen.blueprint.OptionBlueprint blueprint for class com.tobedevoured.modelcitizen.model.Option
Tests run: 2, Failures: 0, Errors: 0, Skipped: 0, Time elapsed: 0.007 sec
Running com.tobedevoured.modelcitizen.callback.ConstructorCallbackTest
17:47:25.527 DEBUG c.t.modelcitizen.ModelFactory#registerBlueprint - Registering class com.tobedevoured.modelcitizen.blueprint.WheelBlueprint blueprint for class com.tobedevoured.modelcitizen.model.Wheel
17:47:25.527 DEBUG c.t.modelcitizen.ModelFactory#registerBlueprint - Registering ConstructorCallback for class com.tobedevoured.modelcitizen.blueprint.WheelBlueprint
17:47:25.528 DEBUG c.t.modelcitizen.ModelFactory#registerBlueprint - Registering class com.tobedevoured.modelcitizen.blueprint.OptionBlueprint blueprint for class com.tobedevoured.modelcitizen.model.Option
17:47:25.528 DEBUG c.t.modelcitizen.ModelFactory#registerBlueprint - Registering class com.tobedevoured.modelcitizen.blueprint.CarBlueprint blueprint for class com.tobedevoured.modelcitizen.model.Car
17:47:25.528 DEBUG c.t.modelcitizen.ModelFactory#registerBlueprint - Registering AfterCreateCallback for class com.tobedevoured.modelcitizen.blueprint.CarBlueprint
WARNING: An illegal reflective access operation has occurred
WARNING: Illegal reflective access by org.mockito.cglib.core.ReflectUtils$2 (file:/home/maven/.m2/repository/org/mockito/mockito-core/1.9.5/mockito-core-1.9.5.jar) to method java.lang.ClassLoader.defineClass(java.lang.String,byte[],int,int,java.security.ProtectionDomain)
WARNING: Please consider reporting this to the maintainers of org.mockito.cglib.core.ReflectUtils$2
WARNING: Use --illegal-access=warn to enable warnings of further illegal reflective access operations
WARNING: All illegal access operations will be denied in a future release
17:47:25.596 DEBUG c.t.modelcitizen.ModelFactory#registerBlueprint - Registering class com.tobedevoured.modelcitizen.blueprint.WheelBlueprint blueprint for class com.tobedevoured.modelcitizen.model.Wheel
17:47:25.596 DEBUG c.t.modelcitizen.ModelFactory#registerBlueprint - Registering ConstructorCallback for class com.tobedevoured.modelcitizen.blueprint.WheelBlueprint
17:47:25.596 DEBUG c.t.modelcitizen.ModelFactory#registerBlueprint - Registering class com.tobedevoured.modelcitizen.blueprint.OptionBlueprint blueprint for class com.tobedevoured.modelcitizen.model.Option
17:47:25.596 DEBUG c.t.modelcitizen.ModelFactory#registerBlueprint - Registering class com.tobedevoured.modelcitizen.blueprint.CarBlueprint blueprint for class com.tobedevoured.modelcitizen.model.Car
17:47:25.596 DEBUG c.t.modelcitizen.ModelFactory#registerBlueprint - Registering AfterCreateCallback for class com.tobedevoured.modelcitizen.blueprint.CarBlueprint
Tests run: 2, Failures: 0, Errors: 0, Skipped: 0, Time elapsed: 0.069 sec
Running com.tobedevoured.modelcitizen.callback.FieldCallbackTest
17:47:25.598 DEBUG c.t.modelcitizen.ModelFactory#registerBlueprint - Registering class com.tobedevoured.modelcitizen.blueprint.UserBlueprint blueprint for class com.tobedevoured.modelcitizen.model.User
Tests run: 1, Failures: 0, Errors: 0, Skipped: 0, Time elapsed: 0.001 sec
Running com.tobedevoured.modelcitizen.callback.AfterCreateCallbackTest
17:47:25.599 DEBUG c.t.modelcitizen.ModelFactory#registerBlueprint - Registering class com.tobedevoured.modelcitizen.blueprint.DriverBlueprint blueprint for class com.tobedevoured.modelcitizen.model.Driver
17:47:25.599 DEBUG c.t.modelcitizen.ModelFactory#registerBlueprint - Registering class com.tobedevoured.modelcitizen.blueprint.WheelBlueprint blueprint for class com.tobedevoured.modelcitizen.model.Wheel
17:47:25.600 DEBUG c.t.modelcitizen.ModelFactory#registerBlueprint - Registering ConstructorCallback for class com.tobedevoured.modelcitizen.blueprint.WheelBlueprint
17:47:25.600 DEBUG c.t.modelcitizen.ModelFactory#registerBlueprint - Registering class com.tobedevoured.modelcitizen.blueprint.OptionBlueprint blueprint for class com.tobedevoured.modelcitizen.model.Option
17:47:25.600 DEBUG c.t.modelcitizen.ModelFactory#registerBlueprint - Registering class com.tobedevoured.modelcitizen.blueprint.CarBlueprint blueprint for class com.tobedevoured.modelcitizen.model.Car
17:47:25.600 DEBUG c.t.modelcitizen.ModelFactory#registerBlueprint - Registering AfterCreateCallback for class com.tobedevoured.modelcitizen.blueprint.CarBlueprint
Tests run: 1, Failures: 0, Errors: 0, Skipped: 0, Time elapsed: 0.003 sec

Results :

Tests run: 21, Failures: 0, Errors: 0, Skipped: 0

[INFO] 
[INFO] ----------------< com.tobedevoured.modelcitizen:spring >----------------
[INFO] Building spring 0.8.2                                              [3/3]
[INFO] --------------------------------[ jar ]---------------------------------
[INFO] 
[INFO] --- maven-resources-plugin:2.6:resources (default-resources) @ spring ---
[WARNING] Using platform encoding (UTF-8 actually) to copy filtered resources, i.e. build is platform dependent!
[INFO] skip non existing resourceDirectory /workdir/model-citizen/spring/src/main/resources
[INFO] 
[INFO] --- maven-compiler-plugin:2.0.2:compile (default-compile) @ spring ---
[INFO] Nothing to compile - all classes are up to date
[INFO] 
[INFO] --- maven-resources-plugin:2.6:testResources (default-testResources) @ spring ---
[WARNING] Using platform encoding (UTF-8 actually) to copy filtered resources, i.e. build is platform dependent!
[INFO] Copying 1 resource
[INFO] 
[INFO] --- maven-compiler-plugin:2.0.2:testCompile (default-testCompile) @ spring ---
[INFO] Nothing to compile - all classes are up to date
[INFO] 
[INFO] --- maven-surefire-plugin:2.12.4:test (default-test) @ spring ---
[INFO] Surefire report directory: /workdir/model-citizen/spring/target/surefire-reports

-------------------------------------------------------
 T E S T S
-------------------------------------------------------
Running com.tobedevoured.modelcitizen.spring.ModelFactoryBeanTest
Feb 14, 2021 5:47:26 PM org.springframework.beans.factory.xml.XmlBeanDefinitionReader loadBeanDefinitions
INFO: Loading XML bean definitions from class path resource [testContext.xml]
Feb 14, 2021 5:47:26 PM org.springframework.context.support.GenericApplicationContext prepareRefresh
INFO: Refreshing org.springframework.context.support.GenericApplicationContext@1ed1993a: startup date [Sun Feb 14 17:47:26 UTC 2021]; root of context hierarchy
Feb 14, 2021 5:47:26 PM org.springframework.beans.factory.support.DefaultListableBeanFactory preInstantiateSingletons
INFO: Pre-instantiating singletons in org.springframework.beans.factory.support.DefaultListableBeanFactory@7161d8d1: defining beans [modelFactory,spareTire,org.springframework.context.annotation.internalConfigurationAnnotationProcessor,org.springframework.context.annotation.internalAutowiredAnnotationProcessor,org.springframework.context.annotation.internalRequiredAnnotationProcessor,org.springframework.context.annotation.ConfigurationClassPostProcessor.importAwareProcessor]; root of factory hierarchy
17:47:26,323 |-INFO in ch.qos.logback.classic.LoggerContext[default] - Could NOT find resource [logback.groovy]
17:47:26,324 |-INFO in ch.qos.logback.classic.LoggerContext[default] - Found resource [logback-test.xml] at [file:/workdir/model-citizen/core/target/test-classes/logback-test.xml]
17:47:26,346 |-INFO in ch.qos.logback.classic.joran.action.ConfigurationAction - debug attribute not set
17:47:26,351 |-INFO in ch.qos.logback.core.joran.action.AppenderAction - About to instantiate appender of type [ch.qos.logback.core.ConsoleAppender]
17:47:26,355 |-INFO in ch.qos.logback.core.joran.action.AppenderAction - Naming appender as [STDOUT]
17:47:26,408 |-WARN in ch.qos.logback.core.ConsoleAppender[STDOUT] - This appender no longer admits a layout as a sub-component, set an encoder instead.
17:47:26,408 |-WARN in ch.qos.logback.core.ConsoleAppender[STDOUT] - To ensure compatibility, wrapping your layout in LayoutWrappingEncoder.
17:47:26,408 |-WARN in ch.qos.logback.core.ConsoleAppender[STDOUT] - See also http://logback.qos.ch/codes.html#layoutInsteadOfEncoder for details
17:47:26,409 |-INFO in ch.qos.logback.classic.joran.action.LoggerAction - Setting level of logger [com.tobedevoured.modelcitizen] to DEBUG
17:47:26,409 |-INFO in ch.qos.logback.classic.joran.action.LevelAction - ROOT level set to INFO
17:47:26,409 |-INFO in ch.qos.logback.core.joran.action.AppenderRefAction - Attaching appender named [STDOUT] to Logger[ROOT]
17:47:26,409 |-INFO in ch.qos.logback.classic.joran.action.ConfigurationAction - End of configuration.
17:47:26,410 |-INFO in ch.qos.logback.classic.joran.JoranConfigurator@5812f68b - Registering current configuration as safe fallback point

17:47:26.456 INFO  c.t.m.spring.ModelFactoryBean#setRegisterBlueprintsByPackage - Scanned com.tobedevoured.modelcitizen and found [class com.tobedevoured.modelcitizen.blueprint.OptionBlueprint, class com.tobedevoured.modelcitizen.blueprint.DriverBlueprint, class com.tobedevoured.modelcitizen.blueprint.UserBlueprint, class com.tobedevoured.modelcitizen.blueprint.SpareTireBlueprint, class com.tobedevoured.modelcitizen.blueprint.SportsCarBlueprint, class com.tobedevoured.modelcitizen.blueprint.WheelBlueprint, class com.tobedevoured.modelcitizen.blueprint.CarBlueprint]
17:47:26.457 DEBUG c.t.m.spring.ModelFactoryBean#registerBlueprint - Registering class com.tobedevoured.modelcitizen.blueprint.OptionBlueprint blueprint for class com.tobedevoured.modelcitizen.model.Option
17:47:26.463 DEBUG c.t.m.spring.ModelFactoryBean#registerBlueprint - Registering class com.tobedevoured.modelcitizen.blueprint.DriverBlueprint blueprint for class com.tobedevoured.modelcitizen.model.Driver
17:47:26.464 DEBUG c.t.m.spring.ModelFactoryBean#registerBlueprint - Registering class com.tobedevoured.modelcitizen.blueprint.UserBlueprint blueprint for class com.tobedevoured.modelcitizen.model.User
17:47:26.465 DEBUG c.t.m.spring.ModelFactoryBean#registerBlueprint - Registering class com.tobedevoured.modelcitizen.blueprint.SpareTireBlueprint blueprint for class com.tobedevoured.modelcitizen.model.SpareTire
17:47:26.466 DEBUG c.t.m.spring.ModelFactoryBean#registerBlueprint - Registering ConstructorCallback for class com.tobedevoured.modelcitizen.blueprint.SpareTireBlueprint
17:47:26.467 DEBUG c.t.m.spring.ModelFactoryBean#registerBlueprint - Autowiring blueprint com.tobedevoured.modelcitizen.blueprint.SportsCarBlueprint@59d2400d
17:47:26.472 DEBUG c.t.m.spring.ModelFactoryBean#registerBlueprint - Registering class com.tobedevoured.modelcitizen.blueprint.SportsCarBlueprint blueprint for class com.tobedevoured.modelcitizen.model.SportsCar
17:47:26.473 DEBUG c.t.m.spring.ModelFactoryBean#registerBlueprint - Registering AfterCreateCallback for class com.tobedevoured.modelcitizen.blueprint.SportsCarBlueprint
17:47:26.473 DEBUG c.t.m.spring.ModelFactoryBean#registerBlueprint - Registering class com.tobedevoured.modelcitizen.blueprint.WheelBlueprint blueprint for class com.tobedevoured.modelcitizen.model.Wheel
17:47:26.473 DEBUG c.t.m.spring.ModelFactoryBean#registerBlueprint - Registering ConstructorCallback for class com.tobedevoured.modelcitizen.blueprint.WheelBlueprint
17:47:26.473 DEBUG c.t.m.spring.ModelFactoryBean#registerBlueprint - Registering class com.tobedevoured.modelcitizen.blueprint.CarBlueprint blueprint for class com.tobedevoured.modelcitizen.model.Car
17:47:26.474 DEBUG c.t.m.spring.ModelFactoryBean#registerBlueprint - Registering AfterCreateCallback for class com.tobedevoured.modelcitizen.blueprint.CarBlueprint
17:47:26.487 DEBUG c.t.m.spring.ModelFactoryBean#createNewInstance - Retrieving model from Spring [class com.tobedevoured.modelcitizen.model.SportsCar]
Tests run: 3, Failures: 0, Errors: 0, Skipped: 0, Time elapsed: 0.58 sec

Results :

Tests run: 3, Failures: 0, Errors: 0, Skipped: 0

[INFO] ------------------------------------------------------------------------
[INFO] Reactor Summary for parent 0.8.2:
[INFO] 
[INFO] parent ............................................. SUCCESS [  0.089 s]
[INFO] core ............................................... SUCCESS [  1.161 s]
[INFO] spring ............................................. SUCCESS [  0.897 s]
[INFO] ------------------------------------------------------------------------
[INFO] BUILD SUCCESS
[INFO] ------------------------------------------------------------------------
[INFO] Total time:  2.230 s
[INFO] Finished at: 2021-02-14T17:47:26Z
[INFO] ------------------------------------------------------------------------
