[INFO] Scanning for projects...
[INFO] 
[INFO] ------------------------< uk.ac.abdn:SimpleNLG >------------------------
[INFO] Building SimpleNLG 4.5.1-SNAPSHOT
[INFO] --------------------------------[ jar ]---------------------------------
[INFO] 
[INFO] --- maven-resources-plugin:2.6:resources (default-resources) @ SimpleNLG ---
[INFO] Using 'UTF-8' encoding to copy filtered resources.
[INFO] Copying 8 resources
[INFO] 
[INFO] --- maven-compiler-plugin:3.1:compile (default-compile) @ SimpleNLG ---
[INFO] Changes detected - recompiling the module!
[INFO] Compiling 99 source files to /workdir/simplenlg/target/classes
[WARNING] /workdir/simplenlg/src/main/java/simplenlg/framework/NLGElement.java: Some input files use or override a deprecated API.
[WARNING] /workdir/simplenlg/src/main/java/simplenlg/framework/NLGElement.java: Recompile with -Xlint:deprecation for details.
[INFO] 
[INFO] --- maven-resources-plugin:2.6:testResources (default-testResources) @ SimpleNLG ---
[INFO] Using 'UTF-8' encoding to copy filtered resources.
[INFO] Copying 16 resources
[INFO] 
[INFO] --- maven-antrun-plugin:1.8:run (unzip) @ SimpleNLG ---
[INFO] Executing tasks

main:
     [echo] ***** Unziping NIH Lexicon...
    [unzip] Expanding: /workdir/simplenlg/src/test/resources/NIHLexicon/lexAccess2013.data.zip into /workdir/simplenlg/src/test/resources/NIHLexicon
[INFO] Executed tasks
[INFO] 
[INFO] --- maven-compiler-plugin:3.1:testCompile (default-testCompile) @ SimpleNLG ---
[INFO] Nothing to compile - all classes are up to date
[INFO] 
[INFO] --- maven-surefire-plugin:2.5:test (default-test) @ SimpleNLG ---
[INFO] Surefire report directory: /workdir/simplenlg/target/surefire-reports

-------------------------------------------------------
 T E S T S
-------------------------------------------------------
Running simplenlg.syntax.english.HTMLFormatterTest
<p>This is the first sentence of paragraph 1.</p>
HTML realisation ~ 
=============================

<h1>This is a title</h1><h2>This is a section</h2><p>This is the first sentence of paragraph 1. This is the second sentence of paragraph 1.</p><p>This is the first sentence of paragraph 2.</p><p>This is the first sentence of paragraph 3.</p><h2>This section contains lists</h2><p>Mary chases the monkey. The monkey fights back. Mary is nervous.</p><ul><li>Item 1</li><li>Item 2</li><li>Item 3</li></ul>
Tests run: 2, Failures: 0, Errors: 0, Skipped: 0, Time elapsed: 0.375 sec
Running simplenlg.external.ExternalTest
INITIAL TREE

PhraseElement: category=CLAUSE, features={expletive_subject=false verb_phrase={realisation=null, category=VERB_PHRASE, features={head=WordElement[have:VERB], number=SINGULAR, negated=false, perfect=false, form=NORMAL, person=THIRD, complements=[{realisation=null, category=NOUN_PHRASE, features={head=changed copy, premodifiers=[one], number=SINGULAR, gender=NEUTER, acronym=false, discourse_function=OBJECT, person=THIRD, possessive=false, complements=[{realisation=null, category=PREPOSITIONAL_PHRASE, features={head=WordElement[of:PREPOSITION], discourse_function=OBJECT, complements=[{realisation=null, category=NOUN_PHRASE, features={head=FGFR3 gene in every cell, specifier=WordElement[the:DETERMINER], number=SINGULAR, gender=NEUTER, acronym=false, discourse_function=OBJECT, person=THIRD, possessive=false, raised=false, elided=false, adjective_ordering=true}}], elided=false}}], raised=false, elided=false, adjective_ordering=true}}], progressive=false, realise_auxiliary=true, elided=false, passive=false, tense=PRESENT}} subjects=[{realisation=null, features={conjunction=or, coordinates=[{realisation=null, category=NOUN_PHRASE, features={head=patient's mother, specifier=WordElement[the:DETERMINER], number=SINGULAR, gender=NEUTER, acronym=false, person=THIRD, possessive=false, raised=false, elided=false, adjective_ordering=true}}, {realisation=null, category=NOUN_PHRASE, features={head=patient's father, specifier=WordElement[the:DETERMINER], number=SINGULAR, gender=NEUTER, acronym=false, person=THIRD, possessive=false, raised=false, elided=false, adjective_ordering=true}}]}}] clause_status=MATRIX suppressed_complementiser=false elided=false complementiser=WordElement[that:COMPLEMENTISER] }
 |-CoordinatedPhraseElement:
 |  |-PhraseElement: category=NOUN_PHRASE, features={head=patient's mother specifier=WordElement[the:DETERMINER] number=SINGULAR gender=NEUTER acronym=false person=THIRD possessive=false raised=false elided=false adjective_ordering=true }
 |  |  |-WordElement: base=the, category=DETERMINER, {realisation=null, category=DETERMINER, features={default_infl=REGULAR, discourse_function=SPECIFIER}}
 |  |  \-StringElement: content="patient's mother", features={elided=false}
 |  \-PhraseElement: category=NOUN_PHRASE, features={head=patient's father specifier=WordElement[the:DETERMINER] number=SINGULAR gender=NEUTER acronym=false person=THIRD possessive=false raised=false elided=false adjective_ordering=true }
 |     |-WordElement: base=the, category=DETERMINER, {realisation=null, category=DETERMINER, features={default_infl=REGULAR, discourse_function=SPECIFIER}}
 |     \-StringElement: content="patient's father", features={elided=false}
 \-PhraseElement: category=VERB_PHRASE, features={head=WordElement[have:VERB] number=SINGULAR negated=false perfect=false form=NORMAL person=THIRD complements=[{realisation=null, category=NOUN_PHRASE, features={head=changed copy, premodifiers=[one], number=SINGULAR, gender=NEUTER, acronym=false, discourse_function=OBJECT, person=THIRD, possessive=false, complements=[{realisation=null, category=PREPOSITIONAL_PHRASE, features={head=WordElement[of:PREPOSITION], discourse_function=OBJECT, complements=[{realisation=null, category=NOUN_PHRASE, features={head=FGFR3 gene in every cell, specifier=WordElement[the:DETERMINER], number=SINGULAR, gender=NEUTER, acronym=false, discourse_function=OBJECT, person=THIRD, possessive=false, raised=false, elided=false, adjective_ordering=true}}], elided=false}}], raised=false, elided=false, adjective_ordering=true}}] progressive=false realise_auxiliary=true elided=false passive=false tense=PRESENT }
    |-WordElement: base=have, category=VERB, {realisation=null, category=VERB, features={default_infl=REGULAR, presentParticiple=having, past=had, present3s=has, intransitive=true, pastParticiple=had, transitive=true}}
    \-PhraseElement: category=NOUN_PHRASE, features={head=changed copy premodifiers=[one] number=SINGULAR gender=NEUTER acronym=false discourse_function=OBJECT person=THIRD possessive=false complements=[{realisation=null, category=PREPOSITIONAL_PHRASE, features={head=WordElement[of:PREPOSITION], discourse_function=OBJECT, complements=[{realisation=null, category=NOUN_PHRASE, features={head=FGFR3 gene in every cell, specifier=WordElement[the:DETERMINER], number=SINGULAR, gender=NEUTER, acronym=false, discourse_function=OBJECT, person=THIRD, possessive=false, raised=false, elided=false, adjective_ordering=true}}], elided=false}}] raised=false elided=false adjective_ordering=true }
       |-StringElement: content="one", features={elided=false}
       |-StringElement: content="changed copy", features={elided=false}
       \-PhraseElement: category=PREPOSITIONAL_PHRASE, features={head=WordElement[of:PREPOSITION] discourse_function=OBJECT complements=[{realisation=null, category=NOUN_PHRASE, features={head=FGFR3 gene in every cell, specifier=WordElement[the:DETERMINER], number=SINGULAR, gender=NEUTER, acronym=false, discourse_function=OBJECT, person=THIRD, possessive=false, raised=false, elided=false, adjective_ordering=true}}] elided=false }
          |-WordElement: base=of, category=PREPOSITION, {realisation=null, category=PREPOSITION, features={default_infl=REGULAR}}
          \-PhraseElement: category=NOUN_PHRASE, features={head=FGFR3 gene in every cell specifier=WordElement[the:DETERMINER] number=SINGULAR gender=NEUTER acronym=false discourse_function=OBJECT person=THIRD possessive=false raised=false elided=false adjective_ordering=true }
             |-WordElement: base=the, category=DETERMINER, {realisation=null, category=DETERMINER, features={default_infl=REGULAR, discourse_function=SPECIFIER}}
             \-StringElement: content="FGFR3 gene in every cell", features={elided=false}

<br/>POST-SYNTAX TREE<br/>
ListElement: features={components=[{realisation=null, features={conjunction=or, coordinates=[[InflectedWordElement[the:DETERMINER], patient's mother], InflectedWordElement[or:CONJUNCTION], [InflectedWordElement[the:DETERMINER], patient's father]]}}, [InflectedWordElement[have:VERB], [[one], changed copy, [[InflectedWordElement[of:PREPOSITION], [InflectedWordElement[the:DETERMINER], FGFR3 gene in every cell]]]]]] }
 |-CoordinatedPhraseElement:
 |  |-ListElement: features={components=[InflectedWordElement[the:DETERMINER], patient's mother] }
 |  |  |-InflectedWordElement: base=the, category=DETERMINER, {realisation=null, category=DETERMINER, features={default_infl=REGULAR, number=SINGULAR, base_word=WordElement[the:DETERMINER], discourse_function=SPECIFIER, base_form=the}}
 |  |  \-StringElement: content="patient's mother", features={number=SINGULAR, gender=NEUTER, acronym=false, discourse_function=SUBJECT, person=THIRD, possessive=false, elided=false}
 |  |-InflectedWordElement: base=or, category=CONJUNCTION, {realisation=null, category=CONJUNCTION, features={discourse_function=CONJUNCTION, base_form=or}}
 |  \-ListElement: features={components=[InflectedWordElement[the:DETERMINER], patient's father] }
 |     |-InflectedWordElement: base=the, category=DETERMINER, {realisation=null, category=DETERMINER, features={default_infl=REGULAR, number=SINGULAR, base_word=WordElement[the:DETERMINER], discourse_function=SPECIFIER, base_form=the}}
 |     \-StringElement: content="patient's father", features={number=SINGULAR, gender=NEUTER, acronym=false, discourse_function=SUBJECT, person=THIRD, elided=false}
 \-ListElement: features={components=[InflectedWordElement[have:VERB], [[one], changed copy, [[InflectedWordElement[of:PREPOSITION], [InflectedWordElement[the:DETERMINER], FGFR3 gene in every cell]]]]] discourse_function=VERB_PHRASE }
    |-InflectedWordElement: base=have, category=VERB, {realisation=null, category=VERB, features={number=SINGULAR, base_word=WordElement[have:VERB], person=THIRD, base_form=have, tense=PRESENT}}
    \-ListElement: features={components=[[one], changed copy, [[InflectedWordElement[of:PREPOSITION], [InflectedWordElement[the:DETERMINER], FGFR3 gene in every cell]]]] discourse_function=COMPLEMENT }
       |-ListElement: features={components=[one] }
       |  \-StringElement: content="one", features={discourse_function=PRE_MODIFIER, elided=false}
       |-StringElement: content="changed copy", features={number=SINGULAR, gender=NEUTER, acronym=false, discourse_function=SUBJECT, person=THIRD, possessive=false, elided=false}
       \-ListElement: features={components=[[InflectedWordElement[of:PREPOSITION], [InflectedWordElement[the:DETERMINER], FGFR3 gene in every cell]]] }
          \-ListElement: features={components=[InflectedWordElement[of:PREPOSITION], [InflectedWordElement[the:DETERMINER], FGFR3 gene in every cell]] discourse_function=COMPLEMENT }
             |-InflectedWordElement: base=of, category=PREPOSITION, {realisation=null, category=PREPOSITION, features={default_infl=REGULAR, base_word=WordElement[of:PREPOSITION], discourse_function=HEAD, base_form=of}}
             \-ListElement: features={components=[InflectedWordElement[the:DETERMINER], FGFR3 gene in every cell] discourse_function=COMPLEMENT }
                |-InflectedWordElement: base=the, category=DETERMINER, {realisation=null, category=DETERMINER, features={default_infl=REGULAR, number=SINGULAR, base_word=WordElement[the:DETERMINER], discourse_function=SPECIFIER, base_form=the}}
                \-StringElement: content="FGFR3 gene in every cell", features={number=SINGULAR, gender=NEUTER, acronym=false, discourse_function=SUBJECT, person=THIRD, possessive=false, elided=false}


POST-MORPHOLOGY TREE

ListElement: features={components=[{realisation=null, features={conjunction=or, coordinates=[[the, patient's mother], or, [the, patient's father]]}}, [has, [[one], changed copy, [[of, [the, FGFR3 gene in every cell]]]]]] }
 |-CoordinatedPhraseElement:
 |  |-ListElement: features={components=[the, patient's mother] }
 |  |  |-StringElement: content="the", features={number=SINGULAR, discourse_function=SPECIFIER, elided=false}
 |  |  \-StringElement: content="patient's mother", features={number=SINGULAR, gender=NEUTER, acronym=false, discourse_function=SUBJECT, person=THIRD, possessive=false, elided=false}
 |  |-StringElement: content="or", features={discourse_function=CONJUNCTION, elided=false}
 |  \-ListElement: features={components=[the, patient's father] }
 |     |-StringElement: content="the", features={number=SINGULAR, discourse_function=SPECIFIER, elided=false}
 |     \-StringElement: content="patient's father", features={number=SINGULAR, gender=NEUTER, acronym=false, discourse_function=SUBJECT, person=THIRD, elided=false}
 \-ListElement: features={components=[has, [[one], changed copy, [[of, [the, FGFR3 gene in every cell]]]]] discourse_function=VERB_PHRASE }
    |-StringElement: content="has", features={elided=false}
    \-ListElement: features={components=[[one], changed copy, [[of, [the, FGFR3 gene in every cell]]]] discourse_function=COMPLEMENT }
       |-ListElement: features={components=[one] }
       |  \-StringElement: content="one", features={discourse_function=PRE_MODIFIER, elided=false}
       |-StringElement: content="changed copy", features={number=SINGULAR, gender=NEUTER, acronym=false, discourse_function=SUBJECT, person=THIRD, possessive=false, elided=false}
       \-ListElement: features={components=[[of, [the, FGFR3 gene in every cell]]] }
          \-ListElement: features={components=[of, [the, FGFR3 gene in every cell]] discourse_function=COMPLEMENT }
             |-StringElement: content="of", features={discourse_function=HEAD, elided=false}
             \-ListElement: features={components=[the, FGFR3 gene in every cell] discourse_function=COMPLEMENT }
                |-StringElement: content="the", features={number=SINGULAR, discourse_function=SPECIFIER, elided=false}
                \-StringElement: content="FGFR3 gene in every cell", features={number=SINGULAR, gender=NEUTER, acronym=false, discourse_function=SUBJECT, person=THIRD, possessive=false, elided=false}


POST-ORTHOGRAPHY TREE

StringElement: content="the patient's mother or the patient's father has one changed copy of the FGFR3 gene in every cell", features={elided=false}


POST-FORMATTER TREE

StringElement: content="the patient's mother or the patient's father has one changed copy of the FGFR3 gene in every cell", features={elided=false}

INITIAL TREE

PhraseElement: category=CLAUSE, features={expletive_subject=false verb_phrase={realisation=null, category=VERB_PHRASE, features={head=WordElement[perform:VERB], number=SINGULAR, negated=false, perfect=false, form=NORMAL, person=THIRD, complements=[{realisation=null, features={conjunction=and, discourse_function=OBJECT, coordinates=[{realisation=null, category=NOUN_PHRASE, features={head=LDL test, specifier=WordElement[an:DETERMINER], number=SINGULAR, gender=NEUTER, acronym=false, person=THIRD, possessive=false, raised=false, elided=false, adjective_ordering=true}}, {realisation=null, category=NOUN_PHRASE, features={head=gene test, specifier=WordElement[a:DETERMINER], number=SINGULAR, gender=NEUTER, acronym=false, person=THIRD, possessive=false, raised=false, elided=false, adjective_ordering=true}}], clause_status=SUBORDINATE}}], progressive=false, realise_auxiliary=true, elided=false, passive=false, tense=PAST}} subjects=[{realisation=null, category=NOUN_PHRASE, features={head=WordElement[clinic:NOUN], specifier=WordElement[the:DETERMINER], number=SINGULAR, gender=NEUTER, acronym=false, person=THIRD, possessive=false, raised=false, elided=false, adjective_ordering=true}}] clause_status=MATRIX suppressed_complementiser=false elided=false complementiser=WordElement[that:COMPLEMENTISER] tense=PAST }
 |-PhraseElement: category=NOUN_PHRASE, features={head=WordElement[clinic:NOUN] specifier=WordElement[the:DETERMINER] number=SINGULAR gender=NEUTER acronym=false person=THIRD possessive=false raised=false elided=false adjective_ordering=true }
 |  |-WordElement: base=the, category=DETERMINER, {realisation=null, category=DETERMINER, features={default_infl=REGULAR, discourse_function=SPECIFIER}}
 |  \-WordElement: base=clinic, category=NOUN, {realisation=null, category=NOUN, features={default_infl=REGULAR}}
 \-PhraseElement: category=VERB_PHRASE, features={head=WordElement[perform:VERB] number=SINGULAR negated=false perfect=false form=NORMAL person=THIRD complements=[{realisation=null, features={conjunction=and, discourse_function=OBJECT, coordinates=[{realisation=null, category=NOUN_PHRASE, features={head=LDL test, specifier=WordElement[an:DETERMINER], number=SINGULAR, gender=NEUTER, acronym=false, person=THIRD, possessive=false, raised=false, elided=false, adjective_ordering=true}}, {realisation=null, category=NOUN_PHRASE, features={head=gene test, specifier=WordElement[a:DETERMINER], number=SINGULAR, gender=NEUTER, acronym=false, person=THIRD, possessive=false, raised=false, elided=false, adjective_ordering=true}}], clause_status=SUBORDINATE}}] progressive=false realise_auxiliary=true elided=false passive=false tense=PAST }
    |-WordElement: base=perform, category=VERB, {realisation=null, category=VERB, features={default_infl=REGULAR, intransitive=true, transitive=true}}
    \-CoordinatedPhraseElement:
       |-PhraseElement: category=NOUN_PHRASE, features={head=LDL test specifier=WordElement[an:DETERMINER] number=SINGULAR gender=NEUTER acronym=false person=THIRD possessive=false raised=false elided=false adjective_ordering=true }
       |  |-WordElement: base=an, category=DETERMINER, {realisation=null, category=DETERMINER, features={default_infl=REGULAR, discourse_function=SPECIFIER}}
       |  \-StringElement: content="LDL test", features={elided=false}
       \-PhraseElement: category=NOUN_PHRASE, features={head=gene test specifier=WordElement[a:DETERMINER] number=SINGULAR gender=NEUTER acronym=false person=THIRD possessive=false raised=false elided=false adjective_ordering=true }
          |-WordElement: base=a, category=DETERMINER, {realisation=null, category=DETERMINER, features={default_infl=REGULAR, discourse_function=SPECIFIER}}
          \-StringElement: content="gene test", features={elided=false}

<br/>POST-SYNTAX TREE<br/>
ListElement: features={components=[[InflectedWordElement[the:DETERMINER], InflectedWordElement[clinic:NOUN]], [InflectedWordElement[perform:VERB], {realisation=null, features={conjunction=and, discourse_function=COMPLEMENT, coordinates=[[InflectedWordElement[an:DETERMINER], LDL test], InflectedWordElement[and:CONJUNCTION], [InflectedWordElement[a:DETERMINER], gene test]]}}]] }
 |-ListElement: features={components=[InflectedWordElement[the:DETERMINER], InflectedWordElement[clinic:NOUN]] }
 |  |-InflectedWordElement: base=the, category=DETERMINER, {realisation=null, category=DETERMINER, features={default_infl=REGULAR, number=SINGULAR, base_word=WordElement[the:DETERMINER], discourse_function=SPECIFIER, base_form=the}}
 |  \-InflectedWordElement: base=clinic, category=NOUN, {realisation=null, category=NOUN, features={default_infl=REGULAR, number=SINGULAR, gender=NEUTER, base_word=WordElement[clinic:NOUN], acronym=false, discourse_function=SUBJECT, person=THIRD, base_form=clinic, possessive=false, elided=false}}
 \-ListElement: features={components=[InflectedWordElement[perform:VERB], {realisation=null, features={conjunction=and, discourse_function=COMPLEMENT, coordinates=[[InflectedWordElement[an:DETERMINER], LDL test], InflectedWordElement[and:CONJUNCTION], [InflectedWordElement[a:DETERMINER], gene test]]}}] discourse_function=VERB_PHRASE }
    |-InflectedWordElement: base=perform, category=VERB, {realisation=null, category=VERB, features={number=SINGULAR, base_word=WordElement[perform:VERB], person=THIRD, base_form=perform, tense=PAST}}
    \-CoordinatedPhraseElement:
       |-ListElement: features={components=[InflectedWordElement[an:DETERMINER], LDL test] }
       |  |-InflectedWordElement: base=an, category=DETERMINER, {realisation=null, category=DETERMINER, features={default_infl=REGULAR, number=SINGULAR, base_word=WordElement[an:DETERMINER], discourse_function=SPECIFIER, base_form=an}}
       |  \-StringElement: content="LDL test", features={number=SINGULAR, gender=NEUTER, acronym=false, discourse_function=SUBJECT, person=THIRD, possessive=false, elided=false}
       |-InflectedWordElement: base=and, category=CONJUNCTION, {realisation=null, category=CONJUNCTION, features={discourse_function=CONJUNCTION, base_form=and}}
       \-ListElement: features={components=[InflectedWordElement[a:DETERMINER], gene test] }
          |-InflectedWordElement: base=a, category=DETERMINER, {realisation=null, category=DETERMINER, features={default_infl=REGULAR, number=SINGULAR, base_word=WordElement[a:DETERMINER], discourse_function=SPECIFIER, base_form=a}}
          \-StringElement: content="gene test", features={number=SINGULAR, gender=NEUTER, acronym=false, discourse_function=SUBJECT, person=THIRD, elided=false}


POST-MORPHOLOGY TREE

ListElement: features={components=[[the, clinic], [performed, {realisation=null, features={conjunction=and, discourse_function=COMPLEMENT, coordinates=[[an, LDL test], and, [a, gene test]]}}]] }
 |-ListElement: features={components=[the, clinic] }
 |  |-StringElement: content="the", features={number=SINGULAR, discourse_function=SPECIFIER, elided=false}
 |  \-StringElement: content="clinic", features={discourse_function=SUBJECT, elided=false}
 \-ListElement: features={components=[performed, {realisation=null, features={conjunction=and, discourse_function=COMPLEMENT, coordinates=[[an, LDL test], and, [a, gene test]]}}] discourse_function=VERB_PHRASE }
    |-StringElement: content="performed", features={elided=false}
    \-CoordinatedPhraseElement:
       |-ListElement: features={components=[an, LDL test] }
       |  |-StringElement: content="an", features={number=SINGULAR, discourse_function=SPECIFIER, elided=false}
       |  \-StringElement: content="LDL test", features={number=SINGULAR, gender=NEUTER, acronym=false, discourse_function=SUBJECT, person=THIRD, possessive=false, elided=false}
       |-StringElement: content="and", features={discourse_function=CONJUNCTION, elided=false}
       \-ListElement: features={components=[a, gene test] }
          |-StringElement: content="a", features={number=SINGULAR, discourse_function=SPECIFIER, elided=false}
          \-StringElement: content="gene test", features={number=SINGULAR, gender=NEUTER, acronym=false, discourse_function=SUBJECT, person=THIRD, elided=false}


POST-ORTHOGRAPHY TREE

StringElement: content="the clinic performed an LDL test and a gene test", features={elided=false}


POST-FORMATTER TREE

StringElement: content="the clinic performed an LDL test and a gene test", features={elided=false}

Tests run: 17, Failures: 0, Errors: 0, Skipped: 0, Time elapsed: 0.798 sec
Running simplenlg.syntax.english.NounPhraseTest
Tests run: 17, Failures: 0, Errors: 0, Skipped: 0, Time elapsed: 0.531 sec
Running simplenlg.server.ServerTest
Port Number used by Server is: 45247
Server is using the following lexicon: ./src/test/resources/NIHLexicon/lexAccess2013.data
Feb 14, 2021 10:21:28 PM org.hsqldb.persist.Logger logInfoEvent
INFO: dataFileCache open start
Connecting to localhost on port 45247
Realisation: Put the piano and the drum into the truck.
Tests run: 1, Failures: 0, Errors: 0, Skipped: 0, Time elapsed: 0.479 sec
Running simplenlg.syntax.english.StringElementTest
A unicorn is regarded as a beautiful horse-like creature.
A unicorn is regarded as a beautiful horse-like creature.
A unicorn is regarded as a beautiful horse-like creature.
A unicorn is regarded as a beautiful horse-like creature.
Tests run: 14, Failures: 0, Errors: 0, Skipped: 0, Time elapsed: 0.395 sec
Running simplenlg.syntax.english.PhraseSpecTest
Tests run: 1, Failures: 0, Errors: 0, Skipped: 0, Time elapsed: 0.026 sec
Running simplenlg.syntax.english.CoordinationTest
he does not have asthma and he has diabetes
Tests run: 4, Failures: 0, Errors: 0, Skipped: 0, Time elapsed: 0.105 sec
Running simplenlg.lexicon.english.MultipleLexiconTest
Tests run: 2, Failures: 0, Errors: 0, Skipped: 0, Time elapsed: 0.069 sec
Running simplenlg.syntax.english.DocumentElementTest
Tests run: 5, Failures: 0, Errors: 0, Skipped: 0, Time elapsed: 0.156 sec
Running simplenlg.syntax.english.VerbPhraseTest
Tests run: 1, Failures: 0, Errors: 0, Skipped: 0, Time elapsed: 0.033 sec
Running simplenlg.syntax.english.ExclamatoryTest
Tests run: 3, Failures: 0, Errors: 0, Skipped: 0, Time elapsed: 0.091 sec
Running simplenlg.syntax.english.ElisionTest
Tests run: 1, Failures: 0, Errors: 0, Skipped: 1, Time elapsed: 0.002 sec
Running simplenlg.syntax.english.AdjectivePhraseTest
Tests run: 4, Failures: 0, Errors: 0, Skipped: 0, Time elapsed: 0.125 sec
Running simplenlg.syntax.english.FeatureTest
Tests run: 9, Failures: 0, Errors: 0, Skipped: 0, Time elapsed: 0.284 sec
Running simplenlg.format.english.NumberedPrefixTest
Tests run: 9, Failures: 0, Errors: 0, Skipped: 0, Time elapsed: 0.003 sec
Running simplenlg.morphology.english.DeterminerAgrHelperTest
Tests run: 4, Failures: 0, Errors: 0, Skipped: 0, Time elapsed: 0.001 sec
Running simplenlg.util.TestUtility
Tests run: 1, Failures: 0, Errors: 0, Skipped: 1, Time elapsed: 0.001 sec
Running simplenlg.xmlrealiser.XMLRealiserTest
Test :<NegationOverride>
Expected: The patient suffers from hypertension and has normal left heart hemodynamics.
Realisation: The patient suffers from hypertension and has normal left heart hemodynamics.


Test :<NegationAppied>
Expected: The patient does not suffer from hypertension and does not have normal left heart hemodynamics.
Realisation: The patient does not suffer from hypertension and does not have normal left heart hemodynamics.


Test :<Negation on VP>
Expected: An angioplasty balloon catheter, the D701000000992, was deployed.
Realisation: An angioplasty balloon catheter, the D701000000992, was deployed.


Test :<>
Expected: The patient is not suffering from hypertension. The patient has normal left heart hemodynamics. The patient suffers from hypertension and has normal left heart hemodynamics. Bob and Sally go to the store. Bob and Sally went to the store and bought ice cream.
Realisation: The patient is not suffering from hypertension. The patient has normal left heart hemodynamics. The patient suffers from hypertension and has normal left heart hemodynamics. Bob and Sally go to the store. Bob and Sally went to the store and bought ice cream.


Test :<Negation on VP>
Expected: The patient did not lie etherised upon a table.
Realisation: The patient did not lie etherised upon a table.


Test :<Negation on S>
Expected: The patient did not lie etherised upon a table.
Realisation: The patient did not lie etherised upon a table.


Test :<S with WordElement front modifier>
Expected: However the patient lay etherised upon a table.
Realisation: However the patient lay etherised upon a table.


Test :<S with WordElement complement and postmod>
Expected: The man killed bill slowly.
Realisation: The man killed bill slowly.


Test :<Form test 1: S + infinitive>
Expected: To kill bill slowly.
Realisation: To kill bill slowly.


Test :<Form test 2: S + GERUND>
Expected: The man's killing bill slowly.
Realisation: The man's killing bill slowly.


Test :<Form test 2: S + IMPERATIVE>
Expected: Kill bill slowly.
Realisation: Kill bill slowly.


Test :<Subordinate clause complement>
Expected: The man said that the child was being difficult.
Realisation: The man said that the child was being difficult.


Test :<Subordinate clause subject>
Expected: The child's being difficult upset the man.
Realisation: The child's being difficult upset the man.


Test :<Passive Sentence>
Expected: The man was upset by the child.
Realisation: The man was upset by the child.


Test :<Modal>
Expected: The child's being difficult should have upset the man.
Realisation: The child's being difficult should have upset the man.


Test :<Modal+Passive>
Expected: The man may have been upset by the child.
Realisation: The man may have been upset by the child.


Test :<Multiple complements>
Expected: The child gave the man a flower.
Realisation: The child gave the man a flower.


Test :<Multiple complements -- inverted linear order>
Expected: The child gave the man a flower.
Realisation: The child gave the man a flower.


Test :<Interrogative WH Object>
Expected: What did the dog upset?
Realisation: What did the dog upset?


Test :<Interrogative WH Subject>
Expected: What upset the man?
Realisation: What upset the man?


Test :<Interrogative WH Subject>
Expected: Who upset the man?
Realisation: Who upset the man?


Test :<Incorrect predicative passive>
Expected: Is indicated by transfusion of whole blood.
Realisation: Is indicated by transfusion of whole blood.


Test :<Correct predicative passive>
Expected: Transfusion of whole blood is indicated.
Realisation: Transfusion of whole blood is indicated.


Test :<Coordinate complement passive>
Expected: Cardiovascular therapy and endomyocardial biopsy are recommended.
Realisation: Cardiovascular therapy and endomyocardial biopsy are recommended.


Test :<null>
Expected: As a result of the procedure the patient had an adverse contrast media reaction, had a decreased platelet count, went into cardiogenic shock, had cardiac tamponade, had a vascular complication requiring treatment, had a hemorrhagic cerebral infarction, went into renal failure, had a myocardial infarction and went into congestive heart failure. Emergency percutaneous coronary intervention, renal dialysis and transfusion of whole blood are indicated.
Realisation: As a result of the procedure the patient had an adverse contrast media reaction, had a decreased platelet count, went into cardiogenic shock, had cardiac tamponade, had a vascular complication requiring treatment, had a hemorrhagic cerebral infarction, went into renal failure, had a myocardial infarction and went into congestive heart failure. Emergency percutaneous coronary intervention, renal dialysis and transfusion of whole blood are indicated.


Test :<non-restrictive modifier>
Expected: A device, a Howell's Roto-Rootor, was deployed by the doctor.
Realisation: A device, a Howell's Roto-Rootor, was deployed by the doctor.


Test :<non-restrictive modifier>
Expected: A device, a Howell's Roto-Rootor, was deployed by the doctor on this shift.
Realisation: A device, a Howell's Roto-Rootor, was deployed by the doctor on this shift.


Test :<Hello World>
Expected: Hello, world.
Realisation: Hello, world.


Test :<Lexical and spelling variants>
Expected: The patient lied etherised upon a table. The patient lay etherised upon a table.
Realisation: The patient lied etherised upon a table. The patient lay etherised upon a table.


Test :<aAn8Test>
Expected: * an 18 thing but a 180 thing
* an 18x thing but a 08 thing
* an 11g thing but a 9i thing
* an 8th thing but a 9th thing
* an 11th thing but a 1100 thing
* an 11.000 thing but an 11000 thing
* an 81000 thing but a 180,000 thing
* an 81,000 thing but a 01834 thing
* an 8% thing but a 9% thing
* an 8432425 thing but a 42nd thing

Realisation: * an 18 thing but a 180 thing
* an 18x thing but a 08 thing
* an 11g thing but a 9i thing
* an 8th thing but a 9th thing
* an 11th thing but a 1100 thing
* an 11.000 thing but an 11000 thing
* an 81000 thing but a 180,000 thing
* an 81,000 thing but a 01834 thing
* an 8% thing but a 9% thing
* an 8432425 thing but a 42nd thing

Test :<punctuation problem 1>
Expected: There is an 80 % in-stent restenosis in the proximal right coronary artery.
Realisation: There is an 80 % in-stent restenosis in the proximal right coronary artery.


Test :<punctuation problem 2>
Expected: There is a 95 %, eccentric in-stent restenosis (8 mm length) in the proximal right coronary artery.
Realisation: There is a 95 %, eccentric in-stent restenosis (8 mm length) in the proximal right coronary artery.


Test :<whitespace problem>
Expected: The right coronary artery is a vessel with luminal irregularities.
Realisation: The right coronary artery is a vessel with luminal irregularities.


Test :<whitespace at end of list item>
Expected: * Normal coronary arteries.
* Normal left heart hemodynamics.
* Normal right heart hemodynamics.

Realisation: * Normal coronary arteries.
* Normal left heart hemodynamics.
* Normal right heart hemodynamics.

Test :<Interrogative WH Object>
Expected: What did the dog upset?
Realisation: What did the dog upset?


Test :<Possessive Spec>
Expected: John's patient.
Realisation: John's patient.
Test :<Determiner Spec>
Expected: The patient.
Realisation: The patient.
Test :<Complex NP>
Expected: It and the woman's house.
Realisation: It and the woman's house.
Test :<Pronominal1>
Expected: They.
Realisation: They.
Test :<Pronominal2>
Expected: She.
Realisation: She.
Test :<Pronominal3>
Expected: Her.
Realisation: Her.
Test :<Plural1>
Expected: The houses.
Realisation: The houses.
Test :<Plural2>
Expected: They and the women's houses.
Realisation: They and the women's houses.
Test :<NP + StringElement Premodifier>
Expected: John's difficult patient.
Realisation: John's difficult patient.
Test :<NP + wordElement Premodifier>
Expected: John's difficult patient.
Realisation: John's difficult patient.
Test :<NP + wordElement complement>
Expected: The patient jack.
Realisation: The patient jack.
Test :<>
Expected: There is an eccentric, tubular stenosis in the third obtuse marginal branch. There is an 80 % stenosis in the proximal right coronary artery.
Realisation: There is an eccentric, tubular stenosis in the third obtuse marginal branch. There is an 80 % stenosis in the proximal right coronary artery.


Test :<doc example 1>
Expected: Refactoring is needed.
Realisation: Refactoring is needed.
Test :<doc example 2>
Expected: The patient as a result of the procedure had an adverse contrast media reaction, had a decreased platelet count and went into cardiogenic shock.
Realisation: The patient as a result of the procedure had an adverse contrast media reaction, had a decreased platelet count and went into cardiogenic shock.
Test :<InflVariantiUncount>
Expected: The right coronary artery has mild calcification. The right coronary artery has mild calcifications.
Realisation: The right coronary artery has mild calcification. The right coronary artery has mild calcifications.


Test :<Spell variant1>
Expected: The patient lay etherised upon a table.
Realisation: The patient lay etherised upon a table.


Test :<Spell variant2>
Expected: The patient had Adam-Stokes disease. The patient had Adam Stokes disease.
Realisation: The patient had Adam-Stokes disease. The patient had Adam Stokes disease.


Tests run: 11, Failures: 0, Errors: 0, Skipped: 0, Time elapsed: 0.4 sec
Running simplenlg.format.english.EnumeratedListTest
Tests run: 2, Failures: 0, Errors: 0, Skipped: 0, Time elapsed: 0.058 sec
Running simplenlg.syntax.english.TutorialTest
Tests run: 12, Failures: 0, Errors: 0, Skipped: 0, Time elapsed: 0.327 sec
Running simplenlg.syntax.english.OrthographyFormatTest
Tests run: 5, Failures: 0, Errors: 0, Skipped: 0, Time elapsed: 0.126 sec
Running simplenlg.lexicon.english.NIHDBLexiconTest
Tests run: 3, Failures: 0, Errors: 0, Skipped: 0, Time elapsed: 0.008 sec
Running simplenlg.syntax.english.ClauseAggregationTest
Tests run: 7, Failures: 0, Errors: 0, Skipped: 0, Time elapsed: 0.179 sec
Running simplenlg.syntax.english.DeterminerTest
Tests run: 19, Failures: 0, Errors: 0, Skipped: 0, Time elapsed: 0.493 sec
Running simplenlg.syntax.english.PrepositionalPhraseTest
Tests run: 3, Failures: 0, Errors: 0, Skipped: 0, Time elapsed: 0.075 sec
Running simplenlg.lexicon.english.XMLLexiconTest
Loading XML lexicon took 24 ms
Loading XML lexicon took 23 ms
Tests run: 2, Failures: 0, Errors: 0, Skipped: 0, Time elapsed: 0.05 sec
Running simplenlg.format.english.TextFormatterTest
Tests run: 2, Failures: 0, Errors: 0, Skipped: 0, Time elapsed: 0.048 sec
Running simplenlg.realiser.english.RealiserTest
Tests run: 4, Failures: 0, Errors: 0, Skipped: 0, Time elapsed: 0.097 sec
Running simplenlg.syntax.english.ClauseTest
INITIAL TREE

CoordinatedPhraseElement:
 |-PhraseElement: category=CLAUSE, features={expletive_subject=false verb_phrase={realisation=null, category=VERB_PHRASE, features={head=WordElement[kiss:VERB], number=SINGULAR, negated=false, perfect=false, form=NORMAL, person=THIRD, complements=[{realisation=null, category=NOUN_PHRASE, features={head=WordElement[man:NOUN], specifier=WordElement[the:DETERMINER], number=SINGULAR, gender=NEUTER, acronym=false, discourse_function=OBJECT, person=THIRD, possessive=false, raised=false, elided=false, adjective_ordering=true}}], progressive=false, realise_auxiliary=true, elided=false, passive=false, tense=PRESENT}} subjects=[{realisation=null, category=NOUN_PHRASE, features={head=WordElement[woman:NOUN], specifier=WordElement[the:DETERMINER], number=SINGULAR, gender=NEUTER, acronym=false, discourse_function=INDIRECT_OBJECT, person=THIRD, possessive=false, raised=false, elided=false, adjective_ordering=true}}] clause_status=MATRIX suppressed_complementiser=false elided=false complementiser=WordElement[that:COMPLEMENTISER] }
 |  |-PhraseElement: category=NOUN_PHRASE, features={head=WordElement[woman:NOUN] specifier=WordElement[the:DETERMINER] number=SINGULAR gender=NEUTER acronym=false discourse_function=INDIRECT_OBJECT person=THIRD possessive=false raised=false elided=false adjective_ordering=true }
 |  |  |-WordElement: base=the, category=DETERMINER, {realisation=null, category=DETERMINER, features={default_infl=REGULAR, discourse_function=SPECIFIER}}
 |  |  \-WordElement: base=woman, category=NOUN, {realisation=null, category=NOUN, features={default_infl=IRREGULAR, plural=women}}
 |  \-PhraseElement: category=VERB_PHRASE, features={head=WordElement[kiss:VERB] number=SINGULAR negated=false perfect=false form=NORMAL person=THIRD complements=[{realisation=null, category=NOUN_PHRASE, features={head=WordElement[man:NOUN], specifier=WordElement[the:DETERMINER], number=SINGULAR, gender=NEUTER, acronym=false, discourse_function=OBJECT, person=THIRD, possessive=false, raised=false, elided=false, adjective_ordering=true}}] progressive=false realise_auxiliary=true elided=false passive=false tense=PRESENT }
 |     |-WordElement: base=kiss, category=VERB, {realisation=null, category=VERB, features={default_infl=REGULAR, ditransitive=true, intransitive=true, transitive=true}}
 |     \-PhraseElement: category=NOUN_PHRASE, features={head=WordElement[man:NOUN] specifier=WordElement[the:DETERMINER] number=SINGULAR gender=NEUTER acronym=false discourse_function=OBJECT person=THIRD possessive=false raised=false elided=false adjective_ordering=true }
 |        |-WordElement: base=the, category=DETERMINER, {realisation=null, category=DETERMINER, features={default_infl=REGULAR, discourse_function=SPECIFIER}}
 |        \-WordElement: base=man, category=NOUN, {realisation=null, category=NOUN, features={default_infl=REGULAR, plural=men}}
 \-PhraseElement: category=CLAUSE, features={expletive_subject=false verb_phrase={realisation=null, category=VERB_PHRASE, features={head=WordElement[give:VERB], number=SINGULAR, negated=false, perfect=false, form=NORMAL, person=THIRD, complements=[{realisation=null, category=NOUN_PHRASE, features={head=WordElement[flower:NOUN], specifier={realisation=null, category=NOUN_PHRASE, features={head=WordElement[John:NOUN], number=SINGULAR, gender=NEUTER, acronym=false, discourse_function=SPECIFIER, person=THIRD, possessive=true, raised=false, elided=false, adjective_ordering=true}}, number=SINGULAR, gender=NEUTER, acronym=false, discourse_function=OBJECT, person=THIRD, possessive=false, raised=false, elided=false, adjective_ordering=true}}, {realisation=null, category=NOUN_PHRASE, features={head=WordElement[woman:NOUN], specifier=WordElement[the:DETERMINER], number=SINGULAR, gender=NEUTER, acronym=false, discourse_function=INDIRECT_OBJECT, person=THIRD, possessive=false, raised=false, elided=false, adjective_ordering=true}}], progressive=false, realise_auxiliary=true, elided=false, passive=false, tense=PRESENT}} subjects=[{realisation=null, category=NOUN_PHRASE, features={head=WordElement[man:NOUN], specifier=WordElement[the:DETERMINER], number=SINGULAR, gender=NEUTER, acronym=false, person=THIRD, possessive=false, raised=false, elided=false, adjective_ordering=true}}] clause_status=MATRIX suppressed_complementiser=true elided=false complementiser=WordElement[that:COMPLEMENTISER] }
    |-PhraseElement: category=NOUN_PHRASE, features={head=WordElement[man:NOUN] specifier=WordElement[the:DETERMINER] number=SINGULAR gender=NEUTER acronym=false person=THIRD possessive=false raised=false elided=false adjective_ordering=true }
    |  |-WordElement: base=the, category=DETERMINER, {realisation=null, category=DETERMINER, features={default_infl=REGULAR, discourse_function=SPECIFIER}}
    |  \-WordElement: base=man, category=NOUN, {realisation=null, category=NOUN, features={default_infl=REGULAR, plural=men}}
    \-PhraseElement: category=VERB_PHRASE, features={head=WordElement[give:VERB] number=SINGULAR negated=false perfect=false form=NORMAL person=THIRD complements=[{realisation=null, category=NOUN_PHRASE, features={head=WordElement[flower:NOUN], specifier={realisation=null, category=NOUN_PHRASE, features={head=WordElement[John:NOUN], number=SINGULAR, gender=NEUTER, acronym=false, discourse_function=SPECIFIER, person=THIRD, possessive=true, raised=false, elided=false, adjective_ordering=true}}, number=SINGULAR, gender=NEUTER, acronym=false, discourse_function=OBJECT, person=THIRD, possessive=false, raised=false, elided=false, adjective_ordering=true}}, {realisation=null, category=NOUN_PHRASE, features={head=WordElement[woman:NOUN], specifier=WordElement[the:DETERMINER], number=SINGULAR, gender=NEUTER, acronym=false, discourse_function=INDIRECT_OBJECT, person=THIRD, possessive=false, raised=false, elided=false, adjective_ordering=true}}] progressive=false realise_auxiliary=true elided=false passive=false tense=PRESENT }
       |-WordElement: base=give, category=VERB, {realisation=null, category=VERB, features={default_infl=REGULAR, presentParticiple=giving, past=gave, present3s=gives, ditransitive=true, intransitive=true, pastParticiple=given, transitive=true}}
       |-PhraseElement: category=NOUN_PHRASE, features={head=WordElement[flower:NOUN] specifier={realisation=null, category=NOUN_PHRASE, features={head=WordElement[John:NOUN], number=SINGULAR, gender=NEUTER, acronym=false, discourse_function=SPECIFIER, person=THIRD, possessive=true, raised=false, elided=false, adjective_ordering=true}} number=SINGULAR gender=NEUTER acronym=false discourse_function=OBJECT person=THIRD possessive=false raised=false elided=false adjective_ordering=true }
       |  |-PhraseElement: category=NOUN_PHRASE, features={head=WordElement[John:NOUN] number=SINGULAR gender=NEUTER acronym=false discourse_function=SPECIFIER person=THIRD possessive=true raised=false elided=false adjective_ordering=true }
       |  |  \-WordElement: base=John, category=NOUN, {realisation=null, category=NOUN, features={}}
       |  \-WordElement: base=flower, category=NOUN, {realisation=null, category=NOUN, features={default_infl=REGULAR}}
       \-PhraseElement: category=NOUN_PHRASE, features={head=WordElement[woman:NOUN] specifier=WordElement[the:DETERMINER] number=SINGULAR gender=NEUTER acronym=false discourse_function=INDIRECT_OBJECT person=THIRD possessive=false raised=false elided=false adjective_ordering=true }
          |-WordElement: base=the, category=DETERMINER, {realisation=null, category=DETERMINER, features={default_infl=REGULAR, discourse_function=SPECIFIER}}
          \-WordElement: base=woman, category=NOUN, {realisation=null, category=NOUN, features={default_infl=IRREGULAR, plural=women}}

<br/>POST-SYNTAX TREE<br/>
CoordinatedPhraseElement:
 |-ListElement: features={components=[[InflectedWordElement[the:DETERMINER], InflectedWordElement[woman:NOUN]], [InflectedWordElement[kiss:VERB], [InflectedWordElement[the:DETERMINER], InflectedWordElement[man:NOUN]]]] }
 |  |-ListElement: features={components=[InflectedWordElement[the:DETERMINER], InflectedWordElement[woman:NOUN]] }
 |  |  |-InflectedWordElement: base=the, category=DETERMINER, {realisation=null, category=DETERMINER, features={default_infl=REGULAR, number=SINGULAR, base_word=WordElement[the:DETERMINER], discourse_function=SPECIFIER, base_form=the}}
 |  |  \-InflectedWordElement: base=woman, category=NOUN, {realisation=null, category=NOUN, features={default_infl=IRREGULAR, number=SINGULAR, plural=women, gender=NEUTER, base_word=WordElement[woman:NOUN], acronym=false, discourse_function=SUBJECT, person=THIRD, base_form=woman, possessive=false, elided=false}}
 |  \-ListElement: features={components=[InflectedWordElement[kiss:VERB], [InflectedWordElement[the:DETERMINER], InflectedWordElement[man:NOUN]]] discourse_function=VERB_PHRASE }
 |     |-InflectedWordElement: base=kiss, category=VERB, {realisation=null, category=VERB, features={number=SINGULAR, base_word=WordElement[kiss:VERB], person=THIRD, base_form=kiss, tense=PAST}}
 |     \-ListElement: features={components=[InflectedWordElement[the:DETERMINER], InflectedWordElement[man:NOUN]] discourse_function=COMPLEMENT }
 |        |-InflectedWordElement: base=the, category=DETERMINER, {realisation=null, category=DETERMINER, features={default_infl=REGULAR, number=SINGULAR, base_word=WordElement[the:DETERMINER], discourse_function=SPECIFIER, base_form=the}}
 |        \-InflectedWordElement: base=man, category=NOUN, {realisation=null, category=NOUN, features={default_infl=REGULAR, number=SINGULAR, plural=men, gender=NEUTER, base_word=WordElement[man:NOUN], acronym=false, discourse_function=SUBJECT, person=THIRD, base_form=man, possessive=false, elided=false}}
 |-InflectedWordElement: base=and, category=CONJUNCTION, {realisation=null, category=CONJUNCTION, features={discourse_function=CONJUNCTION, base_form=and}}
 \-ListElement: features={components=[[InflectedWordElement[the:DETERMINER], InflectedWordElement[man:NOUN]], [InflectedWordElement[give:VERB], [InflectedWordElement[the:DETERMINER], InflectedWordElement[woman:NOUN]], [InflectedWordElement[John:NOUN], InflectedWordElement[flower:NOUN]]]] }
    |-ListElement: features={components=[InflectedWordElement[the:DETERMINER], InflectedWordElement[man:NOUN]] }
    |  |-InflectedWordElement: base=the, category=DETERMINER, {realisation=null, category=DETERMINER, features={default_infl=REGULAR, number=SINGULAR, base_word=WordElement[the:DETERMINER], discourse_function=SPECIFIER, base_form=the}}
    |  \-InflectedWordElement: base=man, category=NOUN, {realisation=null, category=NOUN, features={default_infl=REGULAR, number=SINGULAR, plural=men, gender=NEUTER, base_word=WordElement[man:NOUN], acronym=false, discourse_function=SUBJECT, person=THIRD, base_form=man, possessive=false, elided=false}}
    \-ListElement: features={components=[InflectedWordElement[give:VERB], [InflectedWordElement[the:DETERMINER], InflectedWordElement[woman:NOUN]], [InflectedWordElement[John:NOUN], InflectedWordElement[flower:NOUN]]] discourse_function=VERB_PHRASE }
       |-InflectedWordElement: base=give, category=VERB, {realisation=null, category=VERB, features={number=SINGULAR, base_word=WordElement[give:VERB], person=THIRD, base_form=give, tense=PAST}}
       |-ListElement: features={components=[InflectedWordElement[the:DETERMINER], InflectedWordElement[woman:NOUN]] discourse_function=COMPLEMENT }
       |  |-InflectedWordElement: base=the, category=DETERMINER, {realisation=null, category=DETERMINER, features={default_infl=REGULAR, number=SINGULAR, base_word=WordElement[the:DETERMINER], discourse_function=SPECIFIER, base_form=the}}
       |  \-InflectedWordElement: base=woman, category=NOUN, {realisation=null, category=NOUN, features={default_infl=IRREGULAR, number=SINGULAR, plural=women, gender=NEUTER, base_word=WordElement[woman:NOUN], acronym=false, discourse_function=SUBJECT, person=THIRD, base_form=woman, possessive=false, elided=false}}
       \-ListElement: features={components=[InflectedWordElement[John:NOUN], InflectedWordElement[flower:NOUN]] discourse_function=COMPLEMENT }
          |-InflectedWordElement: base=John, category=NOUN, {realisation=null, category=NOUN, features={number=SINGULAR, gender=NEUTER, base_word=WordElement[John:NOUN], acronym=false, discourse_function=SPECIFIER, person=THIRD, base_form=John, possessive=true, elided=false}}
          \-InflectedWordElement: base=flower, category=NOUN, {realisation=null, category=NOUN, features={default_infl=REGULAR, number=SINGULAR, gender=NEUTER, base_word=WordElement[flower:NOUN], acronym=false, discourse_function=SUBJECT, person=THIRD, base_form=flower, possessive=false, elided=false}}


POST-MORPHOLOGY TREE

CoordinatedPhraseElement:
 |-ListElement: features={components=[[the, woman], [kissed, [the, man]]] }
 |  |-ListElement: features={components=[the, woman] }
 |  |  |-StringElement: content="the", features={number=SINGULAR, discourse_function=SPECIFIER, elided=false}
 |  |  \-StringElement: content="woman", features={discourse_function=SUBJECT, elided=false}
 |  \-ListElement: features={components=[kissed, [the, man]] discourse_function=VERB_PHRASE }
 |     |-StringElement: content="kissed", features={elided=false}
 |     \-ListElement: features={components=[the, man] discourse_function=COMPLEMENT }
 |        |-StringElement: content="the", features={number=SINGULAR, discourse_function=SPECIFIER, elided=false}
 |        \-StringElement: content="man", features={discourse_function=SUBJECT, elided=false}
 |-StringElement: content="and", features={discourse_function=CONJUNCTION, elided=false}
 \-ListElement: features={components=[[the, man], [gave, [the, woman], [John's, flower]]] }
    |-ListElement: features={components=[the, man] }
    |  |-StringElement: content="the", features={number=SINGULAR, discourse_function=SPECIFIER, elided=false}
    |  \-StringElement: content="man", features={discourse_function=SUBJECT, elided=false}
    \-ListElement: features={components=[gave, [the, woman], [John's, flower]] discourse_function=VERB_PHRASE }
       |-StringElement: content="gave", features={elided=false}
       |-ListElement: features={components=[the, woman] discourse_function=COMPLEMENT }
       |  |-StringElement: content="the", features={number=SINGULAR, discourse_function=SPECIFIER, elided=false}
       |  \-StringElement: content="woman", features={discourse_function=SUBJECT, elided=false}
       \-ListElement: features={components=[John's, flower] discourse_function=COMPLEMENT }
          |-StringElement: content="John's", features={number=SINGULAR, discourse_function=SPECIFIER, elided=false}
          \-StringElement: content="flower", features={discourse_function=SUBJECT, elided=false}


POST-ORTHOGRAPHY TREE

StringElement: content="the woman kissed the man and the man gave the woman John's flower", features={elided=false}


POST-FORMATTER TREE

StringElement: content="the woman kissed the man and the man gave the woman John's flower", features={elided=false}

Tests run: 20, Failures: 0, Errors: 0, Skipped: 0, Time elapsed: 0.739 sec
Running simplenlg.syntax.english.PremodifierTest
Tests run: 3, Failures: 0, Errors: 0, Skipped: 0, Time elapsed: 0.071 sec
Running simplenlg.lexicon.english.LexicalVariantsTest
Tests run: 7, Failures: 0, Errors: 0, Skipped: 0, Time elapsed: 0.008 sec
Running simplenlg.syntax.english.InterrogativeTest
What do you think about John?
What do you think about John?
Tests run: 20, Failures: 0, Errors: 0, Skipped: 0, Time elapsed: 0.983 sec

Results :

Tests run: 215, Failures: 0, Errors: 0, Skipped: 2

[INFO] ------------------------------------------------------------------------
[INFO] BUILD SUCCESS
[INFO] ------------------------------------------------------------------------
[INFO] Total time:  15.221 s
[INFO] Finished at: 2021-02-14T22:21:33Z
[INFO] ------------------------------------------------------------------------
