[INFO] Scanning for projects...
[WARNING] 
[WARNING] Some problems were encountered while building the effective model for me.superblaubeere27:obfuscator-annotations:jar:1.9.3-SNAPSHOT
[WARNING] 'build.plugins.plugin.version' for org.apache.maven.plugins:maven-jar-plugin is missing. @ line 28, column 21
[WARNING] 
[WARNING] Some problems were encountered while building the effective model for me.superblaubeere27:obfuscator-core:jar:1.9.3-SNAPSHOT
[WARNING] 'build.plugins.plugin.version' for org.apache.maven.plugins:maven-jar-plugin is missing. @ line 141, column 21
[WARNING] 
[WARNING] It is highly recommended to fix these problems because they threaten the stability of your build.
[WARNING] 
[WARNING] For this reason, future Maven versions might no longer support building such malformed projects.
[WARNING] 
[INFO] ------------------------------------------------------------------------
[INFO] Reactor Build Order:
[INFO] 
[INFO] obfuscator                                                         [pom]
[INFO] obfuscator-annotations                                             [jar]
[INFO] obfuscator-core                                                    [jar]
[INFO] 
[INFO] -------------------< me.superblaubeere27:obfuscator >-------------------
[INFO] Building obfuscator 1.9.3-SNAPSHOT                                 [1/3]
[INFO] --------------------------------[ pom ]---------------------------------
[INFO] 
[INFO] -------------< me.superblaubeere27:obfuscator-annotations >-------------
[INFO] Building obfuscator-annotations 1.9.3-SNAPSHOT                     [2/3]
[INFO] --------------------------------[ jar ]---------------------------------
[INFO] 
[INFO] --- maven-resources-plugin:2.6:resources (default-resources) @ obfuscator-annotations ---
[WARNING] Using platform encoding (UTF-8 actually) to copy filtered resources, i.e. build is platform dependent!
[INFO] skip non existing resourceDirectory /workdir/obfuscator/obfuscator-annotations/src/main/resources
[INFO] 
[INFO] --- maven-compiler-plugin:3.1:compile (default-compile) @ obfuscator-annotations ---
[INFO] Nothing to compile - all classes are up to date
[INFO] 
[INFO] --- maven-resources-plugin:2.6:testResources (default-testResources) @ obfuscator-annotations ---
[WARNING] Using platform encoding (UTF-8 actually) to copy filtered resources, i.e. build is platform dependent!
[INFO] skip non existing resourceDirectory /workdir/obfuscator/obfuscator-annotations/src/test/resources
[INFO] 
[INFO] --- maven-compiler-plugin:3.1:testCompile (default-testCompile) @ obfuscator-annotations ---
[INFO] No sources to compile
[INFO] 
[INFO] --- maven-surefire-plugin:2.12.4:test (default-test) @ obfuscator-annotations ---
[INFO] No tests to run.
[INFO] 
[INFO] ----------------< me.superblaubeere27:obfuscator-core >-----------------
[INFO] Building obfuscator-core 1.9.3-SNAPSHOT                            [3/3]
[INFO] --------------------------------[ jar ]---------------------------------
[INFO] 
[INFO] --- jcp:6.1.4:preprocess (preprocessSources) @ obfuscator-core ---
[INFO] Preprocess sources : /workdir/obfuscator/obfuscator-core/src/main/java
[INFO] Preprocess destination : /workdir/obfuscator/obfuscator-core/target/generated-sources/preprocessed
[INFO] -----------------------------------------------------------------
[INFO] Completed, preprocessed 81 files, copied 1 files, elapsed time 96ms
[INFO] A Compile source root has been removed from the root list [/workdir/obfuscator/obfuscator-core/src/main/java]
[INFO] The New compile source root has been added into the list [/workdir/obfuscator/obfuscator-core/target/generated-sources/preprocessed]
[INFO] 
[INFO] --- maven-resources-plugin:2.6:resources (default-resources) @ obfuscator-core ---
[WARNING] Using platform encoding (UTF-8 actually) to copy filtered resources, i.e. build is platform dependent!
[INFO] Copying 5 resources
[INFO] 
[INFO] --- maven-compiler-plugin:3.1:compile (default-compile) @ obfuscator-core ---
[INFO] Changes detected - recompiling the module!
[WARNING] File encoding has not been set, using platform encoding UTF-8, i.e. build is platform dependent!
[INFO] Compiling 81 source files to /workdir/obfuscator/obfuscator-core/target/classes
[WARNING] /workdir/obfuscator/obfuscator-core/target/generated-sources/preprocessed/me/superblaubeere27/jobf/processors/StringEncryptionTransformer.java: /workdir/obfuscator/obfuscator-core/target/generated-sources/preprocessed/me/superblaubeere27/jobf/processors/StringEncryptionTransformer.java uses or overrides a deprecated API.
[WARNING] /workdir/obfuscator/obfuscator-core/target/generated-sources/preprocessed/me/superblaubeere27/jobf/processors/StringEncryptionTransformer.java: Recompile with -Xlint:deprecation for details.
[WARNING] /workdir/obfuscator/obfuscator-core/target/generated-sources/preprocessed/me/superblaubeere27/jobf/ui/GUI.java: /workdir/obfuscator/obfuscator-core/target/generated-sources/preprocessed/me/superblaubeere27/jobf/ui/GUI.java uses unchecked or unsafe operations.
[WARNING] /workdir/obfuscator/obfuscator-core/target/generated-sources/preprocessed/me/superblaubeere27/jobf/ui/GUI.java: Recompile with -Xlint:unchecked for details.
[INFO] 
[INFO] --- maven-resources-plugin:2.6:testResources (default-testResources) @ obfuscator-core ---
[WARNING] Using platform encoding (UTF-8 actually) to copy filtered resources, i.e. build is platform dependent!
[INFO] Copying 1 resource
[INFO] 
[INFO] --- maven-compiler-plugin:3.1:testCompile (default-testCompile) @ obfuscator-core ---
[INFO] Nothing to compile - all classes are up to date
[INFO] 
[INFO] --- maven-surefire-plugin:2.12.4:test (default-test) @ obfuscator-core ---
[INFO] Surefire report directory: /workdir/obfuscator/obfuscator-core/target/surefire-reports

-------------------------------------------------------
 T E S T S
-------------------------------------------------------
Running me.superblaubeere27.NodeUtilsTest
Tests run: 2, Failures: 0, Errors: 0, Skipped: 0, Time elapsed: 0.053 sec
Running me.superblaubeere27.CipherTest
Tests run: 4, Failures: 0, Errors: 0, Skipped: 0, Time elapsed: 0.037 sec
Running me.superblaubeere27.ObfuscatorTest
Warning: Nashorn engine is planned to be removed from a future JDK release
Feb 15, 2021 9:09:30 AM me.superblaubeere27.jobf.JObfImpl processJar
INFO: Loading classpath...
Feb 15, 2021 9:09:30 AM me.superblaubeere27.jobf.JObfImpl loadClasspath
INFO: Read 0 class files to memory
Feb 15, 2021 9:09:30 AM me.superblaubeere27.jobf.JObfImpl loadClasspath
INFO: Parsing class files...
Feb 15, 2021 9:09:30 AM me.superblaubeere27.jobf.JObfImpl processJar
INFO: ... Finished after 119ms 
Feb 15, 2021 9:09:30 AM me.superblaubeere27.jobf.JObfImpl processJar
INFO: Reading input...
Feb 15, 2021 9:09:30 AM me.superblaubeere27.jobf.JObfImpl processJar
INFO: ... Finished after 13ms 
Feb 15, 2021 9:09:30 AM me.superblaubeere27.jobf.JObfImpl processJar
INFO: Transforming with 4 threads...
Feb 15, 2021 9:09:30 AM me.superblaubeere27.jobf.JObfImpl processJar
INFO: ... Finished after 108ms 
Feb 15, 2021 9:09:30 AM me.superblaubeere27.jobf.JObfImpl processJar
INFO: Writing classes...
Feb 15, 2021 9:09:30 AM me.superblaubeere27.jobf.JObfImpl processJar
INFO: ... Finished after 1ms 
Feb 15, 2021 9:09:30 AM me.superblaubeere27.jobf.JObfImpl processJar
INFO: Writing resources...
Feb 15, 2021 9:09:30 AM me.superblaubeere27.jobf.JObfImpl processJar
INFO: ... Finished after 1ms 
Feb 15, 2021 9:09:30 AM me.superblaubeere27.jobf.JObfImpl processJar
INFO: Finishing...
Feb 15, 2021 9:09:30 AM me.superblaubeere27.jobf.JObfImpl processJar
INFO: >>> Processing completed. If you found a bug / if the output is invalid please open an issue at https://github.com/superblaubeere27/obfuscator/issues
Tests run: 2, Failures: 0, Errors: 0, Skipped: 0, Time elapsed: 1.251 sec
Running me.superblaubeere27.JumpTest
WARNING: An illegal reflective access operation has occurred
WARNING: Illegal reflective access by me.superblaubeere27.JumpTest (file:/workdir/obfuscator/obfuscator-core/target/test-classes/) to method java.lang.ClassLoader.defineClass(byte[],int,int)
WARNING: Please consider reporting this to the maintainers of me.superblaubeere27.JumpTest
WARNING: Use --illegal-access=warn to enable warnings of further illegal reflective access operations
WARNING: All illegal access operations will be denied in a future release
Tests run: 1, Failures: 0, Errors: 0, Skipped: 0, Time elapsed: 0.071 sec
Running me.superblaubeere27.jobf.processors.optimizer.InsertedMethodsTest
Tests run: 2, Failures: 0, Errors: 0, Skipped: 0, Time elapsed: 0.006 sec

Results :

Tests run: 11, Failures: 0, Errors: 0, Skipped: 0

[INFO] ------------------------------------------------------------------------
[INFO] Reactor Summary for obfuscator 1.9.3-SNAPSHOT:
[INFO] 
[INFO] obfuscator ......................................... SUCCESS [  0.003 s]
[INFO] obfuscator-annotations ............................. SUCCESS [  0.450 s]
[INFO] obfuscator-core .................................... SUCCESS [  3.570 s]
[INFO] ------------------------------------------------------------------------
[INFO] BUILD SUCCESS
[INFO] ------------------------------------------------------------------------
[INFO] Total time:  4.128 s
[INFO] Finished at: 2021-02-15T09:09:31Z
[INFO] ------------------------------------------------------------------------
