[INFO] Scanning for projects...
[WARNING] 
[WARNING] Some problems were encountered while building the effective model for in.ashwanthkumar:gocd-github-pr-material:jar:1.4.0-RC4
[WARNING] The expression ${version} is deprecated. Please use ${project.version} instead.
[WARNING] 
[WARNING] It is highly recommended to fix these problems because they threaten the stability of your build.
[WARNING] 
[WARNING] For this reason, future Maven versions might no longer support building such malformed projects.
[WARNING] 
[INFO] 
[INFO] --------------< in.ashwanthkumar:gocd-github-pr-material >--------------
[INFO] Building gocd-github-pr-material 1.4.0-RC4
[INFO] --------------------------------[ jar ]---------------------------------
[INFO] 
[INFO] --- maven-resources-plugin:2.6:resources (default-resources) @ gocd-github-pr-material ---
[INFO] Using 'UTF-8' encoding to copy filtered resources.
[INFO] Copying 2 resources to views/
[INFO] Copying 2 resources
[INFO] 
[INFO] --- maven-compiler-plugin:3.1:compile (default-compile) @ gocd-github-pr-material ---
[INFO] Nothing to compile - all classes are up to date
[INFO] 
[INFO] --- maven-dependency-plugin:2.4:copy-dependencies (copy-dependencies) @ gocd-github-pr-material ---
[INFO] bridge-method-annotation-1.14.jar already exists in destination.
[INFO] javassist-3.25.0-GA.jar already exists in destination.
[INFO] git-cmd-1.4.jar already exists in destination.
[INFO] hk2-locator-2.6.1.jar already exists in destination.
[INFO] jakarta.inject-2.6.1.jar already exists in destination.
[INFO] jackson-module-jaxb-annotations-2.10.3.jar already exists in destination.
[INFO] commons-digester-1.8.jar already exists in destination.
[INFO] joda-time-2.3.jar already exists in destination.
[INFO] hk2-utils-2.6.1.jar already exists in destination.
[INFO] jackson-jaxrs-json-provider-2.10.3.jar already exists in destination.
[INFO] jakarta.servlet-api-4.0.3.jar already exists in destination.
[INFO] commons-codec-1.7.jar already exists in destination.
[INFO] jersey-common-2.30.1.jar already exists in destination.
[INFO] commons-lang-2.6.jar already exists in destination.
[INFO] jackson-databind-2.9.10.5.jar already exists in destination.
[INFO] httpclient-4.1.3.jar already exists in destination.
[INFO] hk2-api-2.6.1.jar already exists in destination.
[INFO] my-java-utils-0.0.6.jar already exists in destination.
[INFO] jersey-hk2-2.30.1.jar already exists in destination.
[INFO] jsch-0.1.51.jar already exists in destination.
[INFO] commons-exec-1.3.jar already exists in destination.
[INFO] jakarta.annotation-api-1.3.5.jar already exists in destination.
[INFO] jakarta.xml.bind-api-2.3.2.jar already exists in destination.
[INFO] jakarta.ws.rs-api-2.1.6.jar already exists in destination.
[INFO] osgi-resource-locator-1.0.3.jar already exists in destination.
[INFO] aopalliance-repackaged-2.6.1.jar already exists in destination.
[INFO] jakarta.activation-api-1.2.2.jar already exists in destination.
[INFO] jakarta.activation-1.2.1.jar already exists in destination.
[INFO] gson-2.3.1.jar already exists in destination.
[INFO] jersey-client-2.30.1.jar already exists in destination.
[INFO] commons-io-2.4.jar already exists in destination.
[INFO] commons-beanutils-1.8.3.jar already exists in destination.
[INFO] commons-logging-1.1.1.jar already exists in destination.
[INFO] jersey-apache-connector-2.30.1.jar already exists in destination.
[INFO] gitlab4j-api-4.15.6.jar already exists in destination.
[INFO] jersey-media-multipart-2.30.1.jar already exists in destination.
[INFO] annotation-indexer-1.4.jar already exists in destination.
[INFO] httpcore-4.1.4.jar already exists in destination.
[INFO] mimepull-1.9.11.jar already exists in destination.
[INFO] jackson-core-2.9.3.jar already exists in destination.
[INFO] org.eclipse.jgit-4.0.1.201506240215-r.jar already exists in destination.
[INFO] JavaEWAH-0.7.9.jar already exists in destination.
[INFO] commons-validator-1.4.0.jar already exists in destination.
[INFO] slf4j-api-1.7.2.jar already exists in destination.
[INFO] jackson-jaxrs-base-2.10.3.jar already exists in destination.
[INFO] github-api-1.68.jar already exists in destination.
[INFO] jackson-annotations-2.9.3.jar already exists in destination.
[INFO] 
[INFO] --- maven-resources-plugin:2.6:testResources (default-testResources) @ gocd-github-pr-material ---
[INFO] Using 'UTF-8' encoding to copy filtered resources.
[INFO] skip non existing resourceDirectory /workdir/gocd-build-github-pull-requests/src/test/resources
[INFO] 
[INFO] --- maven-compiler-plugin:3.1:testCompile (default-testCompile) @ gocd-github-pr-material ---
[INFO] Nothing to compile - all classes are up to date
[INFO] 
[INFO] --- maven-surefire-plugin:2.12.4:test (default-test) @ gocd-github-pr-material ---
[INFO] Surefire report directory: /workdir/gocd-build-github-pull-requests/target/surefire-reports

-------------------------------------------------------
 T E S T S
-------------------------------------------------------
Running in.ashwanthkumar.gocd.github.GitHubPRBuildPluginTest
WARNING: An illegal reflective access operation has occurred
WARNING: Illegal reflective access by org.mockito.cglib.core.ReflectUtils$2 (file:/home/maven/.m2/repository/org/mockito/mockito-core/1.8.5/mockito-core-1.8.5.jar) to method java.lang.ClassLoader.defineClass(java.lang.String,byte[],int,int,java.security.ProtectionDomain)
WARNING: Please consider reporting this to the maintainers of org.mockito.cglib.core.ReflectUtils$2
WARNING: Use --illegal-access=warn to enable warnings of further illegal reflective access operations
WARNING: All illegal access operations will be denied in a future release
Could not find pluginId for logger: class in.ashwanthkumar.gocd.github.GitHubPRBuildPlugin
Fetching latest for: https://github.com/mdaliejaz/samplerepo.git
Could not find pluginId for logger: class in.ashwanthkumar.gocd.github.util.BranchFilter
new commits: 1
SLF4J: Failed to load class "org.slf4j.impl.StaticLoggerBinder".
SLF4J: Defaulting to no-operation (NOP) logger implementation
SLF4J: See http://www.slf4j.org/codes.html#StaticLoggerBinder for further details.
Flyweight: /tmp/d7172d69-edd0-4f3b-a3e8-f0896670b923
get latest revision: 
Fetching latest for: https://github.com/mdaliejaz/samplerepo.git
Branch master is filtered by branch matcher
No updated PRs found. Old: {} New: {master=abcdef01234567891}
Fetching latest for: https://github.com/mdaliejaz/samplerepo.git
new commits: 1
Flyweight: /tmp/d7172d69-edd0-4f3b-a3e8-f0896670b923
get latest revision: 
Tests run: 12, Failures: 0, Errors: 0, Skipped: 4, Time elapsed: 0.313 sec
Running in.ashwanthkumar.gocd.github.util.BranchFilterTest
Tests run: 17, Failures: 0, Errors: 0, Skipped: 0, Time elapsed: 0.007 sec
Running in.ashwanthkumar.gocd.github.util.URLUtilsTest
Tests run: 2, Failures: 0, Errors: 0, Skipped: 0, Time elapsed: 0 sec
Running in.ashwanthkumar.gocd.github.util.BranchMatcherTest
Tests run: 42, Failures: 0, Errors: 0, Skipped: 0, Time elapsed: 0.018 sec
Running in.ashwanthkumar.gocd.github.provider.git.GitProviderTest
Tests run: 3, Failures: 0, Errors: 0, Skipped: 0, Time elapsed: 0 sec
Running in.ashwanthkumar.gocd.github.provider.gerrit.GerritProviderTest
Tests run: 3, Failures: 0, Errors: 0, Skipped: 0, Time elapsed: 0 sec
Running in.ashwanthkumar.gocd.github.provider.stash.StashProviderTest
Tests run: 3, Failures: 0, Errors: 0, Skipped: 0, Time elapsed: 0 sec
Running in.ashwanthkumar.gocd.github.provider.github.GitHubProviderTest
Tests run: 3, Failures: 0, Errors: 0, Skipped: 0, Time elapsed: 0 sec
Running in.ashwanthkumar.gocd.github.provider.github.GHUtilsTest
Tests run: 3, Failures: 0, Errors: 0, Skipped: 0, Time elapsed: 0 sec
Running in.ashwanthkumar.gocd.github.provider.gitlab.GitLabUtilsTest
Tests run: 2, Failures: 0, Errors: 0, Skipped: 0, Time elapsed: 0 sec
Running in.ashwanthkumar.gocd.github.provider.gitlab.GitLabProviderTest
Tests run: 3, Failures: 0, Errors: 0, Skipped: 0, Time elapsed: 0 sec

Results :

Tests run: 93, Failures: 0, Errors: 0, Skipped: 4

[INFO] ------------------------------------------------------------------------
[INFO] BUILD SUCCESS
[INFO] ------------------------------------------------------------------------
[INFO] Total time:  1.709 s
[INFO] Finished at: 2021-02-15T01:37:54Z
[INFO] ------------------------------------------------------------------------
