[INFO] Scanning for projects...
[WARNING] 
[WARNING] Some problems were encountered while building the effective model for net.dongliu:apk-parser:jar:2.6.10
[WARNING] 'build.plugins.plugin.version' for org.apache.maven.plugins:maven-jar-plugin is missing. @ line 92, column 21
[WARNING] 
[WARNING] It is highly recommended to fix these problems because they threaten the stability of your build.
[WARNING] 
[WARNING] For this reason, future Maven versions might no longer support building such malformed projects.
[WARNING] 
[INFO] 
[INFO] -----------------------< net.dongliu:apk-parser >-----------------------
[INFO] Building apk-parser 2.6.10
[INFO] --------------------------------[ jar ]---------------------------------
[INFO] 
[INFO] --- maven-enforcer-plugin:1.0:enforce (enforce-maven) @ apk-parser ---
[INFO] 
[INFO] --- maven-resources-plugin:2.6:resources (default-resources) @ apk-parser ---
[INFO] Using 'UTF-8' encoding to copy filtered resources.
[INFO] Copying 2 resources
[INFO] 
[INFO] --- maven-compiler-plugin:3.1:compile (default-compile) @ apk-parser ---
[INFO] Changes detected - recompiling the module!
[INFO] Compiling 125 source files to /workdir/apk-parser/target/classes
[INFO] 
[INFO] --- maven-resources-plugin:2.6:testResources (default-testResources) @ apk-parser ---
[INFO] Using 'UTF-8' encoding to copy filtered resources.
[INFO] Copying 7 resources
[INFO] 
[INFO] --- maven-compiler-plugin:3.1:testCompile (default-testCompile) @ apk-parser ---
[INFO] Nothing to compile - all classes are up to date
[INFO] 
[INFO] --- maven-surefire-plugin:2.12.4:test (default-test) @ apk-parser ---
[INFO] Surefire report directory: /workdir/apk-parser/target/surefire-reports

-------------------------------------------------------
 T E S T S
-------------------------------------------------------
Running net.dongliu.apk.parser.ApkFileTest
Tests run: 5, Failures: 0, Errors: 0, Skipped: 0, Time elapsed: 0.27 sec
Running net.dongliu.apk.parser.parser.BCCertificateParserTest
Tests run: 1, Failures: 0, Errors: 0, Skipped: 0, Time elapsed: 0.348 sec
Running net.dongliu.apk.parser.parser.JSSECertificateParserTest
Tests run: 2, Failures: 0, Errors: 0, Skipped: 1, Time elapsed: 0.002 sec
Running net.dongliu.apk.parser.parser.ApkSignBlockParserTest
Tests run: 1, Failures: 0, Errors: 0, Skipped: 0, Time elapsed: 0.001 sec
Running net.dongliu.apk.parser.utils.BuffersTest
Tests run: 1, Failures: 0, Errors: 0, Skipped: 0, Time elapsed: 0 sec
Running net.dongliu.apk.parser.ByteArrayApkFileTest
Tests run: 2, Failures: 0, Errors: 0, Skipped: 0, Time elapsed: 0.718 sec

Results :

Tests run: 12, Failures: 0, Errors: 0, Skipped: 1

[INFO] ------------------------------------------------------------------------
[INFO] BUILD SUCCESS
[INFO] ------------------------------------------------------------------------
[INFO] Total time:  3.670 s
[INFO] Finished at: 2021-02-14T22:06:45Z
[INFO] ------------------------------------------------------------------------
