[INFO] Scanning for projects...
[INFO] ------------------------------------------------------------------------
[INFO] Reactor Build Order:
[INFO] 
[INFO] arthas-all                                                         [pom]
[INFO] arthas-spy                                                         [jar]
[INFO] arthas-common                                                      [jar]
[INFO] arthas-tunnel-common                                               [jar]
[INFO] arthas-tunnel-client                                               [jar]
[INFO] arthas-memorycompiler                                              [jar]
[INFO] arthas-demo                                                        [jar]
[INFO] arthas-core                                                        [jar]
[INFO] arthas-agent                                                       [jar]
[INFO] arthas-client                                                      [jar]
[INFO] arthas-boot                                                        [jar]
[INFO] arthas-agent-attach                                                [jar]
[INFO] arthas-site                                                        [jar]
[INFO] arthas-packaging                                                   [jar]
[INFO] arthas-spring-boot-starter                                         [jar]
[INFO] arthas-testcase                                                    [jar]
[INFO] arthas-tunnel-server                                               [jar]
[INFO] 
[INFO] --------------------< com.taobao.arthas:arthas-all >--------------------
[INFO] Building arthas-all 3.4.5-SNAPSHOT                                [1/17]
[INFO] --------------------------------[ pom ]---------------------------------
[INFO] 
[INFO] --- maven-enforcer-plugin:1.2:enforce (enforce-maven) @ arthas-all ---
[INFO] 
[INFO] --- jacoco-maven-plugin:0.8.2:prepare-agent (jacoco-initialize) @ arthas-all ---
[INFO] argLine set to -javaagent:/home/maven/.m2/repository/org/jacoco/org.jacoco.agent/0.8.2/org.jacoco.agent-0.8.2-runtime.jar=destfile=/workdir/arthas/target/jacoco.exec,excludes=com/taobao/arthas/core/view/ObjectViewTest*
[INFO] 
[INFO] --- git-commit-id-plugin:4.0.1:revision (default) @ arthas-all ---
[INFO] 
[INFO] --- flatten-maven-plugin:1.2.2:flatten (flatten) @ arthas-all ---
[INFO] Generating flattened POM of project com.taobao.arthas:arthas-all:pom:3.4.5-SNAPSHOT...
[WARNING] FlattenMode minimum is deprecated!
[INFO] 
[INFO] --------------------< com.taobao.arthas:arthas-spy >--------------------
[INFO] Building arthas-spy 3.4.5-SNAPSHOT                                [2/17]
[INFO] --------------------------------[ jar ]---------------------------------
[INFO] 
[INFO] --- maven-enforcer-plugin:1.2:enforce (enforce-maven) @ arthas-spy ---
[INFO] 
[INFO] --- jacoco-maven-plugin:0.8.2:prepare-agent (jacoco-initialize) @ arthas-spy ---
[INFO] argLine set to -javaagent:/home/maven/.m2/repository/org/jacoco/org.jacoco.agent/0.8.2/org.jacoco.agent-0.8.2-runtime.jar=destfile=/workdir/arthas/spy/target/jacoco.exec,excludes=com/taobao/arthas/core/view/ObjectViewTest*
[INFO] 
[INFO] --- git-commit-id-plugin:4.0.1:revision (default) @ arthas-spy ---
[INFO] 
[INFO] --- maven-resources-plugin:2.6:resources (default-resources) @ arthas-spy ---
[INFO] Using 'UTF-8' encoding to copy filtered resources.
[INFO] skip non existing resourceDirectory /workdir/arthas/spy/src/main/resources
[INFO] 
[INFO] --- flatten-maven-plugin:1.2.2:flatten (flatten) @ arthas-spy ---
[INFO] Generating flattened POM of project com.taobao.arthas:arthas-spy:jar:3.4.5-SNAPSHOT...
[WARNING] FlattenMode minimum is deprecated!
[INFO] 
[INFO] --- maven-compiler-plugin:3.8.0:compile (default-compile) @ arthas-spy ---
[INFO] Changes detected - recompiling the module!
[INFO] Compiling 6 source files to /workdir/arthas/spy/target/classes
[WARNING] bootstrap class path not set in conjunction with -source 6
[WARNING] source value 6 is obsolete and will be removed in a future release
[WARNING] target value 1.6 is obsolete and will be removed in a future release
[WARNING] To suppress warnings about obsolete options, use -Xlint:-options.
[INFO] 
[INFO] --- maven-resources-plugin:2.6:testResources (default-testResources) @ arthas-spy ---
[INFO] Using 'UTF-8' encoding to copy filtered resources.
[INFO] skip non existing resourceDirectory /workdir/arthas/spy/src/test/resources
[INFO] 
[INFO] --- maven-compiler-plugin:3.8.0:testCompile (default-testCompile) @ arthas-spy ---
[INFO] No sources to compile
[INFO] 
[INFO] --- maven-surefire-plugin:2.12.4:test (default-test) @ arthas-spy ---
[INFO] No tests to run.
[INFO] 
[INFO] ------------------< com.taobao.arthas:arthas-common >-------------------
[INFO] Building arthas-common 3.4.5-SNAPSHOT                             [3/17]
[INFO] --------------------------------[ jar ]---------------------------------
[INFO] 
[INFO] --- maven-enforcer-plugin:1.2:enforce (enforce-maven) @ arthas-common ---
[INFO] 
[INFO] --- jacoco-maven-plugin:0.8.2:prepare-agent (jacoco-initialize) @ arthas-common ---
[INFO] argLine set to -javaagent:/home/maven/.m2/repository/org/jacoco/org.jacoco.agent/0.8.2/org.jacoco.agent-0.8.2-runtime.jar=destfile=/workdir/arthas/common/target/jacoco.exec,excludes=com/taobao/arthas/core/view/ObjectViewTest*
[INFO] 
[INFO] --- git-commit-id-plugin:4.0.1:revision (default) @ arthas-common ---
[INFO] 
[INFO] --- maven-resources-plugin:2.6:resources (default-resources) @ arthas-common ---
[INFO] Using 'UTF-8' encoding to copy filtered resources.
[INFO] skip non existing resourceDirectory /workdir/arthas/common/src/main/resources
[INFO] 
[INFO] --- flatten-maven-plugin:1.2.2:flatten (flatten) @ arthas-common ---
[INFO] Generating flattened POM of project com.taobao.arthas:arthas-common:jar:3.4.5-SNAPSHOT...
[WARNING] FlattenMode minimum is deprecated!
[INFO] 
[INFO] --- maven-compiler-plugin:3.8.0:compile (default-compile) @ arthas-common ---
[INFO] Nothing to compile - all classes are up to date
[INFO] 
[INFO] --- maven-resources-plugin:2.6:testResources (default-testResources) @ arthas-common ---
[INFO] Using 'UTF-8' encoding to copy filtered resources.
[INFO] skip non existing resourceDirectory /workdir/arthas/common/src/test/resources
[INFO] 
[INFO] --- maven-compiler-plugin:3.8.0:testCompile (default-testCompile) @ arthas-common ---
[INFO] No sources to compile
[INFO] 
[INFO] --- maven-surefire-plugin:2.12.4:test (default-test) @ arthas-common ---
[INFO] No tests to run.
[INFO] 
[INFO] ---------------< com.taobao.arthas:arthas-tunnel-common >---------------
[INFO] Building arthas-tunnel-common 3.4.5-SNAPSHOT                      [4/17]
[INFO] --------------------------------[ jar ]---------------------------------
[INFO] 
[INFO] --- maven-enforcer-plugin:1.2:enforce (enforce-maven) @ arthas-tunnel-common ---
[INFO] 
[INFO] --- jacoco-maven-plugin:0.8.2:prepare-agent (jacoco-initialize) @ arthas-tunnel-common ---
[INFO] argLine set to -javaagent:/home/maven/.m2/repository/org/jacoco/org.jacoco.agent/0.8.2/org.jacoco.agent-0.8.2-runtime.jar=destfile=/workdir/arthas/tunnel-common/target/jacoco.exec,excludes=com/taobao/arthas/core/view/ObjectViewTest*
[INFO] 
[INFO] --- git-commit-id-plugin:4.0.1:revision (default) @ arthas-tunnel-common ---
[INFO] 
[INFO] --- maven-resources-plugin:2.6:resources (default-resources) @ arthas-tunnel-common ---
[INFO] Using 'UTF-8' encoding to copy filtered resources.
[INFO] skip non existing resourceDirectory /workdir/arthas/tunnel-common/src/main/resources
[INFO] 
[INFO] --- flatten-maven-plugin:1.2.2:flatten (flatten) @ arthas-tunnel-common ---
[INFO] Generating flattened POM of project com.taobao.arthas:arthas-tunnel-common:jar:3.4.5-SNAPSHOT...
[WARNING] FlattenMode minimum is deprecated!
[INFO] 
[INFO] --- maven-compiler-plugin:3.8.0:compile (default-compile) @ arthas-tunnel-common ---
[INFO] Nothing to compile - all classes are up to date
[INFO] 
[INFO] --- maven-resources-plugin:2.6:testResources (default-testResources) @ arthas-tunnel-common ---
[INFO] Using 'UTF-8' encoding to copy filtered resources.
[INFO] skip non existing resourceDirectory /workdir/arthas/tunnel-common/src/test/resources
[INFO] 
[INFO] --- maven-compiler-plugin:3.8.0:testCompile (default-testCompile) @ arthas-tunnel-common ---
[INFO] No sources to compile
[INFO] 
[INFO] --- maven-surefire-plugin:2.12.4:test (default-test) @ arthas-tunnel-common ---
[INFO] No tests to run.
[INFO] 
[INFO] ---------------< com.taobao.arthas:arthas-tunnel-client >---------------
[INFO] Building arthas-tunnel-client 3.4.5-SNAPSHOT                      [5/17]
[INFO] --------------------------------[ jar ]---------------------------------
[INFO] 
[INFO] --- maven-enforcer-plugin:1.2:enforce (enforce-maven) @ arthas-tunnel-client ---
[INFO] 
[INFO] --- jacoco-maven-plugin:0.8.2:prepare-agent (jacoco-initialize) @ arthas-tunnel-client ---
[INFO] argLine set to -javaagent:/home/maven/.m2/repository/org/jacoco/org.jacoco.agent/0.8.2/org.jacoco.agent-0.8.2-runtime.jar=destfile=/workdir/arthas/tunnel-client/target/jacoco.exec,excludes=com/taobao/arthas/core/view/ObjectViewTest*
[INFO] 
[INFO] --- git-commit-id-plugin:4.0.1:revision (default) @ arthas-tunnel-client ---
[INFO] 
[INFO] --- maven-resources-plugin:2.6:resources (default-resources) @ arthas-tunnel-client ---
[INFO] Using 'UTF-8' encoding to copy filtered resources.
[INFO] skip non existing resourceDirectory /workdir/arthas/tunnel-client/src/main/resources
[INFO] 
[INFO] --- flatten-maven-plugin:1.2.2:flatten (flatten) @ arthas-tunnel-client ---
[INFO] Generating flattened POM of project com.taobao.arthas:arthas-tunnel-client:jar:3.4.5-SNAPSHOT...
[WARNING] FlattenMode minimum is deprecated!
[INFO] 
[INFO] --- maven-compiler-plugin:3.8.0:compile (default-compile) @ arthas-tunnel-client ---
[INFO] Nothing to compile - all classes are up to date
[INFO] 
[INFO] --- maven-resources-plugin:2.6:testResources (default-testResources) @ arthas-tunnel-client ---
[INFO] Using 'UTF-8' encoding to copy filtered resources.
[INFO] skip non existing resourceDirectory /workdir/arthas/tunnel-client/src/test/resources
[INFO] 
[INFO] --- maven-compiler-plugin:3.8.0:testCompile (default-testCompile) @ arthas-tunnel-client ---
[INFO] No sources to compile
[INFO] 
[INFO] --- maven-surefire-plugin:2.12.4:test (default-test) @ arthas-tunnel-client ---
[INFO] No tests to run.
[INFO] 
[INFO] --------------< com.taobao.arthas:arthas-memorycompiler >---------------
[INFO] Building arthas-memorycompiler 3.4.5-SNAPSHOT                     [6/17]
[INFO] --------------------------------[ jar ]---------------------------------
[INFO] 
[INFO] --- maven-enforcer-plugin:1.2:enforce (enforce-maven) @ arthas-memorycompiler ---
[INFO] 
[INFO] --- jacoco-maven-plugin:0.8.2:prepare-agent (jacoco-initialize) @ arthas-memorycompiler ---
[INFO] argLine set to -javaagent:/home/maven/.m2/repository/org/jacoco/org.jacoco.agent/0.8.2/org.jacoco.agent-0.8.2-runtime.jar=destfile=/workdir/arthas/memorycompiler/target/jacoco.exec,excludes=com/taobao/arthas/core/view/ObjectViewTest*
[INFO] 
[INFO] --- git-commit-id-plugin:4.0.1:revision (default) @ arthas-memorycompiler ---
[INFO] 
[INFO] --- maven-resources-plugin:2.6:resources (default-resources) @ arthas-memorycompiler ---
[INFO] Using 'UTF-8' encoding to copy filtered resources.
[INFO] skip non existing resourceDirectory /workdir/arthas/memorycompiler/src/main/resources
[INFO] 
[INFO] --- flatten-maven-plugin:1.2.2:flatten (flatten) @ arthas-memorycompiler ---
[INFO] Generating flattened POM of project com.taobao.arthas:arthas-memorycompiler:jar:3.4.5-SNAPSHOT...
[WARNING] FlattenMode minimum is deprecated!
[INFO] 
[INFO] --- maven-compiler-plugin:3.8.0:compile (default-compile) @ arthas-memorycompiler ---
[INFO] Nothing to compile - all classes are up to date
[INFO] 
[INFO] --- maven-resources-plugin:2.6:testResources (default-testResources) @ arthas-memorycompiler ---
[INFO] Using 'UTF-8' encoding to copy filtered resources.
[INFO] Copying 2 resources
[INFO] 
[INFO] --- maven-compiler-plugin:3.8.0:testCompile (default-testCompile) @ arthas-memorycompiler ---
[INFO] Nothing to compile - all classes are up to date
[INFO] 
[INFO] --- maven-surefire-plugin:2.12.4:test (default-test) @ arthas-memorycompiler ---
[INFO] Surefire report directory: /workdir/arthas/memorycompiler/target/surefire-reports

-------------------------------------------------------
 T E S T S
-------------------------------------------------------
Running com.taobao.arthas.compiler.DynamicCompilerTest
Tests run: 1, Failures: 0, Errors: 0, Skipped: 0, Time elapsed: 1.181 sec

Results :

Tests run: 1, Failures: 0, Errors: 0, Skipped: 0

[INFO] 
[INFO] -------------------< com.taobao.arthas:arthas-demo >--------------------
[INFO] Building arthas-demo 3.4.5-SNAPSHOT                               [7/17]
[INFO] --------------------------------[ jar ]---------------------------------
[INFO] 
[INFO] --- maven-enforcer-plugin:1.2:enforce (enforce-maven) @ arthas-demo ---
[INFO] 
[INFO] --- jacoco-maven-plugin:0.8.2:prepare-agent (jacoco-initialize) @ arthas-demo ---
[INFO] argLine set to -javaagent:/home/maven/.m2/repository/org/jacoco/org.jacoco.agent/0.8.2/org.jacoco.agent-0.8.2-runtime.jar=destfile=/workdir/arthas/demo/target/jacoco.exec,excludes=com/taobao/arthas/core/view/ObjectViewTest*
[INFO] 
[INFO] --- git-commit-id-plugin:4.0.1:revision (default) @ arthas-demo ---
[INFO] 
[INFO] --- maven-resources-plugin:2.6:resources (default-resources) @ arthas-demo ---
[INFO] Using 'UTF-8' encoding to copy filtered resources.
[INFO] skip non existing resourceDirectory /workdir/arthas/demo/src/main/resources
[INFO] 
[INFO] --- flatten-maven-plugin:1.2.2:flatten (flatten) @ arthas-demo ---
[INFO] Generating flattened POM of project com.taobao.arthas:arthas-demo:jar:3.4.5-SNAPSHOT...
[WARNING] FlattenMode minimum is deprecated!
[INFO] 
[INFO] --- maven-compiler-plugin:3.8.0:compile (default-compile) @ arthas-demo ---
[INFO] Nothing to compile - all classes are up to date
[INFO] 
[INFO] --- maven-resources-plugin:2.6:testResources (default-testResources) @ arthas-demo ---
[INFO] Using 'UTF-8' encoding to copy filtered resources.
[INFO] skip non existing resourceDirectory /workdir/arthas/demo/src/test/resources
[INFO] 
[INFO] --- maven-compiler-plugin:3.8.0:testCompile (default-testCompile) @ arthas-demo ---
[INFO] No sources to compile
[INFO] 
[INFO] --- maven-surefire-plugin:2.12.4:test (default-test) @ arthas-demo ---
[INFO] No tests to run.
[INFO] 
[INFO] -------------------< com.taobao.arthas:arthas-core >--------------------
[INFO] Building arthas-core 3.4.5-SNAPSHOT                               [8/17]
[INFO] --------------------------------[ jar ]---------------------------------
[INFO] 
[INFO] --- maven-enforcer-plugin:1.2:enforce (enforce-maven) @ arthas-core ---
[INFO] 
[INFO] --- jacoco-maven-plugin:0.8.2:prepare-agent (jacoco-initialize) @ arthas-core ---
[INFO] argLine set to -javaagent:/home/maven/.m2/repository/org/jacoco/org.jacoco.agent/0.8.2/org.jacoco.agent-0.8.2-runtime.jar=destfile=/workdir/arthas/core/target/jacoco.exec,excludes=com/taobao/arthas/core/view/ObjectViewTest*
[INFO] 
[INFO] --- git-commit-id-plugin:4.0.1:revision (default) @ arthas-core ---
[INFO] 
[INFO] --- maven-resources-plugin:2.6:resources (default-resources) @ arthas-core ---
[INFO] Using 'UTF-8' encoding to copy filtered resources.
[INFO] Copying 23 resources
[INFO] 
[INFO] --- flatten-maven-plugin:1.2.2:flatten (flatten) @ arthas-core ---
[INFO] Generating flattened POM of project com.taobao.arthas:arthas-core:jar:3.4.5-SNAPSHOT...
[WARNING] FlattenMode minimum is deprecated!
[INFO] 
[INFO] --- maven-compiler-plugin:3.8.0:compile (default-compile) @ arthas-core ---
[INFO] Changes detected - recompiling the module!
[INFO] Compiling 402 source files to /workdir/arthas/core/target/classes
[WARNING] bootstrap class path not set in conjunction with -source 6
[WARNING] source value 6 is obsolete and will be removed in a future release
[WARNING] target value 1.6 is obsolete and will be removed in a future release
[WARNING] To suppress warnings about obsolete options, use -Xlint:-options.
[WARNING] /workdir/arthas/core/src/main/java/com/taobao/arthas/core/command/monitor200/ThreadSampler.java:[4,22] sun.management.HotspotThreadMBean is internal proprietary API and may be removed in a future release
[WARNING] /workdir/arthas/core/src/main/java/com/taobao/arthas/core/command/monitor200/ThreadSampler.java:[5,22] sun.management.ManagementFactoryHelper is internal proprietary API and may be removed in a future release
[WARNING] /workdir/arthas/core/src/main/java/com/taobao/arthas/core/command/monitor200/PerfCounterCommand.java:[24,30] sun.management.counter.Counter is internal proprietary API and may be removed in a future release
[WARNING] /workdir/arthas/core/src/main/java/com/taobao/arthas/core/command/monitor200/PerfCounterCommand.java:[25,35] sun.management.counter.perf.PerfInstrumentation is internal proprietary API and may be removed in a future release
[WARNING] /workdir/arthas/core/src/main/java/com/taobao/arthas/core/command/monitor200/ThreadSampler.java:[4,22] sun.management.HotspotThreadMBean is internal proprietary API and may be removed in a future release
[WARNING] /workdir/arthas/core/src/main/java/com/taobao/arthas/core/command/monitor200/ThreadSampler.java:[5,22] sun.management.ManagementFactoryHelper is internal proprietary API and may be removed in a future release
[WARNING] /workdir/arthas/core/src/main/java/com/taobao/arthas/core/command/monitor200/PerfCounterCommand.java:[24,30] sun.management.counter.Counter is internal proprietary API and may be removed in a future release
[WARNING] /workdir/arthas/core/src/main/java/com/taobao/arthas/core/command/monitor200/PerfCounterCommand.java:[25,35] sun.management.counter.perf.PerfInstrumentation is internal proprietary API and may be removed in a future release
[WARNING] /workdir/arthas/core/src/main/java/com/taobao/arthas/core/command/monitor200/ThreadSampler.java:[4,22] sun.management.HotspotThreadMBean is internal proprietary API and may be removed in a future release
[WARNING] /workdir/arthas/core/src/main/java/com/taobao/arthas/core/command/monitor200/ThreadSampler.java:[5,22] sun.management.ManagementFactoryHelper is internal proprietary API and may be removed in a future release
[WARNING] /workdir/arthas/core/src/main/java/com/taobao/arthas/core/command/monitor200/PerfCounterCommand.java:[24,30] sun.management.counter.Counter is internal proprietary API and may be removed in a future release
[WARNING] /workdir/arthas/core/src/main/java/com/taobao/arthas/core/command/monitor200/PerfCounterCommand.java:[25,35] sun.management.counter.perf.PerfInstrumentation is internal proprietary API and may be removed in a future release
[WARNING] /workdir/arthas/core/src/main/java/com/taobao/arthas/core/advisor/ArthasMethod.java:[136,26] isAccessible() in java.lang.reflect.AccessibleObject has been deprecated
[WARNING] /workdir/arthas/core/src/main/java/com/taobao/arthas/core/advisor/ArthasMethod.java:[138,31] isAccessible() in java.lang.reflect.AccessibleObject has been deprecated
[WARNING] /workdir/arthas/core/src/main/java/com/taobao/arthas/core/command/monitor200/ThreadSampler.java:[25,20] sun.management.HotspotThreadMBean is internal proprietary API and may be removed in a future release
[WARNING] /workdir/arthas/core/src/main/java/com/taobao/arthas/core/command/monitor200/ThreadSampler.java:[25,20] sun.management.HotspotThreadMBean is internal proprietary API and may be removed in a future release
[WARNING] /workdir/arthas/core/src/main/java/com/taobao/arthas/core/command/monitor200/ThreadSampler.java:[25,20] sun.management.HotspotThreadMBean is internal proprietary API and may be removed in a future release
[WARNING] /workdir/arthas/core/src/main/java/com/taobao/arthas/core/command/monitor200/ThreadSampler.java:[160,42] sun.management.ManagementFactoryHelper is internal proprietary API and may be removed in a future release
[WARNING] /workdir/arthas/core/src/main/java/com/taobao/arthas/core/util/reflect/ArthasReflectUtils.java:[183,43] isAccessible() in java.lang.reflect.AccessibleObject has been deprecated
[WARNING] /workdir/arthas/core/src/main/java/com/taobao/arthas/core/util/reflect/ArthasReflectUtils.java:[235,43] isAccessible() in java.lang.reflect.AccessibleObject has been deprecated
[WARNING] /workdir/arthas/core/src/main/java/com/taobao/arthas/core/util/reflect/ArthasReflectUtils.java:[303,50] isAccessible() in java.lang.reflect.AccessibleObject has been deprecated
[WARNING] /workdir/arthas/core/src/main/java/com/taobao/arthas/core/command/monitor200/DashboardCommand.java:[257,42] Double(double) in java.lang.Double has been deprecated
[WARNING] /workdir/arthas/core/src/main/java/com/taobao/arthas/core/command/monitor200/DashboardCommand.java:[258,38] Double(double) in java.lang.Double has been deprecated
[WARNING] /workdir/arthas/core/src/main/java/com/taobao/arthas/core/util/reflect/FieldUtils.java:[118,34] isAccessible() in java.lang.reflect.AccessibleObject has been deprecated
[WARNING] /workdir/arthas/core/src/main/java/com/taobao/arthas/core/util/reflect/FieldUtils.java:[221,34] isAccessible() in java.lang.reflect.AccessibleObject has been deprecated
[WARNING] /workdir/arthas/core/src/main/java/com/taobao/arthas/core/util/reflect/FieldUtils.java:[413,27] isAccessible() in java.lang.reflect.AccessibleObject has been deprecated
[WARNING] /workdir/arthas/core/src/main/java/com/taobao/arthas/core/util/reflect/FieldUtils.java:[417,15] isAccessible() in java.lang.reflect.AccessibleObject has been deprecated
[WARNING] /workdir/arthas/core/src/main/java/com/taobao/arthas/core/shell/command/impl/AnnotatedCommandImpl.java:[53,29] newInstance() in java.lang.Class has been deprecated
[WARNING] /workdir/arthas/core/src/main/java/com/taobao/arthas/core/shell/command/impl/AnnotatedCommandImpl.java:[65,29] newInstance() in java.lang.Class has been deprecated
[WARNING] /workdir/arthas/core/src/main/java/com/taobao/arthas/core/shell/command/impl/AnnotatedCommandImpl.java:[76,29] newInstance() in java.lang.Class has been deprecated
[WARNING] /workdir/arthas/core/src/main/java/com/taobao/arthas/core/shell/command/impl/AnnotatedCommandImpl.java:[95,29] newInstance() in java.lang.Class has been deprecated
[WARNING] /workdir/arthas/core/src/main/java/com/taobao/arthas/core/command/view/ResultViewResolver.java:[105,29] newInstance() in java.lang.Class has been deprecated
[WARNING] /workdir/arthas/core/src/main/java/com/taobao/arthas/core/util/UserStatUtil.java:[30,53] encode(java.lang.String) in java.net.URLEncoder has been deprecated
[WARNING] /workdir/arthas/core/src/main/java/com/taobao/arthas/core/util/UserStatUtil.java:[59,50] encode(java.lang.String) in java.net.URLEncoder has been deprecated
[WARNING] /workdir/arthas/core/src/main/java/com/taobao/arthas/core/util/UserStatUtil.java:[61,56] encode(java.lang.String) in java.net.URLEncoder has been deprecated
[WARNING] /workdir/arthas/core/src/main/java/com/taobao/arthas/core/util/TypeRenderUtils.java:[188,43] isAccessible() in java.lang.reflect.AccessibleObject has been deprecated
[WARNING] /workdir/arthas/core/src/main/java/com/taobao/arthas/core/command/monitor200/PerfCounterCommand.java:[53,14] sun.management.counter.Counter is internal proprietary API and may be removed in a future release
[WARNING] /workdir/arthas/core/src/main/java/com/taobao/arthas/core/command/monitor200/PerfCounterCommand.java:[63,14] sun.management.counter.Counter is internal proprietary API and may be removed in a future release
[WARNING] /workdir/arthas/core/src/main/java/com/taobao/arthas/core/command/monitor200/PerfCounterCommand.java:[75,25] sun.management.counter.Counter is internal proprietary API and may be removed in a future release
[WARNING] /workdir/arthas/core/src/main/java/com/taobao/arthas/core/command/monitor200/PerfCounterCommand.java:[75,25] sun.management.counter.Counter is internal proprietary API and may be removed in a future release
[WARNING] /workdir/arthas/core/src/main/java/com/taobao/arthas/core/command/monitor200/PerfCounterCommand.java:[75,25] sun.management.counter.Counter is internal proprietary API and may be removed in a future release
[WARNING] /workdir/arthas/core/src/main/java/com/taobao/arthas/core/command/monitor200/PerfCounterCommand.java:[105,13] sun.management.counter.perf.PerfInstrumentation is internal proprietary API and may be removed in a future release
[WARNING] /workdir/arthas/core/src/main/java/com/taobao/arthas/core/command/monitor200/PerfCounterCommand.java:[105,59] sun.management.counter.perf.PerfInstrumentation is internal proprietary API and may be removed in a future release
[WARNING] /workdir/arthas/core/src/main/java/com/taobao/arthas/core/shell/term/impl/http/TtyWebSocketFrameHandler.java:[55,72] HANDSHAKE_COMPLETE in io.netty.handler.codec.http.websocketx.WebSocketServerProtocolHandler.ServerHandshakeStateEvent has been deprecated
[WARNING] /workdir/arthas/core/src/main/java/com/taobao/arthas/core/command/klass100/GetStaticCommand.java:[158,23] isAccessible() in java.lang.reflect.AccessibleObject has been deprecated
[WARNING] /workdir/arthas/core/src/main/java/com/taobao/arthas/core/distribution/ResultConsumerHelper.java:[71,27] isAccessible() in java.lang.reflect.AccessibleObject has been deprecated
[WARNING] /workdir/arthas/core/src/main/java/com/taobao/arthas/core/config/BinderUtils.java:[84,57] newInstance() in java.lang.Class has been deprecated
[WARNING] /workdir/arthas/core/src/main/java/com/taobao/arthas/core/view/ClassInfoView.java:[107,55] isAccessible() in java.lang.reflect.AccessibleObject has been deprecated
[INFO] /workdir/arthas/core/src/main/java/com/taobao/arthas/core/command/model/SystemEnvModel.java: Some input files use unchecked or unsafe operations.
[INFO] /workdir/arthas/core/src/main/java/com/taobao/arthas/core/command/model/SystemEnvModel.java: Recompile with -Xlint:unchecked for details.
[INFO] 
[INFO] --- maven-resources-plugin:2.6:testResources (default-testResources) @ arthas-core ---
[INFO] Using 'UTF-8' encoding to copy filtered resources.
[INFO] Copying 2 resources
[INFO] 
[INFO] --- maven-compiler-plugin:3.8.0:testCompile (default-testCompile) @ arthas-core ---
[INFO] Nothing to compile - all classes are up to date
[INFO] 
[INFO] --- maven-surefire-plugin:2.12.4:test (default-test) @ arthas-core ---
[INFO] Surefire report directory: /workdir/arthas/core/target/surefire-reports

-------------------------------------------------------
 T E S T S
-------------------------------------------------------
Running com.taobao.arthas.core.config.ServerPropertiesTest
Tests run: 2, Failures: 0, Errors: 0, Skipped: 0, Time elapsed: 0.108 sec
Running com.taobao.arthas.core.config.PropertiesInjectUtilTest
Server [port=8080, host=localhost, address=/192.168.1.1, flag=true, ssl=Ssl [protocol=TLS, enabled=true, testBoolean=false, testLong=123, testDouble=null, ciphers=[abc, efg, hij]], error=ErrorProperties [path=/error, includeStacktrace=ALWAYS]]
Tests run: 1, Failures: 0, Errors: 0, Skipped: 0, Time elapsed: 0.005 sec
Running com.taobao.arthas.core.advisor.EnhancerTest
08:54:47,194 |-INFO in ch.qos.logback.classic.LoggerContext[default] - Found resource [logback-test.xml] at [file:/workdir/arthas/core/target/test-classes/logback-test.xml]
08:54:47,303 |-INFO in ch.qos.logback.classic.joran.action.ConfigurationAction - debug attribute not set
08:54:47,304 |-INFO in ch.qos.logback.core.joran.action.AppenderAction - About to instantiate appender of type [com.alibaba.arthas.deps.ch.qos.logback.core.ConsoleAppender]
08:54:47,308 |-ERROR in ch.qos.logback.core.joran.action.AppenderAction - Could not create an Appender of type [com.alibaba.arthas.deps.ch.qos.logback.core.ConsoleAppender]. ch.qos.logback.core.util.IncompatibleClassException
	at ch.qos.logback.core.util.IncompatibleClassException
	at 	at ch.qos.logback.core.util.OptionHelper.instantiateByClassNameAndParameter(OptionHelper.java:58)
	at 	at ch.qos.logback.core.util.OptionHelper.instantiateByClassName(OptionHelper.java:45)
	at 	at ch.qos.logback.core.util.OptionHelper.instantiateByClassName(OptionHelper.java:34)
	at 	at ch.qos.logback.core.joran.action.AppenderAction.begin(AppenderAction.java:52)
	at 	at ch.qos.logback.core.joran.spi.Interpreter.callBeginAction(Interpreter.java:269)
	at 	at ch.qos.logback.core.joran.spi.Interpreter.startElement(Interpreter.java:145)
	at 	at ch.qos.logback.core.joran.spi.Interpreter.startElement(Interpreter.java:128)
	at 	at ch.qos.logback.core.joran.spi.EventPlayer.play(EventPlayer.java:50)
	at 	at ch.qos.logback.core.joran.GenericConfigurator.doConfigure(GenericConfigurator.java:165)
	at 	at ch.qos.logback.core.joran.GenericConfigurator.doConfigure(GenericConfigurator.java:152)
	at 	at ch.qos.logback.core.joran.GenericConfigurator.doConfigure(GenericConfigurator.java:110)
	at 	at ch.qos.logback.core.joran.GenericConfigurator.doConfigure(GenericConfigurator.java:53)
	at 	at ch.qos.logback.classic.util.ContextInitializer.configureByResource(ContextInitializer.java:75)
	at 	at ch.qos.logback.classic.util.ContextInitializer.autoConfig(ContextInitializer.java:150)
	at 	at org.slf4j.impl.StaticLoggerBinder.init(StaticLoggerBinder.java:84)
	at 	at org.slf4j.impl.StaticLoggerBinder.<clinit>(StaticLoggerBinder.java:55)
	at 	at org.slf4j.LoggerFactory.bind(LoggerFactory.java:150)
	at 	at org.slf4j.LoggerFactory.performInitialization(LoggerFactory.java:124)
	at 	at org.slf4j.LoggerFactory.getILoggerFactory(LoggerFactory.java:412)
	at 	at org.slf4j.LoggerFactory.getLogger(LoggerFactory.java:357)
	at 	at org.zeroturnaround.zip.ZipUtil.<clinit>(ZipUtil.java:70)
	at 	at com.taobao.arthas.core.bytecode.TestHelper.appendSpyJar(TestHelper.java:98)
	at 	at com.taobao.arthas.core.advisor.EnhancerTest.test(EnhancerTest.java:38)
	at 	at java.base/jdk.internal.reflect.NativeMethodAccessorImpl.invoke0(Native Method)
	at 	at java.base/jdk.internal.reflect.NativeMethodAccessorImpl.invoke(NativeMethodAccessorImpl.java:62)
	at 	at java.base/jdk.internal.reflect.DelegatingMethodAccessorImpl.invoke(DelegatingMethodAccessorImpl.java:43)
	at 	at java.base/java.lang.reflect.Method.invoke(Method.java:566)
	at 	at org.junit.runners.model.FrameworkMethod$1.runReflectiveCall(FrameworkMethod.java:59)
	at 	at org.junit.internal.runners.model.ReflectiveCallable.run(ReflectiveCallable.java:12)
	at 	at org.junit.runners.model.FrameworkMethod.invokeExplosively(FrameworkMethod.java:56)
	at 	at org.junit.internal.runners.statements.InvokeMethod.evaluate(InvokeMethod.java:17)
	at 	at org.junit.runners.ParentRunner$3.evaluate(ParentRunner.java:306)
	at 	at org.junit.runners.BlockJUnit4ClassRunner$1.evaluate(BlockJUnit4ClassRunner.java:100)
	at 	at org.junit.runners.ParentRunner.runLeaf(ParentRunner.java:366)
	at 	at org.junit.runners.BlockJUnit4ClassRunner.runChild(BlockJUnit4ClassRunner.java:103)
	at 	at org.junit.runners.BlockJUnit4ClassRunner.runChild(BlockJUnit4ClassRunner.java:63)
	at 	at org.junit.runners.ParentRunner$4.run(ParentRunner.java:331)
	at 	at org.junit.runners.ParentRunner$1.schedule(ParentRunner.java:79)
	at 	at org.junit.runners.ParentRunner.runChildren(ParentRunner.java:329)
	at 	at org.junit.runners.ParentRunner.access$100(ParentRunner.java:66)
	at 	at org.junit.runners.ParentRunner$2.evaluate(ParentRunner.java:293)
	at 	at org.junit.runners.ParentRunner$3.evaluate(ParentRunner.java:306)
	at 	at org.junit.runners.ParentRunner.run(ParentRunner.java:413)
	at 	at org.apache.maven.surefire.junit4.JUnit4Provider.execute(JUnit4Provider.java:252)
	at 	at org.apache.maven.surefire.junit4.JUnit4Provider.executeTestSet(JUnit4Provider.java:141)
	at 	at org.apache.maven.surefire.junit4.JUnit4Provider.invoke(JUnit4Provider.java:112)
	at 	at java.base/jdk.internal.reflect.NativeMethodAccessorImpl.invoke0(Native Method)
	at 	at java.base/jdk.internal.reflect.NativeMethodAccessorImpl.invoke(NativeMethodAccessorImpl.java:62)
	at 	at java.base/jdk.internal.reflect.DelegatingMethodAccessorImpl.invoke(DelegatingMethodAccessorImpl.java:43)
	at 	at java.base/java.lang.reflect.Method.invoke(Method.java:566)
	at 	at org.apache.maven.surefire.util.ReflectionUtils.invokeMethodWithArray(ReflectionUtils.java:189)
	at 	at org.apache.maven.surefire.booter.ProviderFactory$ProviderProxy.invoke(ProviderFactory.java:165)
	at 	at org.apache.maven.surefire.booter.ProviderFactory.invokeProvider(ProviderFactory.java:85)
	at 	at org.apache.maven.surefire.booter.ForkedBooter.runSuitesInProcess(ForkedBooter.java:115)
	at 	at org.apache.maven.surefire.booter.ForkedBooter.main(ForkedBooter.java:75)
08:54:47,308 |-ERROR in ch.qos.logback.core.joran.spi.Interpreter@5:71 - ActionException in Action for tag [appender] ch.qos.logback.core.joran.spi.ActionException: ch.qos.logback.core.util.IncompatibleClassException
	at ch.qos.logback.core.joran.spi.ActionException: ch.qos.logback.core.util.IncompatibleClassException
	at 	at ch.qos.logback.core.joran.action.AppenderAction.begin(AppenderAction.java:76)
	at 	at ch.qos.logback.core.joran.spi.Interpreter.callBeginAction(Interpreter.java:269)
	at 	at ch.qos.logback.core.joran.spi.Interpreter.startElement(Interpreter.java:145)
	at 	at ch.qos.logback.core.joran.spi.Interpreter.startElement(Interpreter.java:128)
	at 	at ch.qos.logback.core.joran.spi.EventPlayer.play(EventPlayer.java:50)
	at 	at ch.qos.logback.core.joran.GenericConfigurator.doConfigure(GenericConfigurator.java:165)
	at 	at ch.qos.logback.core.joran.GenericConfigurator.doConfigure(GenericConfigurator.java:152)
	at 	at ch.qos.logback.core.joran.GenericConfigurator.doConfigure(GenericConfigurator.java:110)
	at 	at ch.qos.logback.core.joran.GenericConfigurator.doConfigure(GenericConfigurator.java:53)
	at 	at ch.qos.logback.classic.util.ContextInitializer.configureByResource(ContextInitializer.java:75)
	at 	at ch.qos.logback.classic.util.ContextInitializer.autoConfig(ContextInitializer.java:150)
	at 	at org.slf4j.impl.StaticLoggerBinder.init(StaticLoggerBinder.java:84)
	at 	at org.slf4j.impl.StaticLoggerBinder.<clinit>(StaticLoggerBinder.java:55)
	at 	at org.slf4j.LoggerFactory.bind(LoggerFactory.java:150)
	at 	at org.slf4j.LoggerFactory.performInitialization(LoggerFactory.java:124)
	at 	at org.slf4j.LoggerFactory.getILoggerFactory(LoggerFactory.java:412)
	at 	at org.slf4j.LoggerFactory.getLogger(LoggerFactory.java:357)
	at 	at org.zeroturnaround.zip.ZipUtil.<clinit>(ZipUtil.java:70)
	at 	at com.taobao.arthas.core.bytecode.TestHelper.appendSpyJar(TestHelper.java:98)
	at 	at com.taobao.arthas.core.advisor.EnhancerTest.test(EnhancerTest.java:38)
	at 	at java.base/jdk.internal.reflect.NativeMethodAccessorImpl.invoke0(Native Method)
	at 	at java.base/jdk.internal.reflect.NativeMethodAccessorImpl.invoke(NativeMethodAccessorImpl.java:62)
	at 	at java.base/jdk.internal.reflect.DelegatingMethodAccessorImpl.invoke(DelegatingMethodAccessorImpl.java:43)
	at 	at java.base/java.lang.reflect.Method.invoke(Method.java:566)
	at 	at org.junit.runners.model.FrameworkMethod$1.runReflectiveCall(FrameworkMethod.java:59)
	at 	at org.junit.internal.runners.model.ReflectiveCallable.run(ReflectiveCallable.java:12)
	at 	at org.junit.runners.model.FrameworkMethod.invokeExplosively(FrameworkMethod.java:56)
	at 	at org.junit.internal.runners.statements.InvokeMethod.evaluate(InvokeMethod.java:17)
	at 	at org.junit.runners.ParentRunner$3.evaluate(ParentRunner.java:306)
	at 	at org.junit.runners.BlockJUnit4ClassRunner$1.evaluate(BlockJUnit4ClassRunner.java:100)
	at 	at org.junit.runners.ParentRunner.runLeaf(ParentRunner.java:366)
	at 	at org.junit.runners.BlockJUnit4ClassRunner.runChild(BlockJUnit4ClassRunner.java:103)
	at 	at org.junit.runners.BlockJUnit4ClassRunner.runChild(BlockJUnit4ClassRunner.java:63)
	at 	at org.junit.runners.ParentRunner$4.run(ParentRunner.java:331)
	at 	at org.junit.runners.ParentRunner$1.schedule(ParentRunner.java:79)
	at 	at org.junit.runners.ParentRunner.runChildren(ParentRunner.java:329)
	at 	at org.junit.runners.ParentRunner.access$100(ParentRunner.java:66)
	at 	at org.junit.runners.ParentRunner$2.evaluate(ParentRunner.java:293)
	at 	at org.junit.runners.ParentRunner$3.evaluate(ParentRunner.java:306)
	at 	at org.junit.runners.ParentRunner.run(ParentRunner.java:413)
	at 	at org.apache.maven.surefire.junit4.JUnit4Provider.execute(JUnit4Provider.java:252)
	at 	at org.apache.maven.surefire.junit4.JUnit4Provider.executeTestSet(JUnit4Provider.java:141)
	at 	at org.apache.maven.surefire.junit4.JUnit4Provider.invoke(JUnit4Provider.java:112)
	at 	at java.base/jdk.internal.reflect.NativeMethodAccessorImpl.invoke0(Native Method)
	at 	at java.base/jdk.internal.reflect.NativeMethodAccessorImpl.invoke(NativeMethodAccessorImpl.java:62)
	at 	at java.base/jdk.internal.reflect.DelegatingMethodAccessorImpl.invoke(DelegatingMethodAccessorImpl.java:43)
	at 	at java.base/java.lang.reflect.Method.invoke(Method.java:566)
	at 	at org.apache.maven.surefire.util.ReflectionUtils.invokeMethodWithArray(ReflectionUtils.java:189)
	at 	at org.apache.maven.surefire.booter.ProviderFactory$ProviderProxy.invoke(ProviderFactory.java:165)
	at 	at org.apache.maven.surefire.booter.ProviderFactory.invokeProvider(ProviderFactory.java:85)
	at 	at org.apache.maven.surefire.booter.ForkedBooter.runSuitesInProcess(ForkedBooter.java:115)
	at 	at org.apache.maven.surefire.booter.ForkedBooter.main(ForkedBooter.java:75)
Caused by: ch.qos.logback.core.util.IncompatibleClassException
	at 	at ch.qos.logback.core.util.OptionHelper.instantiateByClassNameAndParameter(OptionHelper.java:58)
	at 	at ch.qos.logback.core.util.OptionHelper.instantiateByClassName(OptionHelper.java:45)
	at 	at ch.qos.logback.core.util.OptionHelper.instantiateByClassName(OptionHelper.java:34)
	at 	at ch.qos.logback.core.joran.action.AppenderAction.begin(AppenderAction.java:52)
	at 	... 51 common frames omitted
08:54:47,316 |-INFO in ch.qos.logback.classic.joran.action.RootLoggerAction - Setting level of ROOT logger to WARN
08:54:47,316 |-ERROR in ch.qos.logback.core.joran.action.AppenderRefAction - Could not find an appender named [CONSOLE]. Did you define it below instead of above in the configuration file?
08:54:47,316 |-ERROR in ch.qos.logback.core.joran.action.AppenderRefAction - See http://logback.qos.ch/codes.html#appender_order for more details.
08:54:47,316 |-INFO in ch.qos.logback.classic.joran.action.ConfigurationAction - End of configuration.
08:54:47,317 |-INFO in ch.qos.logback.classic.joran.JoranConfigurator@e1e2e5e - Registering current configuration as safe fallback point

[ERROR] can not find arthas logging config: /workdir/arthas/core/target/logback.xml
08:54:49.428 [main] INFO com.taobao.arthas.core.util.ArthasBanner - Current arthas version: unknown, recommend latest version: 3.4.6
08:54:49.924 [main] INFO com.taobao.arthas.core.util.ArthasBanner - Current arthas version: unknown, recommend latest version: 3.4.6
08:54:50.113 [main] INFO com.taobao.arthas.core.server.ArthasBootstrap - telnet port is null, skip bind telnet server.
08:54:50.113 [main] INFO com.taobao.arthas.core.server.ArthasBootstrap - http port is null, skip bind http server.
08:54:50.182 [main] INFO com.taobao.arthas.core.server.ArthasBootstrap - as-server listening on network=127.0.0.1;telnet=null;http=null;timeout=6000;
08:54:50.185 [main] INFO com.taobao.arthas.core.server.ArthasBootstrap - as-server started in 2691 ms
/*
 * Decompiled with CFR.
 * 
 * Could not load the following classes:
 *  demo.MathGame
 *  java.arthas.SpyAPI
 */
package demo;

import java.arthas.SpyAPI;
import java.util.ArrayList;
import java.util.Iterator;
import java.util.List;
import java.util.Random;
import java.util.concurrent.TimeUnit;

/*
 * Exception performing whole class analysis ignored.
 */
public class MathGame {
    private static Random random = new Random();
    public int illegalArgumentCount = 0;

    public static void main(String[] args) throws InterruptedException {
        MathGame game = new MathGame();
        while (true) {
            game.run();
            TimeUnit.SECONDS.sleep(1L);
        }
    }

    public void run() throws InterruptedException {
        try {
            int number = random.nextInt() / 10000;
            List primeFactors = this.primeFactors(number);
            MathGame.print((int)number, (List)primeFactors);
        }
        catch (Exception e) {
            System.out.println(String.format("illegalArgumentCount:%3d, ", this.illegalArgumentCount) + e.getMessage());
        }
    }

    /*
     * WARNING - void declaration
     */
    public static void print(int n, List<Integer> list) {
        Object[] arrobject = new Object[]{new Integer(n), list};
        String string = "print|(ILjava/util/List;)V";
        Class<MathGame> class_ = MathGame.class;
        Object var5_5 = null;
        SpyAPI.atEnter(class_, (String)string, var5_5, (Object[])arrobject);
        try {
            char c;
            int n2;
            Iterator iterator;
            void primeFactors;
            StringBuffer stringBuffer;
            String string2;
            StringBuilder stringBuilder;
            StringBuilder stringBuilder2;
            int number;
            StringBuilder stringBuilder3;
            String string3 = "java/lang/StringBuilder|<init>|()V|33";
            Class<MathGame> class_2 = MathGame.class;
            Object var20_8 = null;
            SpyAPI.atBeforeInvoke(class_2, (String)string3, var20_8);
            try {
                stringBuilder3 = new StringBuilder();
            }
            catch (Throwable throwable) {
                Throwable throwable2 = throwable;
                String string4 = "java/lang/StringBuilder|<init>|()V|34";
                Class<MathGame> class_3 = MathGame.class;
                Object var110_28 = null;
                SpyAPI.atInvokeException(class_3, (String)string4, var110_28, (Throwable)throwable2);
                throw throwable;
            }
            String string5 = "java/lang/StringBuilder|<init>|()V|34";
            Class<MathGame> class_4 = MathGame.class;
            Object var65_31 = null;
            SpyAPI.atAfterInvoke(class_4, (String)string5, var65_31);
            String string6 = "java/lang/StringBuilder|append|(I)Ljava/lang/StringBuilder;|33";
            Class<MathGame> class_5 = MathGame.class;
            Object var23_34 = null;
            SpyAPI.atBeforeInvoke(class_5, (String)string6, var23_34);
            try {
                stringBuilder2 = stringBuilder3.append(number);
            }
            catch (Throwable throwable) {
                Throwable throwable3 = throwable;
                String string7 = "java/lang/StringBuilder|append|(I)Ljava/lang/StringBuilder;|34";
                Class<MathGame> class_6 = MathGame.class;
                Object var114_38 = null;
                SpyAPI.atInvokeException(class_6, (String)string7, var114_38, (Throwable)throwable3);
                throw throwable;
            }
            String string8 = "java/lang/StringBuilder|append|(I)Ljava/lang/StringBuilder;|34";
            Class<MathGame> class_7 = MathGame.class;
            Object var68_41 = null;
            SpyAPI.atAfterInvoke(class_7, (String)string8, var68_41);
            String string9 = "java/lang/StringBuilder|append|(Ljava/lang/String;)Ljava/lang/StringBuilder;|33";
            Class<MathGame> class_8 = MathGame.class;
            Object var26_44 = null;
            SpyAPI.atBeforeInvoke(class_8, (String)string9, var26_44);
            try {
                stringBuilder = stringBuilder2.append("=");
            }
            catch (Throwable throwable) {
                Throwable throwable4 = throwable;
                String string10 = "java/lang/StringBuilder|append|(Ljava/lang/String;)Ljava/lang/StringBuilder;|34";
                Class<MathGame> class_9 = MathGame.class;
                Object var118_48 = null;
                SpyAPI.atInvokeException(class_9, (String)string10, var118_48, (Throwable)throwable4);
                throw throwable;
            }
            String string11 = "java/lang/StringBuilder|append|(Ljava/lang/String;)Ljava/lang/StringBuilder;|34";
            Class<MathGame> class_10 = MathGame.class;
            Object var71_51 = null;
            SpyAPI.atAfterInvoke(class_10, (String)string11, var71_51);
            String string12 = "java/lang/StringBuilder|toString|()Ljava/lang/String;|33";
            Class<MathGame> class_11 = MathGame.class;
            Object var29_54 = null;
            SpyAPI.atBeforeInvoke(class_11, (String)string12, var29_54);
            try {
                string2 = stringBuilder.toString();
            }
            catch (Throwable throwable) {
                Throwable throwable5 = throwable;
                String string13 = "java/lang/StringBuilder|toString|()Ljava/lang/String;|34";
                Class<MathGame> class_12 = MathGame.class;
                Object var122_58 = null;
                SpyAPI.atInvokeException(class_12, (String)string13, var122_58, (Throwable)throwable5);
                throw throwable;
            }
            String string14 = "java/lang/StringBuilder|toString|()Ljava/lang/String;|34";
            Class<MathGame> class_13 = MathGame.class;
            Object var74_61 = null;
            SpyAPI.atAfterInvoke(class_13, (String)string14, var74_61);
            String string15 = "java/lang/StringBuffer|<init>|(Ljava/lang/String;)V|33";
            Class<MathGame> class_14 = MathGame.class;
            Object var32_64 = null;
            SpyAPI.atBeforeInvoke(class_14, (String)string15, var32_64);
            try {
                stringBuffer = new StringBuffer(string2);
            }
            catch (Throwable throwable) {
                Throwable throwable6 = throwable;
                String string16 = "java/lang/StringBuffer|<init>|(Ljava/lang/String;)V|34";
                Class<MathGame> class_15 = MathGame.class;
                Object var126_68 = null;
                SpyAPI.atInvokeException(class_15, (String)string16, var126_68, (Throwable)throwable6);
                throw throwable;
            }
            String string17 = "java/lang/StringBuffer|<init>|(Ljava/lang/String;)V|34";
            Class<MathGame> class_16 = MathGame.class;
            Object var77_71 = null;
            SpyAPI.atAfterInvoke(class_16, (String)string17, var77_71);
            StringBuffer sb = stringBuffer;
            String string18 = "java/util/List|iterator|()Ljava/util/Iterator;|34";
            Class<MathGame> class_17 = MathGame.class;
            Object var35_75 = null;
            SpyAPI.atBeforeInvoke(class_17, (String)string18, var35_75);
            try {
                iterator = primeFactors.iterator();
            }
            catch (Throwable throwable) {
                Throwable throwable7 = throwable;
                String string19 = "java/util/List|iterator|()Ljava/util/Iterator;|35";
                Class<MathGame> class_18 = MathGame.class;
                Object var130_79 = null;
                SpyAPI.atInvokeException(class_18, (String)string19, var130_79, (Throwable)throwable7);
                throw throwable;
            }
            String string20 = "java/util/List|iterator|()Ljava/util/Iterator;|35";
            Class<MathGame> class_19 = MathGame.class;
            Object var80_82 = null;
            SpyAPI.atAfterInvoke(class_19, (String)string20, var80_82);
            Iterator iterator2 = iterator;
            while (true) {
                StringBuffer stringBuffer2;
                Object e;
                boolean bl;
                String string21 = "java/util/Iterator|hasNext|()Z|34";
                Class<MathGame> class_20 = MathGame.class;
                Object var38_85 = null;
                SpyAPI.atBeforeInvoke(class_20, (String)string21, var38_85);
                try {
                    bl = iterator2.hasNext();
                }
                catch (Throwable throwable) {
                    Throwable throwable8 = throwable;
                    String string22 = "java/util/Iterator|hasNext|()Z|35";
                    Class<MathGame> class_21 = MathGame.class;
                    Object var134_112 = null;
                    SpyAPI.atInvokeException(class_21, (String)string22, var134_112, (Throwable)throwable8);
                    throw throwable;
                }
                String string23 = "java/util/Iterator|hasNext|()Z|35";
                Class<MathGame> class_22 = MathGame.class;
                Object var83_97 = null;
                SpyAPI.atAfterInvoke(class_22, (String)string23, var83_97);
                if (!bl) break;
                String string24 = "java/util/Iterator|next|()Ljava/lang/Object;|34";
                Class<MathGame> class_23 = MathGame.class;
                Object var41_88 = null;
                SpyAPI.atBeforeInvoke(class_23, (String)string24, var41_88);
                try {
                    e = iterator2.next();
                }
                catch (Throwable throwable) {
                    Throwable throwable9 = throwable;
                    String string25 = "java/util/Iterator|next|()Ljava/lang/Object;|35";
                    Class<MathGame> class_24 = MathGame.class;
                    Object var138_116 = null;
                    SpyAPI.atInvokeException(class_24, (String)string25, var138_116, (Throwable)throwable9);
                    throw throwable;
                }
                String string26 = "java/util/Iterator|next|()Ljava/lang/Object;|35";
                Class<MathGame> class_25 = MathGame.class;
                Object var86_100 = null;
                SpyAPI.atAfterInvoke(class_25, (String)string26, var86_100);
                int factor = (Integer)e;
                String string27 = "java/lang/StringBuffer|append|(I)Ljava/lang/StringBuffer;|35";
                Class<MathGame> class_26 = MathGame.class;
                Object var44_91 = null;
                SpyAPI.atBeforeInvoke(class_26, (String)string27, var44_91);
                try {
                    stringBuffer2 = sb.append(factor);
                }
                catch (Throwable throwable) {
                    Throwable throwable10 = throwable;
                    String string28 = "java/lang/StringBuffer|append|(I)Ljava/lang/StringBuffer;|36";
                    Class<MathGame> class_27 = MathGame.class;
                    Object var142_120 = null;
                    SpyAPI.atInvokeException(class_27, (String)string28, var142_120, (Throwable)throwable10);
                    throw throwable;
                }
                String string29 = "java/lang/StringBuffer|append|(I)Ljava/lang/StringBuffer;|36";
                Class<MathGame> class_28 = MathGame.class;
                Object var89_103 = null;
                SpyAPI.atAfterInvoke(class_28, (String)string29, var89_103);
                String string30 = "java/lang/StringBuffer|append|(C)Ljava/lang/StringBuffer;|35";
                Class<MathGame> class_29 = MathGame.class;
                Object var47_94 = null;
                SpyAPI.atBeforeInvoke(class_29, (String)string30, var47_94);
                try {
                    stringBuffer2.append('*');
                }
                catch (Throwable throwable) {
                    Throwable throwable11 = throwable;
                    String string31 = "java/lang/StringBuffer|append|(C)Ljava/lang/StringBuffer;|36";
                    Class<MathGame> class_30 = MathGame.class;
                    Object var146_124 = null;
                    SpyAPI.atInvokeException(class_30, (String)string31, var146_124, (Throwable)throwable11);
                    throw throwable;
                }
                String string32 = "java/lang/StringBuffer|append|(C)Ljava/lang/StringBuffer;|36";
                Class<MathGame> class_31 = MathGame.class;
                Object var92_106 = null;
                SpyAPI.atAfterInvoke(class_31, (String)string32, var92_106);
            }
            String string33 = "java/lang/StringBuffer|length|()I|37";
            Class<MathGame> class_32 = MathGame.class;
            Object var50_127 = null;
            SpyAPI.atBeforeInvoke(class_32, (String)string33, var50_127);
            try {
                n2 = sb.length();
            }
            catch (Throwable throwable) {
                Throwable throwable12 = throwable;
                String string34 = "java/lang/StringBuffer|length|()I|38";
                Class<MathGame> class_33 = MathGame.class;
                Object var150_131 = null;
                SpyAPI.atInvokeException(class_33, (String)string34, var150_131, (Throwable)throwable12);
                throw throwable;
            }
            String string35 = "java/lang/StringBuffer|length|()I|38";
            Class<MathGame> class_34 = MathGame.class;
            Object var95_134 = null;
            SpyAPI.atAfterInvoke(class_34, (String)string35, var95_134);
            int n3 = n2 - 1;
            String string36 = "java/lang/StringBuffer|charAt|(I)C|37";
            Class<MathGame> class_35 = MathGame.class;
            Object var53_137 = null;
            SpyAPI.atBeforeInvoke(class_35, (String)string36, var53_137);
            try {
                c = sb.charAt(n3);
            }
            catch (Throwable throwable) {
                Throwable throwable13 = throwable;
                String string37 = "java/lang/StringBuffer|charAt|(I)C|38";
                Class<MathGame> class_36 = MathGame.class;
                Object var154_141 = null;
                SpyAPI.atInvokeException(class_36, (String)string37, var154_141, (Throwable)throwable13);
                throw throwable;
            }
            String string38 = "java/lang/StringBuffer|charAt|(I)C|38";
            Class<MathGame> class_37 = MathGame.class;
            Object var98_144 = null;
            SpyAPI.atAfterInvoke(class_37, (String)string38, var98_144);
            if (c == '*') {
                int n4;
                String string39 = "java/lang/StringBuffer|length|()I|38";
                Class<MathGame> class_38 = MathGame.class;
                Object var56_147 = null;
                SpyAPI.atBeforeInvoke(class_38, (String)string39, var56_147);
                try {
                    n4 = sb.length();
                }
                catch (Throwable throwable) {
                    Throwable throwable14 = throwable;
                    String string40 = "java/lang/StringBuffer|length|()I|40";
                    Class<MathGame> class_39 = MathGame.class;
                    Object var158_151 = null;
                    SpyAPI.atInvokeException(class_39, (String)string40, var158_151, (Throwable)throwable14);
                    throw throwable;
                }
                String string41 = "java/lang/StringBuffer|length|()I|40";
                Class<MathGame> class_40 = MathGame.class;
                Object var101_154 = null;
                SpyAPI.atAfterInvoke(class_40, (String)string41, var101_154);
                int n5 = n4 - 1;
                String string42 = "java/lang/StringBuffer|deleteCharAt|(I)Ljava/lang/StringBuffer;|38";
                Class<MathGame> class_41 = MathGame.class;
                Object var59_157 = null;
                SpyAPI.atBeforeInvoke(class_41, (String)string42, var59_157);
                try {
                    sb.deleteCharAt(n5);
                }
                catch (Throwable throwable) {
                    Throwable throwable15 = throwable;
                    String string43 = "java/lang/StringBuffer|deleteCharAt|(I)Ljava/lang/StringBuffer;|40";
                    Class<MathGame> class_42 = MathGame.class;
                    Object var162_161 = null;
                    SpyAPI.atInvokeException(class_42, (String)string43, var162_161, (Throwable)throwable15);
                    throw throwable;
                }
                String string44 = "java/lang/StringBuffer|deleteCharAt|(I)Ljava/lang/StringBuffer;|40";
                Class<MathGame> class_43 = MathGame.class;
                Object var104_164 = null;
                SpyAPI.atAfterInvoke(class_43, (String)string44, var104_164);
            }
            String string45 = "java/io/PrintStream|println|(Ljava/lang/Object;)V|40";
            Class<MathGame> class_44 = MathGame.class;
            Object var62_167 = null;
            SpyAPI.atBeforeInvoke(class_44, (String)string45, var62_167);
            try {
                System.out.println(sb);
            }
            catch (Throwable throwable) {
                Throwable throwable16 = throwable;
                String string46 = "java/io/PrintStream|println|(Ljava/lang/Object;)V|41";
                Class<MathGame> class_45 = MathGame.class;
                Object var166_171 = null;
                SpyAPI.atInvokeException(class_45, (String)string46, var166_171, (Throwable)throwable16);
                throw throwable;
            }
            String string47 = "java/io/PrintStream|println|(Ljava/lang/Object;)V|41";
            Class<MathGame> class_46 = MathGame.class;
            Object var107_174 = null;
            SpyAPI.atAfterInvoke(class_46, (String)string47, var107_174);
            Object var13_175 = null;
            Object[] arrobject2 = new Object[]{new Integer(number), primeFactors};
            String string48 = "print|(ILjava/util/List;)V";
            Class<MathGame> class_47 = MathGame.class;
            Object var9_179 = null;
            SpyAPI.atExit(class_47, (String)string48, var9_179, (Object[])arrobject2, var13_175);
            return;
        }
        catch (Throwable throwable) {
            Throwable throwable17 = throwable;
            Object[] arrobject3 = new Object[]{new Integer(n), list};
            String string49 = "print|(ILjava/util/List;)V";
            Class<MathGame> class_48 = MathGame.class;
            Object var15_184 = null;
            SpyAPI.atExceptionExit(class_48, (String)string49, var15_184, (Object[])arrobject3, (Throwable)throwable17);
            throw throwable;
        }
    }

    public List<Integer> primeFactors(int number) {
        if (number < 2) {
            ++this.illegalArgumentCount;
            throw new IllegalArgumentException("number is: " + number + ", need >= 2");
        }
        ArrayList<Integer> result = new ArrayList<Integer>();
        int i = 2;
        while (i <= number) {
            if (number % i == 0) {
                result.add(i);
                number /= i;
                i = 2;
                continue;
            }
            ++i;
        }
        return result;
    }
}

Tests run: 1, Failures: 0, Errors: 0, Skipped: 0, Time elapsed: 5.066 sec
Running com.taobao.arthas.core.command.basic1000.GrepCommandTest
Tests run: 3, Failures: 0, Errors: 0, Skipped: 0, Time elapsed: 0.014 sec
Running com.taobao.arthas.core.util.TokenUtilsTest
Tests run: 3, Failures: 0, Errors: 0, Skipped: 0, Time elapsed: 0.001 sec
Running com.taobao.arthas.core.util.LongStackTest
Tests run: 5, Failures: 0, Errors: 0, Skipped: 0, Time elapsed: 0.002 sec
Running com.taobao.arthas.core.util.DateUtilsTest
Tests run: 2, Failures: 0, Errors: 0, Skipped: 0, Time elapsed: 0 sec
Running com.taobao.arthas.core.util.matcher.RegexMatcherTest
Tests run: 3, Failures: 0, Errors: 0, Skipped: 0, Time elapsed: 0.001 sec
Running com.taobao.arthas.core.util.matcher.EqualsMatcherTest
Tests run: 1, Failures: 0, Errors: 0, Skipped: 0, Time elapsed: 0 sec
Running com.taobao.arthas.core.util.matcher.FalseMatcherTest
Tests run: 1, Failures: 0, Errors: 0, Skipped: 0, Time elapsed: 0 sec
Running com.taobao.arthas.core.util.matcher.WildcardMatcherTest
Tests run: 1, Failures: 0, Errors: 0, Skipped: 0, Time elapsed: 0.001 sec
Running com.taobao.arthas.core.util.matcher.TrueMatcherTest
Tests run: 1, Failures: 0, Errors: 0, Skipped: 0, Time elapsed: 0 sec
Running com.taobao.arthas.core.util.FileUtilsTest
Tests run: 9, Failures: 0, Errors: 0, Skipped: 0, Time elapsed: 0.025 sec
Running com.taobao.arthas.core.util.ArrayUtilsTest
Tests run: 2, Failures: 0, Errors: 0, Skipped: 0, Time elapsed: 0.004 sec
Running com.taobao.arthas.core.util.LogUtilTest
Tests run: 5, Failures: 0, Errors: 0, Skipped: 0, Time elapsed: 0.136 sec
Running com.taobao.arthas.core.util.StringUtilsTest
Tests run: 45, Failures: 0, Errors: 0, Skipped: 0, Time elapsed: 0.02 sec
Running com.taobao.arthas.core.util.TypeRenderUtilsTest
Tests run: 11, Failures: 0, Errors: 0, Skipped: 0, Time elapsed: 0.009 sec
Running com.taobao.arthas.core.util.ArthasCheckUtilsTest
Tests run: 2, Failures: 0, Errors: 0, Skipped: 0, Time elapsed: 0 sec
Running com.taobao.arthas.core.view.ObjectViewTest
Tests run: 20, Failures: 0, Errors: 0, Skipped: 0, Time elapsed: 0.013 sec
Running com.taobao.arthas.core.shell.command.internal.GrepHandlerTest
Tests run: 5, Failures: 0, Errors: 0, Skipped: 0, Time elapsed: 0.009 sec
Running com.taobao.arthas.core.shell.cli.impl.CliTokenImplTest
Tests run: 3, Failures: 0, Errors: 0, Skipped: 0, Time elapsed: 0.004 sec
Running com.taobao.arthas.core.env.ArthasEnvironmentTest
Tests run: 2, Failures: 0, Errors: 0, Skipped: 0, Time elapsed: 0.01 sec

Results :

Tests run: 128, Failures: 0, Errors: 0, Skipped: 0

[INFO] 
[INFO] -------------------< com.taobao.arthas:arthas-agent >-------------------
[INFO] Building arthas-agent 3.4.5-SNAPSHOT                              [9/17]
[INFO] --------------------------------[ jar ]---------------------------------
[INFO] 
[INFO] --- maven-enforcer-plugin:1.2:enforce (enforce-maven) @ arthas-agent ---
[INFO] 
[INFO] --- jacoco-maven-plugin:0.8.2:prepare-agent (jacoco-initialize) @ arthas-agent ---
[INFO] argLine set to -javaagent:/home/maven/.m2/repository/org/jacoco/org.jacoco.agent/0.8.2/org.jacoco.agent-0.8.2-runtime.jar=destfile=/workdir/arthas/agent/target/jacoco.exec,excludes=com/taobao/arthas/core/view/ObjectViewTest*
[INFO] 
[INFO] --- git-commit-id-plugin:4.0.1:revision (default) @ arthas-agent ---
[INFO] 
[INFO] --- maven-resources-plugin:2.6:resources (default-resources) @ arthas-agent ---
[INFO] Using 'UTF-8' encoding to copy filtered resources.
[INFO] skip non existing resourceDirectory /workdir/arthas/agent/src/main/resources
[INFO] 
[INFO] --- flatten-maven-plugin:1.2.2:flatten (flatten) @ arthas-agent ---
[INFO] Generating flattened POM of project com.taobao.arthas:arthas-agent:jar:3.4.5-SNAPSHOT...
[WARNING] FlattenMode minimum is deprecated!
[INFO] 
[INFO] --- maven-compiler-plugin:3.8.0:compile (default-compile) @ arthas-agent ---
[INFO] Nothing to compile - all classes are up to date
[INFO] 
[INFO] --- maven-resources-plugin:2.6:testResources (default-testResources) @ arthas-agent ---
[INFO] Using 'UTF-8' encoding to copy filtered resources.
[INFO] skip non existing resourceDirectory /workdir/arthas/agent/src/test/resources
[INFO] 
[INFO] --- maven-compiler-plugin:3.8.0:testCompile (default-testCompile) @ arthas-agent ---
[INFO] No sources to compile
[INFO] 
[INFO] --- maven-surefire-plugin:2.12.4:test (default-test) @ arthas-agent ---
[INFO] No tests to run.
[INFO] 
[INFO] ------------------< com.taobao.arthas:arthas-client >-------------------
[INFO] Building arthas-client 3.4.5-SNAPSHOT                            [10/17]
[INFO] --------------------------------[ jar ]---------------------------------
[INFO] 
[INFO] --- maven-enforcer-plugin:1.2:enforce (enforce-maven) @ arthas-client ---
[INFO] 
[INFO] --- jacoco-maven-plugin:0.8.2:prepare-agent (jacoco-initialize) @ arthas-client ---
[INFO] argLine set to -javaagent:/home/maven/.m2/repository/org/jacoco/org.jacoco.agent/0.8.2/org.jacoco.agent-0.8.2-runtime.jar=destfile=/workdir/arthas/client/target/jacoco.exec,excludes=com/taobao/arthas/core/view/ObjectViewTest*
[INFO] 
[INFO] --- git-commit-id-plugin:4.0.1:revision (default) @ arthas-client ---
[INFO] 
[INFO] --- maven-resources-plugin:2.6:resources (default-resources) @ arthas-client ---
[INFO] Using 'UTF-8' encoding to copy filtered resources.
[INFO] skip non existing resourceDirectory /workdir/arthas/client/src/main/resources
[INFO] 
[INFO] --- flatten-maven-plugin:1.2.2:flatten (flatten) @ arthas-client ---
[INFO] Generating flattened POM of project com.taobao.arthas:arthas-client:jar:3.4.5-SNAPSHOT...
[WARNING] FlattenMode minimum is deprecated!
[INFO] 
[INFO] --- maven-compiler-plugin:3.8.0:compile (default-compile) @ arthas-client ---
[INFO] Nothing to compile - all classes are up to date
[INFO] 
[INFO] --- maven-resources-plugin:2.6:testResources (default-testResources) @ arthas-client ---
[INFO] Using 'UTF-8' encoding to copy filtered resources.
[INFO] skip non existing resourceDirectory /workdir/arthas/client/src/test/resources
[INFO] 
[INFO] --- maven-compiler-plugin:3.8.0:testCompile (default-testCompile) @ arthas-client ---
[INFO] No sources to compile
[INFO] 
[INFO] --- maven-surefire-plugin:2.12.4:test (default-test) @ arthas-client ---
[INFO] No tests to run.
[INFO] 
[INFO] -------------------< com.taobao.arthas:arthas-boot >--------------------
[INFO] Building arthas-boot 3.4.5-SNAPSHOT                              [11/17]
[INFO] --------------------------------[ jar ]---------------------------------
[INFO] 
[INFO] --- maven-enforcer-plugin:1.2:enforce (enforce-maven) @ arthas-boot ---
[INFO] 
[INFO] --- jacoco-maven-plugin:0.8.2:prepare-agent (jacoco-initialize) @ arthas-boot ---
[INFO] argLine set to -javaagent:/home/maven/.m2/repository/org/jacoco/org.jacoco.agent/0.8.2/org.jacoco.agent-0.8.2-runtime.jar=destfile=/workdir/arthas/boot/target/jacoco.exec,excludes=com/taobao/arthas/core/view/ObjectViewTest*
[INFO] 
[INFO] --- git-commit-id-plugin:4.0.1:revision (default) @ arthas-boot ---
[INFO] 
[INFO] --- maven-resources-plugin:2.6:resources (default-resources) @ arthas-boot ---
[INFO] Using 'UTF-8' encoding to copy filtered resources.
[INFO] skip non existing resourceDirectory /workdir/arthas/boot/src/main/resources
[INFO] 
[INFO] --- flatten-maven-plugin:1.2.2:flatten (flatten) @ arthas-boot ---
[INFO] Generating flattened POM of project com.taobao.arthas:arthas-boot:jar:3.4.5-SNAPSHOT...
[WARNING] FlattenMode minimum is deprecated!
[INFO] 
[INFO] --- maven-compiler-plugin:3.8.0:compile (default-compile) @ arthas-boot ---
[INFO] Nothing to compile - all classes are up to date
[INFO] 
[INFO] --- maven-resources-plugin:2.6:testResources (default-testResources) @ arthas-boot ---
[INFO] Using 'UTF-8' encoding to copy filtered resources.
[INFO] skip non existing resourceDirectory /workdir/arthas/boot/src/test/resources
[INFO] 
[INFO] --- maven-compiler-plugin:3.8.0:testCompile (default-testCompile) @ arthas-boot ---
[INFO] Nothing to compile - all classes are up to date
[INFO] 
[INFO] --- maven-surefire-plugin:2.12.4:test (default-test) @ arthas-boot ---
[INFO] Surefire report directory: /workdir/arthas/boot/target/surefire-reports

-------------------------------------------------------
 T E S T S
-------------------------------------------------------
Running com.taobao.arthas.boot.DownloadUtilsTest
3.4.6
/tmp/junit13174953000474431489/junit17614117321365133973
[INFO] Start download arthas from remote server: https://arthas.aliyun.com/download/3.1.7?mirror=center
[INFO] Download arthas success.
Tests run: 4, Failures: 0, Errors: 0, Skipped: 0, Time elapsed: 3.825 sec

Results :

Tests run: 4, Failures: 0, Errors: 0, Skipped: 0

[INFO] 
[INFO] ---------------< com.taobao.arthas:arthas-agent-attach >----------------
[INFO] Building arthas-agent-attach 3.4.5-SNAPSHOT                      [12/17]
[INFO] --------------------------------[ jar ]---------------------------------
[INFO] 
[INFO] --- maven-enforcer-plugin:1.2:enforce (enforce-maven) @ arthas-agent-attach ---
[INFO] 
[INFO] --- jacoco-maven-plugin:0.8.2:prepare-agent (jacoco-initialize) @ arthas-agent-attach ---
[INFO] argLine set to -javaagent:/home/maven/.m2/repository/org/jacoco/org.jacoco.agent/0.8.2/org.jacoco.agent-0.8.2-runtime.jar=destfile=/workdir/arthas/arthas-agent-attach/target/jacoco.exec,excludes=com/taobao/arthas/core/view/ObjectViewTest*
[INFO] 
[INFO] --- git-commit-id-plugin:4.0.1:revision (default) @ arthas-agent-attach ---
[INFO] 
[INFO] --- maven-resources-plugin:2.6:resources (default-resources) @ arthas-agent-attach ---
[INFO] Using 'UTF-8' encoding to copy filtered resources.
[INFO] skip non existing resourceDirectory /workdir/arthas/arthas-agent-attach/src/main/resources
[INFO] 
[INFO] --- flatten-maven-plugin:1.2.2:flatten (flatten) @ arthas-agent-attach ---
[INFO] Generating flattened POM of project com.taobao.arthas:arthas-agent-attach:jar:3.4.5-SNAPSHOT...
[WARNING] FlattenMode minimum is deprecated!
[INFO] 
[INFO] --- maven-compiler-plugin:3.8.0:compile (default-compile) @ arthas-agent-attach ---
[INFO] Nothing to compile - all classes are up to date
[INFO] 
[INFO] --- maven-resources-plugin:2.6:testResources (default-testResources) @ arthas-agent-attach ---
[INFO] Using 'UTF-8' encoding to copy filtered resources.
[INFO] skip non existing resourceDirectory /workdir/arthas/arthas-agent-attach/src/test/resources
[INFO] 
[INFO] --- maven-compiler-plugin:3.8.0:testCompile (default-testCompile) @ arthas-agent-attach ---
[INFO] No sources to compile
[INFO] 
[INFO] --- maven-surefire-plugin:2.12.4:test (default-test) @ arthas-agent-attach ---
[INFO] No tests to run.
[INFO] 
[INFO] -------------------< com.taobao.arthas:arthas-site >--------------------
[INFO] Building arthas-site 3.4.5-SNAPSHOT                              [13/17]
[INFO] --------------------------------[ jar ]---------------------------------
[INFO] 
[INFO] --- maven-enforcer-plugin:1.2:enforce (enforce-maven) @ arthas-site ---
[INFO] 
[INFO] --- jacoco-maven-plugin:0.8.2:prepare-agent (jacoco-initialize) @ arthas-site ---
[INFO] argLine set to -javaagent:/home/maven/.m2/repository/org/jacoco/org.jacoco.agent/0.8.2/org.jacoco.agent-0.8.2-runtime.jar=destfile=/workdir/arthas/site/target/jacoco.exec,excludes=com/taobao/arthas/core/view/ObjectViewTest*
[INFO] 
[INFO] --- git-commit-id-plugin:4.0.1:revision (default) @ arthas-site ---
[INFO] 
[INFO] --- maven-resources-plugin:2.6:resources (default-resources) @ arthas-site ---
[INFO] Using 'UTF-8' encoding to copy filtered resources.
[INFO] skip non existing resourceDirectory /workdir/arthas/site/src/main/resources
[INFO] 
[INFO] --- flatten-maven-plugin:1.2.2:flatten (flatten) @ arthas-site ---
[INFO] Generating flattened POM of project com.taobao.arthas:arthas-site:jar:3.4.5-SNAPSHOT...
[WARNING] FlattenMode minimum is deprecated!
[INFO] 
[INFO] --- maven-compiler-plugin:3.8.0:compile (default-compile) @ arthas-site ---
[INFO] No sources to compile
[INFO] 
[INFO] --- maven-resources-plugin:2.6:testResources (default-testResources) @ arthas-site ---
[INFO] Using 'UTF-8' encoding to copy filtered resources.
[INFO] skip non existing resourceDirectory /workdir/arthas/site/src/test/resources
[INFO] 
[INFO] --- maven-compiler-plugin:3.8.0:testCompile (default-testCompile) @ arthas-site ---
[INFO] No sources to compile
[INFO] 
[INFO] --- maven-surefire-plugin:2.12.4:test (default-test) @ arthas-site ---
[INFO] No tests to run.
[INFO] 
[INFO] -----------------< com.taobao.arthas:arthas-packaging >-----------------
[INFO] Building arthas-packaging 3.4.5-SNAPSHOT                         [14/17]
[INFO] --------------------------------[ jar ]---------------------------------
[INFO] 
[INFO] --- maven-enforcer-plugin:1.2:enforce (enforce-maven) @ arthas-packaging ---
[INFO] 
[INFO] --- jacoco-maven-plugin:0.8.2:prepare-agent (jacoco-initialize) @ arthas-packaging ---
[INFO] argLine set to -javaagent:/home/maven/.m2/repository/org/jacoco/org.jacoco.agent/0.8.2/org.jacoco.agent-0.8.2-runtime.jar=destfile=/workdir/arthas/packaging/target/jacoco.exec,excludes=com/taobao/arthas/core/view/ObjectViewTest*
[INFO] 
[INFO] --- git-commit-id-plugin:4.0.1:revision (default) @ arthas-packaging ---
[INFO] 
[INFO] --- maven-resources-plugin:2.6:resources (default-resources) @ arthas-packaging ---
[INFO] Using 'UTF-8' encoding to copy filtered resources.
[INFO] skip non existing resourceDirectory /workdir/arthas/packaging/src/main/resources
[INFO] 
[INFO] --- flatten-maven-plugin:1.2.2:flatten (flatten) @ arthas-packaging ---
[INFO] Generating flattened POM of project com.taobao.arthas:arthas-packaging:jar:3.4.5-SNAPSHOT...
[WARNING] FlattenMode minimum is deprecated!
[INFO] 
[INFO] --- maven-compiler-plugin:3.8.0:compile (default-compile) @ arthas-packaging ---
[INFO] No sources to compile
[INFO] 
[INFO] --- maven-resources-plugin:2.6:testResources (default-testResources) @ arthas-packaging ---
[INFO] Using 'UTF-8' encoding to copy filtered resources.
[INFO] skip non existing resourceDirectory /workdir/arthas/packaging/src/test/resources
[INFO] 
[INFO] --- maven-compiler-plugin:3.8.0:testCompile (default-testCompile) @ arthas-packaging ---
[INFO] No sources to compile
[INFO] 
[INFO] --- maven-surefire-plugin:2.12.4:test (default-test) @ arthas-packaging ---
[INFO] No tests to run.
[INFO] 
[INFO] ------------< com.taobao.arthas:arthas-spring-boot-starter >------------
[INFO] Building arthas-spring-boot-starter 3.4.5-SNAPSHOT               [15/17]
[INFO] --------------------------------[ jar ]---------------------------------
[INFO] 
[INFO] --- maven-enforcer-plugin:1.2:enforce (enforce-maven) @ arthas-spring-boot-starter ---
[INFO] 
[INFO] --- jacoco-maven-plugin:0.8.2:prepare-agent (jacoco-initialize) @ arthas-spring-boot-starter ---
[INFO] argLine set to -javaagent:/home/maven/.m2/repository/org/jacoco/org.jacoco.agent/0.8.2/org.jacoco.agent-0.8.2-runtime.jar=destfile=/workdir/arthas/arthas-spring-boot-starter/target/jacoco.exec,excludes=com/taobao/arthas/core/view/ObjectViewTest*
[INFO] 
[INFO] --- git-commit-id-plugin:4.0.1:revision (default) @ arthas-spring-boot-starter ---
[INFO] 
[INFO] --- maven-resources-plugin:2.6:resources (default-resources) @ arthas-spring-boot-starter ---
[INFO] Using 'UTF-8' encoding to copy filtered resources.
[INFO] Copying 2 resources
[INFO] 
[INFO] --- flatten-maven-plugin:1.2.2:flatten (flatten) @ arthas-spring-boot-starter ---
[INFO] Generating flattened POM of project com.taobao.arthas:arthas-spring-boot-starter:jar:3.4.5-SNAPSHOT...
[WARNING] FlattenMode minimum is deprecated!
[INFO] 
[INFO] --- maven-compiler-plugin:3.8.0:compile (default-compile) @ arthas-spring-boot-starter ---
[INFO] Nothing to compile - all classes are up to date
[INFO] 
[INFO] --- maven-resources-plugin:2.6:testResources (default-testResources) @ arthas-spring-boot-starter ---
[INFO] Using 'UTF-8' encoding to copy filtered resources.
[INFO] skip non existing resourceDirectory /workdir/arthas/arthas-spring-boot-starter/src/test/resources
[INFO] 
[INFO] --- maven-compiler-plugin:3.8.0:testCompile (default-testCompile) @ arthas-spring-boot-starter ---
[INFO] Nothing to compile - all classes are up to date
[INFO] 
[INFO] --- maven-surefire-plugin:2.12.4:test (default-test) @ arthas-spring-boot-starter ---
[INFO] Surefire report directory: /workdir/arthas/arthas-spring-boot-starter/target/surefire-reports

-------------------------------------------------------
 T E S T S
-------------------------------------------------------
Running com.alibaba.arthas.spring.StringUtilsTest
Tests run: 1, Failures: 0, Errors: 0, Skipped: 0, Time elapsed: 0.199 sec

Results :

Tests run: 1, Failures: 0, Errors: 0, Skipped: 0

[INFO] 
[INFO] -----------------< com.taobao.arthas:arthas-testcase >------------------
[INFO] Building arthas-testcase 3.4.5-SNAPSHOT                          [16/17]
[INFO] --------------------------------[ jar ]---------------------------------
[INFO] 
[INFO] --- maven-enforcer-plugin:1.2:enforce (enforce-maven) @ arthas-testcase ---
[INFO] 
[INFO] --- jacoco-maven-plugin:0.8.2:prepare-agent (jacoco-initialize) @ arthas-testcase ---
[INFO] argLine set to -javaagent:/home/maven/.m2/repository/org/jacoco/org.jacoco.agent/0.8.2/org.jacoco.agent-0.8.2-runtime.jar=destfile=/workdir/arthas/testcase/target/jacoco.exec,excludes=com/taobao/arthas/core/view/ObjectViewTest*
[INFO] 
[INFO] --- git-commit-id-plugin:4.0.1:revision (default) @ arthas-testcase ---
[INFO] 
[INFO] --- maven-resources-plugin:2.6:resources (default-resources) @ arthas-testcase ---
[INFO] Using 'UTF-8' encoding to copy filtered resources.
[INFO] skip non existing resourceDirectory /workdir/arthas/testcase/src/main/resources
[INFO] 
[INFO] --- flatten-maven-plugin:1.2.2:flatten (flatten) @ arthas-testcase ---
[INFO] Generating flattened POM of project com.taobao.arthas:arthas-testcase:jar:3.4.5-SNAPSHOT...
[WARNING] FlattenMode minimum is deprecated!
[INFO] 
[INFO] --- maven-compiler-plugin:3.8.0:compile (default-compile) @ arthas-testcase ---
[INFO] Nothing to compile - all classes are up to date
[INFO] 
[INFO] --- maven-resources-plugin:2.6:testResources (default-testResources) @ arthas-testcase ---
[INFO] Using 'UTF-8' encoding to copy filtered resources.
[INFO] skip non existing resourceDirectory /workdir/arthas/testcase/src/test/resources
[INFO] 
[INFO] --- maven-compiler-plugin:3.8.0:testCompile (default-testCompile) @ arthas-testcase ---
[INFO] No sources to compile
[INFO] 
[INFO] --- maven-surefire-plugin:2.12.4:test (default-test) @ arthas-testcase ---
[INFO] No tests to run.
[INFO] 
[INFO] ---------------< com.taobao.arthas:arthas-tunnel-server >---------------
[INFO] Building arthas-tunnel-server 3.4.5-SNAPSHOT                     [17/17]
[INFO] --------------------------------[ jar ]---------------------------------
[INFO] 
[INFO] --- maven-enforcer-plugin:1.2:enforce (enforce-maven) @ arthas-tunnel-server ---
[INFO] 
[INFO] --- jacoco-maven-plugin:0.8.2:prepare-agent (jacoco-initialize) @ arthas-tunnel-server ---
[INFO] argLine set to -javaagent:/home/maven/.m2/repository/org/jacoco/org.jacoco.agent/0.8.2/org.jacoco.agent-0.8.2-runtime.jar=destfile=/workdir/arthas/tunnel-server/target/jacoco.exec,excludes=com/taobao/arthas/core/view/ObjectViewTest*
[INFO] 
[INFO] --- git-commit-id-plugin:4.0.1:revision (default) @ arthas-tunnel-server ---
[INFO] 
[INFO] --- maven-resources-plugin:2.6:resources (default-resources) @ arthas-tunnel-server ---
[INFO] Using 'UTF-8' encoding to copy filtered resources.
[INFO] Copying 14 resources
[INFO] 
[INFO] --- flatten-maven-plugin:1.2.2:flatten (flatten) @ arthas-tunnel-server ---
[INFO] Generating flattened POM of project com.taobao.arthas:arthas-tunnel-server:jar:3.4.5-SNAPSHOT...
[WARNING] FlattenMode minimum is deprecated!
[INFO] 
[INFO] --- maven-compiler-plugin:3.8.0:compile (default-compile) @ arthas-tunnel-server ---
[INFO] Nothing to compile - all classes are up to date
[INFO] 
[INFO] --- maven-resources-plugin:2.6:testResources (default-testResources) @ arthas-tunnel-server ---
[INFO] Using 'UTF-8' encoding to copy filtered resources.
[INFO] skip non existing resourceDirectory /workdir/arthas/tunnel-server/src/test/resources
[INFO] 
[INFO] --- maven-compiler-plugin:3.8.0:testCompile (default-testCompile) @ arthas-tunnel-server ---
[INFO] Nothing to compile - all classes are up to date
[INFO] 
[INFO] --- maven-surefire-plugin:2.12.4:test (default-test) @ arthas-tunnel-server ---
[INFO] Surefire report directory: /workdir/arthas/tunnel-server/target/surefire-reports

-------------------------------------------------------
 T E S T S
-------------------------------------------------------
Running com.alibaba.arthas.tunnel.server.URITest
response:/?method=startTunnel&id=ffff&clientConnectionId=ccccc
Tests run: 3, Failures: 0, Errors: 0, Skipped: 0, Time elapsed: 0.242 sec

Results :

Tests run: 3, Failures: 0, Errors: 0, Skipped: 0

[INFO] ------------------------------------------------------------------------
[INFO] Reactor Summary for arthas-all 3.4.5-SNAPSHOT:
[INFO] 
[INFO] arthas-all ......................................... SUCCESS [  0.771 s]
[INFO] arthas-spy ......................................... SUCCESS [  1.135 s]
[INFO] arthas-common ...................................... SUCCESS [  0.025 s]
[INFO] arthas-tunnel-common ............................... SUCCESS [  0.022 s]
[INFO] arthas-tunnel-client ............................... SUCCESS [  0.043 s]
[INFO] arthas-memorycompiler .............................. SUCCESS [  1.712 s]
[INFO] arthas-demo ........................................ SUCCESS [  0.019 s]
[INFO] arthas-core ........................................ SUCCESS [  8.573 s]
[INFO] arthas-agent ....................................... SUCCESS [  0.023 s]
[INFO] arthas-client ...................................... SUCCESS [  0.023 s]
[INFO] arthas-boot ........................................ SUCCESS [  4.165 s]
[INFO] arthas-agent-attach ................................ SUCCESS [  0.022 s]
[INFO] arthas-site ........................................ SUCCESS [  0.017 s]
[INFO] arthas-packaging ................................... SUCCESS [  0.026 s]
[INFO] arthas-spring-boot-starter ......................... SUCCESS [  0.734 s]
[INFO] arthas-testcase .................................... SUCCESS [  0.023 s]
[INFO] arthas-tunnel-server ............................... SUCCESS [  0.768 s]
[INFO] ------------------------------------------------------------------------
[INFO] BUILD SUCCESS
[INFO] ------------------------------------------------------------------------
[INFO] Total time:  18.314 s
[INFO] Finished at: 2021-02-15T08:54:58Z
[INFO] ------------------------------------------------------------------------
