[INFO] Scanning for projects...
[INFO] Inspecting build with total of 1 modules...
[INFO] Installing Nexus Staging features:
[INFO]   ... total of 1 executions of maven-deploy-plugin replaced with nexus-staging-maven-plugin
[INFO] 
[INFO] ------------< org.piwik.java.tracking:matomo-java-tracker >-------------
[INFO] Building Matomo Java Tracker 1.6-SNAPSHOT
[INFO] --------------------------------[ jar ]---------------------------------
[INFO] 
[INFO] --- jacoco-maven-plugin:0.8.5:prepare-agent (prepare-agent) @ matomo-java-tracker ---
[INFO] argLine set to -javaagent:/home/maven/.m2/repository/org/jacoco/org.jacoco.agent/0.8.5/org.jacoco.agent-0.8.5-runtime.jar=destfile=/workdir/matomo-java-tracker/target/jacoco.exec
[INFO] 
[INFO] --- maven-resources-plugin:2.6:resources (default-resources) @ matomo-java-tracker ---
[INFO] Using 'UTF-8' encoding to copy filtered resources.
[INFO] skip non existing resourceDirectory /workdir/matomo-java-tracker/src/main/resources
[INFO] 
[INFO] --- maven-compiler-plugin:3.8.1:compile (default-compile) @ matomo-java-tracker ---
[INFO] Nothing to compile - all classes are up to date
[INFO] 
[INFO] --- maven-resources-plugin:2.6:testResources (default-testResources) @ matomo-java-tracker ---
[INFO] Using 'UTF-8' encoding to copy filtered resources.
[INFO] skip non existing resourceDirectory /workdir/matomo-java-tracker/src/test/resources
[INFO] 
[INFO] --- maven-compiler-plugin:3.8.1:testCompile (default-testCompile) @ matomo-java-tracker ---
[INFO] Nothing to compile - all classes are up to date
[INFO] 
[INFO] --- maven-surefire-plugin:2.12.4:test (default-test) @ matomo-java-tracker ---
[INFO] Surefire report directory: /workdir/matomo-java-tracker/target/surefire-reports

-------------------------------------------------------
 T E S T S
-------------------------------------------------------
Running org.piwik.java.tracking.CustomVariableListTest
Tests run: 3, Failures: 0, Errors: 0, Skipped: 0, Time elapsed: 0.121 sec
Running org.piwik.java.tracking.EcommerceItemTest
Tests run: 8, Failures: 0, Errors: 0, Skipped: 0, Time elapsed: 0.014 sec
Running org.piwik.java.tracking.PiwikRequestTest
Tests run: 142, Failures: 0, Errors: 0, Skipped: 0, Time elapsed: 0.658 sec
Running org.piwik.java.tracking.PiwikTrackerTest
Tests run: 16, Failures: 0, Errors: 0, Skipped: 0, Time elapsed: 1.602 sec
Running org.piwik.java.tracking.CustomVariableTest
Tests run: 4, Failures: 0, Errors: 0, Skipped: 0, Time elapsed: 0.001 sec
Running org.piwik.java.tracking.PiwikJsonObjectTest
Tests run: 2, Failures: 0, Errors: 0, Skipped: 0, Time elapsed: 0.004 sec
Running org.piwik.java.tracking.PiwikJsonArrayTest
Tests run: 2, Failures: 0, Errors: 0, Skipped: 0, Time elapsed: 0.015 sec
Running org.piwik.java.tracking.PiwikLocaleTest
Tests run: 3, Failures: 0, Errors: 0, Skipped: 0, Time elapsed: 0.012 sec
Running org.piwik.java.tracking.PiwikDateTest
Tests run: 3, Failures: 0, Errors: 0, Skipped: 0, Time elapsed: 0.004 sec

Results :

Tests run: 183, Failures: 0, Errors: 0, Skipped: 0

[INFO] ------------------------------------------------------------------------
[INFO] BUILD SUCCESS
[INFO] ------------------------------------------------------------------------
[INFO] Total time:  4.512 s
[INFO] Finished at: 2021-02-15T02:57:46Z
[INFO] ------------------------------------------------------------------------
