[INFO] Scanning for projects...
[WARNING] 
[WARNING] Some problems were encountered while building the effective model for com.grack:nanojson:jar:1.7-SNAPSHOT
[WARNING] 'build.plugins.plugin.version' for org.apache.maven.plugins:maven-jar-plugin is missing. @ line 190, column 10
[WARNING] 
[WARNING] It is highly recommended to fix these problems because they threaten the stability of your build.
[WARNING] 
[WARNING] For this reason, future Maven versions might no longer support building such malformed projects.
[WARNING] 
[INFO] 
[INFO] -------------------------< com.grack:nanojson >-------------------------
[INFO] Building nanojson 1.7-SNAPSHOT
[INFO] --------------------------------[ jar ]---------------------------------
[INFO] 
[INFO] --- maven-enforcer-plugin:1.0:enforce (enforce-maven) @ nanojson ---
[INFO] 
[INFO] --- maven-resources-plugin:2.6:resources (default-resources) @ nanojson ---
[INFO] Using 'UTF-8' encoding to copy filtered resources.
[INFO] skip non existing resourceDirectory /workdir/nanojson/src/main/resources
[INFO] 
[INFO] --- maven-compiler-plugin:3.8.1:compile (default-compile) @ nanojson ---
[INFO] Changes detected - recompiling the module!
[INFO] Compiling 15 source files to /workdir/nanojson/target/classes
[INFO] 
[INFO] --- maven-resources-plugin:2.6:testResources (default-testResources) @ nanojson ---
[INFO] Using 'UTF-8' encoding to copy filtered resources.
[INFO] Copying 5 resources
[INFO] 
[INFO] --- maven-compiler-plugin:3.8.1:testCompile (default-testCompile) @ nanojson ---
[INFO] Changes detected - recompiling the module!
[INFO] Compiling 6 source files to /workdir/nanojson/target/test-classes
[INFO] 
[INFO] --- maven-surefire-plugin:2.12.4:test (default-test) @ nanojson ---
[INFO] Surefire report directory: /workdir/nanojson/target/surefire-reports

-------------------------------------------------------
 T E S T S
-------------------------------------------------------
Running com.grack.nanojson.JsonNumberTest
Tests run: 10, Failures: 0, Errors: 0, Skipped: 0, Time elapsed: 0.051 sec
Running com.grack.nanojson.JsonParserTest
Tests run: 71, Failures: 0, Errors: 0, Skipped: 0, Time elapsed: 0.631 sec
Running com.grack.nanojson.JsonWriterTest
Tests run: 43, Failures: 0, Errors: 0, Skipped: 0, Time elapsed: 0.362 sec
Running com.grack.nanojson.JsonReaderTest
Tests run: 6, Failures: 0, Errors: 0, Skipped: 0, Time elapsed: 0.003 sec
Running com.grack.nanojson.JsonTypesTest
Tests run: 12, Failures: 0, Errors: 0, Skipped: 0, Time elapsed: 0.004 sec

Results :

Tests run: 142, Failures: 0, Errors: 0, Skipped: 0

[INFO] 
[INFO] --- maven-checkstyle-plugin:3.1.1:check (default) @ nanojson ---
[INFO] You have 0 Checkstyle violations.
[INFO] ------------------------------------------------------------------------
[INFO] BUILD SUCCESS
[INFO] ------------------------------------------------------------------------
[INFO] Total time:  3.594 s
[INFO] Finished at: 2021-02-14T17:51:45Z
[INFO] ------------------------------------------------------------------------
