[INFO] Scanning for projects...
[INFO] ------------------------------------------------------------------------
[INFO] Reactor Build Order:
[INFO] 
[INFO] io.opentracing.contrib:opentracing-kafka-parent                    [pom]
[INFO] io.opentracing.contrib:opentracing-kafka-client                    [jar]
[INFO] io.opentracing.contrib:opentracing-kafka-streams                   [jar]
[INFO] io.opentracing.contrib:opentracing-kafka-spring                    [jar]
[INFO] 
[INFO] ----------< io.opentracing.contrib:opentracing-kafka-parent >-----------
[INFO] Building io.opentracing.contrib:opentracing-kafka-parent 0.1.16-SNAPSHOT [1/4]
[INFO] --------------------------------[ pom ]---------------------------------
[INFO] 
[INFO] --- jacoco-maven-plugin:0.8.5:prepare-agent (prepare-agent) @ opentracing-kafka-parent ---
[INFO] argLine set to -javaagent:/home/maven/.m2/repository/org/jacoco/org.jacoco.agent/0.8.5/org.jacoco.agent-0.8.5-runtime.jar=destfile=/workdir/java-kafka-client/target/jacoco.exec
[INFO] 
[INFO] --- license-maven-plugin:3.0:check (default) @ opentracing-kafka-parent ---
[INFO] Checking licenses...
[WARNING] Unknown file extension: /workdir/java-kafka-client/sorald_repair.err
[WARNING] Unknown file extension: /workdir/java-kafka-client/sorald_repair-2225.err
[WARNING] Unknown file extension: /workdir/java-kafka-client/sorald_repair-2142.log
[WARNING] Unknown file extension: /workdir/java-kafka-client/sorald_repair.out
[WARNING] Unknown file extension: /workdir/java-kafka-client/sorald_repair.log
[WARNING] Unknown file extension: /workdir/java-kafka-client/mvn_test_rule.in
[WARNING] Unknown file extension: /workdir/java-kafka-client/mvn_test_rule-4973.log
[WARNING] Unknown file extension: /workdir/java-kafka-client/mvn_test_rule-1860.log
[WARNING] Unknown file extension: /workdir/java-kafka-client/sorald_repair-1217.err
[WARNING] Unknown file extension: /workdir/java-kafka-client/sorald_repair-2184.err
[WARNING] Unknown file extension: /workdir/java-kafka-client/sorald_repair-2116.log
[WARNING] Unknown file extension: /workdir/java-kafka-client/sorald_repair-1860.log
[WARNING] Unknown file extension: /workdir/java-kafka-client/sorald_repair-4973.err
[WARNING] Unknown file extension: /workdir/java-kafka-client/mvn_test_rule-2272.log
[WARNING] Unknown file extension: /workdir/java-kafka-client/mvn_test_rule-2116.log
[WARNING] Unknown file extension: /workdir/java-kafka-client/sorald_repair-2142.err
[WARNING] Unknown file extension: /workdir/java-kafka-client/sorald_repair-2111.log
[WARNING] Unknown file extension: /workdir/java-kafka-client/mvn_test_rule-2225.log
[WARNING] Unknown file extension: /workdir/java-kafka-client/sorald_repair-4973.log
[WARNING] Unknown file extension: /workdir/java-kafka-client/mvn_test_rule-1217.log
[WARNING] Unknown file extension: /workdir/java-kafka-client/sorald_repair-2095.err
[WARNING] Unknown file extension: /workdir/java-kafka-client/patch.diff
[WARNING] Unknown file extension: /workdir/java-kafka-client/mvn_test_rule.log
[WARNING] Unknown file extension: /workdir/java-kafka-client/mvn_test_rule-2142.log
[WARNING] Unknown file extension: /workdir/java-kafka-client/mvn_test_rule-2095.log
[WARNING] Unknown file extension: /workdir/java-kafka-client/sorald_repair-2111.err
[WARNING] Unknown file extension: /workdir/java-kafka-client/sorald_repair-1860.err
[WARNING] Unknown file extension: /workdir/java-kafka-client/sorald_repair-2095.log
[WARNING] Unknown file extension: /workdir/java-kafka-client/sorald_repair-2272.err
[WARNING] Unknown file extension: /workdir/java-kafka-client/sorald_repair.in
[WARNING] Unknown file extension: /workdir/java-kafka-client/sorald_repair-2116.err
[WARNING] Unknown file extension: /workdir/java-kafka-client/sorald_repair-1217.log
[WARNING] Unknown file extension: /workdir/java-kafka-client/sorald_repair-2225.log
[WARNING] Unknown file extension: /workdir/java-kafka-client/mvn_test_rule-2184.log
[WARNING] Unknown file extension: /workdir/java-kafka-client/sorald_repair-2184.log
[WARNING] Unknown file extension: /workdir/java-kafka-client/sorald_repair-2272.log
[WARNING] Unknown file extension: /workdir/java-kafka-client/mvn_test_rule-2111.log
[WARNING] Unable to find a comment style definition for some files. You may want to add a custom mapping for the relevant file extensions.
[INFO] 
[INFO] ----------< io.opentracing.contrib:opentracing-kafka-client >-----------
[INFO] Building io.opentracing.contrib:opentracing-kafka-client 0.1.16-SNAPSHOT [2/4]
[INFO] --------------------------------[ jar ]---------------------------------
[INFO] 
[INFO] --- jacoco-maven-plugin:0.8.5:prepare-agent (prepare-agent) @ opentracing-kafka-client ---
[INFO] argLine set to -javaagent:/home/maven/.m2/repository/org/jacoco/org.jacoco.agent/0.8.5/org.jacoco.agent-0.8.5-runtime.jar=destfile=/workdir/java-kafka-client/opentracing-kafka-client/target/jacoco.exec
[INFO] 
[INFO] --- maven-resources-plugin:2.6:resources (default-resources) @ opentracing-kafka-client ---
[INFO] Using 'UTF-8' encoding to copy filtered resources.
[INFO] skip non existing resourceDirectory /workdir/java-kafka-client/opentracing-kafka-client/src/main/resources
[INFO] 
[INFO] --- maven-compiler-plugin:3.8.1:compile (default-compile) @ opentracing-kafka-client ---
[INFO] Nothing to compile - all classes are up to date
[INFO] 
[INFO] --- license-maven-plugin:3.0:check (default) @ opentracing-kafka-client ---
[INFO] Checking licenses...
[INFO] 
[INFO] --- maven-resources-plugin:2.6:testResources (default-testResources) @ opentracing-kafka-client ---
[INFO] Using 'UTF-8' encoding to copy filtered resources.
[INFO] skip non existing resourceDirectory /workdir/java-kafka-client/opentracing-kafka-client/src/test/resources
[INFO] 
[INFO] --- maven-compiler-plugin:3.8.1:testCompile (default-testCompile) @ opentracing-kafka-client ---
[INFO] Nothing to compile - all classes are up to date
[INFO] 
[INFO] --- maven-surefire-plugin:2.12.4:test (default-test) @ opentracing-kafka-client ---
[INFO] Surefire report directory: /workdir/java-kafka-client/opentracing-kafka-client/target/surefire-reports

-------------------------------------------------------
 T E S T S
-------------------------------------------------------
Running io.opentracing.contrib.kafka.TracingKafkaUtilsTest
SLF4J: Failed to load class "org.slf4j.impl.StaticLoggerBinder".
SLF4J: Defaulting to no-operation (NOP) logger implementation
SLF4J: See http://www.slf4j.org/codes.html#StaticLoggerBinder for further details.
Tests run: 4, Failures: 0, Errors: 0, Skipped: 0, Time elapsed: 0.147 sec
Running io.opentracing.contrib.kafka.TracingCallbackTest
Tests run: 3, Failures: 0, Errors: 0, Skipped: 0, Time elapsed: 0.011 sec
Running io.opentracing.contrib.kafka.TopicSpanNameTest
Tests run: 2, Failures: 0, Errors: 0, Skipped: 0, Time elapsed: 0.018 sec
Running io.opentracing.contrib.kafka.HeadersMapExtractAdapterTest
Tests run: 1, Failures: 0, Errors: 0, Skipped: 0, Time elapsed: 0 sec
Running io.opentracing.contrib.kafka.OperationNameSpanNameTest
Tests run: 2, Failures: 0, Errors: 0, Skipped: 0, Time elapsed: 0.001 sec
Running io.opentracing.contrib.kafka.OperationNameTopicSpanNameTest
Tests run: 2, Failures: 0, Errors: 0, Skipped: 0, Time elapsed: 0.004 sec
Running io.opentracing.contrib.kafka.TracingKafkaTest
SLF4J: Failed to load class "org.slf4j.impl.StaticMDCBinder".
SLF4J: Defaulting to no-operation MDCAdapter implementation.
SLF4J: See http://www.slf4j.org/codes.html#no_static_mdc_binder for further details.
Tests run: 15, Failures: 0, Errors: 0, Skipped: 0, Time elapsed: 11.325 sec

Results :

Tests run: 29, Failures: 0, Errors: 0, Skipped: 0

[INFO] 
[INFO] ----------< io.opentracing.contrib:opentracing-kafka-streams >----------
[INFO] Building io.opentracing.contrib:opentracing-kafka-streams 0.1.16-SNAPSHOT [3/4]
[INFO] --------------------------------[ jar ]---------------------------------
[INFO] 
[INFO] --- jacoco-maven-plugin:0.8.5:prepare-agent (prepare-agent) @ opentracing-kafka-streams ---
[INFO] argLine set to -javaagent:/home/maven/.m2/repository/org/jacoco/org.jacoco.agent/0.8.5/org.jacoco.agent-0.8.5-runtime.jar=destfile=/workdir/java-kafka-client/opentracing-kafka-streams/target/jacoco.exec
[INFO] 
[INFO] --- maven-resources-plugin:2.6:resources (default-resources) @ opentracing-kafka-streams ---
[INFO] Using 'UTF-8' encoding to copy filtered resources.
[INFO] skip non existing resourceDirectory /workdir/java-kafka-client/opentracing-kafka-streams/src/main/resources
[INFO] 
[INFO] --- maven-compiler-plugin:3.8.1:compile (default-compile) @ opentracing-kafka-streams ---
[INFO] Nothing to compile - all classes are up to date
[INFO] 
[INFO] --- license-maven-plugin:3.0:check (default) @ opentracing-kafka-streams ---
[INFO] Checking licenses...
[INFO] 
[INFO] --- maven-resources-plugin:2.6:testResources (default-testResources) @ opentracing-kafka-streams ---
[INFO] Using 'UTF-8' encoding to copy filtered resources.
[INFO] skip non existing resourceDirectory /workdir/java-kafka-client/opentracing-kafka-streams/src/test/resources
[INFO] 
[INFO] --- maven-compiler-plugin:3.8.1:testCompile (default-testCompile) @ opentracing-kafka-streams ---
[INFO] Nothing to compile - all classes are up to date
[INFO] 
[INFO] --- maven-surefire-plugin:2.12.4:test (default-test) @ opentracing-kafka-streams ---
[INFO] Surefire report directory: /workdir/java-kafka-client/opentracing-kafka-streams/target/surefire-reports

-------------------------------------------------------
 T E S T S
-------------------------------------------------------
Running io.opentracing.contrib.kafka.streams.TracingKafkaStreamsTest
SLF4J: Failed to load class "org.slf4j.impl.StaticLoggerBinder".
SLF4J: Defaulting to no-operation (NOP) logger implementation
SLF4J: See http://www.slf4j.org/codes.html#StaticLoggerBinder for further details.
SLF4J: Failed to load class "org.slf4j.impl.StaticMDCBinder".
SLF4J: Defaulting to no-operation MDCAdapter implementation.
SLF4J: See http://www.slf4j.org/codes.html#no_static_mdc_binder for further details.
Tests run: 1, Failures: 0, Errors: 0, Skipped: 0, Time elapsed: 11.179 sec

Results :

Tests run: 1, Failures: 0, Errors: 0, Skipped: 0

[INFO] 
[INFO] ----------< io.opentracing.contrib:opentracing-kafka-spring >-----------
[INFO] Building io.opentracing.contrib:opentracing-kafka-spring 0.1.16-SNAPSHOT [4/4]
[INFO] --------------------------------[ jar ]---------------------------------
[INFO] 
[INFO] --- jacoco-maven-plugin:0.8.5:prepare-agent (prepare-agent) @ opentracing-kafka-spring ---
[INFO] argLine set to -javaagent:/home/maven/.m2/repository/org/jacoco/org.jacoco.agent/0.8.5/org.jacoco.agent-0.8.5-runtime.jar=destfile=/workdir/java-kafka-client/opentracing-kafka-spring/target/jacoco.exec
[INFO] 
[INFO] --- maven-resources-plugin:2.6:resources (default-resources) @ opentracing-kafka-spring ---
[INFO] Using 'UTF-8' encoding to copy filtered resources.
[INFO] skip non existing resourceDirectory /workdir/java-kafka-client/opentracing-kafka-spring/src/main/resources
[INFO] 
[INFO] --- maven-compiler-plugin:3.8.1:compile (default-compile) @ opentracing-kafka-spring ---
[INFO] Nothing to compile - all classes are up to date
[INFO] 
[INFO] --- license-maven-plugin:3.0:check (default) @ opentracing-kafka-spring ---
[INFO] Checking licenses...
[INFO] 
[INFO] --- maven-resources-plugin:2.6:testResources (default-testResources) @ opentracing-kafka-spring ---
[INFO] Using 'UTF-8' encoding to copy filtered resources.
[INFO] skip non existing resourceDirectory /workdir/java-kafka-client/opentracing-kafka-spring/src/test/resources
[INFO] 
[INFO] --- maven-compiler-plugin:3.8.1:testCompile (default-testCompile) @ opentracing-kafka-spring ---
[INFO] Nothing to compile - all classes are up to date
[INFO] 
[INFO] --- maven-surefire-plugin:2.12.4:test (default-test) @ opentracing-kafka-spring ---
[INFO] Surefire report directory: /workdir/java-kafka-client/opentracing-kafka-spring/target/surefire-reports

-------------------------------------------------------
 T E S T S
-------------------------------------------------------
Running io.opentracing.contrib.kafka.spring.TracingSpringKafkaTest
SLF4J: Failed to load class "org.slf4j.impl.StaticLoggerBinder".
SLF4J: Defaulting to no-operation (NOP) logger implementation
SLF4J: See http://www.slf4j.org/codes.html#StaticLoggerBinder for further details.
SLF4J: Failed to load class "org.slf4j.impl.StaticMDCBinder".
SLF4J: Defaulting to no-operation MDCAdapter implementation.
SLF4J: See http://www.slf4j.org/codes.html#no_static_mdc_binder for further details.
message
Tests run: 1, Failures: 0, Errors: 0, Skipped: 0, Time elapsed: 9.262 sec

Results :

Tests run: 1, Failures: 0, Errors: 0, Skipped: 0

[INFO] ------------------------------------------------------------------------
[INFO] Reactor Summary for io.opentracing.contrib:opentracing-kafka-parent 0.1.16-SNAPSHOT:
[INFO] 
[INFO] io.opentracing.contrib:opentracing-kafka-parent .... SUCCESS [  1.884 s]
[INFO] io.opentracing.contrib:opentracing-kafka-client .... SUCCESS [ 13.349 s]
[INFO] io.opentracing.contrib:opentracing-kafka-streams ... SUCCESS [ 11.880 s]
[INFO] io.opentracing.contrib:opentracing-kafka-spring .... SUCCESS [ 10.402 s]
[INFO] ------------------------------------------------------------------------
[INFO] BUILD SUCCESS
[INFO] ------------------------------------------------------------------------
[INFO] Total time:  37.603 s
[INFO] Finished at: 2021-02-15T07:48:04Z
[INFO] ------------------------------------------------------------------------
