[INFO] Scanning for projects...
[INFO] 
[INFO] -------------------< com.github.javafaker:javafaker >-------------------
[INFO] Building Java Faker 1.0.3-SNAPSHOT
[INFO] --------------------------------[ jar ]---------------------------------
[INFO] 
[INFO] --- maven-enforcer-plugin:1.0:enforce (enforce-maven) @ javafaker ---
[INFO] 
[INFO] --- maven-resources-plugin:2.6:resources (default-resources) @ javafaker ---
[INFO] Using 'UTF-8' encoding to copy filtered resources.
[INFO] Copying 221 resources
[INFO] 
[INFO] --- maven-compiler-plugin:3.7.0:compile (default-compile) @ javafaker ---
[INFO] Nothing to compile - all classes are up to date
[INFO] 
[INFO] --- maven-resources-plugin:2.6:testResources (default-testResources) @ javafaker ---
[INFO] Using 'UTF-8' encoding to copy filtered resources.
[INFO] Copying 1 resource
[INFO] 
[INFO] --- maven-compiler-plugin:3.7.0:testCompile (default-testCompile) @ javafaker ---
[INFO] Nothing to compile - all classes are up to date
[INFO] 
[INFO] --- maven-surefire-plugin:2.12.4:test (default-test) @ javafaker ---
[INFO] Surefire report directory: /workdir/java-faker/target/surefire-reports

-------------------------------------------------------
 T E S T S
-------------------------------------------------------
Running com.github.javafaker.FinanceTest
Tests run: 5, Failures: 0, Errors: 0, Skipped: 0, Time elapsed: 0.6 sec
Running com.github.javafaker.GenderTest
Tests run: 3, Failures: 0, Errors: 0, Skipped: 0, Time elapsed: 0.005 sec
Running com.github.javafaker.GameOfThronesTest
Tests run: 5, Failures: 0, Errors: 0, Skipped: 0, Time elapsed: 0.101 sec
Running com.github.javafaker.BuffyTest
Tests run: 5, Failures: 0, Errors: 0, Skipped: 0, Time elapsed: 0.018 sec
Running com.github.javafaker.AnimalTest
Tests run: 1, Failures: 0, Errors: 0, Skipped: 0, Time elapsed: 0.005 sec
Running com.github.javafaker.InternetTest
Tests run: 32, Failures: 0, Errors: 0, Skipped: 0, Time elapsed: 1.441 sec
Running com.github.javafaker.OptionsTest
Tests run: 6, Failures: 0, Errors: 0, Skipped: 0, Time elapsed: 0.006 sec
Running com.github.javafaker.HarryPotterTest
Tests run: 6, Failures: 0, Errors: 0, Skipped: 0, Time elapsed: 0.008 sec
Running com.github.javafaker.DateAndTimeTest
Tests run: 9, Failures: 0, Errors: 0, Skipped: 0, Time elapsed: 0.366 sec
Running com.github.javafaker.SpaceTest
Tests run: 13, Failures: 0, Errors: 0, Skipped: 0, Time elapsed: 0.024 sec
Running com.github.javafaker.ElderScrollsTest
Tests run: 8, Failures: 0, Errors: 0, Skipped: 0, Time elapsed: 0.045 sec
Running com.github.javafaker.integration.UkLocalDirectivesTest
Tests run: 1, Failures: 0, Errors: 0, Skipped: 0, Time elapsed: 0.011 sec
Running com.github.javafaker.SipTest
Tests run: 19, Failures: 0, Errors: 0, Skipped: 0, Time elapsed: 0.056 sec
Running com.github.javafaker.StarCraftTest
Tests run: 4, Failures: 0, Errors: 0, Skipped: 0, Time elapsed: 0.007 sec
Running com.github.javafaker.AppTest
Tests run: 3, Failures: 0, Errors: 0, Skipped: 0, Time elapsed: 0.025 sec
Running com.github.javafaker.FakerTest
Tests run: 28, Failures: 0, Errors: 0, Skipped: 0, Time elapsed: 0.058 sec
Running com.github.javafaker.SlackEmojiTest
Tests run: 9, Failures: 0, Errors: 0, Skipped: 0, Time elapsed: 0.036 sec
Running com.github.javafaker.RandomFakerTest
Tests run: 4, Failures: 0, Errors: 0, Skipped: 0, Time elapsed: 0.027 sec
Running com.github.javafaker.WeatherTest
Tests run: 5, Failures: 0, Errors: 0, Skipped: 0, Time elapsed: 0.008 sec
Running com.github.javafaker.PhoneNumberTest
Tests run: 7, Failures: 0, Errors: 0, Skipped: 0, Time elapsed: 0.536 sec
Running com.github.javafaker.BackToTheFutureTest
Tests run: 3, Failures: 0, Errors: 0, Skipped: 0, Time elapsed: 0.002 sec
Running com.github.javafaker.LeagueOfLegendsTest
Tests run: 6, Failures: 0, Errors: 0, Skipped: 0, Time elapsed: 0.028 sec
Running com.github.javafaker.AvatarTest
Tests run: 1, Failures: 0, Errors: 0, Skipped: 0, Time elapsed: 0.003 sec
Running com.github.javafaker.BojackHorsemanTest
Tests run: 6, Failures: 0, Errors: 0, Skipped: 0, Time elapsed: 0.058 sec
Running com.github.javafaker.StarTrekTest
Tests run: 5, Failures: 0, Errors: 0, Skipped: 0, Time elapsed: 0.012 sec
Running com.github.javafaker.BasketballTest
Tests run: 8, Failures: 0, Errors: 0, Skipped: 0, Time elapsed: 0.065 sec
Running com.github.javafaker.MatzTest
Tests run: 1, Failures: 0, Errors: 0, Skipped: 0, Time elapsed: 0.001 sec
Running com.github.javafaker.matchers.IsStringWithContentsTest
Tests run: 4, Failures: 0, Errors: 0, Skipped: 0, Time elapsed: 0.001 sec
Running com.github.javafaker.matchers.IsANumberTest
Tests run: 4, Failures: 0, Errors: 0, Skipped: 0, Time elapsed: 0 sec
Running com.github.javafaker.LoremTest
Tests run: 16, Failures: 0, Errors: 0, Skipped: 0, Time elapsed: 0.033 sec
Running com.github.javafaker.CatTest
Tests run: 3, Failures: 0, Errors: 0, Skipped: 0, Time elapsed: 0.004 sec
Running com.github.javafaker.EsportsTest
Tests run: 5, Failures: 0, Errors: 0, Skipped: 0, Time elapsed: 0.004 sec
Running com.github.javafaker.BarcodeTest
Tests run: 3, Failures: 0, Errors: 0, Skipped: 0, Time elapsed: 0.003 sec
Running com.github.javafaker.DragonBallTest
Tests run: 1, Failures: 0, Errors: 0, Skipped: 0, Time elapsed: 0.001 sec
Running com.github.javafaker.ZeldaTest
Tests run: 2, Failures: 0, Errors: 0, Skipped: 0, Time elapsed: 0.009 sec
Running com.github.javafaker.YodaTest
Tests run: 1, Failures: 0, Errors: 0, Skipped: 0, Time elapsed: 0.001 sec
Running com.github.javafaker.RickAndMortyTest
Tests run: 3, Failures: 0, Errors: 0, Skipped: 0, Time elapsed: 0.006 sec
Running com.github.javafaker.FunnyNameTest
Tests run: 1, Failures: 0, Errors: 0, Skipped: 0, Time elapsed: 0.003 sec
Running com.github.javafaker.CodeTest
Tests run: 11, Failures: 0, Errors: 0, Skipped: 0, Time elapsed: 1.367 sec
Running com.github.javafaker.AddressTest
Tests run: 17, Failures: 0, Errors: 0, Skipped: 0, Time elapsed: 0.964 sec
Running com.github.javafaker.RobinTest
Tests run: 1, Failures: 0, Errors: 0, Skipped: 0, Time elapsed: 0.003 sec
Running com.github.javafaker.NumberTest
[main] INFO com.github.javafaker.NumberTest - Range -25 to 25 is 0.75 percent unique.
[main] INFO com.github.javafaker.NumberTest - Range -50 to 50 is 0.76 percent unique.
[main] INFO com.github.javafaker.NumberTest - Range -75 to 75 is 0.8918918918918919 percent unique.
[main] INFO com.github.javafaker.NumberTest - Range -100 to 100 is 0.92 percent unique.
[main] INFO com.github.javafaker.NumberTest - Range -125 to 125 is 0.8709677419354839 percent unique.
[main] INFO com.github.javafaker.NumberTest - Range -150 to 150 is 0.8666666666666667 percent unique.
[main] INFO com.github.javafaker.NumberTest - Range -175 to 175 is 0.8390804597701149 percent unique.
[main] INFO com.github.javafaker.NumberTest - Range -200 to 200 is 0.87 percent unique.
[main] INFO com.github.javafaker.NumberTest - Range -225 to 225 is 0.9464285714285714 percent unique.
[main] INFO com.github.javafaker.NumberTest - Range -250 to 250 is 0.88 percent unique.
[main] INFO com.github.javafaker.NumberTest - Range -275 to 275 is 0.9051094890510949 percent unique.
[main] INFO com.github.javafaker.NumberTest - Range -300 to 300 is 0.8933333333333333 percent unique.
[main] INFO com.github.javafaker.NumberTest - Range -325 to 325 is 0.8703703703703703 percent unique.
[main] INFO com.github.javafaker.NumberTest - Range -350 to 350 is 0.8571428571428571 percent unique.
[main] INFO com.github.javafaker.NumberTest - Range -375 to 375 is 0.9037433155080213 percent unique.
[main] INFO com.github.javafaker.NumberTest - Range -400 to 400 is 0.905 percent unique.
[main] INFO com.github.javafaker.NumberTest - Range -425 to 425 is 0.8820754716981132 percent unique.
[main] INFO com.github.javafaker.NumberTest - Range -450 to 450 is 0.8888888888888888 percent unique.
[main] INFO com.github.javafaker.NumberTest - Range -475 to 475 is 0.8734177215189873 percent unique.
[main] INFO com.github.javafaker.NumberTest - Range -500 to 500 is 0.88 percent unique.
[main] INFO com.github.javafaker.NumberTest - Range -525 to 525 is 0.8702290076335878 percent unique.
[main] INFO com.github.javafaker.NumberTest - Range -550 to 550 is 0.8727272727272727 percent unique.
[main] INFO com.github.javafaker.NumberTest - Range -575 to 575 is 0.8989547038327527 percent unique.
[main] INFO com.github.javafaker.NumberTest - Range -600 to 600 is 0.9133333333333333 percent unique.
[main] INFO com.github.javafaker.NumberTest - Range -625 to 625 is 0.8942307692307693 percent unique.
[main] INFO com.github.javafaker.NumberTest - Range -650 to 650 is 0.8584615384615385 percent unique.
[main] INFO com.github.javafaker.NumberTest - Range -675 to 675 is 0.9109792284866469 percent unique.
[main] INFO com.github.javafaker.NumberTest - Range -700 to 700 is 0.8628571428571429 percent unique.
[main] INFO com.github.javafaker.NumberTest - Range -725 to 725 is 0.8756906077348067 percent unique.
[main] INFO com.github.javafaker.NumberTest - Range -750 to 750 is 0.88 percent unique.
[main] INFO com.github.javafaker.NumberTest - Range -775 to 775 is 0.9018087855297158 percent unique.
[main] INFO com.github.javafaker.NumberTest - Range -800 to 800 is 0.895 percent unique.
[main] INFO com.github.javafaker.NumberTest - Range -825 to 825 is 0.8980582524271845 percent unique.
[main] INFO com.github.javafaker.NumberTest - Range -850 to 850 is 0.9011764705882352 percent unique.
[main] INFO com.github.javafaker.NumberTest - Range -875 to 875 is 0.8947368421052632 percent unique.
[main] INFO com.github.javafaker.NumberTest - Range -900 to 900 is 0.8844444444444445 percent unique.
[main] INFO com.github.javafaker.NumberTest - Range -925 to 925 is 0.9004329004329005 percent unique.
[main] INFO com.github.javafaker.NumberTest - Range -950 to 950 is 0.8821052631578947 percent unique.
[main] INFO com.github.javafaker.NumberTest - Range -975 to 975 is 0.8952772073921971 percent unique.
[main] INFO com.github.javafaker.NumberTest - Range -25 to 25 is 1.0 percent unique.
[main] INFO com.github.javafaker.NumberTest - Range -50 to 50 is 0.84 percent unique.
[main] INFO com.github.javafaker.NumberTest - Range -75 to 75 is 0.918918918918919 percent unique.
[main] INFO com.github.javafaker.NumberTest - Range -100 to 100 is 0.92 percent unique.
[main] INFO com.github.javafaker.NumberTest - Range -125 to 125 is 0.8870967741935484 percent unique.
[main] INFO com.github.javafaker.NumberTest - Range -150 to 150 is 0.92 percent unique.
[main] INFO com.github.javafaker.NumberTest - Range -175 to 175 is 0.8850574712643678 percent unique.
[main] INFO com.github.javafaker.NumberTest - Range -200 to 200 is 0.88 percent unique.
[main] INFO com.github.javafaker.NumberTest - Range -225 to 225 is 0.8839285714285714 percent unique.
[main] INFO com.github.javafaker.NumberTest - Range -250 to 250 is 0.896 percent unique.
[main] INFO com.github.javafaker.NumberTest - Range -275 to 275 is 0.9343065693430657 percent unique.
[main] INFO com.github.javafaker.NumberTest - Range -300 to 300 is 0.8866666666666667 percent unique.
[main] INFO com.github.javafaker.NumberTest - Range -325 to 325 is 0.8888888888888888 percent unique.
[main] INFO com.github.javafaker.NumberTest - Range -350 to 350 is 0.8914285714285715 percent unique.
[main] INFO com.github.javafaker.NumberTest - Range -375 to 375 is 0.8983957219251337 percent unique.
[main] INFO com.github.javafaker.NumberTest - Range -400 to 400 is 0.87 percent unique.
[main] INFO com.github.javafaker.NumberTest - Range -425 to 425 is 0.9056603773584906 percent unique.
[main] INFO com.github.javafaker.NumberTest - Range -450 to 450 is 0.8888888888888888 percent unique.
[main] INFO com.github.javafaker.NumberTest - Range -475 to 475 is 0.8481012658227848 percent unique.
[main] INFO com.github.javafaker.NumberTest - Range -500 to 500 is 0.872 percent unique.
[main] INFO com.github.javafaker.NumberTest - Range -525 to 525 is 0.8893129770992366 percent unique.
[main] INFO com.github.javafaker.NumberTest - Range -550 to 550 is 0.9018181818181819 percent unique.
[main] INFO com.github.javafaker.NumberTest - Range -575 to 575 is 0.9024390243902439 percent unique.
[main] INFO com.github.javafaker.NumberTest - Range -600 to 600 is 0.87 percent unique.
[main] INFO com.github.javafaker.NumberTest - Range -625 to 625 is 0.8589743589743589 percent unique.
[main] INFO com.github.javafaker.NumberTest - Range -650 to 650 is 0.9076923076923077 percent unique.
[main] INFO com.github.javafaker.NumberTest - Range -675 to 675 is 0.8902077151335311 percent unique.
[main] INFO com.github.javafaker.NumberTest - Range -700 to 700 is 0.9057142857142857 percent unique.
[main] INFO com.github.javafaker.NumberTest - Range -725 to 725 is 0.8701657458563536 percent unique.
[main] INFO com.github.javafaker.NumberTest - Range -750 to 750 is 0.888 percent unique.
[main] INFO com.github.javafaker.NumberTest - Range -775 to 775 is 0.875968992248062 percent unique.
[main] INFO com.github.javafaker.NumberTest - Range -800 to 800 is 0.925 percent unique.
[main] INFO com.github.javafaker.NumberTest - Range -825 to 825 is 0.8907766990291263 percent unique.
[main] INFO com.github.javafaker.NumberTest - Range -850 to 850 is 0.88 percent unique.
[main] INFO com.github.javafaker.NumberTest - Range -875 to 875 is 0.8695652173913043 percent unique.
[main] INFO com.github.javafaker.NumberTest - Range -900 to 900 is 0.9177777777777778 percent unique.
[main] INFO com.github.javafaker.NumberTest - Range -925 to 925 is 0.8809523809523809 percent unique.
[main] INFO com.github.javafaker.NumberTest - Range -950 to 950 is 0.8989473684210526 percent unique.
[main] INFO com.github.javafaker.NumberTest - Range -975 to 975 is 0.8850102669404517 percent unique.
[main] INFO com.github.javafaker.NumberTest - Range -25 to 25 is 0.9166666666666666 percent unique.
[main] INFO com.github.javafaker.NumberTest - Range -50 to 50 is 0.84 percent unique.
[main] INFO com.github.javafaker.NumberTest - Range -75 to 75 is 0.918918918918919 percent unique.
[main] INFO com.github.javafaker.NumberTest - Range -100 to 100 is 0.9 percent unique.
[main] INFO com.github.javafaker.NumberTest - Range -125 to 125 is 0.9516129032258065 percent unique.
[main] INFO com.github.javafaker.NumberTest - Range -150 to 150 is 0.92 percent unique.
[main] INFO com.github.javafaker.NumberTest - Range -175 to 175 is 0.8620689655172413 percent unique.
[main] INFO com.github.javafaker.NumberTest - Range -200 to 200 is 0.85 percent unique.
[main] INFO com.github.javafaker.NumberTest - Range -225 to 225 is 0.9107142857142857 percent unique.
[main] INFO com.github.javafaker.NumberTest - Range -250 to 250 is 0.88 percent unique.
[main] INFO com.github.javafaker.NumberTest - Range -275 to 275 is 0.9124087591240876 percent unique.
[main] INFO com.github.javafaker.NumberTest - Range -300 to 300 is 0.8866666666666667 percent unique.
[main] INFO com.github.javafaker.NumberTest - Range -325 to 325 is 0.9012345679012346 percent unique.
[main] INFO com.github.javafaker.NumberTest - Range -350 to 350 is 0.8514285714285714 percent unique.
[main] INFO com.github.javafaker.NumberTest - Range -375 to 375 is 0.8502673796791443 percent unique.
[main] INFO com.github.javafaker.NumberTest - Range -400 to 400 is 0.895 percent unique.
[main] INFO com.github.javafaker.NumberTest - Range -425 to 425 is 0.8726415094339622 percent unique.
[main] INFO com.github.javafaker.NumberTest - Range -450 to 450 is 0.8888888888888888 percent unique.
[main] INFO com.github.javafaker.NumberTest - Range -475 to 475 is 0.8945147679324894 percent unique.
[main] INFO com.github.javafaker.NumberTest - Range -500 to 500 is 0.892 percent unique.
[main] INFO com.github.javafaker.NumberTest - Range -525 to 525 is 0.8854961832061069 percent unique.
[main] INFO com.github.javafaker.NumberTest - Range -550 to 550 is 0.8945454545454545 percent unique.
[main] INFO com.github.javafaker.NumberTest - Range -575 to 575 is 0.8641114982578397 percent unique.
[main] INFO com.github.javafaker.NumberTest - Range -600 to 600 is 0.8933333333333333 percent unique.
[main] INFO com.github.javafaker.NumberTest - Range -625 to 625 is 0.9166666666666666 percent unique.
[main] INFO com.github.javafaker.NumberTest - Range -650 to 650 is 0.8861538461538462 percent unique.
[main] INFO com.github.javafaker.NumberTest - Range -675 to 675 is 0.8724035608308606 percent unique.
[main] INFO com.github.javafaker.NumberTest - Range -700 to 700 is 0.8914285714285715 percent unique.
[main] INFO com.github.javafaker.NumberTest - Range -725 to 725 is 0.9033149171270718 percent unique.
[main] INFO com.github.javafaker.NumberTest - Range -750 to 750 is 0.8906666666666667 percent unique.
[main] INFO com.github.javafaker.NumberTest - Range -775 to 775 is 0.8837209302325582 percent unique.
[main] INFO com.github.javafaker.NumberTest - Range -800 to 800 is 0.89 percent unique.
[main] INFO com.github.javafaker.NumberTest - Range -825 to 825 is 0.8980582524271845 percent unique.
[main] INFO com.github.javafaker.NumberTest - Range -850 to 850 is 0.8494117647058823 percent unique.
[main] INFO com.github.javafaker.NumberTest - Range -875 to 875 is 0.9016018306636155 percent unique.
[main] INFO com.github.javafaker.NumberTest - Range -900 to 900 is 0.8977777777777778 percent unique.
[main] INFO com.github.javafaker.NumberTest - Range -925 to 925 is 0.8571428571428571 percent unique.
[main] INFO com.github.javafaker.NumberTest - Range -950 to 950 is 0.8821052631578947 percent unique.
[main] INFO com.github.javafaker.NumberTest - Range -975 to 975 is 0.8767967145790554 percent unique.
Tests run: 20, Failures: 0, Errors: 0, Skipped: 0, Time elapsed: 0.503 sec
Running com.github.javafaker.CountryTest
Tests run: 7, Failures: 0, Errors: 0, Skipped: 0, Time elapsed: 0.012 sec
Running com.github.javafaker.AquaTeenHungerForceTest
Tests run: 1, Failures: 0, Errors: 0, Skipped: 0, Time elapsed: 0 sec
Running com.github.javafaker.HackerTest
Tests run: 5, Failures: 0, Errors: 0, Skipped: 0, Time elapsed: 0.004 sec
Running com.github.javafaker.ChuckNorrisTest
Tests run: 1, Failures: 0, Errors: 0, Skipped: 0, Time elapsed: 0.001 sec
Running com.github.javafaker.FileTest
Tests run: 7, Failures: 0, Errors: 0, Skipped: 0, Time elapsed: 0.019 sec
Running com.github.javafaker.IdNumberTest
Tests run: 5, Failures: 0, Errors: 0, Skipped: 0, Time elapsed: 0.228 sec
Running com.github.javafaker.CryptoTest
Tests run: 4, Failures: 0, Errors: 0, Skipped: 0, Time elapsed: 0.005 sec
Running com.github.javafaker.DogTest
Tests run: 8, Failures: 0, Errors: 0, Skipped: 0, Time elapsed: 0.013 sec
Running com.github.javafaker.HowIMetYourMotherTest
Tests run: 4, Failures: 0, Errors: 0, Skipped: 0, Time elapsed: 0.003 sec
Running com.github.javafaker.HipsterTest
Tests run: 1, Failures: 0, Errors: 0, Skipped: 0, Time elapsed: 0.001 sec
Running com.github.javafaker.TeamTest
Tests run: 5, Failures: 0, Errors: 0, Skipped: 0, Time elapsed: 0.011 sec
Running com.github.javafaker.ColorTest
Tests run: 3, Failures: 0, Errors: 0, Skipped: 0, Time elapsed: 0.001 sec
Running com.github.javafaker.SuperheroTest
Tests run: 5, Failures: 0, Errors: 0, Skipped: 0, Time elapsed: 0.005 sec
Running com.github.javafaker.KaamelottTest
Tests run: 2, Failures: 0, Errors: 0, Skipped: 0, Time elapsed: 0.002 sec
Running com.github.javafaker.ProgrammingLanguageTest
Tests run: 2, Failures: 0, Errors: 0, Skipped: 0, Time elapsed: 0.004 sec
Running com.github.javafaker.MusicTest
Tests run: 4, Failures: 0, Errors: 0, Skipped: 0, Time elapsed: 0.002 sec
Running com.github.javafaker.CoinTest
Tests run: 1, Failures: 0, Errors: 0, Skipped: 0, Time elapsed: 0 sec
Running com.github.javafaker.DuneTest
Tests run: 7, Failures: 0, Errors: 0, Skipped: 0, Time elapsed: 0.523 sec
Running com.github.javafaker.OverwatchTest
Tests run: 3, Failures: 0, Errors: 0, Skipped: 0, Time elapsed: 0.013 sec
Running com.github.javafaker.CurrencyTest
Tests run: 2, Failures: 0, Errors: 0, Skipped: 0, Time elapsed: 0.002 sec
Running com.github.javafaker.RelationshipTest
Tests run: 11, Failures: 0, Errors: 0, Skipped: 0, Time elapsed: 0.017 sec
Running com.github.javafaker.LebowskiTest
Tests run: 3, Failures: 0, Errors: 0, Skipped: 0, Time elapsed: 0.003 sec
Running com.github.javafaker.StockTest
Tests run: 2, Failures: 0, Errors: 0, Skipped: 0, Time elapsed: 0.01 sec
Running com.github.javafaker.DiseaseTest
Tests run: 14, Failures: 0, Errors: 0, Skipped: 0, Time elapsed: 29.805 sec
Running com.github.javafaker.DemographicTest
Tests run: 5, Failures: 0, Errors: 0, Skipped: 0, Time elapsed: 0.003 sec
Running com.github.javafaker.EducatorTest
Tests run: 4, Failures: 0, Errors: 0, Skipped: 0, Time elapsed: 0.003 sec
Running com.github.javafaker.TwinPeaksTest
Tests run: 3, Failures: 0, Errors: 0, Skipped: 0, Time elapsed: 0.002 sec
Running com.github.javafaker.CommerceTest
Tests run: 8, Failures: 0, Errors: 0, Skipped: 0, Time elapsed: 0.012 sec
Running com.github.javafaker.PokemonTest
Tests run: 2, Failures: 0, Errors: 0, Skipped: 0, Time elapsed: 0.007 sec
Running com.github.javafaker.CompanyTest
Tests run: 9, Failures: 0, Errors: 0, Skipped: 0, Time elapsed: 0.045 sec
Running com.github.javafaker.NameTest
Tests run: 12, Failures: 0, Errors: 0, Skipped: 0, Time elapsed: 0.102 sec
Running com.github.javafaker.BusinessTest
Tests run: 3, Failures: 0, Errors: 0, Skipped: 0, Time elapsed: 0 sec
Running com.github.javafaker.FriendsTest
Tests run: 3, Failures: 0, Errors: 0, Skipped: 0, Time elapsed: 0.002 sec
Running com.github.javafaker.PrincessBrideTest
Tests run: 2, Failures: 0, Errors: 0, Skipped: 0, Time elapsed: 0.001 sec
Running com.github.javafaker.ArtistTest
Tests run: 1, Failures: 0, Errors: 0, Skipped: 0, Time elapsed: 0 sec
Running com.github.javafaker.FoodTest
Tests run: 7, Failures: 0, Errors: 0, Skipped: 0, Time elapsed: 0.011 sec
Running com.github.javafaker.ShakespeareTest
Tests run: 4, Failures: 0, Errors: 0, Skipped: 0, Time elapsed: 0.001 sec
Running com.github.javafaker.BookTest
Tests run: 4, Failures: 0, Errors: 0, Skipped: 0, Time elapsed: 0.011 sec
Running com.github.javafaker.AviationTest
Tests run: 3, Failures: 0, Errors: 0, Skipped: 0, Time elapsed: 0.007 sec
Running com.github.javafaker.HitchhikersGuideToTheGalaxyTest
Tests run: 6, Failures: 0, Errors: 0, Skipped: 0, Time elapsed: 0.005 sec
Running com.github.javafaker.NationTest
Tests run: 4, Failures: 0, Errors: 0, Skipped: 0, Time elapsed: 0.028 sec
Running com.github.javafaker.WitcherTest
Tests run: 6, Failures: 0, Errors: 0, Skipped: 0, Time elapsed: 0.018 sec
Running com.github.javafaker.JobTest
Tests run: 5, Failures: 0, Errors: 0, Skipped: 0, Time elapsed: 0.003 sec
Running com.github.javafaker.MedicalTest
Tests run: 4, Failures: 0, Errors: 0, Skipped: 0, Time elapsed: 0.014 sec
Running com.github.javafaker.BeerTest
Tests run: 5, Failures: 0, Errors: 0, Skipped: 0, Time elapsed: 0.003 sec
Running com.github.javafaker.RockBandTest
Tests run: 1, Failures: 0, Errors: 0, Skipped: 0, Time elapsed: 0.001 sec
Running com.github.javafaker.AncientTest
Tests run: 4, Failures: 0, Errors: 0, Skipped: 0, Time elapsed: 0.003 sec
Running com.github.javafaker.HobbitTest
Tests run: 4, Failures: 0, Errors: 0, Skipped: 0, Time elapsed: 0.004 sec
Running com.github.javafaker.BoolTest
Tests run: 1, Failures: 0, Errors: 0, Skipped: 0, Time elapsed: 0 sec
Running com.github.javafaker.LordOfTheRingsTest
Tests run: 2, Failures: 0, Errors: 0, Skipped: 0, Time elapsed: 0.001 sec
Running com.github.javafaker.idnumbers.SwedishIdNumberTest
Tests run: 2, Failures: 0, Errors: 0, Skipped: 0, Time elapsed: 0 sec
Running com.github.javafaker.service.FakeValuesServiceTest
Tests run: 26, Failures: 0, Errors: 0, Skipped: 0, Time elapsed: 0.117 sec
Running com.github.javafaker.service.FakeValuesGroupingTest
Tests run: 2, Failures: 0, Errors: 0, Skipped: 0, Time elapsed: 0.008 sec
Running com.github.javafaker.service.FakeValuesTest
Tests run: 7, Failures: 0, Errors: 0, Skipped: 0, Time elapsed: 0.016 sec
Running com.github.javafaker.service.RandomServiceTest
Tests run: 12, Failures: 0, Errors: 0, Skipped: 0, Time elapsed: 0.01 sec
Running com.github.javafaker.UniversityTest
Tests run: 3, Failures: 0, Errors: 0, Skipped: 0, Time elapsed: 0.009 sec

Results :

Tests run: 566, Failures: 0, Errors: 0, Skipped: 0

[INFO] ------------------------------------------------------------------------
[INFO] BUILD SUCCESS
[INFO] ------------------------------------------------------------------------
[INFO] Total time:  38.773 s
[INFO] Finished at: 2021-02-14T16:28:51Z
[INFO] ------------------------------------------------------------------------
