[INFO] Scanning for projects...
[INFO] 
[INFO] -------------------< com.github.javafaker:javafaker >-------------------
[INFO] Building Java Faker 1.0.3-SNAPSHOT
[INFO] --------------------------------[ jar ]---------------------------------
[INFO] 
[INFO] --- maven-enforcer-plugin:1.0:enforce (enforce-maven) @ javafaker ---
[INFO] 
[INFO] --- maven-resources-plugin:2.6:resources (default-resources) @ javafaker ---
[INFO] Using 'UTF-8' encoding to copy filtered resources.
[INFO] Copying 221 resources
[INFO] 
[INFO] --- maven-compiler-plugin:3.7.0:compile (default-compile) @ javafaker ---
[INFO] Nothing to compile - all classes are up to date
[INFO] 
[INFO] --- maven-resources-plugin:2.6:testResources (default-testResources) @ javafaker ---
[INFO] Using 'UTF-8' encoding to copy filtered resources.
[INFO] Copying 1 resource
[INFO] 
[INFO] --- maven-compiler-plugin:3.7.0:testCompile (default-testCompile) @ javafaker ---
[INFO] Nothing to compile - all classes are up to date
[INFO] 
[INFO] --- maven-surefire-plugin:2.12.4:test (default-test) @ javafaker ---
[INFO] Surefire report directory: /workdir/java-faker/target/surefire-reports

-------------------------------------------------------
 T E S T S
-------------------------------------------------------
Running com.github.javafaker.FinanceTest
Tests run: 5, Failures: 0, Errors: 0, Skipped: 0, Time elapsed: 0.604 sec
Running com.github.javafaker.GenderTest
Tests run: 3, Failures: 0, Errors: 0, Skipped: 0, Time elapsed: 0.011 sec
Running com.github.javafaker.GameOfThronesTest
Tests run: 5, Failures: 0, Errors: 0, Skipped: 0, Time elapsed: 0.073 sec
Running com.github.javafaker.BuffyTest
Tests run: 5, Failures: 0, Errors: 0, Skipped: 0, Time elapsed: 0.016 sec
Running com.github.javafaker.AnimalTest
Tests run: 1, Failures: 0, Errors: 0, Skipped: 0, Time elapsed: 0.004 sec
Running com.github.javafaker.InternetTest
Tests run: 32, Failures: 0, Errors: 0, Skipped: 0, Time elapsed: 1.468 sec
Running com.github.javafaker.OptionsTest
Tests run: 6, Failures: 0, Errors: 0, Skipped: 0, Time elapsed: 0.004 sec
Running com.github.javafaker.HarryPotterTest
Tests run: 6, Failures: 0, Errors: 0, Skipped: 0, Time elapsed: 0.007 sec
Running com.github.javafaker.DateAndTimeTest
Tests run: 9, Failures: 0, Errors: 0, Skipped: 0, Time elapsed: 0.381 sec
Running com.github.javafaker.SpaceTest
Tests run: 13, Failures: 0, Errors: 0, Skipped: 0, Time elapsed: 0.022 sec
Running com.github.javafaker.ElderScrollsTest
Tests run: 8, Failures: 0, Errors: 0, Skipped: 0, Time elapsed: 0.048 sec
Running com.github.javafaker.integration.UkLocalDirectivesTest
Tests run: 1, Failures: 0, Errors: 0, Skipped: 0, Time elapsed: 0.01 sec
Running com.github.javafaker.SipTest
Tests run: 19, Failures: 0, Errors: 0, Skipped: 0, Time elapsed: 0.052 sec
Running com.github.javafaker.StarCraftTest
Tests run: 4, Failures: 0, Errors: 0, Skipped: 0, Time elapsed: 0.006 sec
Running com.github.javafaker.AppTest
Tests run: 3, Failures: 0, Errors: 0, Skipped: 0, Time elapsed: 0.023 sec
Running com.github.javafaker.FakerTest
Tests run: 28, Failures: 0, Errors: 0, Skipped: 0, Time elapsed: 0.052 sec
Running com.github.javafaker.SlackEmojiTest
Tests run: 9, Failures: 0, Errors: 0, Skipped: 0, Time elapsed: 0.047 sec
Running com.github.javafaker.RandomFakerTest
Tests run: 4, Failures: 0, Errors: 0, Skipped: 0, Time elapsed: 0.013 sec
Running com.github.javafaker.WeatherTest
Tests run: 5, Failures: 0, Errors: 0, Skipped: 0, Time elapsed: 0.008 sec
Running com.github.javafaker.PhoneNumberTest
Tests run: 7, Failures: 0, Errors: 0, Skipped: 0, Time elapsed: 0.499 sec
Running com.github.javafaker.BackToTheFutureTest
Tests run: 3, Failures: 0, Errors: 0, Skipped: 0, Time elapsed: 0.004 sec
Running com.github.javafaker.LeagueOfLegendsTest
Tests run: 6, Failures: 0, Errors: 0, Skipped: 0, Time elapsed: 0.027 sec
Running com.github.javafaker.AvatarTest
Tests run: 1, Failures: 0, Errors: 0, Skipped: 0, Time elapsed: 0.004 sec
Running com.github.javafaker.BojackHorsemanTest
Tests run: 6, Failures: 0, Errors: 0, Skipped: 0, Time elapsed: 0.087 sec
Running com.github.javafaker.StarTrekTest
Tests run: 5, Failures: 0, Errors: 0, Skipped: 0, Time elapsed: 0.005 sec
Running com.github.javafaker.BasketballTest
Tests run: 8, Failures: 0, Errors: 0, Skipped: 0, Time elapsed: 0.071 sec
Running com.github.javafaker.MatzTest
Tests run: 1, Failures: 0, Errors: 0, Skipped: 0, Time elapsed: 0.001 sec
Running com.github.javafaker.matchers.IsStringWithContentsTest
Tests run: 4, Failures: 0, Errors: 0, Skipped: 0, Time elapsed: 0.001 sec
Running com.github.javafaker.matchers.IsANumberTest
Tests run: 4, Failures: 0, Errors: 0, Skipped: 0, Time elapsed: 0.001 sec
Running com.github.javafaker.LoremTest
Tests run: 16, Failures: 0, Errors: 0, Skipped: 0, Time elapsed: 0.041 sec
Running com.github.javafaker.CatTest
Tests run: 3, Failures: 0, Errors: 0, Skipped: 0, Time elapsed: 0.006 sec
Running com.github.javafaker.EsportsTest
Tests run: 5, Failures: 0, Errors: 0, Skipped: 0, Time elapsed: 0.005 sec
Running com.github.javafaker.BarcodeTest
Tests run: 3, Failures: 0, Errors: 0, Skipped: 0, Time elapsed: 0.002 sec
Running com.github.javafaker.DragonBallTest
Tests run: 1, Failures: 0, Errors: 0, Skipped: 0, Time elapsed: 0.001 sec
Running com.github.javafaker.ZeldaTest
Tests run: 2, Failures: 0, Errors: 0, Skipped: 0, Time elapsed: 0.013 sec
Running com.github.javafaker.YodaTest
Tests run: 1, Failures: 0, Errors: 0, Skipped: 0, Time elapsed: 0 sec
Running com.github.javafaker.RickAndMortyTest
Tests run: 3, Failures: 0, Errors: 0, Skipped: 0, Time elapsed: 0.002 sec
Running com.github.javafaker.FunnyNameTest
Tests run: 1, Failures: 0, Errors: 0, Skipped: 0, Time elapsed: 0.002 sec
Running com.github.javafaker.CodeTest
Tests run: 11, Failures: 0, Errors: 0, Skipped: 0, Time elapsed: 1.435 sec
Running com.github.javafaker.AddressTest
Tests run: 17, Failures: 0, Errors: 0, Skipped: 0, Time elapsed: 0.998 sec
Running com.github.javafaker.RobinTest
Tests run: 1, Failures: 0, Errors: 0, Skipped: 0, Time elapsed: 0.001 sec
Running com.github.javafaker.NumberTest
[main] INFO com.github.javafaker.NumberTest - Range -25 to 25 is 0.75 percent unique.
[main] INFO com.github.javafaker.NumberTest - Range -50 to 50 is 0.84 percent unique.
[main] INFO com.github.javafaker.NumberTest - Range -75 to 75 is 0.8648648648648649 percent unique.
[main] INFO com.github.javafaker.NumberTest - Range -100 to 100 is 0.88 percent unique.
[main] INFO com.github.javafaker.NumberTest - Range -125 to 125 is 0.9193548387096774 percent unique.
[main] INFO com.github.javafaker.NumberTest - Range -150 to 150 is 0.9066666666666666 percent unique.
[main] INFO com.github.javafaker.NumberTest - Range -175 to 175 is 0.9080459770114943 percent unique.
[main] INFO com.github.javafaker.NumberTest - Range -200 to 200 is 0.85 percent unique.
[main] INFO com.github.javafaker.NumberTest - Range -225 to 225 is 0.8839285714285714 percent unique.
[main] INFO com.github.javafaker.NumberTest - Range -250 to 250 is 0.848 percent unique.
[main] INFO com.github.javafaker.NumberTest - Range -275 to 275 is 0.8905109489051095 percent unique.
[main] INFO com.github.javafaker.NumberTest - Range -300 to 300 is 0.9266666666666666 percent unique.
[main] INFO com.github.javafaker.NumberTest - Range -325 to 325 is 0.9135802469135802 percent unique.
[main] INFO com.github.javafaker.NumberTest - Range -350 to 350 is 0.8742857142857143 percent unique.
[main] INFO com.github.javafaker.NumberTest - Range -375 to 375 is 0.8983957219251337 percent unique.
[main] INFO com.github.javafaker.NumberTest - Range -400 to 400 is 0.845 percent unique.
[main] INFO com.github.javafaker.NumberTest - Range -425 to 425 is 0.8867924528301887 percent unique.
[main] INFO com.github.javafaker.NumberTest - Range -450 to 450 is 0.88 percent unique.
[main] INFO com.github.javafaker.NumberTest - Range -475 to 475 is 0.9282700421940928 percent unique.
[main] INFO com.github.javafaker.NumberTest - Range -500 to 500 is 0.892 percent unique.
[main] INFO com.github.javafaker.NumberTest - Range -525 to 525 is 0.916030534351145 percent unique.
[main] INFO com.github.javafaker.NumberTest - Range -550 to 550 is 0.8690909090909091 percent unique.
[main] INFO com.github.javafaker.NumberTest - Range -575 to 575 is 0.8536585365853658 percent unique.
[main] INFO com.github.javafaker.NumberTest - Range -600 to 600 is 0.8366666666666667 percent unique.
[main] INFO com.github.javafaker.NumberTest - Range -625 to 625 is 0.8878205128205128 percent unique.
[main] INFO com.github.javafaker.NumberTest - Range -650 to 650 is 0.8984615384615384 percent unique.
[main] INFO com.github.javafaker.NumberTest - Range -675 to 675 is 0.8516320474777448 percent unique.
[main] INFO com.github.javafaker.NumberTest - Range -700 to 700 is 0.9 percent unique.
[main] INFO com.github.javafaker.NumberTest - Range -725 to 725 is 0.8784530386740331 percent unique.
[main] INFO com.github.javafaker.NumberTest - Range -750 to 750 is 0.888 percent unique.
[main] INFO com.github.javafaker.NumberTest - Range -775 to 775 is 0.8863049095607235 percent unique.
[main] INFO com.github.javafaker.NumberTest - Range -800 to 800 is 0.8875 percent unique.
[main] INFO com.github.javafaker.NumberTest - Range -825 to 825 is 0.8932038834951457 percent unique.
[main] INFO com.github.javafaker.NumberTest - Range -850 to 850 is 0.8870588235294118 percent unique.
[main] INFO com.github.javafaker.NumberTest - Range -875 to 875 is 0.88558352402746 percent unique.
[main] INFO com.github.javafaker.NumberTest - Range -900 to 900 is 0.9022222222222223 percent unique.
[main] INFO com.github.javafaker.NumberTest - Range -925 to 925 is 0.8852813852813853 percent unique.
[main] INFO com.github.javafaker.NumberTest - Range -950 to 950 is 0.871578947368421 percent unique.
[main] INFO com.github.javafaker.NumberTest - Range -975 to 975 is 0.8870636550308009 percent unique.
[main] INFO com.github.javafaker.NumberTest - Range -25 to 25 is 0.9166666666666666 percent unique.
[main] INFO com.github.javafaker.NumberTest - Range -50 to 50 is 0.92 percent unique.
[main] INFO com.github.javafaker.NumberTest - Range -75 to 75 is 0.8918918918918919 percent unique.
[main] INFO com.github.javafaker.NumberTest - Range -100 to 100 is 0.88 percent unique.
[main] INFO com.github.javafaker.NumberTest - Range -125 to 125 is 0.8387096774193549 percent unique.
[main] INFO com.github.javafaker.NumberTest - Range -150 to 150 is 0.8266666666666667 percent unique.
[main] INFO com.github.javafaker.NumberTest - Range -175 to 175 is 0.8735632183908046 percent unique.
[main] INFO com.github.javafaker.NumberTest - Range -200 to 200 is 0.9 percent unique.
[main] INFO com.github.javafaker.NumberTest - Range -225 to 225 is 0.8839285714285714 percent unique.
[main] INFO com.github.javafaker.NumberTest - Range -250 to 250 is 0.864 percent unique.
[main] INFO com.github.javafaker.NumberTest - Range -275 to 275 is 0.9197080291970803 percent unique.
[main] INFO com.github.javafaker.NumberTest - Range -300 to 300 is 0.8933333333333333 percent unique.
[main] INFO com.github.javafaker.NumberTest - Range -325 to 325 is 0.9135802469135802 percent unique.
[main] INFO com.github.javafaker.NumberTest - Range -350 to 350 is 0.8971428571428571 percent unique.
[main] INFO com.github.javafaker.NumberTest - Range -375 to 375 is 0.9037433155080213 percent unique.
[main] INFO com.github.javafaker.NumberTest - Range -400 to 400 is 0.9 percent unique.
[main] INFO com.github.javafaker.NumberTest - Range -425 to 425 is 0.9009433962264151 percent unique.
[main] INFO com.github.javafaker.NumberTest - Range -450 to 450 is 0.8844444444444445 percent unique.
[main] INFO com.github.javafaker.NumberTest - Range -475 to 475 is 0.8734177215189873 percent unique.
[main] INFO com.github.javafaker.NumberTest - Range -500 to 500 is 0.908 percent unique.
[main] INFO com.github.javafaker.NumberTest - Range -525 to 525 is 0.8816793893129771 percent unique.
[main] INFO com.github.javafaker.NumberTest - Range -550 to 550 is 0.8909090909090909 percent unique.
[main] INFO com.github.javafaker.NumberTest - Range -575 to 575 is 0.89198606271777 percent unique.
[main] INFO com.github.javafaker.NumberTest - Range -600 to 600 is 0.8433333333333334 percent unique.
[main] INFO com.github.javafaker.NumberTest - Range -625 to 625 is 0.8942307692307693 percent unique.
[main] INFO com.github.javafaker.NumberTest - Range -650 to 650 is 0.8923076923076924 percent unique.
[main] INFO com.github.javafaker.NumberTest - Range -675 to 675 is 0.887240356083086 percent unique.
[main] INFO com.github.javafaker.NumberTest - Range -700 to 700 is 0.8885714285714286 percent unique.
[main] INFO com.github.javafaker.NumberTest - Range -725 to 725 is 0.8895027624309392 percent unique.
[main] INFO com.github.javafaker.NumberTest - Range -750 to 750 is 0.896 percent unique.
[main] INFO com.github.javafaker.NumberTest - Range -775 to 775 is 0.8863049095607235 percent unique.
[main] INFO com.github.javafaker.NumberTest - Range -800 to 800 is 0.885 percent unique.
[main] INFO com.github.javafaker.NumberTest - Range -825 to 825 is 0.866504854368932 percent unique.
[main] INFO com.github.javafaker.NumberTest - Range -850 to 850 is 0.8917647058823529 percent unique.
[main] INFO com.github.javafaker.NumberTest - Range -875 to 875 is 0.8878718535469108 percent unique.
[main] INFO com.github.javafaker.NumberTest - Range -900 to 900 is 0.9044444444444445 percent unique.
[main] INFO com.github.javafaker.NumberTest - Range -925 to 925 is 0.8809523809523809 percent unique.
[main] INFO com.github.javafaker.NumberTest - Range -950 to 950 is 0.8863157894736842 percent unique.
[main] INFO com.github.javafaker.NumberTest - Range -975 to 975 is 0.8829568788501027 percent unique.
[main] INFO com.github.javafaker.NumberTest - Range -25 to 25 is 1.0 percent unique.
[main] INFO com.github.javafaker.NumberTest - Range -50 to 50 is 0.84 percent unique.
[main] INFO com.github.javafaker.NumberTest - Range -75 to 75 is 0.972972972972973 percent unique.
[main] INFO com.github.javafaker.NumberTest - Range -100 to 100 is 0.88 percent unique.
[main] INFO com.github.javafaker.NumberTest - Range -125 to 125 is 0.9032258064516129 percent unique.
[main] INFO com.github.javafaker.NumberTest - Range -150 to 150 is 0.8933333333333333 percent unique.
[main] INFO com.github.javafaker.NumberTest - Range -175 to 175 is 0.896551724137931 percent unique.
[main] INFO com.github.javafaker.NumberTest - Range -200 to 200 is 0.89 percent unique.
[main] INFO com.github.javafaker.NumberTest - Range -225 to 225 is 0.8928571428571429 percent unique.
[main] INFO com.github.javafaker.NumberTest - Range -250 to 250 is 0.88 percent unique.
[main] INFO com.github.javafaker.NumberTest - Range -275 to 275 is 0.8832116788321168 percent unique.
[main] INFO com.github.javafaker.NumberTest - Range -300 to 300 is 0.8733333333333333 percent unique.
[main] INFO com.github.javafaker.NumberTest - Range -325 to 325 is 0.8827160493827161 percent unique.
[main] INFO com.github.javafaker.NumberTest - Range -350 to 350 is 0.8857142857142857 percent unique.
[main] INFO com.github.javafaker.NumberTest - Range -375 to 375 is 0.8823529411764706 percent unique.
[main] INFO com.github.javafaker.NumberTest - Range -400 to 400 is 0.865 percent unique.
[main] INFO com.github.javafaker.NumberTest - Range -425 to 425 is 0.8726415094339622 percent unique.
[main] INFO com.github.javafaker.NumberTest - Range -450 to 450 is 0.88 percent unique.
[main] INFO com.github.javafaker.NumberTest - Range -475 to 475 is 0.8734177215189873 percent unique.
[main] INFO com.github.javafaker.NumberTest - Range -500 to 500 is 0.832 percent unique.
[main] INFO com.github.javafaker.NumberTest - Range -525 to 525 is 0.8778625954198473 percent unique.
[main] INFO com.github.javafaker.NumberTest - Range -550 to 550 is 0.9018181818181819 percent unique.
[main] INFO com.github.javafaker.NumberTest - Range -575 to 575 is 0.8885017421602788 percent unique.
[main] INFO com.github.javafaker.NumberTest - Range -600 to 600 is 0.89 percent unique.
[main] INFO com.github.javafaker.NumberTest - Range -625 to 625 is 0.8782051282051282 percent unique.
[main] INFO com.github.javafaker.NumberTest - Range -650 to 650 is 0.88 percent unique.
[main] INFO com.github.javafaker.NumberTest - Range -675 to 675 is 0.8635014836795252 percent unique.
[main] INFO com.github.javafaker.NumberTest - Range -700 to 700 is 0.8628571428571429 percent unique.
[main] INFO com.github.javafaker.NumberTest - Range -725 to 725 is 0.8784530386740331 percent unique.
[main] INFO com.github.javafaker.NumberTest - Range -750 to 750 is 0.8986666666666666 percent unique.
[main] INFO com.github.javafaker.NumberTest - Range -775 to 775 is 0.8604651162790697 percent unique.
[main] INFO com.github.javafaker.NumberTest - Range -800 to 800 is 0.9 percent unique.
[main] INFO com.github.javafaker.NumberTest - Range -825 to 825 is 0.8980582524271845 percent unique.
[main] INFO com.github.javafaker.NumberTest - Range -850 to 850 is 0.8376470588235294 percent unique.
[main] INFO com.github.javafaker.NumberTest - Range -875 to 875 is 0.8924485125858124 percent unique.
[main] INFO com.github.javafaker.NumberTest - Range -900 to 900 is 0.8911111111111111 percent unique.
[main] INFO com.github.javafaker.NumberTest - Range -925 to 925 is 0.8744588744588745 percent unique.
[main] INFO com.github.javafaker.NumberTest - Range -950 to 950 is 0.8905263157894737 percent unique.
[main] INFO com.github.javafaker.NumberTest - Range -975 to 975 is 0.8891170431211499 percent unique.
Tests run: 20, Failures: 0, Errors: 0, Skipped: 0, Time elapsed: 0.486 sec
Running com.github.javafaker.CountryTest
Tests run: 7, Failures: 0, Errors: 0, Skipped: 0, Time elapsed: 0.013 sec
Running com.github.javafaker.AquaTeenHungerForceTest
Tests run: 1, Failures: 0, Errors: 0, Skipped: 0, Time elapsed: 0.001 sec
Running com.github.javafaker.HackerTest
Tests run: 5, Failures: 0, Errors: 0, Skipped: 0, Time elapsed: 0.004 sec
Running com.github.javafaker.ChuckNorrisTest
Tests run: 1, Failures: 0, Errors: 0, Skipped: 0, Time elapsed: 0.001 sec
Running com.github.javafaker.FileTest
Tests run: 7, Failures: 0, Errors: 0, Skipped: 0, Time elapsed: 0.015 sec
Running com.github.javafaker.IdNumberTest
Tests run: 5, Failures: 0, Errors: 0, Skipped: 0, Time elapsed: 0.276 sec
Running com.github.javafaker.CryptoTest
Tests run: 4, Failures: 0, Errors: 0, Skipped: 0, Time elapsed: 0.007 sec
Running com.github.javafaker.DogTest
Tests run: 8, Failures: 0, Errors: 0, Skipped: 0, Time elapsed: 0.013 sec
Running com.github.javafaker.HowIMetYourMotherTest
Tests run: 4, Failures: 0, Errors: 0, Skipped: 0, Time elapsed: 0.004 sec
Running com.github.javafaker.HipsterTest
Tests run: 1, Failures: 0, Errors: 0, Skipped: 0, Time elapsed: 0 sec
Running com.github.javafaker.TeamTest
Tests run: 5, Failures: 0, Errors: 0, Skipped: 0, Time elapsed: 0.012 sec
Running com.github.javafaker.ColorTest
Tests run: 3, Failures: 0, Errors: 0, Skipped: 0, Time elapsed: 0.001 sec
Running com.github.javafaker.SuperheroTest
Tests run: 5, Failures: 0, Errors: 0, Skipped: 0, Time elapsed: 0.006 sec
Running com.github.javafaker.KaamelottTest
Tests run: 2, Failures: 0, Errors: 0, Skipped: 0, Time elapsed: 0.002 sec
Running com.github.javafaker.ProgrammingLanguageTest
Tests run: 2, Failures: 0, Errors: 0, Skipped: 0, Time elapsed: 0.003 sec
Running com.github.javafaker.MusicTest
Tests run: 4, Failures: 0, Errors: 0, Skipped: 0, Time elapsed: 0.003 sec
Running com.github.javafaker.CoinTest
Tests run: 1, Failures: 0, Errors: 0, Skipped: 0, Time elapsed: 0.001 sec
Running com.github.javafaker.DuneTest
Tests run: 7, Failures: 0, Errors: 0, Skipped: 0, Time elapsed: 0.492 sec
Running com.github.javafaker.OverwatchTest
Tests run: 3, Failures: 0, Errors: 0, Skipped: 0, Time elapsed: 0.011 sec
Running com.github.javafaker.CurrencyTest
Tests run: 2, Failures: 0, Errors: 0, Skipped: 0, Time elapsed: 0.002 sec
Running com.github.javafaker.RelationshipTest
Tests run: 11, Failures: 0, Errors: 0, Skipped: 0, Time elapsed: 0.034 sec
Running com.github.javafaker.LebowskiTest
Tests run: 3, Failures: 0, Errors: 0, Skipped: 0, Time elapsed: 0.007 sec
Running com.github.javafaker.StockTest
Tests run: 2, Failures: 0, Errors: 0, Skipped: 0, Time elapsed: 0.01 sec
Running com.github.javafaker.DiseaseTest
Tests run: 14, Failures: 0, Errors: 0, Skipped: 0, Time elapsed: 29.214 sec
Running com.github.javafaker.DemographicTest
Tests run: 5, Failures: 0, Errors: 0, Skipped: 0, Time elapsed: 0.003 sec
Running com.github.javafaker.EducatorTest
Tests run: 4, Failures: 0, Errors: 0, Skipped: 0, Time elapsed: 0.002 sec
Running com.github.javafaker.TwinPeaksTest
Tests run: 3, Failures: 0, Errors: 0, Skipped: 0, Time elapsed: 0.002 sec
Running com.github.javafaker.CommerceTest
Tests run: 8, Failures: 0, Errors: 0, Skipped: 0, Time elapsed: 0.007 sec
Running com.github.javafaker.PokemonTest
Tests run: 2, Failures: 0, Errors: 0, Skipped: 0, Time elapsed: 0.007 sec
Running com.github.javafaker.CompanyTest
Tests run: 9, Failures: 0, Errors: 0, Skipped: 0, Time elapsed: 0.033 sec
Running com.github.javafaker.NameTest
Tests run: 12, Failures: 0, Errors: 0, Skipped: 0, Time elapsed: 0.106 sec
Running com.github.javafaker.BusinessTest
Tests run: 3, Failures: 0, Errors: 0, Skipped: 0, Time elapsed: 0.003 sec
Running com.github.javafaker.FriendsTest
Tests run: 3, Failures: 0, Errors: 0, Skipped: 0, Time elapsed: 0.002 sec
Running com.github.javafaker.PrincessBrideTest
Tests run: 2, Failures: 0, Errors: 0, Skipped: 0, Time elapsed: 0.001 sec
Running com.github.javafaker.ArtistTest
Tests run: 1, Failures: 0, Errors: 0, Skipped: 0, Time elapsed: 0 sec
Running com.github.javafaker.FoodTest
Tests run: 7, Failures: 0, Errors: 0, Skipped: 0, Time elapsed: 0.011 sec
Running com.github.javafaker.ShakespeareTest
Tests run: 4, Failures: 0, Errors: 0, Skipped: 0, Time elapsed: 0.001 sec
Running com.github.javafaker.BookTest
Tests run: 4, Failures: 0, Errors: 0, Skipped: 0, Time elapsed: 0.012 sec
Running com.github.javafaker.AviationTest
Tests run: 3, Failures: 0, Errors: 0, Skipped: 0, Time elapsed: 0.003 sec
Running com.github.javafaker.HitchhikersGuideToTheGalaxyTest
Tests run: 6, Failures: 0, Errors: 0, Skipped: 0, Time elapsed: 0.006 sec
Running com.github.javafaker.NationTest
Tests run: 4, Failures: 0, Errors: 0, Skipped: 0, Time elapsed: 0.025 sec
Running com.github.javafaker.WitcherTest
Tests run: 6, Failures: 0, Errors: 0, Skipped: 0, Time elapsed: 0.021 sec
Running com.github.javafaker.JobTest
Tests run: 5, Failures: 0, Errors: 0, Skipped: 0, Time elapsed: 0.003 sec
Running com.github.javafaker.MedicalTest
Tests run: 4, Failures: 0, Errors: 0, Skipped: 0, Time elapsed: 0.015 sec
Running com.github.javafaker.BeerTest
Tests run: 5, Failures: 0, Errors: 0, Skipped: 0, Time elapsed: 0.005 sec
Running com.github.javafaker.RockBandTest
Tests run: 1, Failures: 0, Errors: 0, Skipped: 0, Time elapsed: 0 sec
Running com.github.javafaker.AncientTest
Tests run: 4, Failures: 0, Errors: 0, Skipped: 0, Time elapsed: 0.002 sec
Running com.github.javafaker.HobbitTest
Tests run: 4, Failures: 0, Errors: 0, Skipped: 0, Time elapsed: 0.004 sec
Running com.github.javafaker.BoolTest
Tests run: 1, Failures: 0, Errors: 0, Skipped: 0, Time elapsed: 0 sec
Running com.github.javafaker.LordOfTheRingsTest
Tests run: 2, Failures: 0, Errors: 0, Skipped: 0, Time elapsed: 0.003 sec
Running com.github.javafaker.idnumbers.SwedishIdNumberTest
Tests run: 2, Failures: 0, Errors: 0, Skipped: 0, Time elapsed: 0 sec
Running com.github.javafaker.service.FakeValuesServiceTest
Tests run: 26, Failures: 0, Errors: 0, Skipped: 0, Time elapsed: 0.127 sec
Running com.github.javafaker.service.FakeValuesGroupingTest
Tests run: 2, Failures: 0, Errors: 0, Skipped: 0, Time elapsed: 0.006 sec
Running com.github.javafaker.service.FakeValuesTest
Tests run: 7, Failures: 0, Errors: 0, Skipped: 0, Time elapsed: 0.032 sec
Running com.github.javafaker.service.RandomServiceTest
Tests run: 12, Failures: 0, Errors: 0, Skipped: 0, Time elapsed: 0.012 sec
Running com.github.javafaker.UniversityTest
Tests run: 3, Failures: 0, Errors: 0, Skipped: 0, Time elapsed: 0.011 sec

Results :

Tests run: 566, Failures: 0, Errors: 0, Skipped: 0

[INFO] ------------------------------------------------------------------------
[INFO] BUILD SUCCESS
[INFO] ------------------------------------------------------------------------
[INFO] Total time:  38.332 s
[INFO] Finished at: 2021-02-14T16:27:14Z
[INFO] ------------------------------------------------------------------------
