[INFO] Scanning for projects...
[INFO] 
[INFO] -------------------< com.github.javafaker:javafaker >-------------------
[INFO] Building Java Faker 1.0.3-SNAPSHOT
[INFO] --------------------------------[ jar ]---------------------------------
[INFO] 
[INFO] --- maven-enforcer-plugin:1.0:enforce (enforce-maven) @ javafaker ---
[INFO] 
[INFO] --- maven-resources-plugin:2.6:resources (default-resources) @ javafaker ---
[INFO] Using 'UTF-8' encoding to copy filtered resources.
[INFO] Copying 221 resources
[INFO] 
[INFO] --- maven-compiler-plugin:3.7.0:compile (default-compile) @ javafaker ---
[INFO] Changes detected - recompiling the module!
[INFO] Compiling 99 source files to /workdir/java-faker/target/classes
[INFO] /workdir/java-faker/src/main/java/com/github/javafaker/Number.java: /workdir/java-faker/src/main/java/com/github/javafaker/Number.java uses or overrides a deprecated API.
[INFO] /workdir/java-faker/src/main/java/com/github/javafaker/Number.java: Recompile with -Xlint:deprecation for details.
[INFO] /workdir/java-faker/src/main/java/com/github/javafaker/service/FakeValuesService.java: /workdir/java-faker/src/main/java/com/github/javafaker/service/FakeValuesService.java uses unchecked or unsafe operations.
[INFO] /workdir/java-faker/src/main/java/com/github/javafaker/service/FakeValuesService.java: Recompile with -Xlint:unchecked for details.
[INFO] 
[INFO] --- maven-resources-plugin:2.6:testResources (default-testResources) @ javafaker ---
[INFO] Using 'UTF-8' encoding to copy filtered resources.
[INFO] Copying 1 resource
[INFO] 
[INFO] --- maven-compiler-plugin:3.7.0:testCompile (default-testCompile) @ javafaker ---
[INFO] Nothing to compile - all classes are up to date
[INFO] 
[INFO] --- maven-surefire-plugin:2.12.4:test (default-test) @ javafaker ---
[INFO] Surefire report directory: /workdir/java-faker/target/surefire-reports

-------------------------------------------------------
 T E S T S
-------------------------------------------------------
Running com.github.javafaker.FinanceTest
Tests run: 5, Failures: 0, Errors: 0, Skipped: 0, Time elapsed: 0.588 sec
Running com.github.javafaker.GenderTest
Tests run: 3, Failures: 0, Errors: 0, Skipped: 0, Time elapsed: 0.006 sec
Running com.github.javafaker.GameOfThronesTest
Tests run: 5, Failures: 0, Errors: 0, Skipped: 0, Time elapsed: 0.084 sec
Running com.github.javafaker.BuffyTest
Tests run: 5, Failures: 0, Errors: 0, Skipped: 0, Time elapsed: 0.023 sec
Running com.github.javafaker.AnimalTest
Tests run: 1, Failures: 0, Errors: 0, Skipped: 0, Time elapsed: 0.007 sec
Running com.github.javafaker.InternetTest
Tests run: 32, Failures: 0, Errors: 0, Skipped: 0, Time elapsed: 1.506 sec
Running com.github.javafaker.OptionsTest
Tests run: 6, Failures: 0, Errors: 0, Skipped: 0, Time elapsed: 0.004 sec
Running com.github.javafaker.HarryPotterTest
Tests run: 6, Failures: 0, Errors: 0, Skipped: 0, Time elapsed: 0.012 sec
Running com.github.javafaker.DateAndTimeTest
Tests run: 9, Failures: 0, Errors: 0, Skipped: 0, Time elapsed: 0.336 sec
Running com.github.javafaker.SpaceTest
Tests run: 13, Failures: 0, Errors: 0, Skipped: 0, Time elapsed: 0.023 sec
Running com.github.javafaker.ElderScrollsTest
Tests run: 8, Failures: 0, Errors: 0, Skipped: 0, Time elapsed: 0.042 sec
Running com.github.javafaker.integration.UkLocalDirectivesTest
Tests run: 1, Failures: 0, Errors: 0, Skipped: 0, Time elapsed: 0.012 sec
Running com.github.javafaker.SipTest
Tests run: 19, Failures: 0, Errors: 0, Skipped: 0, Time elapsed: 0.07 sec
Running com.github.javafaker.StarCraftTest
Tests run: 4, Failures: 0, Errors: 0, Skipped: 0, Time elapsed: 0.005 sec
Running com.github.javafaker.AppTest
Tests run: 3, Failures: 0, Errors: 0, Skipped: 0, Time elapsed: 0.026 sec
Running com.github.javafaker.FakerTest
Tests run: 28, Failures: 0, Errors: 0, Skipped: 0, Time elapsed: 0.066 sec
Running com.github.javafaker.SlackEmojiTest
Tests run: 9, Failures: 0, Errors: 0, Skipped: 0, Time elapsed: 0.022 sec
Running com.github.javafaker.RandomFakerTest
Tests run: 4, Failures: 0, Errors: 0, Skipped: 0, Time elapsed: 0.023 sec
Running com.github.javafaker.WeatherTest
Tests run: 5, Failures: 0, Errors: 0, Skipped: 0, Time elapsed: 0.009 sec
Running com.github.javafaker.PhoneNumberTest
Tests run: 7, Failures: 0, Errors: 0, Skipped: 0, Time elapsed: 0.531 sec
Running com.github.javafaker.BackToTheFutureTest
Tests run: 3, Failures: 0, Errors: 0, Skipped: 0, Time elapsed: 0.005 sec
Running com.github.javafaker.LeagueOfLegendsTest
Tests run: 6, Failures: 0, Errors: 0, Skipped: 0, Time elapsed: 0.026 sec
Running com.github.javafaker.AvatarTest
Tests run: 1, Failures: 0, Errors: 0, Skipped: 0, Time elapsed: 0.003 sec
Running com.github.javafaker.BojackHorsemanTest
Tests run: 6, Failures: 0, Errors: 0, Skipped: 0, Time elapsed: 0.068 sec
Running com.github.javafaker.StarTrekTest
Tests run: 5, Failures: 0, Errors: 0, Skipped: 0, Time elapsed: 0.005 sec
Running com.github.javafaker.BasketballTest
Tests run: 8, Failures: 0, Errors: 0, Skipped: 0, Time elapsed: 0.08 sec
Running com.github.javafaker.MatzTest
Tests run: 1, Failures: 0, Errors: 0, Skipped: 0, Time elapsed: 0.001 sec
Running com.github.javafaker.matchers.IsStringWithContentsTest
Tests run: 4, Failures: 0, Errors: 0, Skipped: 0, Time elapsed: 0.002 sec
Running com.github.javafaker.matchers.IsANumberTest
Tests run: 4, Failures: 0, Errors: 0, Skipped: 0, Time elapsed: 0 sec
Running com.github.javafaker.LoremTest
Tests run: 16, Failures: 0, Errors: 0, Skipped: 0, Time elapsed: 0.033 sec
Running com.github.javafaker.CatTest
Tests run: 3, Failures: 0, Errors: 0, Skipped: 0, Time elapsed: 0.006 sec
Running com.github.javafaker.EsportsTest
Tests run: 5, Failures: 0, Errors: 0, Skipped: 0, Time elapsed: 0.004 sec
Running com.github.javafaker.BarcodeTest
Tests run: 3, Failures: 0, Errors: 0, Skipped: 0, Time elapsed: 0.002 sec
Running com.github.javafaker.DragonBallTest
Tests run: 1, Failures: 0, Errors: 0, Skipped: 0, Time elapsed: 0.001 sec
Running com.github.javafaker.ZeldaTest
Tests run: 2, Failures: 0, Errors: 0, Skipped: 0, Time elapsed: 0.008 sec
Running com.github.javafaker.YodaTest
Tests run: 1, Failures: 0, Errors: 0, Skipped: 0, Time elapsed: 0 sec
Running com.github.javafaker.RickAndMortyTest
Tests run: 3, Failures: 0, Errors: 0, Skipped: 0, Time elapsed: 0.003 sec
Running com.github.javafaker.FunnyNameTest
Tests run: 1, Failures: 0, Errors: 0, Skipped: 0, Time elapsed: 0.002 sec
Running com.github.javafaker.CodeTest
Tests run: 11, Failures: 0, Errors: 0, Skipped: 0, Time elapsed: 1.291 sec
Running com.github.javafaker.AddressTest
Tests run: 17, Failures: 0, Errors: 0, Skipped: 0, Time elapsed: 1.026 sec
Running com.github.javafaker.RobinTest
Tests run: 1, Failures: 0, Errors: 0, Skipped: 0, Time elapsed: 0.003 sec
Running com.github.javafaker.NumberTest
[main] INFO com.github.javafaker.NumberTest - Range -25 to 25 is 1.0 percent unique.
[main] INFO com.github.javafaker.NumberTest - Range -50 to 50 is 0.84 percent unique.
[main] INFO com.github.javafaker.NumberTest - Range -75 to 75 is 0.7837837837837838 percent unique.
[main] INFO com.github.javafaker.NumberTest - Range -100 to 100 is 0.86 percent unique.
[main] INFO com.github.javafaker.NumberTest - Range -125 to 125 is 0.8870967741935484 percent unique.
[main] INFO com.github.javafaker.NumberTest - Range -150 to 150 is 0.92 percent unique.
[main] INFO com.github.javafaker.NumberTest - Range -175 to 175 is 0.8390804597701149 percent unique.
[main] INFO com.github.javafaker.NumberTest - Range -200 to 200 is 0.89 percent unique.
[main] INFO com.github.javafaker.NumberTest - Range -225 to 225 is 0.8660714285714286 percent unique.
[main] INFO com.github.javafaker.NumberTest - Range -250 to 250 is 0.904 percent unique.
[main] INFO com.github.javafaker.NumberTest - Range -275 to 275 is 0.8686131386861314 percent unique.
[main] INFO com.github.javafaker.NumberTest - Range -300 to 300 is 0.9 percent unique.
[main] INFO com.github.javafaker.NumberTest - Range -325 to 325 is 0.8827160493827161 percent unique.
[main] INFO com.github.javafaker.NumberTest - Range -350 to 350 is 0.9028571428571428 percent unique.
[main] INFO com.github.javafaker.NumberTest - Range -375 to 375 is 0.9037433155080213 percent unique.
[main] INFO com.github.javafaker.NumberTest - Range -400 to 400 is 0.915 percent unique.
[main] INFO com.github.javafaker.NumberTest - Range -425 to 425 is 0.8490566037735849 percent unique.
[main] INFO com.github.javafaker.NumberTest - Range -450 to 450 is 0.8488888888888889 percent unique.
[main] INFO com.github.javafaker.NumberTest - Range -475 to 475 is 0.8734177215189873 percent unique.
[main] INFO com.github.javafaker.NumberTest - Range -500 to 500 is 0.876 percent unique.
[main] INFO com.github.javafaker.NumberTest - Range -525 to 525 is 0.9122137404580153 percent unique.
[main] INFO com.github.javafaker.NumberTest - Range -550 to 550 is 0.8836363636363637 percent unique.
[main] INFO com.github.javafaker.NumberTest - Range -575 to 575 is 0.89198606271777 percent unique.
[main] INFO com.github.javafaker.NumberTest - Range -600 to 600 is 0.8833333333333333 percent unique.
[main] INFO com.github.javafaker.NumberTest - Range -625 to 625 is 0.8653846153846154 percent unique.
[main] INFO com.github.javafaker.NumberTest - Range -650 to 650 is 0.8830769230769231 percent unique.
[main] INFO com.github.javafaker.NumberTest - Range -675 to 675 is 0.8961424332344213 percent unique.
[main] INFO com.github.javafaker.NumberTest - Range -700 to 700 is 0.8885714285714286 percent unique.
[main] INFO com.github.javafaker.NumberTest - Range -725 to 725 is 0.8950276243093923 percent unique.
[main] INFO com.github.javafaker.NumberTest - Range -750 to 750 is 0.88 percent unique.
[main] INFO com.github.javafaker.NumberTest - Range -775 to 775 is 0.8682170542635659 percent unique.
[main] INFO com.github.javafaker.NumberTest - Range -800 to 800 is 0.885 percent unique.
[main] INFO com.github.javafaker.NumberTest - Range -825 to 825 is 0.8737864077669902 percent unique.
[main] INFO com.github.javafaker.NumberTest - Range -850 to 850 is 0.8470588235294118 percent unique.
[main] INFO com.github.javafaker.NumberTest - Range -875 to 875 is 0.897025171624714 percent unique.
[main] INFO com.github.javafaker.NumberTest - Range -900 to 900 is 0.8844444444444445 percent unique.
[main] INFO com.github.javafaker.NumberTest - Range -925 to 925 is 0.8831168831168831 percent unique.
[main] INFO com.github.javafaker.NumberTest - Range -950 to 950 is 0.888421052631579 percent unique.
[main] INFO com.github.javafaker.NumberTest - Range -975 to 975 is 0.8850102669404517 percent unique.
[main] INFO com.github.javafaker.NumberTest - Range -25 to 25 is 0.9166666666666666 percent unique.
[main] INFO com.github.javafaker.NumberTest - Range -50 to 50 is 0.88 percent unique.
[main] INFO com.github.javafaker.NumberTest - Range -75 to 75 is 0.8918918918918919 percent unique.
[main] INFO com.github.javafaker.NumberTest - Range -100 to 100 is 0.84 percent unique.
[main] INFO com.github.javafaker.NumberTest - Range -125 to 125 is 0.8387096774193549 percent unique.
[main] INFO com.github.javafaker.NumberTest - Range -150 to 150 is 0.9333333333333333 percent unique.
[main] INFO com.github.javafaker.NumberTest - Range -175 to 175 is 0.8275862068965517 percent unique.
[main] INFO com.github.javafaker.NumberTest - Range -200 to 200 is 0.87 percent unique.
[main] INFO com.github.javafaker.NumberTest - Range -225 to 225 is 0.8928571428571429 percent unique.
[main] INFO com.github.javafaker.NumberTest - Range -250 to 250 is 0.832 percent unique.
[main] INFO com.github.javafaker.NumberTest - Range -275 to 275 is 0.9124087591240876 percent unique.
[main] INFO com.github.javafaker.NumberTest - Range -300 to 300 is 0.8933333333333333 percent unique.
[main] INFO com.github.javafaker.NumberTest - Range -325 to 325 is 0.8703703703703703 percent unique.
[main] INFO com.github.javafaker.NumberTest - Range -350 to 350 is 0.9142857142857143 percent unique.
[main] INFO com.github.javafaker.NumberTest - Range -375 to 375 is 0.93048128342246 percent unique.
[main] INFO com.github.javafaker.NumberTest - Range -400 to 400 is 0.85 percent unique.
[main] INFO com.github.javafaker.NumberTest - Range -425 to 425 is 0.9150943396226415 percent unique.
[main] INFO com.github.javafaker.NumberTest - Range -450 to 450 is 0.8888888888888888 percent unique.
[main] INFO com.github.javafaker.NumberTest - Range -475 to 475 is 0.8734177215189873 percent unique.
[main] INFO com.github.javafaker.NumberTest - Range -500 to 500 is 0.872 percent unique.
[main] INFO com.github.javafaker.NumberTest - Range -525 to 525 is 0.8969465648854962 percent unique.
[main] INFO com.github.javafaker.NumberTest - Range -550 to 550 is 0.9236363636363636 percent unique.
[main] INFO com.github.javafaker.NumberTest - Range -575 to 575 is 0.8745644599303136 percent unique.
[main] INFO com.github.javafaker.NumberTest - Range -600 to 600 is 0.8733333333333333 percent unique.
[main] INFO com.github.javafaker.NumberTest - Range -625 to 625 is 0.875 percent unique.
[main] INFO com.github.javafaker.NumberTest - Range -650 to 650 is 0.8738461538461538 percent unique.
[main] INFO com.github.javafaker.NumberTest - Range -675 to 675 is 0.8813056379821959 percent unique.
[main] INFO com.github.javafaker.NumberTest - Range -700 to 700 is 0.8685714285714285 percent unique.
[main] INFO com.github.javafaker.NumberTest - Range -725 to 725 is 0.8701657458563536 percent unique.
[main] INFO com.github.javafaker.NumberTest - Range -750 to 750 is 0.8986666666666666 percent unique.
[main] INFO com.github.javafaker.NumberTest - Range -775 to 775 is 0.9018087855297158 percent unique.
[main] INFO com.github.javafaker.NumberTest - Range -800 to 800 is 0.9 percent unique.
[main] INFO com.github.javafaker.NumberTest - Range -825 to 825 is 0.8810679611650486 percent unique.
[main] INFO com.github.javafaker.NumberTest - Range -850 to 850 is 0.8964705882352941 percent unique.
[main] INFO com.github.javafaker.NumberTest - Range -875 to 875 is 0.8901601830663616 percent unique.
[main] INFO com.github.javafaker.NumberTest - Range -900 to 900 is 0.88 percent unique.
[main] INFO com.github.javafaker.NumberTest - Range -925 to 925 is 0.9177489177489178 percent unique.
[main] INFO com.github.javafaker.NumberTest - Range -950 to 950 is 0.8547368421052631 percent unique.
[main] INFO com.github.javafaker.NumberTest - Range -975 to 975 is 0.8952772073921971 percent unique.
[main] INFO com.github.javafaker.NumberTest - Range -25 to 25 is 0.8333333333333334 percent unique.
[main] INFO com.github.javafaker.NumberTest - Range -50 to 50 is 0.84 percent unique.
[main] INFO com.github.javafaker.NumberTest - Range -75 to 75 is 0.918918918918919 percent unique.
[main] INFO com.github.javafaker.NumberTest - Range -100 to 100 is 0.84 percent unique.
[main] INFO com.github.javafaker.NumberTest - Range -125 to 125 is 0.8870967741935484 percent unique.
[main] INFO com.github.javafaker.NumberTest - Range -150 to 150 is 0.7733333333333333 percent unique.
[main] INFO com.github.javafaker.NumberTest - Range -175 to 175 is 0.896551724137931 percent unique.
[main] INFO com.github.javafaker.NumberTest - Range -200 to 200 is 0.89 percent unique.
[main] INFO com.github.javafaker.NumberTest - Range -225 to 225 is 0.8392857142857143 percent unique.
[main] INFO com.github.javafaker.NumberTest - Range -250 to 250 is 0.856 percent unique.
[main] INFO com.github.javafaker.NumberTest - Range -275 to 275 is 0.9051094890510949 percent unique.
[main] INFO com.github.javafaker.NumberTest - Range -300 to 300 is 0.8933333333333333 percent unique.
[main] INFO com.github.javafaker.NumberTest - Range -325 to 325 is 0.8703703703703703 percent unique.
[main] INFO com.github.javafaker.NumberTest - Range -350 to 350 is 0.8571428571428571 percent unique.
[main] INFO com.github.javafaker.NumberTest - Range -375 to 375 is 0.8823529411764706 percent unique.
[main] INFO com.github.javafaker.NumberTest - Range -400 to 400 is 0.885 percent unique.
[main] INFO com.github.javafaker.NumberTest - Range -425 to 425 is 0.839622641509434 percent unique.
[main] INFO com.github.javafaker.NumberTest - Range -450 to 450 is 0.8977777777777778 percent unique.
[main] INFO com.github.javafaker.NumberTest - Range -475 to 475 is 0.8818565400843882 percent unique.
[main] INFO com.github.javafaker.NumberTest - Range -500 to 500 is 0.896 percent unique.
[main] INFO com.github.javafaker.NumberTest - Range -525 to 525 is 0.8702290076335878 percent unique.
[main] INFO com.github.javafaker.NumberTest - Range -550 to 550 is 0.8945454545454545 percent unique.
[main] INFO com.github.javafaker.NumberTest - Range -575 to 575 is 0.9024390243902439 percent unique.
[main] INFO com.github.javafaker.NumberTest - Range -600 to 600 is 0.8533333333333334 percent unique.
[main] INFO com.github.javafaker.NumberTest - Range -625 to 625 is 0.8910256410256411 percent unique.
[main] INFO com.github.javafaker.NumberTest - Range -650 to 650 is 0.8769230769230769 percent unique.
[main] INFO com.github.javafaker.NumberTest - Range -675 to 675 is 0.8694362017804155 percent unique.
[main] INFO com.github.javafaker.NumberTest - Range -700 to 700 is 0.88 percent unique.
[main] INFO com.github.javafaker.NumberTest - Range -725 to 725 is 0.8756906077348067 percent unique.
[main] INFO com.github.javafaker.NumberTest - Range -750 to 750 is 0.896 percent unique.
[main] INFO com.github.javafaker.NumberTest - Range -775 to 775 is 0.8837209302325582 percent unique.
[main] INFO com.github.javafaker.NumberTest - Range -800 to 800 is 0.8975 percent unique.
[main] INFO com.github.javafaker.NumberTest - Range -825 to 825 is 0.8883495145631068 percent unique.
[main] INFO com.github.javafaker.NumberTest - Range -850 to 850 is 0.8988235294117647 percent unique.
[main] INFO com.github.javafaker.NumberTest - Range -875 to 875 is 0.88558352402746 percent unique.
[main] INFO com.github.javafaker.NumberTest - Range -900 to 900 is 0.8622222222222222 percent unique.
[main] INFO com.github.javafaker.NumberTest - Range -925 to 925 is 0.8982683982683982 percent unique.
[main] INFO com.github.javafaker.NumberTest - Range -950 to 950 is 0.871578947368421 percent unique.
[main] INFO com.github.javafaker.NumberTest - Range -975 to 975 is 0.8624229979466119 percent unique.
Tests run: 20, Failures: 0, Errors: 0, Skipped: 0, Time elapsed: 0.495 sec
Running com.github.javafaker.CountryTest
Tests run: 7, Failures: 0, Errors: 0, Skipped: 0, Time elapsed: 0.013 sec
Running com.github.javafaker.AquaTeenHungerForceTest
Tests run: 1, Failures: 0, Errors: 0, Skipped: 0, Time elapsed: 0 sec
Running com.github.javafaker.HackerTest
Tests run: 5, Failures: 0, Errors: 0, Skipped: 0, Time elapsed: 0.003 sec
Running com.github.javafaker.ChuckNorrisTest
Tests run: 1, Failures: 0, Errors: 0, Skipped: 0, Time elapsed: 0.001 sec
Running com.github.javafaker.FileTest
Tests run: 7, Failures: 0, Errors: 0, Skipped: 0, Time elapsed: 0.014 sec
Running com.github.javafaker.IdNumberTest
Tests run: 5, Failures: 0, Errors: 0, Skipped: 0, Time elapsed: 0.246 sec
Running com.github.javafaker.CryptoTest
Tests run: 4, Failures: 0, Errors: 0, Skipped: 0, Time elapsed: 0.007 sec
Running com.github.javafaker.DogTest
Tests run: 8, Failures: 0, Errors: 0, Skipped: 0, Time elapsed: 0.013 sec
Running com.github.javafaker.HowIMetYourMotherTest
Tests run: 4, Failures: 0, Errors: 0, Skipped: 0, Time elapsed: 0.003 sec
Running com.github.javafaker.HipsterTest
Tests run: 1, Failures: 0, Errors: 0, Skipped: 0, Time elapsed: 0.002 sec
Running com.github.javafaker.TeamTest
Tests run: 5, Failures: 0, Errors: 0, Skipped: 0, Time elapsed: 0.012 sec
Running com.github.javafaker.ColorTest
Tests run: 3, Failures: 0, Errors: 0, Skipped: 0, Time elapsed: 0.002 sec
Running com.github.javafaker.SuperheroTest
Tests run: 5, Failures: 0, Errors: 0, Skipped: 0, Time elapsed: 0.007 sec
Running com.github.javafaker.KaamelottTest
Tests run: 2, Failures: 0, Errors: 0, Skipped: 0, Time elapsed: 0.001 sec
Running com.github.javafaker.ProgrammingLanguageTest
Tests run: 2, Failures: 0, Errors: 0, Skipped: 0, Time elapsed: 0.003 sec
Running com.github.javafaker.MusicTest
Tests run: 4, Failures: 0, Errors: 0, Skipped: 0, Time elapsed: 0.003 sec
Running com.github.javafaker.CoinTest
Tests run: 1, Failures: 0, Errors: 0, Skipped: 0, Time elapsed: 0.013 sec
Running com.github.javafaker.DuneTest
Tests run: 7, Failures: 0, Errors: 0, Skipped: 0, Time elapsed: 0.482 sec
Running com.github.javafaker.OverwatchTest
Tests run: 3, Failures: 0, Errors: 0, Skipped: 0, Time elapsed: 0.02 sec
Running com.github.javafaker.CurrencyTest
Tests run: 2, Failures: 0, Errors: 0, Skipped: 0, Time elapsed: 0 sec
Running com.github.javafaker.RelationshipTest
Tests run: 11, Failures: 0, Errors: 0, Skipped: 0, Time elapsed: 0.015 sec
Running com.github.javafaker.LebowskiTest
Tests run: 3, Failures: 0, Errors: 0, Skipped: 0, Time elapsed: 0.003 sec
Running com.github.javafaker.StockTest
Tests run: 2, Failures: 0, Errors: 0, Skipped: 0, Time elapsed: 0.011 sec
Running com.github.javafaker.DiseaseTest
Tests run: 14, Failures: 0, Errors: 0, Skipped: 0, Time elapsed: 29.809 sec
Running com.github.javafaker.DemographicTest
Tests run: 5, Failures: 0, Errors: 0, Skipped: 0, Time elapsed: 0.004 sec
Running com.github.javafaker.EducatorTest
Tests run: 4, Failures: 0, Errors: 0, Skipped: 0, Time elapsed: 0.002 sec
Running com.github.javafaker.TwinPeaksTest
Tests run: 3, Failures: 0, Errors: 0, Skipped: 0, Time elapsed: 0.002 sec
Running com.github.javafaker.CommerceTest
Tests run: 8, Failures: 0, Errors: 0, Skipped: 0, Time elapsed: 0.012 sec
Running com.github.javafaker.PokemonTest
Tests run: 2, Failures: 0, Errors: 0, Skipped: 0, Time elapsed: 0.009 sec
Running com.github.javafaker.CompanyTest
Tests run: 9, Failures: 0, Errors: 0, Skipped: 0, Time elapsed: 0.034 sec
Running com.github.javafaker.NameTest
Tests run: 12, Failures: 0, Errors: 0, Skipped: 0, Time elapsed: 0.099 sec
Running com.github.javafaker.BusinessTest
Tests run: 3, Failures: 0, Errors: 0, Skipped: 0, Time elapsed: 0.001 sec
Running com.github.javafaker.FriendsTest
Tests run: 3, Failures: 0, Errors: 0, Skipped: 0, Time elapsed: 0.002 sec
Running com.github.javafaker.PrincessBrideTest
Tests run: 2, Failures: 0, Errors: 0, Skipped: 0, Time elapsed: 0.001 sec
Running com.github.javafaker.ArtistTest
Tests run: 1, Failures: 0, Errors: 0, Skipped: 0, Time elapsed: 0.003 sec
Running com.github.javafaker.FoodTest
Tests run: 7, Failures: 0, Errors: 0, Skipped: 0, Time elapsed: 0.012 sec
Running com.github.javafaker.ShakespeareTest
Tests run: 4, Failures: 0, Errors: 0, Skipped: 0, Time elapsed: 0 sec
Running com.github.javafaker.BookTest
Tests run: 4, Failures: 0, Errors: 0, Skipped: 0, Time elapsed: 0.012 sec
Running com.github.javafaker.AviationTest
Tests run: 3, Failures: 0, Errors: 0, Skipped: 0, Time elapsed: 0.002 sec
Running com.github.javafaker.HitchhikersGuideToTheGalaxyTest
Tests run: 6, Failures: 0, Errors: 0, Skipped: 0, Time elapsed: 0.006 sec
Running com.github.javafaker.NationTest
Tests run: 4, Failures: 0, Errors: 0, Skipped: 0, Time elapsed: 0.025 sec
Running com.github.javafaker.WitcherTest
Tests run: 6, Failures: 0, Errors: 0, Skipped: 0, Time elapsed: 0.026 sec
Running com.github.javafaker.JobTest
Tests run: 5, Failures: 0, Errors: 0, Skipped: 0, Time elapsed: 0.004 sec
Running com.github.javafaker.MedicalTest
Tests run: 4, Failures: 0, Errors: 0, Skipped: 0, Time elapsed: 0.015 sec
Running com.github.javafaker.BeerTest
Tests run: 5, Failures: 0, Errors: 0, Skipped: 0, Time elapsed: 0.003 sec
Running com.github.javafaker.RockBandTest
Tests run: 1, Failures: 0, Errors: 0, Skipped: 0, Time elapsed: 0 sec
Running com.github.javafaker.AncientTest
Tests run: 4, Failures: 0, Errors: 0, Skipped: 0, Time elapsed: 0.002 sec
Running com.github.javafaker.HobbitTest
Tests run: 4, Failures: 0, Errors: 0, Skipped: 0, Time elapsed: 0.002 sec
Running com.github.javafaker.BoolTest
Tests run: 1, Failures: 0, Errors: 0, Skipped: 0, Time elapsed: 0.001 sec
Running com.github.javafaker.LordOfTheRingsTest
Tests run: 2, Failures: 0, Errors: 0, Skipped: 0, Time elapsed: 0.002 sec
Running com.github.javafaker.idnumbers.SwedishIdNumberTest
Tests run: 2, Failures: 0, Errors: 0, Skipped: 0, Time elapsed: 0.001 sec
Running com.github.javafaker.service.FakeValuesServiceTest
Tests run: 26, Failures: 0, Errors: 0, Skipped: 0, Time elapsed: 0.12 sec
Running com.github.javafaker.service.FakeValuesGroupingTest
Tests run: 2, Failures: 0, Errors: 0, Skipped: 0, Time elapsed: 0.005 sec
Running com.github.javafaker.service.FakeValuesTest
Tests run: 7, Failures: 0, Errors: 0, Skipped: 0, Time elapsed: 0.025 sec
Running com.github.javafaker.service.RandomServiceTest
Tests run: 12, Failures: 0, Errors: 0, Skipped: 0, Time elapsed: 0.01 sec
Running com.github.javafaker.UniversityTest
Tests run: 3, Failures: 0, Errors: 0, Skipped: 0, Time elapsed: 0.005 sec

Results :

Tests run: 566, Failures: 0, Errors: 0, Skipped: 0

[INFO] ------------------------------------------------------------------------
[INFO] BUILD SUCCESS
[INFO] ------------------------------------------------------------------------
[INFO] Total time:  39.760 s
[INFO] Finished at: 2021-02-14T16:25:36Z
[INFO] ------------------------------------------------------------------------
