[INFO] Scanning for projects...
[INFO] 
[INFO] -------------------< com.github.javafaker:javafaker >-------------------
[INFO] Building Java Faker 1.0.3-SNAPSHOT
[INFO] --------------------------------[ jar ]---------------------------------
[INFO] 
[INFO] --- maven-enforcer-plugin:1.0:enforce (enforce-maven) @ javafaker ---
[INFO] 
[INFO] --- maven-resources-plugin:2.6:resources (default-resources) @ javafaker ---
[INFO] Using 'UTF-8' encoding to copy filtered resources.
[INFO] Copying 221 resources
[INFO] 
[INFO] --- maven-compiler-plugin:3.7.0:compile (default-compile) @ javafaker ---
[INFO] Nothing to compile - all classes are up to date
[INFO] 
[INFO] --- maven-resources-plugin:2.6:testResources (default-testResources) @ javafaker ---
[INFO] Using 'UTF-8' encoding to copy filtered resources.
[INFO] Copying 1 resource
[INFO] 
[INFO] --- maven-compiler-plugin:3.7.0:testCompile (default-testCompile) @ javafaker ---
[INFO] Nothing to compile - all classes are up to date
[INFO] 
[INFO] --- maven-surefire-plugin:2.12.4:test (default-test) @ javafaker ---
[INFO] Surefire report directory: /workdir/java-faker/target/surefire-reports

-------------------------------------------------------
 T E S T S
-------------------------------------------------------
Running com.github.javafaker.FinanceTest
Tests run: 5, Failures: 0, Errors: 0, Skipped: 0, Time elapsed: 0.607 sec
Running com.github.javafaker.GenderTest
Tests run: 3, Failures: 0, Errors: 0, Skipped: 0, Time elapsed: 0.001 sec
Running com.github.javafaker.GameOfThronesTest
Tests run: 5, Failures: 0, Errors: 0, Skipped: 0, Time elapsed: 0.088 sec
Running com.github.javafaker.BuffyTest
Tests run: 5, Failures: 0, Errors: 0, Skipped: 0, Time elapsed: 0.014 sec
Running com.github.javafaker.AnimalTest
Tests run: 1, Failures: 0, Errors: 0, Skipped: 0, Time elapsed: 0.005 sec
Running com.github.javafaker.InternetTest
Tests run: 32, Failures: 0, Errors: 0, Skipped: 0, Time elapsed: 1.529 sec
Running com.github.javafaker.OptionsTest
Tests run: 6, Failures: 0, Errors: 0, Skipped: 0, Time elapsed: 0.005 sec
Running com.github.javafaker.HarryPotterTest
Tests run: 6, Failures: 0, Errors: 0, Skipped: 0, Time elapsed: 0.007 sec
Running com.github.javafaker.DateAndTimeTest
Tests run: 9, Failures: 0, Errors: 0, Skipped: 0, Time elapsed: 0.361 sec
Running com.github.javafaker.SpaceTest
Tests run: 13, Failures: 0, Errors: 0, Skipped: 0, Time elapsed: 0.023 sec
Running com.github.javafaker.ElderScrollsTest
Tests run: 8, Failures: 0, Errors: 0, Skipped: 0, Time elapsed: 0.048 sec
Running com.github.javafaker.integration.UkLocalDirectivesTest
Tests run: 1, Failures: 0, Errors: 0, Skipped: 0, Time elapsed: 0.013 sec
Running com.github.javafaker.SipTest
Tests run: 19, Failures: 0, Errors: 0, Skipped: 0, Time elapsed: 0.078 sec
Running com.github.javafaker.StarCraftTest
Tests run: 4, Failures: 0, Errors: 0, Skipped: 0, Time elapsed: 0.008 sec
Running com.github.javafaker.AppTest
Tests run: 3, Failures: 0, Errors: 0, Skipped: 0, Time elapsed: 0.036 sec
Running com.github.javafaker.FakerTest
Tests run: 28, Failures: 0, Errors: 0, Skipped: 0, Time elapsed: 0.065 sec
Running com.github.javafaker.SlackEmojiTest
Tests run: 9, Failures: 0, Errors: 0, Skipped: 0, Time elapsed: 0.037 sec
Running com.github.javafaker.RandomFakerTest
Tests run: 4, Failures: 0, Errors: 0, Skipped: 0, Time elapsed: 0.02 sec
Running com.github.javafaker.WeatherTest
Tests run: 5, Failures: 0, Errors: 0, Skipped: 0, Time elapsed: 0.011 sec
Running com.github.javafaker.PhoneNumberTest
Tests run: 7, Failures: 0, Errors: 0, Skipped: 0, Time elapsed: 0.506 sec
Running com.github.javafaker.BackToTheFutureTest
Tests run: 3, Failures: 0, Errors: 0, Skipped: 0, Time elapsed: 0.003 sec
Running com.github.javafaker.LeagueOfLegendsTest
Tests run: 6, Failures: 0, Errors: 0, Skipped: 0, Time elapsed: 0.028 sec
Running com.github.javafaker.AvatarTest
Tests run: 1, Failures: 0, Errors: 0, Skipped: 0, Time elapsed: 0.003 sec
Running com.github.javafaker.BojackHorsemanTest
Tests run: 6, Failures: 0, Errors: 0, Skipped: 0, Time elapsed: 0.061 sec
Running com.github.javafaker.StarTrekTest
Tests run: 5, Failures: 0, Errors: 0, Skipped: 0, Time elapsed: 0.005 sec
Running com.github.javafaker.BasketballTest
Tests run: 8, Failures: 0, Errors: 0, Skipped: 0, Time elapsed: 0.068 sec
Running com.github.javafaker.MatzTest
Tests run: 1, Failures: 0, Errors: 0, Skipped: 0, Time elapsed: 0 sec
Running com.github.javafaker.matchers.IsStringWithContentsTest
Tests run: 4, Failures: 0, Errors: 0, Skipped: 0, Time elapsed: 0 sec
Running com.github.javafaker.matchers.IsANumberTest
Tests run: 4, Failures: 0, Errors: 0, Skipped: 0, Time elapsed: 0 sec
Running com.github.javafaker.LoremTest
Tests run: 16, Failures: 0, Errors: 0, Skipped: 0, Time elapsed: 0.047 sec
Running com.github.javafaker.CatTest
Tests run: 3, Failures: 0, Errors: 0, Skipped: 0, Time elapsed: 0.008 sec
Running com.github.javafaker.EsportsTest
Tests run: 5, Failures: 0, Errors: 0, Skipped: 0, Time elapsed: 0.005 sec
Running com.github.javafaker.BarcodeTest
Tests run: 3, Failures: 0, Errors: 0, Skipped: 0, Time elapsed: 0.002 sec
Running com.github.javafaker.DragonBallTest
Tests run: 1, Failures: 0, Errors: 0, Skipped: 0, Time elapsed: 0.001 sec
Running com.github.javafaker.ZeldaTest
Tests run: 2, Failures: 0, Errors: 0, Skipped: 0, Time elapsed: 0.018 sec
Running com.github.javafaker.YodaTest
Tests run: 1, Failures: 0, Errors: 0, Skipped: 0, Time elapsed: 0 sec
Running com.github.javafaker.RickAndMortyTest
Tests run: 3, Failures: 0, Errors: 0, Skipped: 0, Time elapsed: 0.003 sec
Running com.github.javafaker.FunnyNameTest
Tests run: 1, Failures: 0, Errors: 0, Skipped: 0, Time elapsed: 0.001 sec
Running com.github.javafaker.CodeTest
Tests run: 11, Failures: 0, Errors: 0, Skipped: 0, Time elapsed: 1.31 sec
Running com.github.javafaker.AddressTest
Tests run: 17, Failures: 0, Errors: 0, Skipped: 0, Time elapsed: 0.979 sec
Running com.github.javafaker.RobinTest
Tests run: 1, Failures: 0, Errors: 0, Skipped: 0, Time elapsed: 0.001 sec
Running com.github.javafaker.NumberTest
[main] INFO com.github.javafaker.NumberTest - Range -25 to 25 is 0.8333333333333334 percent unique.
[main] INFO com.github.javafaker.NumberTest - Range -50 to 50 is 0.96 percent unique.
[main] INFO com.github.javafaker.NumberTest - Range -75 to 75 is 0.918918918918919 percent unique.
[main] INFO com.github.javafaker.NumberTest - Range -100 to 100 is 0.9 percent unique.
[main] INFO com.github.javafaker.NumberTest - Range -125 to 125 is 0.8870967741935484 percent unique.
[main] INFO com.github.javafaker.NumberTest - Range -150 to 150 is 0.9466666666666667 percent unique.
[main] INFO com.github.javafaker.NumberTest - Range -175 to 175 is 0.7931034482758621 percent unique.
[main] INFO com.github.javafaker.NumberTest - Range -200 to 200 is 0.9 percent unique.
[main] INFO com.github.javafaker.NumberTest - Range -225 to 225 is 0.9107142857142857 percent unique.
[main] INFO com.github.javafaker.NumberTest - Range -250 to 250 is 0.904 percent unique.
[main] INFO com.github.javafaker.NumberTest - Range -275 to 275 is 0.8832116788321168 percent unique.
[main] INFO com.github.javafaker.NumberTest - Range -300 to 300 is 0.86 percent unique.
[main] INFO com.github.javafaker.NumberTest - Range -325 to 325 is 0.8580246913580247 percent unique.
[main] INFO com.github.javafaker.NumberTest - Range -350 to 350 is 0.8514285714285714 percent unique.
[main] INFO com.github.javafaker.NumberTest - Range -375 to 375 is 0.8983957219251337 percent unique.
[main] INFO com.github.javafaker.NumberTest - Range -400 to 400 is 0.855 percent unique.
[main] INFO com.github.javafaker.NumberTest - Range -425 to 425 is 0.8773584905660378 percent unique.
[main] INFO com.github.javafaker.NumberTest - Range -450 to 450 is 0.8577777777777778 percent unique.
[main] INFO com.github.javafaker.NumberTest - Range -475 to 475 is 0.8987341772151899 percent unique.
[main] INFO com.github.javafaker.NumberTest - Range -500 to 500 is 0.892 percent unique.
[main] INFO com.github.javafaker.NumberTest - Range -525 to 525 is 0.8664122137404581 percent unique.
[main] INFO com.github.javafaker.NumberTest - Range -550 to 550 is 0.8909090909090909 percent unique.
[main] INFO com.github.javafaker.NumberTest - Range -575 to 575 is 0.8780487804878049 percent unique.
[main] INFO com.github.javafaker.NumberTest - Range -600 to 600 is 0.8666666666666667 percent unique.
[main] INFO com.github.javafaker.NumberTest - Range -625 to 625 is 0.8942307692307693 percent unique.
[main] INFO com.github.javafaker.NumberTest - Range -650 to 650 is 0.8830769230769231 percent unique.
[main] INFO com.github.javafaker.NumberTest - Range -675 to 675 is 0.8813056379821959 percent unique.
[main] INFO com.github.javafaker.NumberTest - Range -700 to 700 is 0.8657142857142858 percent unique.
[main] INFO com.github.javafaker.NumberTest - Range -725 to 725 is 0.856353591160221 percent unique.
[main] INFO com.github.javafaker.NumberTest - Range -750 to 750 is 0.8906666666666667 percent unique.
[main] INFO com.github.javafaker.NumberTest - Range -775 to 775 is 0.8811369509043928 percent unique.
[main] INFO com.github.javafaker.NumberTest - Range -800 to 800 is 0.885 percent unique.
[main] INFO com.github.javafaker.NumberTest - Range -825 to 825 is 0.8567961165048543 percent unique.
[main] INFO com.github.javafaker.NumberTest - Range -850 to 850 is 0.88 percent unique.
[main] INFO com.github.javafaker.NumberTest - Range -875 to 875 is 0.88558352402746 percent unique.
[main] INFO com.github.javafaker.NumberTest - Range -900 to 900 is 0.8844444444444445 percent unique.
[main] INFO com.github.javafaker.NumberTest - Range -925 to 925 is 0.8658008658008658 percent unique.
[main] INFO com.github.javafaker.NumberTest - Range -950 to 950 is 0.871578947368421 percent unique.
[main] INFO com.github.javafaker.NumberTest - Range -975 to 975 is 0.8973305954825462 percent unique.
[main] INFO com.github.javafaker.NumberTest - Range -25 to 25 is 0.75 percent unique.
[main] INFO com.github.javafaker.NumberTest - Range -50 to 50 is 0.92 percent unique.
[main] INFO com.github.javafaker.NumberTest - Range -75 to 75 is 0.9459459459459459 percent unique.
[main] INFO com.github.javafaker.NumberTest - Range -100 to 100 is 0.88 percent unique.
[main] INFO com.github.javafaker.NumberTest - Range -125 to 125 is 0.8387096774193549 percent unique.
[main] INFO com.github.javafaker.NumberTest - Range -150 to 150 is 0.8666666666666667 percent unique.
[main] INFO com.github.javafaker.NumberTest - Range -175 to 175 is 0.8620689655172413 percent unique.
[main] INFO com.github.javafaker.NumberTest - Range -200 to 200 is 0.89 percent unique.
[main] INFO com.github.javafaker.NumberTest - Range -225 to 225 is 0.8392857142857143 percent unique.
[main] INFO com.github.javafaker.NumberTest - Range -250 to 250 is 0.88 percent unique.
[main] INFO com.github.javafaker.NumberTest - Range -275 to 275 is 0.927007299270073 percent unique.
[main] INFO com.github.javafaker.NumberTest - Range -300 to 300 is 0.88 percent unique.
[main] INFO com.github.javafaker.NumberTest - Range -325 to 325 is 0.8765432098765432 percent unique.
[main] INFO com.github.javafaker.NumberTest - Range -350 to 350 is 0.88 percent unique.
[main] INFO com.github.javafaker.NumberTest - Range -375 to 375 is 0.8609625668449198 percent unique.
[main] INFO com.github.javafaker.NumberTest - Range -400 to 400 is 0.865 percent unique.
[main] INFO com.github.javafaker.NumberTest - Range -425 to 425 is 0.9150943396226415 percent unique.
[main] INFO com.github.javafaker.NumberTest - Range -450 to 450 is 0.8666666666666667 percent unique.
[main] INFO com.github.javafaker.NumberTest - Range -475 to 475 is 0.8987341772151899 percent unique.
[main] INFO com.github.javafaker.NumberTest - Range -500 to 500 is 0.876 percent unique.
[main] INFO com.github.javafaker.NumberTest - Range -525 to 525 is 0.8893129770992366 percent unique.
[main] INFO com.github.javafaker.NumberTest - Range -550 to 550 is 0.88 percent unique.
[main] INFO com.github.javafaker.NumberTest - Range -575 to 575 is 0.8536585365853658 percent unique.
[main] INFO com.github.javafaker.NumberTest - Range -600 to 600 is 0.9 percent unique.
[main] INFO com.github.javafaker.NumberTest - Range -625 to 625 is 0.8589743589743589 percent unique.
[main] INFO com.github.javafaker.NumberTest - Range -650 to 650 is 0.8892307692307693 percent unique.
[main] INFO com.github.javafaker.NumberTest - Range -675 to 675 is 0.8902077151335311 percent unique.
[main] INFO com.github.javafaker.NumberTest - Range -700 to 700 is 0.8771428571428571 percent unique.
[main] INFO com.github.javafaker.NumberTest - Range -725 to 725 is 0.8729281767955801 percent unique.
[main] INFO com.github.javafaker.NumberTest - Range -750 to 750 is 0.8666666666666667 percent unique.
[main] INFO com.github.javafaker.NumberTest - Range -775 to 775 is 0.8785529715762274 percent unique.
[main] INFO com.github.javafaker.NumberTest - Range -800 to 800 is 0.9025 percent unique.
[main] INFO com.github.javafaker.NumberTest - Range -825 to 825 is 0.9223300970873787 percent unique.
[main] INFO com.github.javafaker.NumberTest - Range -850 to 850 is 0.8964705882352941 percent unique.
[main] INFO com.github.javafaker.NumberTest - Range -875 to 875 is 0.8741418764302059 percent unique.
[main] INFO com.github.javafaker.NumberTest - Range -900 to 900 is 0.8755555555555555 percent unique.
[main] INFO com.github.javafaker.NumberTest - Range -925 to 925 is 0.8787878787878788 percent unique.
[main] INFO com.github.javafaker.NumberTest - Range -950 to 950 is 0.888421052631579 percent unique.
[main] INFO com.github.javafaker.NumberTest - Range -975 to 975 is 0.8809034907597536 percent unique.
[main] INFO com.github.javafaker.NumberTest - Range -25 to 25 is 0.9166666666666666 percent unique.
[main] INFO com.github.javafaker.NumberTest - Range -50 to 50 is 0.92 percent unique.
[main] INFO com.github.javafaker.NumberTest - Range -75 to 75 is 0.8108108108108109 percent unique.
[main] INFO com.github.javafaker.NumberTest - Range -100 to 100 is 0.92 percent unique.
[main] INFO com.github.javafaker.NumberTest - Range -125 to 125 is 0.8870967741935484 percent unique.
[main] INFO com.github.javafaker.NumberTest - Range -150 to 150 is 0.8666666666666667 percent unique.
[main] INFO com.github.javafaker.NumberTest - Range -175 to 175 is 0.896551724137931 percent unique.
[main] INFO com.github.javafaker.NumberTest - Range -200 to 200 is 0.9 percent unique.
[main] INFO com.github.javafaker.NumberTest - Range -225 to 225 is 0.8928571428571429 percent unique.
[main] INFO com.github.javafaker.NumberTest - Range -250 to 250 is 0.888 percent unique.
[main] INFO com.github.javafaker.NumberTest - Range -275 to 275 is 0.8905109489051095 percent unique.
[main] INFO com.github.javafaker.NumberTest - Range -300 to 300 is 0.86 percent unique.
[main] INFO com.github.javafaker.NumberTest - Range -325 to 325 is 0.8827160493827161 percent unique.
[main] INFO com.github.javafaker.NumberTest - Range -350 to 350 is 0.8742857142857143 percent unique.
[main] INFO com.github.javafaker.NumberTest - Range -375 to 375 is 0.8609625668449198 percent unique.
[main] INFO com.github.javafaker.NumberTest - Range -400 to 400 is 0.875 percent unique.
[main] INFO com.github.javafaker.NumberTest - Range -425 to 425 is 0.8962264150943396 percent unique.
[main] INFO com.github.javafaker.NumberTest - Range -450 to 450 is 0.8977777777777778 percent unique.
[main] INFO com.github.javafaker.NumberTest - Range -475 to 475 is 0.9071729957805907 percent unique.
[main] INFO com.github.javafaker.NumberTest - Range -500 to 500 is 0.848 percent unique.
[main] INFO com.github.javafaker.NumberTest - Range -525 to 525 is 0.8740458015267175 percent unique.
[main] INFO com.github.javafaker.NumberTest - Range -550 to 550 is 0.8909090909090909 percent unique.
[main] INFO com.github.javafaker.NumberTest - Range -575 to 575 is 0.8850174216027874 percent unique.
[main] INFO com.github.javafaker.NumberTest - Range -600 to 600 is 0.9066666666666666 percent unique.
[main] INFO com.github.javafaker.NumberTest - Range -625 to 625 is 0.8910256410256411 percent unique.
[main] INFO com.github.javafaker.NumberTest - Range -650 to 650 is 0.8769230769230769 percent unique.
[main] INFO com.github.javafaker.NumberTest - Range -675 to 675 is 0.8991097922848664 percent unique.
[main] INFO com.github.javafaker.NumberTest - Range -700 to 700 is 0.8914285714285715 percent unique.
[main] INFO com.github.javafaker.NumberTest - Range -725 to 725 is 0.8674033149171271 percent unique.
[main] INFO com.github.javafaker.NumberTest - Range -750 to 750 is 0.896 percent unique.
[main] INFO com.github.javafaker.NumberTest - Range -775 to 775 is 0.8863049095607235 percent unique.
[main] INFO com.github.javafaker.NumberTest - Range -800 to 800 is 0.8675 percent unique.
[main] INFO com.github.javafaker.NumberTest - Range -825 to 825 is 0.883495145631068 percent unique.
[main] INFO com.github.javafaker.NumberTest - Range -850 to 850 is 0.9011764705882352 percent unique.
[main] INFO com.github.javafaker.NumberTest - Range -875 to 875 is 0.8787185354691075 percent unique.
[main] INFO com.github.javafaker.NumberTest - Range -900 to 900 is 0.8733333333333333 percent unique.
[main] INFO com.github.javafaker.NumberTest - Range -925 to 925 is 0.8722943722943723 percent unique.
[main] INFO com.github.javafaker.NumberTest - Range -950 to 950 is 0.8505263157894737 percent unique.
[main] INFO com.github.javafaker.NumberTest - Range -975 to 975 is 0.893223819301848 percent unique.
Tests run: 20, Failures: 0, Errors: 0, Skipped: 0, Time elapsed: 0.49 sec
Running com.github.javafaker.CountryTest
Tests run: 7, Failures: 0, Errors: 0, Skipped: 0, Time elapsed: 0.013 sec
Running com.github.javafaker.AquaTeenHungerForceTest
Tests run: 1, Failures: 0, Errors: 0, Skipped: 0, Time elapsed: 0 sec
Running com.github.javafaker.HackerTest
Tests run: 5, Failures: 0, Errors: 0, Skipped: 0, Time elapsed: 0.003 sec
Running com.github.javafaker.ChuckNorrisTest
Tests run: 1, Failures: 0, Errors: 0, Skipped: 0, Time elapsed: 0.001 sec
Running com.github.javafaker.FileTest
Tests run: 7, Failures: 0, Errors: 0, Skipped: 0, Time elapsed: 0.013 sec
Running com.github.javafaker.IdNumberTest
Tests run: 5, Failures: 0, Errors: 0, Skipped: 0, Time elapsed: 0.268 sec
Running com.github.javafaker.CryptoTest
Tests run: 4, Failures: 0, Errors: 0, Skipped: 0, Time elapsed: 0.007 sec
Running com.github.javafaker.DogTest
Tests run: 8, Failures: 0, Errors: 0, Skipped: 0, Time elapsed: 0.014 sec
Running com.github.javafaker.HowIMetYourMotherTest
Tests run: 4, Failures: 0, Errors: 0, Skipped: 0, Time elapsed: 0.002 sec
Running com.github.javafaker.HipsterTest
Tests run: 1, Failures: 0, Errors: 0, Skipped: 0, Time elapsed: 0.001 sec
Running com.github.javafaker.TeamTest
Tests run: 5, Failures: 0, Errors: 0, Skipped: 0, Time elapsed: 0.012 sec
Running com.github.javafaker.ColorTest
Tests run: 3, Failures: 0, Errors: 0, Skipped: 0, Time elapsed: 0.002 sec
Running com.github.javafaker.SuperheroTest
Tests run: 5, Failures: 0, Errors: 0, Skipped: 0, Time elapsed: 0.007 sec
Running com.github.javafaker.KaamelottTest
Tests run: 2, Failures: 0, Errors: 0, Skipped: 0, Time elapsed: 0.002 sec
Running com.github.javafaker.ProgrammingLanguageTest
Tests run: 2, Failures: 0, Errors: 0, Skipped: 0, Time elapsed: 0.003 sec
Running com.github.javafaker.MusicTest
Tests run: 4, Failures: 0, Errors: 0, Skipped: 0, Time elapsed: 0.003 sec
Running com.github.javafaker.CoinTest
Tests run: 1, Failures: 0, Errors: 0, Skipped: 0, Time elapsed: 0 sec
Running com.github.javafaker.DuneTest
Tests run: 7, Failures: 0, Errors: 0, Skipped: 0, Time elapsed: 0.539 sec
Running com.github.javafaker.OverwatchTest
Tests run: 3, Failures: 0, Errors: 0, Skipped: 0, Time elapsed: 0.012 sec
Running com.github.javafaker.CurrencyTest
Tests run: 2, Failures: 0, Errors: 0, Skipped: 0, Time elapsed: 0.002 sec
Running com.github.javafaker.RelationshipTest
Tests run: 11, Failures: 0, Errors: 0, Skipped: 0, Time elapsed: 0.016 sec
Running com.github.javafaker.LebowskiTest
Tests run: 3, Failures: 0, Errors: 0, Skipped: 0, Time elapsed: 0.003 sec
Running com.github.javafaker.StockTest
Tests run: 2, Failures: 0, Errors: 0, Skipped: 0, Time elapsed: 0.011 sec
Running com.github.javafaker.DiseaseTest
Tests run: 14, Failures: 0, Errors: 0, Skipped: 0, Time elapsed: 29.6 sec
Running com.github.javafaker.DemographicTest
Tests run: 5, Failures: 0, Errors: 0, Skipped: 0, Time elapsed: 0.003 sec
Running com.github.javafaker.EducatorTest
Tests run: 4, Failures: 0, Errors: 0, Skipped: 0, Time elapsed: 0.002 sec
Running com.github.javafaker.TwinPeaksTest
Tests run: 3, Failures: 0, Errors: 0, Skipped: 0, Time elapsed: 0.002 sec
Running com.github.javafaker.CommerceTest
Tests run: 8, Failures: 0, Errors: 0, Skipped: 0, Time elapsed: 0.007 sec
Running com.github.javafaker.PokemonTest
Tests run: 2, Failures: 0, Errors: 0, Skipped: 0, Time elapsed: 0.007 sec
Running com.github.javafaker.CompanyTest
Tests run: 9, Failures: 0, Errors: 0, Skipped: 0, Time elapsed: 0.035 sec
Running com.github.javafaker.NameTest
Tests run: 12, Failures: 0, Errors: 0, Skipped: 0, Time elapsed: 0.102 sec
Running com.github.javafaker.BusinessTest
Tests run: 3, Failures: 0, Errors: 0, Skipped: 0, Time elapsed: 0.003 sec
Running com.github.javafaker.FriendsTest
Tests run: 3, Failures: 0, Errors: 0, Skipped: 0, Time elapsed: 0.004 sec
Running com.github.javafaker.PrincessBrideTest
Tests run: 2, Failures: 0, Errors: 0, Skipped: 0, Time elapsed: 0.002 sec
Running com.github.javafaker.ArtistTest
Tests run: 1, Failures: 0, Errors: 0, Skipped: 0, Time elapsed: 0.001 sec
Running com.github.javafaker.FoodTest
Tests run: 7, Failures: 0, Errors: 0, Skipped: 0, Time elapsed: 0.012 sec
Running com.github.javafaker.ShakespeareTest
Tests run: 4, Failures: 0, Errors: 0, Skipped: 0, Time elapsed: 0.002 sec
Running com.github.javafaker.BookTest
Tests run: 4, Failures: 0, Errors: 0, Skipped: 0, Time elapsed: 0.012 sec
Running com.github.javafaker.AviationTest
Tests run: 3, Failures: 0, Errors: 0, Skipped: 0, Time elapsed: 0.004 sec
Running com.github.javafaker.HitchhikersGuideToTheGalaxyTest
Tests run: 6, Failures: 0, Errors: 0, Skipped: 0, Time elapsed: 0.007 sec
Running com.github.javafaker.NationTest
Tests run: 4, Failures: 0, Errors: 0, Skipped: 0, Time elapsed: 0.026 sec
Running com.github.javafaker.WitcherTest
Tests run: 6, Failures: 0, Errors: 0, Skipped: 0, Time elapsed: 0.023 sec
Running com.github.javafaker.JobTest
Tests run: 5, Failures: 0, Errors: 0, Skipped: 0, Time elapsed: 0.004 sec
Running com.github.javafaker.MedicalTest
Tests run: 4, Failures: 0, Errors: 0, Skipped: 0, Time elapsed: 0.014 sec
Running com.github.javafaker.BeerTest
Tests run: 5, Failures: 0, Errors: 0, Skipped: 0, Time elapsed: 0.005 sec
Running com.github.javafaker.RockBandTest
Tests run: 1, Failures: 0, Errors: 0, Skipped: 0, Time elapsed: 0.001 sec
Running com.github.javafaker.AncientTest
Tests run: 4, Failures: 0, Errors: 0, Skipped: 0, Time elapsed: 0.004 sec
Running com.github.javafaker.HobbitTest
Tests run: 4, Failures: 0, Errors: 0, Skipped: 0, Time elapsed: 0.004 sec
Running com.github.javafaker.BoolTest
Tests run: 1, Failures: 0, Errors: 0, Skipped: 0, Time elapsed: 0.002 sec
Running com.github.javafaker.LordOfTheRingsTest
Tests run: 2, Failures: 0, Errors: 0, Skipped: 0, Time elapsed: 0.003 sec
Running com.github.javafaker.idnumbers.SwedishIdNumberTest
Tests run: 2, Failures: 0, Errors: 0, Skipped: 0, Time elapsed: 0.001 sec
Running com.github.javafaker.service.FakeValuesServiceTest
Tests run: 26, Failures: 0, Errors: 0, Skipped: 0, Time elapsed: 0.13 sec
Running com.github.javafaker.service.FakeValuesGroupingTest
Tests run: 2, Failures: 0, Errors: 0, Skipped: 0, Time elapsed: 0.007 sec
Running com.github.javafaker.service.FakeValuesTest
Tests run: 7, Failures: 0, Errors: 0, Skipped: 0, Time elapsed: 0.017 sec
Running com.github.javafaker.service.RandomServiceTest
Tests run: 12, Failures: 0, Errors: 0, Skipped: 0, Time elapsed: 0.007 sec
Running com.github.javafaker.UniversityTest
Tests run: 3, Failures: 0, Errors: 0, Skipped: 0, Time elapsed: 0.008 sec

Results :

Tests run: 566, Failures: 0, Errors: 0, Skipped: 0

[INFO] ------------------------------------------------------------------------
[INFO] BUILD SUCCESS
[INFO] ------------------------------------------------------------------------
[INFO] Total time:  38.662 s
[INFO] Finished at: 2021-02-14T16:23:58Z
[INFO] ------------------------------------------------------------------------
