[INFO] Scanning for projects...
[INFO] 
[INFO] ----------------------< com.commafeed:commafeed >-----------------------
[INFO] Building CommaFeed 2.6.0-SNAPSHOT
[INFO] --------------------------------[ jar ]---------------------------------
[INFO] 
[INFO] --- git-commit-id-plugin:2.1.13:revision (default) @ commafeed ---
[INFO] 
[INFO] --- maven-resources-plugin:2.6:resources (default-resources) @ commafeed ---
[INFO] Using 'UTF-8' encoding to copy filtered resources.
[INFO] Copying 13 resources
[INFO] 
[INFO] --- maven-compiler-plugin:3.8.0:compile (default-compile) @ commafeed ---
[INFO] Changes detected - recompiling the module!
[INFO] Compiling 125 source files to /workdir/commafeed/target/classes
[INFO] 
[INFO] --- swagger-maven-plugin:3.1.7:generate (default) @ commafeed ---
[INFO] Reflections took 28 ms to scan 1 urls, producing 6 keys and 36 values 
[INFO] Reflections took 4 ms to scan 1 urls, producing 6 keys and 36 values 
[INFO] Reflections took 5 ms to scan 1 urls, producing 2 keys and 50 values 
[INFO] Reflections took 3 ms to scan 1 urls, producing 2 keys and 50 values 
[INFO] Reflections took 3 ms to scan 1 urls, producing 2 keys and 32 values 
[INFO] Reflections took 3 ms to scan 1 urls, producing 2 keys and 32 values 
[INFO] Reflections took 4 ms to scan 1 urls, producing 6 keys and 36 values 
[INFO] Reflections took 3 ms to scan 1 urls, producing 6 keys and 36 values 
[INFO] Reflections took 4 ms to scan 1 urls, producing 2 keys and 50 values 
[INFO] Reflections took 3 ms to scan 1 urls, producing 2 keys and 50 values 
[INFO] Reflections took 3 ms to scan 1 urls, producing 2 keys and 32 values 
[INFO] Reflections took 3 ms to scan 1 urls, producing 2 keys and 32 values 
[INFO] Reflections took 3 ms to scan 1 urls, producing 6 keys and 36 values 
[INFO] Reflections took 3 ms to scan 1 urls, producing 6 keys and 36 values 
[INFO] Reflections took 3 ms to scan 1 urls, producing 2 keys and 50 values 
[INFO] Reflections took 3 ms to scan 1 urls, producing 2 keys and 50 values 
[INFO] Reflections took 2 ms to scan 1 urls, producing 2 keys and 32 values 
[INFO] Reflections took 2 ms to scan 1 urls, producing 2 keys and 32 values 
[INFO] Reflections took 24 ms to scan 2 urls, producing 83 keys and 409 values 
[INFO] Reflections took 14 ms to scan 2 urls, producing 83 keys and 409 values 
[INFO] Reflections took 13 ms to scan 2 urls, producing 83 keys and 409 values 
[INFO] Reflections took 13 ms to scan 2 urls, producing 83 keys and 409 values 
[INFO] Reflections took 13 ms to scan 2 urls, producing 83 keys and 409 values 
[INFO] Reflections took 12 ms to scan 2 urls, producing 83 keys and 409 values 
[INFO] Reflections took 12 ms to scan 2 urls, producing 83 keys and 409 values 
[INFO] 
[INFO] --- frontend-maven-plugin:1.6:install-node-and-npm (install node and npm) @ commafeed ---
[INFO] Node v6.11.4 is already installed.
[INFO] NPM 3.10.6 is already installed.
[INFO] 
[INFO] --- frontend-maven-plugin:1.6:npm (npm install) @ commafeed ---
[INFO] Running 'npm install' in /workdir/commafeed
[INFO] 
[INFO] --- frontend-maven-plugin:1.6:bower (bower install) @ commafeed ---
[INFO] Running 'bower install' in /workdir/commafeed
[INFO] 
[INFO] --- frontend-maven-plugin:1.6:gulp (gulp build) @ commafeed ---
[INFO] Running 'gulp ' in /workdir/commafeed
[INFO] [18:43:03] Using gulpfile /workdir/commafeed/gulpfile.js
[INFO] [18:43:03] Starting 'images'...
[INFO] [18:43:03] Starting 'i18n'...
[INFO] [18:43:03] Starting 'resources'...
[INFO] [18:43:03] Starting 'sass'...
[INFO] [18:43:03] Starting 'fonts'...
[INFO] [18:43:03] Starting 'select2'...
[INFO] [18:43:03] Starting 'swagger-ui'...
[INFO] [18:43:03] Starting 'template-cache'...
[INFO] [18:43:03] Finished 'images' after 74 ms
[INFO] [18:43:03] Finished 'select2' after 78 ms
[INFO] [18:43:03] Finished 'sass' after 82 ms
[INFO] [18:43:03] Finished 'fonts' after 102 ms
[INFO] [18:43:03] Finished 'template-cache' after 109 ms
[INFO] [18:43:03] Finished 'resources' after 118 ms
[INFO] [18:43:03] Finished 'i18n' after 129 ms
[INFO] [18:43:03] Finished 'swagger-ui' after 125 ms
[INFO] [18:43:03] Starting 'build'...
[INFO] [18:43:16] Finished 'build' after 13 s
[INFO] [18:43:16] Starting 'default'...
[INFO] [18:43:16] Finished 'default' after 2.8 Î¼s
[INFO] 
[INFO] --- maven-resources-plugin:2.6:testResources (default-testResources) @ commafeed ---
[INFO] Using 'UTF-8' encoding to copy filtered resources.
[INFO] Copying 5 resources
[INFO] 
[INFO] --- maven-compiler-plugin:3.8.0:testCompile (default-testCompile) @ commafeed ---
[INFO] Nothing to compile - all classes are up to date
[INFO] 
[INFO] --- maven-surefire-plugin:2.12.4:test (default-test) @ commafeed ---
[INFO] Surefire report directory: /workdir/commafeed/target/surefire-reports

-------------------------------------------------------
 T E S T S
-------------------------------------------------------
Running com.commafeed.frontend.resource.UserRestTest
WARNING: An illegal reflective access operation has occurred
WARNING: Illegal reflective access by net.bytebuddy.dynamic.loading.ClassInjector$UsingReflection (file:/home/maven/.m2/repository/net/bytebuddy/byte-buddy/0.6.8/byte-buddy-0.6.8.jar) to method java.lang.ClassLoader.findLoadedClass(java.lang.String)
WARNING: Please consider reporting this to the maintainers of net.bytebuddy.dynamic.loading.ClassInjector$UsingReflection
WARNING: Use --illegal-access=warn to enable warnings of further illegal reflective access operations
WARNING: All illegal access operations will be denied in a future release
Tests run: 4, Failures: 0, Errors: 0, Skipped: 0, Time elapsed: 0.576 sec
Running com.commafeed.frontend.session.SessionHelperTest
Tests run: 4, Failures: 0, Errors: 0, Skipped: 0, Time elapsed: 0.105 sec
Running com.commafeed.frontend.auth.SecurityCheckFactoryTest
Tests run: 1, Failures: 0, Errors: 0, Skipped: 0, Time elapsed: 0.005 sec
Running com.commafeed.backend.opml.OPMLImporterTest
Tests run: 4, Failures: 0, Errors: 0, Skipped: 0, Time elapsed: 0.196 sec
Running com.commafeed.backend.opml.OPMLExporterTest
Tests run: 1, Failures: 0, Errors: 0, Skipped: 0, Time elapsed: 0.055 sec
Running com.commafeed.backend.feed.EstimateDirectionTest
Tests run: 1, Failures: 0, Errors: 0, Skipped: 0, Time elapsed: 0.001 sec
Running com.commafeed.backend.feed.FeedUtilsTest
Tests run: 6, Failures: 0, Errors: 0, Skipped: 0, Time elapsed: 0.039 sec
Running com.commafeed.backend.FixedSizeSortedSetTest
Tests run: 6, Failures: 0, Errors: 0, Skipped: 0, Time elapsed: 0.002 sec
Running com.commafeed.backend.service.PubSubServiceTest
Loading JavaScript to validate ECMA262 regular expression in JsonSchema because java.util.regex package in Java does not match ECMA262
Warning: Nashorn engine is planned to be removed from a future JDK release
ERROR 2021-02-14 18:43:49,858 [main] [PubSubService:94] Could not subscribe to http://localhost:22441/hub for foo : Unexpected response code: 400 Bad Request -  
Tests run: 3, Failures: 0, Errors: 0, Skipped: 0, Time elapsed: 91.759 sec
Running com.commafeed.backend.service.UserServiceTest
Tests run: 16, Failures: 0, Errors: 0, Skipped: 0, Time elapsed: 0.109 sec
Running com.commafeed.backend.service.FeedEntryFilteringServiceTest
Tests run: 10, Failures: 0, Errors: 0, Skipped: 0, Time elapsed: 0.605 sec

Results :

Tests run: 56, Failures: 0, Errors: 0, Skipped: 0

[INFO] ------------------------------------------------------------------------
[INFO] BUILD SUCCESS
[INFO] ------------------------------------------------------------------------
[INFO] Total time:  01:56 min
[INFO] Finished at: 2021-02-14T18:44:51Z
[INFO] ------------------------------------------------------------------------
