[INFO] Scanning for projects...
[WARNING] 
[WARNING] Some problems were encountered while building the effective model for com.jujutsu.tsne:tsne:jar:2.6.2
[WARNING] 'build.plugins.plugin.version' for org.apache.maven.plugins:maven-surefire-plugin is missing. @ line 56, column 12
[WARNING] 
[WARNING] Some problems were encountered while building the effective model for com.jujutsu.tsne:tsne-demos:jar:2.5.1
[WARNING] 'build.plugins.plugin.version' for org.apache.maven.plugins:maven-surefire-plugin is missing. @ line 90, column 12
[WARNING] 
[WARNING] It is highly recommended to fix these problems because they threaten the stability of your build.
[WARNING] 
[WARNING] For this reason, future Maven versions might no longer support building such malformed projects.
[WARNING] 
[INFO] ------------------------------------------------------------------------
[INFO] Reactor Build Order:
[INFO] 
[INFO] Java T-SNE                                                         [jar]
[INFO] Java T-SNE Demos                                                   [jar]
[INFO] Java T-SNE Package                                                 [pom]
[INFO] 
[INFO] -----------------------< com.jujutsu.tsne:tsne >------------------------
[INFO] Building Java T-SNE 2.6.2                                          [1/3]
[INFO] --------------------------------[ jar ]---------------------------------
[INFO] 
[INFO] --- buildnumber-maven-plugin:1.2:create (default) @ tsne ---
[INFO] Checking for local modifications: skipped.
[INFO] Updating project files from SCM: skipped.
[INFO] Executing: /bin/sh -c cd /workdir/T-SNE-Java/tsne-core && git rev-parse --verify HEAD
[INFO] Working directory: /workdir/T-SNE-Java/tsne-core
[INFO] Storing buildNumber: b684ac22dcc5d6014e8d16a9edfa4c50be9887eb at timestamp: 1613351805746
[INFO] Executing: /bin/sh -c cd /workdir/T-SNE-Java/tsne-core && git rev-parse --verify HEAD
[INFO] Working directory: /workdir/T-SNE-Java/tsne-core
[INFO] Storing buildScmBranch: UNKNOWN
[INFO] 
[INFO] --- maven-resources-plugin:2.6:resources (default-resources) @ tsne ---
[INFO] Using 'UTF-8' encoding to copy filtered resources.
[INFO] skip non existing resourceDirectory /workdir/T-SNE-Java/tsne-core/src/main/resources
[INFO] 
[INFO] --- maven-compiler-plugin:3.1:compile (default-compile) @ tsne ---
[INFO] Nothing to compile - all classes are up to date
[INFO] 
[INFO] --- maven-resources-plugin:2.6:testResources (default-testResources) @ tsne ---
[INFO] Using 'UTF-8' encoding to copy filtered resources.
[INFO] Copying 3 resources
[INFO] 
[INFO] --- maven-compiler-plugin:3.1:testCompile (default-testCompile) @ tsne ---
[INFO] Nothing to compile - all classes are up to date
[INFO] 
[INFO] --- maven-surefire-plugin:2.12.4:test (default-test) @ tsne ---
[INFO] Surefire report directory: /workdir/T-SNE-Java/tsne-core/target/surefire-reports

-------------------------------------------------------
 T E S T S
-------------------------------------------------------
OpenJDK 64-Bit Server VM warning: Ignoring option MaxPermSize; support was removed in 8.0
Running com.jujutsu.tsne.MatrixOpTest
Size is 2500 x 2350...
Iter 0...
Iter 100...
Iter 200...
    Tr time: 4121
Par Tr time: 3825
Dim:200 x 7
000: [2.6223, -1.2228, 0.2220, 1.6498, 0.0582, -2.5884, 0.3233]
001: [-0.8676, -1.2390, -1.0218, 0.2362, -0.2370, 1.2817, -0.3186]
002: [1.7601, -0.3717, -0.0462, -1.2861, 0.9227, -0.0245, 1.6050]
003: [0.6800, -0.5549, 1.1299, 0.0054, -0.0141, -0.5579, 1.6720]
004: [-0.8636, 1.2596, 1.1680, -1.9800, -0.4266, -0.2695, 0.2953]
005: [1.3601, 0.9474, -1.0360, -1.1272, -0.2490, 1.3756, 0.0259]
006: [-0.9627, -0.1319, -0.2807, -0.2199, 0.9001, 0.1491, -0.1512]
007: [0.4418, -0.1675, -1.0079, -0.1509, -1.6654, 0.2900, -0.3179]
008: [1.9916, 0.1995, -0.0214, -1.2547, -2.8067, -0.4079, -0.3812]
009: [-0.0802, -2.1129, -0.0520, 0.2816, 1.1532, 0.2534, 0.8966]
010: [-0.9260, -0.6572, 0.3156, -0.3561, 1.1006, -0.2621, 0.7525]
011: [0.6411, 0.0094, -0.8828, 1.7764, 1.4273, 0.5230, 0.3865]
012: [0.5065, -0.4966, -0.7364, -2.7957, -1.2497, 1.4992, 2.0051]
013: [-0.3838, 0.0416, -0.7240, -0.1959, 0.4564, -0.7994, -0.8670]
014: [-0.9000, -0.7120, -0.7482, 1.4307, -1.4866, -0.9695, 0.5850]
015: [1.6602, 1.9729, 0.6058, -0.7220, 0.5031, 0.5756, -0.4329]
016: [0.5385, 0.9559, 0.7969, -0.2577, -0.0864, -1.1999, -0.5810]
017: [1.2153, 0.1333, -0.4432, 0.6246, -0.8358, -0.4977, -0.5270]
018: [-0.5185, -0.1500, 0.8905, 0.2470, 0.1352, 0.1103, -0.7065]
019: [1.0063, -0.9300, -1.8395, -0.7365, -1.0383, -0.4992, 1.1957]
020: [-0.3797, 0.1544, 1.5010, 1.0737, -0.1688, -0.4888, -1.1052]
021: [0.4627, -0.3738, -0.0891, 1.2582, -0.1486, 0.4699, 1.3882]
022: [-0.2314, -0.2235, 0.2786, 0.5416, -3.0212, -0.0376, -1.2733]
023: [0.0368, -0.5147, 1.6768, 0.4575, 0.7786, -0.3943, 0.3045]
024: [0.0504, -1.0934, -0.0999, -0.6037, -2.0626, -1.5516, -0.5055]
025: [0.5067, -0.9363, -0.0443, 0.2740, -1.6091, -0.1137, -1.6692]
026: [0.4819, 0.6704, -0.1339, -0.1253, 1.0784, 0.3768, 0.1330]
027: [0.9463, 0.7309, -0.5840, -3.3402, 0.8427, -1.6004, 0.6644]
028: [-1.2295, -0.3388, 0.7865, 0.7518, -0.1136, 0.2467, 0.3825]
029: [-0.6755, -0.1148, -0.6512, -1.1293, -1.3561, -1.9946, -1.8676]
030: [0.3786, -1.3913, -0.1928, 0.5183, -0.1492, 2.1197, -0.3284]
031: [-1.9221, 1.3410, -1.4633, -1.0015, 0.8046, 0.3905, -0.5267]
032: [-0.9390, 0.3845, 1.2893, -0.3347, -0.9909, -0.5570, -1.9172]
033: [-0.3006, -1.9690, -1.2793, -1.0217, 0.1621, -0.1346, -1.1840]
034: [-0.4950, -0.6293, 0.0998, -0.5305, 0.9871, 1.1666, -0.3225]
035: [-0.9679, 0.0984, 2.0748, -0.6753, 0.6619, 0.3851, -1.2990]
036: [1.4234, 1.0180, -1.7268, 0.1301, -0.0797, 0.2490, 0.4179]
037: [-0.0686, -0.7306, 0.0826, -1.7205, -0.3727, -0.9233, 0.3644]
038: [1.5172, 1.3518, 1.4388, 0.6217, 0.1629, -0.6952, -0.1110]
039: [0.1849, 0.0164, 0.0906, -0.2203, 0.2625, -0.0214, -0.2570]
040: [-3.1995, 0.1754, -0.0746, -0.4622, -0.1286, -0.8936, 0.9553]
041: [2.0901, -0.8260, -0.9511, -0.2145, 1.5654, -0.7006, 0.2703]
042: [0.6181, -0.7118, 1.2918, -1.0992, -1.1703, -0.5433, 0.9651]
043: [-0.6613, -0.4392, -0.3545, -0.5559, -0.0350, -1.0090, 2.3612]
044: [0.2479, 0.4322, -0.6779, 0.7150, 0.6629, 0.2942, 0.7785]
045: [0.3257, -0.3414, -1.1397, 1.6820, 0.8744, 0.3207, 0.5117]
046: [-2.6682, -0.2672, 0.8015, 0.6700, -1.1211, 0.9450, -1.7785]
047: [0.4713, -0.7623, 0.3532, 0.3632, -0.9093, 0.6537, -0.3199]
048: [-1.1601, 0.3742, -1.2809, -0.1539, -0.6009, 0.3420, 0.6772]
049: [0.8585, -1.7616, -0.0385, -1.0454, -0.4128, 0.1153, 0.0251]
050: [-0.0494, -0.3813, 0.1225, -0.2272, 0.3275, 0.4963, -0.2635]
051: [-0.2478, -0.6887, -1.7998, -0.3063, 0.7941, -1.0919, 0.5769]
052: [0.3111, 0.2089, -1.7909, -0.4036, -0.1502, 0.2035, -0.6140]
053: [-0.0015, -0.8284, 1.4256, -0.2675, 0.1144, 1.0670, -1.5969]
054: [0.2935, -1.4351, 1.4500, -0.5340, 0.6148, 2.2918, -0.0289]
055: [-0.1511, 0.5921, 0.5784, -0.7427, 0.2336, 1.1140, -0.4616]
056: [1.7273, 0.6350, -0.7314, -0.2154, -0.1807, 0.6622, 1.5371]
057: [-1.7161, -0.4022, -1.4590, 0.7499, 0.3897, -1.8140, -1.6770]
058: [0.8445, 0.6548, 0.1861, -1.3544, -1.1540, 0.7989, 0.0260]
059: [0.1322, -0.3477, -0.8527, 0.8124, -0.0063, 0.7394, 1.2327]
060: [1.6216, -1.7480, 2.2442, -0.2397, 0.3877, -0.4626, -0.0028]
061: [-1.6030, -1.3866, 0.1150, -1.1483, 1.6521, 0.4604, -1.2151]
062: [-1.3089, 1.0368, -0.1948, 0.7677, 0.1059, 0.3814, 0.0126]
063: [0.5713, 0.1602, -1.7416, 0.5306, -0.8569, 1.5955, 1.3489]
064: [1.0603, 1.8901, -0.9865, 2.7402, -1.1746, -0.8771, -0.0681]
065: [-1.1642, -1.7962, 1.7528, 2.0649, 0.1167, -0.3679, -0.4827]
066: [1.1487, -1.3886, -0.1873, 1.3722, -0.8402, 0.6032, -0.2981]
067: [1.0344, -1.5339, 1.2705, -0.0570, 0.2245, 1.3871, 0.6858]
068: [0.3325, -0.7853, 0.0430, 0.9667, -0.6636, -0.1483, -0.6485]
069: [-1.2531, 0.5422, 0.3308, 1.2912, 2.6667, -1.2626, -2.0315]
070: [-0.4768, 0.8884, 1.9181, -0.9490, -0.1099, -0.4493, -0.0831]
071: [-0.3995, -0.8079, -1.1191, -0.5533, -0.4033, -1.2057, -1.6687]
072: [0.6917, 0.7534, 1.0203, -0.5002, 0.3197, 0.9247, 0.3818]
073: [0.5638, 1.2987, -0.4966, -0.9579, -1.5789, 0.6284, -0.1208]
074: [-1.4665, -0.0972, -1.3920, 0.8127, -0.2340, 1.2958, -0.1966]
075: [-0.7065, -0.4439, 0.7176, 1.8589, -0.5446, 0.7654, 0.8983]
076: [0.8537, 0.7125, -1.1148, 0.6278, -0.8027, 2.2598, -0.2316]
077: [-0.2898, 0.8834, 1.1231, 2.1095, 0.9091, 1.6847, -0.7012]
078: [-0.0061, 1.4673, 1.9749, -0.2026, 0.0932, 0.3783, 0.3194]
079: [1.8245, 0.0541, 0.5290, -1.0433, -0.7004, -0.0303, -1.5927]
080: [-0.8792, 0.8790, 0.2499, 0.2397, 1.1923, -0.3759, -1.8554]
081: [1.1018, 1.6138, -0.5138, 0.5718, -0.3659, -0.6632, -1.3104]
082: [-0.0746, 0.7711, 0.6536, 1.2985, -0.1565, 0.5173, -0.5480]
083: [0.5445, 0.1587, -0.4078, -1.6327, -0.0286, 0.1028, 0.5554]
084: [-0.1381, 0.8007, -0.6343, 0.5404, 0.8439, -0.2876, 0.4441]
085: [-1.1739, -1.0186, -0.7134, 1.5630, -0.0055, -0.0074, 1.3794]
086: [0.9049, 0.5779, -0.3804, -1.1619, -0.7526, 2.2783, 0.4804]
087: [-0.3748, -0.5505, 0.6093, 1.4463, 0.7494, -0.6529, 0.3954]
088: [-0.4204, -0.3239, 1.9928, -0.6483, 0.2431, 0.2013, 0.5119]
089: [-1.3088, -1.7275, 3.4151, -0.8315, -1.2978, -0.6796, -0.6978]
090: [-0.0323, -1.4459, 1.0880, 0.3464, -1.8827, 0.4155, -0.3189]
091: [-0.1342, -1.0536, 0.1303, -0.7323, 1.0201, -0.4585, 0.1737]
092: [0.5439, -0.6115, -1.0601, 1.3432, -0.0317, 0.5447, 1.7823]
093: [-0.1333, 0.5164, -1.1835, 0.0808, 1.7549, -0.2576, -0.6210]
094: [0.0942, -0.4887, 1.4365, -0.4973, 0.9721, 0.4268, -0.0509]
095: [-0.6944, -0.9390, 1.0161, 0.5417, -0.7539, -0.3212, 0.7939]
096: [0.1680, 1.8158, 0.8718, -1.9093, 0.6469, -0.5105, 0.0411]
097: [0.1480, -0.6158, -0.2157, -0.8445, 0.5276, 1.1320, 0.1598]
098: [1.1066, -1.4645, 0.7148, 0.6064, -0.2544, -0.9888, 0.7510]
099: [-0.5022, -1.2315, 1.3497, -0.0713, -1.3850, -0.4335, -1.9072]
100: [-0.2815, -0.2813, -0.8783, 0.9312, -0.1968, 1.0591, 0.0552]
101: [-0.5564, -1.2725, -2.3951, 1.4407, -0.1794, 1.5137, 0.3501]
102: [0.9698, 2.9568, -0.7378, 0.0508, -1.4342, 2.1319, 1.5871]
103: [-0.9636, 1.1570, 1.2192, -0.6445, -0.1635, -1.3574, 0.7683]
104: [1.2993, -0.7266, 0.1396, -0.2699, 0.1600, -0.2154, 1.0888]
105: [-2.0161, -0.7184, -0.7347, -0.1813, 1.4687, -0.0047, -0.0696]
106: [-0.0113, 1.2698, 1.0517, 0.0283, 1.0011, 0.6799, -0.6265]
107: [1.0634, -1.5018, -0.5670, -1.0472, -0.3705, 0.1859, 1.6863]
108: [0.2223, 0.0866, 1.1276, -0.9746, 1.5225, 0.9146, 0.1156]
109: [2.6751, -0.4727, -0.3446, -1.1049, -0.0934, -0.1065, 0.0712]
110: [0.0622, -0.9617, -1.9706, 0.4550, 1.0040, -0.2962, 0.1731]
111: [0.4380, 0.9019, 0.2678, -1.7021, 0.3268, -0.5742, 1.1522]
112: [-1.3575, -1.5700, -0.9653, -1.1318, -0.0081, -0.2409, -0.4648]
113: [-0.8906, 1.4085, 1.2770, 1.2848, 0.1346, 0.9885, 0.0532]
114: [1.3952, 0.6308, 0.7643, -0.5953, -0.5441, 0.4444, -0.7594]
115: [-1.0627, -0.7602, 2.0752, -1.6681, 0.0848, -0.1864, -0.5885]
116: [-2.2127, -0.9162, 0.7357, -0.1359, -0.0527, -0.1419, -0.0901]
117: [-0.7548, 0.0758, -0.4358, -1.4939, 1.3356, -0.1452, -2.1870]
118: [-1.5495, 0.1628, 0.0042, 1.7069, -0.2571, 0.5348, 0.7923]
119: [0.2603, -0.7974, 0.8746, 0.8809, 0.5527, 1.0370, -1.3588]
120: [1.1066, 0.4677, -1.9908, -0.1958, 0.6951, -0.4465, -0.0405]
121: [0.8825, 0.4659, 1.2627, -0.0945, -0.3613, 0.1452, 0.1577]
122: [0.6088, -0.9635, -0.8317, -0.1214, -0.3950, -0.1145, 0.9414]
123: [2.5748, -1.0032, -0.3156, -0.4086, -1.6169, 0.0653, 1.3402]
124: [-0.2290, -0.0011, 0.4466, -0.4258, 0.9625, -1.8516, 0.4507]
125: [-0.0040, -1.3834, -0.4019, 0.2683, -1.3152, 1.8905, -0.8881]
126: [1.2116, -0.4785, 1.3530, -2.7231, 0.1821, -1.2696, -1.4110]
127: [1.3080, 0.3872, 0.3332, -1.3252, 0.6952, -0.1557, -0.5873]
128: [-1.3259, -0.2405, -0.0752, -0.4639, -0.7875, 0.5426, -0.2175]
129: [1.4525, -0.6912, 0.9305, 0.0158, -0.9399, 1.7949, -1.0420]
130: [1.3106, -0.3025, -0.0726, -1.1679, -1.8812, -1.6692, -0.3331]
131: [0.1363, 2.2094, -0.2199, 0.6917, 0.9130, -0.1304, 2.0049]
132: [0.8864, 0.1754, 0.3671, 0.0309, -0.2789, -1.5066, 1.2888]
133: [0.4692, -0.1730, 0.0864, 1.6195, 0.2472, 0.6618, 0.7815]
134: [1.5690, -0.4445, 0.6178, -0.6212, -0.5267, 1.4090, -0.3846]
135: [0.1210, 0.8131, -2.5579, -0.8648, 0.8833, -0.8809, -0.9136]
136: [2.5236, 0.2688, 0.3947, -0.4121, -0.9460, 1.7401, -1.6701]
137: [-1.4931, 0.3904, -0.7425, -0.7912, -0.2139, -0.5155, 0.6514]
138: [0.2139, -0.8340, -1.5155, -0.1173, -1.0907, 0.3866, 2.3422]
139: [0.0083, -0.8333, 0.1602, -0.5960, -0.7301, 0.1596, -1.7505]
140: [0.5125, -0.4042, -0.8367, -0.0669, -0.4038, 0.9983, 0.3812]
141: [-2.1246, -0.2850, -0.0770, -0.5903, -0.6853, -0.8045, -1.0940]
142: [-0.6180, -0.6037, -0.4772, -1.1819, 0.2751, 2.1323, 0.2082]
143: [0.2423, 1.2870, 0.1508, -0.9365, 0.7837, 0.7725, -0.1264]
144: [-0.5360, -1.4171, 2.6157, 0.3290, 1.3209, -1.4088, -0.5072]
145: [-1.9582, -0.2151, -0.3081, 1.4887, -0.8554, 0.2550, -0.0450]
146: [0.5042, -0.2266, 0.0692, -0.9782, 0.8802, -0.6917, 0.8734]
147: [0.3497, -0.4488, 0.3200, 1.0309, 0.5378, -0.5864, -0.4959]
148: [0.6464, 0.4738, 0.0890, 0.2575, 0.6601, 1.8539, -1.3515]
149: [1.4081, -1.6425, 0.8588, -0.0347, -0.0840, -1.0770, 0.7467]
150: [3.1329, 0.5840, 0.4448, -0.6667, 0.3482, 0.7018, -1.2771]
151: [-0.7913, 0.7469, -0.2546, 0.7272, -1.9572, -0.2323, -0.5037]
152: [0.1124, 0.5747, 0.1847, -0.1507, -0.7790, -0.5328, -0.6710]
153: [-0.0986, 0.0422, 0.6509, 0.1089, -1.2610, 1.2083, 0.4279]
154: [-1.4873, 0.2479, -0.8065, -0.9792, 2.5207, -0.9023, 0.1842]
155: [-0.1726, -0.4135, 2.1425, -1.3518, 1.8581, -0.2131, -0.3561]
156: [-0.8265, -1.1630, 0.3124, -0.0312, -0.0465, -1.1795, -0.1197]
157: [-0.7335, 2.4509, 0.4184, 1.4122, -0.3653, 0.7608, 0.5729]
158: [-1.5193, -1.0251, 0.7811, 0.2863, -1.0036, -0.7295, 0.8774]
159: [0.5703, 0.9967, -0.9239, 1.0664, 0.5375, 0.4495, -0.2486]
160: [-1.7383, -1.3032, 0.9475, -0.8334, 1.7894, -0.3628, -0.8072]
161: [1.2703, 1.3857, 1.3803, -0.8241, 0.4295, 0.2954, -0.4750]
162: [-1.2660, 0.2557, -0.2483, -1.1337, 1.5939, -0.5827, -0.0839]
163: [0.7867, 1.1826, -1.0930, 2.6235, -1.5027, 0.7420, -0.4065]
164: [-1.9125, -0.5844, 0.4726, -1.2855, -1.1936, -0.0704, 0.5403]
165: [-0.4700, -2.5732, 0.7595, 1.0294, 1.6331, 0.0303, -0.1456]
166: [-0.3409, -0.4809, 0.7342, 0.1901, 1.8720, -1.2878, -0.9808]
167: [0.7516, 0.6444, -0.6173, -0.4244, -1.9089, -0.5507, 0.0355]
168: [-0.0260, -0.3197, -0.6658, -0.4180, 1.2548, -1.7509, 1.0612]
169: [-1.6797, 0.3440, -1.2872, -0.1713, -0.9021, 1.1234, 1.1737]
170: [0.4477, 0.2909, 1.2920, -2.2769, -0.8930, -2.5978, 1.0176]
171: [-0.7885, 0.7743, 0.4495, -1.0657, 1.3323, 1.1578, -0.2842]
172: [1.3442, 0.7270, -1.0668, -0.5061, 1.6144, -0.7081, -0.3609]
173: [0.2183, -1.8373, 1.0202, -1.4290, -1.3878, -0.2280, -0.2702]
174: [0.6278, 0.0912, 0.7614, -0.2771, 2.1142, 0.0677, 0.4844]
175: [0.5092, 0.0702, 0.0497, -0.9195, -1.3624, 0.5257, -0.2124]
176: [-0.6783, -0.2094, 0.9417, -0.1875, -0.0307, -0.1299, 0.1365]
177: [0.8977, -0.7491, -0.9675, 1.6731, -0.1742, 0.6528, -1.6500]
178: [2.0443, -0.6662, -0.2174, -0.2120, 1.2948, 0.3072, -1.4239]
179: [-0.6200, 1.1373, -0.8278, -0.1623, -0.8151, 0.1052, 1.8297]
180: [-0.1123, 1.4051, 0.7801, -0.6111, 0.2036, 1.5119, 1.9464]
181: [0.6400, -0.3039, 0.7794, 0.2779, 0.5058, 0.2759, 0.2181]
182: [0.4841, -0.0787, -0.6692, -0.6879, -2.3356, 0.7213, -1.3468]
183: [1.0322, 0.6377, -0.8467, 0.6272, -1.7521, 0.8946, -1.3005]
184: [-0.6596, -0.1494, -0.3290, 1.4985, -1.0006, -0.0810, 0.7377]
185: [0.1349, 0.4742, -0.5140, -2.1614, 1.1598, 2.1461, -1.0633]
186: [0.3587, 0.2498, -0.0949, -0.0845, 0.8204, -2.2066, 1.3024]
187: [0.4438, -0.5621, -0.9863, 0.9279, -0.6623, 0.0707, 0.3928]
188: [1.5948, -0.1290, -0.8614, -0.3483, -0.5297, 0.2748, -0.3738]
189: [0.4548, -1.3362, 0.0114, 1.2125, 0.5155, -2.1675, -0.2207]
190: [0.0028, -0.6409, -1.9597, 1.0573, -0.5581, -0.1485, 0.4193]
191: [-1.5335, -0.8725, -0.4046, -0.1530, -0.1313, 0.0475, 0.4190]
192: [0.3016, 2.4031, -0.6500, 0.6904, 0.6258, -0.5046, 0.2897]
193: [-0.8121, 0.4108, -0.7218, -0.0443, -0.5920, -1.0961, 1.0834]
194: [-0.5456, 0.2523, -0.3581, -2.1779, 0.3518, -0.5242, 0.5235]
195: [0.3444, -0.1882, 0.6392, -0.5065, -1.5163, 1.4543, -0.5077]
196: [-1.2285, -1.0111, -1.7866, 0.7764, -1.3571, -0.4298, -1.1768]
197: [0.3487, 1.0725, -0.5869, -2.3648, 0.5781, 0.0418, 1.3977]
198: [-1.2303, 0.0980, -0.1737, 0.0846, 0.4379, 0.2115, 0.5968]
199: [1.7072, 1.3767, -1.3511, -0.0703, -0.6288, -0.0081, 0.6389]
Dim:200 x 2
000: [-0.5088, -0.3522]
001: [-0.0393, 1.4777]
002: [-0.8341, -1.7883]
003: [0.0893, -0.6435]
004: [0.8274, -1.4686]
005: [-1.9930, -0.9524]
006: [0.8719, 0.4684]
007: [-1.3110, 0.4089]
008: [-1.9595, -1.5743]
009: [0.7677, 0.5514]
010: [1.2982, 0.1316]
011: [-0.7101, 1.2791]
012: [-1.6093, -1.4542]
013: [0.5687, 0.2376]
014: [-0.1206, 2.0610]
015: [-1.0838, -1.7811]
016: [0.3272, -0.9598]
017: [-1.0671, 0.0961]
018: [0.9564, 0.2263]
019: [-1.6167, -0.0660]
020: [1.1533, 0.4373]
021: [-0.8736, 0.9679]
022: [-0.5404, 0.9099]
023: [1.2441, -0.2914]
024: [0.1756, -0.1359]
025: [-0.2536, 0.3408]
026: [-0.2559, -0.3699]
027: [0.0394, -3.0302]
028: [0.9436, 1.1027]
029: [0.8724, -0.2421]
030: [-0.6394, 0.8448]
031: [0.5390, 0.6846]
032: [1.3901, -0.1641]
033: [0.6688, 0.1931]
034: [0.6806, 0.0477]
035: [2.0725, -0.7260]
036: [-2.1767, 0.0075]
037: [0.5906, -1.1222]
038: [-0.3640, -1.0792]
039: [0.1421, -0.2347]
040: [1.9701, 1.3587]
041: [-0.6754, -0.9846]
042: [0.0956, -1.3149]
043: [0.2196, 0.1419]
044: [-0.6795, 0.6545]
045: [-0.7002, 1.5652]
046: [1.7091, 1.9722]
047: [-0.4073, 0.2923]
048: [-0.4608, 1.1629]
049: [-0.0943, -0.7909]
050: [0.2700, -0.0123]
051: [0.0876, 0.5260]
052: [-1.0052, 0.3190]
053: [1.0303, -0.4097]
054: [0.4849, -0.5540]
055: [0.1338, -0.5406]
056: [-2.1799, -0.6324]
057: [1.5538, 1.8132]
058: [-1.1451, -1.2247]
059: [-0.9871, 1.1133]
060: [0.9228, -1.6415]
061: [2.3477, 0.0742]
062: [0.2584, 1.3202]
063: [-2.4221, 1.1721]
064: [-2.0856, 1.6863]
065: [2.1198, 1.7300]
066: [-0.9746, 0.9415]
067: [-0.0951, -0.5764]
068: [-0.0960, 0.7745]
069: [2.5500, 0.9434]
070: [1.2017, -1.2232]
071: [0.6707, 0.2880]
072: [-0.3482, -1.0147]
073: [-1.5968, -0.5911]
074: [-0.2734, 2.2009]
075: [0.0385, 1.8122]
076: [-2.2978, 0.8432]
077: [0.1893, 1.3551]
078: [0.3990, -0.9298]
079: [-0.6204, -1.7632]
080: [1.4120, 0.2845]
081: [-1.0326, -0.1536]
082: [-0.0938, 0.8216]
083: [-0.5332, -1.2162]
084: [-0.1692, 0.5540]
085: [0.1957, 2.2833]
086: [-1.8921, -0.7345]
087: [0.9417, 1.0174]
088: [1.2955, -0.8442]
089: [2.9202, -0.7953]
090: [0.1530, 0.4567]
091: [1.0533, -0.4633]
092: [-1.3954, 1.3829]
093: [0.2885, 0.3248]
094: [1.0828, -0.8495]
095: [0.7691, 0.6762]
096: [0.4376, -2.1013]
097: [-0.1051, -0.3389]
098: [0.0907, -0.1979]
099: [1.3914, 0.0614]
100: [-0.6821, 1.4653]
101: [-1.2171, 2.7447]
102: [-3.3908, 0.0186]
103: [1.1383, -0.6245]
104: [-0.5863, -0.7635]
105: [1.7129, 1.2032]
106: [0.4633, -0.4828]
107: [-0.9387, -0.7033]
108: [0.7580, -1.2282]
109: [-1.5270, -1.9184]
110: [-0.2804, 1.0935]
111: [-0.1347, -1.6913]
112: [1.1633, 0.5180]
113: [0.3324, 0.9605]
114: [-0.7560, -1.3159]
115: [2.2938, -1.2754]
116: [2.0496, 0.9980]
117: [1.4972, -0.6740]
118: [0.2710, 2.2569]
119: [0.5908, 0.4337]
120: [-1.2808, -0.0974]
121: [-0.2636, -0.8939]
122: [-0.7822, 0.1847]
123: [-2.3130, -1.0518]
124: [1.2979, -0.6292]
125: [-0.7152, 1.0509]
126: [1.1914, -3.1847]
127: [-0.1228, -1.8508]
128: [0.4930, 0.6933]
129: [-0.9351, -0.5520]
130: [-0.6757, -1.3618]
131: [-0.9527, 0.2183]
132: [-0.3064, -0.6507]
133: [-0.6647, 1.0992]
134: [-1.0202, -1.0893]
135: [-0.5492, -0.0032]
136: [-1.9057, -1.3734]
137: [0.5022, 0.5009]
138: [-1.6591, 0.8180]
139: [0.4807, -0.2001]
140: [-1.1327, 0.3467]
141: [1.6965, 0.8114]
142: [-0.1636, 0.0854]
143: [-0.2412, -0.9355]
144: [3.0420, -0.5391]
145: [0.5670, 2.5038]
146: [0.2861, -1.0670]
147: [0.4869, 0.4491]
148: [-0.5396, -0.0020]
149: [0.1941, -0.8879]
150: [-1.5713, -2.2455]
151: [-0.4599, 1.2556]
152: [-0.0677, -0.1978]
153: [-0.6120, 0.3238]
154: [1.8086, -0.0159]
155: [2.2756, -1.8152]
156: [1.4142, 0.3923]
157: [-0.7185, 1.1943]
158: [1.2366, 1.0000]
159: [-1.0537, 0.7765]
160: [2.9923, -0.0710]
161: [-0.2257, -1.8904]
162: [1.5566, -0.2930]
163: [-2.3339, 2.1401]
164: [1.1737, 0.2267]
165: [1.9349, 0.9478]
166: [2.0629, -0.2314]
167: [-1.4144, -0.2854]
168: [0.6746, -0.2863]
169: [-0.6247, 1.5860]
170: [0.8203, -2.5377]
171: [0.8094, -0.5523]
172: [-0.5173, -0.9895]
173: [0.6735, -1.0438]
174: [0.6752, -0.9848]
175: [-0.8203, -0.6175]
176: [0.9644, -0.0138]
177: [-0.8542, 1.3926]
178: [-0.3878, -1.1095]
179: [-1.0670, 0.6185]
180: [-0.7484, -0.5464]
181: [0.1070, -0.3062]
182: [-1.2981, -0.0142]
183: [-1.9190, 0.5751]
184: [-0.3832, 1.8149]
185: [-0.2082, -1.2914]
186: [0.4365, -0.5360]
187: [-1.0245, 1.0903]
188: [-1.4843, -0.5517]
189: [0.9606, 0.5492]
190: [-1.1009, 1.7457]
191: [0.8745, 1.0935]
192: [-0.8968, 0.2193]
193: [-0.0485, 0.6542]
194: [0.5514, -1.2093]
195: [-0.7114, -0.2716]
196: [0.0334, 2.2092]
197: [-0.6218, -1.7751]
198: [0.6138, 0.8429]
199: [-2.4282, -0.4353]
Size is: 2500 x2350...
Iter 0...
Iter 100...
Iter 200...
    Tr time: 17429
Par Tr time: 4701
    Tr time: 1544
Par Tr time: 854
Tests run: 7, Failures: 0, Errors: 0, Skipped: 0, Time elapsed: 140.779 sec
Running com.jujutsu.tsne.barneshut.ParallelBHUtilsTest
Tests run: 1, Failures: 0, Errors: 0, Skipped: 0, Time elapsed: 0.001 sec
Running com.jujutsu.tsne.barneshut.BHUtilsTest
Tests run: 12, Failures: 0, Errors: 0, Skipped: 0, Time elapsed: 0.001 sec

Results :

Tests run: 20, Failures: 0, Errors: 0, Skipped: 0

[INFO] 
[INFO] --------------------< com.jujutsu.tsne:tsne-demos >---------------------
[INFO] Building Java T-SNE Demos 2.5.1                                    [2/3]
[INFO] --------------------------------[ jar ]---------------------------------
[INFO] 
[INFO] --- maven-resources-plugin:2.6:resources (default-resources) @ tsne-demos ---
[INFO] Using 'UTF-8' encoding to copy filtered resources.
[INFO] Copying 11 resources
[INFO] 
[INFO] --- maven-compiler-plugin:3.1:compile (default-compile) @ tsne-demos ---
[INFO] Nothing to compile - all classes are up to date
[INFO] 
[INFO] --- maven-resources-plugin:2.6:testResources (default-testResources) @ tsne-demos ---
[INFO] Using 'UTF-8' encoding to copy filtered resources.
[INFO] skip non existing resourceDirectory /workdir/T-SNE-Java/tsne-demos/src/test/resources
[INFO] 
[INFO] --- maven-compiler-plugin:3.1:testCompile (default-testCompile) @ tsne-demos ---
[INFO] No sources to compile
[INFO] 
[INFO] --- maven-surefire-plugin:2.12.4:test (default-test) @ tsne-demos ---
[INFO] No tests to run.
[INFO] 
[INFO] -------------------< com.jujutsu.tsne:tsne-package >--------------------
[INFO] Building Java T-SNE Package 0.0.1-SNAPSHOT                         [3/3]
[INFO] --------------------------------[ pom ]---------------------------------
[INFO] ------------------------------------------------------------------------
[INFO] Reactor Summary:
[INFO] 
[INFO] Java T-SNE 2.6.2 ................................... SUCCESS [02:21 min]
[INFO] Java T-SNE Demos 2.5.1 ............................. SUCCESS [  0.049 s]
[INFO] Java T-SNE Package 0.0.1-SNAPSHOT .................. SUCCESS [  0.014 s]
[INFO] ------------------------------------------------------------------------
[INFO] BUILD SUCCESS
[INFO] ------------------------------------------------------------------------
[INFO] Total time:  02:21 min
[INFO] Finished at: 2021-02-15T01:19:07Z
[INFO] ------------------------------------------------------------------------
