[INFO] Scanning for projects...
[WARNING] 
[WARNING] Some problems were encountered while building the effective model for com.jujutsu.tsne:tsne:jar:2.6.2
[WARNING] 'build.plugins.plugin.version' for org.apache.maven.plugins:maven-surefire-plugin is missing. @ line 56, column 12
[WARNING] 
[WARNING] Some problems were encountered while building the effective model for com.jujutsu.tsne:tsne-demos:jar:2.5.1
[WARNING] 'build.plugins.plugin.version' for org.apache.maven.plugins:maven-surefire-plugin is missing. @ line 90, column 12
[WARNING] 
[WARNING] It is highly recommended to fix these problems because they threaten the stability of your build.
[WARNING] 
[WARNING] For this reason, future Maven versions might no longer support building such malformed projects.
[WARNING] 
[INFO] ------------------------------------------------------------------------
[INFO] Reactor Build Order:
[INFO] 
[INFO] Java T-SNE                                                         [jar]
[INFO] Java T-SNE Demos                                                   [jar]
[INFO] Java T-SNE Package                                                 [pom]
[INFO] 
[INFO] -----------------------< com.jujutsu.tsne:tsne >------------------------
[INFO] Building Java T-SNE 2.6.2                                          [1/3]
[INFO] --------------------------------[ jar ]---------------------------------
[INFO] 
[INFO] --- buildnumber-maven-plugin:1.2:create (default) @ tsne ---
[INFO] Checking for local modifications: skipped.
[INFO] Updating project files from SCM: skipped.
[INFO] Executing: /bin/sh -c cd /workdir/T-SNE-Java/tsne-core && git rev-parse --verify HEAD
[INFO] Working directory: /workdir/T-SNE-Java/tsne-core
[INFO] Storing buildNumber: b684ac22dcc5d6014e8d16a9edfa4c50be9887eb at timestamp: 1613351338125
[INFO] Executing: /bin/sh -c cd /workdir/T-SNE-Java/tsne-core && git rev-parse --verify HEAD
[INFO] Working directory: /workdir/T-SNE-Java/tsne-core
[INFO] Storing buildScmBranch: UNKNOWN
[INFO] 
[INFO] --- maven-resources-plugin:2.6:resources (default-resources) @ tsne ---
[INFO] Using 'UTF-8' encoding to copy filtered resources.
[INFO] skip non existing resourceDirectory /workdir/T-SNE-Java/tsne-core/src/main/resources
[INFO] 
[INFO] --- maven-compiler-plugin:3.1:compile (default-compile) @ tsne ---
[INFO] Nothing to compile - all classes are up to date
[INFO] 
[INFO] --- maven-resources-plugin:2.6:testResources (default-testResources) @ tsne ---
[INFO] Using 'UTF-8' encoding to copy filtered resources.
[INFO] Copying 3 resources
[INFO] 
[INFO] --- maven-compiler-plugin:3.1:testCompile (default-testCompile) @ tsne ---
[INFO] Nothing to compile - all classes are up to date
[INFO] 
[INFO] --- maven-surefire-plugin:2.12.4:test (default-test) @ tsne ---
[INFO] Surefire report directory: /workdir/T-SNE-Java/tsne-core/target/surefire-reports

-------------------------------------------------------
 T E S T S
-------------------------------------------------------
OpenJDK 64-Bit Server VM warning: Ignoring option MaxPermSize; support was removed in 8.0
Running com.jujutsu.tsne.MatrixOpTest
Size is 2500 x 2350...
Iter 0...
Iter 100...
Iter 200...
    Tr time: 4180
Par Tr time: 4260
Dim:200 x 7
000: [-0.6120, 0.2022, -0.0001, 2.4155, -0.9234, 1.4239, -1.2306]
001: [-1.7641, 1.0887, 0.4494, -0.1241, 1.3914, 1.6754, 0.3877]
002: [1.7663, 1.1663, -1.2272, -1.0333, -1.7215, -0.7931, 0.4461]
003: [1.1355, -0.9245, 1.0882, 0.1280, -0.5340, -1.1848, -0.3017]
004: [-0.2587, -0.1651, 1.0731, 0.3698, -0.6121, -0.7521, 1.9163]
005: [-0.8969, 0.3114, -0.6924, 0.0709, -1.2825, -0.2753, -0.1078]
006: [-0.4700, 0.4759, -0.2686, -1.2733, 0.6115, -0.3838, -0.3207]
007: [0.4603, 1.5799, -0.5715, -1.0132, -0.5669, 0.6362, -1.1063]
008: [-0.9658, 0.3873, -1.5537, -1.0034, 0.8286, 1.0128, 0.8230]
009: [0.3536, -1.4827, 0.2344, 0.3652, 0.7909, 1.2239, 0.3648]
010: [1.4557, 0.5955, -1.1377, -0.6726, 1.4478, 1.3093, 1.3015]
011: [0.7040, -1.3236, 0.6452, -0.8609, 0.5305, -0.7677, 0.0042]
012: [0.6416, -1.3164, -0.3681, -0.7930, -0.6244, -0.9514, 1.3688]
013: [-0.1489, -0.1603, -0.8412, 0.5857, -0.7351, 0.0762, -0.7768]
014: [-0.1682, 0.1733, -0.8148, 0.3691, 2.4472, -0.0750, -1.5658]
015: [-0.6270, 0.7156, -0.8248, 1.2591, 0.9991, 0.1233, 0.8610]
016: [-0.7109, 0.7176, 1.0096, -0.2524, -1.9886, -0.3739, -0.6535]
017: [0.6257, 0.0813, 1.4567, -0.3737, 0.2712, 0.3338, -0.6101]
018: [-0.9871, -0.3631, 1.2323, 1.4510, 1.5526, 0.5391, -0.8171]
019: [-0.2908, 0.6155, -0.5562, 0.3802, 0.5093, -2.0389, -0.4106]
020: [-0.6705, 0.4163, -0.0502, -0.4372, 0.0513, 0.7362, -2.2047]
021: [0.1811, -0.2695, -0.3004, 1.6115, 1.2849, 0.5143, 0.5182]
022: [0.7133, 0.3705, 0.0588, -0.4687, 1.0958, 21.552E-6, -0.4867]
023: [1.7942, 1.9214, 0.0829, 0.7409, 0.6165, 1.6671, -0.8361]
024: [0.1200, 1.2919, -0.0102, 1.2670, 1.0839, -0.7377, -0.4829]
025: [0.6499, -0.9033, -2.3207, -1.3461, -1.7213, 0.4375, -2.0145]
026: [-0.3028, -0.4682, -0.7310, -0.4886, 0.4736, 2.0173, 0.1660]
027: [1.2028, 0.3718, 0.2239, -0.8635, -0.7992, 0.3217, 0.5718]
028: [-1.0261, 1.6161, -1.2694, 1.0921, 0.5853, 0.7490, -0.0818]
029: [1.4498, 1.8145, 0.4555, -0.7520, 1.3176, 0.5008, -1.7820]
030: [0.8069, -2.0492, -1.3595, -1.0065, -1.5830, 0.4463, -0.0469]
031: [-1.1179, -0.4978, 0.7515, -0.1301, -1.6054, 1.0546, 1.2152]
032: [-2.7543, 1.5259, 0.2198, 0.4441, 0.4026, -0.6712, 0.8350]
033: [-1.4587, -1.3508, 0.1202, 0.1138, 0.1626, 0.3420, -1.0484]
034: [0.3416, 0.4139, 0.2941, 1.1153, -0.2099, 0.0731, -0.4242]
035: [0.9058, 0.5160, -1.4230, 0.2672, -0.3976, 0.2095, -0.3608]
036: [-0.5133, -1.2702, -0.2471, 1.2602, -0.3438, -1.1207, -0.0045]
037: [0.6383, -1.3416, -0.7461, 0.0471, 0.7031, -0.3886, -0.3841]
038: [-0.2364, -0.2359, -1.0550, 0.1614, -0.7207, -0.5613, 0.3391]
039: [1.0138, 1.5278, -0.0361, -2.4758, -0.4253, -0.5895, -0.8659]
040: [0.3236, 0.0823, -0.0913, 2.0522, 0.6162, -1.7298, 0.6155]
041: [0.4521, 0.0507, -0.2627, 0.8867, 0.3673, -1.9136, -0.1857]
042: [1.1927, -1.3008, -1.1545, -1.1395, 1.6164, 1.5990, 0.6232]
043: [-0.8934, -1.6510, 1.6660, 0.6246, 0.6184, -0.0878, 0.1400]
044: [-0.4662, -1.6216, 0.3996, 1.1636, -0.9797, 0.0039, 0.7488]
045: [-0.0930, 0.7365, -0.2054, -2.0509, 1.1974, 0.1418, -0.6708]
046: [-1.0738, -0.3018, -1.3444, 0.2541, 0.3902, 0.4671, 0.9245]
047: [-0.4051, 1.3515, 0.5232, -0.0669, 1.9182, 0.2884, -0.8630]
048: [2.0461, 0.5150, 0.1407, -0.5441, -1.3929, -0.9033, -1.6142]
049: [-0.9534, -0.7374, -0.3234, -0.7713, 0.3150, 1.1427, -0.2543]
050: [0.8173, -1.5706, 0.1628, 1.5173, 1.7685, 0.4015, -0.8026]
051: [-1.5703, -1.7510, -0.1871, -1.8536, -0.3110, -0.5642, -0.1017]
052: [-1.5713, 2.5067, -0.9900, -0.1079, 2.2412, 0.9913, -0.8779]
053: [0.8225, 0.0756, -0.8308, 1.4045, 1.0193, 0.1227, 1.2024]
054: [-1.8799, -1.0074, -0.5401, 0.5022, 0.2950, 0.2934, 0.3638]
055: [0.6507, 0.0691, -1.5414, -0.9397, 0.0340, -1.4707, 0.2882]
056: [-0.0466, -1.6661, -0.4383, 0.2006, 0.6008, 0.6995, -2.3211]
057: [0.2626, -1.5596, -0.7981, -1.0014, -0.2205, 1.2734, 0.8186]
058: [-2.5861, -0.8084, -1.5457, 0.0113, -0.9076, 0.8301, 0.3164]
059: [-2.5809, 0.2279, -1.1511, 1.4058, -0.2830, 0.8892, -0.0491]
060: [-0.3011, 0.6426, -0.2343, 0.5851, -1.7933, 0.4063, -0.6532]
061: [-1.5902, -1.8333, -2.6010, 1.8913, 0.0404, -0.2833, -0.9175]
062: [0.4158, 0.0865, -0.3983, 1.1737, -0.9540, -0.6862, 0.4202]
063: [-0.4768, 0.6134, -0.5674, -1.2075, 0.4337, -2.6998, 0.0310]
064: [1.1219, -1.3172, -1.4986, 1.5443, 0.4501, -0.5224, -0.8247]
065: [-0.3164, -0.2976, 0.8440, 0.8408, 0.4982, 0.6105, 1.3646]
066: [0.5170, 0.3929, 0.6011, 0.3670, 2.0406, -0.4213, 0.3205]
067: [0.0726, -1.2689, -1.0370, 0.5361, 0.0299, -0.3692, -0.3374]
068: [-0.2447, 0.4948, -1.2484, -0.4332, 0.1918, 0.0257, -0.2224]
069: [-0.3049, 1.0347, 1.0330, -1.0119, -0.3177, 0.7066, 0.2850]
070: [0.1511, 0.5373, -0.9494, -1.0374, -0.4119, -1.5425, 1.0535]
071: [-0.8605, -0.3396, -1.5623, -0.1398, 1.2715, -0.2315, -0.5891]
072: [-1.0361, 0.3089, -1.2211, 1.2057, 0.1448, 1.4935, -0.9214]
073: [-0.9800, -1.2800, 0.7548, -1.5814, 0.7898, -1.5331, 2.0037]
074: [0.4439, -0.4759, -0.8345, -1.1012, -0.3395, 1.2950, -1.3745]
075: [-1.4087, 0.9251, 0.0393, -0.3703, 0.7871, 0.9290, -0.2224]
076: [1.9927, 1.1136, 1.5017, -2.7113, 1.5988, -0.3275, -0.9096]
077: [1.2148, 0.7884, 0.3656, -0.6705, -1.6783, -2.0929, 0.4029]
078: [-0.5906, -0.3183, -1.8987, 0.0141, 0.2415, 0.8893, 0.5099]
079: [0.6172, -0.3343, 1.2182, 1.1852, 1.0244, -0.2749, -0.2439]
080: [-1.6802, 0.0648, -0.7376, 1.1329, 0.4528, 0.3861, -0.6091]
081: [1.7151, -0.4524, 0.2584, -0.3675, 0.8828, -0.5335, 1.3210]
082: [-0.0772, -0.7129, -0.7014, -2.2813, -0.8872, 0.5467, -1.7791]
083: [1.3727, -0.0935, 0.5593, 1.1397, -0.6992, -1.0173, -1.5781]
084: [0.0146, 1.2270, -0.4163, -0.6061, -0.2636, 0.6920, -0.5173]
085: [-1.0789, 1.1320, -1.0816, 0.2109, -0.5245, -0.4070, -0.4801]
086: [1.5558, -0.0342, -0.1481, -0.1264, 0.6892, 0.5221, 0.6932]
087: [-0.3305, -0.3056, -2.7843, 1.0844, -0.8466, 1.1555, -0.4219]
088: [-0.3829, -1.2094, 1.2252, 2.8383, 1.0972, 0.6345, 0.1264]
089: [-0.4850, -1.2899, -0.1380, 0.8293, 0.1201, -1.9481, -0.8498]
090: [-0.8993, 0.5553, -1.3788, 1.7183, -1.3336, 1.6363, 1.9384]
091: [0.2416, 0.1430, 0.4921, 0.5157, 0.7362, -0.1385, -1.2476]
092: [0.5044, -1.5172, 0.9159, 0.5395, 1.6352, -2.4304, -0.4819]
093: [-0.0680, -0.4503, -1.2742, 0.5595, -0.1101, 1.2450, -0.6804]
094: [-1.2505, -1.9648, -0.6053, 0.1769, -0.1780, -2.7641, 0.0404]
095: [0.7919, 0.9947, 0.2760, 0.0979, -0.0492, 0.9133, 2.7658]
096: [-0.3517, 0.2583, 1.5569, 0.3603, -0.9108, -0.8052, -0.5734]
097: [0.0472, -0.8516, -0.0794, -0.4920, 0.7218, 0.6068, -0.7206]
098: [0.1998, 0.1660, 1.2266, -0.9166, -0.1110, 0.4152, -0.9199]
099: [0.1673, 1.4612, 0.2769, -1.4328, 0.3221, -0.1850, -0.6331]
100: [0.6413, 0.1111, -0.1463, -1.1424, -3.1834, -0.7789, 0.7015]
101: [0.5460, 0.4306, 1.0496, -0.0723, 0.1303, -0.2388, -2.4498]
102: [-0.7286, 0.9679, 0.4586, 1.2643, 0.4285, -0.4995, -0.5779]
103: [0.8603, -1.4544, 0.5390, -0.9232, -0.2389, -0.4090, 0.1619]
104: [-0.3183, 1.4884, 1.1969, -1.4721, 1.4342, 0.2393, 0.3621]
105: [0.9202, -0.1865, -0.3165, -0.3976, -0.4893, -0.8046, -0.7072]
106: [2.1699, -0.7962, 0.4306, -0.0471, -0.1827, -1.0274, -0.7683]
107: [-1.4480, -0.7168, -0.0473, 1.1777, -1.7431, 0.1890, 0.8736]
108: [-0.4165, 1.5478, 1.8148, -0.5482, 0.9864, -0.2719, 0.2895]
109: [2.3527, 0.1423, 1.0212, 1.7760, 2.3832, -1.1615, 1.4793]
110: [-2.4756, -1.4308, 1.1212, -2.8286, 0.7033, 0.2215, 0.0682]
111: [0.0424, 0.2199, 0.2306, 0.0875, 0.6106, -0.5715, -0.2410]
112: [-0.7065, 0.0471, -2.4079, -1.5186, 1.6036, 0.9939, 1.7306]
113: [1.1286, -0.0986, 0.7897, 0.8556, -0.5040, 1.8020, -1.6533]
114: [-1.4006, 2.7874, -0.7809, -1.2130, 0.5499, 1.1550, 2.2278]
115: [-0.8504, 0.3760, 1.8346, 1.1023, -0.8106, -1.3829, 1.4632]
116: [-1.3956, -1.1322, 0.0731, 1.3219, -0.3816, -0.7310, -1.5385]
117: [-0.9632, -0.0720, 1.6154, 0.3819, 1.4688, 0.5514, 1.0315]
118: [1.0253, -0.6603, 0.1898, -0.2143, 0.1854, 1.0694, -0.5781]
119: [2.2555, 0.7951, -0.6353, 0.5710, 1.3333, 0.3690, -0.3506]
120: [2.1669, -0.7184, -1.4193, 0.6048, -1.2082, -0.5935, -0.5199]
121: [-1.0283, 1.0745, 0.1518, 0.2242, 0.0716, 1.0926, -0.2533]
122: [2.6219, -0.7782, 0.3580, -1.2612, -0.0680, 0.5102, -0.7670]
123: [0.3186, 1.4271, -0.1489, -0.8991, 1.3692, 2.0341, -0.1850]
124: [0.5630, -0.0061, 1.6884, 0.5910, 1.5479, -0.9459, 1.5336]
125: [1.1573, -1.0643, -1.3340, -0.4784, -1.6336, -0.2444, 0.8749]
126: [-0.2178, -0.3870, 1.1833, -0.4855, -0.0823, 0.3716, 0.4513]
127: [0.8960, -0.2462, -0.0185, -0.7150, -0.9113, -0.5406, 0.1761]
128: [-0.9068, -1.6643, -0.8546, 0.2145, 1.2303, -0.1224, -1.8766]
129: [-0.0787, 1.1006, -1.1334, -0.4080, -1.5981, 0.2591, 2.0915]
130: [-0.5818, 1.3244, -0.6905, -0.8393, 0.5284, -0.2076, 0.9479]
131: [-0.5284, -0.4775, 1.6429, 0.8611, -1.3830, -0.0543, 0.6274]
132: [-0.7389, -0.1671, -0.3609, 0.2509, 0.6748, 1.0069, -0.5822]
133: [-0.9170, -0.3773, -1.1331, 0.4441, 1.5412, -0.4417, -0.1996]
134: [-0.6340, -1.0506, -0.1103, 0.3712, 1.6271, 0.2089, -0.9434]
135: [-1.1751, 1.4559, 1.2497, -0.8734, 1.0842, -1.1022, 1.7245]
136: [0.7886, 1.4196, 0.4204, 0.0451, 0.8519, 0.3303, -1.9683]
137: [-1.1224, 0.9949, -1.4451, 0.0173, -0.2272, 1.1752, 1.8521]
138: [-1.1895, 0.4001, 0.4927, -1.5084, -0.4475, -2.9391, 0.3523]
139: [1.5408, -0.1895, -1.1067, -0.1964, -0.6013, 0.3115, -0.0621]
140: [-0.5809, -1.3977, 1.4097, -0.1935, -0.0669, -0.7711, 0.9733]
141: [-1.5959, -1.0696, -0.5258, -1.2379, -0.1635, -0.0140, 0.4101]
142: [-0.6572, -0.3873, 0.6662, 0.4068, -1.9534, -0.7953, -0.1941]
143: [-0.1285, 0.9112, 0.7659, -0.4068, 0.0963, 2.2210, 0.3317]
144: [0.2018, 0.4269, 1.2764, -1.4958, 0.0270, -0.4427, 1.2578]
145: [-0.5039, -0.0900, -0.1930, 0.9287, 2.4985, 0.4827, -0.8437]
146: [0.7286, -1.6862, -0.9647, 0.4731, 0.8360, -1.2385, 0.5875]
147: [-0.2372, 0.1382, -0.0168, 0.0771, 0.8659, 1.0507, 0.5840]
148: [0.4751, 0.0869, -0.3781, 0.6338, -1.9902, 0.9966, -0.0602]
149: [-0.3684, -0.7146, 0.7700, 1.3520, 2.3403, -0.2004, 0.2654]
150: [0.0426, -1.7529, 1.1545, 1.1950, 1.5160, -1.3616, -0.7164]
151: [1.3494, 1.3139, -1.6479, 0.7216, -0.7126, 0.1484, 0.4452]
152: [-0.3445, -0.2707, -1.3288, 0.3586, 0.9470, 0.8867, -0.3411]
153: [0.5066, -1.0481, 0.2043, 0.3949, -0.4461, 0.0430, 0.3553]
154: [-0.8004, -0.6454, 0.4289, -0.2100, 0.8423, -0.3982, 1.0876]
155: [0.7673, 0.1956, -1.5625, -0.1079, 2.0523, -1.9645, -0.3415]
156: [-0.0003, -1.3851, 0.8975, 0.5850, 1.1622, -0.4339, -1.2306]
157: [-0.1407, 1.7232, -2.0659, 0.5842, -1.2615, -0.8092, -0.1749]
158: [1.0503, -1.1743, 0.8069, -0.1460, 1.3027, 1.6540, -0.2272]
159: [1.2432, -0.5570, 0.2326, -0.7811, 0.5156, 0.2785, -0.9939]
160: [0.3500, 0.1333, -0.1974, -0.5771, -0.8235, 1.0793, -0.1267]
161: [0.9267, 0.6649, 0.9376, -0.9062, 1.3963, 0.8135, -1.2427]
162: [0.8021, -0.8261, 0.2439, 2.0807, 0.6279, 0.8365, 0.8235]
163: [1.4771, 0.2610, 0.3051, -0.0924, 0.1003, -0.8748, 0.6748]
164: [-0.1813, 0.2004, 0.3671, -1.2263, 1.0512, -0.1844, -0.0154]
165: [-0.6233, 0.5306, 2.1478, 0.9535, -0.7197, 0.3338, 0.2766]
166: [0.3045, -0.2474, 0.1628, 2.5035, 0.0501, -0.7825, -0.3586]
167: [-0.9059, -0.7074, -1.6792, -0.3494, 0.3486, 0.8695, 0.1014]
168: [0.1302, 0.0763, -0.5549, 1.1803, 0.3806, -0.0623, 0.2501]
169: [1.3930, -1.3178, -0.9510, 1.0868, 1.1926, -0.7582, -0.1118]
170: [0.3835, 1.8861, 1.4154, -0.7979, 0.2935, -0.0630, 0.5508]
171: [0.0322, 0.5605, -0.6825, -0.2853, -1.5939, 0.5381, 0.9834]
172: [-0.1024, 0.3980, 1.8417, 0.2335, 0.7915, 0.1226, 0.9123]
173: [0.6589, 0.5922, 0.1014, 0.2662, -0.0848, -0.8599, -0.2107]
174: [0.3163, -1.8916, -1.3687, 0.1626, 1.4472, 1.1429, -2.1957]
175: [0.9549, 0.0841, -1.0124, -0.7193, -1.4177, -0.2095, -1.1728]
176: [-0.8518, 0.2760, 1.1873, 1.9787, 1.4261, -0.2561, 0.5504]
177: [-0.7952, 1.8963, -0.0054, -0.0781, 0.0560, -1.7493, 0.8279]
178: [-1.0723, -0.4821, 0.9289, 0.7385, 1.6231, 0.3000, 0.9314]
179: [-0.0949, -0.3232, 0.3715, 1.1985, -0.3260, -0.7993, -0.1035]
180: [0.4498, 0.8685, 0.2677, -0.5121, -0.9018, -1.4869, 0.5763]
181: [-0.3274, 1.5355, -0.3039, -0.6574, 0.6729, -0.4715, -1.3248]
182: [0.4191, 0.5400, -0.3061, -1.2988, -0.1415, 0.5128, 0.6043]
183: [0.7111, -0.4231, 0.0658, 1.3963, -0.3544, 0.3239, -0.7784]
184: [-0.5557, -0.7065, -0.3225, 0.8881, -0.8264, -0.2076, 0.4479]
185: [-0.0904, -0.2746, 0.2141, -1.2913, -1.8123, 0.0624, -0.5688]
186: [1.7199, 0.0757, -1.0259, -0.8509, -0.3214, 0.4532, 1.6315]
187: [0.6558, 1.2059, -1.3555, -0.5798, -0.0451, -1.4128, -0.1839]
188: [-0.0610, 0.4507, -1.6937, 1.0655, -1.5725, -1.0893, 1.9028]
189: [0.0780, -0.2030, -0.4892, -0.4406, 1.4305, -1.0580, -1.2379]
190: [0.2350, 1.4967, -1.0243, -0.3778, 0.4342, -0.6603, -0.4124]
191: [0.1038, -0.8710, -0.3990, 0.4855, 1.1512, 1.2215, 1.4487]
192: [0.5407, 1.6313, -0.4434, 1.2267, -0.7645, 0.7911, -0.3512]
193: [0.7628, -0.4418, 4.1396, -0.0988, -0.4068, -0.6433, 0.1649]
194: [-0.5068, 0.4443, -1.8623, -0.6190, -1.2411, -0.6372, -0.7365]
195: [0.5046, 1.2616, -2.1035, -1.4669, -1.3181, -0.2319, 0.5342]
196: [0.0237, -1.5654, -1.0031, 0.2930, 1.8111, -0.1060, -0.7001]
197: [1.6303, 1.0153, -1.1253, -0.4224, 0.3778, -0.6285, 1.0451]
198: [0.1953, -0.9728, 0.8553, 0.5884, 0.3096, -0.1106, 0.0531]
199: [1.8125, -0.2651, -1.9920, 0.1783, -0.5126, -0.4438, 0.2449]
Dim:200 x 2
000: [0.7115, 1.7650]
001: [0.8729, 0.3219]
002: [-2.9770, -0.8310]
003: [0.2870, -1.2425]
004: [0.0655, -0.9032]
005: [-1.0863, 0.7441]
006: [-0.4427, -0.5099]
007: [-1.6456, -0.3370]
008: [-0.7620, 1.0219]
009: [1.1265, 0.5245]
010: [-0.5875, -0.1822]
011: [0.4714, -1.0356]
012: [-0.8450, -0.3831]
013: [-0.4449, 1.0200]
014: [1.4786, 0.4791]
015: [0.5760, 0.8127]
016: [-1.0389, -0.6135]
017: [0.5180, -1.3171]
018: [2.5803, 0.2466]
019: [0.0812, -0.3676]
020: [-0.0051, 0.4248]
021: [1.3964, 0.7202]
022: [0.2441, -0.7677]
023: [-0.1414, -0.5574]
024: [0.8277, -0.3750]
025: [-2.3955, 1.5769]
026: [-0.1154, 1.1345]
027: [-1.2984, -1.0003]
028: [-0.0815, 1.2991]
029: [-0.0360, -1.5928]
030: [-1.5972, 1.1258]
031: [-0.5870, 0.4006]
032: [0.3745, 0.1904]
033: [1.0059, 1.1044]
034: [0.3220, -0.0185]
035: [-1.1133, 0.6216]
036: [0.7356, 0.8142]
037: [0.4662, 0.4298]
038: [-0.8349, 0.7134]
039: [-2.1374, -1.9288]
040: [1.1055, -0.1418]
041: [0.3966, -0.4564]
042: [0.0683, 0.5041]
043: [2.0815, -0.2078]
044: [0.5956, 0.8234]
045: [-0.5251, -0.9237]
046: [-0.1050, 1.4631]
047: [1.0830, -0.7435]
048: [-1.4965, -1.3262]
049: [0.0857, 0.8529]
050: [2.3587, 0.5728]
051: [-0.3436, 0.3696]
052: [0.4163, 0.5727]
053: [0.5714, 0.4545]
054: [0.7661, 1.5684]
055: [-1.3613, -0.2287]
056: [1.0915, 1.2618]
057: [-0.6481, 0.8497]
058: [-0.6167, 2.6147]
059: [0.3183, 2.5384]
060: [-1.1100, 0.6510]
061: [0.7389, 3.5874]
062: [-0.4430, 0.2698]
063: [-0.7588, -1.1578]
064: [0.6477, 1.3325]
065: [1.0288, -0.0984]
066: [1.4150, -1.0938]
067: [0.2136, 1.0943]
068: [-0.8001, 0.5539]
069: [-0.6199, -1.0969]
070: [-1.5941, -0.6664]
071: [0.3292, 1.2020]
072: [0.2695, 2.1273]
073: [0.3756, -1.2440]
074: [-0.9186, 0.6879]
075: [0.2503, 0.2892]
076: [-0.3030, -3.4548]
077: [-1.8390, -1.8851]
078: [-0.5897, 1.7694]
079: [1.7359, -0.7784]
080: [0.8010, 1.6463]
081: [0.1196, -1.3660]
082: [-1.5547, 0.2789]
083: [0.2650, -0.6398]
084: [-1.0595, -0.0808]
085: [-0.9108, 0.7795]
086: [-0.0998, -0.6051]
087: [-1.0979, 2.9864]
088: [3.0169, 0.7839]
089: [0.9752, 0.3185]
090: [-0.9597, 2.2094]
091: [0.9369, -0.3511]
092: [2.1229, -1.2122]
093: [-0.1733, 1.6863]
094: [0.5170, 0.5512]
095: [-0.7428, -0.8226]
096: [0.2665, -1.0381]
097: [0.5020, 0.2459]
098: [-0.0025, -1.1168]
099: [-0.8721, -1.3588]
100: [-2.9494, -0.6713]
101: [0.5119, -0.9909]
102: [0.8935, -0.0803]
103: [-0.0975, -0.8087]
104: [0.1847, -1.8983]
105: [-0.7235, -0.4687]
106: [-0.0372, -1.2538]
107: [-0.2302, 1.3800]
108: [0.6220, -2.0625]
109: [2.1053, -1.9238]
110: [0.4539, -0.4797]
111: [0.4172, -0.5296]
112: [-0.9390, 1.2060]
113: [0.4251, 0.1752]
114: [-1.6107, -0.2216]
115: [0.6046, -1.2202]
116: [1.1876, 1.2398]
117: [1.8510, -0.7028]
118: [0.1567, -0.0677]
119: [0.1487, -0.5673]
120: [-1.2563, 0.4602]
121: [0.0151, 0.3865]
122: [-0.6593, -1.3214]
123: [-0.1973, -0.3118]
124: [1.6675, -1.8925]
125: [-1.8814, 0.5240]
126: [0.2973, -0.7548]
127: [-1.0958, -0.7141]
128: [1.4090, 1.4755]
129: [-2.4005, 0.2735]
130: [-0.9009, -0.3487]
131: [0.3823, -0.4174]
132: [0.5963, 0.9469]
133: [0.9466, 1.0200]
134: [1.6962, 0.7027]
135: [0.2621, -1.9362]
136: [0.3104, -0.8662]
137: [-1.2026, 1.2781]
138: [-0.8332, -1.6486]
139: [-1.2350, 0.2284]
140: [0.8878, -0.7986]
141: [-0.3931, 0.7484]
142: [-0.5443, -0.0135]
143: [-0.1717, -0.2410]
144: [-0.5344, -2.0078]
145: [2.1208, 0.6001]
146: [0.6348, 0.3878]
147: [0.4490, 0.2206]
148: [-1.2966, 0.7969]
149: [2.6998, -0.0893]
150: [2.6662, -0.4511]
151: [-1.6483, 0.4473]
152: [0.3245, 1.4122]
153: [0.1578, 0.0915]
154: [0.7933, -0.2819]
155: [0.3273, -0.3307]
156: [1.9838, -0.1814]
157: [-2.0502, 0.9370]
158: [1.3073, -0.2713]
159: [0.0871, -0.7022]
160: [-1.0386, 0.1507]
161: [0.5760, -1.3668]
162: [1.4874, 0.6165]
163: [-0.3487, -1.3777]
164: [0.1486, -0.9636]
165: [0.7929, -0.9018]
166: [1.3162, 0.4759]
167: [-0.3583, 1.7561]
168: [0.4207, 0.5742]
169: [1.0071, 0.4349]
170: [-0.4084, -2.1849]
171: [-1.8348, 0.3600]
172: [1.1460, -1.4576]
173: [-0.2411, -0.7589]
174: [1.1971, 1.8404]
175: [-1.8177, 0.1498]
176: [2.3170, -0.1912]
177: [-0.6812, -1.0886]
178: [1.9857, -0.0316]
179: [0.6082, 0.0356]
180: [-1.2194, -1.3777]
181: [-0.3866, -0.5687]
182: [-1.2437, -0.5638]
183: [0.5277, 0.4991]
184: [-0.0206, 0.8950]
185: [-1.5611, -0.2860]
186: [-1.6669, -0.3956]
187: [-1.4861, -0.4924]
188: [-1.6906, 0.9449]
189: [0.6248, -0.2880]
190: [-0.9273, -0.3285]
191: [0.8338, 0.7424]
192: [-0.7631, 0.3715]
193: [1.4653, -3.2557]
194: [-1.9518, 1.0089]
195: [-3.1320, 0.2064]
196: [1.4040, 1.0122]
197: [-1.2969, -0.8240]
198: [1.0896, -0.2831]
199: [-1.4577, 0.5701]
Size is: 2500 x2350...
Iter 0...
Iter 100...
Iter 200...
    Tr time: 18508
Par Tr time: 4511
    Tr time: 1679
Par Tr time: 717
Tests run: 7, Failures: 0, Errors: 0, Skipped: 0, Time elapsed: 145.807 sec
Running com.jujutsu.tsne.barneshut.ParallelBHUtilsTest
Tests run: 1, Failures: 0, Errors: 0, Skipped: 0, Time elapsed: 0 sec
Running com.jujutsu.tsne.barneshut.BHUtilsTest
Tests run: 12, Failures: 0, Errors: 0, Skipped: 0, Time elapsed: 0 sec

Results :

Tests run: 20, Failures: 0, Errors: 0, Skipped: 0

[INFO] 
[INFO] --------------------< com.jujutsu.tsne:tsne-demos >---------------------
[INFO] Building Java T-SNE Demos 2.5.1                                    [2/3]
[INFO] --------------------------------[ jar ]---------------------------------
[INFO] 
[INFO] --- maven-resources-plugin:2.6:resources (default-resources) @ tsne-demos ---
[INFO] Using 'UTF-8' encoding to copy filtered resources.
[INFO] Copying 11 resources
[INFO] 
[INFO] --- maven-compiler-plugin:3.1:compile (default-compile) @ tsne-demos ---
[INFO] Changes detected - recompiling the module!
[INFO] Compiling 8 source files to /workdir/T-SNE-Java/tsne-demos/target/classes
[INFO] 
[INFO] --- maven-resources-plugin:2.6:testResources (default-testResources) @ tsne-demos ---
[INFO] Using 'UTF-8' encoding to copy filtered resources.
[INFO] skip non existing resourceDirectory /workdir/T-SNE-Java/tsne-demos/src/test/resources
[INFO] 
[INFO] --- maven-compiler-plugin:3.1:testCompile (default-testCompile) @ tsne-demos ---
[INFO] No sources to compile
[INFO] 
[INFO] --- maven-surefire-plugin:2.12.4:test (default-test) @ tsne-demos ---
[INFO] No tests to run.
[INFO] 
[INFO] -------------------< com.jujutsu.tsne:tsne-package >--------------------
[INFO] Building Java T-SNE Package 0.0.1-SNAPSHOT                         [3/3]
[INFO] --------------------------------[ pom ]---------------------------------
[INFO] ------------------------------------------------------------------------
[INFO] Reactor Summary:
[INFO] 
[INFO] Java T-SNE 2.6.2 ................................... SUCCESS [02:26 min]
[INFO] Java T-SNE Demos 2.5.1 ............................. SUCCESS [  0.966 s]
[INFO] Java T-SNE Package 0.0.1-SNAPSHOT .................. SUCCESS [  0.015 s]
[INFO] ------------------------------------------------------------------------
[INFO] BUILD SUCCESS
[INFO] ------------------------------------------------------------------------
[INFO] Total time:  02:27 min
[INFO] Finished at: 2021-02-15T01:11:25Z
[INFO] ------------------------------------------------------------------------
