[INFO] Scanning for projects...
[WARNING] 
[WARNING] Some problems were encountered while building the effective model for com.jujutsu.tsne:tsne:jar:2.6.2
[WARNING] 'build.plugins.plugin.version' for org.apache.maven.plugins:maven-surefire-plugin is missing. @ line 56, column 12
[WARNING] 
[WARNING] Some problems were encountered while building the effective model for com.jujutsu.tsne:tsne-demos:jar:2.5.1
[WARNING] 'build.plugins.plugin.version' for org.apache.maven.plugins:maven-surefire-plugin is missing. @ line 90, column 12
[WARNING] 
[WARNING] It is highly recommended to fix these problems because they threaten the stability of your build.
[WARNING] 
[WARNING] For this reason, future Maven versions might no longer support building such malformed projects.
[WARNING] 
[INFO] ------------------------------------------------------------------------
[INFO] Reactor Build Order:
[INFO] 
[INFO] Java T-SNE                                                         [jar]
[INFO] Java T-SNE Demos                                                   [jar]
[INFO] Java T-SNE Package                                                 [pom]
[INFO] 
[INFO] -----------------------< com.jujutsu.tsne:tsne >------------------------
[INFO] Building Java T-SNE 2.6.2                                          [1/3]
[INFO] --------------------------------[ jar ]---------------------------------
[INFO] 
[INFO] --- buildnumber-maven-plugin:1.2:create (default) @ tsne ---
[INFO] Checking for local modifications: skipped.
[INFO] Updating project files from SCM: skipped.
[INFO] Executing: /bin/sh -c cd /workdir/T-SNE-Java/tsne-core && git rev-parse --verify HEAD
[INFO] Working directory: /workdir/T-SNE-Java/tsne-core
[INFO] Storing buildNumber: b684ac22dcc5d6014e8d16a9edfa4c50be9887eb at timestamp: 1613351970948
[INFO] Executing: /bin/sh -c cd /workdir/T-SNE-Java/tsne-core && git rev-parse --verify HEAD
[INFO] Working directory: /workdir/T-SNE-Java/tsne-core
[INFO] Storing buildScmBranch: UNKNOWN
[INFO] 
[INFO] --- maven-resources-plugin:2.6:resources (default-resources) @ tsne ---
[INFO] Using 'UTF-8' encoding to copy filtered resources.
[INFO] skip non existing resourceDirectory /workdir/T-SNE-Java/tsne-core/src/main/resources
[INFO] 
[INFO] --- maven-compiler-plugin:3.1:compile (default-compile) @ tsne ---
[INFO] Nothing to compile - all classes are up to date
[INFO] 
[INFO] --- maven-resources-plugin:2.6:testResources (default-testResources) @ tsne ---
[INFO] Using 'UTF-8' encoding to copy filtered resources.
[INFO] Copying 3 resources
[INFO] 
[INFO] --- maven-compiler-plugin:3.1:testCompile (default-testCompile) @ tsne ---
[INFO] Nothing to compile - all classes are up to date
[INFO] 
[INFO] --- maven-surefire-plugin:2.12.4:test (default-test) @ tsne ---
[INFO] Surefire report directory: /workdir/T-SNE-Java/tsne-core/target/surefire-reports

-------------------------------------------------------
 T E S T S
-------------------------------------------------------
OpenJDK 64-Bit Server VM warning: Ignoring option MaxPermSize; support was removed in 8.0
Running com.jujutsu.tsne.MatrixOpTest
Size is 2500 x 2350...
Iter 0...
Iter 100...
Iter 200...
    Tr time: 4253
Par Tr time: 4126
Dim:200 x 7
000: [1.6207, -0.8685, 0.0695, -0.1452, 0.5301, 1.4200, -0.2200]
001: [2.9001, 0.4486, 0.4885, 2.3784, -1.1751, -0.6182, -0.2261]
002: [-0.1591, 1.1588, -0.2208, -0.2950, 2.8168, 0.9913, -0.6204]
003: [0.8138, 0.5377, 0.3302, -1.0933, 0.4194, -1.2892, -1.4169]
004: [1.9242, -1.0602, -1.6266, 0.5605, 0.0197, 1.5993, 0.5988]
005: [0.9158, 1.6837, 1.3527, 0.0242, 0.5693, -0.2149, -0.1759]
006: [-0.3473, 1.4264, -0.0435, -0.5376, -0.3570, -0.4660, -1.9116]
007: [-0.5657, 0.8227, 1.5097, 0.0578, -1.8592, 2.9693, 0.8706]
008: [0.8269, 0.8807, -0.6517, 2.0256, 0.5950, -0.5192, 1.6236]
009: [-0.7200, 0.5004, 1.5518, 0.4270, -0.5010, 0.7190, -0.3334]
010: [0.2181, -0.4219, 0.2036, 0.5437, -1.1581, -0.7723, 1.4195]
011: [0.9006, 0.3977, -0.9722, -0.9311, -0.1337, 1.2220, -0.4495]
012: [-0.0845, -0.8140, 1.8944, -1.5830, -1.2647, -1.2073, 1.2916]
013: [-0.5830, -0.6475, 0.2956, -0.0388, -1.2688, -0.9371, -0.1721]
014: [-0.4546, -0.9259, -0.1753, -0.5662, 0.8961, 0.0154, 0.0197]
015: [0.9085, 1.0761, -0.6807, -0.7851, -0.4480, 1.5519, 0.4802]
016: [0.9357, 0.7523, 0.4264, 0.4547, -0.6753, 0.6005, -1.4093]
017: [-0.6281, 0.1527, 0.0207, -0.0679, -0.0880, -0.7612, -0.9290]
018: [0.8603, -0.3511, 2.4575, -1.6168, 0.7352, -0.3337, 0.4714]
019: [-0.1845, 0.6613, -0.7148, 0.0657, -0.0118, -1.2149, -0.3473]
020: [1.3002, -2.0099, 0.1209, 0.8246, 0.9138, 1.5785, 0.4589]
021: [1.0610, 1.2319, 0.9999, 0.0917, 1.7317, 1.5962, -0.8521]
022: [0.3443, -1.2975, -0.7203, -0.8402, -1.7131, -0.1257, 0.7103]
023: [0.7366, -0.1612, -0.8730, -0.3113, 0.8035, -0.9319, -1.5248]
024: [-1.2863, -0.1814, -0.7032, -1.2111, -0.1381, -1.3275, -0.7881]
025: [-0.1160, -0.4019, -2.2686, 1.6099, 0.7093, 0.6943, 0.2072]
026: [1.8809, 0.0527, -0.7358, -0.4085, 0.5332, 0.1175, -1.6080]
027: [-1.9856, -0.4038, 0.3740, 1.7657, 1.0073, -0.7007, 0.5279]
028: [-0.6360, 1.4066, 0.5909, -0.5252, 0.5467, 1.4159, 1.1808]
029: [0.1336, -0.1547, -1.1285, -1.0070, -0.4986, 0.1492, -0.3646]
030: [-0.2405, -1.7186, -0.2652, 1.1743, 0.0099, -1.0228, -0.7296]
031: [-0.5032, 0.4569, -0.0404, 2.8187, 3.4021, -0.2187, -0.3920]
032: [-0.3120, 0.0071, 0.9019, -0.9532, 0.1407, 0.5726, 1.2589]
033: [-1.8296, -0.4271, -0.3753, -0.2727, -0.2649, 0.4855, 0.0649]
034: [1.6039, 0.8497, -1.7947, 0.4842, 1.8509, 0.1632, -0.9260]
035: [0.4499, -0.1082, -0.0315, 1.9334, 1.1514, -0.8005, -0.5124]
036: [0.8227, -0.1375, -1.3230, 1.0693, 1.6417, -0.2346, -1.7211]
037: [0.2547, -0.2981, -0.1649, -0.2690, -0.9998, -0.2945, -1.0079]
038: [-0.0237, 1.4047, -0.7948, -0.9967, 0.8772, 0.1321, -1.4372]
039: [1.7624, 0.9738, 0.3976, -0.1036, -0.7791, 0.0048, -0.5539]
040: [0.6369, 1.4034, -0.6265, -0.4472, -2.0731, 0.7327, -0.6169]
041: [-0.4263, -1.8800, 0.3631, 0.9204, -0.6587, 1.0002, 0.7853]
042: [1.4634, -0.5509, -1.0030, 0.0445, 0.0883, 1.3866, -0.6361]
043: [-0.5959, -0.7087, -0.0184, -1.7489, 0.4885, -0.5702, 0.0907]
044: [-0.6890, -1.0519, -1.3863, 0.0483, 0.0764, -1.4888, -0.1820]
045: [-0.8635, 0.7541, -1.3960, -0.2436, -1.2778, -1.2383, 0.6632]
046: [-0.7404, 0.7281, -0.0753, 0.7253, 1.2608, 0.0660, 1.7852]
047: [0.4755, -0.2618, -0.4732, -0.6398, -0.7300, -1.3556, -0.6325]
048: [0.2619, 0.9695, 0.5039, 0.0590, 1.5472, -0.3903, -1.0910]
049: [-0.0542, -0.6699, -1.1228, -0.8839, -0.5526, 0.1354, -1.3193]
050: [0.4352, 0.4704, -0.5557, -0.4521, 0.9990, 0.1130, 0.2051]
051: [-0.3396, -0.1974, 0.8837, 0.6180, 0.6180, -1.1898, -0.3475]
052: [0.1145, 0.5897, -0.0827, 1.4466, -0.7176, 0.5981, -0.3121]
053: [1.5944, -0.5012, -0.0485, -0.5405, -0.3367, -1.0031, 0.6146]
054: [-0.2461, 0.6978, 1.1018, 1.2821, 1.3468, -0.0795, -0.8301]
055: [0.3996, -0.8656, -0.2332, -1.0845, 0.2174, 1.1972, -1.5594]
056: [0.4502, 1.5547, 1.0015, 1.2543, -1.3780, -0.1183, -0.6537]
057: [0.0336, -0.9838, 0.2400, -0.5717, 0.6048, 1.2008, 0.6600]
058: [0.8741, -1.1206, 0.0866, -0.2671, 0.1533, -0.2579, 0.2187]
059: [-1.8181, -0.7310, 2.2667, 0.4243, -0.1247, 1.2590, 2.2526]
060: [0.8444, 0.9208, 0.3636, -1.3268, -0.0176, 0.7982, -1.3593]
061: [-0.8612, 0.0673, -2.1877, -1.0408, -0.6702, -0.0946, -0.7025]
062: [-0.8717, 0.1103, -0.2341, 0.6925, -0.4370, -1.9419, -0.3411]
063: [1.1755, 0.5999, -0.6693, 0.4974, -0.0163, 0.5082, 0.5835]
064: [-1.9517, 1.5132, 1.0823, 0.2779, -1.0846, 0.3377, -1.1025]
065: [-1.1931, 0.1993, -0.9220, 0.6048, -0.0733, 0.6953, 1.9025]
066: [2.5224, 0.3925, 1.2911, -2.0221, 0.1154, 0.3275, -0.7102]
067: [0.5828, -2.1123, -1.9303, 0.1589, 0.0979, 0.9938, 1.3433]
068: [-0.2751, 0.5753, 0.8327, 2.0208, -0.6532, -0.6956, 0.1783]
069: [-2.7128, 0.3132, 1.0480, 1.2764, 2.2146, -0.0706, -2.4159]
070: [0.2659, 0.6819, -0.9230, -0.8198, -0.0533, 0.1929, -1.6207]
071: [-0.6194, -0.1326, 0.0913, 0.5153, -0.6387, -0.4820, 2.1170]
072: [0.9079, -0.2473, -0.2302, 1.5639, 0.7944, -0.4066, -0.6288]
073: [0.4143, -0.2861, 1.5628, -0.1769, 0.4457, 1.4231, 1.5627]
074: [-0.2114, 1.0284, -1.3900, -0.3110, 1.1408, 0.2982, 1.0436]
075: [0.3222, 0.4038, 1.3302, -0.2754, -0.8338, 1.1476, 0.9623]
076: [0.7158, 0.3294, -2.8108, 0.5274, -0.3023, -0.2050, 1.2937]
077: [-0.0694, 0.0674, -1.5146, 1.0185, 0.1640, -0.0546, 2.0464]
078: [-1.8857, 0.8717, -1.6952, -1.3206, 2.3251, 0.3819, 0.5461]
079: [0.6097, -1.2047, -1.5944, 0.5371, 0.3423, 0.5689, -1.3806]
080: [0.0474, -0.6795, 0.8890, -0.6524, -0.0330, 0.2063, -0.0277]
081: [1.7604, 1.2722, -0.0111, 0.5204, 0.1909, -0.0298, 1.1230]
082: [0.4360, 2.5175, 0.0859, -0.3661, -1.4553, -1.3950, 0.4816]
083: [0.1987, -1.9261, -0.5839, -2.6111, -1.2398, 1.9580, 1.0848]
084: [0.4694, 1.1260, -0.2450, -0.3201, 0.5738, 0.2044, -0.4528]
085: [0.9796, -0.9172, -0.0264, -0.4286, -1.6181, -1.5165, 0.7653]
086: [0.6913, 0.4320, 0.0527, -0.6794, -1.7380, 0.5465, 0.1945]
087: [0.3259, -0.1788, 1.1830, 0.5290, 0.7540, -0.0484, 0.1694]
088: [0.5158, -2.7367, -1.0986, -0.6917, -1.1362, 0.0535, 1.0244]
089: [-0.3733, 0.3475, -0.6066, 1.5445, -0.5630, -1.8183, -1.5198]
090: [-0.5560, -1.1193, 0.1786, 0.7487, 1.8380, 0.9509, 0.4096]
091: [2.0754, -0.4122, -0.0494, -0.4067, -1.1765, 0.9853, 0.4951]
092: [0.0498, -0.1263, 1.1020, -0.7776, 1.4939, 0.2281, -0.6772]
093: [-1.3700, 0.0561, 0.7657, -1.3736, 0.7529, 1.3203, 0.2588]
094: [0.1417, 1.9714, -0.6748, 0.3450, -0.2517, 0.4742, -1.4209]
095: [-0.6722, -0.6366, -0.9349, -0.0736, -0.3640, 1.0195, -0.5779]
096: [-0.6964, -0.8828, 0.4680, -2.3599, 0.6497, -0.3954, -0.2294]
097: [-0.4817, 0.7925, 0.2856, -0.9395, 1.6829, 0.0598, -0.3868]
098: [-0.0777, 0.1095, -1.6124, 0.1421, -0.6964, 0.8895, -1.1154]
099: [0.9518, 1.5737, -0.8059, -0.2695, 0.6931, -0.0299, -0.0475]
100: [1.1828, 1.1870, -1.4270, 1.4648, -1.1533, 1.2923, -1.5098]
101: [0.1958, -1.2289, -0.5228, -0.2459, 0.0042, -0.0073, 0.4559]
102: [2.0292, -1.9369, 1.6450, 0.7826, 0.5130, -0.6117, -0.4419]
103: [-1.3672, 0.1154, 2.8404, 0.0307, 0.3187, 0.2326, -0.0421]
104: [0.2291, -1.1617, 0.5134, 0.1749, 1.5357, 0.0676, 1.2813]
105: [0.9489, 1.1940, 0.5654, 0.7768, 0.5095, 0.3010, -2.2099]
106: [-0.0796, -2.2737, 1.2547, 0.0876, -1.8661, 0.0272, -1.1915]
107: [1.2876, -1.1178, 0.0261, -1.4501, 0.6178, 1.4002, -1.5531]
108: [-1.8122, 0.5507, 0.5420, 0.4827, -0.0349, 0.9200, 0.9594]
109: [1.0407, 0.3720, 0.9122, 0.1286, -0.4637, -0.4373, 2.1626]
110: [-0.2278, 0.3575, 1.4208, -0.5799, 1.9972, -1.3316, -0.2773]
111: [0.6709, 0.9976, -0.3063, -1.0010, -0.4197, 0.6137, 0.9847]
112: [-2.0161, 1.1670, 0.6777, 0.5711, -0.3594, -1.2339, 0.2905]
113: [0.4824, -1.5581, -0.6167, 0.0772, -1.3802, 0.4080, -0.1314]
114: [-0.9811, 2.2080, 1.2589, 0.3481, -1.3278, -0.8623, -1.1228]
115: [0.4026, -1.3976, 2.0134, 0.6131, 0.6795, 1.0501, 0.0962]
116: [-1.0903, 0.4158, 0.6013, 0.3494, 1.0471, -2.1087, -1.4205]
117: [-1.1379, 3.4168, -0.3506, 1.4006, 0.5424, 1.5122, -1.4886]
118: [0.1189, -1.9467, 1.1380, 2.5432, -0.5380, 0.7866, 0.2236]
119: [-0.9054, -1.7695, 1.6259, 0.7669, -1.6262, -0.0301, 0.2219]
120: [-0.4486, -0.3470, 0.5332, 0.3941, 0.5503, 0.3399, 0.2341]
121: [-1.1025, 0.4293, 0.4557, 1.0798, 1.1079, 1.4754, -0.6595]
122: [-1.4724, 0.4102, 1.5753, 0.4556, 0.8167, 0.4014, 0.3968]
123: [0.5993, -0.2409, 2.0868, 0.1296, -0.3933, 1.8693, 0.4396]
124: [-0.0357, 0.0194, -0.6485, -0.4815, 1.0564, 0.4365, 0.3017]
125: [-0.2080, -1.1882, -0.4895, -0.0591, -1.3212, -0.2127, -0.4190]
126: [-0.2718, -0.0422, 0.3099, -1.6019, 0.0438, 1.4897, -0.1466]
127: [0.9212, -0.0317, -0.6650, 1.0569, 0.1820, 0.5151, 0.2894]
128: [1.0661, 0.6173, -0.6740, -1.7263, 1.3303, -0.5809, -2.3611]
129: [-0.1333, 0.7413, -1.5919, 0.4901, -1.7651, 1.7935, -2.1340]
130: [1.2464, 0.0529, -1.3510, 0.6642, 1.9256, -0.3325, -0.2291]
131: [0.5508, 0.1321, 0.2095, -0.0191, -0.4242, -0.9947, 0.1323]
132: [-0.5520, 0.5218, -1.1109, -0.3356, 0.3686, 0.8479, 0.6346]
133: [-1.8412, -1.4904, -0.7078, -1.8861, 0.6861, -0.3112, -1.1188]
134: [-0.0421, -1.2534, 0.3612, -1.2766, 0.0101, 0.7574, 0.5244]
135: [-0.5842, 0.4579, -1.4404, -0.3347, 0.0953, 0.7380, 1.5035]
136: [1.0713, -1.3968, 0.1827, 1.9165, -0.3668, -0.4877, 0.6306]
137: [-0.6536, -0.2953, -0.2525, 0.1226, -1.8790, -0.5940, 0.3844]
138: [0.8928, -2.2896, -1.2678, -0.0085, 0.1679, 0.5890, -2.1989]
139: [1.0257, 1.1783, -1.2200, 0.8098, -0.9763, -1.0015, -1.0363]
140: [0.9493, 0.2375, 0.1519, -0.3176, 1.2724, -1.4842, 0.3712]
141: [0.2098, 0.9858, -0.4712, -1.6343, -0.7776, -0.1070, 0.4283]
142: [-0.1782, 0.2056, -0.1403, 0.0972, -0.5867, 0.3546, 0.9538]
143: [0.4325, -1.1453, -0.5873, 0.1052, -0.4020, -0.3517, -0.7090]
144: [-0.4681, 0.5134, 0.3591, 3.5880, -2.7071, -1.4927, -0.5994]
145: [0.5761, -0.1980, 0.2214, 1.0308, 0.0423, 1.0897, 0.5976]
146: [1.3891, 1.0484, 0.2265, 0.4560, 0.1095, 0.4762, -0.4322]
147: [-0.1398, -0.6822, -0.5953, 1.3139, -1.0573, 0.1140, 1.0235]
148: [0.8903, -0.2403, 0.4470, 0.5748, 0.0207, -0.9967, 1.1051]
149: [-1.3728, -0.5041, -1.2434, 1.1072, -1.2128, 0.0220, 0.1772]
150: [-1.2196, -0.0616, -0.1257, 0.6724, 0.6318, -0.2587, -0.0724]
151: [0.7563, 0.5683, 0.3997, 1.5286, 0.3833, -1.9292, -0.2263]
152: [-0.0401, 0.8653, -1.1533, 0.3527, 0.9801, -0.9067, -0.2443]
153: [-0.1585, 0.3581, -1.8097, -0.5260, 2.8338, -1.3887, -0.4861]
154: [-1.2541, 0.1291, 0.5331, 0.4759, -2.8019, -0.0807, -0.7509]
155: [-0.4880, 1.0594, -0.2851, 0.5861, 0.3727, 0.0042, -1.1034]
156: [-0.0099, -0.3623, 0.0695, 0.3386, 0.5141, 0.3598, -0.0022]
157: [0.5670, -1.9148, 1.6213, 0.2468, 0.0195, 0.5844, -1.0078]
158: [2.1692, -0.5455, 0.8050, -0.4254, -1.8328, -1.0561, 0.0267]
159: [-0.7200, -0.1952, -1.9632, 0.4188, -0.4165, -0.3354, -2.5950]
160: [0.6939, -1.5013, -0.3832, -0.2602, 0.3314, 0.8993, -0.3752]
161: [-0.7410, 0.6937, 2.5722, -0.6266, -0.2355, 0.5913, -0.2911]
162: [0.4245, 0.0028, 1.0636, 0.7172, -0.0817, 0.8181, 0.7876]
163: [-0.2955, -0.8070, -0.8882, 1.8544, -0.8991, -1.3441, -0.2383]
164: [0.9918, -1.2215, -0.2495, 1.3378, 0.3105, -0.1136, 1.5881]
165: [0.6560, -0.2542, -0.6164, -1.7318, -1.1898, -2.1643, -0.5656]
166: [-0.0828, -0.4911, 1.6959, 0.2346, -1.1626, -0.1827, -0.2470]
167: [-0.5659, -0.2567, -1.5416, -0.3889, -0.3537, 0.2351, -0.7068]
168: [1.8268, -1.3635, -0.6063, 2.6020, -0.2678, 1.0195, 0.7512]
169: [-0.1486, -2.6782, -0.8013, 0.4883, 1.2985, -0.7050, 1.0176]
170: [1.1611, 0.8644, 1.3762, -1.5073, -0.4388, -1.0890, 0.7085]
171: [1.8774, 1.0991, 0.4643, -0.8450, 0.4915, -1.5151, 0.3642]
172: [-0.6013, -0.6896, -2.4236, 1.3852, 0.2712, 1.3842, 0.2969]
173: [-1.1895, 0.3062, -0.8117, -0.6916, -0.0791, -0.1284, 1.0893]
174: [0.3247, -0.1355, -0.0817, 0.0685, 0.2872, 0.9995, 0.0746]
175: [0.5457, 0.1502, 1.0072, -2.3233, 0.4587, 0.3668, 1.5882]
176: [0.6665, -0.2404, -0.7167, 0.8242, -1.2856, 0.2734, -1.1444]
177: [0.2277, 0.3860, 1.7730, -0.5656, 0.7169, 1.0639, -0.6075]
178: [1.1360, -1.6311, 0.7410, 0.0901, 1.2744, 0.2754, 0.2497]
179: [1.1356, -0.8075, 0.2975, 0.8932, -1.6964, -0.1282, 0.9753]
180: [-0.6338, 0.1087, 1.0231, 0.4624, 0.7987, 0.3795, 0.7260]
181: [0.2547, 0.8980, -1.3013, 0.5388, -0.6279, 0.7995, 0.0031]
182: [-0.6453, -1.2198, 0.0332, 0.2178, -0.6515, -0.4015, 0.0731]
183: [0.0262, -1.3755, 0.6160, 0.6270, 0.5325, -0.2093, 0.3408]
184: [-0.1851, 1.5617, -1.1365, -1.8067, -0.1827, 0.7508, -0.0131]
185: [0.2184, -0.1688, -0.5572, -1.6599, -0.0310, 0.8837, 0.1359]
186: [-1.1264, -0.9697, 1.0383, 0.2355, 0.6760, -0.5607, 0.8755]
187: [-0.4704, -0.9178, -0.5892, -0.7578, -0.9680, -0.4954, -0.8815]
188: [0.0701, -0.7900, 1.7285, 0.8390, 1.9832, 0.3169, -0.1551]
189: [-0.9015, -0.6658, -0.4968, 1.5111, 0.1777, -1.4789, 0.3930]
190: [-0.0071, 0.0053, 0.4528, -1.3176, 1.5002, -0.3789, -0.2574]
191: [1.3950, -0.2956, -1.0520, 0.1703, -1.6245, 0.0568, -0.5726]
192: [0.3136, -0.1285, 0.2876, 0.1280, 0.3949, -0.2878, -0.0906]
193: [0.7918, -0.1681, 0.7087, 1.5261, 1.0897, -1.2198, -0.7563]
194: [-1.2473, -0.6990, -1.4180, 0.6347, -1.1949, 1.3456, -0.9970]
195: [-1.2268, 0.3609, 0.6056, -0.8150, -0.1364, 0.5525, -0.8137]
196: [1.1021, -0.1304, -1.0104, 0.9460, -0.0115, -0.5411, 1.7016]
197: [0.9447, 0.3082, -2.1951, 0.9236, -0.7340, 0.7895, 0.1890]
198: [-0.1782, -1.4673, 0.7466, -0.3551, 0.0046, 0.8187, 0.4418]
199: [1.7674, -0.8850, -0.0727, -0.0194, -0.3248, 0.0554, -0.8543]
Dim:200 x 2
000: [-0.5356, 0.0817]
001: [-0.6107, 1.7054]
002: [2.2045, -1.6002]
003: [1.3700, -0.3287]
004: [-0.8906, 1.7469]
005: [0.8736, -1.2536]
006: [1.9718, -0.0088]
007: [-1.5451, -0.9699]
008: [-0.0919, 0.5722]
009: [-0.2448, -1.1914]
010: [-1.5619, 0.4365]
011: [0.5874, 0.6171]
012: [-2.0730, -1.3096]
013: [-0.7245, 0.2978]
014: [-0.0645, -0.5963]
015: [0.1995, 0.3396]
016: [0.6575, 0.3951]
017: [0.7515, -0.1072]
018: [-0.8876, -2.4249]
019: [1.0005, 0.4573]
020: [-1.5402, 0.0468]
021: [1.3222, -1.4992]
022: [-1.6191, 1.2196]
023: [1.4499, 0.6273]
024: [0.8975, 0.0042]
025: [0.4644, 1.5656]
026: [1.2349, 0.8889]
027: [-0.0903, -0.9966]
028: [0.1559, -1.6403]
029: [0.3186, 0.8008]
030: [-0.4745, 0.7500]
031: [1.7850, -1.1275]
032: [-0.9070, -1.4348]
033: [-0.1369, -0.3534]
034: [2.1678, 0.9589]
035: [0.6277, 0.1790]
036: [1.8654, 0.9096]
037: [0.0748, 0.7327]
038: [2.3577, -0.2056]
039: [0.3053, 0.4742]
040: [0.4501, 1.2975]
041: [-2.1268, 0.1007]
042: [0.0645, 1.1103]
043: [-0.0145, -0.8617]
044: [0.1929, 0.9649]
045: [0.2762, 1.1145]
046: [-0.0114, -1.0820]
047: [0.2297, 0.8296]
048: [1.7124, -1.0610]
049: [0.5345, 1.0102]
050: [0.7394, -0.2737]
051: [0.1930, -0.8143]
052: [0.0886, 0.6490]
053: [-0.7664, 0.5188]
054: [1.0474, -1.2660]
055: [0.4172, 0.0387]
056: [0.3292, 0.2220]
057: [-0.9137, -0.7992]
058: [-0.8049, 0.0988]
059: [-2.5050, -2.5303]
060: [1.1350, -0.4363]
061: [1.0482, 1.3798]
062: [0.4468, 0.3987]
063: [0.0321, 0.6887]
064: [0.9083, -0.9752]
065: [-0.7012, 0.0120]
066: [0.1407, -0.8219]
067: [-1.5909, 1.4747]
068: [-0.3060, 0.0186]
069: [2.3333, -2.1484]
070: [1.6308, 0.6016]
071: [-1.4844, -0.1798]
072: [0.4580, 0.5472]
073: [-1.5825, -1.7123]
074: [0.9594, -0.1164]
075: [-1.2145, -0.9449]
076: [0.1622, 2.2520]
077: [-0.6267, 0.8613]
078: [1.9585, -1.1889]
079: [0.5329, 1.5516]
080: [-0.6736, -0.8267]
081: [0.0183, 0.1746]
082: [0.8131, 0.3060]
083: [-2.1862, 0.2056]
084: [1.2188, -0.2408]
085: [-1.5193, 1.0424]
086: [-0.6530, 0.6106]
087: [-0.3337, -1.0949]
088: [-2.3745, 1.4337]
089: [1.2037, 1.2584]
090: [-0.3369, -1.1136]
091: [-1.2937, 0.9502]
092: [0.5968, -1.7401]
093: [0.0291, -2.0057]
094: [2.0395, 0.5660]
095: [0.0415, 0.6053]
096: [0.0042, -1.4377]
097: [1.4186, -1.5964]
098: [0.8267, 1.5079]
099: [1.4674, 0.1798]
100: [1.1929, 2.2357]
101: [-0.8375, 0.3644]
102: [-1.4277, -0.3316]
103: [-0.5689, -2.8015]
104: [-1.0159, -1.1636]
105: [1.8364, -0.1065]
106: [-1.8714, 0.3640]
107: [0.2517, -0.1491]
108: [-0.3575, -1.2331]
109: [-1.5358, -0.5200]
110: [0.9784, -2.2416]
111: [-0.0868, -0.0656]
112: [0.5100, -1.0026]
113: [-1.3441, 1.3856]
114: [1.2383, -0.6390]
115: [-1.4863, -1.5471]
116: [1.6558, -0.9645]
117: [3.1058, -0.4563]
118: [-2.1919, 0.1961]
119: [-2.3476, -0.3822]
120: [-0.3105, -0.8237]
121: [0.8000, -1.1310]
122: [-0.0725, -2.1575]
123: [-1.5216, -1.4189]
124: [0.4697, -0.3759]
125: [-0.8130, 1.0572]
126: [-0.0589, -0.9759]
127: [-0.1242, 0.7846]
128: [2.5810, -0.0583]
129: [1.2184, 2.0843]
130: [1.2562, 0.5740]
131: [-0.1558, 0.1699]
132: [0.4445, 0.0222]
133: [0.5986, -0.6231]
134: [-1.1685, -0.7147]
135: [-0.0790, 0.2738]
136: [-1.6017, 0.9270]
137: [-0.9474, 0.8586]
138: [0.1674, 1.6058]
139: [1.2753, 1.9040]
140: [0.5266, -0.5796]
141: [0.3125, 0.0639]
142: [-0.6381, 0.0508]
143: [-0.2739, 0.9772]
144: [-0.5826, 1.9297]
145: [-0.7772, 0.0100]
146: [0.6366, 0.1255]
147: [-1.3311, 1.0815]
148: [-0.9096, -0.0536]
149: [-0.4458, 1.2984]
150: [0.4150, -0.4888]
151: [0.5687, 0.1962]
152: [1.5377, 0.3459]
153: [2.4670, -0.2093]
154: [-0.6978, 0.7099]
155: [1.5346, -0.0487]
156: [-0.0944, -0.3049]
157: [-1.2500, -0.7051]
158: [-1.4012, 0.9402]
159: [1.9072, 1.8714]
160: [-0.6048, 0.3379]
161: [-0.2731, -2.3802]
162: [-1.0099, -0.7105]
163: [-0.3712, 1.6522]
164: [-1.6223, 0.5292]
165: [0.2173, 0.9848]
166: [-1.1546, -0.6246]
167: [0.6565, 1.0338]
168: [-1.6726, 1.7253]
169: [-1.3602, 0.1883]
170: [-0.3547, -1.0594]
171: [0.5895, -0.3812]
172: [0.0862, 1.6419]
173: [-0.0125, -0.2306]
174: [-0.1377, -0.1471]
175: [-0.8711, -1.8135]
176: [0.0553, 1.6652]
177: [0.2016, -1.8897]
178: [-1.0061, -0.7365]
179: [-1.9932, 1.0785]
180: [-0.3578, -1.4835]
181: [0.5505, 1.1933]
182: [-0.9590, 0.2268]
183: [-1.0311, -0.4945]
184: [1.3167, 0.0035]
185: [-0.0199, -0.1354]
186: [-0.9750, -1.4501]
187: [-0.0951, 0.7459]
188: [-0.2388, -1.9988]
189: [-0.2272, 0.4495]
190: [0.7694, -1.4574]
191: [-0.3339, 2.0730]
192: [0.0451, -0.3197]
193: [0.5164, -0.2520]
194: [0.0224, 1.4171]
195: [0.5565, -1.0653]
196: [-0.8353, 1.0527]
197: [0.2292, 2.2738]
198: [-1.4391, -0.7552]
199: [-0.3404, 0.9055]
Size is: 2500 x2350...
Iter 0...
Iter 100...
Iter 200...
    Tr time: 18046
Par Tr time: 4515
    Tr time: 1539
Par Tr time: 738
Tests run: 7, Failures: 0, Errors: 0, Skipped: 0, Time elapsed: 144.398 sec
Running com.jujutsu.tsne.barneshut.ParallelBHUtilsTest
Tests run: 1, Failures: 0, Errors: 0, Skipped: 0, Time elapsed: 0 sec
Running com.jujutsu.tsne.barneshut.BHUtilsTest
Tests run: 12, Failures: 0, Errors: 0, Skipped: 0, Time elapsed: 0.001 sec

Results :

Tests run: 20, Failures: 0, Errors: 0, Skipped: 0

[INFO] 
[INFO] --------------------< com.jujutsu.tsne:tsne-demos >---------------------
[INFO] Building Java T-SNE Demos 2.5.1                                    [2/3]
[INFO] --------------------------------[ jar ]---------------------------------
[INFO] 
[INFO] --- maven-resources-plugin:2.6:resources (default-resources) @ tsne-demos ---
[INFO] Using 'UTF-8' encoding to copy filtered resources.
[INFO] Copying 11 resources
[INFO] 
[INFO] --- maven-compiler-plugin:3.1:compile (default-compile) @ tsne-demos ---
[INFO] Nothing to compile - all classes are up to date
[INFO] 
[INFO] --- maven-resources-plugin:2.6:testResources (default-testResources) @ tsne-demos ---
[INFO] Using 'UTF-8' encoding to copy filtered resources.
[INFO] skip non existing resourceDirectory /workdir/T-SNE-Java/tsne-demos/src/test/resources
[INFO] 
[INFO] --- maven-compiler-plugin:3.1:testCompile (default-testCompile) @ tsne-demos ---
[INFO] No sources to compile
[INFO] 
[INFO] --- maven-surefire-plugin:2.12.4:test (default-test) @ tsne-demos ---
[INFO] No tests to run.
[INFO] 
[INFO] -------------------< com.jujutsu.tsne:tsne-package >--------------------
[INFO] Building Java T-SNE Package 0.0.1-SNAPSHOT                         [3/3]
[INFO] --------------------------------[ pom ]---------------------------------
[INFO] ------------------------------------------------------------------------
[INFO] Reactor Summary:
[INFO] 
[INFO] Java T-SNE 2.6.2 ................................... SUCCESS [02:25 min]
[INFO] Java T-SNE Demos 2.5.1 ............................. SUCCESS [  0.048 s]
[INFO] Java T-SNE Package 0.0.1-SNAPSHOT .................. SUCCESS [  0.015 s]
[INFO] ------------------------------------------------------------------------
[INFO] BUILD SUCCESS
[INFO] ------------------------------------------------------------------------
[INFO] Total time:  02:25 min
[INFO] Finished at: 2021-02-15T01:21:56Z
[INFO] ------------------------------------------------------------------------
