[INFO] Scanning for projects...
[WARNING] 
[WARNING] Some problems were encountered while building the effective model for com.jujutsu.tsne:tsne:jar:2.6.2
[WARNING] 'build.plugins.plugin.version' for org.apache.maven.plugins:maven-surefire-plugin is missing. @ line 56, column 12
[WARNING] 
[WARNING] Some problems were encountered while building the effective model for com.jujutsu.tsne:tsne-demos:jar:2.5.1
[WARNING] 'build.plugins.plugin.version' for org.apache.maven.plugins:maven-surefire-plugin is missing. @ line 90, column 12
[WARNING] 
[WARNING] It is highly recommended to fix these problems because they threaten the stability of your build.
[WARNING] 
[WARNING] For this reason, future Maven versions might no longer support building such malformed projects.
[WARNING] 
[INFO] ------------------------------------------------------------------------
[INFO] Reactor Build Order:
[INFO] 
[INFO] Java T-SNE                                                         [jar]
[INFO] Java T-SNE Demos                                                   [jar]
[INFO] Java T-SNE Package                                                 [pom]
[INFO] 
[INFO] -----------------------< com.jujutsu.tsne:tsne >------------------------
[INFO] Building Java T-SNE 2.6.2                                          [1/3]
[INFO] --------------------------------[ jar ]---------------------------------
[INFO] 
[INFO] --- buildnumber-maven-plugin:1.2:create (default) @ tsne ---
[INFO] Checking for local modifications: skipped.
[INFO] Updating project files from SCM: skipped.
[INFO] Executing: /bin/sh -c cd /workdir/T-SNE-Java/tsne-core && git rev-parse --verify HEAD
[INFO] Working directory: /workdir/T-SNE-Java/tsne-core
[INFO] Storing buildNumber: b684ac22dcc5d6014e8d16a9edfa4c50be9887eb at timestamp: 1613351183519
[INFO] Executing: /bin/sh -c cd /workdir/T-SNE-Java/tsne-core && git rev-parse --verify HEAD
[INFO] Working directory: /workdir/T-SNE-Java/tsne-core
[INFO] Storing buildScmBranch: UNKNOWN
[INFO] 
[INFO] --- maven-resources-plugin:2.6:resources (default-resources) @ tsne ---
[INFO] Using 'UTF-8' encoding to copy filtered resources.
[INFO] skip non existing resourceDirectory /workdir/T-SNE-Java/tsne-core/src/main/resources
[INFO] 
[INFO] --- maven-compiler-plugin:3.1:compile (default-compile) @ tsne ---
[INFO] Nothing to compile - all classes are up to date
[INFO] 
[INFO] --- maven-resources-plugin:2.6:testResources (default-testResources) @ tsne ---
[INFO] Using 'UTF-8' encoding to copy filtered resources.
[INFO] Copying 3 resources
[INFO] 
[INFO] --- maven-compiler-plugin:3.1:testCompile (default-testCompile) @ tsne ---
[INFO] Nothing to compile - all classes are up to date
[INFO] 
[INFO] --- maven-surefire-plugin:2.12.4:test (default-test) @ tsne ---
[INFO] Surefire report directory: /workdir/T-SNE-Java/tsne-core/target/surefire-reports

-------------------------------------------------------
 T E S T S
-------------------------------------------------------
OpenJDK 64-Bit Server VM warning: Ignoring option MaxPermSize; support was removed in 8.0
Running com.jujutsu.tsne.MatrixOpTest
Size is 2500 x 2350...
Iter 0...
Iter 100...
Iter 200...
    Tr time: 3968
Par Tr time: 3843
Dim:200 x 7
000: [-0.3446, 0.4992, -0.5952, 0.1942, 0.4431, -1.2073, -2.0239]
001: [-0.6155, 0.6748, 0.1183, -0.0934, -0.4690, -0.3579, 3.0958]
002: [-1.1680, -0.9105, 1.8216, -0.0366, 0.4899, -2.7404, -1.6390]
003: [-0.7453, 0.8986, -0.8335, -0.2357, -0.6279, 0.7965, -1.4456]
004: [0.1146, 0.8678, 0.1108, -0.0569, -0.9708, 1.2473, -0.1053]
005: [-0.6563, 1.5339, -0.3105, -0.8606, 0.2960, 1.2257, -0.8673]
006: [-1.3741, -0.5768, -0.8199, 0.5508, -0.1835, 0.2231, 1.7491]
007: [0.3226, 2.1397, 0.8009, -0.2592, -1.9919, -1.5352, 1.6083]
008: [-0.0161, -0.1070, -0.0109, 0.5950, 0.1883, -2.4260, 1.0085]
009: [0.2725, -0.0787, 0.0272, 1.1269, -0.0951, -1.0433, -1.2257]
010: [-0.1501, -1.1200, 0.8840, 0.8571, -0.2851, 0.3888, -0.5945]
011: [-1.2644, -0.3583, 0.3276, -0.2532, -0.6690, -1.0129, 0.2471]
012: [1.5788, 1.7541, -0.4268, 0.1674, -0.3003, -0.5294, -0.4232]
013: [-0.6881, -1.2659, 0.2049, 0.8576, 2.7207, 0.3301, -1.3852]
014: [-0.1489, -1.9005, 0.9551, 0.0669, -1.2556, -0.9292, 0.6933]
015: [0.1428, -0.1562, 0.7146, 0.0348, 0.7706, 0.2398, 1.2485]
016: [0.6611, 2.0391, 0.1653, -0.5393, -0.7760, -2.2558, -1.5475]
017: [-1.7457, 1.3447, 0.0793, 0.3855, -1.2554, 0.0106, -0.0979]
018: [1.3373, 0.7722, -1.1453, 1.6266, 0.7114, 1.2048, -0.2365]
019: [-1.2227, 1.5361, 0.4577, 1.2958, 0.9618, -0.4265, 1.0461]
020: [0.0960, -2.6554, 0.5649, 1.5787, 0.1670, 0.5255, -0.3993]
021: [0.2275, -0.5147, -1.2327, 0.9244, -0.6717, -1.2580, 0.6059]
022: [0.9986, -0.9921, -0.1674, 0.2265, -0.7517, -0.7522, -1.0904]
023: [0.7949, 0.9064, 1.6606, -1.4135, -1.3032, -0.6002, -0.1030]
024: [-1.3762, -0.8760, -0.0964, 0.6767, -0.1491, 0.6991, 1.2707]
025: [-0.1613, -0.6336, -0.4777, 0.5668, 0.0542, -0.2255, -1.6550]
026: [-2.0544, -0.9334, 0.4481, 0.4586, -0.9107, 0.0336, 1.0443]
027: [-1.5959, -1.1269, -0.5239, -0.6160, 0.7940, 0.7624, 0.0950]
028: [-0.5373, -0.3925, -0.0089, -1.0426, 1.7163, -0.9931, -0.8764]
029: [-1.0495, 1.0578, 0.1371, 0.3811, -0.1085, -0.1141, -1.5029]
030: [-0.1489, 2.1106, 0.9236, 0.6135, 0.1418, -2.4898, 1.2165]
031: [1.5858, 0.0829, -0.6986, 0.5118, 0.0202, 1.4803, -0.9370]
032: [0.1169, -0.0306, 0.2043, -1.2489, -0.7261, -0.2273, -0.6427]
033: [0.3813, 0.4563, -1.1063, 0.6072, 1.4472, 1.2046, -1.5891]
034: [1.5716, 0.7628, 2.5186, 1.1599, -0.7792, -1.0376, -1.8504]
035: [1.5085, -1.3180, 0.8033, -0.0703, 1.6968, 0.3124, 0.4424]
036: [-1.0363, -1.7931, -0.3437, 0.7157, -0.6646, 1.3477, 0.2448]
037: [-0.6193, -0.5588, 0.0011, 0.2314, 0.5403, 0.0015, 0.6047]
038: [0.8255, -0.4004, 2.4107, 1.3666, 1.6769, 0.5810, 0.3264]
039: [1.5080, -1.1676, -1.5869, -0.4343, -1.9832, -0.3746, -1.1318]
040: [1.3847, -0.2071, 0.3139, -0.3434, 1.3699, 0.3414, 1.7311]
041: [1.5844, -1.2903, -0.3239, -0.1342, 0.3941, -0.4495, 1.2076]
042: [-1.9527, -1.8086, -0.1761, -1.5359, -0.8966, 1.3188, -0.5479]
043: [0.6310, -0.1998, 1.8227, 0.2896, -0.0119, 0.6274, 0.3910]
044: [-1.1542, 0.4225, -0.8347, 0.7997, -0.1118, 0.3519, -1.1150]
045: [1.3642, 0.0870, -2.2946, -0.3619, 1.1223, -0.5563, 0.8839]
046: [-0.8829, 0.4641, 0.9998, -1.3269, -0.0480, -1.3319, -0.5423]
047: [0.3926, 0.0723, -0.8749, -1.4593, 1.6494, -1.0896, -0.5272]
048: [-1.0816, -1.4683, 1.0781, -0.7202, -0.6328, 0.4595, 0.1776]
049: [-0.2043, 0.9760, 0.3805, -1.7117, -0.6481, 0.9319, -0.1130]
050: [0.6301, 0.7899, 1.1574, -1.6103, 0.3029, -0.1366, -0.0119]
051: [-1.9015, -0.5439, 0.4338, -1.5834, -1.8762, -0.5850, -0.3369]
052: [-0.4350, 1.5141, 0.3579, 1.1745, -0.1131, 1.6888, -2.0801]
053: [0.6943, 1.7006, -1.3861, -0.3633, -0.7046, 0.7184, 0.7642]
054: [-0.2174, -1.6155, 1.3745, -0.4696, -0.1695, -0.4943, 0.3589]
055: [0.9869, 0.2190, -0.6858, 1.2062, -0.7223, -0.4176, 0.6671]
056: [-0.0779, 0.4398, 1.2331, 1.2391, 1.3469, 1.0836, 1.4843]
057: [1.5010, 0.5306, 0.9012, -0.2142, -0.6266, 0.3287, 0.8228]
058: [-1.1483, 0.1455, -0.4367, -0.2078, -2.0502, 0.6000, -1.1016]
059: [-1.2993, 0.5720, 0.9295, 0.7823, -1.5827, 1.2913, -2.3358]
060: [0.4656, 0.0247, 0.2218, -1.2416, 1.4369, -0.9808, -0.2008]
061: [0.1094, 1.8958, -0.1482, -0.3367, 0.8038, 0.2597, 0.3713]
062: [0.6103, 0.7924, 0.1491, 0.6090, -2.1755, 0.0739, 2.5052]
063: [1.1969, -1.0499, -0.9938, -0.3024, -1.2146, 1.1205, 0.2162]
064: [0.7708, 0.4078, 1.0605, -0.7140, 1.5142, -2.1280, -0.4741]
065: [-0.3777, 0.1669, -1.8328, -1.3551, -2.2057, -1.5653, 0.8751]
066: [0.8844, -0.7237, 0.3207, -0.3992, -0.0328, -0.6963, -1.6747]
067: [-1.1290, 0.2740, -0.5477, 0.4334, 0.7359, 0.2865, 0.2070]
068: [-0.6150, -0.4326, 0.3497, 0.9675, -0.6647, -1.4172, 0.8987]
069: [0.3716, -0.2918, 1.4907, 0.6794, 2.3038, 0.5406, 1.3082]
070: [0.3374, 2.2630, -0.8543, -1.0452, 1.1036, -0.3673, -1.2990]
071: [-0.9124, 0.1171, 0.2133, -0.2662, -0.6685, 0.9571, -0.4822]
072: [-1.5140, 0.0216, 0.3939, 0.2923, -1.6875, 0.8353, 0.7995]
073: [-0.2753, -1.3258, -0.5917, -0.1903, -0.4879, 0.8525, -1.8751]
074: [-1.1737, 0.3543, 0.0295, -0.2638, 0.8940, 0.7252, 0.2506]
075: [-1.2173, 0.2265, -1.0095, -0.1508, 1.7700, -0.3981, 0.0337]
076: [0.4090, 0.1309, -0.0812, 0.8966, 1.6450, -2.2783, 1.9490]
077: [-1.7237, -0.1836, -0.1092, 0.1562, 0.8786, -0.8184, 0.6817]
078: [-0.0303, 0.3553, -0.7752, -0.1092, 0.3851, 1.2505, 0.9732]
079: [0.1351, 0.3944, -0.5318, -0.4286, -0.6755, 0.4604, -1.2470]
080: [1.0884, 1.8526, -0.7750, -1.4010, 0.1535, 0.9039, 0.6535]
081: [-1.1648, -0.7954, 0.2473, 0.9477, -0.8005, -0.1767, 0.9056]
082: [-0.7999, 0.4641, 1.6923, -0.2696, -1.1068, 0.5086, -0.7835]
083: [-0.0489, -0.9486, 0.3099, -1.1302, 0.8140, -1.2568, -1.3104]
084: [1.3991, 0.0087, 0.0096, 0.3163, 0.1030, 0.0467, -1.8248]
085: [0.5002, -1.6964, -0.6636, -0.0714, -0.3870, -0.3647, -1.4227]
086: [0.7013, -1.4278, -0.7053, 1.2064, 1.3166, -0.3047, 1.7801]
087: [-1.7080, -0.2210, -0.1975, -0.4482, -1.3387, -0.1962, -0.8234]
088: [-0.2417, 0.0675, 1.8583, 1.3531, -0.4505, 0.3392, -1.3940]
089: [-2.0301, -0.5163, 0.9737, -0.2631, 0.6435, -0.4021, -0.2138]
090: [-0.5582, -0.0881, 0.0953, 0.7826, 0.7302, -0.1832, -0.7362]
091: [0.0660, 0.1723, 1.1039, -0.9995, 0.7990, 2.0072, -0.9711]
092: [0.5317, -0.6556, -0.2254, 0.7999, -0.2692, 1.3070, -0.4104]
093: [0.8555, 0.0271, 0.7400, -0.3529, 0.6683, 0.3407, -1.1955]
094: [-1.7362, -0.8112, -0.3989, 0.4275, 0.9874, -0.0312, 0.7602]
095: [1.2352, 0.0566, 1.5317, 0.4732, 0.0247, 0.1907, -1.1179]
096: [-0.4333, 1.3235, 1.4527, -0.7218, -1.4646, 0.8645, 0.8100]
097: [-1.0194, -0.9711, -0.0360, 0.1395, 0.4121, 0.6315, 0.4106]
098: [0.9785, 1.2879, 0.4867, 1.3999, -1.2252, 1.5987, 0.0838]
099: [0.6317, 0.4456, -0.8462, 0.2237, 0.1676, 1.4474, 1.0636]
100: [2.4484, -0.6546, 1.2457, 0.6847, -0.6718, 0.3359, 0.8459]
101: [-0.1220, 1.2106, -1.4522, -1.2434, -0.7972, -0.9108, -0.0500]
102: [0.4992, -0.6281, 1.7096, -1.0522, -0.1288, -0.1657, -0.4123]
103: [-0.4985, -1.2135, -0.9910, 0.3015, 0.3514, 1.1699, 0.8622]
104: [-1.3428, -1.1857, 0.6457, 0.0383, 0.1101, 1.1199, -1.0149]
105: [-1.9487, -0.7965, -0.4155, -0.1648, -0.4872, -0.3667, -0.1034]
106: [-0.1352, -1.7435, -0.5984, -0.8126, -1.2753, 1.3429, -2.1941]
107: [0.8218, 0.4730, 0.0614, -0.4893, -0.9546, -0.8566, -0.3217]
108: [0.6164, -1.9964, -1.2748, 0.2450, 0.6364, 0.7852, 0.5454]
109: [0.5070, 1.4425, -1.3910, -1.5005, -1.2646, -0.6225, 0.7452]
110: [0.3586, 2.3548, 0.0707, 0.4195, 0.6124, -0.2485, -0.1282]
111: [1.3205, -0.0278, 1.9676, -1.4424, -1.1955, 0.1548, -0.5650]
112: [-0.0893, -1.2208, 1.3386, -1.6031, -1.8381, -0.9142, -0.9789]
113: [1.2851, 1.5980, 0.0046, -1.2476, 1.6540, -0.2160, 1.3268]
114: [-0.4907, 0.4412, -0.1171, 0.7918, 0.3079, 0.6630, -2.1151]
115: [-0.4656, -0.6887, -2.0281, 0.8836, 0.0237, 1.3700, 0.0121]
116: [-0.4622, -0.0368, 0.3747, -0.5987, -0.5597, 0.8206, 0.0298]
117: [0.5582, 2.0151, 0.6849, 1.9225, 1.7922, -0.1657, -1.2765]
118: [-1.2947, -0.5687, -1.4119, 1.0246, 0.7840, 0.9757, 0.4862]
119: [-0.6593, -0.8790, -0.2029, 0.5569, -1.3612, 1.9302, 0.6399]
120: [0.8097, 0.1379, -0.0275, 0.9822, -0.0221, 0.4790, -0.8840]
121: [1.5204, 0.6753, 0.6402, 0.1623, 0.1064, 0.2811, 1.4638]
122: [0.9357, 2.3471, -1.7844, 1.0611, 1.9965, -3.2585, -0.2029]
123: [2.1960, -0.7675, -0.0081, 0.6765, -0.6596, 0.7062, -1.9295]
124: [-2.6754, 0.7521, -0.8716, 2.3915, -1.9014, 0.4154, 0.0742]
125: [0.7573, 0.5943, -0.9497, 1.0772, 0.4522, -0.5641, -0.5021]
126: [0.9667, 0.6141, 0.8554, 0.9439, 0.9363, -0.5396, 0.7603]
127: [0.3834, 0.6521, -1.8633, 0.6174, 0.0301, -0.6840, 0.8274]
128: [-0.8215, -1.1686, -0.7285, -1.2603, -0.4224, -0.7999, 1.3553]
129: [0.7649, 1.7735, 0.4332, -0.1781, 1.0830, 0.7800, 0.2086]
130: [1.0404, -1.0460, 1.2963, 1.8551, -0.4656, -1.4702, 0.8102]
131: [0.3044, -0.1604, 1.0875, -0.9855, 2.1575, -1.1203, -0.6279]
132: [-0.5318, 0.7728, -0.0675, -0.2839, 0.3390, -0.3150, 1.9358]
133: [-0.8971, -0.9136, -1.8190, 0.2234, -1.1193, -0.5552, -0.6373]
134: [0.2246, -1.8056, -1.4271, -0.1069, 1.2308, 0.5269, 0.5225]
135: [0.5817, 1.4708, -2.3489, -0.4072, -1.0585, -0.0250, -1.3910]
136: [0.4609, -0.0782, 0.3420, -0.8970, 0.2260, -1.1060, 1.3184]
137: [-1.6323, 1.5083, -0.8131, 0.5855, -0.6621, 0.8610, -0.9809]
138: [-1.0926, 1.0490, 1.1004, -0.6442, -1.2681, 0.3990, -0.6207]
139: [0.3505, -0.5573, 1.6048, -0.3785, 0.0602, -0.0872, 0.1965]
140: [-0.1176, 1.0430, 0.5300, 0.8267, -1.0933, -0.0641, 0.9253]
141: [2.5967, 1.5895, -0.0214, -0.0508, -0.4409, 0.1040, 0.5985]
142: [0.2811, 0.9785, -0.1230, -1.2029, -0.7940, 0.7658, 0.5602]
143: [-0.7764, -0.1227, -1.0372, -0.8922, 0.1638, -0.8921, 0.2029]
144: [-1.5586, 0.2826, -0.2152, -0.5167, -0.4025, 0.3507, -1.6897]
145: [-0.6912, 2.6367, 0.4104, 0.6150, 0.4879, 1.0787, -0.5512]
146: [-0.4298, 1.0530, 1.0625, -0.2175, 1.6678, -1.1705, -0.8485]
147: [-2.0072, 1.4658, 0.4097, 0.5655, 0.0191, 0.1312, 1.5968]
148: [0.4809, 0.8027, 0.7144, 0.1030, -0.4421, 0.7245, 1.6996]
149: [1.0112, 0.7023, -1.3733, -1.9414, -0.8401, 1.1055, 0.2470]
150: [-0.4422, 0.7232, -0.1765, 0.9750, 0.4250, 0.2047, 0.5960]
151: [-0.9064, -0.8536, -0.7481, -0.6646, -0.4081, -0.1601, -0.0531]
152: [0.5598, 1.3489, 0.0528, -0.9834, 0.0802, 0.4057, 0.5173]
153: [-0.0734, 2.4002, 1.8528, -1.0685, 0.3360, 0.8757, -1.0159]
154: [1.0707, -2.0038, -0.3761, -1.2236, -0.6129, -0.8814, 1.1101]
155: [0.9284, 0.7586, -0.4974, -0.3926, -0.2699, 0.9660, -1.4275]
156: [0.5722, 0.3132, 0.1270, -1.5604, 1.3294, 1.2667, 0.6040]
157: [0.4639, -0.1404, 0.8977, -1.7779, -1.3180, -1.0905, 0.6601]
158: [-1.0288, 0.2852, -1.9748, 2.9199, -0.1913, 1.3216, -0.3673]
159: [-0.4703, 1.6355, -0.8247, 1.0445, -0.9844, -1.8106, -0.1418]
160: [-0.3722, -0.5565, -1.1470, -1.7911, 0.1909, -0.9868, -1.3233]
161: [1.8648, -1.3419, -0.2048, -0.2612, 1.4099, -0.2973, 1.8516]
162: [0.2109, 1.5987, 1.5077, -1.5063, 0.8530, 1.0637, 1.1533]
163: [1.9983, 0.2773, 1.7400, -0.5014, -0.2506, -0.3671, -1.1384]
164: [-1.5085, -0.4486, 0.9838, 0.4554, 0.3539, 0.2945, -1.6623]
165: [0.1544, 1.1005, 0.9398, 0.7129, 1.6550, 0.1059, 1.7254]
166: [2.0171, -2.1984, -0.0102, -1.1830, -0.2052, 1.8417, 0.3518]
167: [0.0585, -0.3649, -0.3436, -0.6780, 1.1271, -1.1094, 1.0718]
168: [-0.0371, -0.8125, -0.8169, -0.7033, 0.1537, -0.0777, -0.0717]
169: [0.5563, 0.0187, -0.9739, -0.1638, 0.6358, -1.8459, -0.1088]
170: [0.7883, 1.5655, 0.1633, 1.8473, -2.0395, -0.0748, 0.5109]
171: [1.0356, -0.7405, -0.8449, -1.7661, -0.1739, 0.8282, 0.9358]
172: [1.3992, -0.5594, -0.5739, -0.2219, -0.3130, -0.6917, -0.2063]
173: [-2.2071, -1.2346, -1.3317, 0.1056, -1.3537, 0.7457, -0.6702]
174: [0.9240, -0.2988, 0.9425, -0.4139, -0.2908, -0.2490, -0.5101]
175: [-0.4177, -0.1409, -0.7140, -0.7538, 1.0438, 0.7354, -0.7179]
176: [0.7317, 1.3733, 0.8209, 0.2566, 0.1542, 1.3394, 0.6701]
177: [-0.4098, -1.9498, -0.4149, 0.7481, -0.2466, -0.2571, 0.0921]
178: [0.0418, 0.4163, -0.1814, 1.8112, -0.2968, -0.4404, -0.1430]
179: [0.5165, 0.5609, -0.0796, 0.0051, -1.0769, -2.0070, -0.5488]
180: [1.0599, 0.8726, -0.0691, 1.5478, 0.2219, -0.0122, 0.7872]
181: [0.0872, 0.5013, 0.2604, 0.4703, 0.6113, 0.7558, 1.3421]
182: [-1.7853, -0.6516, 1.2294, -0.9350, -0.6052, 0.3237, 1.0981]
183: [-0.5913, -0.1370, -0.1439, 0.3604, -0.9467, -1.6406, 0.1574]
184: [1.5371, -0.9628, -0.3006, 0.7448, 0.5068, 0.0048, -0.8742]
185: [-0.1195, -1.1108, -0.4676, 0.9942, -2.4611, 0.3713, -1.4882]
186: [1.1356, -0.0420, 1.3208, 0.2898, -0.1262, 0.0988, -1.1059]
187: [1.1528, 0.1553, 0.2907, 1.3072, -2.6333, -0.2405, 1.3864]
188: [0.6289, -0.0125, 0.5504, 0.1858, 0.7629, 0.8628, -0.0569]
189: [-0.1596, 0.2845, 0.2073, -0.9686, -1.1983, -0.7011, 0.2989]
190: [-0.3269, 0.1348, 1.9336, -0.5660, 0.6750, -0.4285, 1.6701]
191: [-0.2730, 0.4466, -0.3126, 1.4313, 1.3490, 0.7998, 0.7951]
192: [0.9531, 0.3655, -1.2138, 0.5920, -0.0521, 0.5446, -1.1459]
193: [-0.8851, 0.4480, -0.2919, 1.6389, 0.8158, 0.3671, 1.7185]
194: [0.1881, 0.5196, 1.4495, -0.8380, 0.4528, -0.7353, -0.8899]
195: [1.7939, -0.6496, 0.1182, 0.1382, -0.6925, -1.9694, 1.6380]
196: [-0.4206, -0.3057, -3.3621, -0.7064, 1.9487, 1.1848, -1.5228]
197: [1.1396, 1.0118, -0.1561, -0.3738, 0.5371, 0.9971, 0.9536]
198: [1.4421, 0.6518, 0.8313, 0.7154, -0.4582, -0.2064, 1.6005]
199: [0.1268, -1.5553, -0.9839, 0.1883, -0.2105, -0.0189, -1.6427]
Dim:200 x 2
000: [0.7323, 1.4246]
001: [-1.5573, -1.9995]
002: [0.4957, 0.8378]
003: [1.4317, 1.2062]
004: [0.2839, 0.6301]
005: [0.4769, 1.1937]
006: [0.4207, -2.2674]
007: [-1.9265, 0.6074]
008: [-1.1772, -0.8818]
009: [0.3060, 0.7377]
010: [0.8945, -0.1937]
011: [0.5677, -0.4748]
012: [-1.2726, 1.5252]
013: [0.8331, -0.4698]
014: [0.5011, -1.1738]
015: [-0.9975, -1.0221]
016: [-0.8207, 2.7033]
017: [0.7709, 0.4456]
018: [-0.4671, 0.1273]
019: [-1.1412, -0.5821]
020: [1.3282, -1.3773]
021: [0.0276, -0.9941]
022: [0.6279, 0.5374]
023: [-0.8987, 1.5555]
024: [0.7362, -1.9670]
025: [1.3228, 0.5662]
026: [1.1473, -1.6783]
027: [1.4119, -1.3192]
028: [0.1214, 0.1816]
029: [0.8575, 1.3294]
030: [-2.4698, 0.3352]
031: [0.2756, 0.7307]
032: [0.4589, 0.8130]
033: [0.6319, 0.7816]
034: [-0.8505, 2.6349]
035: [-1.0557, -0.8298]
036: [1.9318, -1.6294]
037: [0.1117, -1.0965]
038: [-1.4147, -0.3262]
039: [1.3608, 0.5822]
040: [-1.9234, -1.2238]
041: [-0.9949, -1.3446]
042: [2.8622, -0.8103]
043: [-0.7094, 0.0191]
044: [1.3819, 0.3633]
045: [-1.0713, -0.9405]
046: [-0.0485, 0.8934]
047: [-0.5191, 0.2996]
048: [1.2130, -0.8059]
049: [0.1462, 0.9282]
050: [-1.0701, 1.0169]
051: [1.7801, 0.1312]
052: [1.0841, 1.9665]
053: [-0.6789, 0.2824]
054: [0.2412, -0.8071]
055: [-0.6200, -0.4211]
056: [-1.3752, -1.1665]
057: [-1.3441, 0.3076]
058: [2.1005, 0.7797]
059: [2.3050, 1.8969]
060: [-0.9016, 0.2889]
061: [-1.2142, 0.5779]
062: [-1.2595, -1.0545]
063: [0.7647, -0.5204]
064: [-1.6608, 0.9139]
065: [0.4794, -0.4429]
066: [0.5267, 1.1796]
067: [0.3689, -0.6908]
068: [-0.2026, -1.0208]
069: [-1.7145, -1.2903]
070: [-0.6972, 2.0094]
071: [1.1401, 0.2758]
072: [1.0640, -0.7501]
073: [2.3234, 0.4693]
074: [0.2535, -0.4890]
075: [0.1233, -0.7465]
076: [-2.4162, -1.6582]
077: [0.1575, -1.2509]
078: [-0.1851, -0.8870]
079: [0.9448, 1.1361]
080: [-1.2775, 0.7099]
081: [0.6583, -1.4191]
082: [0.7070, 1.1390]
083: [0.4870, 0.5748]
084: [0.2551, 1.5527]
085: [1.4990, 0.1417]
086: [-0.9496, -2.5392]
087: [1.8869, 0.2602]
088: [0.6047, 1.1680]
089: [0.8423, -0.5133]
090: [0.4324, 0.0598]
091: [0.4510, 0.9377]
092: [0.7885, -0.2011]
093: [-0.1004, 1.1364]
094: [0.6660, -1.8195]
095: [-0.3971, 1.3363]
096: [-0.4233, 0.5832]
097: [0.8335, -1.2780]
098: [-0.3748, 0.7827]
099: [-0.4690, -0.7894]
100: [-1.3888, -0.1811]
101: [-0.0146, 0.6575]
102: [-0.1717, 0.6194]
103: [0.8632, -1.8711]
104: [1.9006, -0.2299]
105: [1.6200, -0.8674]
106: [3.0084, 0.7272]
107: [-0.3657, 0.9273]
108: [0.6865, -1.8602]
109: [-0.6410, 0.4735]
110: [-1.4281, 1.2279]
111: [-0.4098, 1.5424]
112: [1.1478, 0.9088]
113: [-2.6330, 0.0860]
114: [1.3181, 1.3500]
115: [1.4954, -1.2474]
116: [0.5938, 0.0123]
117: [-1.3091, 1.6152]
118: [1.0912, -1.7296]
119: [1.4737, -1.1939]
120: [0.1714, 0.6562]
121: [-1.9427, -0.3248]
122: [-2.4851, 0.8246]
123: [0.6886, 1.4368]
124: [1.9909, -0.7079]
125: [-0.4098, 0.3599]
126: [-1.8250, -0.1601]
127: [-0.5926, -0.7280]
128: [0.3893, -1.7255]
129: [-1.5115, 0.8236]
130: [-1.0666, -0.8463]
131: [-1.0191, 0.5012]
132: [-1.2350, -1.2169]
133: [1.9427, -0.5437]
134: [0.5891, -1.8957]
135: [0.7829, 1.6072]
136: [-1.3258, -0.7116]
137: [1.3859, 0.8329]
138: [0.6907, 1.2249]
139: [-0.4639, -0.0045]
140: [-0.6636, -0.0633]
141: [-2.1418, 1.0572]
142: [-0.3252, 0.3858]
143: [0.3650, -0.5328]
144: [1.8917, 1.0283]
145: [-0.4738, 1.4211]
146: [-0.9245, 1.0736]
147: [-0.5154, -0.9761]
148: [-1.3073, -0.5942]
149: [0.0392, 0.4890]
150: [-0.4137, -0.5222]
151: [1.2092, -0.6869]
152: [-1.0477, 0.5601]
153: [-0.8222, 2.4438]
154: [-0.1299, -1.4135]
155: [0.4690, 1.5684]
156: [-0.8179, -0.1889]
157: [-0.5860, 0.2735]
158: [1.5759, -0.8940]
159: [-0.3513, 0.6840]
160: [1.1564, 0.5920]
161: [-1.7757, -1.9034]
162: [-1.7715, 0.3938]
163: [-0.9927, 1.9514]
164: [1.5907, 0.6055]
165: [-2.2119, -0.9055]
166: [0.4035, -0.8613]
167: [-0.9747, -1.1242]
168: [0.6128, -0.5412]
169: [-0.6603, -0.0378]
170: [-0.7456, 0.6421]
171: [-0.1249, -0.7913]
172: [-0.2531, 0.1298]
173: [3.0872, -0.9169]
174: [-0.2548, 0.7207]
175: [0.7549, 0.0405]
176: [-1.2028, 0.3965]
177: [1.1941, -1.4511]
178: [-0.0822, -0.0165]
179: [-0.3767, 1.0284]
180: [-1.3776, -0.2410]
181: [-0.9985, -0.9320]
182: [0.6346, -1.1471]
183: [0.2081, -0.2572]
184: [0.0575, 0.1590]
185: [2.4142, 0.5104]
186: [-0.2268, 1.2646]
187: [-0.6415, -0.4356]
188: [-0.4034, 0.0411]
189: [-0.0178, 0.2748]
190: [-1.5886, -0.8639]
191: [-0.5829, -1.0694]
192: [0.4814, 0.8104]
193: [-0.7098, -1.8206]
194: [-0.5591, 1.3455]
195: [-1.8072, -0.9551]
196: [1.7925, -0.2307]
197: [-1.3545, -0.0575]
198: [-1.9701, -0.3924]
199: [1.8659, 0.1216]
Size is: 2500 x2350...
Iter 0...
Iter 100...
Iter 200...
    Tr time: 16938
Par Tr time: 4582
    Tr time: 1675
Par Tr time: 778
Tests run: 7, Failures: 0, Errors: 0, Skipped: 0, Time elapsed: 142.51 sec
Running com.jujutsu.tsne.barneshut.ParallelBHUtilsTest
Tests run: 1, Failures: 0, Errors: 0, Skipped: 0, Time elapsed: 0.01 sec
Running com.jujutsu.tsne.barneshut.BHUtilsTest
Tests run: 12, Failures: 0, Errors: 0, Skipped: 0, Time elapsed: 0.023 sec

Results :

Tests run: 20, Failures: 0, Errors: 0, Skipped: 0

[INFO] 
[INFO] --------------------< com.jujutsu.tsne:tsne-demos >---------------------
[INFO] Building Java T-SNE Demos 2.5.1                                    [2/3]
[INFO] --------------------------------[ jar ]---------------------------------
[INFO] 
[INFO] --- maven-resources-plugin:2.6:resources (default-resources) @ tsne-demos ---
[INFO] Using 'UTF-8' encoding to copy filtered resources.
[INFO] Copying 11 resources
[INFO] 
[INFO] --- maven-compiler-plugin:3.1:compile (default-compile) @ tsne-demos ---
[INFO] Changes detected - recompiling the module!
[INFO] Compiling 8 source files to /workdir/T-SNE-Java/tsne-demos/target/classes
[INFO] 
[INFO] --- maven-resources-plugin:2.6:testResources (default-testResources) @ tsne-demos ---
[INFO] Using 'UTF-8' encoding to copy filtered resources.
[INFO] skip non existing resourceDirectory /workdir/T-SNE-Java/tsne-demos/src/test/resources
[INFO] 
[INFO] --- maven-compiler-plugin:3.1:testCompile (default-testCompile) @ tsne-demos ---
[INFO] No sources to compile
[INFO] 
[INFO] --- maven-surefire-plugin:2.12.4:test (default-test) @ tsne-demos ---
[INFO] No tests to run.
[INFO] 
[INFO] -------------------< com.jujutsu.tsne:tsne-package >--------------------
[INFO] Building Java T-SNE Package 0.0.1-SNAPSHOT                         [3/3]
[INFO] --------------------------------[ pom ]---------------------------------
[INFO] ------------------------------------------------------------------------
[INFO] Reactor Summary:
[INFO] 
[INFO] Java T-SNE 2.6.2 ................................... SUCCESS [02:24 min]
[INFO] Java T-SNE Demos 2.5.1 ............................. SUCCESS [  1.362 s]
[INFO] Java T-SNE Package 0.0.1-SNAPSHOT .................. SUCCESS [  0.055 s]
[INFO] ------------------------------------------------------------------------
[INFO] BUILD SUCCESS
[INFO] ------------------------------------------------------------------------
[INFO] Total time:  02:25 min
[INFO] Finished at: 2021-02-15T01:08:48Z
[INFO] ------------------------------------------------------------------------
