[INFO] Scanning for projects...
[WARNING] 
[WARNING] Some problems were encountered while building the effective model for com.jujutsu.tsne:tsne:jar:2.6.2
[WARNING] 'build.plugins.plugin.version' for org.apache.maven.plugins:maven-surefire-plugin is missing. @ line 56, column 12
[WARNING] 
[WARNING] Some problems were encountered while building the effective model for com.jujutsu.tsne:tsne-demos:jar:2.5.1
[WARNING] 'build.plugins.plugin.version' for org.apache.maven.plugins:maven-surefire-plugin is missing. @ line 90, column 12
[WARNING] 
[WARNING] It is highly recommended to fix these problems because they threaten the stability of your build.
[WARNING] 
[WARNING] For this reason, future Maven versions might no longer support building such malformed projects.
[WARNING] 
[INFO] ------------------------------------------------------------------------
[INFO] Reactor Build Order:
[INFO] 
[INFO] Java T-SNE                                                         [jar]
[INFO] Java T-SNE Demos                                                   [jar]
[INFO] Java T-SNE Package                                                 [pom]
[INFO] 
[INFO] -----------------------< com.jujutsu.tsne:tsne >------------------------
[INFO] Building Java T-SNE 2.6.2                                          [1/3]
[INFO] --------------------------------[ jar ]---------------------------------
[INFO] 
[INFO] --- buildnumber-maven-plugin:1.2:create (default) @ tsne ---
[INFO] Checking for local modifications: skipped.
[INFO] Updating project files from SCM: skipped.
[INFO] Executing: /bin/sh -c cd /workdir/T-SNE-Java/tsne-core && git rev-parse --verify HEAD
[INFO] Working directory: /workdir/T-SNE-Java/tsne-core
[INFO] Storing buildNumber: b684ac22dcc5d6014e8d16a9edfa4c50be9887eb at timestamp: 1613352557351
[INFO] Executing: /bin/sh -c cd /workdir/T-SNE-Java/tsne-core && git rev-parse --verify HEAD
[INFO] Working directory: /workdir/T-SNE-Java/tsne-core
[INFO] Storing buildScmBranch: UNKNOWN
[INFO] 
[INFO] --- maven-resources-plugin:2.6:resources (default-resources) @ tsne ---
[INFO] Using 'UTF-8' encoding to copy filtered resources.
[INFO] skip non existing resourceDirectory /workdir/T-SNE-Java/tsne-core/src/main/resources
[INFO] 
[INFO] --- maven-compiler-plugin:3.1:compile (default-compile) @ tsne ---
[INFO] Nothing to compile - all classes are up to date
[INFO] 
[INFO] --- maven-resources-plugin:2.6:testResources (default-testResources) @ tsne ---
[INFO] Using 'UTF-8' encoding to copy filtered resources.
[INFO] Copying 3 resources
[INFO] 
[INFO] --- maven-compiler-plugin:3.1:testCompile (default-testCompile) @ tsne ---
[INFO] Nothing to compile - all classes are up to date
[INFO] 
[INFO] --- maven-surefire-plugin:2.12.4:test (default-test) @ tsne ---
[INFO] Surefire report directory: /workdir/T-SNE-Java/tsne-core/target/surefire-reports

-------------------------------------------------------
 T E S T S
-------------------------------------------------------
OpenJDK 64-Bit Server VM warning: Ignoring option MaxPermSize; support was removed in 8.0
Running com.jujutsu.tsne.MatrixOpTest
Size is 2500 x 2350...
Iter 0...
Iter 100...
Iter 200...
    Tr time: 5295
Par Tr time: 3706
Dim:200 x 7
000: [1.0624, -0.4462, -0.5862, -0.8552, -0.3769, 0.3531, 0.6411]
001: [0.3568, 0.6236, 0.0911, -1.1371, -1.1964, 1.5193, -0.8098]
002: [0.7222, -0.1739, -0.2466, 1.0493, -1.1137, -1.1991, -1.2485]
003: [0.2432, -2.0091, 1.2258, -0.8936, 2.0494, 0.5302, -0.2691]
004: [-1.1720, 1.4001, -0.2940, -0.0087, 1.3305, -0.0592, 0.0222]
005: [-0.4278, -0.4583, 0.4912, 1.1050, -0.9422, -0.0748, -0.4131]
006: [0.0319, -1.2374, -1.0954, 0.0527, -2.1888, 0.1177, 0.6219]
007: [-0.2814, -1.4298, 0.3639, 3.0330, 0.1311, 0.7590, -0.5886]
008: [-0.1743, 1.2904, 0.3920, 0.5342, -0.6055, -1.3115, -0.4928]
009: [0.0779, 0.4402, 0.2971, -0.1225, 0.3374, -0.0569, -0.0974]
010: [0.4204, -2.6004, -0.5174, 0.9424, 0.6431, 0.6579, -0.4046]
011: [-1.3421, 0.4285, -0.3861, -0.2149, 0.3052, -1.2280, -1.2598]
012: [-0.3623, 0.4208, -1.0508, -0.3037, -0.3298, 0.7335, 0.3711]
013: [-0.1805, 1.5171, 0.6062, 0.2127, -0.3745, 0.4455, -0.8801]
014: [-0.4346, -0.4055, -1.8764, 0.0959, 1.3938, -0.5193, 0.2857]
015: [-0.7188, -0.9985, 0.2361, -0.1475, 0.6541, 0.9312, -1.0392]
016: [0.9121, 0.6610, -0.6158, -0.4980, -0.3742, 0.6493, -0.8285]
017: [0.2882, 1.2997, 0.6475, 1.0340, 0.3929, -0.4158, 0.2419]
018: [0.4062, 0.0447, -1.0629, -0.7707, -0.6939, 0.2974, -1.0043]
019: [0.0215, -0.1467, 0.1985, 2.0126, 2.8990, 0.3045, 2.2505]
020: [0.8884, -0.1600, -0.3431, 0.4047, 0.6257, -0.3385, 0.9781]
021: [1.2592, -1.4408, 2.6321, 0.8637, -0.2354, -0.5338, 2.2474]
022: [0.5652, -1.0682, -1.9076, -2.6048, 0.2307, -0.7621, -0.2013]
023: [0.4858, -0.6342, 0.7427, 0.7637, 0.8890, -0.0020, -0.6008]
024: [1.0257, -1.9237, 0.2025, 0.3893, -1.4484, -1.3024, 0.9900]
025: [-0.1433, 1.2843, 2.5166, -1.6211, -0.0334, 0.8515, -2.3757]
026: [-0.6522, -0.1444, 0.7121, -0.2587, -1.0297, -0.3429, 0.2228]
027: [-0.4253, -1.1394, 1.6927, 0.7940, 0.8977, -0.5202, 0.9008]
028: [-0.9687, 0.8669, 0.0445, 0.9043, -1.2339, 1.0381, -2.2707]
029: [0.2604, -0.7849, 0.1467, -1.1734, -1.0663, 1.9488, -0.1629]
030: [-1.3194, -0.6366, -0.9612, 0.2800, -0.0917, 0.2725, -1.6198]
031: [-0.5772, -2.0429, -1.4119, -0.1130, 0.6178, 0.5920, -0.4097]
032: [0.3563, -1.8547, 0.2047, 2.3696, -0.0166, 0.7785, 0.3969]
033: [-0.9229, -1.5731, -1.5327, -0.6949, -0.0593, 0.1380, 0.4563]
034: [1.5831, -0.3339, -1.5981, 1.1051, 0.8101, -0.6636, -1.0432]
035: [-0.0196, 1.7321, 0.3388, -0.3973, -0.0541, 0.1228, 0.8607]
036: [0.6046, 1.1962, -0.2670, -0.7455, 1.0964, -0.0927, -1.1197]
037: [1.2463, 0.4815, -1.5957, -1.0369, 0.2339, -0.6078, 0.2184]
038: [-2.1847, 0.3310, -0.2636, -1.6817, -0.2155, -1.3979, -1.6328]
039: [-0.0293, 0.5749, -0.6735, 1.6631, -0.0143, -0.3219, 0.1793]
040: [-0.2487, 0.3683, 0.5514, -0.2399, -1.5122, 1.5176, 0.1349]
041: [1.0922, -0.9028, -1.3218, -0.3741, -0.9983, -0.6767, -0.2884]
042: [0.3715, -0.8925, -0.1684, -0.3161, -0.5630, -0.1138, 1.4725]
043: [-0.2415, 0.9256, -0.2676, -0.4673, 0.6547, -0.7696, -0.2521]
044: [1.4485, -1.2175, 0.1227, 0.6824, -1.2605, 0.7814, 0.4856]
045: [-0.2555, 0.0643, -0.2517, -1.0100, -1.1040, -0.0994, -0.6582]
046: [0.1476, 0.0342, -0.7129, 0.6178, 0.3245, -0.0607, 0.9442]
047: [-0.8025, 0.3709, -0.8887, 0.6156, -1.6573, -1.4947, -0.1662]
048: [-0.9240, 0.3338, 0.0909, -0.3653, 0.3262, 0.2761, 1.2448]
049: [-0.0323, -0.0233, 0.1579, 0.8273, -0.1339, -0.7712, 0.7963]
050: [-0.2869, -0.6129, -0.7875, 0.3577, 0.5888, -0.2313, 0.0304]
051: [1.5471, -0.2110, 0.7122, 0.0393, 2.8121, -0.3360, -0.8549]
052: [-1.2685, -0.9169, 0.1134, -0.1271, -0.1521, -0.5473, 0.3700]
053: [-0.4925, -0.6027, 1.7624, 1.3367, -1.8368, -1.0318, 0.4404]
054: [-0.2763, 0.1866, -0.3118, 0.2148, -1.0250, -0.5609, -1.0437]
055: [-1.0974, -0.3496, -1.0112, 1.9982, -0.6465, -1.0884, 0.7086]
056: [2.2429, -0.8002, 0.9185, 2.4253, 1.9431, -0.1463, -1.4616]
057: [0.4841, -1.8949, -0.0447, -0.0217, 0.1389, 0.8636, -1.7879]
058: [-1.2416, 0.9258, 0.7534, -0.5807, -0.0953, -0.1025, 1.9248]
059: [-2.4739, 0.0614, 2.2413, -0.5867, -0.2304, -0.7363, -0.1694]
060: [0.3266, 0.0492, 1.5124, 0.1702, 0.6343, -0.4267, 0.1166]
061: [-0.2425, -0.2439, -0.2053, 0.6395, 1.0972, -1.1724, 2.8559]
062: [0.7092, 1.5863, 1.8351, -0.4001, -0.6535, -1.8800, 0.2019]
063: [-0.3012, 2.0204, 1.6920, 0.0471, 0.2333, -0.2192, 0.6212]
064: [-0.6534, 0.1578, 0.5821, -0.0654, 0.9928, -0.6704, -0.0125]
065: [-0.6037, 1.7981, -0.4918, 1.8655, -1.0097, 0.9355, -1.8118]
066: [-0.6788, 0.8577, 0.6546, 1.9592, 0.1705, -0.0354, 0.2529]
067: [1.1604, -0.4129, 1.6275, -1.0093, 0.2407, -0.4606, 0.1783]
068: [-0.3813, 2.3432, -0.4630, 0.2521, 0.0972, -0.5694, -0.0570]
069: [-0.5124, 1.4367, -0.2564, -0.1328, 0.4133, -0.0729, -0.3252]
070: [0.5420, -0.2810, -0.7325, 0.2252, 0.2908, -0.5449, -1.0230]
071: [0.2902, 0.3391, 0.0958, -0.7226, -1.4020, -0.1546, -0.1683]
072: [-2.1795, -1.0223, 0.8097, 0.3137, -0.7938, 0.5429, -0.5475]
073: [-0.1762, -0.1355, -0.8334, 0.0354, 0.8234, 0.6802, 0.4443]
074: [-0.0840, 1.6603, 0.4357, -0.7000, -0.5135, 0.1148, 0.2967]
075: [1.4180, 1.1138, 0.5617, 2.0608, -0.1532, -0.5284, -0.5815]
076: [-0.7134, 0.0610, -1.5761, 0.6234, 1.4145, 0.0320, -0.4158]
077: [0.2402, -1.2036, 0.2599, -1.2577, -0.4935, -0.0353, 0.0546]
078: [0.8799, -0.2847, -0.6043, 1.0474, 2.9364, 0.6142, 0.0486]
079: [-0.5037, -0.2029, -1.2257, 0.8330, 0.1200, -0.5298, 1.5045]
080: [-0.4596, -0.0882, -0.5929, 0.8691, 1.4970, -0.4984, 0.6861]
081: [1.2503, 1.2579, -0.5566, -0.2685, 0.1694, 0.9224, -0.6043]
082: [1.7468, 0.1276, -0.3492, 0.4477, 0.4511, 1.2154, -1.1200]
083: [1.4489, -1.4219, -0.2122, -1.8065, -1.6549, -0.1819, -2.2119]
084: [0.0140, 0.0552, 1.0554, -0.7364, 1.3656, 0.9223, 0.1604]
085: [-0.7853, 0.5532, -0.3237, 0.6145, 0.2484, -0.8285, -0.0250]
086: [0.4134, 1.0447, 0.2671, -0.7582, 2.7047, -1.2521, -0.1328]
087: [-1.2848, 0.7604, 0.8435, -2.1008, 0.5951, -0.2552, 0.7829]
088: [1.1604, 0.3840, 0.8590, 0.4449, 1.1544, 0.6927, 0.0636]
089: [-0.7104, -0.2888, -0.0379, 0.1856, 0.7426, -2.3153, -0.0945]
090: [-1.3619, -0.3755, -0.8751, -1.6153, 1.6894, 2.4879, 0.4121]
091: [0.1961, -0.1248, 0.8835, 0.4998, -0.8232, -0.3289, 2.3148]
092: [-0.8204, 0.9043, 0.4918, 0.2782, 0.6390, 0.5396, 0.6085]
093: [-1.0346, -1.1571, -0.6693, 0.4322, 1.1259, -1.2139, 1.1609]
094: [0.1566, 1.8442, 1.6479, 1.3189, -0.8680, -0.4861, -1.0331]
095: [0.7974, -0.4694, -0.5336, 0.3714, -1.7434, -2.1536, 1.5093]
096: [1.2597, 1.0680, -2.2071, -0.0184, 0.5098, -0.9161, 0.4430]
097: [0.4844, 1.7416, -0.3743, 1.7366, -0.2408, 0.5336, 1.4477]
098: [0.3009, -0.2563, -1.0274, -1.4641, 0.8800, -0.1293, 1.2109]
099: [0.9013, 0.8112, 0.6925, 0.3752, 0.0874, 1.0265, -0.6002]
100: [-1.6544, -0.4072, -0.9664, -0.7623, 0.9871, 2.3781, -1.2375]
101: [-0.4008, -0.3438, 0.3584, 1.0690, 0.1389, 0.0801, 0.0625]
102: [1.3194, 0.5708, 0.0423, 1.5258, 0.8331, 2.0076, -0.2661]
103: [0.9316, -0.6997, -1.7124, -0.9073, 0.6952, 0.2209, -0.3140]
104: [-0.3341, 0.3707, -1.1758, -0.3384, 0.1956, -1.6372, 0.5182]
105: [0.1453, -0.0574, -0.2538, -0.3083, 1.3456, 1.0014, -0.0144]
106: [1.6721, 0.4312, 0.1667, -0.1028, 0.7888, 1.0605, 1.8340]
107: [0.5503, -1.5170, 1.4308, 1.2297, 0.1090, 0.3598, -0.0182]
108: [-0.7669, 1.2762, 2.0219, 0.1817, 0.0331, 0.1409, -1.6680]
109: [-0.2427, -1.2542, 0.5059, -0.4742, -1.4300, -0.2394, 0.1262]
110: [1.0782, 1.2692, -0.7261, -0.4594, -0.0336, 2.1336, -1.0699]
111: [0.5179, -2.2494, -0.3932, 1.7962, 0.4153, -3.3137, -0.7384]
112: [-0.6000, -0.9142, -0.2067, -0.4608, -0.7334, -0.1206, 0.1657]
113: [0.2343, 0.8827, -0.6120, 0.1857, 1.8224, 0.2915, 0.8491]
114: [-0.1686, 0.6057, 0.0911, 0.3803, -0.0894, 0.0407, 1.3409]
115: [1.9893, 0.9477, 0.8920, -1.4826, -0.0398, 1.1034, 0.3734]
116: [-1.3253, 0.3533, -2.0089, 0.9914, -1.4579, 0.8773, -0.2760]
117: [-0.0247, -0.1450, 1.1845, -0.1196, 2.0020, -1.1316, -0.1301]
118: [0.0712, 0.0579, 1.0140, 1.7796, -0.8089, 0.3260, -1.7656]
119: [0.5562, 0.1913, 0.0690, 0.2417, -1.0564, -1.2374, 0.4543]
120: [0.6680, -0.4504, -1.8912, 0.2608, 0.5361, 0.1751, -1.2479]
121: [0.4963, 0.3127, 1.1651, -0.3269, -0.2466, 0.5046, -0.7792]
122: [1.6072, 0.5138, -0.5362, -1.0964, -0.9751, 0.2748, 0.5740]
123: [0.0907, 1.2750, -1.1833, 1.0499, 1.1719, 0.3274, -0.7858]
124: [-1.5073, 0.3071, -2.3758, -0.5568, -0.0542, -1.6850, 0.5263]
125: [-0.1369, -0.3676, -0.7355, 0.1652, -1.2721, 0.8065, 0.0800]
126: [0.3642, -1.2689, -0.3180, -1.6391, -0.2912, 0.9396, 0.6666]
127: [-1.1267, 0.5338, -1.8550, -2.2248, -0.2237, 0.1708, 0.4528]
128: [1.9613, -0.0295, 0.4957, 0.8131, 0.0284, 0.5871, 1.0755]
129: [-0.6875, -1.0281, -1.2947, -0.7885, 0.5201, 0.9803, 0.2073]
130: [0.0702, 0.0655, 2.0132, 0.4165, 2.1445, -1.2701, -0.7021]
131: [-0.6867, 0.1434, 0.9100, 0.3752, -0.2054, -0.8866, -0.5582]
132: [0.9431, 1.6606, 0.3809, 0.7718, 1.0381, -0.5592, 1.8464]
133: [0.5010, 1.0184, -0.2741, 0.2998, 1.9659, -0.6099, -0.7500]
134: [-1.1631, 0.2869, -0.4369, -0.1864, -1.8771, 0.6253, -0.0143]
135: [0.2928, 0.4316, -0.9039, 0.7667, 0.7328, -0.2752, -0.1890]
136: [0.7079, 0.3939, -0.7196, 1.2112, 0.5326, -0.4312, -0.3513]
137: [0.6736, 0.0309, 0.0272, 0.6854, -1.5692, -0.4660, 0.6286]
138: [-0.0316, 2.5231, -2.1405, 0.1482, 1.1138, -0.6969, 0.1476]
139: [-2.3272, 0.3112, 2.7322, -0.9107, -1.2690, -0.8532, 1.0126]
140: [0.2660, -0.4652, 1.1997, -0.3780, 0.5046, 0.0556, 1.7822]
141: [-0.2233, -0.8362, -1.8377, -1.6375, 0.1436, 0.2521, -0.4849]
142: [-0.7414, 0.6375, -0.5373, -0.0788, 0.3552, -0.0057, 1.4809]
143: [-1.5825, 1.3034, -0.9134, -0.1030, 1.1847, -0.0520, 0.0491]
144: [1.0039, -1.9277, -1.4022, -0.2334, 0.7663, 0.2004, -1.6773]
145: [-0.5825, 0.6169, 0.0047, 1.1872, -1.1795, -0.6040, 1.7902]
146: [-0.8079, -0.8275, -0.1157, -0.4017, -0.8449, -0.3815, -1.8295]
147: [-1.5725, -0.0005, -0.1505, 0.6058, 0.2300, 2.8681, -0.8120]
148: [0.3287, 0.3020, -0.5931, -0.2260, -0.1304, -0.4249, -0.0967]
149: [-1.1244, 0.2326, -0.1963, -0.3526, 1.0411, 0.6128, -1.3081]
150: [-2.2723, -0.4696, -0.8086, 1.0804, 0.1848, -1.3513, -0.2830]
151: [-1.9295, -0.4663, 0.0264, 0.5639, -0.0588, 1.4440, -0.0615]
152: [-1.2059, 1.0186, -0.7230, -0.6402, 0.6325, 1.1053, -0.3195]
153: [0.9211, -1.4900, 1.9412, -0.4976, -0.5701, -1.0611, 0.3930]
154: [-1.7896, 0.7886, 0.7181, 0.6532, 1.1955, -0.3125, 0.4170]
155: [0.3644, 0.9248, -1.2868, -0.2842, 0.3516, -0.8256, 1.7095]
156: [0.2598, 1.0865, -0.0523, 1.0510, -0.1140, 0.8530, 1.5445]
157: [1.7951, 2.0666, -1.1409, -0.2230, 0.5001, -0.7603, 0.6979]
158: [-0.8623, -0.0225, -0.2444, 0.6160, 1.0712, 0.4185, 3.0566]
159: [-0.4384, -0.0496, -0.1064, 1.0771, -0.3390, -1.1982, 1.2741]
160: [0.4825, 1.1628, 1.3843, -0.8927, 0.1689, 0.2144, 0.1710]
161: [1.2105, 0.8809, 0.0671, -0.2980, -0.4123, 1.2659, -1.9747]
162: [-0.2044, -0.8676, -0.1977, -1.9881, -0.6060, -0.8628, -1.1574]
163: [-1.0819, -0.5696, -1.6662, 0.9794, 0.4521, -0.5016, 0.3736]
164: [2.1234, 1.5252, 0.5687, 0.0464, 0.6759, 0.9102, 2.2688]
165: [0.6271, 0.5274, -0.8999, -0.8538, 0.5768, 0.0100, 0.6240]
166: [-0.6359, -2.4517, -0.3816, 1.5880, 0.8007, 0.0870, -0.4034]
167: [-0.4155, -0.3029, 1.3574, 0.6310, 0.6894, -1.4499, 1.8846]
168: [-1.3391, -0.1166, -0.1257, 0.2551, 0.2822, 1.1693, 0.8353]
169: [0.8139, -0.1786, -0.8855, 0.5480, -0.2194, -1.3456, 2.4822]
170: [0.6168, 0.6630, 1.3881, 0.2261, -0.2065, -0.3108, -1.0108]
171: [0.6025, 0.1256, -0.3111, -0.2041, 0.0672, 0.4681, -0.5228]
172: [1.0244, -0.4235, 0.9177, -0.0266, -1.0923, 1.2724, -0.0346]
173: [-0.0528, -0.3795, -1.1399, -0.6175, -0.3015, 0.7238, 0.2651]
174: [1.3521, -1.3300, -1.1305, -0.4061, 0.4819, 0.3154, -0.3295]
175: [-0.2040, 0.6445, 0.5255, -0.9193, 0.9570, 0.4529, -0.4281]
176: [-0.1781, 0.5655, 0.3500, 0.3709, 0.2212, -1.8815, 0.5419]
177: [0.1270, 0.3492, 1.8490, -0.0955, 0.2668, -0.5994, 0.9672]
178: [-0.2047, 0.9690, 1.9548, 0.1687, -1.7485, -0.2445, 0.0398]
179: [0.0002, 1.0244, -0.4962, -0.4785, -0.1983, 0.1768, -0.1091]
180: [-1.2849, 0.1713, -0.2917, 0.1986, 0.7440, 1.1032, -0.3924]
181: [-0.8802, 0.1200, -0.7636, 0.1931, 0.8281, -1.2859, 1.3863]
182: [0.5596, -0.0602, 0.4322, -1.2208, 0.3542, 0.5572, 0.4026]
183: [-2.1444, 0.1739, -0.7664, -0.4545, -0.0258, -0.2382, 1.1007]
184: [0.2016, -0.2131, -1.1596, -1.0015, -0.1624, -1.1620, 1.1758]
185: [-0.3258, -1.3861, 0.7372, -0.0145, 0.9136, 2.2369, 0.7654]
186: [0.2156, -2.7982, -1.7538, 0.2589, 0.8965, 0.9828, 0.5617]
187: [-0.4398, -0.6729, -0.0255, 0.5617, 0.3055, 0.9992, -0.1746]
188: [-0.6882, -0.3029, 0.3983, -0.1179, 0.3064, 1.4841, -1.9786]
189: [0.2255, 0.9072, 0.2970, -0.8997, 0.9374, 0.6684, 1.7647]
190: [1.0122, 0.4257, -1.1691, -2.3526, 0.0943, 0.1004, 0.3092]
191: [-1.7729, -0.8925, 1.4490, 0.3381, -0.0374, 0.1934, -0.0784]
192: [-0.2187, -1.1701, -0.8170, -1.1218, 0.0060, -0.6300, -1.0190]
193: [-0.1596, 0.3956, -1.1513, 1.2365, -0.7163, -0.4086, -0.6665]
194: [-0.9829, 1.0054, 0.4578, 0.6588, -0.4829, -0.7355, -0.1634]
195: [-0.3136, -0.1946, -2.5771, -0.7033, 0.5866, -0.2869, 0.7777]
196: [-1.0691, -0.8725, 0.2496, -0.7542, 0.8496, -1.4247, 0.1817]
197: [0.7122, 0.5912, -0.0756, 1.5104, 1.6568, -0.4594, -0.1235]
198: [0.0536, 0.9741, 1.0828, -1.1798, -1.0909, -1.4431, -1.0204]
199: [-0.8833, -1.1463, 0.4593, -0.3636, 0.7708, -0.9109, -0.1792]
Dim:200 x 2
000: [0.5562, -0.5005]
001: [1.4198, 1.5723]
002: [0.0936, 0.7267]
003: [0.6336, -0.0801]
004: [-0.2613, -0.2034]
005: [-0.1940, 0.9213]
006: [0.7434, -0.3452]
007: [-0.1748, 0.3246]
008: [-0.9419, 0.9809]
009: [-0.1596, 0.3664]
010: [1.1884, -0.8472]
011: [0.4601, 0.3590]
012: [0.6982, -0.3643]
013: [-0.0381, 1.6322]
014: [0.6387, -2.0303]
015: [1.2809, 0.5426]
016: [1.1046, 0.5652]
017: [-1.3792, 0.5057]
018: [1.5993, 0.2898]
019: [-2.0879, -2.0992]
020: [-0.6544, -1.0055]
021: [-2.7369, 0.3313]
022: [2.0637, -1.4902]
023: [-0.1268, 0.3978]
024: [-0.7213, -0.4371]
025: [0.7884, 3.6642]
026: [-0.3576, 0.8711]
027: [-1.5304, 0.0877]
028: [1.3097, 2.2652]
029: [1.6158, 0.9545]
030: [1.7360, 0.2996]
031: [1.8822, -1.2336]
032: [-0.3071, -0.3424]
033: [1.3727, -1.4205]
034: [0.7722, -1.0597]
035: [-0.9151, 0.4312]
036: [0.6607, 0.3870]
037: [0.6630, -1.1657]
038: [1.1807, 0.8827]
039: [-0.6340, -0.3804]
040: [0.4128, 1.4556]
041: [1.0166, -0.6029]
042: [-0.3732, -0.7568]
043: [-0.1039, -0.0506]
044: [0.1525, 0.2288]
045: [0.9526, 0.8028]
046: [-0.4260, -0.9943]
047: [-0.2555, 0.1140]
048: [-0.5414, -0.3734]
049: [-1.1070, -0.2832]
050: [0.3625, -0.8444]
051: [-0.0926, -0.2385]
052: [-0.0763, -0.1767]
053: [-1.7304, 1.4907]
054: [0.5157, 0.8282]
055: [-0.8828, -0.9719]
056: [-0.4647, 0.3279]
057: [2.0267, 0.6437]
058: [-1.4893, 0.0006]
059: [-0.9699, 1.8787]
060: [-1.0690, 0.7809]
061: [-2.2195, -2.2027]
062: [-2.0768, 1.5954]
063: [-1.8512, 1.3738]
064: [-0.5562, 0.1018]
065: [0.6100, 1.7327]
066: [-1.3995, 0.5625]
067: [-0.6112, 0.8690]
068: [-0.6849, 0.3117]
069: [-0.0247, 0.3499]
070: [0.7563, -0.1511]
071: [0.2761, 0.9304]
072: [0.5039, 1.2336]
073: [0.4938, -0.8864]
074: [-0.4771, 0.9678]
075: [-1.2466, 0.9315]
076: [0.8072, -1.2571]
077: [0.7197, 0.2197]
078: [0.1009, -1.5078]
079: [-0.6723, -1.6791]
080: [-0.6153, -1.3419]
081: [0.7591, 0.4495]
082: [1.1092, 0.4645]
083: [2.5035, 1.4142]
084: [0.0159, 0.4533]
085: [-0.4896, -0.1647]
086: [-0.6989, -0.6447]
087: [-0.3466, 0.3657]
088: [-0.4962, 0.3954]
089: [-0.8413, -0.6068]
090: [1.9846, -0.8516]
091: [-1.9929, -0.2350]
092: [-0.6857, 0.2689]
093: [-0.6417, -1.8508]
094: [-1.3602, 2.4752]
095: [-1.4097, -0.8725]
096: [0.1405, -1.7606]
097: [-1.5396, -0.3125]
098: [0.3771, -1.5841]
099: [0.0817, 1.2357]
100: [2.6851, 0.1715]
101: [-0.4162, 0.2095]
102: [0.2115, 0.3770]
103: [1.6665, -1.2897]
104: [-0.3261, -1.1902]
105: [0.6752, -0.3830]
106: [-0.8390, -0.7703]
107: [-0.5395, 0.7051]
108: [-0.3314, 2.7584]
109: [0.2551, 0.6682]
110: [1.7125, 0.8983]
111: [-0.7690, -1.1858]
112: [0.5125, 0.0038]
113: [-0.4368, -1.1834]
114: [-1.0625, -0.2950]
115: [0.0673, 0.9900]
116: [1.2441, -0.2312]
117: [-0.9494, -0.0171]
118: [0.0763, 2.0814]
119: [-0.8773, 0.1643]
120: [1.7905, -0.8443]
121: [0.1698, 1.6088]
122: [0.3582, 0.0198]
123: [0.4209, -0.3912]
124: [0.4059, -1.8803]
125: [0.8350, 0.1660]
126: [1.2095, -0.4002]
127: [1.5249, -0.9685]
128: [-0.9407, -0.1010]
129: [1.5930, -1.0736]
130: [-1.3608, 0.7926]
131: [-0.5911, 1.0293]
132: [-2.3088, -0.7202]
133: [-0.1504, -0.3331]
134: [0.6739, 0.8541]
135: [0.0443, -0.6555]
136: [-0.1796, -0.4397]
137: [-0.7305, 0.3315]
138: [-0.0969, -1.3427]
139: [-1.8604, 2.0676]
140: [-1.3191, -0.2586]
141: [2.2264, -1.0142]
142: [-0.6882, -0.9333]
143: [0.1220, -0.5847]
144: [2.3993, -0.7439]
145: [-1.7892, -0.2788]
146: [1.4900, 1.1222]
147: [1.6390, 0.9527]
148: [0.2237, -0.1688]
149: [1.2336, 0.5078]
150: [-0.1351, -0.6434]
151: [0.6896, 0.4376]
152: [1.0292, 0.1041]
153: [-0.9751, 0.9061]
154: [-1.1458, 0.1431]
155: [-0.8403, -1.6876]
156: [-1.1730, -0.2617]
157: [-0.7101, -0.8924]
158: [-1.6773, -1.9413]
159: [-1.4949, -0.7061]
160: [-0.6746, 1.2848]
161: [1.5456, 1.7900]
162: [1.5063, 0.5560]
163: [0.2782, -1.5964]
164: [-1.7436, -0.4522]
165: [0.2618, -0.8867]
166: [0.6246, -0.8622]
167: [-2.5030, -0.5234]
168: [0.0999, -0.2449]
169: [-1.6905, -2.0104]
170: [-0.4663, 1.7754]
171: [0.7319, 0.2740]
172: [0.3076, 1.3141]
173: [1.1385, -0.5882]
174: [1.4155, -0.9771]
175: [0.3527, 0.6356]
176: [-1.5362, -0.1960]
177: [-1.7698, 0.7826]
178: [-1.2955, 2.3686]
179: [0.3361, 0.2504]
180: [0.7850, 0.1505]
181: [-1.0299, -1.6018]
182: [0.2782, 0.2016]
183: [-0.1023, -0.8227]
184: [-0.1014, -1.4338]
185: [0.5611, -0.0276]
186: [1.6874, -2.2503]
187: [0.5815, 0.1109]
188: [1.7853, 1.5543]
189: [-0.8235, -0.5602]
190: [1.2202, -0.6852]
191: [-0.3384, 1.0752]
192: [1.5665, -0.2509]
193: [0.3158, -0.0295]
194: [-0.8645, 0.8747]
195: [1.0741, -2.3209]
196: [-0.2408, -0.5243]
197: [-0.8738, -0.5325]
198: [-0.2841, 1.8723]
199: [0.0128, -0.1594]
Size is: 2500 x2350...
Iter 0...
Iter 100...
Iter 200...
    Tr time: 18620
Par Tr time: 4423
    Tr time: 1493
Par Tr time: 740
Tests run: 7, Failures: 0, Errors: 0, Skipped: 0, Time elapsed: 145.377 sec
Running com.jujutsu.tsne.barneshut.ParallelBHUtilsTest
Tests run: 1, Failures: 0, Errors: 0, Skipped: 0, Time elapsed: 0 sec
Running com.jujutsu.tsne.barneshut.BHUtilsTest
Tests run: 12, Failures: 0, Errors: 0, Skipped: 0, Time elapsed: 0 sec

Results :

Tests run: 20, Failures: 0, Errors: 0, Skipped: 0

[INFO] 
[INFO] --------------------< com.jujutsu.tsne:tsne-demos >---------------------
[INFO] Building Java T-SNE Demos 2.5.1                                    [2/3]
[INFO] --------------------------------[ jar ]---------------------------------
[INFO] 
[INFO] --- maven-resources-plugin:2.6:resources (default-resources) @ tsne-demos ---
[INFO] Using 'UTF-8' encoding to copy filtered resources.
[INFO] Copying 11 resources
[INFO] 
[INFO] --- maven-compiler-plugin:3.1:compile (default-compile) @ tsne-demos ---
[INFO] Nothing to compile - all classes are up to date
[INFO] 
[INFO] --- maven-resources-plugin:2.6:testResources (default-testResources) @ tsne-demos ---
[INFO] Using 'UTF-8' encoding to copy filtered resources.
[INFO] skip non existing resourceDirectory /workdir/T-SNE-Java/tsne-demos/src/test/resources
[INFO] 
[INFO] --- maven-compiler-plugin:3.1:testCompile (default-testCompile) @ tsne-demos ---
[INFO] No sources to compile
[INFO] 
[INFO] --- maven-surefire-plugin:2.12.4:test (default-test) @ tsne-demos ---
[INFO] No tests to run.
[INFO] 
[INFO] -------------------< com.jujutsu.tsne:tsne-package >--------------------
[INFO] Building Java T-SNE Package 0.0.1-SNAPSHOT                         [3/3]
[INFO] --------------------------------[ pom ]---------------------------------
[INFO] ------------------------------------------------------------------------
[INFO] Reactor Summary:
[INFO] 
[INFO] Java T-SNE 2.6.2 ................................... SUCCESS [02:26 min]
[INFO] Java T-SNE Demos 2.5.1 ............................. SUCCESS [  0.045 s]
[INFO] Java T-SNE Package 0.0.1-SNAPSHOT .................. SUCCESS [  0.014 s]
[INFO] ------------------------------------------------------------------------
[INFO] BUILD SUCCESS
[INFO] ------------------------------------------------------------------------
[INFO] Total time:  02:26 min
[INFO] Finished at: 2021-02-15T01:31:43Z
[INFO] ------------------------------------------------------------------------
