[INFO] Scanning for projects...
[WARNING] 
[WARNING] Some problems were encountered while building the effective model for com.jujutsu.tsne:tsne:jar:2.6.2
[WARNING] 'build.plugins.plugin.version' for org.apache.maven.plugins:maven-surefire-plugin is missing. @ line 56, column 12
[WARNING] 
[WARNING] Some problems were encountered while building the effective model for com.jujutsu.tsne:tsne-demos:jar:2.5.1
[WARNING] 'build.plugins.plugin.version' for org.apache.maven.plugins:maven-surefire-plugin is missing. @ line 90, column 12
[WARNING] 
[WARNING] It is highly recommended to fix these problems because they threaten the stability of your build.
[WARNING] 
[WARNING] For this reason, future Maven versions might no longer support building such malformed projects.
[WARNING] 
[INFO] ------------------------------------------------------------------------
[INFO] Reactor Build Order:
[INFO] 
[INFO] Java T-SNE                                                         [jar]
[INFO] Java T-SNE Demos                                                   [jar]
[INFO] Java T-SNE Package                                                 [pom]
[INFO] 
[INFO] -----------------------< com.jujutsu.tsne:tsne >------------------------
[INFO] Building Java T-SNE 2.6.2                                          [1/3]
[INFO] --------------------------------[ jar ]---------------------------------
[INFO] 
[INFO] --- buildnumber-maven-plugin:1.2:create (default) @ tsne ---
[INFO] Checking for local modifications: skipped.
[INFO] Updating project files from SCM: skipped.
[INFO] Executing: /bin/sh -c cd /workdir/T-SNE-Java/tsne-core && git rev-parse --verify HEAD
[INFO] Working directory: /workdir/T-SNE-Java/tsne-core
[INFO] Storing buildNumber: b684ac22dcc5d6014e8d16a9edfa4c50be9887eb at timestamp: 1613351649116
[INFO] Executing: /bin/sh -c cd /workdir/T-SNE-Java/tsne-core && git rev-parse --verify HEAD
[INFO] Working directory: /workdir/T-SNE-Java/tsne-core
[INFO] Storing buildScmBranch: UNKNOWN
[INFO] 
[INFO] --- maven-resources-plugin:2.6:resources (default-resources) @ tsne ---
[INFO] Using 'UTF-8' encoding to copy filtered resources.
[INFO] skip non existing resourceDirectory /workdir/T-SNE-Java/tsne-core/src/main/resources
[INFO] 
[INFO] --- maven-compiler-plugin:3.1:compile (default-compile) @ tsne ---
[INFO] Nothing to compile - all classes are up to date
[INFO] 
[INFO] --- maven-resources-plugin:2.6:testResources (default-testResources) @ tsne ---
[INFO] Using 'UTF-8' encoding to copy filtered resources.
[INFO] Copying 3 resources
[INFO] 
[INFO] --- maven-compiler-plugin:3.1:testCompile (default-testCompile) @ tsne ---
[INFO] Nothing to compile - all classes are up to date
[INFO] 
[INFO] --- maven-surefire-plugin:2.12.4:test (default-test) @ tsne ---
[INFO] Surefire report directory: /workdir/T-SNE-Java/tsne-core/target/surefire-reports

-------------------------------------------------------
 T E S T S
-------------------------------------------------------
OpenJDK 64-Bit Server VM warning: Ignoring option MaxPermSize; support was removed in 8.0
Running com.jujutsu.tsne.MatrixOpTest
Size is 2500 x 2350...
Iter 0...
Iter 100...
Iter 200...
    Tr time: 4006
Par Tr time: 4284
Dim:200 x 7
000: [-0.0351, -0.7197, -0.7470, 0.0698, 1.2147, -0.9782, -1.5176]
001: [1.0668, -0.3240, -0.4591, 0.8296, 1.5986, -1.4244, 0.5058]
002: [1.6168, -0.0327, 0.2838, 1.9326, -0.0627, 2.0409, 0.5151]
003: [-1.7872, 0.1127, 0.1163, 0.6742, 1.0757, 1.0762, -1.2017]
004: [0.5537, 0.0311, -0.9876, -0.5318, -0.0097, 0.7464, -0.2108]
005: [-1.7755, -2.5911, 0.1911, -1.2292, 0.0185, 0.9285, -1.3229]
006: [-1.5115, 0.3298, -0.4458, 0.2281, -2.2695, -1.1784, -0.3533]
007: [-1.2653, 0.2023, 1.4294, -0.4652, 0.1755, -0.2327, -1.5464]
008: [-0.4769, -0.6263, -0.3137, -0.0686, 1.4513, -0.7701, 1.2262]
009: [-0.1908, 0.5841, 0.5574, 0.6379, -1.6400, 1.6783, 0.9387]
010: [-0.0388, 0.4754, 1.3965, 0.1383, 1.1696, -1.1665, -1.1144]
011: [0.8605, 0.8593, 1.0118, -0.4955, -1.0979, 0.9904, -0.4906]
012: [0.4814, -1.2994, -0.2853, 1.4279, -0.4919, 0.3848, -0.4713]
013: [0.1107, 0.7442, 0.1594, 0.4214, -0.1509, 0.4852, -1.7394]
014: [0.3488, -0.7774, 0.0359, -0.9674, -1.4633, -0.0461, -0.3542]
015: [-0.9151, -1.2202, 0.3759, -1.2741, -0.3436, -0.0407, -0.1756]
016: [-1.2659, -1.3572, -0.5397, -0.9088, 0.2211, -0.2981, 0.3152]
017: [0.6268, -0.8243, -0.9666, 2.7929, -1.4456, 0.6185, -0.6676]
018: [-0.7924, 0.4405, -0.3608, -0.1222, -1.8246, -0.7826, 0.0473]
019: [-1.1044, -0.7611, -0.5017, 0.9457, -0.5461, 2.7342, -1.7598]
020: [0.8078, -0.6374, 0.7666, -0.9377, -0.1097, -0.6190, 0.0026]
021: [0.5782, -0.1120, 1.1145, 1.0856, 0.5076, -1.0122, 0.1592]
022: [0.4739, 0.1184, 1.9748, -1.2463, -1.2044, 0.5460, -0.3114]
023: [-0.1125, 1.8989, -1.1328, -0.2285, -1.0828, -1.6077, 1.2340]
024: [-1.3906, 0.3285, 1.4633, -0.8640, 1.5338, -0.7397, -0.4017]
025: [1.2695, 1.2543, 1.2219, 0.3188, 0.8133, -0.8786, -0.2551]
026: [2.2073, 0.0058, -0.3883, -0.7702, -0.8136, -1.0816, -1.1972]
027: [-0.4091, 1.1844, -2.7449, 1.6453, 0.1387, -0.2750, 0.0174]
028: [1.4806, -0.1280, -0.2391, -1.3790, 1.4312, -0.9194, 0.7068]
029: [-2.3382, 1.8150, 0.5306, -0.6792, 0.7394, -1.4640, 0.3489]
030: [1.0317, 0.8622, 0.3866, -0.3638, -0.1944, -1.8758, 1.0677]
031: [-0.7826, -0.5561, 0.6210, -0.3094, -0.8027, -0.1079, -1.2137]
032: [0.8648, -1.5640, 0.1775, 0.6360, 1.5013, 1.1566, 1.1444]
033: [-0.2549, -0.8348, -1.4374, 0.5404, -1.6643, 0.2566, -0.0221]
034: [-0.2098, -1.5436, 0.4007, 1.1222, 0.3981, 0.3397, 1.5117]
035: [-0.4525, 1.3866, 0.3940, -0.2014, 0.7207, 1.2736, -0.5949]
036: [0.5542, -1.3832, -2.7075, -2.7119, -1.5638, -0.7971, -0.7740]
037: [-0.2317, 1.2926, 0.1946, -0.0518, 0.6472, -0.3326, 0.8604]
038: [-0.7927, -0.4531, 0.2246, 0.3161, 0.2447, -0.1358, 0.6963]
039: [-0.4101, 0.5102, 0.1648, 0.6064, 1.3043, -1.9506, 0.6654]
040: [0.5530, -0.9089, -1.2032, 1.7003, -0.2307, 0.7644, 0.6426]
041: [-1.3567, -0.8788, 0.8280, 0.4545, 0.9883, -0.1769, -0.2761]
042: [-0.0016, -1.7187, -0.0984, -0.0009, -0.6058, 0.2289, 0.7234]
043: [1.7273, 2.1411, 1.3276, -0.6234, -0.5749, 0.2220, -0.2223]
044: [0.7746, 0.2918, -0.6889, -0.0266, -0.8657, 0.4361, -0.4174]
045: [0.4399, 0.1882, -0.5772, -0.4042, 0.6875, 0.3392, -0.3569]
046: [0.2195, -0.8043, -0.0641, 1.8679, -1.2023, -0.9566, -0.0822]
047: [-0.1175, -1.5536, 0.0708, -0.8904, 0.8592, 0.8018, 0.9474]
048: [-0.2101, -0.2507, -0.4784, -0.2805, 0.1560, 1.0437, 2.1080]
049: [-0.7710, 1.7545, -0.2762, 0.7317, 1.1292, 0.4746, 0.4530]
050: [-0.9069, -0.1168, -0.9097, -0.5138, 2.4868, 1.5481, 0.2637]
051: [-0.5973, -1.2524, -0.2121, 2.5815, -0.0331, -1.4300, -1.4041]
052: [0.2430, -0.2668, 1.5906, -0.5092, -0.8513, 1.3945, 0.0023]
053: [-0.0311, -0.0524, -0.0597, 0.5409, 0.6150, -1.1743, -0.9812]
054: [1.9251, -0.1416, -1.8826, 1.5246, -0.0054, -0.0112, 1.4343]
055: [1.2763, 0.2699, -0.7753, -0.3357, -0.9500, 0.0574, -1.2829]
056: [-0.7058, 0.5031, 0.6578, 0.9520, -0.1982, 0.5322, 0.2014]
057: [-1.2657, -0.5174, -0.2795, 0.3190, -0.7123, 1.0087, 1.1864]
058: [0.6756, 0.0319, -0.9173, -2.2843, -0.3077, -1.1992, -0.7239]
059: [-0.6834, -0.7970, -0.8902, -1.3800, -1.4705, 1.1087, 2.1628]
060: [-0.1755, 0.6340, -0.1691, 0.1055, 1.7275, -0.1781, 1.4969]
061: [-0.1645, 0.4827, -0.8370, 0.0597, -0.2133, -0.5342, -0.4689]
062: [0.4095, -0.3419, 0.9516, 0.7361, 3.0020, -0.3144, -0.1747]
063: [-0.4901, 0.0393, -0.1816, -0.4639, -1.3853, 0.5725, 1.7038]
064: [0.5511, -0.2336, -0.2117, -0.7143, -2.2272, 0.9234, -0.5490]
065: [0.3538, 1.2524, -0.0348, -1.6050, -1.5096, -0.3368, 1.2763]
066: [-0.8408, -0.0049, 0.0109, -1.9550, -0.5970, -1.6611, 0.1012]
067: [-0.3625, 1.0040, -0.2699, 1.0181, 0.2763, 0.8420, -0.6216]
068: [1.9157, -1.1287, -1.5568, -0.9348, -0.4215, 1.0124, 0.4475]
069: [2.2110, -1.0937, 0.1982, -1.0081, 1.2742, -0.6080, -0.6265]
070: [1.1927, -1.0813, 0.2002, -1.3565, -0.7514, -0.5098, -0.7607]
071: [-0.2505, 1.2355, 0.4027, -2.3157, -1.5683, 0.7343, 0.5917]
072: [1.5348, 1.4614, 1.2516, 0.8539, 1.5989, 0.4080, 0.0442]
073: [2.0772, -1.7719, 0.5871, 0.8899, -1.5414, -1.7042, -0.5091]
074: [-0.4761, -0.1061, -0.5794, -1.3008, -0.6463, -0.9496, -0.4860]
075: [-0.2202, 0.0804, -0.2483, -0.0008, -0.8584, -1.1191, 1.9675]
076: [0.7410, -0.2154, 0.5483, 0.3543, -1.1336, -0.2272, 0.1281]
077: [-1.0334, -0.9213, -0.1931, 1.1195, -0.2635, -0.0817, -1.6098]
078: [0.2692, -1.2575, 0.3648, 0.1020, -1.1210, -0.3694, 0.6112]
079: [-1.5657, 1.9940, -0.7567, -0.0259, -0.2578, -0.2192, 0.6060]
080: [0.5784, 2.0654, 1.3575, 0.3027, 1.3720, -1.1144, 0.2868]
081: [-0.6227, -0.0160, -0.5234, -0.4885, -0.3866, 0.6519, -1.8101]
082: [-0.0497, -0.1632, 0.2724, 1.9466, 1.0173, 0.1670, -0.1042]
083: [-0.5193, -0.1010, 1.4336, 0.4764, -0.8163, -0.1078, -0.5647]
084: [-0.7147, -0.4260, 0.4873, -0.5796, 1.3252, -1.7159, -0.8444]
085: [-0.7641, 2.1570, -1.1477, -1.0684, 0.2042, -1.0026, -1.1651]
086: [-0.6248, 0.4107, 1.5071, -2.2649, 1.6472, 0.3247, -0.3463]
087: [-0.3078, -1.1563, 1.6680, 0.5488, 2.8137, -0.3448, -1.0387]
088: [-0.2484, -0.4715, -1.4594, 0.0855, 0.3508, 1.2647, 0.8243]
089: [0.2948, 0.0316, 0.8819, -0.2725, -1.8701, 0.1754, 0.2262]
090: [2.5706, 0.1033, 0.2068, -0.0134, -0.6854, 0.6853, -1.4163]
091: [-0.0566, 0.0602, -0.7090, 0.0020, -1.0954, -1.6229, -1.1007]
092: [-1.5663, 2.5703, 0.4034, 0.7124, 1.6216, 1.8941, -1.7980]
093: [0.5028, -1.0383, -0.3980, 1.0289, 1.2515, -0.2957, -0.9746]
094: [-0.1342, 1.7011, 0.6648, 3.0200, 0.5687, -1.2601, 1.0297]
095: [-0.6433, 1.0036, -0.6364, -0.0271, 0.6855, 0.4453, -2.2528]
096: [0.8012, 0.7691, -0.2615, -2.1143, -1.6258, -2.1817, 0.1503]
097: [-0.1026, -1.0938, 0.1255, -0.2807, 1.2518, -1.5892, 0.7527]
098: [0.3632, 1.8414, 0.8801, -0.1475, 0.4310, 0.7407, 0.5010]
099: [0.4459, 0.6815, -2.1781, 0.2697, 0.5877, -0.5683, -0.4319]
100: [1.7463, -0.9457, -0.5410, -1.7657, -0.0189, 0.3284, 0.2332]
101: [-1.4471, -0.8819, 0.5833, -1.2666, -0.4292, 0.3660, 2.2956]
102: [-0.7961, -0.0448, 0.7716, -0.4673, -0.6356, 0.0177, 0.6689]
103: [-1.1344, 0.7012, 1.0397, -0.0173, -0.0626, 0.5611, 0.3337]
104: [0.5680, -0.5332, 0.0949, -0.2043, -0.2721, -0.7950, -0.4792]
105: [-1.3131, 0.8317, -0.7886, 0.2270, 2.8928, -0.1112, 0.3740]
106: [-1.0256, 0.7739, -0.8861, -0.3809, 0.4156, 0.0680, 0.5035]
107: [-1.9152, -0.7240, 2.1687, -1.9708, -0.0768, 0.3787, -0.2913]
108: [-1.5646, -0.2234, -1.0553, 1.2278, 2.1171, -0.4765, 0.1006]
109: [-1.5827, 1.2642, -1.3703, 1.0482, 2.1940, 0.3089, -0.3627]
110: [0.0819, 0.2567, -0.0768, -0.5628, 0.4821, -0.8669, 1.6855]
111: [0.4611, 0.4520, -1.0204, 1.3801, -1.5814, 1.9682, -0.4930]
112: [0.8199, -0.9182, 1.0069, -0.6877, 2.0827, 1.2491, -0.7183]
113: [0.1149, -0.3604, 1.4389, 2.4868, -0.1754, 0.0865, -0.8616]
114: [-0.2863, 2.5911, -1.4711, 0.3355, 0.6664, -0.2980, 1.6921]
115: [-0.8529, 2.6292, 0.3520, 0.1681, 0.4027, 0.7955, -1.0003]
116: [-2.0001, -1.2697, -1.5227, 2.6962, -0.1279, -1.4523, 0.9839]
117: [0.4755, -0.8836, -0.1050, -1.5736, 0.0269, -1.4368, -0.2013]
118: [-0.1666, -2.1101, 2.1720, -2.2029, 0.2145, 2.1954, 1.2986]
119: [1.7085, 1.1699, 1.0518, -0.2319, -0.1043, -2.0129, -0.6818]
120: [0.3909, 0.2458, -1.2005, -0.0635, -0.0978, 0.4049, 0.1793]
121: [0.6054, 0.7888, 1.2177, 0.4791, 0.7275, 0.1534, 2.3185]
122: [1.0731, -0.3791, -1.5844, -0.1665, -0.4493, 0.2812, 0.8236]
123: [-0.7982, 0.3405, 0.4814, 0.1377, 0.6023, -0.9795, -0.7734]
124: [1.2040, -2.5341, 0.7093, -0.1043, 1.0554, 0.9175, -0.9567]
125: [1.0138, -0.4310, 1.9112, 0.4285, -0.0863, -0.7838, 0.1186]
126: [-0.2637, 0.1828, -2.0262, -1.2549, 0.2629, 0.4469, -1.9188]
127: [-1.2891, 0.4258, -0.8427, -1.1189, -0.3329, -0.0978, 0.0538]
128: [1.9031, -0.0857, -1.1510, 0.1898, 0.1196, -1.1692, 0.7134]
129: [-0.4226, -0.8187, -0.1193, 1.4742, 1.2442, 0.4721, -0.7070]
130: [0.8040, 0.5197, 0.3345, 1.2573, -0.2512, -0.4987, 0.1327]
131: [1.2856, 0.0218, 0.7928, -0.2225, 1.0036, 1.6450, -0.4925]
132: [1.6508, 0.1403, 0.8259, -1.4210, -0.6544, 0.0346, -1.6954]
133: [-0.3628, 0.1268, -0.0571, -0.5656, -0.5521, 0.9531, -0.2712]
134: [-0.8464, -1.0682, -1.3223, 0.9163, -1.4736, -0.5293, 2.4868]
135: [-2.4633, 1.7714, -1.0670, -0.8827, 0.4418, 0.4608, 0.4923]
136: [0.3904, 0.4873, -0.6575, -0.0259, -0.8172, -0.4132, 1.3661]
137: [1.3344, 0.9139, -0.0621, 0.7451, 1.9702, 0.7793, 1.5466]
138: [0.3459, -0.2402, 1.1204, 0.7006, 0.9373, -0.3217, -0.3387]
139: [-1.2817, -2.6047, 1.6101, -0.1395, 0.1583, -0.4405, 0.3489]
140: [-1.8432, -0.2803, -0.2748, 0.5061, -0.0763, 1.1374, 0.0439]
141: [-1.7170, -1.0000, 0.8624, -2.3504, 0.6798, -2.2887, 0.7685]
142: [0.3328, -0.2289, -1.4069, 0.7204, 0.1176, -0.1972, 0.5916]
143: [0.8241, 1.0442, -0.4412, 0.2095, -1.3866, 1.3651, 0.4299]
144: [0.9537, -0.8427, 1.3010, -1.1006, -0.3238, -0.8464, -1.6377]
145: [0.7156, -0.8761, 0.2164, 0.3771, 0.2981, -1.1425, 1.9813]
146: [-0.8053, 0.4898, -1.1940, -0.1895, -0.6335, 0.3551, 2.2664]
147: [-1.4299, -0.6604, -0.7752, 0.4188, -0.0973, -0.1165, 0.2124]
148: [-1.0261, 0.1436, -0.2241, -0.5933, -0.6117, -0.9231, 0.5685]
149: [0.1351, 0.0653, 0.0292, 1.2150, 0.3210, -0.9995, 0.8858]
150: [-0.2064, 2.3793, -0.4773, -2.4306, 1.5449, -0.3296, 0.3882]
151: [-0.8987, -0.0558, 0.1659, 0.3074, 0.4115, -0.6414, 0.7445]
152: [0.4280, 0.0658, 1.1446, 0.4832, -1.9088, 1.4192, -0.8963]
153: [1.3354, -0.7933, 0.3116, -1.1703, 0.2023, 0.5220, 1.3327]
154: [0.8788, 0.8369, -1.1937, 1.5160, 0.1897, -0.7640, 1.0769]
155: [-0.0660, 0.0862, 0.3223, -1.6795, 0.9017, 1.0251, 0.9487]
156: [-2.1341, 0.7255, 0.1795, -0.5213, 0.8188, -0.3449, 0.1732]
157: [0.8923, -0.9098, -0.0253, -0.3263, 1.6564, 0.1749, 2.0899]
158: [0.2553, 1.2959, -0.2536, 0.5756, 0.3402, -0.5420, 0.2815]
159: [0.0795, -0.5590, -0.0043, -1.3271, -1.5025, 0.7642, 0.5186]
160: [-1.9917, -0.7043, -0.2015, -1.3952, 0.9902, -0.3915, 0.1047]
161: [-0.3483, 0.8101, -0.4365, -1.5414, -0.0163, 0.0340, -0.4822]
162: [0.6802, 0.5762, -1.3995, 0.5123, -0.5531, -2.1238, 1.0519]
163: [-1.6139, 0.7801, 1.7667, 1.8417, -0.8343, -0.3578, -0.9553]
164: [-0.1933, -0.7796, -2.4410, -0.0989, 0.6163, -0.2993, -0.2656]
165: [-0.3770, -2.8046, -0.2381, -0.5355, 1.1306, -0.4794, 1.1645]
166: [-0.8798, 1.0138, -0.0628, 0.7774, -0.4588, -1.3313, -0.6175]
167: [-0.4720, -0.1353, 0.4590, -0.6774, -0.3106, 0.3978, 1.4922]
168: [-0.6455, -1.1065, -1.1618, 1.0235, 0.6695, 1.4097, -0.0510]
169: [0.1802, -0.3253, 1.6870, 0.4529, 1.0243, 1.0808, -0.7088]
170: [0.5287, 0.0129, -0.0425, -1.7004, -0.2628, -1.2582, -1.0040]
171: [-0.4484, -1.3954, 1.0888, -0.6569, 0.7992, 1.3602, 1.2205]
172: [-1.5483, -0.7195, 1.8730, 0.1604, -0.7166, -0.6122, 0.5662]
173: [1.1010, 1.8892, -1.0988, -0.4227, 1.0291, 0.4899, -0.0169]
174: [-0.0920, -0.4298, -0.4303, -0.7252, -0.2121, -0.4075, 0.2023]
175: [-1.3299, -2.0804, 1.0426, 0.1835, 1.4790, -0.2626, 0.8610]
176: [-1.2313, -0.1518, 1.5030, 0.3637, -1.1887, -0.9472, -0.5436]
177: [-0.2739, 0.0053, -0.9491, 1.6624, 0.4107, 0.4676, -1.3414]
178: [-0.6622, 0.1179, -0.9647, -0.5218, -0.7437, 0.5614, 1.1577]
179: [1.1811, 0.9828, 0.9118, 1.3553, 0.6970, 1.4909, 0.0095]
180: [-0.0301, 0.7854, 0.2849, 1.4832, 0.8691, 0.5073, 1.9327]
181: [1.0188, 0.4039, -0.7050, -0.8669, 1.0968, 1.3505, -1.6022]
182: [0.7704, -0.7852, 0.0747, -0.1541, -0.1812, 0.9139, -1.3252]
183: [-0.7231, 1.3379, 0.8790, 0.9674, -0.0415, 0.2449, 0.8987]
184: [0.5174, -1.7482, 1.7964, -0.5881, 0.9998, -0.8029, -0.3324]
185: [-0.6752, 0.0406, 0.7284, -1.2441, -0.5873, 0.6378, -0.1641]
186: [-0.4397, 0.0967, 1.1628, -0.2447, -1.0686, -2.1619, -0.6033]
187: [0.2590, -2.8025, 0.0483, -1.0233, 0.0247, 0.2081, -0.1257]
188: [1.0594, -0.2957, -0.3845, -0.6800, 1.4082, 0.6648, 1.1238]
189: [1.2286, 0.1134, -2.3089, -0.3767, 0.0627, 0.1911, -0.0652]
190: [0.1262, 0.6112, -1.4484, -0.8277, -0.9026, -0.1526, -0.4859]
191: [-0.5612, 0.1013, -0.0636, -0.6016, -1.8394, -0.3722, 0.2518]
192: [-0.0216, 1.2234, 0.6811, 0.7697, 0.1978, -0.7826, -0.1239]
193: [-0.0360, 0.1459, 1.1379, -0.9825, 0.6641, 0.1182, 0.1992]
194: [0.0087, -0.9601, -0.4789, 1.0012, -0.9147, 1.6865, 0.2661]
195: [-0.3830, 1.0601, 0.4961, 1.5410, -0.8604, 0.3608, 1.0379]
196: [0.3256, -0.8508, 0.8580, -0.0374, -0.0507, -0.1370, 0.4948]
197: [0.1220, 0.5579, -0.4304, -0.0805, 0.0018, 0.7143, 0.2379]
198: [0.0188, -0.5271, -0.4337, 0.6664, 1.2754, 0.8728, -0.6680]
199: [-0.2825, -0.5141, -0.9274, 1.6397, -0.1395, -0.3414, -0.4962]
Dim:200 x 2
000: [0.2488, -0.6971]
001: [0.9783, -0.2388]
002: [1.1230, 0.2613]
003: [1.3680, -1.2705]
004: [-0.3443, 0.5988]
005: [-1.7465, -1.9778]
006: [-0.4998, 1.6300]
007: [-0.1805, -1.3677]
008: [0.4843, -0.7134]
009: [0.0532, 0.9484]
010: [0.5759, -1.3493]
011: [-0.7497, 0.4076]
012: [0.1326, 0.0773]
013: [0.4595, 0.0617]
014: [-1.8387, 0.5245]
015: [-1.5168, -0.8055]
016: [-0.8652, -0.5853]
017: [0.9356, 1.3585]
018: [-0.6012, 1.4922]
019: [0.4105, -0.4048]
020: [-1.3086, -0.4536]
021: [0.6626, -0.6075]
022: [-1.7287, -0.4768]
023: [0.3007, 2.5444]
024: [0.2763, -1.9690]
025: [0.7134, -0.3006]
026: [-1.4508, 1.0847]
027: [2.1608, 2.2011]
028: [-0.6669, -0.3262]
029: [1.0003, -0.2653]
030: [-0.2749, 0.8853]
031: [-0.8479, -0.4495]
032: [0.3733, -1.3326]
033: [-0.5509, 1.5373]
034: [0.3696, -0.7991]
035: [0.8959, -0.4086]
036: [-3.1941, 1.8679]
037: [0.8868, 0.2169]
038: [0.2806, -0.4209]
039: [1.2516, -0.3147]
040: [0.7978, 0.8168]
041: [0.5263, -1.6809]
042: [-1.0151, -0.1442]
043: [-0.2524, 0.7409]
044: [-0.3716, 1.1453]
045: [0.0900, 0.0048]
046: [0.3078, 0.7995]
047: [-0.8449, -1.2049]
048: [0.0061, 0.3084]
049: [2.0723, 0.1915]
050: [1.1202, -1.3464]
051: [1.2529, -0.2908]
052: [-1.0541, -0.6513]
053: [0.5413, -0.3008]
054: [0.9311, 1.9010]
055: [-0.7950, 1.2088]
056: [0.9081, -0.0964]
057: [0.0445, 0.2907]
058: [-1.9102, 0.7458]
059: [-1.6480, 1.1236]
060: [1.2807, -0.3850]
061: [0.2276, 0.8358]
062: [1.5547, -2.3382]
063: [-0.7449, 1.1065]
064: [-1.7348, 1.2836]
065: [-1.3284, 1.7066]
066: [-1.6241, 0.2696]
067: [1.4246, 0.2745]
068: [-1.5056, 1.0291]
069: [-1.1539, -0.9806]
070: [-2.1521, -0.0140]
071: [-1.7802, 1.0404]
072: [1.5927, -0.7086]
073: [-1.4963, 0.5189]
074: [-1.2137, 0.5581]
075: [-0.2736, 1.1845]
076: [-0.6034, 0.5589]
077: [0.3936, -0.4399]
078: [-1.1212, 0.2041]
079: [1.1652, 1.3029]
080: [1.4645, -0.4042]
081: [-0.4193, 0.0288]
082: [1.7732, -0.6737]
083: [-0.1991, -0.4971]
084: [-0.0536, -1.3726]
085: [0.4653, 1.1773]
086: [-0.7320, -2.1164]
087: [0.9751, -3.3026]
088: [0.3333, 0.4587]
089: [-1.2122, 0.7344]
090: [-0.8548, 0.5890]
091: [-0.5483, 1.1573]
092: [2.7053, -0.8955]
093: [0.7295, -0.8503]
094: [3.1234, 0.5941]
095: [0.8618, -0.1458]
096: [-2.1881, 1.7784]
097: [-0.1680, -0.9774]
098: [0.8109, 0.0946]
099: [0.8829, 1.3845]
100: [-1.9658, 0.1870]
101: [-1.1749, -0.4633]
102: [-0.5672, -0.1327]
103: [0.4123, -0.4806]
104: [-0.7184, 0.0449]
105: [2.2498, -1.0697]
106: [0.5945, 0.4834]
107: [-1.6642, -2.1684]
108: [2.1731, -0.8439]
109: [2.8164, -0.2720]
110: [-0.0466, 0.2690]
111: [0.5585, 1.7174]
112: [-0.1865, -2.3752]
113: [1.3005, -0.7621]
114: [2.0116, 1.9078]
115: [1.6114, 0.2699]
116: [1.8275, 0.6808]
117: [-1.7014, -0.1853]
118: [-2.4847, -2.5311]
119: [-0.3025, 0.4263]
120: [0.1047, 0.9869]
121: [0.8920, -0.2385]
122: [-0.4817, 1.4255]
123: [0.5314, -0.6321]
124: [-1.0527, -2.1180]
125: [-0.4013, -0.8580]
126: [-0.4851, 0.6212]
127: [-0.4300, 0.5894]
128: [-0.1263, 1.2973]
129: [1.3504, -1.1137]
130: [0.7907, 0.5834]
131: [0.0339, -1.0632]
132: [-1.7778, -0.0722]
133: [-0.5014, 0.1893]
134: [-0.1164, 1.6947]
135: [1.0228, 0.6047]
136: [-0.1490, 1.5096]
137: [1.7292, -0.2160]
138: [0.5892, -1.1780]
139: [-1.1634, -2.2635]
140: [0.6492, -0.3160]
141: [-1.6904, -1.4624]
142: [0.5758, 0.9812]
143: [-0.0509, 1.7004]
144: [-1.8038, -0.9700]
145: [-0.1307, 0.0307]
146: [0.2058, 1.5235]
147: [0.3197, 0.0900]
148: [-0.4570, 0.5608]
149: [0.9989, 0.2737]
150: [0.1431, 0.2314]
151: [0.5343, -0.2756]
152: [-0.7136, 0.3703]
153: [-1.3202, -0.2554]
154: [1.5238, 1.5926]
155: [-0.6760, -0.7803]
156: [0.7135, -0.6679]
157: [0.0605, -0.8341]
158: [1.1120, 0.7548]
159: [-1.8707, 0.6316]
160: [-0.4707, -1.2019]
161: [-0.6615, 0.3610]
162: [0.3206, 2.0843]
163: [1.3146, -0.4537]
164: [0.1492, 0.7432]
165: [-1.0037, -1.5434]
166: [0.8652, 0.7337]
167: [-0.5714, -0.0376]
168: [0.8776, -0.3451]
169: [0.4406, -1.8913]
170: [-1.5694, 0.1698]
171: [-0.6438, -1.7745]
172: [-0.4828, -1.0641]
173: [0.9648, 0.9959]
174: [-0.7713, 0.2544]
175: [0.0381, -2.4249]
176: [-0.3931, -0.3857]
177: [1.5045, 0.1748]
178: [-0.3508, 1.0805]
179: [1.4810, -0.3163]
180: [1.9138, 0.0822]
181: [-0.0546, -0.3373]
182: [-0.7358, -0.4068]
183: [1.3662, 0.1788]
184: [-1.1304, -2.2764]
185: [-1.0882, -0.3641]
186: [-0.8478, 0.0883]
187: [-2.0554, -1.2560]
188: [-0.0421, -0.4335]
189: [-0.1627, 1.6209]
190: [-0.6400, 1.6067]
191: [-1.1533, 1.1724]
192: [1.0626, 0.1727]
193: [-0.4495, -1.0498]
194: [0.0060, 0.4318]
195: [1.2594, 0.9236]
196: [-0.5959, -0.6224]
197: [0.2630, 0.5144]
198: [0.8919, -0.8463]
199: [0.9892, 0.5184]
Size is: 2500 x2350...
Iter 0...
Iter 100...
Iter 200...
    Tr time: 17594
Par Tr time: 4517
    Tr time: 1569
Par Tr time: 779
Tests run: 7, Failures: 0, Errors: 0, Skipped: 0, Time elapsed: 146.198 sec
Running com.jujutsu.tsne.barneshut.ParallelBHUtilsTest
Tests run: 1, Failures: 0, Errors: 0, Skipped: 0, Time elapsed: 0 sec
Running com.jujutsu.tsne.barneshut.BHUtilsTest
Tests run: 12, Failures: 0, Errors: 0, Skipped: 0, Time elapsed: 0.001 sec

Results :

Tests run: 20, Failures: 0, Errors: 0, Skipped: 0

[INFO] 
[INFO] --------------------< com.jujutsu.tsne:tsne-demos >---------------------
[INFO] Building Java T-SNE Demos 2.5.1                                    [2/3]
[INFO] --------------------------------[ jar ]---------------------------------
[INFO] 
[INFO] --- maven-resources-plugin:2.6:resources (default-resources) @ tsne-demos ---
[INFO] Using 'UTF-8' encoding to copy filtered resources.
[INFO] Copying 11 resources
[INFO] 
[INFO] --- maven-compiler-plugin:3.1:compile (default-compile) @ tsne-demos ---
[INFO] Nothing to compile - all classes are up to date
[INFO] 
[INFO] --- maven-resources-plugin:2.6:testResources (default-testResources) @ tsne-demos ---
[INFO] Using 'UTF-8' encoding to copy filtered resources.
[INFO] skip non existing resourceDirectory /workdir/T-SNE-Java/tsne-demos/src/test/resources
[INFO] 
[INFO] --- maven-compiler-plugin:3.1:testCompile (default-testCompile) @ tsne-demos ---
[INFO] No sources to compile
[INFO] 
[INFO] --- maven-surefire-plugin:2.12.4:test (default-test) @ tsne-demos ---
[INFO] No tests to run.
[INFO] 
[INFO] -------------------< com.jujutsu.tsne:tsne-package >--------------------
[INFO] Building Java T-SNE Package 0.0.1-SNAPSHOT                         [3/3]
[INFO] --------------------------------[ pom ]---------------------------------
[INFO] ------------------------------------------------------------------------
[INFO] Reactor Summary:
[INFO] 
[INFO] Java T-SNE 2.6.2 ................................... SUCCESS [02:27 min]
[INFO] Java T-SNE Demos 2.5.1 ............................. SUCCESS [  0.048 s]
[INFO] Java T-SNE Package 0.0.1-SNAPSHOT .................. SUCCESS [  0.030 s]
[INFO] ------------------------------------------------------------------------
[INFO] BUILD SUCCESS
[INFO] ------------------------------------------------------------------------
[INFO] Total time:  02:27 min
[INFO] Finished at: 2021-02-15T01:16:36Z
[INFO] ------------------------------------------------------------------------
