[INFO] Scanning for projects...
[WARNING] 
[WARNING] Some problems were encountered while building the effective model for com.jujutsu.tsne:tsne:jar:2.6.2
[WARNING] 'build.plugins.plugin.version' for org.apache.maven.plugins:maven-surefire-plugin is missing. @ line 56, column 12
[WARNING] 
[WARNING] Some problems were encountered while building the effective model for com.jujutsu.tsne:tsne-demos:jar:2.5.1
[WARNING] 'build.plugins.plugin.version' for org.apache.maven.plugins:maven-surefire-plugin is missing. @ line 90, column 12
[WARNING] 
[WARNING] It is highly recommended to fix these problems because they threaten the stability of your build.
[WARNING] 
[WARNING] For this reason, future Maven versions might no longer support building such malformed projects.
[WARNING] 
[INFO] ------------------------------------------------------------------------
[INFO] Reactor Build Order:
[INFO] 
[INFO] Java T-SNE                                                         [jar]
[INFO] Java T-SNE Demos                                                   [jar]
[INFO] Java T-SNE Package                                                 [pom]
[INFO] 
[INFO] -----------------------< com.jujutsu.tsne:tsne >------------------------
[INFO] Building Java T-SNE 2.6.2                                          [1/3]
[INFO] --------------------------------[ jar ]---------------------------------
[INFO] 
[INFO] --- buildnumber-maven-plugin:1.2:create (default) @ tsne ---
[INFO] Checking for local modifications: skipped.
[INFO] Updating project files from SCM: skipped.
[INFO] Executing: /bin/sh -c cd /workdir/T-SNE-Java/tsne-core && git rev-parse --verify HEAD
[INFO] Working directory: /workdir/T-SNE-Java/tsne-core
[INFO] Storing buildNumber: b684ac22dcc5d6014e8d16a9edfa4c50be9887eb at timestamp: 1613352417492
[INFO] Executing: /bin/sh -c cd /workdir/T-SNE-Java/tsne-core && git rev-parse --verify HEAD
[INFO] Working directory: /workdir/T-SNE-Java/tsne-core
[INFO] Storing buildScmBranch: UNKNOWN
[INFO] 
[INFO] --- maven-resources-plugin:2.6:resources (default-resources) @ tsne ---
[INFO] Using 'UTF-8' encoding to copy filtered resources.
[INFO] skip non existing resourceDirectory /workdir/T-SNE-Java/tsne-core/src/main/resources
[INFO] 
[INFO] --- maven-compiler-plugin:3.1:compile (default-compile) @ tsne ---
[INFO] Nothing to compile - all classes are up to date
[INFO] 
[INFO] --- maven-resources-plugin:2.6:testResources (default-testResources) @ tsne ---
[INFO] Using 'UTF-8' encoding to copy filtered resources.
[INFO] Copying 3 resources
[INFO] 
[INFO] --- maven-compiler-plugin:3.1:testCompile (default-testCompile) @ tsne ---
[INFO] Nothing to compile - all classes are up to date
[INFO] 
[INFO] --- maven-surefire-plugin:2.12.4:test (default-test) @ tsne ---
[INFO] Surefire report directory: /workdir/T-SNE-Java/tsne-core/target/surefire-reports

-------------------------------------------------------
 T E S T S
-------------------------------------------------------
OpenJDK 64-Bit Server VM warning: Ignoring option MaxPermSize; support was removed in 8.0
Running com.jujutsu.tsne.MatrixOpTest
Size is 2500 x 2350...
Iter 0...
Iter 100...
Iter 200...
    Tr time: 3979
Par Tr time: 4242
Dim:200 x 7
000: [0.5334, -0.3584, -0.0152, -0.0376, 0.5355, -0.7862, -1.0178]
001: [1.3342, -0.5100, 0.3009, 0.1515, -0.0305, -1.1915, -0.1233]
002: [-0.6910, -0.1370, -1.2459, 0.9467, -1.9262, -0.9689, 0.2535]
003: [-1.0597, -0.6396, 2.0975, -1.3928, -1.3763, -0.3999, -0.5802]
004: [0.4153, -1.4423, 1.2190, 0.3806, 0.2145, -0.7991, -0.2616]
005: [-0.8028, -0.6044, -0.9984, -0.9663, -0.2464, 0.0336, -0.4232]
006: [-0.3638, -0.7486, -2.4102, -0.0167, 2.0433, 1.9131, 0.4170]
007: [0.2752, 0.4118, 0.0012, -0.7066, -1.3189, 1.5839, 0.1359]
008: [-1.0209, -1.7084, -0.7007, -1.1897, -0.0765, 1.5053, -3.3791]
009: [0.6206, 0.8145, 0.1761, -0.8770, 0.9612, 2.7172, 0.9966]
010: [0.3312, 1.3336, -0.2789, -0.9302, -0.2244, -0.2148, 0.7904]
011: [1.0013, -0.7129, 0.3210, -0.3089, 0.6237, 0.2964, 0.7047]
012: [-0.6126, 0.7756, -0.7817, 0.2852, -1.2897, 1.6243, -0.1530]
013: [0.0369, -0.9382, -1.5393, 1.0092, 0.3294, 2.1397, 0.2213]
014: [0.3388, -1.2981, 0.1801, -0.6697, 0.1204, -1.0346, -0.3530]
015: [-0.4154, -1.9949, 1.7020, 0.0767, -0.6933, -0.5053, 1.5160]
016: [-0.5308, 1.2640, -0.0579, -1.0915, -2.0014, 0.1751, 0.7087]
017: [0.2442, -0.3886, 0.1505, -1.0982, -0.4349, 0.4342, 0.3972]
018: [-1.8639, 0.4073, -0.1768, 0.0059, 0.9202, -0.0340, 1.8273]
019: [-1.0128, 0.3518, 0.9592, 0.4135, 0.3008, -0.5746, -0.1080]
020: [-0.3067, -1.3085, 0.3788, 0.0607, -0.4520, -0.5848, 1.3931]
021: [0.2618, -2.5538, -0.6200, 1.0751, -2.3410, 1.3770, 0.3052]
022: [-0.6725, -0.2608, -0.7763, 0.4966, -0.2288, 0.2773, -1.6189]
023: [-0.2936, 2.0885, 0.2610, 0.5068, -0.4459, -0.1005, 0.7981]
024: [0.8508, 0.3426, -2.2074, -0.8296, -0.9901, -0.2935, 0.2367]
025: [-1.0629, -1.2165, 0.5745, -2.2203, 0.1948, 0.2803, 0.8543]
026: [0.6477, 1.0591, -0.4983, -0.4366, -0.0255, -1.6263, 0.5637]
027: [-0.8553, -0.6655, -0.1007, -0.8573, 0.1351, 0.3689, 0.5195]
028: [-0.0989, 2.1579, -0.0750, 0.7348, 0.0213, 1.0886, 0.4428]
029: [-0.7845, 0.3819, 0.1016, -0.2468, -0.6312, 0.3147, -0.0496]
030: [-1.4133, -0.9107, -0.7209, 0.7924, 1.4929, -0.9231, -0.7861]
031: [-0.8143, 1.4410, 0.3793, 1.4869, 0.4776, -0.9637, 0.3355]
032: [0.7909, -0.8235, 2.8909, 1.1669, -0.9283, -0.3650, 1.1963]
033: [-0.0767, -0.3255, 2.0834, -0.3423, 1.5858, 0.7879, 2.2183]
034: [1.4302, 0.6547, -0.7092, 0.2583, 0.3452, 1.3334, -2.2416]
035: [-1.2932, 0.8822, -0.3338, 0.2119, 0.0335, -0.3920, 0.0635]
036: [-0.3327, -1.6716, -0.7970, 0.1279, 0.9101, -2.1772, -0.7701]
037: [0.9051, -1.1326, 0.3177, 0.7362, -0.4217, -0.3549, -0.2095]
038: [-0.5091, -0.8947, -0.0665, -0.9579, -1.0080, 0.2498, -0.7145]
039: [-0.7212, 0.7906, 1.2431, 0.0094, -1.1475, 0.5372, -0.0513]
040: [-0.9913, 1.4954, -1.4092, 1.0882, -0.1096, 0.6238, -0.3543]
041: [0.2708, 0.4253, -1.7712, 0.6402, 0.7499, 0.6196, -1.5234]
042: [0.9372, 0.2383, -0.1077, -0.4510, 0.5246, 2.0671, -0.2890]
043: [1.9510, -0.0989, 1.3177, 1.0681, 0.5270, 0.2734, -0.7949]
044: [0.2291, -2.6465, 1.4176, 1.4321, -2.5478, 0.3110, 0.1241]
045: [0.2180, 0.1322, -0.8978, -0.2597, 1.0707, 2.2875, -0.3701]
046: [-0.7036, 0.7355, -1.0201, 1.2090, -0.3003, -1.1008, 0.6190]
047: [-0.8345, 0.7911, -0.0080, 0.3375, -0.6551, -0.6399, -0.6591]
048: [-0.0615, -2.4707, 0.0462, -0.4633, -0.5396, 1.0351, -1.5035]
049: [0.5439, -0.3965, 1.1242, 0.2947, 0.5420, 0.9916, 0.6285]
050: [0.3296, -0.6540, -0.4717, -0.2242, -0.5155, 0.1105, -1.0686]
051: [-0.8234, -1.9989, 0.9173, -0.5271, 0.5847, -1.0115, 0.4612]
052: [-0.1496, 1.3005, -1.3575, 0.6510, 1.2473, 0.1728, -0.0977]
053: [0.2438, 0.2139, 0.4012, 0.3348, 1.5668, 0.9474, 0.0438]
054: [-0.9103, 0.9455, 0.3833, -1.6145, -0.2432, -0.0999, 2.0020]
055: [0.3821, 0.9249, 0.4987, 0.5758, 0.0310, 0.4165, 0.5717]
056: [1.4270, 0.4767, -0.4947, -1.3136, 1.9405, 0.9793, -0.7530]
057: [-0.1069, -0.8418, -0.4381, -0.1287, -0.2065, -1.9340, -0.1082]
058: [0.4938, -0.6924, 0.0310, 1.7078, 0.7780, 2.1095, -0.1742]
059: [-1.0470, -1.8612, 0.3904, -0.9941, -0.0686, 0.2901, -1.1313]
060: [1.7142, -1.3890, -0.2148, -1.0104, 0.0567, -1.3001, 1.6409]
061: [-0.5199, 0.2869, 0.6080, 0.2684, 1.9867, -0.2098, 0.6116]
062: [-1.1886, 0.0620, -0.9270, -1.2587, 0.1262, -1.4504, -1.7283]
063: [0.0238, -0.4353, -1.7514, 0.7073, -0.4705, 0.3062, -0.9787]
064: [1.1974, -0.3258, 0.8337, 0.3961, 1.4642, 1.3581, -1.4085]
065: [0.5278, -1.0098, -0.0235, 1.1673, 1.2155, 0.8131, -0.6077]
066: [-0.5417, -1.0949, -0.0486, -0.7336, 0.2190, -0.4373, -1.6989]
067: [-0.8035, -0.0900, 0.4699, 0.3721, 0.8825, -0.4100, 0.2291]
068: [-0.1127, 0.1048, -0.3723, -2.7597, -1.1961, 0.5267, -0.0074]
069: [0.6469, -0.3991, -1.2250, -0.7930, 2.7176, 1.7400, 0.4586]
070: [-0.5499, -0.0851, 1.0320, 1.0979, 0.6289, 0.8916, 1.5771]
071: [1.0237, 0.6766, 1.8415, -0.3146, -1.7651, 0.7494, -0.1402]
072: [0.2141, 1.6899, -0.1844, 1.1747, -0.8817, 0.9949, -2.7577]
073: [2.3941, 0.2273, -1.9140, 3.1802, -2.2325, 0.7620, 0.8017]
074: [-1.0731, 0.2736, 0.7369, 0.0436, -0.8774, 1.3240, 0.4607]
075: [0.7991, 0.5098, -0.8297, 0.7865, 2.2608, 0.3036, -0.9632]
076: [-0.4709, 2.0923, -0.6244, -1.1425, -0.9946, -0.2043, -0.3126]
077: [-1.7181, -0.3096, 0.6167, -1.3929, 0.3595, -1.4113, 0.2276]
078: [-1.0381, -0.2792, 0.4591, 1.5251, -0.0478, 1.1499, -2.4919]
079: [0.4493, 0.5140, 0.2281, 0.5962, -1.1805, -0.0301, 0.9352]
080: [-0.0330, 0.9590, -0.3283, -0.0683, -0.9534, 1.4338, -0.7388]
081: [-0.0051, 0.6978, 0.6527, 0.5145, -0.8907, -0.9495, -1.2649]
082: [0.1631, -1.6041, -0.3094, -1.1476, 0.4216, 0.4959, -0.6536]
083: [-0.0787, -1.4084, 0.6335, -0.3518, 0.2474, 0.5875, -0.2371]
084: [-0.9016, -0.9065, 0.4138, -0.7468, 0.7057, 0.4468, 0.5961]
085: [0.2266, -0.3464, -0.6840, 0.4331, 0.5263, 1.8476, -0.6003]
086: [-1.1496, 0.1182, 0.2285, 0.7686, 0.4140, -0.9547, -0.1710]
087: [-1.2829, 0.3573, 0.1693, 0.2756, -0.1052, -0.8046, -1.4932]
088: [-0.1564, 0.9889, -0.3451, 1.0050, -1.5950, 0.3610, 0.7366]
089: [-0.3713, -0.4508, -0.2154, 0.4779, 0.7921, 0.4890, 1.0242]
090: [0.6117, 1.6516, -0.1471, 0.1380, -0.6818, 0.0396, -0.0278]
091: [-1.4092, 0.1568, -0.0351, -0.0206, -0.3262, -0.5014, 0.0980]
092: [-0.7798, 1.0933, 0.4204, 0.1449, 0.9078, -1.7657, 0.4905]
093: [0.4911, -1.2145, -0.4687, 0.8710, -0.3619, -0.1659, 0.5817]
094: [0.3830, -0.0246, 0.7165, 0.7679, -0.7825, -0.7159, -1.5268]
095: [0.2942, 1.9771, 1.6758, -0.0781, 0.8339, -1.8163, 0.8066]
096: [-1.2253, 0.8944, 1.0088, 0.5036, 0.0345, 0.1447, -0.4082]
097: [-1.5430, 2.9953, -0.3131, -0.9683, -1.4154, -0.9492, -0.2501]
098: [-0.5671, -0.6416, 1.4634, -0.3735, 1.5406, -0.2690, 0.2699]
099: [-1.0613, 1.7393, -0.4103, 0.0113, 0.7688, -0.7756, 1.9596]
100: [-0.6976, -0.7489, -1.6260, -0.2159, -1.5563, 0.1662, -1.3844]
101: [-0.4633, 0.7319, -1.0462, -0.0716, 0.3552, -0.5265, -1.5101]
102: [-0.1441, -0.3599, -0.5771, 0.0897, 0.0331, 0.0660, -1.4636]
103: [-0.7086, 2.0019, -1.0672, -0.3259, -0.4685, -1.8676, -0.2693]
104: [3.0280, -0.3170, -0.2805, -0.2042, -0.3049, 0.4977, -0.6482]
105: [-0.8352, 0.6166, 0.0052, -0.5623, -0.6279, -1.1577, -0.6663]
106: [1.5786, 0.2139, -0.3693, 0.7575, 0.5080, 1.3397, -1.6053]
107: [-0.6505, -0.2395, 0.6125, 1.0945, -0.9345, -0.2941, -0.3014]
108: [0.6245, -0.2079, 0.6031, 0.3892, 0.2173, -1.8090, 0.2218]
109: [0.2594, -0.4549, 0.6238, 1.9951, 0.1589, 1.4155, 0.1404]
110: [1.5780, 0.1097, 0.3111, 1.7354, 0.8234, -0.6846, 0.7013]
111: [1.8547, 0.6313, -0.0169, 1.5343, -0.9506, -0.8484, 0.1109]
112: [1.1806, 1.1347, -0.5783, -0.2769, -1.4048, -1.0626, -0.4367]
113: [-0.3889, 0.3612, 0.8485, 2.5071, -0.3898, 0.4621, 0.5019]
114: [-0.4869, -1.6225, 0.7100, -1.1371, 0.8721, 1.6995, -0.7045]
115: [-0.9880, 0.0505, 0.1433, 0.3410, 0.6423, 1.6517, -0.6285]
116: [-1.4367, -1.3138, 0.0175, 1.3289, -0.1603, 0.9063, -0.8133]
117: [0.1713, 0.8787, 0.0400, 0.5675, -0.4192, -0.4706, 0.5859]
118: [0.3123, 0.2762, -1.9567, -0.4452, 0.4743, 1.6166, -2.0834]
119: [0.9589, 0.9229, -0.2496, -0.4929, 1.5727, 0.6162, 1.6759]
120: [0.0658, 1.7716, 1.1374, -0.1911, -0.1594, 3.3751, -0.4129]
121: [-0.5206, 0.1245, -1.7005, -0.2998, 1.1737, -1.3986, -1.3933]
122: [0.9020, -0.7056, -0.5658, 0.1981, 1.0303, 0.0775, -0.2600]
123: [-0.3541, 1.7002, 0.2883, 0.1905, -0.4887, 1.0829, -0.5420]
124: [1.3457, 1.3484, 1.2252, -2.2342, 0.4939, -0.6845, 0.6634]
125: [1.8154, -2.7006, 0.3561, -0.7728, 0.7940, -0.5045, 0.6151]
126: [-0.7479, 0.1009, 0.0789, -0.2770, -0.4019, 0.3754, -0.3701]
127: [-0.3009, 1.6421, 1.5479, -1.0024, 2.0481, -1.1167, -1.2594]
128: [0.4330, 0.5579, -0.1673, 1.2242, -0.9314, -0.1236, 0.3292]
129: [0.8614, 1.4338, 0.7941, 1.6981, -0.9274, -0.9225, 1.0389]
130: [-0.3999, -0.6437, -1.1069, -1.7174, 1.3792, -0.0812, -0.7993]
131: [-0.2576, -1.1571, 0.1233, -0.4907, -0.9528, -1.2403, -0.5024]
132: [-1.5515, -1.2245, -0.6880, -1.2189, 0.9919, 1.6849, 1.5145]
133: [0.1893, -0.5724, 1.1614, 0.4227, -2.3469, 0.9838, -0.7566]
134: [0.5489, -0.2577, 0.1591, -0.8124, 1.7451, -0.4532, -0.2755]
135: [-1.6618, -1.2362, 1.0738, -0.3213, 1.3008, 0.1198, -1.5308]
136: [-1.1089, -0.7248, 1.2841, -1.4831, 0.7279, 0.5544, -0.0880]
137: [0.8891, 1.6454, 0.8575, -1.8098, 0.1522, 0.2973, 0.3789]
138: [0.1084, 0.0570, 0.3546, -1.6111, -0.4971, 0.7634, 0.5065]
139: [-0.1172, 0.7969, -1.1346, -0.4430, 1.4573, 0.8699, -0.7250]
140: [0.2813, -1.5317, -0.2125, 0.5292, 0.4274, -0.9436, -0.3053]
141: [-0.4765, -0.6798, 1.5346, -1.6417, 0.0175, 0.1759, 0.5966]
142: [-0.0423, 0.4277, -0.3651, 0.5765, -1.0385, 0.1640, 1.1693]
143: [0.2490, 0.1627, -0.7453, -0.5413, -0.9626, 0.5957, -0.4455]
144: [0.5260, 1.2633, -0.7734, 0.1814, 0.2815, -2.2298, -1.1572]
145: [-0.7006, 0.6040, -0.9225, -0.1367, 0.0846, 0.2806, -0.4049]
146: [1.0252, 0.2023, 1.1111, 1.9958, -1.2247, 1.3792, -0.9447]
147: [-1.0662, -0.5636, -1.9877, -0.3772, 1.4484, 0.1952, 0.9465]
148: [0.6859, -1.2141, 0.5021, -0.0661, 0.4408, -0.8579, -0.5996]
149: [0.2702, 0.1249, 1.0693, -0.1729, -1.3533, -1.7979, 0.4147]
150: [0.0364, 1.1602, 1.4086, 1.2855, 0.8554, -0.2287, 0.7401]
151: [1.2601, 0.0185, 1.1415, -0.1883, -0.6298, -0.2203, -1.5172]
152: [0.7304, 2.2118, 0.1334, -1.3214, -0.9399, 0.9652, 0.6606]
153: [-1.3513, 1.7857, -0.8546, -2.8717, 1.4149, -0.9420, 0.3185]
154: [-1.0276, 0.3047, -0.0912, -1.5154, -0.2440, 0.2190, -0.6064]
155: [1.4879, -1.3904, 1.5275, 0.4736, 0.3375, 0.4272, -1.1497]
156: [-0.0430, 0.1902, -0.0461, 1.3078, -0.0240, -0.8939, -0.6366]
157: [-1.5870, -0.9210, -2.7387, -1.1629, 1.9542, -0.2971, -1.3793]
158: [1.3703, -1.4184, -1.6194, -1.0827, -0.0934, 0.4462, 1.0372]
159: [-1.0425, -0.1269, 0.0646, 0.7787, 0.9481, 1.2942, -0.5418]
160: [-0.5756, 0.0558, 0.7583, 0.5729, -0.1686, -1.0954, -0.3847]
161: [0.2681, 0.0108, 0.2366, -0.2861, -1.1744, 1.4509, 0.1821]
162: [-0.8162, -0.6360, 0.5685, 0.9988, 1.3998, -0.3253, -0.4871]
163: [1.9787, -0.6690, -0.2275, -1.2891, 0.7878, -0.9788, 0.9375]
164: [1.4833, -0.7097, -0.7781, -2.0547, 0.1584, 0.5379, 0.0591]
165: [1.2019, -1.4601, 1.2555, 0.6665, 1.8816, 0.7801, -1.5412]
166: [-0.8521, -0.8711, -0.3575, 1.9739, 1.3645, -0.4494, -1.0713]
167: [-0.1035, 0.1709, 0.9613, -0.2431, -0.6480, -0.1748, -0.4685]
168: [0.1875, 0.3620, -0.2744, 0.1225, -0.4195, 2.1934, 1.4541]
169: [0.3609, -0.3568, 2.7050, 0.7074, -0.8763, -0.0054, 0.4597]
170: [0.7081, 1.3684, -0.2866, -0.2767, -1.2135, 0.2250, 0.3512]
171: [-0.6656, 0.5351, 0.7996, 0.2580, 1.4767, 1.4981, 1.2382]
172: [0.3415, 0.4243, -0.2621, -1.9035, 1.4468, 0.3815, 3.0193]
173: [-0.9741, 1.7879, 0.0629, -0.8941, 0.3395, -0.4067, -1.5766]
174: [0.1146, -0.1547, -0.6652, -0.3772, 0.1518, -0.2752, -0.0526]
175: [-0.8260, 0.9998, -1.1540, 0.7063, 0.4163, 0.5949, 0.5824]
176: [1.8241, 0.1370, 1.7048, 0.1800, -0.2489, 0.5880, 1.2120]
177: [0.3699, 0.0960, -0.9731, -1.5451, -0.6857, -0.7213, 0.0497]
178: [-0.6455, 1.1565, 0.8936, 0.7466, -0.0090, 0.5488, -0.1048]
179: [-0.1801, -0.4301, -0.2866, -0.8272, 0.4857, 0.8492, -0.6277]
180: [-0.0440, -1.3628, -0.0964, -0.8932, -1.1533, -0.3543, 1.1651]
181: [0.4641, 0.5567, 0.2662, -0.3249, -0.1487, -0.1589, -0.3939]
182: [-1.2718, 0.4759, 0.2985, 0.5826, 2.4200, 1.0931, 0.0572]
183: [0.2772, 0.1411, 1.2895, 1.6016, -0.1011, 0.4411, -0.4227]
184: [-1.0412, 0.1604, -2.3183, -0.4026, 1.7743, 0.3596, 1.0249]
185: [0.4426, -0.6925, 0.0570, 1.3552, 1.2712, 1.1280, -0.4612]
186: [1.2643, 0.8445, 0.9946, 1.2217, -0.7310, -2.0211, -0.9200]
187: [-0.7824, 0.6754, -0.6324, 0.2981, 0.3420, -1.2094, 1.7458]
188: [0.5113, -0.3929, -0.1994, -0.4296, -0.7773, -0.4392, 0.1559]
189: [0.6536, 0.3992, -2.2953, 0.3382, 0.2477, 0.9692, -1.0796]
190: [-0.7605, -0.5179, 0.0701, 0.2352, -2.0224, -1.4777, -0.0929]
191: [0.5022, -0.5509, 1.0713, -0.3936, 1.2524, 0.9838, 1.0227]
192: [0.4004, -0.6544, 1.3226, 1.2138, 2.0962, 0.0748, 2.0086]
193: [1.8669, -1.7256, -1.2431, -0.3350, -1.6182, -0.2843, -0.9954]
194: [-0.9673, 0.1267, 0.5072, -0.2432, -0.7043, -1.5972, 0.8946]
195: [-2.3630, -0.6013, 0.8813, -2.4469, -1.0653, 0.2442, 2.5600]
196: [-0.0869, 1.7695, -0.4689, 1.3381, 0.6283, -0.6660, 0.6524]
197: [-1.8039, -1.1098, -1.3332, -0.0884, -0.0285, 0.0590, -0.6122]
198: [1.8486, -0.1400, 0.5980, 0.3955, -1.2782, -0.4778, -0.6471]
199: [-0.3392, -1.9113, -0.3983, -0.1360, 0.3463, 1.4030, -0.2259]
Dim:200 x 2
000: [0.2627, -0.3024]
001: [-0.6713, -0.6248]
002: [-1.2629, -0.3692]
003: [-0.9886, 0.1737]
004: [-0.1935, -0.8895]
005: [0.8154, 0.6545]
006: [3.0392, 0.6708]
007: [-0.1949, -0.3599]
008: [2.9807, -0.9608]
009: [1.0434, 0.4792]
010: [-0.9321, 1.1866]
011: [0.3184, -0.1455]
012: [-0.0486, -0.4037]
013: [1.8144, -1.0235]
014: [0.2044, -0.0232]
015: [-0.9028, -0.3351]
016: [-1.6229, 0.8738]
017: [0.0444, 0.2852]
018: [-0.1560, 2.0012]
019: [-0.6869, 0.3990]
020: [-0.5935, 0.1321]
021: [0.3513, -2.5235]
022: [0.7880, -0.6816]
023: [-1.7621, 0.6851]
024: [-0.0970, 0.4394]
025: [0.7138, 1.5946]
026: [-1.3296, 1.0552]
027: [0.5552, 0.8332]
028: [-0.8076, 0.2563]
029: [-0.3771, 0.3107]
030: [1.1742, 0.4470]
031: [-1.4126, 0.4700]
032: [-2.1563, -1.5438]
033: [-0.1461, 0.9452]
034: [1.2026, -1.4915]
035: [-0.4916, 0.9589]
036: [0.6715, 0.2539]
037: [-0.2577, -1.3739]
038: [0.3531, -0.1524]
039: [-1.2187, -0.1504]
040: [-0.0289, 0.2251]
041: [1.3943, -0.5149]
042: [1.1690, -0.5087]
043: [-0.2708, -1.9110]
044: [-0.9899, -2.9406]
045: [1.9649, -0.1122]
046: [-1.0956, 0.4557]
047: [-0.8961, 0.1647]
048: [1.7625, -1.5319]
049: [0.1055, -0.5608]
050: [0.4930, -0.7352]
051: [0.3275, 0.5011]
052: [0.4851, 0.7034]
053: [0.8336, 0.0138]
054: [-1.1018, 2.3092]
055: [-0.8256, -0.1463]
056: [1.7234, 0.5151]
057: [-0.5078, 0.3303]
058: [1.2916, -1.7987]
059: [1.3319, -0.1427]
060: [-0.4524, 0.3855]
061: [0.3084, 1.0374]
062: [0.4922, 1.2445]
063: [0.8128, -0.8647]
064: [1.4148, -1.3770]
065: [1.3202, -1.2664]
066: [1.0464, -0.1101]
067: [-0.0295, 0.5385]
068: [0.1242, 1.2411]
069: [2.7598, 0.8883]
070: [-0.3546, -0.0210]
071: [-1.6916, -1.1672]
072: [-0.1852, -1.7403]
073: [-1.4039, -3.1706]
074: [-0.4160, -0.0330]
075: [1.4151, -0.1638]
076: [-1.0968, 1.3111]
077: [-0.3186, 1.9685]
078: [0.9522, -1.8235]
079: [-1.5226, -0.4373]
080: [-0.0110, -0.5192]
081: [-1.2904, -0.6683]
082: [1.6075, -0.1006]
083: [0.8534, -0.4782]
084: [0.7741, 0.8224]
085: [1.5442, -0.8711]
086: [-0.4585, 0.4078]
087: [-0.2317, 0.1446]
088: [-1.5233, -0.4695]
089: [0.4550, 0.3021]
090: [-1.2223, -0.0013]
091: [-0.4751, 0.7734]
092: [-1.2122, 1.5307]
093: [-0.0423, -0.9052]
094: [-0.8182, -1.3651]
095: [-2.3030, 1.3820]
096: [-0.6618, 0.2257]
097: [-2.1561, 2.0157]
098: [0.3754, 0.7203]
099: [-1.2178, 2.3234]
100: [0.6261, -0.6075]
101: [0.4298, 0.3864]
102: [0.7807, -0.5424]
103: [-1.5326, 1.6107]
104: [0.1840, -1.7373]
105: [-0.8770, 0.7746]
106: [1.0575, -1.7668]
107: [-0.9211, -0.8637]
108: [-1.1682, -0.0240]
109: [0.1703, -1.7898]
110: [-0.8418, -0.9968]
111: [-1.7873, -1.5423]
112: [-1.5742, -0.2171]
113: [-1.1798, -1.3640]
114: [2.1118, -0.1771]
115: [1.1590, -0.2006]
116: [0.9574, -1.1621]
117: [-1.2742, 0.0997]
118: [2.2289, -0.4784]
119: [0.1812, 1.2201]
120: [0.3173, -0.5825]
121: [0.9947, 0.9962]
122: [0.9814, -0.4122]
123: [-0.5763, -0.0589]
124: [-1.1416, 1.5771]
125: [0.9686, -0.6757]
126: [0.0145, 0.1639]
127: [-0.2418, 1.5571]
128: [-1.2301, -0.8339]
129: [-2.7136, -0.6908]
130: [1.9191, 1.3585]
131: [-0.4451, -0.1683]
132: [1.9245, 1.5706]
133: [-0.9414, -2.0238]
134: [0.8690, 0.7430]
135: [1.5016, 0.1911]
136: [0.8007, 0.9908]
137: [-0.8121, 1.2130]
138: [-0.0393, 0.6957]
139: [1.4720, 0.7794]
140: [0.4291, -0.6183]
141: [-0.1160, 0.8911]
142: [-1.1192, -0.0563]
143: [0.0818, -0.2409]
144: [-1.0001, 0.4879]
145: [0.3591, 0.5707]
146: [-0.7994, -2.8440]
147: [1.6358, 1.6347]
148: [0.2329, -0.5857]
149: [-2.2568, 0.0389]
150: [-1.2896, 0.0294]
151: [-0.5839, -1.3244]
152: [-1.2392, 0.8684]
153: [0.2866, 3.8868]
154: [0.3313, 1.1179]
155: [0.4739, -2.0625]
156: [-0.6498, -0.6646]
157: [3.0507, 1.7706]
158: [1.0608, 0.0685]
159: [1.1609, -0.2511]
160: [-0.9554, -0.0777]
161: [-0.1789, -0.6767]
162: [0.6082, -0.1367]
163: [0.0194, 0.5780]
164: [1.0832, 0.3885]
165: [1.7163, -1.7462]
166: [0.9887, -0.8144]
167: [-0.7720, -0.2375]
168: [0.1358, -0.1505]
169: [-1.7444, -1.2447]
170: [-1.2900, 0.0390]
171: [0.4669, 0.7704]
172: [0.1336, 2.6703]
173: [-0.1969, 1.2076]
174: [0.2446, 0.3510]
175: [0.1320, 0.6966]
176: [-1.2469, -0.9208]
177: [-0.2475, 0.9319]
178: [-0.7656, -0.0756]
179: [1.2270, 0.1941]
180: [-0.4307, 0.2545]
181: [-0.4696, -0.0055]
182: [1.3651, 0.8990]
183: [-0.6967, -1.5139]
184: [1.6607, 2.0324]
185: [1.2491, -1.2552]
186: [-2.2582, -1.1896]
187: [-1.0952, 1.6010]
188: [-0.4900, -0.1432]
189: [1.3795, -0.5271]
190: [-1.6238, -0.2923]
191: [0.5837, 0.2042]
192: [-0.0416, 0.1170]
193: [0.3518, -1.8259]
194: [-1.6305, 1.0642]
195: [-0.7542, 2.6769]
196: [-1.1600, 0.5744]
197: [1.2835, 0.4648]
198: [-1.2149, -1.7205]
199: [1.8840, -0.6666]
Size is: 2500 x2350...
Iter 0...
Iter 100...
Iter 200...
    Tr time: 17245
Par Tr time: 5021
    Tr time: 1737
Par Tr time: 731
Tests run: 7, Failures: 0, Errors: 0, Skipped: 0, Time elapsed: 129.711 sec
Running com.jujutsu.tsne.barneshut.ParallelBHUtilsTest
Tests run: 1, Failures: 0, Errors: 0, Skipped: 0, Time elapsed: 0 sec
Running com.jujutsu.tsne.barneshut.BHUtilsTest
Tests run: 12, Failures: 0, Errors: 0, Skipped: 0, Time elapsed: 0 sec

Results :

Tests run: 20, Failures: 0, Errors: 0, Skipped: 0

[INFO] 
[INFO] --------------------< com.jujutsu.tsne:tsne-demos >---------------------
[INFO] Building Java T-SNE Demos 2.5.1                                    [2/3]
[INFO] --------------------------------[ jar ]---------------------------------
[INFO] 
[INFO] --- maven-resources-plugin:2.6:resources (default-resources) @ tsne-demos ---
[INFO] Using 'UTF-8' encoding to copy filtered resources.
[INFO] Copying 11 resources
[INFO] 
[INFO] --- maven-compiler-plugin:3.1:compile (default-compile) @ tsne-demos ---
[INFO] Nothing to compile - all classes are up to date
[INFO] 
[INFO] --- maven-resources-plugin:2.6:testResources (default-testResources) @ tsne-demos ---
[INFO] Using 'UTF-8' encoding to copy filtered resources.
[INFO] skip non existing resourceDirectory /workdir/T-SNE-Java/tsne-demos/src/test/resources
[INFO] 
[INFO] --- maven-compiler-plugin:3.1:testCompile (default-testCompile) @ tsne-demos ---
[INFO] No sources to compile
[INFO] 
[INFO] --- maven-surefire-plugin:2.12.4:test (default-test) @ tsne-demos ---
[INFO] No tests to run.
[INFO] 
[INFO] -------------------< com.jujutsu.tsne:tsne-package >--------------------
[INFO] Building Java T-SNE Package 0.0.1-SNAPSHOT                         [3/3]
[INFO] --------------------------------[ pom ]---------------------------------
[INFO] ------------------------------------------------------------------------
[INFO] Reactor Summary:
[INFO] 
[INFO] Java T-SNE 2.6.2 ................................... SUCCESS [02:10 min]
[INFO] Java T-SNE Demos 2.5.1 ............................. SUCCESS [  0.057 s]
[INFO] Java T-SNE Package 0.0.1-SNAPSHOT .................. SUCCESS [  0.015 s]
[INFO] ------------------------------------------------------------------------
[INFO] BUILD SUCCESS
[INFO] ------------------------------------------------------------------------
[INFO] Total time:  02:10 min
[INFO] Finished at: 2021-02-15T01:29:07Z
[INFO] ------------------------------------------------------------------------
