[INFO] Scanning for projects...
[WARNING] 
[WARNING] Some problems were encountered while building the effective model for com.jujutsu.tsne:tsne:jar:2.6.2
[WARNING] 'build.plugins.plugin.version' for org.apache.maven.plugins:maven-surefire-plugin is missing. @ line 56, column 12
[WARNING] 
[WARNING] Some problems were encountered while building the effective model for com.jujutsu.tsne:tsne-demos:jar:2.5.1
[WARNING] 'build.plugins.plugin.version' for org.apache.maven.plugins:maven-surefire-plugin is missing. @ line 90, column 12
[WARNING] 
[WARNING] It is highly recommended to fix these problems because they threaten the stability of your build.
[WARNING] 
[WARNING] For this reason, future Maven versions might no longer support building such malformed projects.
[WARNING] 
[INFO] ------------------------------------------------------------------------
[INFO] Reactor Build Order:
[INFO] 
[INFO] Java T-SNE                                                         [jar]
[INFO] Java T-SNE Demos                                                   [jar]
[INFO] Java T-SNE Package                                                 [pom]
[INFO] 
[INFO] -----------------------< com.jujutsu.tsne:tsne >------------------------
[INFO] Building Java T-SNE 2.6.2                                          [1/3]
[INFO] --------------------------------[ jar ]---------------------------------
[INFO] 
[INFO] --- buildnumber-maven-plugin:1.2:create (default) @ tsne ---
[INFO] Checking for local modifications: skipped.
[INFO] Updating project files from SCM: skipped.
[INFO] Executing: /bin/sh -c cd /workdir/T-SNE-Java/tsne-core && git rev-parse --verify HEAD
[INFO] Working directory: /workdir/T-SNE-Java/tsne-core
[INFO] Storing buildNumber: b684ac22dcc5d6014e8d16a9edfa4c50be9887eb at timestamp: 1613351495282
[INFO] Executing: /bin/sh -c cd /workdir/T-SNE-Java/tsne-core && git rev-parse --verify HEAD
[INFO] Working directory: /workdir/T-SNE-Java/tsne-core
[INFO] Storing buildScmBranch: UNKNOWN
[INFO] 
[INFO] --- maven-resources-plugin:2.6:resources (default-resources) @ tsne ---
[INFO] Using 'UTF-8' encoding to copy filtered resources.
[INFO] skip non existing resourceDirectory /workdir/T-SNE-Java/tsne-core/src/main/resources
[INFO] 
[INFO] --- maven-compiler-plugin:3.1:compile (default-compile) @ tsne ---
[INFO] Nothing to compile - all classes are up to date
[INFO] 
[INFO] --- maven-resources-plugin:2.6:testResources (default-testResources) @ tsne ---
[INFO] Using 'UTF-8' encoding to copy filtered resources.
[INFO] Copying 3 resources
[INFO] 
[INFO] --- maven-compiler-plugin:3.1:testCompile (default-testCompile) @ tsne ---
[INFO] Nothing to compile - all classes are up to date
[INFO] 
[INFO] --- maven-surefire-plugin:2.12.4:test (default-test) @ tsne ---
[INFO] Surefire report directory: /workdir/T-SNE-Java/tsne-core/target/surefire-reports

-------------------------------------------------------
 T E S T S
-------------------------------------------------------
OpenJDK 64-Bit Server VM warning: Ignoring option MaxPermSize; support was removed in 8.0
Running com.jujutsu.tsne.MatrixOpTest
Size is 2500 x 2350...
Iter 0...
Iter 100...
Iter 200...
    Tr time: 4049
Par Tr time: 3805
Dim:200 x 7
000: [0.0554, 0.1609, -0.8434, 0.3414, 0.1034, -1.3427, 0.9704]
001: [-0.3809, 1.0214, 0.6364, 0.0065, -2.1067, 0.0060, -0.1735]
002: [-1.3941, 0.5747, 0.5705, -0.7550, -0.2899, 2.2097, 0.4450]
003: [2.5571, -0.5337, 1.6781, -0.0684, -0.0226, -0.7440, 0.2206]
004: [-0.9255, 0.6611, -0.8774, 1.6804, 0.0638, 1.0016, 0.9651]
005: [-1.7142, 0.9153, -1.3799, 1.5848, 0.4032, -0.1087, -0.5693]
006: [-2.2809, 0.2127, -0.3226, -0.2704, -0.4667, 0.1979, 0.0696]
007: [1.3983, -2.2143, -0.4430, 0.1168, -0.9292, 2.1306, -0.8818]
008: [0.1923, -1.1703, 0.3527, 0.3621, -0.7188, -0.7733, 0.1657]
009: [1.2939, -1.5069, 1.2729, 0.3013, -0.1906, 1.2644, 0.3201]
010: [1.4371, -0.0927, 0.9698, -0.0086, 0.3566, 0.0646, -0.3751]
011: [-0.7585, -0.2278, -1.7097, -0.4208, 1.3566, 1.0549, 1.0594]
012: [0.2639, -0.2552, -0.6065, -0.2625, -0.2054, -0.0019, -0.8830]
013: [-0.5111, 1.4697, -0.2655, -1.4559, 2.3670, 0.8260, 0.6541]
014: [0.1668, -0.5388, 0.6826, -0.1689, 0.6630, 0.9216, -0.1142]
015: [-0.2091, 1.2235, -0.4978, -0.7881, -0.2026, -0.1127, 0.5936]
016: [1.3409, -1.8050, 0.2687, -0.8556, 0.1155, -0.4932, -0.8405]
017: [-1.3786, -0.0618, 0.1747, -0.7746, 0.2068, -0.0959, -1.3105]
018: [1.4948, 0.2347, 0.1079, 0.4612, -0.9781, -0.5080, 0.0300]
019: [-0.2501, 1.6240, 2.2120, -1.3682, 0.5274, 0.6206, 0.3342]
020: [2.0589, -1.3945, 0.7766, 0.1758, -1.5535, -0.4062, 0.6697]
021: [-0.0968, 0.2087, -1.2631, 0.5739, 1.3302, 1.1276, -0.0954]
022: [0.7722, -0.0101, 0.9002, -0.6218, 0.8510, 0.6840, 0.7092]
023: [0.2586, 0.0412, 0.5507, -2.5728, -0.6440, -0.7181, 0.4367]
024: [-0.2701, -1.0568, -1.1314, -0.3434, 0.8143, 0.7982, 0.6813]
025: [-0.7185, -0.7543, 0.8373, 0.4169, -0.7679, -0.0542, -0.9580]
026: [-0.9894, -0.0207, 0.4628, 0.8818, 1.0353, 1.0953, 1.2274]
027: [-0.3392, 0.2349, -0.8305, 0.2219, -0.0050, 0.6607, 0.1415]
028: [2.2754, -1.0374, 1.0843, -0.8672, 0.3676, 0.2541, 0.2672]
029: [-0.2391, -0.4818, -1.5863, -1.8031, 1.2749, -0.0588, 0.5291]
030: [1.3327, -1.0889, -0.2350, 0.7443, -1.4726, -1.0451, 0.1556]
031: [-1.0056, -0.1199, 0.5677, -0.7590, -2.1245, 0.0412, 0.6671]
032: [-1.7441, -0.7836, -0.4715, 0.2351, -1.7251, 0.3009, -0.5194]
033: [-0.9578, 0.2743, 0.8298, 1.4120, -1.4386, -1.3600, -0.1187]
034: [0.4121, 0.8330, -0.6132, 1.5350, -0.5695, -1.5246, 2.1096]
035: [0.9561, -0.0013, 0.7603, 0.4165, -0.1677, 0.1716, 1.1971]
036: [0.0087, 0.5313, -0.2045, -0.0102, 1.3002, 0.4363, 0.9483]
037: [0.4558, -0.1492, 1.4477, -0.3038, -1.8969, 1.7255, 2.6148]
038: [0.3720, -1.3611, -0.9332, 1.0606, 0.1353, 1.0218, 0.1676]
039: [-1.7745, -0.0309, 1.0097, -1.9845, -0.1833, -0.0401, -1.6882]
040: [0.3956, -0.2410, -0.4528, 0.7110, 1.0196, 0.8955, -0.1363]
041: [-0.5039, -0.2706, 0.7676, 0.1990, -0.3070, 1.8855, -0.2038]
042: [-0.4854, -1.2713, 0.0862, -0.9912, -0.5132, -0.8765, 0.8120]
043: [-0.3064, 0.1492, -0.0204, 1.8799, 0.2078, 0.7988, 0.9293]
044: [-0.2650, -0.8368, 0.8382, -0.6078, -0.3506, -0.3612, -0.3644]
045: [-1.0160, 0.1792, 0.8164, -1.4778, 1.2039, -0.5245, 0.4363]
046: [0.6695, -2.2293, 1.9252, 0.9837, 2.1140, 0.7089, 0.7812]
047: [-0.3751, 0.0529, -0.1743, 0.4433, -0.3634, 0.7335, 0.0883]
048: [-1.5729, -0.9661, 0.9639, 0.0988, 0.3127, -0.5340, -1.1328]
049: [-0.6971, -1.8313, 0.1495, -0.4235, -1.0928, 1.3422, -1.0583]
050: [0.6243, -0.2577, 0.4752, -1.4722, -2.0947, -1.3555, -0.4867]
051: [-0.3699, -1.5194, 1.5779, -0.6205, -0.4271, 0.2545, -0.6032]
052: [1.7483, -1.7371, -1.1519, -0.2848, -1.5050, -0.9448, 1.8855]
053: [-0.4203, 1.9381, -0.3612, 0.9541, -0.2798, -0.0738, -0.7050]
054: [0.5810, -1.2198, 0.0739, 0.8133, -1.4377, -0.5800, -0.0347]
055: [0.2822, -0.7107, 0.5305, 0.0175, 1.2601, -0.6915, -0.2191]
056: [-1.3326, -1.0202, 0.4706, -0.0417, -0.5284, 0.4282, 0.3196]
057: [-1.1937, -1.1063, 2.0497, 1.0395, -0.9262, 0.4232, 0.1233]
058: [-0.4949, -1.3885, -1.7102, 0.7345, 1.3624, 0.7978, 0.0003]
059: [-1.2972, -0.7916, 1.3703, -0.5512, -1.8000, -0.1338, -0.4920]
060: [-1.6999, -0.6031, -0.0840, -1.1792, 0.8965, -0.2457, -1.3338]
061: [-0.3596, -0.6688, -2.0527, 0.1815, 0.6878, -2.7633, -0.8138]
062: [0.1845, -0.0712, 0.8948, -0.8323, 2.7628, -0.3074, -0.9317]
063: [-0.3806, -0.6267, 0.1120, -0.6448, 0.9707, -0.7874, 0.5409]
064: [0.8439, -0.8745, -0.5209, 0.6954, -0.8824, 0.1187, 1.0472]
065: [0.0970, 0.9077, -1.4071, 0.5013, 0.7130, 0.7060, -0.8933]
066: [-0.1959, 0.7331, 0.7315, -0.2466, 0.0480, 0.6447, -1.0281]
067: [0.8156, 0.9391, 0.0814, 1.1509, -1.0607, 0.6949, 1.7776]
068: [-0.5145, -0.0199, 0.7157, 0.7363, 0.4221, 0.3879, -0.1700]
069: [0.0651, -1.1253, 0.8606, -0.0039, 1.0680, 0.6394, -0.0366]
070: [0.6296, -1.7094, -0.8230, -0.6512, -1.2857, 0.2059, 1.2342]
071: [0.9942, 0.4124, 0.3216, -0.7160, -0.5084, 1.6500, 0.8232]
072: [2.0229, -0.9247, 2.1432, -0.1143, 0.1391, -1.0402, -0.4104]
073: [-0.4158, -0.6511, 0.1617, -0.7313, 0.2451, -0.2807, 1.0407]
074: [-1.4334, 0.3227, 0.6095, -1.8161, -1.1023, 1.7126, 0.6584]
075: [-1.1755, 1.0421, -1.1468, -1.3428, 0.0078, -0.1977, -1.5693]
076: [2.1024, 0.7082, 0.5360, -1.5891, -1.2491, 0.0631, 1.4585]
077: [-0.0126, -0.5800, 0.3614, 0.1919, -0.3377, 1.1584, -1.4166]
078: [-1.3634, -0.4368, -0.0660, 0.6037, 0.3681, -0.0159, 0.5798]
079: [-0.5807, 1.4236, -1.4192, -0.4745, 0.7166, -0.3430, 0.5382]
080: [-1.6016, -0.7472, 0.9553, -0.3321, -0.7945, -0.1822, -1.1702]
081: [-0.7002, -0.6479, -0.7005, 1.4382, -0.1876, -0.9500, -1.1072]
082: [2.1815, 0.9910, 1.1681, -0.0120, -0.8824, -1.9888, -0.6322]
083: [0.0630, -2.2413, 1.0689, 0.9339, -1.8605, -1.5236, -0.8567]
084: [0.7553, -0.0300, 0.5682, 0.3246, 0.4983, -1.3729, -2.9677]
085: [0.2878, 0.0897, -1.1831, -1.2698, -0.6232, -0.2221, -1.0009]
086: [-1.0518, 0.1572, 0.7383, -2.1224, 0.4174, -0.9158, 1.4623]
087: [-0.3838, -0.2216, -1.5174, -0.2276, 0.9251, -0.1768, -0.9720]
088: [0.3207, 0.1455, -1.4149, -0.6613, 1.9870, 1.0153, 2.1708]
089: [0.2396, 0.1274, 0.3627, -1.2019, 1.0890, 0.8980, -1.4558]
090: [-0.9399, -0.2172, -0.9703, 0.2644, 0.8580, -3.3557, 0.3519]
091: [-0.0974, -2.1306, -0.3373, 0.2032, -0.0899, 0.7033, 0.9248]
092: [-1.2808, -1.2896, 0.7519, -0.1240, -0.8793, 1.5361, -1.1215]
093: [0.2156, 0.2298, 0.2519, -0.9443, 0.8554, -1.0969, 0.5911]
094: [0.6240, -0.7484, -1.9335, 0.0099, 2.0464, 0.1155, -0.3796]
095: [-0.4580, 0.0339, -0.7912, 0.5367, 0.3067, -0.8613, 0.2589]
096: [0.0878, 0.0417, -1.2809, 0.0518, -0.7250, 0.0483, -0.3930]
097: [0.7945, -0.3933, 1.1975, -0.1787, 0.4498, 0.3628, -1.1909]
098: [-2.0545, 0.1122, 0.2495, -1.4314, -0.7541, 0.0169, -0.4739]
099: [-0.2804, -0.5105, 0.2009, 1.0678, 1.2818, -0.8531, -0.6844]
100: [0.5325, 0.8421, 0.7210, -0.4798, 1.5739, -1.0895, 0.1237]
101: [-0.6394, 0.6781, -1.6493, 0.0368, 0.8957, 0.9850, 0.4562]
102: [1.3322, -0.8974, -0.1516, -0.4184, 0.4316, -0.8823, -0.3797]
103: [-0.3889, -1.3109, -0.8675, 1.0847, -0.6212, 0.9952, 0.1626]
104: [-0.5325, 0.3199, -2.8690, 0.9977, -0.9254, 2.1135, 1.3810]
105: [0.2447, -0.2290, 0.4125, 0.3458, -1.1071, 0.2857, 0.4969]
106: [-0.6944, -0.1534, -0.0084, -0.8112, 0.3544, -1.7889, 0.5357]
107: [0.6381, 0.5238, -1.2561, -0.2501, 0.1946, -0.2535, 0.2396]
108: [-1.7679, 2.3257, -1.1792, 1.9921, 0.5074, 0.1314, 1.2078]
109: [-1.3864, 1.1417, -0.5093, -0.7843, -1.1094, 1.0512, 1.0639]
110: [-1.1321, -0.9459, 1.7669, -0.6036, 0.1000, 0.7973, -0.8704]
111: [0.9182, 0.1337, 0.0643, -0.7376, -1.0165, 1.6688, 1.2752]
112: [1.0112, -0.3510, 1.7171, 1.0367, 0.2945, -0.3600, 1.9980]
113: [-1.0549, 0.1658, -0.1600, 1.4724, -0.2843, 0.9916, 0.8802]
114: [-1.1305, 0.3932, -0.8166, 1.1955, 0.4252, 0.5422, -0.4893]
115: [0.3361, 1.2763, -0.3385, -1.0899, -1.5739, 1.4689, 0.8575]
116: [0.8432, -0.1305, 0.9012, -0.8395, -0.8291, -0.7818, 0.3051]
117: [0.0592, -0.1399, 0.6441, -1.4606, -0.6071, 0.0025, 0.2566]
118: [-1.2509, 1.4586, -0.3191, -0.3335, -0.0290, 0.6525, 1.2717]
119: [-0.3948, -0.9621, -0.8586, -0.9788, -0.2865, -0.6085, -0.3886]
120: [-0.0304, 0.4140, 0.3429, -0.9111, -0.0758, -1.3128, -0.2874]
121: [1.7859, -0.2643, -1.3874, -0.3591, 0.2827, -0.6645, 1.0323]
122: [0.1091, -0.4591, -2.1285, 0.6702, -2.1976, -0.0534, 0.1416]
123: [-0.9609, 1.6742, -1.6010, -0.6473, -0.6406, -0.7856, 0.1575]
124: [-1.2862, -1.1026, -0.5282, -0.7719, -2.6390, 0.0100, -0.8471]
125: [-0.9475, -2.5384, 0.5251, 0.7797, 0.1430, 1.5648, 0.5228]
126: [-2.3504, -1.5903, 0.6276, 0.1528, 0.6939, -2.3271, 0.5335]
127: [-0.8437, 0.0940, 0.6145, -0.4918, 0.0903, 0.2467, -1.4566]
128: [-0.5491, -1.1756, -0.8480, -1.3078, 0.1780, -0.1537, -1.1655]
129: [-0.5043, 2.2233, 1.1349, -0.5745, 0.3554, 0.2877, 0.1434]
130: [1.2884, 0.2388, 0.4823, -1.9387, -1.1243, -0.2585, -0.4289]
131: [-2.5296, 0.2014, 1.3311, -0.4090, 0.7058, 1.3322, -1.6263]
132: [0.9644, 0.0493, 0.8792, -2.0307, 0.0621, 0.2777, 1.2682]
133: [0.3158, -0.7602, 0.7248, 0.5127, -0.1031, -0.3672, -0.0543]
134: [-0.1665, 0.1518, 0.4160, -0.3501, -1.2660, 0.7373, -0.7353]
135: [-0.6792, 0.5743, 0.2846, -1.1574, 2.6450, -0.1007, -0.2371]
136: [0.5204, -0.0882, -0.8018, -1.3515, -1.8846, 0.3987, -0.0721]
137: [1.1196, -0.3670, -0.3629, -0.6553, -0.7708, 1.5443, -0.7357]
138: [-0.2862, 0.7863, 0.3233, -0.5915, 0.5378, 1.1355, -1.9597]
139: [0.7550, 0.2072, 1.2297, -0.2740, 1.5837, 1.1938, -0.2968]
140: [1.2268, -0.9101, 1.1626, 0.7763, -1.2365, -2.0371, 0.5290]
141: [0.4620, -1.2544, 0.5054, -0.4254, 1.9145, -1.3439, -0.3699]
142: [0.5041, -0.3490, 0.2629, -0.9074, 1.4877, -0.2317, -0.9834]
143: [1.5671, 1.3201, 0.3764, -0.0483, 0.3177, -0.2939, 0.6760]
144: [-0.0402, -2.1337, -1.9035, 1.3879, 0.0416, -1.3655, 0.1905]
145: [2.2675, -1.0253, 1.2314, 0.0007, 0.9806, -1.9671, 0.1470]
146: [0.9376, 1.1199, 0.5922, -0.3307, -0.4911, 0.9246, -0.1682]
147: [-0.8094, 0.1959, -1.3474, -2.6470, -0.2556, -0.0647, 0.7589]
148: [-0.9598, -0.2700, -1.0575, 0.1874, -0.1955, -0.0542, 1.2404]
149: [-1.5738, -1.2096, -0.2859, 1.4934, 0.1592, 0.7035, -1.6147]
150: [-0.9557, 0.1102, -0.7395, -0.5416, 0.5760, -0.8115, 0.7416]
151: [0.1075, -1.8246, 1.0420, 0.3598, -1.2951, -0.6866, -0.2756]
152: [0.9008, -1.3646, -0.7944, -1.4501, -1.3469, -0.7757, 1.2473]
153: [1.1667, 1.0192, 0.5437, -0.5477, -0.4518, 0.8435, 1.0595]
154: [-0.2323, 0.7723, 0.5702, 0.3342, 1.1168, 0.8452, 1.2526]
155: [1.3839, -0.1082, 0.8302, 0.4715, -1.0017, 0.2933, 0.4054]
156: [-0.0763, 0.2085, 2.2377, -1.1627, -1.3442, -0.4646, 0.7836]
157: [-0.4724, -0.8314, 1.1221, -1.0694, -1.4900, -0.3682, -1.4112]
158: [-1.0811, -1.4014, -0.0658, 0.0393, -0.1385, 1.1342, 0.1650]
159: [-1.0070, -1.0808, -1.7188, -0.3671, 0.3556, 0.6293, 0.4816]
160: [0.7631, 1.7384, -0.1017, 1.1366, 0.1658, -0.6895, 1.5288]
161: [0.5081, 0.4027, -0.9714, 1.9569, 1.2149, 1.5828, -0.5214]
162: [0.4003, -0.8671, 1.1163, 0.7049, -0.2059, -0.2549, -0.7815]
163: [0.6286, -1.5552, 0.1555, 0.2984, 0.3368, -0.4413, -0.8206]
164: [0.4710, -0.8562, 0.1364, -0.3570, 1.4140, -0.1464, 1.4430]
165: [-0.0278, -2.8772, -2.2864, -0.8380, -0.7688, -0.6625, 0.7898]
166: [-0.6879, -1.2347, -0.6672, 0.6373, 1.1042, 0.7808, 1.3129]
167: [-0.5421, 0.3798, -0.9648, 0.7167, 0.2989, -0.8535, 0.4229]
168: [-0.1867, -0.1949, -0.6021, 0.9302, -1.9184, -0.4209, 1.0764]
169: [0.4147, 0.9955, -0.5214, 1.9120, -0.3323, -0.9780, 1.6907]
170: [-0.2666, 0.2235, 0.5829, 0.3586, 0.7863, -1.5401, 0.8019]
171: [0.5075, -0.7900, -0.1274, -0.5131, -0.1532, -0.1783, 1.1349]
172: [1.9375, -0.4014, 1.3688, 0.1656, -0.1978, -0.1898, 2.6777]
173: [1.3143, -0.8044, 0.1461, -0.4633, 0.1690, 0.4194, -0.6652]
174: [0.8549, 0.1979, -0.1170, 1.1412, 1.1673, 1.6374, 0.4466]
175: [-0.1902, -0.8164, -1.4008, -0.2614, -0.5004, 0.3126, 1.6013]
176: [-0.7120, -2.4858, 1.6529, 1.6767, -1.0387, 0.6590, 0.3189]
177: [0.3779, 0.2462, 1.6005, -0.4642, -0.0162, -0.1162, 1.0077]
178: [-0.0963, -0.7340, 2.5088, -0.0494, 0.6415, -0.3508, -0.3148]
179: [2.4885, -1.0207, 1.3443, -1.6830, 1.1376, 0.3155, -0.9106]
180: [1.3830, -0.5391, 0.1871, 0.0438, 1.3228, 0.8706, -0.4390]
181: [-0.0074, -2.2563, 1.1068, -1.6238, -0.7760, -0.3877, 0.0430]
182: [-0.2297, -0.1404, 1.0635, -0.6402, -0.4829, -1.9934, -0.6485]
183: [0.5436, -0.6832, 1.0722, 0.8713, -1.0457, 1.4099, 0.3971]
184: [0.1839, -0.3475, 1.0839, -0.9632, 1.0209, 0.8161, 0.5602]
185: [-1.1182, 1.6566, -0.8405, -2.7861, 0.6191, -1.2637, -1.7536]
186: [-1.8706, 0.8242, 1.8558, 0.5863, -0.0699, 0.3901, -0.7422]
187: [0.0749, 0.2694, -0.3138, -1.7848, 0.4333, -0.2318, -0.2722]
188: [1.1548, -0.5989, -1.3982, -0.8375, 0.7691, 0.5646, 0.9137]
189: [1.7215, -2.0081, 1.8827, -1.9300, -0.2372, -1.2633, -0.3052]
190: [1.3594, -0.4543, -2.3131, 0.5720, 1.2725, 0.2878, -0.4334]
191: [-0.2851, -1.3903, 0.8367, 0.9296, -1.4563, -1.0397, -0.8996]
192: [2.3433, -1.2297, 0.5354, 0.1215, 1.4735, -0.7231, -1.1397]
193: [1.5146, -1.0213, 0.9094, 1.5391, 0.1534, 0.0824, 0.1570]
194: [0.6328, 0.8513, -1.1059, 0.4958, -0.1984, 0.0104, -2.3351]
195: [-0.7117, -0.6354, 0.7368, -2.1751, -0.0748, 2.0596, 1.8692]
196: [1.2076, -0.1967, 1.0711, -0.0385, 0.5112, 1.2091, 0.1676]
197: [0.1242, 0.0979, 0.1621, -0.7295, -1.0590, 0.9168, 0.7697]
198: [-0.9833, 1.4042, -0.8371, -0.7699, -1.2763, 1.8764, -2.5942]
199: [-0.0313, -1.0626, -0.6106, -1.5884, 2.1541, -0.4892, -0.7846]
Dim:200 x 2
000: [0.3750, 1.0560]
001: [-0.0176, -0.4018]
002: [1.3920, -0.6260]
003: [-2.7407, 0.6249]
004: [1.9582, 1.4280]
005: [2.5749, 0.0580]
006: [1.7087, -0.8945]
007: [-0.9194, 0.5268]
008: [-0.9894, 0.2524]
009: [-1.6169, 0.6438]
010: [-1.1657, 0.0533]
011: [2.0849, 0.8882]
012: [0.1959, -0.3342]
013: [1.8944, -0.3552]
014: [-0.1492, -0.2299]
015: [0.9554, 0.1541]
016: [-1.7200, -0.4425]
017: [0.8035, -1.8917]
018: [-0.9847, 0.8794]
019: [-0.1033, -1.2538]
020: [-2.5249, 1.2553]
021: [1.7326, 0.6786]
022: [-0.4714, 0.2795]
023: [-0.8656, -0.9385]
024: [0.9223, 0.6870]
025: [-0.3635, -1.0082]
026: [1.1020, 0.7138]
027: [1.1628, 0.4359]
028: [-2.1462, 0.4665]
029: [1.1417, 0.0036]
030: [-1.4930, 1.1405]
031: [-0.1640, -0.4009]
032: [0.8472, -0.6986]
033: [-0.2164, -0.1945]
034: [0.2208, 2.4436]
035: [-0.7776, 1.2085]
036: [0.9345, 0.7283]
037: [-0.9720, 1.5943]
038: [0.3410, 1.2320]
039: [0.3781, -3.1463]
040: [0.6590, 0.6378]
041: [0.3918, -0.3319]
042: [-0.5896, -0.1331]
043: [0.8752, 1.4416]
044: [-0.7502, -0.9064]
045: [0.3608, -1.1727]
046: [-1.5067, 0.6161]
047: [0.6839, 0.2709]
048: [0.0537, -1.7779]
049: [-0.1892, -1.0426]
050: [-1.5724, -0.8731]
051: [-1.2527, -1.3204]
052: [-1.5541, 2.3931]
053: [1.4583, -0.0974]
054: [-1.1432, 0.6391]
055: [-0.5046, -0.2748]
056: [0.2423, -0.4465]
057: [-0.7860, -0.5865]
058: [1.4745, 0.7975]
059: [-0.7002, -1.5343]
060: [0.9897, -2.1714]
061: [0.6866, -0.1125]
062: [-0.0115, -1.3580]
063: [0.0055, -0.1927]
064: [-0.4913, 1.6851]
065: [1.7340, 0.2189]
066: [0.3494, -1.0833]
067: [0.1089, 2.1847]
068: [0.3262, -0.2196]
069: [-0.4148, -0.2448]
070: [-0.7370, 1.2622]
071: [-0.1312, 0.7577]
072: [-2.9157, -0.2558]
073: [-0.0444, 0.1513]
074: [0.8604, -0.9912]
075: [1.7960, -1.7739]
076: [-1.4775, 1.1012]
077: [-0.0021, -0.8542]
078: [0.9583, 0.1132]
079: [1.9670, 0.3624]
080: [-0.0248, -1.9312]
081: [0.5378, -0.1934]
082: [-2.1206, -0.0081]
083: [-2.2055, -0.5017]
084: [-0.8483, -1.8514]
085: [0.4133, -0.6537]
086: [0.0658, -0.7496]
087: [1.3301, -0.4011]
088: [1.5520, 1.8710]
089: [0.2755, -1.4904]
090: [0.4645, 0.0053]
091: [-0.2805, 0.9358]
092: [0.1628, -1.4282]
093: [-0.2014, -0.1156]
094: [1.1208, 0.6897]
095: [0.7922, 0.4482]
096: [0.7401, 0.3281]
097: [-0.9592, -0.9180]
098: [0.9784, -1.8931]
099: [0.1566, -0.2689]
100: [-0.1887, -0.2958]
101: [2.2829, 0.7123]
102: [-1.0835, 0.1530]
103: [0.5894, 0.9092]
104: [2.7671, 2.4430]
105: [-0.4454, 0.5654]
106: [0.0193, -0.4337]
107: [0.7058, 0.7841]
108: [3.2153, 1.3481]
109: [1.7362, 0.1017]
110: [-0.3977, -1.8850]
111: [-0.1695, 1.1435]
112: [-1.5038, 1.6503]
113: [1.3047, 0.9830]
114: [1.8389, 0.0564]
115: [0.6737, 0.5776]
116: [-1.3844, -0.1146]
117: [-0.5653, -0.6209]
118: [1.8567, 0.3499]
119: [0.1691, -0.5558]
120: [-0.3026, -0.8220]
121: [-0.3299, 1.8032]
122: [0.6975, 1.3481]
123: [1.9493, -0.0603]
124: [0.0937, -1.1307]
125: [-0.1079, 0.3045]
126: [0.0186, -1.0024]
127: [0.3987, -1.7549]
128: [0.3686, -1.2817]
129: [0.8651, -0.7827]
130: [-1.2626, -0.7070]
131: [1.4678, -2.7713]
132: [-0.9723, 0.1195]
133: [-0.8332, 0.0920]
134: [-0.0160, -0.7289]
135: [1.1221, -1.1792]
136: [-0.1415, 0.0188]
137: [-0.2197, 0.0405]
138: [0.8831, -1.7445]
139: [-0.2147, -0.3676]
140: [-2.3926, 0.7585]
141: [-0.9015, -0.5635]
142: [-0.2260, -0.9911]
143: [-0.4121, 0.9708]
144: [0.1487, 1.3723]
145: [-2.6317, 0.4976]
146: [-0.1197, 0.0571]
147: [1.1934, -0.5013]
148: [1.1909, 0.9314]
149: [1.1219, -0.9126]
150: [1.0610, 0.0467]
151: [-1.7255, -0.2925]
152: [-1.1312, 0.9346]
153: [-0.3038, 0.9079]
154: [0.8323, 0.7432]
155: [-1.2634, 0.9059]
156: [-1.5392, -0.7779]
157: [-1.0956, -1.9717]
158: [0.5426, -0.1602]
159: [1.5286, 0.4326]
160: [0.4730, 1.8656]
161: [1.5230, 1.2113]
162: [-1.1283, -0.4054]
163: [-0.9612, -0.1948]
164: [-0.2946, 0.9582]
165: [-0.1435, 1.0352]
166: [0.9711, 1.1933]
167: [1.1059, 0.6615]
168: [0.0770, 1.3713]
169: [0.4796, 2.3296]
170: [-0.1374, 0.2440]
171: [-0.5163, 0.8539]
172: [-2.0086, 2.2949]
173: [-0.9012, -0.0543]
174: [0.6652, 1.3599]
175: [0.7018, 1.4940]
176: [-1.3233, 0.2361]
177: [-0.9511, 0.0905]
178: [-1.4947, -1.1949]
179: [-2.2938, -0.7295]
180: [-0.4140, 0.3273]
181: [-1.8587, -1.0280]
182: [-1.1015, -1.3272]
183: [-0.8150, 0.7289]
184: [-0.3331, -0.2916]
185: [1.5511, -2.7603]
186: [0.6883, -1.6796]
187: [0.2992, -0.8456]
188: [0.3185, 1.3240]
189: [-3.3652, -1.0221]
190: [0.9608, 1.4105]
191: [-1.2764, -0.5923]
192: [-1.8793, 0.0499]
193: [-1.4705, 1.1909]
194: [0.8182, -0.6575]
195: [0.2571, -0.0533]
196: [-0.7785, 0.3658]
197: [0.0002, 0.3539]
198: [2.0061, -2.0128]
199: [0.3076, -1.1214]
Size is: 2500 x2350...
Iter 0...
Iter 100...
Iter 200...
    Tr time: 17575
Par Tr time: 4855
    Tr time: 1520
Par Tr time: 827
Tests run: 7, Failures: 0, Errors: 0, Skipped: 0, Time elapsed: 143.61 sec
Running com.jujutsu.tsne.barneshut.ParallelBHUtilsTest
Tests run: 1, Failures: 0, Errors: 0, Skipped: 0, Time elapsed: 0 sec
Running com.jujutsu.tsne.barneshut.BHUtilsTest
Tests run: 12, Failures: 0, Errors: 0, Skipped: 0, Time elapsed: 0 sec

Results :

Tests run: 20, Failures: 0, Errors: 0, Skipped: 0

[INFO] 
[INFO] --------------------< com.jujutsu.tsne:tsne-demos >---------------------
[INFO] Building Java T-SNE Demos 2.5.1                                    [2/3]
[INFO] --------------------------------[ jar ]---------------------------------
[INFO] 
[INFO] --- maven-resources-plugin:2.6:resources (default-resources) @ tsne-demos ---
[INFO] Using 'UTF-8' encoding to copy filtered resources.
[INFO] Copying 11 resources
[INFO] 
[INFO] --- maven-compiler-plugin:3.1:compile (default-compile) @ tsne-demos ---
[INFO] Nothing to compile - all classes are up to date
[INFO] 
[INFO] --- maven-resources-plugin:2.6:testResources (default-testResources) @ tsne-demos ---
[INFO] Using 'UTF-8' encoding to copy filtered resources.
[INFO] skip non existing resourceDirectory /workdir/T-SNE-Java/tsne-demos/src/test/resources
[INFO] 
[INFO] --- maven-compiler-plugin:3.1:testCompile (default-testCompile) @ tsne-demos ---
[INFO] No sources to compile
[INFO] 
[INFO] --- maven-surefire-plugin:2.12.4:test (default-test) @ tsne-demos ---
[INFO] No tests to run.
[INFO] 
[INFO] -------------------< com.jujutsu.tsne:tsne-package >--------------------
[INFO] Building Java T-SNE Package 0.0.1-SNAPSHOT                         [3/3]
[INFO] --------------------------------[ pom ]---------------------------------
[INFO] ------------------------------------------------------------------------
[INFO] Reactor Summary:
[INFO] 
[INFO] Java T-SNE 2.6.2 ................................... SUCCESS [02:24 min]
[INFO] Java T-SNE Demos 2.5.1 ............................. SUCCESS [  0.063 s]
[INFO] Java T-SNE Package 0.0.1-SNAPSHOT .................. SUCCESS [  0.015 s]
[INFO] ------------------------------------------------------------------------
[INFO] BUILD SUCCESS
[INFO] ------------------------------------------------------------------------
[INFO] Total time:  02:24 min
[INFO] Finished at: 2021-02-15T01:13:59Z
[INFO] ------------------------------------------------------------------------
