[INFO] Scanning for projects...
[WARNING] 
[WARNING] Some problems were encountered while building the effective model for com.jujutsu.tsne:tsne:jar:2.6.2
[WARNING] 'build.plugins.plugin.version' for org.apache.maven.plugins:maven-surefire-plugin is missing. @ line 56, column 12
[WARNING] 
[WARNING] Some problems were encountered while building the effective model for com.jujutsu.tsne:tsne-demos:jar:2.5.1
[WARNING] 'build.plugins.plugin.version' for org.apache.maven.plugins:maven-surefire-plugin is missing. @ line 90, column 12
[WARNING] 
[WARNING] It is highly recommended to fix these problems because they threaten the stability of your build.
[WARNING] 
[WARNING] For this reason, future Maven versions might no longer support building such malformed projects.
[WARNING] 
[INFO] ------------------------------------------------------------------------
[INFO] Reactor Build Order:
[INFO] 
[INFO] Java T-SNE                                                         [jar]
[INFO] Java T-SNE Demos                                                   [jar]
[INFO] Java T-SNE Package                                                 [pom]
[INFO] 
[INFO] -----------------------< com.jujutsu.tsne:tsne >------------------------
[INFO] Building Java T-SNE 2.6.2                                          [1/3]
[INFO] --------------------------------[ jar ]---------------------------------
[INFO] 
[INFO] --- buildnumber-maven-plugin:1.2:create (default) @ tsne ---
[INFO] Checking for local modifications: skipped.
[INFO] Updating project files from SCM: skipped.
[INFO] Executing: /bin/sh -c cd /workdir/T-SNE-Java/tsne-core && git rev-parse --verify HEAD
[INFO] Working directory: /workdir/T-SNE-Java/tsne-core
[INFO] Storing buildNumber: b684ac22dcc5d6014e8d16a9edfa4c50be9887eb at timestamp: 1613352125569
[INFO] Executing: /bin/sh -c cd /workdir/T-SNE-Java/tsne-core && git rev-parse --verify HEAD
[INFO] Working directory: /workdir/T-SNE-Java/tsne-core
[INFO] Storing buildScmBranch: UNKNOWN
[INFO] 
[INFO] --- maven-resources-plugin:2.6:resources (default-resources) @ tsne ---
[INFO] Using 'UTF-8' encoding to copy filtered resources.
[INFO] skip non existing resourceDirectory /workdir/T-SNE-Java/tsne-core/src/main/resources
[INFO] 
[INFO] --- maven-compiler-plugin:3.1:compile (default-compile) @ tsne ---
[INFO] Nothing to compile - all classes are up to date
[INFO] 
[INFO] --- maven-resources-plugin:2.6:testResources (default-testResources) @ tsne ---
[INFO] Using 'UTF-8' encoding to copy filtered resources.
[INFO] Copying 3 resources
[INFO] 
[INFO] --- maven-compiler-plugin:3.1:testCompile (default-testCompile) @ tsne ---
[INFO] Nothing to compile - all classes are up to date
[INFO] 
[INFO] --- maven-surefire-plugin:2.12.4:test (default-test) @ tsne ---
[INFO] Surefire report directory: /workdir/T-SNE-Java/tsne-core/target/surefire-reports

-------------------------------------------------------
 T E S T S
-------------------------------------------------------
OpenJDK 64-Bit Server VM warning: Ignoring option MaxPermSize; support was removed in 8.0
Running com.jujutsu.tsne.MatrixOpTest
Size is 2500 x 2350...
Iter 0...
Iter 100...
Iter 200...
    Tr time: 4009
Par Tr time: 3762
Dim:200 x 7
000: [-0.2326, 0.0256, -1.4759, -0.8516, -0.3560, 0.5430, -0.3494]
001: [0.0270, -0.6404, 1.6667, 2.4729, -2.1633, -0.7969, 0.0278]
002: [-0.6062, -0.5293, 1.8165, -1.0070, 2.0801, -1.0648, -0.8283]
003: [0.9367, -0.1531, 1.8734, -1.1071, -1.9301, -0.8647, -0.8639]
004: [2.2628, -0.1448, 0.5106, 1.5859, 0.8464, 0.4169, -0.4331]
005: [-0.2195, -0.2088, -0.8218, 0.9484, 1.3157, 0.3333, 1.2388]
006: [-0.0120, -0.6397, -0.5584, -0.3904, 1.9184, 1.0190, 2.9080]
007: [-0.1757, -0.8314, -1.0463, 0.1847, -0.7530, 1.1164, 0.5470]
008: [0.0947, -1.0022, 1.1676, -1.6435, -0.9304, 0.8681, -0.2642]
009: [-0.5672, 0.3841, 0.7294, -0.6086, -0.8944, -0.2169, -0.8005]
010: [0.6338, 0.2611, -0.9961, -1.0598, 0.8717, 1.0814, 0.4668]
011: [-0.6652, 0.5968, -1.7960, 0.4102, 0.8205, 2.4348, -0.3652]
012: [-0.5361, -0.1307, 0.5784, 0.8639, 0.0489, 0.9607, 1.2960]
013: [2.0959, 0.6322, -0.3668, -1.1474, 1.3823, -1.2184, -0.7436]
014: [-0.2299, 0.6450, -0.2678, -0.0775, 1.1882, -1.3670, 0.2782]
015: [-0.3600, -2.3766, -0.8997, 1.0367, 0.1318, -0.5697, -0.5268]
016: [0.1550, -1.1252, -1.1272, 3.0083, -1.0946, -1.4108, 0.0050]
017: [-0.5473, 0.9909, 0.2875, 0.6888, -1.5925, 1.4819, -0.6651]
018: [0.5581, -1.1140, 0.3400, -0.2033, 0.0308, 0.9028, 0.5073]
019: [0.5404, 0.5237, -2.3743, -1.9706, 1.4187, 0.1280, -0.8925]
020: [0.6442, 2.0994, 1.3039, 0.3961, 0.5495, -0.9569, -0.5447]
021: [-1.6364, 0.7387, 1.2108, 0.0223, -1.1618, -1.2804, 0.3869]
022: [-0.3198, 0.7654, -0.4412, 1.3575, -0.0532, 1.3005, 0.1437]
023: [-0.3758, 1.0008, 0.1188, 0.7404, -0.2596, -0.9092, -0.4785]
024: [2.1490, 0.0502, 0.5641, 0.9571, 1.1093, -0.3229, -0.8671]
025: [0.3888, -0.9165, 0.0994, -0.3609, 0.0661, -0.3150, 0.2629]
026: [0.8113, 1.6212, 0.0398, -1.1580, -0.3611, 1.3383, -1.5187]
027: [-0.1525, 0.2231, 0.5479, 0.7089, -0.0235, -0.8208, -0.3074]
028: [2.1000, 0.3703, -1.4600, -1.6698, 0.7876, -1.1779, -0.6555]
029: [-0.6846, 0.8097, -2.1609, 0.4068, -0.9578, -1.1920, -0.7967]
030: [-1.6079, 1.0101, -1.0592, -1.5990, 2.5311, -0.6701, -0.0459]
031: [-0.9681, -1.5340, -0.6108, 0.1513, 1.4818, -0.3003, 0.5563]
032: [-0.0095, 1.0609, -0.2359, 0.0579, -0.0247, -0.7902, 0.0786]
033: [-1.9711, 0.3168, 0.4798, 0.3907, 0.9761, 0.5097, -0.5164]
034: [0.5470, 0.9074, 1.2769, 0.2139, 0.5043, -2.0554, 2.0094]
035: [0.6851, 0.6127, -0.0436, -0.2409, -0.2339, -0.6274, 1.1624]
036: [-0.2152, -0.0206, 1.1105, 0.4003, 0.2375, -1.6559, -1.0981]
037: [-0.8106, -0.3918, 1.0784, 0.9877, -0.0372, -1.3910, -0.3556]
038: [0.8499, -0.2295, 0.7497, -0.5174, -1.7809, 1.1148, 0.8798]
039: [0.1813, -0.2018, 0.0251, 0.9407, 0.4848, 0.5639, 0.7584]
040: [0.2400, 0.7235, 1.8008, 0.0323, 0.9102, 1.0495, 0.1287]
041: [-0.9146, -1.7199, -0.2845, -0.0265, -0.7010, -0.9556, -0.2801]
042: [-1.1062, 0.2843, -0.8666, -0.7423, 0.2890, -0.5502, -0.8742]
043: [-0.3123, -0.8284, 0.2172, 0.9574, 1.0006, -0.6059, 0.8255]
044: [0.8470, -0.3950, -0.7847, -0.0672, -2.0810, 0.8940, -0.5761]
045: [1.7511, 0.3333, -0.5259, 0.0924, -1.1825, 0.3275, 0.2110]
046: [0.5914, 0.2403, -0.4350, 0.4602, -0.1895, -0.9372, 0.3233]
047: [-1.2167, 0.6494, 1.7747, -0.0420, 1.0102, -0.0461, 0.1438]
048: [-0.5556, 0.8427, -1.5743, -0.9076, -1.5248, 0.5713, -2.3149]
049: [1.2686, -1.7964, -0.8051, -0.1586, -1.3947, 0.8904, -0.5183]
050: [1.0091, -1.5778, -0.8229, -0.8343, 1.3279, -0.4014, 1.3675]
051: [-0.0631, 1.5007, -1.2955, -1.2111, -0.7358, -0.6160, -0.7898]
052: [1.6350, 1.0012, 0.4375, 0.7510, -0.0290, -2.7451, 0.2931]
053: [-0.2342, 1.4636, 1.4454, 1.4916, -0.9799, -0.8724, -2.0170]
054: [-1.0551, -1.2841, 0.1886, -0.4175, -0.6108, 0.7461, -0.2201]
055: [2.1682, 1.1345, 0.2284, -1.0715, 2.3740, 0.9994, -0.0061]
056: [0.1870, -0.5392, -1.1744, 0.6009, -1.2359, 0.4286, -0.7293]
057: [0.0015, 2.2396, -1.1582, 0.0789, -1.0606, 0.5226, -0.0528]
058: [-0.9743, -1.1067, 1.4402, 1.2863, 1.9149, -0.1442, 0.1647]
059: [0.7317, -1.7833, 0.8455, 1.2978, 1.5742, -1.4195, -1.0905]
060: [-0.5804, -0.7368, -0.5100, 0.6571, 1.0421, -1.2365, 0.0030]
061: [0.7752, 0.3925, -0.8419, 0.2445, -1.0923, 2.5040, 0.1936]
062: [0.6230, 1.1875, 1.8660, 0.9961, 2.0079, 2.6857, 0.9640]
063: [0.9932, 1.4412, -0.1900, -1.0834, 0.4697, -0.2889, -0.4819]
064: [0.7272, -0.3867, 1.7187, -0.1707, -0.6320, -0.6016, 0.5075]
065: [-0.6759, 0.4877, 0.8115, 1.5617, 1.4627, 1.1537, 0.9209]
066: [-0.9502, -0.5363, 2.2263, -0.5237, -0.4340, -0.6193, -0.5698]
067: [0.1067, 0.3606, -0.0688, 1.8184, -1.4964, 0.1806, -0.6584]
068: [0.2246, 0.2163, -1.2723, -1.9138, 1.4942, 1.1782, -0.7122]
069: [1.4826, -2.3234, 1.3104, 0.7422, 0.2839, -0.6231, -1.8767]
070: [-0.2829, -0.9615, 0.4170, -0.0700, -1.2457, -1.6450, 1.4450]
071: [0.0788, 0.1377, 0.7095, -1.4871, 1.8680, 1.8216, 0.5822]
072: [-0.1800, 0.3244, -1.1541, 0.8205, -1.6145, 0.1312, 1.1612]
073: [-0.4132, 0.3288, -0.1481, 0.0057, -0.0906, -1.5367, 0.6438]
074: [-0.9537, 1.3026, 0.0803, -0.8446, 0.9636, -0.6899, -1.3566]
075: [0.9125, 0.2453, 1.4268, -2.3424, -0.0734, -0.0859, 0.4103]
076: [0.8185, -1.4553, 0.9577, -0.3569, -1.0973, -0.3852, -0.0051]
077: [0.1757, 0.0784, 0.2529, -1.0778, -1.3390, 1.4861, 0.3645]
078: [-1.3489, 1.0140, -2.1907, -0.1297, -2.2758, 1.3785, -0.9940]
079: [-0.5423, 0.3205, 0.6612, 0.9786, 1.2714, -1.5490, -0.7505]
080: [-0.1906, 0.0249, -0.5234, 0.7072, -0.2943, -0.1739, -0.7236]
081: [1.0564, -0.7373, -0.6726, -0.3185, 0.1890, -0.2143, 0.8123]
082: [0.6370, -0.0562, -0.9465, -0.4528, -0.0968, -0.5559, -1.1162]
083: [0.8910, 2.1595, 0.1598, 0.0077, -1.2193, 1.0317, -0.8724]
084: [0.5431, 1.4945, -1.3762, 1.9689, 0.0340, 0.1112, -0.3163]
085: [0.6313, -0.7422, -0.2802, -0.0774, 0.8049, 0.8882, -0.4350]
086: [-1.4433, 0.2576, -0.2450, 0.5768, -0.7267, 0.4063, 0.5173]
087: [0.3830, -0.3903, 1.0835, -2.6192, -1.0176, 0.3898, 1.5449]
088: [-0.5974, 0.7272, -0.9478, -0.9793, -0.9792, 0.4479, -0.4158]
089: [-0.2626, 0.6930, 2.2650, 0.6230, 0.8020, -0.2399, 1.4063]
090: [0.9739, -1.3628, 0.0105, -1.4713, -0.1034, 0.3300, -1.0008]
091: [0.6083, -2.0763, 0.3855, 2.3242, -0.2390, -1.3245, -1.3034]
092: [1.0605, -0.1598, 2.3003, -0.8842, 0.0484, -2.2372, 1.3394]
093: [-1.8158, -1.9812, -0.4267, -0.0562, -1.0319, -0.1013, -0.8652]
094: [1.9567, 0.8796, 0.1432, -0.1519, 0.2666, -1.3298, -0.4178]
095: [1.1371, 0.4877, 0.5418, 0.4804, 0.6327, -0.7346, -0.0599]
096: [-1.1127, 2.1446, 0.5504, 0.2274, -1.1359, -0.8160, -0.5075]
097: [0.4637, -0.3037, 0.0948, 0.0035, -1.5630, -0.0138, 0.7085]
098: [-0.8451, -1.4706, 0.6460, 0.2434, -0.3379, 0.8384, -1.4407]
099: [-0.9903, -2.4835, -0.5247, -0.0802, -1.4212, -1.5046, 1.5737]
100: [0.6960, -1.3281, 0.6843, -0.6881, -0.1172, -0.9162, 0.9480]
101: [-0.1930, -0.3634, -1.4740, -0.8276, -1.9144, 1.9999, 1.3488]
102: [-0.3093, 1.5775, 0.2582, 0.2064, -1.2160, 0.0189, 0.3628]
103: [-2.2251, -1.3983, -1.9497, -0.2136, -1.3022, -1.2762, -0.1109]
104: [-0.2504, -0.5445, -0.1809, 2.2281, -0.3273, 0.7711, 0.8921]
105: [-0.4535, -1.1774, -0.0765, -0.6548, 0.8000, 0.4153, -0.2095]
106: [1.2738, -0.0067, 2.4869, 1.0133, 0.1710, 0.3251, -1.0383]
107: [0.1401, 1.1870, 0.8996, 1.1841, -0.4433, -0.0178, -0.8088]
108: [-1.1995, -2.0518, 0.4466, -0.2492, 1.7216, -0.0913, -1.5517]
109: [0.8301, 1.3724, 0.7734, 1.3675, -0.0671, 1.4472, -0.4745]
110: [1.8041, 0.8937, -2.0369, -3.2994, -0.0927, -1.3579, -0.2781]
111: [-0.4529, -0.2345, 0.1984, 0.3926, 0.6425, -0.2565, 0.2838]
112: [1.0205, 1.0937, -1.4546, 2.0200, -0.4626, 0.2875, 1.7329]
113: [0.6086, 1.5378, -0.1528, 0.9782, -1.2277, 0.9271, 0.1614]
114: [-0.2359, 2.5548, -1.1414, -0.6655, 0.0216, -1.0976, 1.0260]
115: [-0.6888, 0.9670, -0.8287, -0.7985, 0.4827, 0.9635, 0.3049]
116: [0.6047, 0.0970, -0.3015, -0.7993, -2.1450, -1.6362, -0.8309]
117: [1.0674, -1.1336, -0.4656, -0.4172, 0.8357, -0.7176, 1.6080]
118: [0.1886, -0.9338, 0.2037, -0.2574, 0.1046, -0.9610, 0.7713]
119: [1.9868, -1.1393, -1.5493, -0.9648, 1.3841, 0.8256, -0.5703]
120: [-0.1901, 1.2099, 0.4293, -1.0304, 0.0802, 0.3333, 0.0850]
121: [-0.2326, 0.2092, 0.9407, 0.1023, 0.6316, -0.0079, -0.1846]
122: [-1.4357, -0.1477, 0.9056, -0.9602, 1.2047, 0.6098, 0.8245]
123: [-0.0406, 0.1190, -1.0035, -0.9077, 0.6378, -0.9063, -1.6147]
124: [0.5555, 1.5012, 1.4278, 0.1683, 0.5661, -0.4368, -0.9259]
125: [-0.1147, 0.9730, -0.0301, 0.7059, -0.0091, 0.4723, -2.6386]
126: [-0.4946, 0.2900, 1.2980, -1.4911, 0.1613, -0.0875, -0.2101]
127: [-0.8572, -0.4878, 0.2515, -0.0238, -0.3242, 0.4860, -1.2720]
128: [-0.8696, -1.7003, -0.0064, 0.1366, -1.3896, 2.0370, -1.1349]
129: [-0.2608, -0.5259, -0.4793, -0.8619, -2.4078, -0.5182, 1.0004]
130: [0.4029, -1.0596, 1.8581, -0.5341, 0.9367, -0.7161, 0.9726]
131: [0.4535, 0.7291, -1.1724, -0.7460, 0.1891, -0.6742, -1.6551]
132: [-0.4501, -0.8053, -0.8679, -0.5743, 3.0127, -0.4949, -1.0985]
133: [0.0201, 0.6410, -0.6054, -1.6194, 2.4058, 0.3687, 1.1622]
134: [-0.2550, -0.0702, -0.0630, 0.9050, 0.0618, 1.2280, 0.1620]
135: [-0.7676, 0.8237, 0.1713, 0.6711, 2.3477, 0.3683, -1.2762]
136: [1.7688, -1.3527, -1.1292, 1.0546, -0.1173, 0.3512, 0.7823]
137: [0.8704, -0.3159, -0.7057, 0.4882, -1.4392, 0.7290, 0.9227]
138: [-0.8458, 0.4790, -1.3140, -1.4009, -0.0410, 1.1684, -0.0338]
139: [-0.4208, -2.3017, -1.3382, 0.8648, -0.9273, 1.1639, -0.7486]
140: [0.5134, 0.0723, -0.5672, -1.8362, 0.7429, 0.1431, -1.4990]
141: [0.6873, -0.7297, -0.4499, 2.2393, 1.0526, -0.9757, -1.8347]
142: [-1.0166, -1.5338, 0.3075, 0.4875, -0.7506, 1.3153, -2.3663]
143: [2.3364, -1.2961, -0.9111, -0.3457, 1.1292, 0.7975, -0.4376]
144: [2.7565, 0.9767, -1.5656, 1.7093, 0.3762, -0.1761, 0.8957]
145: [0.1778, -1.5610, -0.0375, 0.4043, -0.5808, 0.3152, -0.8233]
146: [1.3567, -0.6081, -0.2848, 1.6733, -0.1357, 0.7125, -1.5148]
147: [-0.0451, -0.2929, 0.6432, -1.3618, 0.3075, -0.6733, 0.5099]
148: [0.1792, 0.5042, 1.0750, 0.4775, 0.2312, 1.1955, -0.8221]
149: [-0.0742, 0.5112, -0.9490, 0.9171, -0.3659, -0.4209, -0.5009]
150: [0.6826, 0.0181, 0.2664, 0.2488, -0.2733, 0.8427, -0.8718]
151: [0.6399, -0.7937, -0.2109, -0.2444, -0.3225, 1.1653, -1.2963]
152: [-0.3953, -1.4018, -0.5058, -0.4245, 1.0399, -1.0556, 0.1171]
153: [-1.0081, 0.5366, 0.5429, 1.3873, 0.1771, 0.3003, 0.6854]
154: [-0.3226, 0.6284, -1.1259, -1.2858, -1.5679, 0.5221, -0.3153]
155: [-0.0208, -0.2957, 1.0323, -0.2492, 0.6306, -0.0558, 0.3860]
156: [0.9457, -0.6426, 0.7912, 0.0444, 0.7732, -0.2088, 0.8281]
157: [-1.6627, 1.3405, 0.2473, 0.4734, -1.0618, 0.3170, -0.3848]
158: [0.3203, 0.5804, 0.8493, -0.6598, 1.9658, -0.5402, 1.1786]
159: [-0.2676, -0.2968, -1.0313, 1.3105, -0.9993, 0.3088, 1.5014]
160: [-0.0630, 0.8441, -0.1916, 0.9084, -0.7352, -0.0390, -0.3653]
161: [2.0633, -0.4126, -0.8408, 0.6758, 1.0369, -0.0865, -1.3592]
162: [-0.6697, -0.3382, 0.6245, -0.2394, 0.8320, 0.0274, 0.9493]
163: [0.5143, -1.5182, 1.3419, 2.0263, -0.5716, -0.2383, -0.6968]
164: [-1.3182, 0.2538, 0.8630, -0.3049, 0.0210, 0.8143, 0.0336]
165: [-0.1521, -0.9628, -1.2917, -0.4929, 0.6732, -0.7543, 2.0366]
166: [-0.4047, 0.9484, 0.0192, 1.3565, 2.0080, -0.2379, 0.0451]
167: [-0.2932, 1.4185, -1.0478, -0.4358, -0.8166, -0.7986, -1.3827]
168: [-0.3698, -0.4134, 0.5509, -0.7519, -1.6370, -0.5227, 0.2988]
169: [-0.0201, -1.7083, -0.0531, 1.1007, -0.3706, 0.9265, 0.2167]
170: [-0.6962, 0.7735, 0.6483, 0.9855, -1.0575, -0.2767, -0.8046]
171: [1.3422, 0.7957, 1.8913, 1.4758, -0.3935, 0.1162, 0.6277]
172: [0.2046, -0.9737, 0.9121, -0.1166, -1.3903, 0.7526, -0.6115]
173: [1.8097, -1.0968, 0.7877, 0.4208, 0.4800, -0.3680, -0.7009]
174: [-0.5632, 0.2326, -0.3950, -1.4856, -0.5676, 0.7526, -1.8622]
175: [1.3797, 0.3064, 1.8716, 1.5023, 2.2358, -0.2346, 0.3209]
176: [0.9975, -0.4325, 0.4154, 0.3615, 0.2288, 0.3065, 1.5611]
177: [-1.2198, 0.7350, -0.6523, 0.4130, 1.3194, 0.3970, -0.1493]
178: [1.5854, -0.2427, -0.7676, 0.4147, -0.1961, 0.2661, 0.7564]
179: [0.9985, 0.1276, 0.5028, -0.6883, 1.0116, 0.0645, -0.2326]
180: [1.2839, -0.8023, -2.4444, -0.0442, -0.4374, -2.1353, 2.3353]
181: [0.9623, 0.9732, -0.9362, -0.8425, -0.6266, 0.4443, -0.4275]
182: [-1.1702, -1.2649, -0.1066, -1.3476, 1.4107, -0.1347, 0.4656]
183: [-1.6548, 0.4296, 0.2008, 0.7804, -0.4450, 1.6103, 0.8428]
184: [0.8821, -0.4542, -0.1919, 0.3900, 0.9038, -1.7939, 0.3406]
185: [0.3593, 1.9533, -0.4029, -0.9897, 0.3014, -0.7815, -0.0599]
186: [-1.3927, 0.0681, 0.4842, 0.1085, 1.1601, -1.3458, -2.1558]
187: [-1.3008, -1.7246, -0.7242, 0.3937, -0.3894, -1.3342, -1.5319]
188: [0.4425, -1.2818, -1.4302, 0.1937, 0.7892, 0.7460, 0.8665]
189: [1.3770, -0.6562, 1.0847, -0.2215, 0.4605, -0.0571, 0.5326]
190: [-0.9799, 1.1759, -1.0531, -0.0346, -0.8905, 0.7431, -0.2689]
191: [-0.1968, -0.0394, -1.9094, -0.3676, 0.7911, 1.7647, -0.2840]
192: [-1.7312, -0.6907, -0.3800, 0.9369, 0.3303, 0.6012, -2.0311]
193: [-1.8803, -1.2826, -0.9659, -0.1432, 0.0942, 0.4123, -1.8351]
194: [-0.2164, 0.1590, 0.6326, -0.8351, 1.0845, 0.6631, -0.9212]
195: [-0.7741, 0.6490, 2.7037, 0.6511, -0.6952, 1.5481, 0.0129]
196: [0.3018, 0.8554, -1.3667, 0.6282, 0.8618, -0.1357, 0.7390]
197: [0.6280, -0.3620, -0.8278, -1.6240, 0.7521, -0.1340, 1.6873]
198: [-0.5089, -1.9618, -0.8069, 1.7915, -0.0046, 0.1105, -1.5028]
199: [-1.4492, 0.5108, -0.0982, -1.5215, 0.1592, 0.5119, 0.3984]
Dim:200 x 2
000: [1.1678, -1.3544]
001: [0.7926, 3.3858]
002: [-2.2249, 0.3126]
003: [0.2538, 0.7637]
004: [-1.1732, 1.0180]
005: [-0.7431, -0.1647]
006: [-1.7345, -1.2849]
007: [1.2330, -0.2119]
008: [0.4088, -0.1276]
009: [0.6895, 0.1710]
010: [-0.2781, -1.8524]
011: [1.3024, -1.2827]
012: [-0.1007, 0.6839]
013: [-1.7619, -1.4862]
014: [-1.1859, -0.5102]
015: [0.3778, 1.2352]
016: [0.9343, 2.3153]
017: [1.9887, 0.5287]
018: [-0.2290, 0.1475]
019: [-0.0495, -3.1111]
020: [-1.1897, 0.2363]
021: [0.3891, 0.9065]
022: [0.8281, 0.2811]
023: [0.2004, 0.4945]
024: [-1.4991, 0.6501]
025: [-0.4314, 0.0510]
026: [0.8483, -1.3953]
027: [-0.2627, 0.8682]
028: [-0.9435, -2.2429]
029: [1.7068, -0.6296]
030: [-1.1700, -2.3219]
031: [-0.7999, 0.0716]
032: [-0.1187, -0.3761]
033: [0.1009, 0.4031]
034: [-2.2770, 0.3472]
035: [-0.5716, -0.5251]
036: [-0.7241, 1.2084]
037: [-0.4225, 1.7222]
038: [0.7908, 0.0855]
039: [-0.3923, 0.4338]
040: [-1.1326, 0.3270]
041: [0.6605, 0.8209]
042: [0.5493, -0.8615]
043: [-1.1021, 0.8705]
044: [2.0202, -0.0653]
045: [0.5794, -0.3724]
046: [-0.2274, 0.0524]
047: [-1.0909, 0.5692]
048: [2.7769, -1.2087]
049: [1.3299, 0.1638]
050: [-1.5862, -0.9950]
051: [1.0854, -1.7558]
052: [-1.5743, 0.5684]
053: [0.6772, 1.8982]
054: [0.9689, 0.3912]
055: [-2.2289, -1.9087]
056: [1.7124, 0.2376]
057: [1.5050, -1.2242]
058: [-1.6865, 1.7590]
059: [-1.8081, 1.9254]
060: [-0.7293, 0.4555]
061: [1.6828, -0.6705]
062: [-1.7210, 0.2826]
063: [-0.5610, -1.4976]
064: [-0.8265, 0.9713]
065: [-0.9410, 0.8375]
066: [-0.3461, 1.3228]
067: [1.4870, 1.4583]
068: [-0.1647, -2.5305]
069: [-0.8584, 2.1424]
070: [-0.1523, 0.8060]
071: [-1.3412, -1.4697]
072: [1.4769, 0.0055]
073: [-0.4097, -0.0236]
074: [-0.2567, -0.8600]
075: [-1.1120, -1.1417]
076: [-0.0271, 0.9344]
077: [1.1320, -0.6874]
078: [3.7579, -1.0962]
079: [-1.2097, 1.0254]
080: [0.7097, 0.3922]
081: [-0.5480, -0.5728]
082: [0.3794, -0.6493]
083: [1.2018, -0.5708]
084: [0.6754, 0.0818]
085: [-0.2713, -0.2600]
086: [1.1340, 0.3378]
087: [-0.3328, -1.2672]
088: [1.5252, -1.2267]
089: [-1.8389, 1.0889]
090: [0.0364, -0.5776]
091: [-0.1030, 2.9082]
092: [-2.4889, 0.6384]
093: [1.6943, 0.9358]
094: [-1.1682, -0.3833]
095: [-1.2107, 0.2973]
096: [0.9370, 0.1997]
097: [0.7402, 0.3113]
098: [0.9513, 1.2413]
099: [0.5520, 0.9090]
100: [-1.0673, 0.2719]
101: [2.2491, -1.3170]
102: [0.8492, -0.0696]
103: [2.0380, -0.0283]
104: [0.5301, 1.5230]
105: [-0.2712, -0.2586]
106: [-1.0459, 1.9429]
107: [0.2751, 1.0610]
108: [-0.6730, 0.7563]
109: [0.2230, 0.6623]
110: [-0.2421, -3.7086]
111: [-0.5360, 0.3593]
112: [0.3540, -0.0278]
113: [1.1343, 0.0816]
114: [-0.1052, -1.9662]
115: [0.4128, -1.5724]
116: [1.1654, -0.0780]
117: [-1.5248, -0.5602]
118: [-0.7918, 0.2220]
119: [-0.6705, -1.6557]
120: [-0.1136, -1.0096]
121: [-0.6877, 0.3966]
122: [-0.8841, -0.4614]
123: [0.0945, -1.0273]
124: [-0.9720, 0.3350]
125: [1.0835, 0.4165]
126: [-0.5308, -0.4385]
127: [0.9477, 0.5206]
128: [2.2750, 0.9074]
129: [1.5062, -0.2523]
130: [-2.1401, 0.6961]
131: [0.4446, -1.2053]
132: [-1.5803, -0.9544]
133: [-1.8231, -2.4152]
134: [0.4878, 0.4325]
135: [-0.9505, -0.0221]
136: [-0.0995, 0.2908]
137: [1.0530, 0.0361]
138: [1.1548, -1.9476]
139: [1.9670, 0.8615]
140: [-0.0967, -1.6804]
141: [-0.4301, 1.6824]
142: [1.8908, 1.4149]
143: [-0.8665, -0.8204]
144: [-0.7006, -0.4413]
145: [0.7283, 0.9585]
146: [0.5703, 1.2165]
147: [-0.9296, -0.5783]
148: [0.0315, 0.5848]
149: [0.7771, 0.1514]
150: [0.4348, 0.2700]
151: [0.8535, -0.0218]
152: [-0.8569, -0.1358]
153: [-0.0059, 0.9982]
154: [1.9076, -1.4378]
155: [-1.0159, 0.2826]
156: [-1.5058, 0.3190]
157: [1.5114, 0.3657]
158: [-2.4243, -0.7579]
159: [0.9810, 0.4534]
160: [0.8281, 0.4315]
161: [-0.6581, -0.0760]
162: [-0.9288, 0.0292]
163: [-0.0504, 2.8517]
164: [0.3159, 0.1431]
165: [-0.8175, -1.0040]
166: [-1.2992, 0.2807]
167: [1.2872, -0.8997]
168: [0.7809, 0.2821]
169: [0.5785, 1.2525]
170: [0.9852, 1.1792]
171: [-0.9267, 1.5879]
172: [0.9840, 0.9560]
173: [-1.1527, 0.9387]
174: [1.4724, -1.0564]
175: [-2.8810, 1.3241]
176: [-0.9971, 0.2064]
177: [-0.0678, -0.5098]
178: [-0.1636, -0.3137]
179: [-1.2050, -0.5779]
180: [-0.5096, -1.1258]
181: [0.7765, -1.4421]
182: [-0.9022, -0.7973]
183: [1.1299, 0.4124]
184: [-1.5239, 0.2428]
185: [-0.4127, -1.6116]
186: [-0.3634, 0.6711]
187: [1.0152, 1.0843]
188: [-0.1630, -0.6166]
189: [-1.4177, 0.3264]
190: [1.7563, -0.8078]
191: [0.9052, -1.6315]
192: [1.3340, 0.9840]
193: [1.5814, 0.1778]
194: [-0.5265, -0.5046]
195: [0.2380, 1.6477]
196: [-0.3579, -0.8881]
197: [-1.0717, -1.9119]
198: [1.0631, 1.7522]
199: [0.3624, -1.3427]
Size is: 2500 x2350...
Iter 0...
Iter 100...
Iter 200...
    Tr time: 20178
Par Tr time: 4304
    Tr time: 1616
Par Tr time: 796
Tests run: 7, Failures: 0, Errors: 0, Skipped: 0, Time elapsed: 130.02 sec
Running com.jujutsu.tsne.barneshut.ParallelBHUtilsTest
Tests run: 1, Failures: 0, Errors: 0, Skipped: 0, Time elapsed: 0 sec
Running com.jujutsu.tsne.barneshut.BHUtilsTest
Tests run: 12, Failures: 0, Errors: 0, Skipped: 0, Time elapsed: 0.001 sec

Results :

Tests run: 20, Failures: 0, Errors: 0, Skipped: 0

[INFO] 
[INFO] --------------------< com.jujutsu.tsne:tsne-demos >---------------------
[INFO] Building Java T-SNE Demos 2.5.1                                    [2/3]
[INFO] --------------------------------[ jar ]---------------------------------
[INFO] 
[INFO] --- maven-resources-plugin:2.6:resources (default-resources) @ tsne-demos ---
[INFO] Using 'UTF-8' encoding to copy filtered resources.
[INFO] Copying 11 resources
[INFO] 
[INFO] --- maven-compiler-plugin:3.1:compile (default-compile) @ tsne-demos ---
[INFO] Nothing to compile - all classes are up to date
[INFO] 
[INFO] --- maven-resources-plugin:2.6:testResources (default-testResources) @ tsne-demos ---
[INFO] Using 'UTF-8' encoding to copy filtered resources.
[INFO] skip non existing resourceDirectory /workdir/T-SNE-Java/tsne-demos/src/test/resources
[INFO] 
[INFO] --- maven-compiler-plugin:3.1:testCompile (default-testCompile) @ tsne-demos ---
[INFO] No sources to compile
[INFO] 
[INFO] --- maven-surefire-plugin:2.12.4:test (default-test) @ tsne-demos ---
[INFO] No tests to run.
[INFO] 
[INFO] -------------------< com.jujutsu.tsne:tsne-package >--------------------
[INFO] Building Java T-SNE Package 0.0.1-SNAPSHOT                         [3/3]
[INFO] --------------------------------[ pom ]---------------------------------
[INFO] ------------------------------------------------------------------------
[INFO] Reactor Summary:
[INFO] 
[INFO] Java T-SNE 2.6.2 ................................... SUCCESS [02:11 min]
[INFO] Java T-SNE Demos 2.5.1 ............................. SUCCESS [  0.049 s]
[INFO] Java T-SNE Package 0.0.1-SNAPSHOT .................. SUCCESS [  0.014 s]
[INFO] ------------------------------------------------------------------------
[INFO] BUILD SUCCESS
[INFO] ------------------------------------------------------------------------
[INFO] Total time:  02:11 min
[INFO] Finished at: 2021-02-15T01:24:16Z
[INFO] ------------------------------------------------------------------------
