[INFO] Scanning for projects...
[WARNING] 
[WARNING] Some problems were encountered while building the effective model for com.jujutsu.tsne:tsne:jar:2.6.2
[WARNING] 'build.plugins.plugin.version' for org.apache.maven.plugins:maven-surefire-plugin is missing. @ line 56, column 12
[WARNING] 
[WARNING] Some problems were encountered while building the effective model for com.jujutsu.tsne:tsne-demos:jar:2.5.1
[WARNING] 'build.plugins.plugin.version' for org.apache.maven.plugins:maven-surefire-plugin is missing. @ line 90, column 12
[WARNING] 
[WARNING] It is highly recommended to fix these problems because they threaten the stability of your build.
[WARNING] 
[WARNING] For this reason, future Maven versions might no longer support building such malformed projects.
[WARNING] 
[INFO] ------------------------------------------------------------------------
[INFO] Reactor Build Order:
[INFO] 
[INFO] Java T-SNE                                                         [jar]
[INFO] Java T-SNE Demos                                                   [jar]
[INFO] Java T-SNE Package                                                 [pom]
[INFO] 
[INFO] -----------------------< com.jujutsu.tsne:tsne >------------------------
[INFO] Building Java T-SNE 2.6.2                                          [1/3]
[INFO] --------------------------------[ jar ]---------------------------------
[INFO] 
[INFO] --- buildnumber-maven-plugin:1.2:create (default) @ tsne ---
[INFO] Checking for local modifications: skipped.
[INFO] Updating project files from SCM: skipped.
[INFO] Executing: /bin/sh -c cd /workdir/T-SNE-Java/tsne-core && git rev-parse --verify HEAD
[INFO] Working directory: /workdir/T-SNE-Java/tsne-core
[INFO] Storing buildNumber: b684ac22dcc5d6014e8d16a9edfa4c50be9887eb at timestamp: 1613352265741
[INFO] Executing: /bin/sh -c cd /workdir/T-SNE-Java/tsne-core && git rev-parse --verify HEAD
[INFO] Working directory: /workdir/T-SNE-Java/tsne-core
[INFO] Storing buildScmBranch: UNKNOWN
[INFO] 
[INFO] --- maven-resources-plugin:2.6:resources (default-resources) @ tsne ---
[INFO] Using 'UTF-8' encoding to copy filtered resources.
[INFO] skip non existing resourceDirectory /workdir/T-SNE-Java/tsne-core/src/main/resources
[INFO] 
[INFO] --- maven-compiler-plugin:3.1:compile (default-compile) @ tsne ---
[INFO] Nothing to compile - all classes are up to date
[INFO] 
[INFO] --- maven-resources-plugin:2.6:testResources (default-testResources) @ tsne ---
[INFO] Using 'UTF-8' encoding to copy filtered resources.
[INFO] Copying 3 resources
[INFO] 
[INFO] --- maven-compiler-plugin:3.1:testCompile (default-testCompile) @ tsne ---
[INFO] Nothing to compile - all classes are up to date
[INFO] 
[INFO] --- maven-surefire-plugin:2.12.4:test (default-test) @ tsne ---
[INFO] Surefire report directory: /workdir/T-SNE-Java/tsne-core/target/surefire-reports

-------------------------------------------------------
 T E S T S
-------------------------------------------------------
OpenJDK 64-Bit Server VM warning: Ignoring option MaxPermSize; support was removed in 8.0
Running com.jujutsu.tsne.MatrixOpTest
Size is 2500 x 2350...
Iter 0...
Iter 100...
Iter 200...
    Tr time: 4236
Par Tr time: 4432
Dim:200 x 7
000: [0.5221, -0.4296, -0.2951, 0.2617, 0.9941, -0.7732, 0.3830]
001: [1.0210, 0.7940, -0.6942, 0.2762, 1.7489, -1.6523, 1.6156]
002: [-0.9611, -1.1466, 0.7014, 1.9177, -1.0491, -0.5749, -0.0593]
003: [-1.2171, -1.4829, -0.7695, -1.0078, 0.8681, -1.2075, 1.2662]
004: [2.2200, 1.8622, -0.8235, -0.4431, 0.4613, 1.1751, -0.8418]
005: [0.5373, 0.7446, 0.3902, -0.5126, 0.4540, 0.1167, -0.1412]
006: [-2.0371, 0.6122, 1.7091, 0.1208, 1.0577, -1.6081, -1.0636]
007: [-0.5937, 0.9085, -0.1805, -0.5194, 0.7571, -0.9892, -0.6092]
008: [0.7171, 0.2094, -0.0931, 0.2257, -0.3302, -0.4152, -1.1680]
009: [1.1482, -0.2671, -2.6369, 0.4941, 0.3420, 0.9264, -0.1495]
010: [-1.6665, 0.6487, -0.2619, 0.3022, -0.7742, -0.4679, 0.2603]
011: [-0.3064, -1.5733, 1.9823, 0.2052, 0.1237, -0.0369, 1.3718]
012: [0.0294, 0.7860, -1.3908, -0.0533, -0.1882, 1.3524, 0.2781]
013: [-0.4659, -0.4186, -0.0582, 1.0367, -0.9296, 1.1601, 1.3556]
014: [1.1399, -0.6533, -0.3616, -0.7601, -0.8858, 1.7145, -0.4582]
015: [0.4693, -0.6473, 0.2162, -0.0937, 0.3673, -2.0660, -0.6354]
016: [-0.3953, -0.8385, -0.0019, 0.0121, -0.6928, -0.9125, 0.5575]
017: [-0.8166, 0.2091, -0.2035, -1.0117, 0.4314, 1.6058, 1.4293]
018: [1.1172, 1.1419, 0.8626, -0.6481, 0.9869, 2.0137, -0.2442]
019: [0.4018, 0.1154, 1.1357, -0.5074, 0.3391, 1.1293, 1.6332]
020: [-0.8302, 0.4264, -0.7553, 0.3240, 1.6068, -0.8072, -2.2766]
021: [0.3292, -0.7057, 1.4123, -0.1971, 0.4345, 0.7112, -0.2963]
022: [0.2092, -0.7942, 0.8901, 1.6454, 1.0075, -0.0182, -1.0313]
023: [0.6442, -0.1006, 2.4465, 1.3790, -0.1461, -1.0570, -0.4005]
024: [-0.8840, 0.3500, 0.2392, -0.6776, -0.4486, 0.7226, 1.5679]
025: [-0.9865, -0.2020, 0.2867, 0.3623, 1.9958, 1.3261, 0.2628]
026: [-0.8689, 0.6938, -0.5701, -1.1189, 0.7306, -0.9115, 0.0680]
027: [-0.4514, -0.6791, -0.8632, -0.1608, 2.5126, -0.1721, -1.2665]
028: [0.2349, -0.0302, -1.0303, 1.8387, 0.1611, 0.6772, -0.1721]
029: [1.5615, 2.6563, -0.6928, -0.0808, -0.0703, -1.3814, -0.4615]
030: [-1.2987, 1.0732, 1.6648, -0.5456, -0.0234, -1.7504, 0.1029]
031: [-0.8800, -0.3860, -0.1638, 2.5091, -2.0879, -2.1849, 0.8724]
032: [-0.7085, -0.9717, 1.7006, -0.7438, -2.9452, -0.6279, 0.0298]
033: [2.2808, -1.6260, 0.2917, -1.0582, -1.4147, -0.4272, 0.0507]
034: [0.8763, 1.5762, 1.9092, -1.0558, -0.7123, 1.2670, -0.2781]
035: [1.1214, -1.9827, 0.0901, 1.8439, 2.0875, 1.5027, -0.5756]
036: [0.5006, -0.1875, -0.4234, -1.1527, 0.5396, 0.7012, 0.6593]
037: [1.4269, -0.1976, 0.4663, -0.7480, -0.8600, -1.1374, -1.8256]
038: [0.0403, 1.4764, -0.2090, 0.8237, -1.8220, -0.0522, -0.3727]
039: [0.2585, -0.8763, 0.4635, -0.4962, 1.3102, 2.4736, -0.1513]
040: [-1.3014, -0.0017, 0.3245, -0.3158, 0.0475, -1.4759, -0.6223]
041: [0.2440, -0.7140, 1.3362, -1.1941, 0.2108, -0.4754, 0.9629]
042: [0.5301, 0.7294, -0.0602, -0.3588, -0.5665, -0.5722, -0.5808]
043: [0.0781, 0.2385, 0.9931, -0.4121, -0.6776, -0.4921, 0.2828]
044: [-0.0230, -1.4038, 0.8930, 0.6333, -1.3499, 0.4378, -0.4342]
045: [1.1959, 1.1178, -0.8695, -0.6687, -2.1024, -1.1968, -0.9886]
046: [0.0277, -1.6995, 0.9932, -0.2669, -2.0357, 0.3003, 0.4707]
047: [0.1368, 0.9970, -0.1377, -2.2458, -2.0036, -0.1228, 0.1937]
048: [-0.5188, -0.4229, -0.8563, 0.0872, 0.3509, 0.2759, 0.0373]
049: [-0.2183, 0.3919, 0.0782, 0.5850, -0.3750, 0.2272, -0.3119]
050: [-1.5325, -1.4066, -0.4980, 1.1155, 2.4973, -1.6170, -1.1185]
051: [0.5614, -1.5220, -0.5399, 1.8073, 1.2613, 0.3674, -1.5118]
052: [0.6643, 1.4700, 1.2126, -1.4883, -0.9814, 1.3973, -0.7747]
053: [-0.0796, 0.0220, 2.2441, 0.6118, -0.0145, 1.1331, 0.0812]
054: [1.7998, 0.8400, 0.0264, -0.0478, 0.4699, -0.3923, -1.8017]
055: [-0.3908, 1.0757, -0.9180, -0.4940, -0.8207, 0.7000, 0.1010]
056: [0.2781, -1.0712, -0.2381, 1.6184, -0.4710, 0.9593, -0.4641]
057: [2.6325, -1.2146, -0.3843, 0.0522, 0.4704, 0.1200, -1.4617]
058: [-1.3013, -0.6830, 0.4943, 0.1282, -0.8648, -1.7360, 0.2416]
059: [-0.7236, -0.0298, 1.1677, 0.9589, 2.1806, 1.5340, -0.4702]
060: [0.5628, -0.8654, 0.1040, 0.7913, 0.2051, -0.0701, 1.0499]
061: [-1.2558, -1.6912, 1.3919, 0.6724, -0.7453, 1.0065, -0.3244]
062: [0.3173, -0.2032, -1.4662, 0.5860, -0.0636, -0.3639, -1.5789]
063: [-0.5817, 0.5573, -1.2086, -0.0633, -0.7694, 1.9365, -0.6536]
064: [-1.0917, -0.9245, 0.1816, -0.6845, 0.1271, -1.3658, -1.9695]
065: [0.4880, -1.5985, -0.1018, 0.6153, -0.2243, -0.7672, -0.3906]
066: [0.8058, -0.4191, -0.1940, 0.5554, -2.2853, -0.6895, -0.4486]
067: [-0.4776, 1.5996, 0.4249, -0.6755, 0.2766, 1.4838, -0.2871]
068: [1.0775, -1.8048, 0.4158, -0.2839, -0.2016, -1.2540, 0.9050]
069: [1.5699, 0.1003, -0.1438, -1.9758, -1.3029, 0.3164, 1.1198]
070: [1.5536, -0.6707, -1.1247, 1.3655, 0.7031, -1.4759, 1.1034]
071: [-0.0310, -1.8553, -1.5558, -0.9602, 0.6912, -2.0122, 0.4433]
072: [0.3427, 0.2625, -1.8807, 0.2125, -0.1422, -0.6620, 0.7794]
073: [0.0712, 1.2319, 1.2854, 0.2615, -0.1502, -0.6084, 0.4917]
074: [-0.5286, -0.4542, -1.2470, 0.0309, -0.9169, 0.1782, -0.0158]
075: [0.3905, -0.0851, 0.5838, 1.4423, -0.8018, 0.9550, -1.2128]
076: [0.3994, -0.7711, 0.2894, -0.7456, -1.5621, -0.4359, -1.2534]
077: [-0.8274, -1.4448, -0.2027, -0.6316, -0.3005, -0.4858, 0.1584]
078: [1.1528, 0.6231, 0.5841, 1.2725, -0.0668, -0.8786, -1.0044]
079: [-0.3086, -1.0100, -0.1754, 0.1956, 1.1912, -0.9694, -0.1364]
080: [-1.1192, 1.1403, 0.5849, 0.4632, 0.2214, 0.2049, -1.4604]
081: [0.5145, -1.3057, 1.1847, -0.9204, -0.8033, 1.5566, -1.1490]
082: [0.2291, 1.0345, -2.4437, 0.3105, -0.7436, 0.0554, 1.0112]
083: [1.3775, 0.4566, -1.6956, 0.0872, 0.1996, 0.8391, -0.5756]
084: [-0.3050, 0.4809, -0.5339, -1.1580, 0.5670, -0.1238, -0.7233]
085: [-0.4057, -1.1573, -0.6415, -0.4458, 0.4823, 0.4287, 0.4649]
086: [0.5040, 0.1125, 0.1698, 2.6375, 1.7754, -0.7935, -0.6172]
087: [-0.1559, -0.1247, 1.4456, -1.4157, 0.3921, -1.7931, 0.1429]
088: [-0.1110, -0.7554, 0.9824, 2.2949, 0.1381, 0.4301, 0.6385]
089: [-0.4233, 0.5766, -0.4204, -1.8594, 0.0949, 0.6128, -0.3721]
090: [2.4945, 1.5815, -0.0832, -0.8055, -1.5902, 1.9749, 0.3120]
091: [0.4653, 1.3387, -0.2259, -1.3375, -0.4195, 0.7186, -1.2297]
092: [-1.0247, -1.5918, 1.1173, 0.7815, 0.4533, 0.0086, -1.0708]
093: [0.7504, -0.8569, 1.0271, -0.7741, 0.8619, -0.5028, -0.4465]
094: [0.5567, -0.3333, -1.5773, -0.4302, 0.5694, -1.5387, -0.3746]
095: [-0.6406, -0.6537, -0.1763, 1.0160, 0.0164, -1.8955, 0.1134]
096: [-1.2446, -0.6709, 0.5349, -1.5258, -0.4078, 0.1928, 0.3967]
097: [-2.3254, -1.0123, -1.1316, 0.7033, 0.1111, 1.2502, -1.7672]
098: [-0.1067, -0.0151, -0.6562, 0.8839, 1.7470, -0.3980, 0.9263]
099: [1.7740, 0.9002, 0.6360, -0.2870, -1.3441, -0.1419, 0.4239]
100: [0.1727, -1.3240, -0.0618, 0.3974, -0.0262, 0.0976, 0.5684]
101: [0.8115, 1.8995, -0.8945, -1.7095, -0.1213, 0.9530, 0.4578]
102: [0.5469, -0.9743, -0.6680, -0.7992, -1.8814, 0.1166, -0.1544]
103: [0.7063, 0.6962, 0.9857, 1.1107, -1.0728, 0.2436, 0.9709]
104: [-0.7513, 0.2176, 0.2382, 1.4609, 1.5943, -0.2310, 2.6251]
105: [0.3294, -0.6618, 1.8871, 0.7946, -0.5084, -1.0534, -1.1371]
106: [0.9274, 0.3174, 0.2980, -0.3758, 0.0298, 0.0055, 1.3404]
107: [-0.3722, -1.0420, -0.8532, -0.4281, 0.6723, 0.7110, -0.1391]
108: [-0.1737, -0.4318, 0.6385, 0.3072, 0.8680, 1.0151, 0.2435]
109: [0.7417, 0.9181, 0.3394, 1.8651, 0.1821, 0.4742, -1.2462]
110: [0.1260, -1.4146, 1.2413, 0.4801, -1.0014, -1.2866, -2.2509]
111: [-0.1574, 0.3618, 1.8147, -1.4409, -1.6854, -0.0668, -0.1442]
112: [0.0409, -0.0851, -0.3700, -1.9795, 0.8406, -1.4855, -0.0012]
113: [-1.1893, -1.3190, -0.1501, -0.5774, 0.1259, -0.3517, -0.6354]
114: [-0.5633, 1.2555, -0.3890, 1.2901, -0.5554, -0.4867, 1.9560]
115: [0.4861, -0.1769, 2.4822, 0.3061, 0.1228, 1.2449, 0.4335]
116: [0.5173, 0.4869, -1.1678, 0.0138, -1.1916, 3.1253, 0.0219]
117: [0.3222, -0.1977, -0.2511, 0.0054, 0.4047, 1.2444, 1.3283]
118: [-0.6278, -0.9214, 0.6744, -0.4202, 0.5342, -1.4261, 2.3142]
119: [-1.0774, 0.0451, 0.7035, 1.4813, 1.0723, 0.8598, 0.7587]
120: [1.7208, 0.0340, 0.4450, -0.3562, 0.8514, 0.3403, -0.3387]
121: [2.0821, 0.4754, -0.1312, 1.8562, 0.5963, 0.2091, -0.4621]
122: [-0.6357, 0.8348, 1.0466, -0.3447, 2.3202, -0.3766, 0.6988]
123: [-2.2544, -0.3218, -1.8726, 0.0111, -0.4671, 0.8595, 0.2215]
124: [0.6793, -1.1020, -0.1603, 0.8191, -1.0271, -0.9966, -0.4836]
125: [-1.3861, 0.0604, -2.2877, -2.3692, -0.2352, -2.4396, 0.3678]
126: [0.8390, 0.6085, 1.9691, -0.3555, -1.4784, -0.0660, -0.7226]
127: [-0.6579, -0.4182, 1.1564, -1.0968, 1.4029, -0.0842, 0.9118]
128: [-2.9321, 0.1899, -0.4637, -0.6819, 0.0307, -1.2427, -1.3410]
129: [1.8803, -0.6647, -0.4960, 0.3699, 0.2629, 0.6965, 0.0105]
130: [1.0929, -0.2379, -0.1665, -2.2016, 0.7868, -0.2432, 0.7631]
131: [0.3701, -1.5804, -0.0615, 0.2482, 0.7030, -0.0327, 0.8068]
132: [-0.4400, 0.9981, 1.7249, -0.5329, 0.9753, -0.8081, -1.3195]
133: [0.2012, 0.8010, -0.4746, -0.5090, 0.1644, -0.6103, 1.6811]
134: [-0.7232, -0.5113, 0.0108, -1.9481, -0.3705, 0.5108, 0.8937]
135: [1.0820, 0.7898, 1.0116, 0.2488, 0.1806, 0.8602, -1.5520]
136: [-0.4260, -1.8419, 0.0418, 0.0017, 1.1895, -2.0661, 0.4711]
137: [-0.7965, -2.2192, -0.2715, -0.3817, -0.6463, 0.0125, 0.7059]
138: [0.5653, -1.1130, -0.2170, -1.6491, -0.1578, -0.2400, -1.2622]
139: [-1.5064, -2.3820, 0.4831, -1.6956, -1.6375, 0.3164, 1.6281]
140: [1.4844, -0.2202, -0.4818, -0.6319, -0.3205, -2.3293, 1.2343]
141: [0.8967, -1.9115, 1.5657, -2.3394, 0.1064, 0.1627, -0.3303]
142: [-1.1223, 1.1042, -0.6072, 0.3765, -1.8391, 0.6327, 0.6213]
143: [-0.8599, 0.1459, -0.3303, 0.4452, -1.6904, 0.4837, -0.7974]
144: [2.2744, 0.4041, 2.8314, -0.2309, 0.0250, -0.8497, 0.3073]
145: [-1.5720, -0.2247, -1.2334, -0.2628, 1.8276, 0.3430, -0.5861]
146: [-0.2882, 1.3348, 0.9183, 1.3280, 1.2870, 0.2340, -0.1929]
147: [-0.1053, 0.1988, -0.0109, 1.7775, -0.1196, -0.3585, -0.1954]
148: [-0.9690, -0.5952, 1.3547, 0.6737, -1.1655, 0.4373, 0.8491]
149: [-2.7143, -0.4963, 0.4135, 0.6454, -0.0130, 0.0003, 0.2423]
150: [-1.4411, 0.6557, 0.1883, -0.1923, 0.6994, -0.0955, -0.1509]
151: [1.0601, 0.5966, -1.4322, -0.7249, 0.1706, 1.0605, -0.9387]
152: [-0.4269, 1.7979, 0.8656, -1.4777, 0.4317, 0.9579, -1.0014]
153: [1.2328, -0.9788, -0.8274, -0.4758, 1.3672, 0.0617, -2.4207]
154: [1.5658, 2.1366, 0.0583, -1.6188, -1.2808, -0.1496, 1.0054]
155: [-0.5253, -0.9646, -0.4726, -1.0270, -0.3182, -1.4515, -1.4093]
156: [-0.3639, -1.5712, 0.8774, -1.2673, -0.6281, -0.3695, -0.6224]
157: [0.4510, -0.6105, 0.2765, 1.5488, 1.9334, 0.6373, 0.5200]
158: [-0.1213, 1.7497, 0.8912, -1.1815, -1.4972, -1.1052, 0.7045]
159: [-1.5942, -1.8296, 0.5882, -0.3088, 0.3585, 0.7540, -1.3488]
160: [1.2848, -1.4396, 0.0180, 0.4491, 1.1947, 2.2121, -1.1793]
161: [-0.1196, 0.4264, 0.1563, -0.4749, 1.0151, 1.6890, -0.1228]
162: [1.7921, 0.7424, 2.8509, -0.6454, 0.0552, -1.1461, 0.4529]
163: [-0.4090, 1.8277, 1.1642, -0.1534, 1.7857, 0.1755, 0.4820]
164: [-1.6330, -0.2590, -1.2150, -0.2572, 0.2230, 1.1541, -0.4036]
165: [0.5942, 0.4204, -0.9393, 1.1598, 1.5095, 0.4985, -0.3038]
166: [-1.1339, 2.1116, -1.0261, -0.1047, -0.6976, 0.7120, 0.9410]
167: [1.4950, 1.1030, 0.6183, -0.3728, -0.6434, -1.0501, -1.7556]
168: [-0.6542, -0.9219, 0.9772, 1.4258, 0.2161, -0.4950, -0.1413]
169: [-0.2152, 0.0977, 0.1392, -0.0664, -0.9814, -1.2282, -0.3109]
170: [0.8320, -1.4347, 1.5637, -0.4792, -0.0801, -1.1192, 0.2904]
171: [-0.4214, -1.3825, -0.3666, -0.1943, -1.1449, -0.3728, -0.2893]
172: [0.8083, -0.1945, -0.4985, -0.9260, -1.4881, 0.7903, -1.1735]
173: [2.2696, -1.3765, -1.1827, -0.6451, -0.7482, 0.3495, 1.5616]
174: [0.1107, 0.6178, 0.2998, 0.4168, 0.0596, -1.1425, -0.2718]
175: [0.8799, -1.0391, 1.1925, -0.3153, 0.6546, 0.5176, 1.4536]
176: [0.4746, -0.6328, -1.2118, -1.1007, -0.2640, 0.4602, -0.3876]
177: [-0.6983, 2.5786, -1.4364, -0.0557, -0.3299, 0.6502, 0.6015]
178: [-0.7812, -0.0459, 0.7158, -0.3984, 1.1941, 0.4048, -1.8816]
179: [-1.0992, -1.8259, -1.7753, 1.3032, 0.3593, 0.1486, 0.0654]
180: [-0.1349, 0.8121, -0.3319, 1.4151, -0.7302, -0.7798, -0.8954]
181: [-1.5776, 0.8116, -0.3888, 0.1265, 0.1158, 0.2969, -0.3239]
182: [-1.8732, -1.1321, -0.1345, -0.0995, -0.5973, 0.1174, -1.5221]
183: [-0.4384, 0.6510, 3.6178, 0.7693, 0.3817, -0.8457, -0.2319]
184: [-1.7511, 0.7609, -1.1659, 0.3970, 1.1332, 0.2174, -0.0555]
185: [-0.4749, -0.9237, -0.7796, 0.6657, 0.0886, -0.0489, -1.3956]
186: [0.7699, -1.4856, 0.0390, 0.4962, 0.2455, -0.4151, 0.3591]
187: [0.2240, -0.4490, 0.8252, -1.5800, 0.7504, -1.0245, -0.3346]
188: [0.9824, -0.8005, -1.0561, 0.4651, 1.1880, -0.0183, -0.1112]
189: [1.0950, 0.3787, -0.7916, -0.5499, 0.0800, 1.4865, 0.6649]
190: [0.7733, 0.4554, -1.7117, 0.4085, -0.5086, 0.9701, 0.5285]
191: [0.7710, 1.4020, 0.3153, 1.0748, 0.6765, -0.2369, -0.8582]
192: [0.4782, -0.8356, -0.5210, 0.5656, -0.5990, -0.9250, -0.2036]
193: [0.9686, 0.9041, 0.9497, -0.6551, -1.4922, 0.9003, 0.3323]
194: [0.8208, 1.2960, 0.0297, -0.8549, -1.9209, 0.3359, 0.2340]
195: [-0.0032, 3.1303, -0.2698, -1.1384, 0.3029, 0.0137, 0.4107]
196: [-0.6473, 1.0906, 2.1417, 1.4951, 0.0579, 0.6228, 0.5084]
197: [0.7899, -0.1599, -0.2393, -0.3826, -1.5704, -0.7822, 0.1397]
198: [-0.9267, 0.6965, -1.0926, -0.5855, -0.6857, -0.7245, 0.3957]
199: [-0.6205, -1.1792, 1.6973, -2.3262, -0.5809, 0.9548, -0.1825]
Dim:200 x 2
000: [0.7137, -0.2710]
001: [0.2330, -0.7214]
002: [1.5814, 0.8546]
003: [1.5352, 0.6862]
004: [-2.2776, -2.0853]
005: [-0.7151, -0.2873]
006: [1.6250, 0.9907]
007: [0.1918, -0.2113]
008: [-0.2758, -0.1135]
009: [-0.2183, -2.3954]
010: [0.2685, 0.1207]
011: [1.0053, 1.5827]
012: [-0.9427, -1.7357]
013: [0.0203, -0.3700]
014: [-1.2808, -0.4525]
015: [0.8680, 1.0451]
016: [0.5173, 0.9971]
017: [-0.5611, -0.7972]
018: [-1.5125, -1.3445]
019: [-0.8095, 0.0575]
020: [1.4589, -1.2487]
021: [0.1814, 0.3896]
022: [1.6092, -0.4131]
023: [0.5654, 1.3854]
024: [-0.6536, 0.1481]
025: [1.2372, -1.4606]
026: [0.0821, -0.1168]
027: [1.8370, -1.4316]
028: [0.6131, -1.7306]
029: [-1.8877, -0.7957]
030: [0.1610, 1.6291]
031: [1.2241, 1.2619]
032: [-0.6345, 3.0703]
033: [-1.1288, 1.6286]
034: [-2.4007, 0.3703]
035: [1.9974, -1.7898]
036: [-0.6352, -0.4889]
037: [-0.7753, 1.1466]
038: [-1.2763, -0.2122]
039: [0.1141, -1.2524]
040: [0.9249, 0.9174]
041: [-0.1310, 1.4860]
042: [-0.8648, 0.1663]
043: [-0.5770, 1.0648]
044: [0.3848, 0.9905]
045: [-2.0007, 0.5821]
046: [-0.2292, 1.8853]
047: [-2.4898, 1.1371]
048: [0.5983, -0.7498]
049: [-0.0754, -0.3596]
050: [3.6433, -0.5714]
051: [2.0109, -1.4075]
052: [-2.5209, 0.1683]
053: [-0.0577, 0.4032]
054: [-0.8288, -0.6580]
055: [-1.2030, -0.8053]
056: [0.7549, -0.7528]
057: [-0.1705, -0.5139]
058: [1.0625, 1.7099]
059: [1.3731, -1.4774]
060: [0.5545, -0.0181]
061: [1.2407, 0.8958]
062: [0.4637, -1.0280]
063: [-0.8484, -1.6378]
064: [1.3492, 1.0384]
065: [1.0765, 0.5809]
066: [-0.7047, 0.9888]
067: [-1.2199, -1.0632]
068: [0.5255, 1.5505]
069: [-2.4271, 0.8133]
070: [0.8288, -0.5360]
071: [1.4466, 0.6808]
072: [-0.1828, -0.9029]
073: [-0.6073, 0.5278]
074: [0.0616, -0.3437]
075: [-0.0068, -0.4875]
076: [-0.5327, 1.3090]
077: [0.8965, 0.8977]
078: [-0.0498, -0.0976]
079: [1.5930, 0.0318]
080: [0.2577, -0.5805]
081: [-0.5542, 0.7204]
082: [-1.0019, -1.5852]
083: [-0.9143, -1.9183]
084: [-0.2662, -0.4455]
085: [0.7046, -0.3119]
086: [1.8930, -1.3740]
087: [0.1360, 1.9573]
088: [1.3227, -0.2553]
089: [-1.0093, -0.3128]
090: [-3.6646, -0.8697]
091: [-1.7957, -0.5887]
092: [2.0068, 0.5665]
093: [0.3532, 0.7910]
094: [0.4509, -0.3111]
095: [1.5802, 0.6732]
096: [0.0088, 1.0984]
097: [1.8700, -1.3424]
098: [1.2215, -1.2458]
099: [-2.0838, 0.6186]
100: [0.7328, 0.1659]
101: [-2.5363, -1.1561]
102: [-0.9048, 0.8006]
103: [-0.9179, 0.2417]
104: [1.3272, -0.8214]
105: [0.7013, 1.5529]
106: [-0.9169, 0.1118]
107: [0.7118, -0.7597]
108: [0.5402, -0.5678]
109: [0.0168, -1.3139]
110: [1.0547, 1.7841]
111: [-1.5049, 2.0254]
112: [-0.0612, 0.7131]
113: [1.2585, 0.5643]
114: [-0.2421, -0.4756]
115: [-0.3454, 0.5837]
116: [-1.8553, -2.0387]
117: [-0.3273, -0.9022]
118: [0.9726, 1.4460]
119: [1.2652, -0.9754]
120: [-0.6499, -0.4474]
121: [-0.1803, -1.4921]
122: [0.7158, -0.4148]
123: [0.7816, -1.1477]
124: [0.5030, 0.7616]
125: [0.0927, 0.7728]
126: [-1.4857, 1.4744]
127: [0.6016, 0.5862]
128: [1.4315, 0.4492]
129: [-0.4010, -0.8826]
130: [-0.9874, 0.3516]
131: [1.0589, 0.0558]
132: [0.1719, 0.5878]
133: [-0.7213, -0.1197]
134: [-0.6174, 0.7171]
135: [-0.8348, -0.6114]
136: [2.2509, 1.1144]
137: [1.0848, 0.9866]
138: [-0.2151, 0.7007]
139: [0.3085, 2.3039]
140: [-0.5109, 1.2162]
141: [-0.3178, 1.9525]
142: [-1.0093, -0.3438]
143: [-0.3002, -0.0216]
144: [-1.2216, 1.7340]
145: [1.5412, -1.5893]
146: [0.4639, -1.1527]
147: [0.7478, -0.5419]
148: [0.3183, 1.0653]
149: [1.7643, 0.2760]
150: [0.5548, -0.3510]
151: [-1.2287, -1.6660]
152: [-1.4202, -0.4917]
153: [0.6439, -1.0377]
154: [-3.2860, 0.3440]
155: [0.7318, 1.0422]
156: [0.3777, 1.7446]
157: [1.4360, -1.4038]
158: [-1.9261, 1.4649]
159: [1.7377, 0.3718]
160: [0.4975, -1.5973]
161: [-0.3700, -1.3210]
162: [-1.2939, 1.9448]
163: [-0.2313, -0.8218]
164: [0.6390, -1.2549]
165: [0.5670, -2.1472]
166: [-1.3188, -1.2768]
167: [-1.3182, 0.5383]
168: [1.6558, 0.4731]
169: [-0.0852, 0.9830]
170: [0.4194, 1.9818]
171: [0.5026, 0.8889]
172: [-1.4106, 0.0543]
173: [-1.1384, 0.0259]
174: [0.1163, 0.2280]
175: [0.0263, 0.5400]
176: [-0.5245, -0.4255]
177: [-1.5408, -1.8720]
178: [0.8354, -0.4166]
179: [2.2267, -1.0928]
180: [0.1729, -0.3967]
181: [0.3269, -0.7844]
182: [1.3226, 0.3995]
183: [0.5291, 1.7429]
184: [1.0092, -1.6673]
185: [1.2315, -0.5783]
186: [0.8679, 0.3285]
187: [0.0948, 1.1534]
188: [0.7523, -1.1855]
189: [-1.3794, -1.3151]
190: [-0.9697, -1.6474]
191: [-0.2450, -1.0607]
192: [0.4836, 0.3626]
193: [-2.2022, 0.4966]
194: [-2.4674, 0.3774]
195: [-2.1808, -1.0621]
196: [0.0962, 0.0021]
197: [-0.9642, 0.9656]
198: [-0.3797, -0.0277]
199: [-0.5590, 1.7885]
Size is: 2500 x2350...
Iter 0...
Iter 100...
Iter 200...
    Tr time: 17169
Par Tr time: 6365
    Tr time: 1656
Par Tr time: 736
Tests run: 7, Failures: 0, Errors: 0, Skipped: 0, Time elapsed: 141.58 sec
Running com.jujutsu.tsne.barneshut.ParallelBHUtilsTest
Tests run: 1, Failures: 0, Errors: 0, Skipped: 0, Time elapsed: 0 sec
Running com.jujutsu.tsne.barneshut.BHUtilsTest
Tests run: 12, Failures: 0, Errors: 0, Skipped: 0, Time elapsed: 0.001 sec

Results :

Tests run: 20, Failures: 0, Errors: 0, Skipped: 0

[INFO] 
[INFO] --------------------< com.jujutsu.tsne:tsne-demos >---------------------
[INFO] Building Java T-SNE Demos 2.5.1                                    [2/3]
[INFO] --------------------------------[ jar ]---------------------------------
[INFO] 
[INFO] --- maven-resources-plugin:2.6:resources (default-resources) @ tsne-demos ---
[INFO] Using 'UTF-8' encoding to copy filtered resources.
[INFO] Copying 11 resources
[INFO] 
[INFO] --- maven-compiler-plugin:3.1:compile (default-compile) @ tsne-demos ---
[INFO] Nothing to compile - all classes are up to date
[INFO] 
[INFO] --- maven-resources-plugin:2.6:testResources (default-testResources) @ tsne-demos ---
[INFO] Using 'UTF-8' encoding to copy filtered resources.
[INFO] skip non existing resourceDirectory /workdir/T-SNE-Java/tsne-demos/src/test/resources
[INFO] 
[INFO] --- maven-compiler-plugin:3.1:testCompile (default-testCompile) @ tsne-demos ---
[INFO] No sources to compile
[INFO] 
[INFO] --- maven-surefire-plugin:2.12.4:test (default-test) @ tsne-demos ---
[INFO] No tests to run.
[INFO] 
[INFO] -------------------< com.jujutsu.tsne:tsne-package >--------------------
[INFO] Building Java T-SNE Package 0.0.1-SNAPSHOT                         [3/3]
[INFO] --------------------------------[ pom ]---------------------------------
[INFO] ------------------------------------------------------------------------
[INFO] Reactor Summary:
[INFO] 
[INFO] Java T-SNE 2.6.2 ................................... SUCCESS [02:22 min]
[INFO] Java T-SNE Demos 2.5.1 ............................. SUCCESS [  0.053 s]
[INFO] Java T-SNE Package 0.0.1-SNAPSHOT .................. SUCCESS [  0.017 s]
[INFO] ------------------------------------------------------------------------
[INFO] BUILD SUCCESS
[INFO] ------------------------------------------------------------------------
[INFO] Total time:  02:22 min
[INFO] Finished at: 2021-02-15T01:26:48Z
[INFO] ------------------------------------------------------------------------
