[INFO] Scanning for projects...
[INFO] Inspecting build with total of 1 modules...
[INFO] Installing Nexus Staging features:
[INFO]   ... total of 1 executions of maven-deploy-plugin replaced with nexus-staging-maven-plugin
[INFO] 
[INFO] -------------------< com.googlecode.plist:dd-plist >--------------------
[INFO] Building dd-plist 1.24
[INFO] --------------------------------[ jar ]---------------------------------
[INFO] 
[INFO] --- maven-enforcer-plugin:1.0:enforce (enforce-maven) @ dd-plist ---
[INFO] 
[INFO] --- maven-resources-plugin:2.6:resources (default-resources) @ dd-plist ---
[INFO] Using 'UTF-8' encoding to copy filtered resources.
[INFO] skip non existing resourceDirectory /workdir/dd-plist/src/main/resources
[INFO] 
[INFO] --- maven-compiler-plugin:3.8.1:compile (default-compile) @ dd-plist ---
[INFO] Changes detected - recompiling the module!
[INFO] Compiling 16 source files to /workdir/dd-plist/target/classes
[INFO] /workdir/dd-plist/src/main/java/com/dd/plist/NSObject.java: /workdir/dd-plist/src/main/java/com/dd/plist/NSObject.java uses or overrides a deprecated API.
[INFO] /workdir/dd-plist/src/main/java/com/dd/plist/NSObject.java: Recompile with -Xlint:deprecation for details.
[INFO] 
[INFO] --- maven-bundle-plugin:2.4.0:manifest (bundle-manifest) @ dd-plist ---
[INFO] 
[INFO] --- maven-compiler-plugin:3.8.1:testCompile (default-testCompile) @ dd-plist ---
[INFO] Changes detected - recompiling the module!
[INFO] Compiling 14 source files to /workdir/dd-plist/target/test-classes
[WARNING] /workdir/dd-plist/src/test/java/com/dd/plist/test/DeSerializationTest.java:[144,71] unchecked cast
  required: java.lang.Class<java.util.ArrayList<java.lang.Byte>>
  found:    java.lang.Class<capture#1 of ? extends java.util.ArrayList>
[INFO] 
[INFO] --- maven-resources-plugin:2.6:testResources (default-testResources) @ dd-plist ---
[INFO] Using 'UTF-8' encoding to copy filtered resources.
[INFO] skip non existing resourceDirectory /workdir/dd-plist/src/test/resources
[INFO] 
[INFO] --- maven-surefire-plugin:2.12.4:test (default-test) @ dd-plist ---
[INFO] Surefire report directory: /workdir/dd-plist/target/surefire-reports

-------------------------------------------------------
 T E S T S
-------------------------------------------------------
Running com.dd.plist.test.CloneTest
Tests run: 2, Failures: 0, Errors: 0, Skipped: 0, Time elapsed: 0.124 sec
Running com.dd.plist.test.GoogleCodeIssueTest
Tests run: 11, Failures: 0, Errors: 0, Skipped: 0, Time elapsed: 0.016 sec
Running com.dd.plist.test.IssueTest
[Fatal Error] :1:1: JAXP00010001: The parser has encountered more than "64000" entity expansions in this document; this is the limit imposed by the JDK.
Tests run: 5, Failures: 0, Errors: 0, Skipped: 0, Time elapsed: 0.275 sec
Running com.dd.plist.test.NSNumberTest
Tests run: 10, Failures: 0, Errors: 0, Skipped: 0, Time elapsed: 0 sec
Running com.dd.plist.test.NSStringTest
Tests run: 29, Failures: 0, Errors: 0, Skipped: 0, Time elapsed: 0.069 sec
Running com.dd.plist.test.DeSerializationTest
Tests run: 14, Failures: 0, Errors: 0, Skipped: 0, Time elapsed: 0.012 sec
Running com.dd.plist.test.ParseTest
Tests run: 14, Failures: 0, Errors: 0, Skipped: 0, Time elapsed: 0.017 sec
Running com.dd.plist.test.model.TestClassSet
Tests run: 0, Failures: 0, Errors: 0, Skipped: 0, Time elapsed: 0 sec
Running com.dd.plist.test.model.TestClass3
Tests run: 0, Failures: 0, Errors: 0, Skipped: 0, Time elapsed: 0 sec
Running com.dd.plist.test.model.TestClass2
Tests run: 0, Failures: 0, Errors: 0, Skipped: 0, Time elapsed: 0 sec
Running com.dd.plist.test.model.TestClass1
Tests run: 0, Failures: 0, Errors: 0, Skipped: 0, Time elapsed: 0 sec
Running com.dd.plist.test.model.TestClassMap
Tests run: 0, Failures: 0, Errors: 0, Skipped: 0, Time elapsed: 0 sec
Running com.dd.plist.test.model.TestClassWithData
Tests run: 0, Failures: 0, Errors: 0, Skipped: 0, Time elapsed: 0 sec

Results :

Tests run: 85, Failures: 0, Errors: 0, Skipped: 0

[INFO] ------------------------------------------------------------------------
[INFO] BUILD SUCCESS
[INFO] ------------------------------------------------------------------------
[INFO] Total time:  3.602 s
[INFO] Finished at: 2021-02-15T00:57:19Z
[INFO] ------------------------------------------------------------------------
