[INFO] Scanning for projects...
[INFO] Inspecting build with total of 1 modules...
[INFO] Installing Nexus Staging features:
[INFO]   ... total of 1 executions of maven-deploy-plugin replaced with nexus-staging-maven-plugin
[INFO] 
[INFO] ----------------------< org.organicdesign:Paguro >----------------------
[INFO] Building Paguro 3.5.8
[INFO] --------------------------------[ jar ]---------------------------------
[INFO] 
[INFO] --- maven-enforcer-plugin:3.0.0-M3:enforce (enforce-maven) @ Paguro ---
[INFO] 
[INFO] --- jacoco-maven-plugin:0.8.6:prepare-agent (default) @ Paguro ---
[INFO] argLine set to -javaagent:/home/maven/.m2/repository/org/jacoco/org.jacoco.agent/0.8.6/org.jacoco.agent-0.8.6-runtime.jar=destfile=/workdir/Paguro/target/jacoco.exec
[INFO] 
[INFO] --- maven-resources-plugin:2.6:resources (default-resources) @ Paguro ---
[INFO] Using 'UTF-8' encoding to copy filtered resources.
[INFO] skip non existing resourceDirectory /workdir/Paguro/src/main/resources
[INFO] 
[INFO] --- maven-compiler-plugin:3.1:compile (default-compile) @ Paguro ---
[INFO] Nothing to compile - all classes are up to date
[INFO] 
[INFO] --- maven-resources-plugin:2.6:testResources (default-testResources) @ Paguro ---
[INFO] Using 'UTF-8' encoding to copy filtered resources.
[INFO] skip non existing resourceDirectory /workdir/Paguro/src/test/resources
[INFO] 
[INFO] --- maven-compiler-plugin:3.1:testCompile (default-testCompile) @ Paguro ---
[INFO] Nothing to compile - all classes are up to date
[INFO] 
[INFO] --- maven-surefire-plugin:2.12.4:test (default-test) @ Paguro ---
[INFO] Surefire report directory: /workdir/Paguro/target/surefire-reports

-------------------------------------------------------
 T E S T S
-------------------------------------------------------
Running org.organicdesign.fp.collections.ImListTest
Tests run: 4, Failures: 0, Errors: 0, Skipped: 0, Time elapsed: 0.115 sec
Running org.organicdesign.fp.collections.RrbTreeTest
Tests run: 51, Failures: 0, Errors: 0, Skipped: 2, Time elapsed: 2.339 sec
Running org.organicdesign.fp.collections.UnmodListTest
Tests run: 22, Failures: 0, Errors: 0, Skipped: 0, Time elapsed: 0.014 sec
Running org.organicdesign.fp.collections.RangeOfIntTest
Tests run: 33, Failures: 0, Errors: 0, Skipped: 0, Time elapsed: 0.024 sec
Running org.organicdesign.fp.collections.MutListTest
Tests run: 1, Failures: 0, Errors: 0, Skipped: 0, Time elapsed: 0.003 sec
Running org.organicdesign.fp.collections.PersistentTreeSetTest
Tests run: 8, Failures: 0, Errors: 0, Skipped: 0, Time elapsed: 0.03 sec
Running org.organicdesign.fp.collections.UnmodSortedIterableTest
Tests run: 4, Failures: 0, Errors: 0, Skipped: 0, Time elapsed: 0.016 sec
Running org.organicdesign.fp.collections.PersistentVectorTest
Tests run: 50, Failures: 0, Errors: 0, Skipped: 1, Time elapsed: 0.202 sec
Running org.organicdesign.fp.collections.UnmodSetTest
Tests run: 9, Failures: 0, Errors: 0, Skipped: 0, Time elapsed: 0.005 sec
Running org.organicdesign.fp.collections.IndentUtilsTest
Tests run: 1, Failures: 0, Errors: 0, Skipped: 0, Time elapsed: 0 sec
Running org.organicdesign.fp.collections.EquatorTest
Tests run: 3, Failures: 0, Errors: 0, Skipped: 0, Time elapsed: 0.004 sec
Running org.organicdesign.fp.collections.UnmodMapTest
Tests run: 19, Failures: 0, Errors: 0, Skipped: 0, Time elapsed: 0.014 sec
Running org.organicdesign.fp.collections.ImUnsortedSetTest
Tests run: 1, Failures: 0, Errors: 0, Skipped: 0, Time elapsed: 0.006 sec
Running org.organicdesign.fp.collections.UnmodIterableTest
Tests run: 2, Failures: 0, Errors: 0, Skipped: 0, Time elapsed: 0.017 sec
Running org.organicdesign.fp.collections.ImMapTest
Tests run: 1, Failures: 0, Errors: 0, Skipped: 0, Time elapsed: 0.001 sec
Running org.organicdesign.fp.collections.UnmodIteratorTest
Tests run: 3, Failures: 0, Errors: 0, Skipped: 0, Time elapsed: 0.001 sec
Running org.organicdesign.fp.collections.PersistentHashSetTest
Tests run: 9, Failures: 0, Errors: 0, Skipped: 0, Time elapsed: 0.227 sec
Running org.organicdesign.fp.collections.MutSetTest
Tests run: 1, Failures: 0, Errors: 0, Skipped: 0, Time elapsed: 0 sec
Running org.organicdesign.fp.collections.PersistentHashMapTest
Tests run: 44, Failures: 0, Errors: 0, Skipped: 0, Time elapsed: 5.664 sec
Running org.organicdesign.fp.collections.ImSortedMapTest
Tests run: 1, Failures: 0, Errors: 0, Skipped: 0, Time elapsed: 0.008 sec
Running org.organicdesign.fp.collections.UnmodSortedSetTest
Tests run: 1, Failures: 0, Errors: 0, Skipped: 0, Time elapsed: 0 sec
Running org.organicdesign.fp.collections.PersistentTreeMapTest
Tests run: 21, Failures: 0, Errors: 0, Skipped: 0, Time elapsed: 0.075 sec
Running org.organicdesign.fp.collections.ImSortedSetTest
Tests run: 1, Failures: 0, Errors: 0, Skipped: 0, Time elapsed: 0.002 sec
Running org.organicdesign.fp.collections.ImSetTest
Tests run: 1, Failures: 0, Errors: 0, Skipped: 0, Time elapsed: 0.001 sec
Running org.organicdesign.fp.collections.UnmodCollectionTest
Tests run: 11, Failures: 0, Errors: 0, Skipped: 0, Time elapsed: 0.004 sec
Running org.organicdesign.fp.collections.ComparisonContextTest
Tests run: 8, Failures: 0, Errors: 0, Skipped: 0, Time elapsed: 0.003 sec
Running org.organicdesign.fp.collections.UnmodSortedMapTest
Tests run: 4, Failures: 0, Errors: 0, Skipped: 0, Time elapsed: 0.011 sec
Running org.organicdesign.fp.collections.CowryTest
Tests run: 7, Failures: 0, Errors: 0, Skipped: 0, Time elapsed: 0.002 sec
Running org.organicdesign.fp.BooleanCombinerTest
Tests run: 2, Failures: 0, Errors: 0, Skipped: 0, Time elapsed: 0.004 sec
Running org.organicdesign.fp.LazyRefTest
Tests run: 1, Failures: 0, Errors: 0, Skipped: 0, Time elapsed: 0.001 sec
Running org.organicdesign.fp.StaticImportsTest
Tests run: 13, Failures: 0, Errors: 0, Skipped: 0, Time elapsed: 0.005 sec
Running org.organicdesign.fp.oneOf.OptionTest
Tests run: 6, Failures: 0, Errors: 0, Skipped: 0, Time elapsed: 0.004 sec
Running org.organicdesign.fp.oneOf.OneOf4Test
Tests run: 21, Failures: 0, Errors: 0, Skipped: 0, Time elapsed: 0.014 sec
Running org.organicdesign.fp.oneOf.OneOf2OrNoneTest
Tests run: 11, Failures: 0, Errors: 0, Skipped: 0, Time elapsed: 0.009 sec
Running org.organicdesign.fp.oneOf.OneOf3Test
Tests run: 17, Failures: 0, Errors: 0, Skipped: 0, Time elapsed: 0.008 sec
Running org.organicdesign.fp.oneOf.OrTest
Tests run: 5, Failures: 0, Errors: 0, Skipped: 0, Time elapsed: 0.003 sec
Running org.organicdesign.fp.oneOf.OneOf2Test
Tests run: 13, Failures: 0, Errors: 0, Skipped: 0, Time elapsed: 0.005 sec
Running org.organicdesign.fp.UsageExampleTest
Tests run: 4, Failures: 0, Errors: 0, Skipped: 0, Time elapsed: 0.011 sec
Running org.organicdesign.fp.FunctionUtilsTest
Tests run: 3, Failures: 0, Errors: 0, Skipped: 0, Time elapsed: 0.001 sec
Running org.organicdesign.fp.TradJavaStreamComparisonTest
Tests run: 8, Failures: 0, Errors: 0, Skipped: 0, Time elapsed: 0.155 sec
Running org.organicdesign.fp.xform.XformTest
Tests run: 30, Failures: 0, Errors: 0, Skipped: 0, Time elapsed: 0.03 sec
Running org.organicdesign.fp.xform.TransformableTest
Tests run: 14, Failures: 0, Errors: 0, Skipped: 0, Time elapsed: 0.005 sec
Running org.organicdesign.fp.xform.XformTakenTest
Tests run: 4, Failures: 0, Errors: 0, Skipped: 0, Time elapsed: 0.002 sec
Running org.organicdesign.fp.xform.XformTakenWhileTest
Tests run: 1, Failures: 0, Errors: 0, Skipped: 0, Time elapsed: 0 sec
Running org.organicdesign.fp.xform.XformMappedTest
Tests run: 2, Failures: 0, Errors: 0, Skipped: 0, Time elapsed: 0.001 sec
Running org.organicdesign.fp.type.ArrayHolderTest
Tests run: 1, Failures: 0, Errors: 0, Skipped: 0, Time elapsed: 0 sec
Running org.organicdesign.fp.type.RuntimeTypesTest
Tests run: 3, Failures: 0, Errors: 0, Skipped: 1, Time elapsed: 0.003 sec
Running org.organicdesign.fp.tuple.Tuple8Test
Tests run: 1, Failures: 0, Errors: 0, Skipped: 0, Time elapsed: 0.013 sec
Running org.organicdesign.fp.tuple.Tuple10Test
Tests run: 1, Failures: 0, Errors: 0, Skipped: 0, Time elapsed: 0.013 sec
Running org.organicdesign.fp.tuple.Tuple9Test
Tests run: 1, Failures: 0, Errors: 0, Skipped: 0, Time elapsed: 0.012 sec
Running org.organicdesign.fp.tuple.Tuple4Test
Tests run: 1, Failures: 0, Errors: 0, Skipped: 0, Time elapsed: 0.005 sec
Running org.organicdesign.fp.tuple.Tuple6Test
Tests run: 1, Failures: 0, Errors: 0, Skipped: 0, Time elapsed: 0.008 sec
Running org.organicdesign.fp.tuple.Tuple11Test
Tests run: 1, Failures: 0, Errors: 0, Skipped: 0, Time elapsed: 0.026 sec
Running org.organicdesign.fp.tuple.Tuple7Test
Tests run: 1, Failures: 0, Errors: 0, Skipped: 0, Time elapsed: 0.009 sec
Running org.organicdesign.fp.tuple.Tuple12Test
Tests run: 1, Failures: 0, Errors: 0, Skipped: 0, Time elapsed: 0.013 sec
Running org.organicdesign.fp.tuple.Tuple2Test
Tests run: 2, Failures: 0, Errors: 0, Skipped: 0, Time elapsed: 0 sec
Running org.organicdesign.fp.tuple.Tuple5Test
Tests run: 1, Failures: 0, Errors: 0, Skipped: 0, Time elapsed: 0.006 sec
Running org.organicdesign.fp.tuple.Tuple3Test
Tests run: 1, Failures: 0, Errors: 0, Skipped: 0, Time elapsed: 0.001 sec
Running org.organicdesign.fp.function.Fn3Test
Tests run: 3, Failures: 0, Errors: 0, Skipped: 0, Time elapsed: 0.006 sec
Running org.organicdesign.fp.function.Fn0Test
Tests run: 3, Failures: 0, Errors: 0, Skipped: 0, Time elapsed: 0.002 sec
Running org.organicdesign.fp.function.Fn1Test
Tests run: 7, Failures: 0, Errors: 0, Skipped: 0, Time elapsed: 0.01 sec
Running org.organicdesign.fp.function.Fn2Test
Tests run: 3, Failures: 0, Errors: 0, Skipped: 0, Time elapsed: 0.01 sec

Results :

Tests run: 508, Failures: 0, Errors: 0, Skipped: 4

[INFO] 
[INFO] --- jacoco-maven-plugin:0.8.6:report (report) @ Paguro ---
[INFO] Loading execution data file /workdir/Paguro/target/jacoco.exec
[INFO] Analyzed bundle 'Paguro' with 170 classes
[INFO] ------------------------------------------------------------------------
[INFO] BUILD SUCCESS
[INFO] ------------------------------------------------------------------------
[INFO] Total time:  11.632 s
[INFO] Finished at: 2021-02-14T23:56:54Z
[INFO] ------------------------------------------------------------------------
