[INFO] Scanning for projects...
[INFO] Inspecting build with total of 1 modules...
[INFO] Installing Nexus Staging features:
[INFO]   ... total of 1 executions of maven-deploy-plugin replaced with nexus-staging-maven-plugin
[INFO] 
[INFO] -------------< com.github.albfernandez:juniversalchardet >--------------
[INFO] Building juniversalchardet 2.4.1-SNAPSHOT
[INFO] --------------------------------[ jar ]---------------------------------
[INFO] 
[INFO] --- maven-resources-plugin:2.6:resources (default-resources) @ juniversalchardet ---
[INFO] Using 'UTF-8' encoding to copy filtered resources.
[INFO] skip non existing resourceDirectory /workdir/juniversalchardet/src/main/resources
[INFO] 
[INFO] --- maven-compiler-plugin:3.8.1:compile (default-compile) @ juniversalchardet ---
[INFO] Nothing to compile - all classes are up to date
[INFO] 
[INFO] --- maven-compiler-plugin:3.8.1:compile (base-compile) @ juniversalchardet ---
[INFO] Nothing to compile - all classes are up to date
[INFO] 
[INFO] --- maven-resources-plugin:2.6:testResources (default-testResources) @ juniversalchardet ---
[INFO] Using 'UTF-8' encoding to copy filtered resources.
[INFO] Copying 19 resources
[INFO] 
[INFO] --- maven-compiler-plugin:3.8.1:testCompile (default-testCompile) @ juniversalchardet ---
[INFO] Nothing to compile - all classes are up to date
[INFO] 
[INFO] --- maven-surefire-plugin:2.12.4:test (default-test) @ juniversalchardet ---
[INFO] Surefire report directory: /workdir/juniversalchardet/target/surefire-reports

-------------------------------------------------------
 T E S T S
-------------------------------------------------------
Running org.mozilla.universalchardet.Bug20LatinDetectedAsMaccyrillicTest
Tests run: 3, Failures: 0, Errors: 0, Skipped: 2, Time elapsed: 0.06 sec
Running org.mozilla.universalchardet.GB18030SMFalsePositiveTest
Tests run: 2, Failures: 0, Errors: 0, Skipped: 2, Time elapsed: 0 sec
Running org.mozilla.universalchardet.ReaderTest
Tests run: 6, Failures: 0, Errors: 0, Skipped: 0, Time elapsed: 0.035 sec
Running org.mozilla.universalchardet.GB18030SamplesTest
Tests run: 2, Failures: 0, Errors: 0, Skipped: 0, Time elapsed: 0.002 sec
Running org.mozilla.universalchardet.prober.statemachine.PkgIntTest
Tests run: 1, Failures: 0, Errors: 0, Skipped: 0, Time elapsed: 0.001 sec
Running org.mozilla.universalchardet.BasicFileEncodingDetectionTest
Tests run: 12, Failures: 0, Errors: 0, Skipped: 0, Time elapsed: 0.01 sec
Running org.mozilla.universalchardet.BOMTest
Tests run: 3, Failures: 0, Errors: 0, Skipped: 0, Time elapsed: 0.008 sec
Running org.mozilla.universalchardet.BasicStreamEncodingDetectionTest
Tests run: 11, Failures: 0, Errors: 0, Skipped: 0, Time elapsed: 0.005 sec
Running org.mozilla.universalchardet.TIS620BasicTest
Tests run: 1, Failures: 0, Errors: 0, Skipped: 0, Time elapsed: 0.001 sec

Results :

Tests run: 41, Failures: 0, Errors: 0, Skipped: 4

[INFO] ------------------------------------------------------------------------
[INFO] BUILD SUCCESS
[INFO] ------------------------------------------------------------------------
[INFO] Total time:  1.427 s
[INFO] Finished at: 2021-02-15T04:12:41Z
[INFO] ------------------------------------------------------------------------
