[INFO] Scanning for projects...
[WARNING] 
[WARNING] Some problems were encountered while building the effective model for org.locationtech.jts.io:jts-io-common:jar:1.18.0-SNAPSHOT
[WARNING] 'build.plugins.plugin.version' for org.apache.maven.plugins:maven-jar-plugin is missing. @ line 15, column 21
[WARNING] 
[WARNING] It is highly recommended to fix these problems because they threaten the stability of your build.
[WARNING] 
[WARNING] For this reason, future Maven versions might no longer support building such malformed projects.
[WARNING] 
[INFO] ------------------------------------------------------------------------
[INFO] Reactor Build Order:
[INFO] 
[INFO] JTS Topology Suite                                                 [pom]
[INFO] org.locationtech.jts:jts-modules                                   [pom]
[INFO] org.locationtech.jts:jts-core                                   [bundle]
[INFO] org.locationtech.jts:jts-io                                        [pom]
[INFO] org.locationtech.jts.io:jts-io-common                              [jar]
[INFO] org.locationtech.jts:jts-example                                   [jar]
[INFO] org.locationtech.jts:jts-tests                                     [jar]
[INFO] org.locationtech.jts:jts-app                                       [jar]
[INFO] org.locationtech.jts:jts-lab                                       [jar]
[INFO] 
[INFO] ----------------------< org.locationtech.jts:jts >----------------------
[INFO] Building JTS Topology Suite 1.18.0-SNAPSHOT                        [1/9]
[INFO] --------------------------------[ pom ]---------------------------------
[INFO] 
[INFO] ------------------< org.locationtech.jts:jts-modules >------------------
[INFO] Building org.locationtech.jts:jts-modules 1.18.0-SNAPSHOT          [2/9]
[INFO] --------------------------------[ pom ]---------------------------------
[INFO] 
[INFO] -------------------< org.locationtech.jts:jts-core >--------------------
[INFO] Building org.locationtech.jts:jts-core 1.18.0-SNAPSHOT             [3/9]
[INFO] -------------------------------[ bundle ]-------------------------------
[INFO] 
[INFO] --- maven-resources-plugin:3.2.0:resources (default-resources) @ jts-core ---
[INFO] Using 'UTF-8' encoding to copy filtered resources.
[INFO] Using 'UTF-8' encoding to copy filtered properties files.
[INFO] skip non existing resourceDirectory /workdir/jts/modules/core/src/main/resources
[INFO] 
[INFO] --- maven-compiler-plugin:3.8.1:compile (default-compile) @ jts-core ---
[INFO] Nothing to compile - all classes are up to date
[INFO] 
[INFO] --- maven-resources-plugin:3.2.0:testResources (default-testResources) @ jts-core ---
[INFO] Using 'UTF-8' encoding to copy filtered resources.
[INFO] Using 'UTF-8' encoding to copy filtered properties files.
[INFO] Copying 11 resources
[INFO] 
[INFO] --- maven-compiler-plugin:3.8.1:testCompile (default-testCompile) @ jts-core ---
[INFO] Nothing to compile - all classes are up to date
[INFO] 
[INFO] --- maven-surefire-plugin:2.15:test (default-test) @ jts-core ---
[INFO] Surefire report directory: /workdir/jts/modules/core/target/surefire-reports

-------------------------------------------------------
 T E S T S
-------------------------------------------------------
Running org.locationtech.jts.planargraph.DirectedEdgeTest
Tests run: 2, Failures: 0, Errors: 0, Skipped: 0, Time elapsed: 0.019 sec - in org.locationtech.jts.planargraph.DirectedEdgeTest
Running org.locationtech.jts.densify.DensifierTest
Tests run: 3, Failures: 0, Errors: 0, Skipped: 0, Time elapsed: 0.014 sec - in org.locationtech.jts.densify.DensifierTest
Running org.locationtech.jts.algorithm.MinimumBoundingCircleTest
Tests run: 10, Failures: 0, Errors: 0, Skipped: 0, Time elapsed: 0.016 sec - in org.locationtech.jts.algorithm.MinimumBoundingCircleTest
Running org.locationtech.jts.algorithm.CGAlgorithmsDDTest
Tests run: 1, Failures: 0, Errors: 0, Skipped: 0, Time elapsed: 0 sec - in org.locationtech.jts.algorithm.CGAlgorithmsDDTest
Running org.locationtech.jts.algorithm.PointLocationOn4DLineTest
Tests run: 3, Failures: 0, Errors: 0, Skipped: 0, Time elapsed: 0.002 sec - in org.locationtech.jts.algorithm.PointLocationOn4DLineTest
Running org.locationtech.jts.algorithm.LocatePointInRingTest
Tests run: 6, Failures: 0, Errors: 0, Skipped: 0, Time elapsed: 0.007 sec - in org.locationtech.jts.algorithm.LocatePointInRingTest
Running org.locationtech.jts.algorithm.PointLocatorTest
Tests run: 5, Failures: 0, Errors: 0, Skipped: 0, Time elapsed: 0.003 sec - in org.locationtech.jts.algorithm.PointLocatorTest
Running org.locationtech.jts.algorithm.RobustLineIntersectionTest
Tests run: 11, Failures: 0, Errors: 0, Skipped: 0, Time elapsed: 0.011 sec - in org.locationtech.jts.algorithm.RobustLineIntersectionTest
Running org.locationtech.jts.algorithm.ConvexHullTest
Tests run: 10, Failures: 0, Errors: 0, Skipped: 0, Time elapsed: 0.008 sec - in org.locationtech.jts.algorithm.ConvexHullTest
Running org.locationtech.jts.algorithm.DistanceTest
Tests run: 3, Failures: 0, Errors: 0, Skipped: 0, Time elapsed: 0 sec - in org.locationtech.jts.algorithm.DistanceTest
Running org.locationtech.jts.algorithm.IsCCWTest
Tests run: 15, Failures: 0, Errors: 0, Skipped: 0, Time elapsed: 0.007 sec - in org.locationtech.jts.algorithm.IsCCWTest
Running org.locationtech.jts.algorithm.InteriorPointTest
....................................................................................................................................................................................................................................................Tests run: 2, Failures: 0, Errors: 0, Skipped: 0, Time elapsed: 0.784 sec - in org.locationtech.jts.algorithm.InteriorPointTest
Running org.locationtech.jts.algorithm.CentroidTest
Tests run: 1, Failures: 0, Errors: 0, Skipped: 0, Time elapsed: 0.001 sec - in org.locationtech.jts.algorithm.CentroidTest
Running org.locationtech.jts.algorithm.distance.DiscreteHausdorffDistanceTest
Tests run: 4, Failures: 0, Errors: 0, Skipped: 0, Time elapsed: 0.007 sec - in org.locationtech.jts.algorithm.distance.DiscreteHausdorffDistanceTest
Running org.locationtech.jts.algorithm.OrientationIndexTest
Tests run: 3, Failures: 0, Errors: 0, Skipped: 0, Time elapsed: 0.004 sec - in org.locationtech.jts.algorithm.OrientationIndexTest
Running org.locationtech.jts.algorithm.LengthTest
Tests run: 1, Failures: 0, Errors: 0, Skipped: 0, Time elapsed: 0.01 sec - in org.locationtech.jts.algorithm.LengthTest
Running org.locationtech.jts.algorithm.MinimumDiameterTest
Tests run: 6, Failures: 0, Errors: 0, Skipped: 0, Time elapsed: 0.006 sec - in org.locationtech.jts.algorithm.MinimumDiameterTest
Running org.locationtech.jts.algorithm.AngleTest
Tests run: 4, Failures: 0, Errors: 0, Skipped: 0, Time elapsed: 0.005 sec - in org.locationtech.jts.algorithm.AngleTest
Running org.locationtech.jts.algorithm.NonRobustLineIntersectorTest
Tests run: 2, Failures: 0, Errors: 0, Skipped: 0, Time elapsed: 0.002 sec - in org.locationtech.jts.algorithm.NonRobustLineIntersectorTest
Running org.locationtech.jts.algorithm.RayCrossingCounterTest
Tests run: 7, Failures: 0, Errors: 0, Skipped: 0, Time elapsed: 0.009 sec - in org.locationtech.jts.algorithm.RayCrossingCounterTest
Running org.locationtech.jts.algorithm.OrientationIndexFailureTest
Tests run: 9, Failures: 0, Errors: 0, Skipped: 0, Time elapsed: 0.009 sec - in org.locationtech.jts.algorithm.OrientationIndexFailureTest
Running org.locationtech.jts.algorithm.AreaTest
Tests run: 3, Failures: 0, Errors: 0, Skipped: 0, Time elapsed: 0.002 sec - in org.locationtech.jts.algorithm.AreaTest
Running org.locationtech.jts.algorithm.RectangleLineIntersectorTest
Tests run: 1, Failures: 0, Errors: 0, Skipped: 0, Time elapsed: 0.045 sec - in org.locationtech.jts.algorithm.RectangleLineIntersectorTest
Running org.locationtech.jts.algorithm.construct.LargestEmptyCircleTest
Tests run: 9, Failures: 0, Errors: 0, Skipped: 0, Time elapsed: 0.088 sec - in org.locationtech.jts.algorithm.construct.LargestEmptyCircleTest
Running org.locationtech.jts.algorithm.construct.MaximumInscibedCircleTest
Tests run: 8, Failures: 0, Errors: 0, Skipped: 0, Time elapsed: 0.08 sec - in org.locationtech.jts.algorithm.construct.MaximumInscibedCircleTest
Running org.locationtech.jts.algorithm.IntersectionTest
Tests run: 5, Failures: 0, Errors: 0, Skipped: 0, Time elapsed: 0.002 sec - in org.locationtech.jts.algorithm.IntersectionTest
Running org.locationtech.jts.algorithm.PointLocationOnLineTest
Tests run: 3, Failures: 0, Errors: 0, Skipped: 0, Time elapsed: 0.001 sec - in org.locationtech.jts.algorithm.PointLocationOnLineTest
Running org.locationtech.jts.algorithm.RobustLineIntersectorTest
Tests run: 13, Failures: 0, Errors: 0, Skipped: 0, Time elapsed: 0.004 sec - in org.locationtech.jts.algorithm.RobustLineIntersectorTest
Running org.locationtech.jts.algorithm.PointInRingTest
Tests run: 6, Failures: 0, Errors: 0, Skipped: 0, Time elapsed: 0 sec - in org.locationtech.jts.algorithm.PointInRingTest
Running org.locationtech.jts.algorithm.locate.SimplePointInAreaLocatorTest
Tests run: 6, Failures: 0, Errors: 0, Skipped: 0, Time elapsed: 0.002 sec - in org.locationtech.jts.algorithm.locate.SimplePointInAreaLocatorTest
Running org.locationtech.jts.algorithm.locate.IndexedPointInAreaLocatorTest
Tests run: 7, Failures: 0, Errors: 0, Skipped: 0, Time elapsed: 0.002 sec - in org.locationtech.jts.algorithm.locate.IndexedPointInAreaLocatorTest
Running org.locationtech.jts.math.DDBasicTest
Tests run: 12, Failures: 0, Errors: 0, Skipped: 0, Time elapsed: 0.005 sec - in org.locationtech.jts.math.DDBasicTest
Running org.locationtech.jts.math.Vector3DTest
Tests run: 7, Failures: 0, Errors: 0, Skipped: 0, Time elapsed: 0 sec - in org.locationtech.jts.math.Vector3DTest
Running org.locationtech.jts.math.DDIOTest
Tests run: 9, Failures: 0, Errors: 0, Skipped: 0, Time elapsed: 0.135 sec - in org.locationtech.jts.math.DDIOTest
Running org.locationtech.jts.math.DDTest
Tests run: 3, Failures: 0, Errors: 0, Skipped: 0, Time elapsed: 0 sec - in org.locationtech.jts.math.DDTest
Running org.locationtech.jts.math.DDComputeTest
Tests run: 2, Failures: 0, Errors: 0, Skipped: 0, Time elapsed: 0 sec - in org.locationtech.jts.math.DDComputeTest
Running org.locationtech.jts.math.Vector2DTest
Tests run: 3, Failures: 0, Errors: 0, Skipped: 0, Time elapsed: 0 sec - in org.locationtech.jts.math.Vector2DTest
Running org.locationtech.jts.dissolve.LineDissolverTest
Tests run: 15, Failures: 0, Errors: 0, Skipped: 0, Time elapsed: 0.019 sec - in org.locationtech.jts.dissolve.LineDissolverTest
Running org.locationtech.jts.operation.union.CascadedPolygonUnionFileTest
Tests run: 1, Failures: 0, Errors: 0, Skipped: 0, Time elapsed: 0 sec - in org.locationtech.jts.operation.union.CascadedPolygonUnionFileTest
Running org.locationtech.jts.operation.union.UnaryUnionTest
Tests run: 6, Failures: 0, Errors: 0, Skipped: 0, Time elapsed: 0.01 sec - in org.locationtech.jts.operation.union.UnaryUnionTest
Running org.locationtech.jts.operation.union.CascadedPolygonUnionTest
Tests run: 3, Failures: 0, Errors: 0, Skipped: 0, Time elapsed: 0.218 sec - in org.locationtech.jts.operation.union.CascadedPolygonUnionTest
Running org.locationtech.jts.operation.union.OverlapUnionTest
Tests run: 3, Failures: 0, Errors: 0, Skipped: 0, Time elapsed: 0.006 sec - in org.locationtech.jts.operation.union.OverlapUnionTest
Running org.locationtech.jts.operation.linemerge.LineMergerTest
Tests run: 6, Failures: 0, Errors: 0, Skipped: 0, Time elapsed: 0.006 sec - in org.locationtech.jts.operation.linemerge.LineMergerTest
Running org.locationtech.jts.operation.linemerge.LineSequencerTest
Tests run: 12, Failures: 0, Errors: 0, Skipped: 0, Time elapsed: 0.005 sec - in org.locationtech.jts.operation.linemerge.LineSequencerTest
Running org.locationtech.jts.operation.relate.ContainsTest
Tests run: 1, Failures: 0, Errors: 0, Skipped: 0, Time elapsed: 0 sec - in org.locationtech.jts.operation.relate.ContainsTest
Running org.locationtech.jts.operation.relate.RelateBoundaryNodeRuleTest
Tests run: 5, Failures: 0, Errors: 0, Skipped: 0, Time elapsed: 0.002 sec - in org.locationtech.jts.operation.relate.RelateBoundaryNodeRuleTest
Running org.locationtech.jts.operation.relate.RelateTest
Tests run: 1, Failures: 0, Errors: 0, Skipped: 0, Time elapsed: 0 sec - in org.locationtech.jts.operation.relate.RelateTest
Running org.locationtech.jts.operation.IsSimpleTest
Tests run: 5, Failures: 0, Errors: 0, Skipped: 0, Time elapsed: 0.003 sec - in org.locationtech.jts.operation.IsSimpleTest
Running org.locationtech.jts.operation.BoundaryTest
Tests run: 5, Failures: 0, Errors: 0, Skipped: 0, Time elapsed: 0.002 sec - in org.locationtech.jts.operation.BoundaryTest
Running org.locationtech.jts.operation.distance.IndexedFacetDistanceTest
Tests run: 12, Failures: 0, Errors: 0, Skipped: 0, Time elapsed: 0.002 sec - in org.locationtech.jts.operation.distance.IndexedFacetDistanceTest
Running org.locationtech.jts.operation.distance.DistanceTest
Tests run: 12, Failures: 0, Errors: 0, Skipped: 0, Time elapsed: 0.003 sec - in org.locationtech.jts.operation.distance.DistanceTest
Running org.locationtech.jts.operation.buffer.DepthSegmentTest
Tests run: 2, Failures: 0, Errors: 0, Skipped: 0, Time elapsed: 0 sec - in org.locationtech.jts.operation.buffer.DepthSegmentTest
Running org.locationtech.jts.operation.buffer.BufferTest
Tests run: 68, Failures: 0, Errors: 0, Skipped: 0, Time elapsed: 0.291 sec - in org.locationtech.jts.operation.buffer.BufferTest
Running org.locationtech.jts.operation.buffer.VariableBufferTest
Tests run: 7, Failures: 0, Errors: 0, Skipped: 0, Time elapsed: 0.003 sec - in org.locationtech.jts.operation.buffer.VariableBufferTest
Running org.locationtech.jts.operation.buffer.BufferResultValidatorTest
Tests run: 1, Failures: 0, Errors: 0, Skipped: 0, Time elapsed: 0.143 sec - in org.locationtech.jts.operation.buffer.BufferResultValidatorTest
Running org.locationtech.jts.operation.valid.IsValidTest
Tests run: 3, Failures: 0, Errors: 0, Skipped: 0, Time elapsed: 0.001 sec - in org.locationtech.jts.operation.valid.IsValidTest
Running org.locationtech.jts.operation.valid.ValidClosedRingTest
Tests run: 6, Failures: 0, Errors: 0, Skipped: 0, Time elapsed: 0 sec - in org.locationtech.jts.operation.valid.ValidClosedRingTest
Running org.locationtech.jts.operation.valid.ValidSelfTouchingRingFormingHoleTest
Tests run: 7, Failures: 0, Errors: 0, Skipped: 0, Time elapsed: 0.002 sec - in org.locationtech.jts.operation.valid.ValidSelfTouchingRingFormingHoleTest
Running org.locationtech.jts.operation.polygonize.PolygonizeTest
Tests run: 8, Failures: 0, Errors: 0, Skipped: 0, Time elapsed: 0.004 sec - in org.locationtech.jts.operation.polygonize.PolygonizeTest
Running org.locationtech.jts.operation.overlayng.OverlayNGTest
Tests run: 59, Failures: 0, Errors: 0, Skipped: 0, Time elapsed: 0.031 sec - in org.locationtech.jts.operation.overlayng.OverlayNGTest
Running org.locationtech.jts.operation.overlayng.PrecisionReducerTest
Tests run: 13, Failures: 0, Errors: 0, Skipped: 0, Time elapsed: 0.005 sec - in org.locationtech.jts.operation.overlayng.PrecisionReducerTest
Running org.locationtech.jts.operation.overlayng.RingClipperTest
Tests run: 8, Failures: 0, Errors: 0, Skipped: 0, Time elapsed: 0.004 sec - in org.locationtech.jts.operation.overlayng.RingClipperTest
Running org.locationtech.jts.operation.overlayng.OverlayGraphTest
Tests run: 4, Failures: 0, Errors: 0, Skipped: 0, Time elapsed: 0 sec - in org.locationtech.jts.operation.overlayng.OverlayGraphTest
Running org.locationtech.jts.operation.overlayng.LineLimiterTest
Tests run: 8, Failures: 0, Errors: 0, Skipped: 0, Time elapsed: 0 sec - in org.locationtech.jts.operation.overlayng.LineLimiterTest
Running org.locationtech.jts.operation.overlayng.OverlayNGStrictModeTest
Tests run: 10, Failures: 0, Errors: 0, Skipped: 0, Time elapsed: 0.003 sec - in org.locationtech.jts.operation.overlayng.OverlayNGStrictModeTest
Running org.locationtech.jts.operation.overlayng.OverlayNGPointsTest
Tests run: 11, Failures: 0, Errors: 0, Skipped: 0, Time elapsed: 0.001 sec - in org.locationtech.jts.operation.overlayng.OverlayNGPointsTest
Running org.locationtech.jts.operation.overlayng.CoverageUnionTest
Tests run: 8, Failures: 0, Errors: 0, Skipped: 0, Time elapsed: 0.002 sec - in org.locationtech.jts.operation.overlayng.CoverageUnionTest
Running org.locationtech.jts.operation.overlayng.OverlayNGRobustTest
Tests run: 3, Failures: 0, Errors: 0, Skipped: 0, Time elapsed: 0.007 sec - in org.locationtech.jts.operation.overlayng.OverlayNGRobustTest
Running org.locationtech.jts.operation.overlayng.OverlayNGMixedPointsTest
Tests run: 11, Failures: 0, Errors: 0, Skipped: 0, Time elapsed: 0.002 sec - in org.locationtech.jts.operation.overlayng.OverlayNGMixedPointsTest
Running org.locationtech.jts.operation.overlayng.OverlayNGSnappingNoderTest
Tests run: 5, Failures: 0, Errors: 0, Skipped: 0, Time elapsed: 0.001 sec - in org.locationtech.jts.operation.overlayng.OverlayNGSnappingNoderTest
Running org.locationtech.jts.operation.overlayng.PrecisionUtilTest
Tests run: 12, Failures: 0, Errors: 0, Skipped: 0, Time elapsed: 0.002 sec - in org.locationtech.jts.operation.overlayng.PrecisionUtilTest
Running org.locationtech.jts.operation.overlayng.UnaryUnionNGTest
Tests run: 3, Failures: 0, Errors: 0, Skipped: 0, Time elapsed: 0.001 sec - in org.locationtech.jts.operation.overlayng.UnaryUnionNGTest
Running org.locationtech.jts.operation.overlayng.OverlayNGFloatingNoderTest
Tests run: 5, Failures: 0, Errors: 0, Skipped: 0, Time elapsed: 0.001 sec - in org.locationtech.jts.operation.overlayng.OverlayNGFloatingNoderTest
Running org.locationtech.jts.operation.overlay.FixedPrecisionSnappingTest
Tests run: 1, Failures: 0, Errors: 0, Skipped: 0, Time elapsed: 0.001 sec - in org.locationtech.jts.operation.overlay.FixedPrecisionSnappingTest
Running org.locationtech.jts.operation.overlay.OverlayMiscTest
Tests run: 2, Failures: 0, Errors: 0, Skipped: 0, Time elapsed: 0.001 sec - in org.locationtech.jts.operation.overlay.OverlayMiscTest
Running org.locationtech.jts.operation.distance3d.Distance3DOpTest
Tests run: 25, Failures: 0, Errors: 0, Skipped: 0, Time elapsed: 0.017 sec - in org.locationtech.jts.operation.distance3d.Distance3DOpTest
Running org.locationtech.jts.operation.distance3d.WithinDistance3DTest
Tests run: 18, Failures: 0, Errors: 0, Skipped: 0, Time elapsed: 0 sec - in org.locationtech.jts.operation.distance3d.WithinDistance3DTest
Running org.locationtech.jts.noding.SegmentPointComparatorTest
Tests run: 1, Failures: 0, Errors: 0, Skipped: 0, Time elapsed: 0 sec - in org.locationtech.jts.noding.SegmentPointComparatorTest
Running org.locationtech.jts.noding.SegmentPointComparatorFullTest
Tests run: 4, Failures: 0, Errors: 0, Skipped: 0, Time elapsed: 0 sec - in org.locationtech.jts.noding.SegmentPointComparatorFullTest
Running org.locationtech.jts.noding.snapround.HotPixelTest
Tests run: 33, Failures: 0, Errors: 0, Skipped: 0, Time elapsed: 0.001 sec - in org.locationtech.jts.noding.snapround.HotPixelTest
Running org.locationtech.jts.noding.snapround.SnapRoundingTest
Tests run: 11, Failures: 0, Errors: 0, Skipped: 0, Time elapsed: 0.006 sec - in org.locationtech.jts.noding.snapround.SnapRoundingTest
Running org.locationtech.jts.noding.snapround.SegmentStringNodingTest
Tests run: 2, Failures: 0, Errors: 0, Skipped: 0, Time elapsed: 0 sec - in org.locationtech.jts.noding.snapround.SegmentStringNodingTest
Running org.locationtech.jts.noding.snapround.SnapRoundingNoderTest
Tests run: 16, Failures: 0, Errors: 0, Skipped: 0, Time elapsed: 0.005 sec - in org.locationtech.jts.noding.snapround.SnapRoundingNoderTest
Running org.locationtech.jts.noding.FastNodingValidatorTest
Tests run: 5, Failures: 0, Errors: 0, Skipped: 0, Time elapsed: 0.002 sec - in org.locationtech.jts.noding.FastNodingValidatorTest
Running org.locationtech.jts.noding.NodedSegmentStringTest
Tests run: 1, Failures: 0, Errors: 0, Skipped: 0, Time elapsed: 0.001 sec - in org.locationtech.jts.noding.NodedSegmentStringTest
Running org.locationtech.jts.noding.snap.SnappingNoderTest
Tests run: 7, Failures: 0, Errors: 0, Skipped: 0, Time elapsed: 0.001 sec - in org.locationtech.jts.noding.snap.SnappingNoderTest
Running org.locationtech.jts.util.UniqueCoordinateArrayFilterTest
Tests run: 1, Failures: 0, Errors: 0, Skipped: 0, Time elapsed: 0 sec - in org.locationtech.jts.util.UniqueCoordinateArrayFilterTest
Running org.locationtech.jts.util.PriorityQueueTest
Tests run: 2, Failures: 0, Errors: 0, Skipped: 0, Time elapsed: 0.001 sec - in org.locationtech.jts.util.PriorityQueueTest
Running org.locationtech.jts.util.IntArrayListTest
Tests run: 4, Failures: 0, Errors: 0, Skipped: 0, Time elapsed: 0.001 sec - in org.locationtech.jts.util.IntArrayListTest
Running org.locationtech.jts.linearref.LengthIndexedLineTest
Tests run: 31, Failures: 0, Errors: 0, Skipped: 0, Time elapsed: 0.02 sec - in org.locationtech.jts.linearref.LengthIndexedLineTest
Running org.locationtech.jts.linearref.LinearLocationTest
Tests run: 8, Failures: 0, Errors: 0, Skipped: 0, Time elapsed: 0 sec - in org.locationtech.jts.linearref.LinearLocationTest
Running org.locationtech.jts.linearref.LocationIndexedLineTest
Tests run: 18, Failures: 0, Errors: 0, Skipped: 0, Time elapsed: 0.002 sec - in org.locationtech.jts.linearref.LocationIndexedLineTest
Running org.locationtech.jts.precision.MinimumClearanceTest
Tests run: 3, Failures: 0, Errors: 0, Skipped: 0, Time elapsed: 0.006 sec - in org.locationtech.jts.precision.MinimumClearanceTest
Running org.locationtech.jts.precision.SimpleGeometryPrecisionReducerTest
Tests run: 7, Failures: 0, Errors: 0, Skipped: 0, Time elapsed: 0.008 sec - in org.locationtech.jts.precision.SimpleGeometryPrecisionReducerTest
Running org.locationtech.jts.precision.GeometryPrecisionReducerTest
Tests run: 14, Failures: 0, Errors: 0, Skipped: 0, Time elapsed: 0.015 sec - in org.locationtech.jts.precision.GeometryPrecisionReducerTest
Running org.locationtech.jts.precision.CommonBitsOpTest
Tests run: 1, Failures: 0, Errors: 0, Skipped: 0, Time elapsed: 0.009 sec - in org.locationtech.jts.precision.CommonBitsOpTest
Running org.locationtech.jts.geom.GeometryCollectionIteratorTest
Tests run: 2, Failures: 0, Errors: 0, Skipped: 0, Time elapsed: 0 sec - in org.locationtech.jts.geom.GeometryCollectionIteratorTest
Running org.locationtech.jts.geom.EnvelopeTest
Tests run: 17, Failures: 0, Errors: 0, Skipped: 0, Time elapsed: 0.007 sec - in org.locationtech.jts.geom.EnvelopeTest
Running org.locationtech.jts.geom.CoordinateSequencesTest
Testing minCoordinateIndex
Testing copy
Testing scrolling of closed ring
Testing reverse
Testing isRing
Testing indexOf
Testing scrolling of circular string
Tests run: 9, Failures: 0, Errors: 0, Skipped: 0, Time elapsed: 0.014 sec - in org.locationtech.jts.geom.CoordinateSequencesTest
Running org.locationtech.jts.geom.NormalizeTest
Tests run: 18, Failures: 0, Errors: 0, Skipped: 0, Time elapsed: 0.011 sec - in org.locationtech.jts.geom.NormalizeTest
Running org.locationtech.jts.geom.CoordinateListTest
Tests run: 3, Failures: 0, Errors: 0, Skipped: 0, Time elapsed: 0.01 sec - in org.locationtech.jts.geom.CoordinateListTest
Running org.locationtech.jts.geom.IsRectangleTest
Tests run: 8, Failures: 0, Errors: 0, Skipped: 0, Time elapsed: 0.002 sec - in org.locationtech.jts.geom.IsRectangleTest
Running org.locationtech.jts.geom.GeometryCopyTest
Tests run: 1, Failures: 0, Errors: 0, Skipped: 0, Time elapsed: 0.002 sec - in org.locationtech.jts.geom.GeometryCopyTest
Running org.locationtech.jts.geom.RectanglePredicateSyntheticTest
Tests run: 3, Failures: 0, Errors: 0, Skipped: 0, Time elapsed: 0.45 sec - in org.locationtech.jts.geom.RectanglePredicateSyntheticTest
Running org.locationtech.jts.geom.RectanglePredicateTest
Tests run: 2, Failures: 0, Errors: 0, Skipped: 0, Time elapsed: 0 sec - in org.locationtech.jts.geom.RectanglePredicateTest
Running org.locationtech.jts.geom.GeometryFactoryTest
Tests run: 5, Failures: 0, Errors: 0, Skipped: 0, Time elapsed: 0.001 sec - in org.locationtech.jts.geom.GeometryFactoryTest
Running org.locationtech.jts.geom.GeometryImplTest
Tests run: 18, Failures: 0, Errors: 0, Skipped: 0, Time elapsed: 0.011 sec - in org.locationtech.jts.geom.GeometryImplTest
Running org.locationtech.jts.geom.util.AffineTransformationBuilderTest
Tests run: 13, Failures: 0, Errors: 0, Skipped: 0, Time elapsed: 0 sec - in org.locationtech.jts.geom.util.AffineTransformationBuilderTest
Running org.locationtech.jts.geom.util.AffineTransformationTest
Tests run: 23, Failures: 0, Errors: 0, Skipped: 0, Time elapsed: 0.001 sec - in org.locationtech.jts.geom.util.AffineTransformationTest
Running org.locationtech.jts.geom.util.GeometryExtracterTest
Tests run: 1, Failures: 0, Errors: 0, Skipped: 0, Time elapsed: 0 sec - in org.locationtech.jts.geom.util.GeometryExtracterTest
Running org.locationtech.jts.geom.BidirectionalComparatorTest
Tests run: 2, Failures: 0, Errors: 0, Skipped: 0, Time elapsed: 0 sec - in org.locationtech.jts.geom.BidirectionalComparatorTest
Running org.locationtech.jts.geom.PointImplTest
Tests run: 8, Failures: 0, Errors: 0, Skipped: 0, Time elapsed: 0 sec - in org.locationtech.jts.geom.PointImplTest
Running org.locationtech.jts.geom.GeometryOverlayTest
Tests run: 4, Failures: 0, Errors: 0, Skipped: 0, Time elapsed: 0.003 sec - in org.locationtech.jts.geom.GeometryOverlayTest
Running org.locationtech.jts.geom.PrecisionModelTest
Tests run: 3, Failures: 0, Errors: 0, Skipped: 0, Time elapsed: 0 sec - in org.locationtech.jts.geom.PrecisionModelTest
Running org.locationtech.jts.geom.CoordinateArraysTest
Tests run: 11, Failures: 0, Errors: 0, Skipped: 0, Time elapsed: 0 sec - in org.locationtech.jts.geom.CoordinateArraysTest
Running org.locationtech.jts.geom.CoordinateTest
Tests run: 21, Failures: 0, Errors: 0, Skipped: 0, Time elapsed: 0.002 sec - in org.locationtech.jts.geom.CoordinateTest
Running org.locationtech.jts.geom.MultiPointImplTest
Tests run: 3, Failures: 0, Errors: 0, Skipped: 0, Time elapsed: 0 sec - in org.locationtech.jts.geom.MultiPointImplTest
Running org.locationtech.jts.geom.LineSegmentTest
Tests run: 6, Failures: 0, Errors: 0, Skipped: 0, Time elapsed: 0 sec - in org.locationtech.jts.geom.LineSegmentTest
Running org.locationtech.jts.geom.TriangleTest
Tests run: 7, Failures: 0, Errors: 0, Skipped: 0, Time elapsed: 0 sec - in org.locationtech.jts.geom.TriangleTest
Running org.locationtech.jts.geom.PredicateShortCircuitTest
Tests run: 1, Failures: 0, Errors: 0, Skipped: 0, Time elapsed: 0.001 sec - in org.locationtech.jts.geom.PredicateShortCircuitTest
Running org.locationtech.jts.geom.LineStringImplTest
Tests run: 18, Failures: 0, Errors: 0, Skipped: 0, Time elapsed: 0 sec - in org.locationtech.jts.geom.LineStringImplTest
Running org.locationtech.jts.geom.IntersectionMatrixTest
Tests run: 10, Failures: 0, Errors: 0, Skipped: 0, Time elapsed: 0 sec - in org.locationtech.jts.geom.IntersectionMatrixTest
Running org.locationtech.jts.geom.GeometryCollectionImplTest
Tests run: 4, Failures: 0, Errors: 0, Skipped: 0, Time elapsed: 0 sec - in org.locationtech.jts.geom.GeometryCollectionImplTest
Running org.locationtech.jts.geom.GeometryReverseTest
Tests run: 1, Failures: 0, Errors: 0, Skipped: 0, Time elapsed: 0 sec - in org.locationtech.jts.geom.GeometryReverseTest
Running org.locationtech.jts.geom.impl.PackedCoordinateSequenceFloatTest
Tests run: 7, Failures: 0, Errors: 0, Skipped: 0, Time elapsed: 0.012 sec - in org.locationtech.jts.geom.impl.PackedCoordinateSequenceFloatTest
Running org.locationtech.jts.geom.impl.CoordinateArraySequenceTest
Tests run: 9, Failures: 0, Errors: 0, Skipped: 0, Time elapsed: 0.006 sec - in org.locationtech.jts.geom.impl.CoordinateArraySequenceTest
Running org.locationtech.jts.geom.impl.PackedCoordinateSequenceDoubleTest
Tests run: 8, Failures: 0, Errors: 0, Skipped: 0, Time elapsed: 0.007 sec - in org.locationtech.jts.geom.impl.PackedCoordinateSequenceDoubleTest
Running org.locationtech.jts.geom.impl.BasicCoordinateSequenceTest
Tests run: 3, Failures: 0, Errors: 0, Skipped: 0, Time elapsed: 0 sec - in org.locationtech.jts.geom.impl.BasicCoordinateSequenceTest
Running org.locationtech.jts.geom.impl.PackedCoordinateSequenceTest
Tests run: 8, Failures: 0, Errors: 0, Skipped: 0, Time elapsed: 0.003 sec - in org.locationtech.jts.geom.impl.PackedCoordinateSequenceTest
Running org.locationtech.jts.geom.GeometryOpGCUnsupportedTest
Tests run: 5, Failures: 0, Errors: 0, Skipped: 0, Time elapsed: 0.001 sec - in org.locationtech.jts.geom.GeometryOpGCUnsupportedTest
Running org.locationtech.jts.geom.AreaLengthTest
Tests run: 2, Failures: 0, Errors: 0, Skipped: 0, Time elapsed: 0 sec - in org.locationtech.jts.geom.AreaLengthTest
Running org.locationtech.jts.geom.MiscellaneousTest
Tests run: 29, Failures: 0, Errors: 0, Skipped: 0, Time elapsed: 0.003 sec - in org.locationtech.jts.geom.MiscellaneousTest
Running org.locationtech.jts.geom.TriangleCircumcentreTest
Tests run: 1, Failures: 0, Errors: 0, Skipped: 0, Time elapsed: 0 sec - in org.locationtech.jts.geom.TriangleCircumcentreTest
Running org.locationtech.jts.io.WKBWriterTest
Tests run: 6, Failures: 0, Errors: 0, Skipped: 0, Time elapsed: 0.002 sec - in org.locationtech.jts.io.WKBWriterTest
Running org.locationtech.jts.io.WKTReaderTest
Tests run: 28, Failures: 0, Errors: 0, Skipped: 0, Time elapsed: 0.004 sec - in org.locationtech.jts.io.WKTReaderTest
Running org.locationtech.jts.io.WKBTest
Tests run: 19, Failures: 0, Errors: 0, Skipped: 0, Time elapsed: 0.019 sec - in org.locationtech.jts.io.WKBTest
Running org.locationtech.jts.io.SerializabilityTest
Tests run: 1, Failures: 0, Errors: 0, Skipped: 0, Time elapsed: 0.005 sec - in org.locationtech.jts.io.SerializabilityTest
Running org.locationtech.jts.io.WKTWriterStaticFnTest
Tests run: 6, Failures: 0, Errors: 0, Skipped: 0, Time elapsed: 0.07 sec - in org.locationtech.jts.io.WKTWriterStaticFnTest
Running org.locationtech.jts.io.OrdinateFormatTest
Tests run: 10, Failures: 0, Errors: 0, Skipped: 0, Time elapsed: 0 sec - in org.locationtech.jts.io.OrdinateFormatTest
Running org.locationtech.jts.io.WKBReaderTest
Tests run: 7, Failures: 0, Errors: 0, Skipped: 0, Time elapsed: 0.005 sec - in org.locationtech.jts.io.WKBReaderTest
Running org.locationtech.jts.io.WKTReadWriteTest
Tests run: 9, Failures: 0, Errors: 0, Skipped: 0, Time elapsed: 0.002 sec - in org.locationtech.jts.io.WKTReadWriteTest
Running org.locationtech.jts.io.WKTReaderParseErrorTest
Tests run: 6, Failures: 0, Errors: 0, Skipped: 0, Time elapsed: 0 sec - in org.locationtech.jts.io.WKTReaderParseErrorTest
Running org.locationtech.jts.io.WKTReaderExpTest
Tests run: 5, Failures: 0, Errors: 0, Skipped: 0, Time elapsed: 0 sec - in org.locationtech.jts.io.WKTReaderExpTest
Running org.locationtech.jts.io.kml.KMLReaderTest
Tests run: 11, Failures: 0, Errors: 0, Skipped: 0, Time elapsed: 0.057 sec - in org.locationtech.jts.io.kml.KMLReaderTest
Running org.locationtech.jts.io.kml.KMLWriterTest
Tests run: 13, Failures: 0, Errors: 0, Skipped: 0, Time elapsed: 0.008 sec - in org.locationtech.jts.io.kml.KMLWriterTest
Running org.locationtech.jts.io.gml2.StaticMultiLineStringTest
Tests run: 2, Failures: 0, Errors: 0, Skipped: 0, Time elapsed: 0.035 sec - in org.locationtech.jts.io.gml2.StaticMultiLineStringTest
Running org.locationtech.jts.io.gml2.StaticPointTest
Tests run: 1, Failures: 0, Errors: 0, Skipped: 0, Time elapsed: 0.002 sec - in org.locationtech.jts.io.gml2.StaticPointTest
Running org.locationtech.jts.io.gml2.StaticLineStringTest
Tests run: 2, Failures: 0, Errors: 0, Skipped: 0, Time elapsed: 0.007 sec - in org.locationtech.jts.io.gml2.StaticLineStringTest
Running org.locationtech.jts.io.gml2.StaticPolygonTest
Tests run: 5, Failures: 0, Errors: 0, Skipped: 0, Time elapsed: 0.071 sec - in org.locationtech.jts.io.gml2.StaticPolygonTest
Running org.locationtech.jts.io.gml2.GMLReaderTest
Tests run: 12, Failures: 0, Errors: 0, Skipped: 0, Time elapsed: 0.01 sec - in org.locationtech.jts.io.gml2.GMLReaderTest
Running org.locationtech.jts.io.gml2.StaticMultiPolygonTest
Tests run: 5, Failures: 0, Errors: 0, Skipped: 0, Time elapsed: 0.157 sec - in org.locationtech.jts.io.gml2.StaticMultiPolygonTest
Running org.locationtech.jts.io.gml2.StaticMultiPointTest
Tests run: 1, Failures: 0, Errors: 0, Skipped: 0, Time elapsed: 0.001 sec - in org.locationtech.jts.io.gml2.StaticMultiPointTest
Running org.locationtech.jts.io.WKTWriterTest
Tests run: 13, Failures: 0, Errors: 0, Skipped: 0, Time elapsed: 0.001 sec - in org.locationtech.jts.io.WKTWriterTest
Running org.locationtech.jts.triangulate.VoronoiTest
Tests run: 2, Failures: 0, Errors: 0, Skipped: 0, Time elapsed: 0.006 sec - in org.locationtech.jts.triangulate.VoronoiTest
Running org.locationtech.jts.triangulate.ConformingDelaunayTest
Tests run: 1, Failures: 0, Errors: 0, Skipped: 0, Time elapsed: 0.005 sec - in org.locationtech.jts.triangulate.ConformingDelaunayTest
Running org.locationtech.jts.triangulate.DelaunayTest
Tests run: 5, Failures: 0, Errors: 0, Skipped: 0, Time elapsed: 0.002 sec - in org.locationtech.jts.triangulate.DelaunayTest
Running org.locationtech.jts.triangulate.VoronoiDiagramBuilderTest
Tests run: 1, Failures: 0, Errors: 0, Skipped: 0, Time elapsed: 0.001 sec - in org.locationtech.jts.triangulate.VoronoiDiagramBuilderTest
Running org.locationtech.jts.simplify.VWSimplifierTest
Tests run: 4, Failures: 0, Errors: 0, Skipped: 0, Time elapsed: 0.002 sec - in org.locationtech.jts.simplify.VWSimplifierTest
Running org.locationtech.jts.simplify.TopologyPreservingSimplifierTest
Tests run: 17, Failures: 0, Errors: 0, Skipped: 0, Time elapsed: 0.011 sec - in org.locationtech.jts.simplify.TopologyPreservingSimplifierTest
Running org.locationtech.jts.simplify.DouglasPeuckerSimplifierTest
Tests run: 15, Failures: 0, Errors: 0, Skipped: 0, Time elapsed: 0.003 sec - in org.locationtech.jts.simplify.DouglasPeuckerSimplifierTest
Running org.locationtech.jts.index.strtree.STRtreeNearestNeighbourTest
Tests run: 6, Failures: 0, Errors: 0, Skipped: 0, Time elapsed: 0.031 sec - in org.locationtech.jts.index.strtree.STRtreeNearestNeighbourTest
Running org.locationtech.jts.index.strtree.EnvelopeDistanceTest
Tests run: 4, Failures: 0, Errors: 0, Skipped: 0, Time elapsed: 0 sec - in org.locationtech.jts.index.strtree.EnvelopeDistanceTest
Running org.locationtech.jts.index.strtree.STRtreeTest
Tests run: 9, Failures: 0, Errors: 0, Skipped: 0, Time elapsed: 0.153 sec - in org.locationtech.jts.index.strtree.STRtreeTest
Running org.locationtech.jts.index.strtree.IntervalTest
Tests run: 5, Failures: 0, Errors: 0, Skipped: 0, Time elapsed: 0 sec - in org.locationtech.jts.index.strtree.IntervalTest
Running org.locationtech.jts.index.strtree.SIRtreeTest
Tests run: 2, Failures: 0, Errors: 0, Skipped: 0, Time elapsed: 0.001 sec - in org.locationtech.jts.index.strtree.SIRtreeTest
Running org.locationtech.jts.index.hprtree.HPRtreeTest
Tests run: 10, Failures: 0, Errors: 0, Skipped: 0, Time elapsed: 0.06 sec - in org.locationtech.jts.index.hprtree.HPRtreeTest
Running org.locationtech.jts.index.kdtree.KdTreeTest
Tests run: 8, Failures: 0, Errors: 0, Skipped: 0, Time elapsed: 0 sec - in org.locationtech.jts.index.kdtree.KdTreeTest
Running org.locationtech.jts.index.quadtree.DoubleBitsTest
Tests run: 1, Failures: 0, Errors: 0, Skipped: 0, Time elapsed: 0 sec - in org.locationtech.jts.index.quadtree.DoubleBitsTest
Running org.locationtech.jts.index.quadtree.QuadtreeTest
Tests run: 3, Failures: 0, Errors: 0, Skipped: 0, Time elapsed: 0.143 sec - in org.locationtech.jts.index.quadtree.QuadtreeTest
Running org.locationtech.jts.index.quadtree.IsEmptyTest
Tests run: 1, Failures: 0, Errors: 0, Skipped: 0, Time elapsed: 0 sec - in org.locationtech.jts.index.quadtree.IsEmptyTest
Running org.locationtech.jts.index.intervalrtree.SortedPackedIntervalRTreeTest
Tests run: 1, Failures: 0, Errors: 0, Skipped: 0, Time elapsed: 0 sec - in org.locationtech.jts.index.intervalrtree.SortedPackedIntervalRTreeTest
Running org.locationtech.jts.shape.fractal.MortonCodeTest
Tests run: 4, Failures: 0, Errors: 0, Skipped: 0, Time elapsed: 0.001 sec - in org.locationtech.jts.shape.fractal.MortonCodeTest
Running org.locationtech.jts.shape.fractal.HilbertCodeTest
Tests run: 4, Failures: 0, Errors: 0, Skipped: 0, Time elapsed: 0.001 sec - in org.locationtech.jts.shape.fractal.HilbertCodeTest
Running org.locationtech.jts.awt.PolygonShapeTest
Tests run: 2, Failures: 0, Errors: 0, Skipped: 0, Time elapsed: 0.003 sec - in org.locationtech.jts.awt.PolygonShapeTest
Running org.locationtech.jts.edgegraph.EdgeGraphTest
Tests run: 3, Failures: 0, Errors: 0, Skipped: 0, Time elapsed: 0.001 sec - in org.locationtech.jts.edgegraph.EdgeGraphTest

Results :

Tests run: 1333, Failures: 0, Errors: 0, Skipped: 0

[INFO] 
[INFO] --------------------< org.locationtech.jts:jts-io >---------------------
[INFO] Building org.locationtech.jts:jts-io 1.18.0-SNAPSHOT               [4/9]
[INFO] --------------------------------[ pom ]---------------------------------
[INFO] 
[INFO] ---------------< org.locationtech.jts.io:jts-io-common >----------------
[INFO] Building org.locationtech.jts.io:jts-io-common 1.18.0-SNAPSHOT     [5/9]
[INFO] --------------------------------[ jar ]---------------------------------
[INFO] 
[INFO] --- maven-resources-plugin:2.6:resources (default-resources) @ jts-io-common ---
[INFO] Using 'UTF-8' encoding to copy filtered resources.
[INFO] skip non existing resourceDirectory /workdir/jts/modules/io/common/src/main/resources
[INFO] 
[INFO] --- maven-compiler-plugin:3.1:compile (default-compile) @ jts-io-common ---
[INFO] Nothing to compile - all classes are up to date
[INFO] 
[INFO] --- maven-resources-plugin:2.6:testResources (default-testResources) @ jts-io-common ---
[INFO] Using 'UTF-8' encoding to copy filtered resources.
[INFO] skip non existing resourceDirectory /workdir/jts/modules/io/common/src/test/resources
[INFO] 
[INFO] --- maven-compiler-plugin:3.1:testCompile (default-testCompile) @ jts-io-common ---
[INFO] Nothing to compile - all classes are up to date
[INFO] 
[INFO] --- maven-surefire-plugin:2.15:test (default-test) @ jts-io-common ---
[INFO] Surefire report directory: /workdir/jts/modules/io/common/target/surefire-reports

-------------------------------------------------------
 T E S T S
-------------------------------------------------------
Running org.locationtech.jts.io.geojson.GeoJsonReaderTest
Tests run: 2, Failures: 0, Errors: 0, Skipped: 0, Time elapsed: 0.043 sec - in org.locationtech.jts.io.geojson.GeoJsonReaderTest
Running org.locationtech.jts.io.geojson.GeoJsonTest
Tests run: 13, Failures: 0, Errors: 0, Skipped: 0, Time elapsed: 0.018 sec - in org.locationtech.jts.io.geojson.GeoJsonTest
Running org.locationtech.jts.io.geojson.GeoJsonWriterTest
Tests run: 13, Failures: 0, Errors: 0, Skipped: 0, Time elapsed: 0.001 sec - in org.locationtech.jts.io.geojson.GeoJsonWriterTest

Results :

Tests run: 28, Failures: 0, Errors: 0, Skipped: 0

[INFO] 
[INFO] ------------------< org.locationtech.jts:jts-example >------------------
[INFO] Building org.locationtech.jts:jts-example 1.18.0-SNAPSHOT          [6/9]
[INFO] --------------------------------[ jar ]---------------------------------
[INFO] 
[INFO] --- maven-resources-plugin:2.6:resources (default-resources) @ jts-example ---
[INFO] Using 'UTF-8' encoding to copy filtered resources.
[INFO] skip non existing resourceDirectory /workdir/jts/modules/example/src/main/resources
[INFO] 
[INFO] --- maven-compiler-plugin:3.1:compile (default-compile) @ jts-example ---
[INFO] Nothing to compile - all classes are up to date
[INFO] 
[INFO] --- maven-resources-plugin:2.6:testResources (default-testResources) @ jts-example ---
[INFO] Using 'UTF-8' encoding to copy filtered resources.
[INFO] skip non existing resourceDirectory /workdir/jts/modules/example/src/test/resources
[INFO] 
[INFO] --- maven-compiler-plugin:3.1:testCompile (default-testCompile) @ jts-example ---
[INFO] No sources to compile
[INFO] 
[INFO] --- maven-surefire-plugin:2.15:test (default-test) @ jts-example ---
[INFO] No tests to run.
[INFO] 
[INFO] -------------------< org.locationtech.jts:jts-tests >-------------------
[INFO] Building org.locationtech.jts:jts-tests 1.18.0-SNAPSHOT            [7/9]
[INFO] --------------------------------[ jar ]---------------------------------
[INFO] 
[INFO] --- maven-resources-plugin:2.6:resources (default-resources) @ jts-tests ---
[INFO] Using 'UTF-8' encoding to copy filtered resources.
[INFO] skip non existing resourceDirectory /workdir/jts/modules/tests/src/main/resources
[INFO] 
[INFO] --- maven-compiler-plugin:3.1:compile (default-compile) @ jts-tests ---
[INFO] Nothing to compile - all classes are up to date
[INFO] 
[INFO] --- maven-resources-plugin:2.6:testResources (default-testResources) @ jts-tests ---
[INFO] Using 'UTF-8' encoding to copy filtered resources.
[INFO] Copying 127 resources
[INFO] 
[INFO] --- maven-compiler-plugin:3.1:testCompile (default-testCompile) @ jts-tests ---
[INFO] Nothing to compile - all classes are up to date
[INFO] 
[INFO] --- maven-surefire-plugin:2.15:test (default-test) @ jts-tests ---
[INFO] Surefire report directory: /workdir/jts/modules/tests/target/surefire-reports

-------------------------------------------------------
 T E S T S
-------------------------------------------------------
Running org.locationtech.jtstest.CoreGeometryXMLTest
Reading test file /workdir/jts/modules/tests/src/test/resources/testxml/general/TestValid.xml
Reading test file /workdir/jts/modules/tests/src/test/resources/testxml/general/TestNGOverlayA.xml
Reading test file /workdir/jts/modules/tests/src/test/resources/testxml/general/TestNGOverlayP.xml
Reading test file /workdir/jts/modules/tests/src/test/resources/testxml/general/TestCentroid.xml
Reading test file /workdir/jts/modules/tests/src/test/resources/testxml/general/TestRectanglePredicate.xml
Reading test file /workdir/jts/modules/tests/src/test/resources/testxml/general/TestNGOverlayPPrec.xml
Reading test file /workdir/jts/modules/tests/src/test/resources/testxml/general/TestUnaryUnionFloating.xml
Reading test file /workdir/jts/modules/tests/src/test/resources/testxml/general/TestPreparedPolygonPredicate.xml
Reading test file /workdir/jts/modules/tests/src/test/resources/testxml/general/TestRelatePL.xml
Reading test file /workdir/jts/modules/tests/src/test/resources/testxml/general/TestRelateAA.xml
Reading test file /workdir/jts/modules/tests/src/test/resources/testxml/general/TestOverlayLL.xml
Reading test file /workdir/jts/modules/tests/src/test/resources/testxml/general/TestOverlayPLPrec.xml
Reading test file /workdir/jts/modules/tests/src/test/resources/testxml/general/TestOverlayAA.xml
Reading test file /workdir/jts/modules/tests/src/test/resources/testxml/general/TestPolygonize.xml
Reading test file /workdir/jts/modules/tests/src/test/resources/testxml/general/TestBuffer.xml
Reading test file /workdir/jts/modules/tests/src/test/resources/testxml/general/TestRelatePP.xml
Reading test file /workdir/jts/modules/tests/src/test/resources/testxml/general/TestValid2.xml
Reading test file /workdir/jts/modules/tests/src/test/resources/testxml/general/TestOverlayLAPrec.xml
Reading test file /workdir/jts/modules/tests/src/test/resources/testxml/general/TestNGOverlayLPrec.xml
Reading test file /workdir/jts/modules/tests/src/test/resources/testxml/general/TestOverlayAAPrec.xml
Reading test file /workdir/jts/modules/tests/src/test/resources/testxml/general/TestEqualsExact.xml
Reading test file /workdir/jts/modules/tests/src/test/resources/testxml/general/TestMinimumClearance.xml
Reading test file /workdir/jts/modules/tests/src/test/resources/testxml/general/TestPreparedPredicatesWithGeometryCollection.xml
Reading test file /workdir/jts/modules/tests/src/test/resources/testxml/general/TestDensify.xml
Reading test file /workdir/jts/modules/tests/src/test/resources/testxml/general/TestNGOverlayAPrec.xml
Reading test file /workdir/jts/modules/tests/src/test/resources/testxml/general/TestConvexHull-big.xml
Reading test file /workdir/jts/modules/tests/src/test/resources/testxml/general/TestOverlayEmpty.xml
Reading test file /workdir/jts/modules/tests/src/test/resources/testxml/general/TestRelateLC.xml
Reading test file /workdir/jts/modules/tests/src/test/resources/testxml/general/TestPreparedPointPredicate.xml
Reading test file /workdir/jts/modules/tests/src/test/resources/testxml/general/TestRelateLL.xml
Reading test file /workdir/jts/modules/tests/src/test/resources/testxml/general/TestNGOverlayL.xml
Reading test file /workdir/jts/modules/tests/src/test/resources/testxml/general/TestBufferMitredJoin.xml
Reading test file /workdir/jts/modules/tests/src/test/resources/testxml/general/TestSimple.xml
Reading test file /workdir/jts/modules/tests/src/test/resources/testxml/general/TestConvexHull.xml
Reading test file /workdir/jts/modules/tests/src/test/resources/testxml/general/TestRelateLA.xml
Reading test file /workdir/jts/modules/tests/src/test/resources/testxml/general/TestDistance.xml
Reading test file /workdir/jts/modules/tests/src/test/resources/testxml/general/TestOverlayPL.xml
Reading test file /workdir/jts/modules/tests/src/test/resources/testxml/general/TestBoundary.xml
Reading test file /workdir/jts/modules/tests/src/test/resources/testxml/general/TestOverlayPP.xml
Reading test file /workdir/jts/modules/tests/src/test/resources/testxml/general/TestOverlayLLPrec.xml
Reading test file /workdir/jts/modules/tests/src/test/resources/testxml/general/TestRelateAC.xml
Reading test file /workdir/jts/modules/tests/src/test/resources/testxml/general/TestWithinDistance.xml
Reading test file /workdir/jts/modules/tests/src/test/resources/testxml/general/TestValid2-big.xml
Reading test file /workdir/jts/modules/tests/src/test/resources/testxml/general/TestUnaryUnion.xml
Reading test file /workdir/jts/modules/tests/src/test/resources/testxml/general/TestNGOverlayEmpty.xml
Reading test file /workdir/jts/modules/tests/src/test/resources/testxml/general/TestRelatePA.xml
Reading test file /workdir/jts/modules/tests/src/test/resources/testxml/general/TestInteriorPoint.xml
Reading test file /workdir/jts/modules/tests/src/test/resources/testxml/general/TestOverlayPA.xml
Reading test file /workdir/jts/modules/tests/src/test/resources/testxml/general/TestOverlayLA.xml
Reading test file /workdir/jts/modules/tests/src/test/resources/testxml/validate/TestRelateAA-big.xml
Reading test file /workdir/jts/modules/tests/src/test/resources/testxml/validate/TestRelatePL.xml
Reading test file /workdir/jts/modules/tests/src/test/resources/testxml/validate/TestRelateAA.xml
Reading test file /workdir/jts/modules/tests/src/test/resources/testxml/validate/TestRelatePP.xml
Reading test file /workdir/jts/modules/tests/src/test/resources/testxml/validate/TestRelateLC.xml
Reading test file /workdir/jts/modules/tests/src/test/resources/testxml/validate/TestRelateLL.xml
Reading test file /workdir/jts/modules/tests/src/test/resources/testxml/validate/TestRelateLA.xml
Reading test file /workdir/jts/modules/tests/src/test/resources/testxml/validate/TestRelateAC.xml
Reading test file /workdir/jts/modules/tests/src/test/resources/testxml/validate/TestRelatePA.xml
Running tests...


1921 cases with 7536 tests  --  7536 passed, 0 failed, 0 exceptions
Elapsed time: 0.893 seconds
Tests run: 1, Failures: 0, Errors: 0, Skipped: 0, Time elapsed: 0.946 sec - in org.locationtech.jtstest.CoreGeometryXMLTest

Results :

Tests run: 1, Failures: 0, Errors: 0, Skipped: 0

[INFO] 
[INFO] --------------------< org.locationtech.jts:jts-app >--------------------
[INFO] Building org.locationtech.jts:jts-app 1.18.0-SNAPSHOT              [8/9]
[INFO] --------------------------------[ jar ]---------------------------------
[INFO] 
[INFO] --- maven-resources-plugin:2.6:resources (default-resources) @ jts-app ---
[INFO] Using 'UTF-8' encoding to copy filtered resources.
[INFO] Copying 76 resources
[INFO] 
[INFO] --- maven-compiler-plugin:3.1:compile (default-compile) @ jts-app ---
[INFO] Nothing to compile - all classes are up to date
[INFO] 
[INFO] --- maven-resources-plugin:2.6:testResources (default-testResources) @ jts-app ---
[INFO] Using 'UTF-8' encoding to copy filtered resources.
[INFO] skip non existing resourceDirectory /workdir/jts/modules/app/src/test/resources
[INFO] 
[INFO] --- maven-compiler-plugin:3.1:testCompile (default-testCompile) @ jts-app ---
[INFO] Nothing to compile - all classes are up to date
[INFO] 
[INFO] --- maven-surefire-plugin:2.15:test (default-test) @ jts-app ---
[INFO] Surefire report directory: /workdir/jts/modules/app/target/surefire-reports

-------------------------------------------------------
 T E S T S
-------------------------------------------------------
Running org.locationtech.jtstest.testbuilder.geom.SegmentClipperTest
Tests run: 1, Failures: 0, Errors: 0, Skipped: 0, Time elapsed: 0.037 sec - in org.locationtech.jtstest.testbuilder.geom.SegmentClipperTest
Running org.locationtech.jtstest.testbuilder.geom.ConstrainedInteriorPointTest
Tests run: 4, Failures: 0, Errors: 0, Skipped: 0, Time elapsed: 0.014 sec - in org.locationtech.jtstest.testbuilder.geom.ConstrainedInteriorPointTest
Running org.locationtech.jtstest.TestReaderTest
Tests run: 1, Failures: 0, Errors: 0, Skipped: 0, Time elapsed: 0.002 sec - in org.locationtech.jtstest.TestReaderTest
Running org.locationtech.jtstest.TestBuilderTest
Tests run: 2, Failures: 0, Errors: 0, Skipped: 0, Time elapsed: 0.003 sec - in org.locationtech.jtstest.TestBuilderTest
Running org.locationtech.jtstest.cmd.JTSOpCmdTest
Tests run: 34, Failures: 0, Errors: 0, Skipped: 0, Time elapsed: 0.223 sec - in org.locationtech.jtstest.cmd.JTSOpCmdTest

Results :

Tests run: 42, Failures: 0, Errors: 0, Skipped: 0

[INFO] 
[INFO] --------------------< org.locationtech.jts:jts-lab >--------------------
[INFO] Building org.locationtech.jts:jts-lab 1.18.0-SNAPSHOT              [9/9]
[INFO] --------------------------------[ jar ]---------------------------------
[INFO] 
[INFO] --- maven-resources-plugin:2.6:resources (default-resources) @ jts-lab ---
[INFO] Using 'UTF-8' encoding to copy filtered resources.
[INFO] skip non existing resourceDirectory /workdir/jts/modules/lab/src/main/resources
[INFO] 
[INFO] --- maven-compiler-plugin:3.1:compile (default-compile) @ jts-lab ---
[INFO] Nothing to compile - all classes are up to date
[INFO] 
[INFO] --- maven-resources-plugin:2.6:testResources (default-testResources) @ jts-lab ---
[INFO] Using 'UTF-8' encoding to copy filtered resources.
[INFO] skip non existing resourceDirectory /workdir/jts/modules/lab/src/test/resources
[INFO] 
[INFO] --- maven-compiler-plugin:3.1:testCompile (default-testCompile) @ jts-lab ---
[INFO] Nothing to compile - all classes are up to date
[INFO] 
[INFO] --- maven-surefire-plugin:2.15:test (default-test) @ jts-lab ---
[INFO] Surefire report directory: /workdir/jts/modules/lab/target/surefire-reports

-------------------------------------------------------
 T E S T S
-------------------------------------------------------
Running org.locationtech.jtslab.clip.RectangleClipPolygonTest
Tests run: 3, Failures: 0, Errors: 0, Skipped: 0, Time elapsed: 0.07 sec - in org.locationtech.jtslab.clip.RectangleClipPolygonTest
Running org.locationtech.jtslab.clean.InvalidHoleRemoverTest
Tests run: 7, Failures: 0, Errors: 0, Skipped: 0, Time elapsed: 0.01 sec - in org.locationtech.jtslab.clean.InvalidHoleRemoverTest
Running org.locationtech.jtslab.clean.SmallHoleRemoverTest
Tests run: 6, Failures: 0, Errors: 0, Skipped: 0, Time elapsed: 0.006 sec - in org.locationtech.jtslab.clean.SmallHoleRemoverTest
Running org.locationtech.jts.geom.OctagonalEnvelopeTest
Tests run: 1, Failures: 0, Errors: 0, Skipped: 0, Time elapsed: 0.002 sec - in org.locationtech.jts.geom.OctagonalEnvelopeTest
Running org.locationtech.jts.hull.ConcaveHullTest
Tests run: 1, Failures: 0, Errors: 0, Skipped: 0, Time elapsed: 0.006 sec - in org.locationtech.jts.hull.ConcaveHullTest

Results :

Tests run: 18, Failures: 0, Errors: 0, Skipped: 0

[INFO] ------------------------------------------------------------------------
[INFO] Reactor Summary for JTS Topology Suite 1.18.0-SNAPSHOT:
[INFO] 
[INFO] JTS Topology Suite ................................. SUCCESS [  0.040 s]
[INFO] org.locationtech.jts:jts-modules ................... SUCCESS [  0.001 s]
[INFO] org.locationtech.jts:jts-core ...................... SUCCESS [  4.564 s]
[INFO] org.locationtech.jts:jts-io ........................ SUCCESS [  0.000 s]
[INFO] org.locationtech.jts.io:jts-io-common .............. SUCCESS [  0.466 s]
[INFO] org.locationtech.jts:jts-example ................... SUCCESS [  0.021 s]
[INFO] org.locationtech.jts:jts-tests ..................... SUCCESS [  1.169 s]
[INFO] org.locationtech.jts:jts-app ....................... SUCCESS [  0.524 s]
[INFO] org.locationtech.jts:jts-lab ....................... SUCCESS [  0.282 s]
[INFO] ------------------------------------------------------------------------
[INFO] BUILD SUCCESS
[INFO] ------------------------------------------------------------------------
[INFO] Total time:  7.650 s
[INFO] Finished at: 2021-02-15T03:16:33Z
[INFO] ------------------------------------------------------------------------
