[INFO] Scanning for projects...
[INFO] 
[INFO] -------------------< com.googlecode.aviator:aviator >-------------------
[INFO] Building aviator 5.1.5-SNAPSHOT
[INFO] --------------------------------[ jar ]---------------------------------
Downloading from central: https://repo.maven.apache.org/maven2/commons-beanutils/commons-beanutils/maven-metadata.xml
Downloading from sonatype-nexus-snapshots: http://oss.sonatype.org/content/repositories/snapshots/commons-beanutils/commons-beanutils/maven-metadata.xml
Progress (1): 877 B                   Downloaded from central: https://repo.maven.apache.org/maven2/commons-beanutils/commons-beanutils/maven-metadata.xml (877 B at 2.9 kB/s)
[INFO] 
[INFO] --- formatter-maven-plugin:2.9.0:format (default) @ aviator ---
[INFO] Using 'utf-8' encoding to format source files.
[INFO] Number of files to be formatted: 336
[INFO] Successfully formatted:          0 file(s)
[INFO] Fail to format:                  0 file(s)
[INFO] Skipped:                         336 file(s)
[INFO] Read only skipped:               0 file(s)
[INFO] Approximate time taken:          3s
[INFO] 
[INFO] --- maven-resources-plugin:2.6:resources (default-resources) @ aviator ---
[INFO] Using 'UTF-8' encoding to copy filtered resources.
[INFO] Copying 1 resource
[INFO] 
[INFO] --- maven-compiler-plugin:3.8.1:compile (default-compile) @ aviator ---
[INFO] Changes detected - recompiling the module!
[INFO] Compiling 230 source files to /workdir/aviatorscript/target/classes
[INFO] /workdir/aviatorscript/src/main/java/com/googlecode/aviator/asm/ClassReader.java: Some input files use or override a deprecated API.
[INFO] /workdir/aviatorscript/src/main/java/com/googlecode/aviator/asm/ClassReader.java: Recompile with -Xlint:deprecation for details.
[INFO] /workdir/aviatorscript/src/main/java/com/googlecode/aviator/utils/Reflector.java: Some input files use unchecked or unsafe operations.
[INFO] /workdir/aviatorscript/src/main/java/com/googlecode/aviator/utils/Reflector.java: Recompile with -Xlint:unchecked for details.
[INFO] 
[INFO] --- maven-resources-plugin:2.6:testResources (default-testResources) @ aviator ---
[INFO] Using 'UTF-8' encoding to copy filtered resources.
[INFO] Copying 68 resources
[INFO] 
[INFO] --- maven-compiler-plugin:3.8.1:testCompile (default-testCompile) @ aviator ---
[INFO] Changes detected - recompiling the module!
[INFO] Compiling 106 source files to /workdir/aviatorscript/target/test-classes
[INFO] /workdir/aviatorscript/src/test/java/com/googlecode/aviator/runtime/function/system/String2DateFunctionUnitTest.java: Some input files use or override a deprecated API.
[INFO] /workdir/aviatorscript/src/test/java/com/googlecode/aviator/runtime/function/system/String2DateFunctionUnitTest.java: Recompile with -Xlint:deprecation for details.
[INFO] /workdir/aviatorscript/src/test/java/com/googlecode/aviator/AviatorEvaluatorInstanceUnitTest.java: Some input files use unchecked or unsafe operations.
[INFO] /workdir/aviatorscript/src/test/java/com/googlecode/aviator/AviatorEvaluatorInstanceUnitTest.java: Recompile with -Xlint:unchecked for details.
[INFO] 
[INFO] --- maven-surefire-plugin:2.12.4:test (default-test) @ aviator ---
[INFO] Surefire report directory: /workdir/aviatorscript/target/surefire-reports

-------------------------------------------------------
 T E S T S
-------------------------------------------------------
Running com.googlecode.aviator.SimpleELPerformanceTest
Perf (a+b+100)*c*100
[Aviator INFO] Loading custom aviator function class: 'com.googlecode.aviator.runtime.function.custom.AddFunction'.
[Aviator INFO] Total 1 custom functions loaded.
time : 860
Perf a.b.c
time : 1,052
Perf string interpolation
time : 796
Perf (a+b+100)*c*100
time : 1,030
Perf a.b.c
time : 1,047
Perf string interpolation
time : 764
Perf (a+b+100)*c*100
time : 1,041
Perf a.b.c
time : 1,059
Perf string interpolation
time : 757
Perf (a+b+100)*c*100
time : 1,053
Perf a.b.c
time : 1,068
Perf string interpolation
time : 755
Perf (a+b+100)*c*100
time : 1,047
Perf a.b.c
time : 1,068
Perf string interpolation
time : 749
Perf (a+b+100)*c*100
time : 1,046
Perf a.b.c
time : 1,067
Perf string interpolation
time : 757
Perf (a+b+100)*c*100
time : 1,050
Perf a.b.c
time : 1,053
Perf string interpolation
time : 748
Perf (a+b+100)*c*100
time : 1,059
Perf a.b.c
time : 1,061
Perf string interpolation
time : 752
Perf (a+b+100)*c*100
time : 1,062
Perf a.b.c
time : 1,065
Perf string interpolation
time : 753
Perf (a+b+100)*c*100
time : 1,059
Perf a.b.c
time : 1,065
Perf string interpolation
time : 748
Tests run: 1, Failures: 0, Errors: 0, Skipped: 0, Time elapsed: 28.598 sec
Running com.googlecode.aviator.spring.SringContextFunctionLoaderTest
Feb 14, 2021 4:30:38 PM org.springframework.context.support.ClassPathXmlApplicationContext prepareRefresh
INFO: Refreshing org.springframework.context.support.ClassPathXmlApplicationContext@799f10e1: startup date [Sun Feb 14 16:30:38 UTC 2021]; root of context hierarchy
Feb 14, 2021 4:30:38 PM org.springframework.beans.factory.xml.XmlBeanDefinitionReader loadBeanDefinitions
INFO: Loading XML bean definitions from class path resource [context.xml]
Tests run: 1, Failures: 0, Errors: 0, Skipped: 0, Time elapsed: 0.351 sec
Running com.googlecode.aviator.scripts.TestScripts
Testing script new.av with args: []
Testing script string_interpolation.av with args: []
Testing script string_interpolation.av with args: []
Testing script let1.av with args: []
Testing script let2.av with args: []
Testing script let3.av with args: []
Testing script let4.av with args: []
Testing script let5.av with args: []
Testing script qsort.av with args: [a, [I@4b34fff9]
Testing script qsort.av with args: [a, [I@3e6f3f28]
Testing script qsort.av with args: [a, [I@7e19ebf0]
Testing script qsort.av with args: [a, [I@2474f125]
Testing script qsort.av with args: [a, [I@7357a011]
Testing script qsort.av with args: [a, [I@3406472c]
Testing script qsort.av with args: [a, [I@68f4865]
Testing script qsort.av with args: [a, [I@b978d10]
Testing script qsort.av with args: [a, [I@5b7a8434]
Testing script qsort.av with args: [a, [I@2ce6c6ec]
Testing script qsort.av with args: [a, [I@5026735c]
Testing script qsort.av with args: [a, [I@1b45c0e]
Testing script qsort.av with args: [a, [I@11f0a5a1]
Testing script qsort.av with args: [a, [I@10f7f7de]
Testing script qsort.av with args: [a, [I@73a8da0f]
Testing script qsort.av with args: [a, [I@50dfbc58]
Testing script qsort.av with args: [a, [I@4416d64f]
Testing script qsort.av with args: [a, [I@6bf08014]
Testing script qsort.av with args: [a, [I@5e3d57c7]
Testing script qsort.av with args: [a, [I@732d0d24]
Testing script qsort.av with args: [a, [I@1fb19a0]
Testing script qsort.av with args: [a, [I@6ee4d9ab]
Testing script qsort.av with args: [a, [I@5a5338df]
Testing script qsort.av with args: [a, [I@418c5a9c]
Testing script qsort.av with args: [a, [I@18e36d14]
Testing script qsort.av with args: [a, [I@5082d622]
Testing script qsort.av with args: [a, [I@13d4992d]
Testing script qsort.av with args: [a, [I@302f7971]
Testing script qsort.av with args: [a, [I@332729ad]
Testing script qsort.av with args: [a, [I@75d2da2d]
Testing script qsort.av with args: [a, [I@4278284b]
Testing script qsort.av with args: [a, [I@9573584]
Testing script qsort.av with args: [a, [I@3370f42]
Testing script qsort.av with args: [a, [I@6057aebb]
Testing script qsort.av with args: [a, [I@63eef88a]
Testing script qsort.av with args: [a, [I@53251a66]
Testing script qsort.av with args: [a, [I@6853425f]
Testing script qsort.av with args: [a, [I@352c1b98]
Testing script qsort.av with args: [a, [I@21129f1f]
Testing script qsort.av with args: [a, [I@5a9f4771]
Testing script qsort.av with args: [a, [I@282cb7c7]
Testing script qsort.av with args: [a, [I@7d898981]
Testing script qsort.av with args: [a, [I@48d61b48]
Testing script qsort.av with args: [a, [I@68d279ec]
Testing script qsort.av with args: [a, [I@258d79be]
Testing script qsort.av with args: [a, [I@14f9390f]
Testing script qsort.av with args: [a, [I@6c0d7c83]
Testing script qsort.av with args: [a, [I@176b75f7]
Testing script qsort.av with args: [a, [I@5965be2d]
Testing script qsort.av with args: [a, [I@409c54f]
Testing script qsort.av with args: [a, [I@3e74829]
Testing script qsort.av with args: [a, [I@4f6f416f]
Testing script qsort.av with args: [a, [I@3b8f0a79]
Testing script qsort.av with args: [a, [I@71e693fa]
Testing script qsort.av with args: [a, [I@48793bef]
Testing script qsort.av with args: [a, [I@7d286fb6]
Testing script qsort.av with args: [a, [I@3eb77ea8]
Testing script qsort.av with args: [a, [I@7b8b43c7]
Testing script qsort.av with args: [a, [I@7aaca91a]
Testing script qsort.av with args: [a, [I@44c73c26]
Testing script qsort.av with args: [a, [I@41005828]
Testing script qsort.av with args: [a, [I@60b4beb4]
Testing script qsort.av with args: [a, [I@7fcf2fc1]
Testing script qsort.av with args: [a, [I@2141a12]
Testing script qsort.av with args: [a, [I@4196c360]
Testing script qsort.av with args: [a, [I@41294f8]
Testing script qsort.av with args: [a, [I@225129c]
Testing script qsort.av with args: [a, [I@20435c40]
Testing script qsort.av with args: [a, [I@573906eb]
Testing script qsort.av with args: [a, [I@479ceda0]
Testing script qsort.av with args: [a, [I@6d07a63d]
Testing script qsort.av with args: [a, [I@571c5681]
Testing script qsort.av with args: [a, [I@488d1cd7]
Testing script qsort.av with args: [a, [I@68dc098b]
Testing script qsort.av with args: [a, [I@38ba6ce3]
Testing script qsort.av with args: [a, [I@d278d2b]
Testing script qsort.av with args: [a, [I@2d6c53fc]
Testing script qsort.av with args: [a, [I@25f4878b]
Testing script qsort.av with args: [a, [I@4e423aa2]
Testing script qsort.av with args: [a, [I@7fbdb894]
Testing script qsort.av with args: [a, [I@3081f72c]
Testing script qsort.av with args: [a, [I@3148f668]
Testing script qsort.av with args: [a, [I@6e005dc9]
Testing script qsort.av with args: [a, [I@7ceb3185]
Testing script qsort.av with args: [a, [I@436c81a3]
Testing script qsort.av with args: [a, [I@3561c410]
Testing script qsort.av with args: [a, [I@59e32960]
Testing script qsort.av with args: [a, [I@7c214cc0]
Testing script qsort.av with args: [a, [I@5b67bb7e]
Testing script qsort.av with args: [a, [I@609db546]
Testing script selection_sort.av with args: [a, [I@20f5281c]
Testing script selection_sort.av with args: [a, [I@1838ccb8]
Testing script selection_sort.av with args: [a, [I@6c2ed0cd]
Testing script selection_sort.av with args: [a, [I@f107c50]
Testing script selection_sort.av with args: [a, [I@51133c06]
Testing script selection_sort.av with args: [a, [I@4b213651]
Testing script selection_sort.av with args: [a, [I@60410cd]
Testing script selection_sort.av with args: [a, [I@95e33cc]
Testing script selection_sort.av with args: [a, [I@38604b81]
Testing script selection_sort.av with args: [a, [I@1e44b638]
Testing script selection_sort.av with args: [a, [I@31add175]
Testing script selection_sort.av with args: [a, [I@ae3540e]
Testing script selection_sort.av with args: [a, [I@600b9d27]
Testing script selection_sort.av with args: [a, [I@3688eb5b]
Testing script selection_sort.av with args: [a, [I@69f1a286]
Testing script selection_sort.av with args: [a, [I@7922d892]
Testing script selection_sort.av with args: [a, [I@457c9034]
Testing script selection_sort.av with args: [a, [I@345f69f3]
Testing script selection_sort.av with args: [a, [I@50de186c]
Testing script selection_sort.av with args: [a, [I@3f57bcad]
Testing script selection_sort.av with args: [a, [I@1e8b7643]
Testing script selection_sort.av with args: [a, [I@51549490]
Testing script selection_sort.av with args: [a, [I@71e9ebae]
Testing script selection_sort.av with args: [a, [I@73d983ea]
Testing script selection_sort.av with args: [a, [I@36a5cabc]
Testing script selection_sort.av with args: [a, [I@432038ec]
Testing script selection_sort.av with args: [a, [I@7daa0fbd]
Testing script selection_sort.av with args: [a, [I@42530531]
Testing script selection_sort.av with args: [a, [I@5a3bc7ed]
Testing script selection_sort.av with args: [a, [I@181e731e]
Testing script selection_sort.av with args: [a, [I@35645047]
Testing script selection_sort.av with args: [a, [I@6f44a157]
Testing script selection_sort.av with args: [a, [I@6bc407fd]
Testing script selection_sort.av with args: [a, [I@291f18]
Testing script selection_sort.av with args: [a, [I@17d88132]
Testing script selection_sort.av with args: [a, [I@5ddcc487]
Testing script selection_sort.av with args: [a, [I@16eccb2e]
Testing script selection_sort.av with args: [a, [I@5ef5c734]
Testing script selection_sort.av with args: [a, [I@d771cc9]
Testing script selection_sort.av with args: [a, [I@36b4091c]
Testing script selection_sort.av with args: [a, [I@4671115f]
Testing script selection_sort.av with args: [a, [I@36cda2c2]
Testing script selection_sort.av with args: [a, [I@3697186]
Testing script selection_sort.av with args: [a, [I@1583741e]
Testing script selection_sort.av with args: [a, [I@5b367418]
Testing script selection_sort.av with args: [a, [I@36060e]
Testing script selection_sort.av with args: [a, [I@481ba2cf]
Testing script selection_sort.av with args: [a, [I@46b61c56]
Testing script selection_sort.av with args: [a, [I@2e48362c]
Testing script selection_sort.av with args: [a, [I@1efe439d]
Testing script selection_sort.av with args: [a, [I@be68757]
Testing script selection_sort.av with args: [a, [I@7d446ed1]
Testing script selection_sort.av with args: [a, [I@12d2ce03]
Testing script selection_sort.av with args: [a, [I@7e5c856f]
Testing script selection_sort.av with args: [a, [I@413f69cc]
Testing script selection_sort.av with args: [a, [I@1f53a5dc]
Testing script selection_sort.av with args: [a, [I@1b75c2e3]
Testing script selection_sort.av with args: [a, [I@1984b1f]
Testing script selection_sort.av with args: [a, [I@3bd323e9]
Testing script selection_sort.av with args: [a, [I@39ac0c0a]
Testing script selection_sort.av with args: [a, [I@c7ba306]
Testing script selection_sort.av with args: [a, [I@4ff8d125]
Testing script selection_sort.av with args: [a, [I@6d167f58]
Testing script selection_sort.av with args: [a, [I@3403e2ac]
Testing script selection_sort.av with args: [a, [I@65b104b9]
Testing script selection_sort.av with args: [a, [I@6c4980d3]
Testing script selection_sort.av with args: [a, [I@327bcebd]
Testing script selection_sort.av with args: [a, [I@19c65cdc]
Testing script selection_sort.av with args: [a, [I@74bf1791]
Testing script selection_sort.av with args: [a, [I@54504ecd]
Testing script selection_sort.av with args: [a, [I@38b27cdc]
Testing script selection_sort.av with args: [a, [I@1339e7aa]
Testing script selection_sort.av with args: [a, [I@1fb669c3]
Testing script selection_sort.av with args: [a, [I@49c66ade]
Testing script selection_sort.av with args: [a, [I@6239aba6]
Testing script selection_sort.av with args: [a, [I@3e6104fc]
Testing script selection_sort.av with args: [a, [I@12359a82]
Testing script selection_sort.av with args: [a, [I@68df9280]
Testing script selection_sort.av with args: [a, [I@479460a6]
Testing script selection_sort.av with args: [a, [I@7164ca4c]
Testing script selection_sort.av with args: [a, [I@4f3bbf68]
Testing script selection_sort.av with args: [a, [I@5be46f9d]
Testing script selection_sort.av with args: [a, [I@3f91b517]
Testing script selection_sort.av with args: [a, [I@68702e03]
Testing script selection_sort.av with args: [a, [I@7a220c9a]
Testing script selection_sort.av with args: [a, [I@2421cc4]
Testing script selection_sort.av with args: [a, [I@30c93896]
Testing script selection_sort.av with args: [a, [I@59a008ba]
Testing script selection_sort.av with args: [a, [I@338c99c8]
Testing script selection_sort.av with args: [a, [I@21ba0741]
Testing script fibonacci.av with args: [n, 0]
Testing script fibonacci.av with args: [n, 1]
Testing script fibonacci.av with args: [n, 2]
Testing script fibonacci.av with args: [n, 10]
Testing script fibonacci.av with args: [n, 15]
Testing script fibonacci.av with args: [n, 20]
Testing script try_catch1.av with args: []
Testing script try_catch2.av with args: []
java.lang.ClassCastException: <Long, 3> is not a function
	at com.googlecode.aviator.runtime.function.FunctionUtils.getFunction(FunctionUtils.java:130)
	at com.googlecode.aviator.runtime.function.seq.SeqMapFunction.call(SeqMapFunction.java:50)
	at Script_1613320239315_170.execute0(try_catch2.av:2)
	at com.googlecode.aviator.ClassExpression.executeDirectly(ClassExpression.java:65)
	at Lambda_1613320239315_53.call(Unknown Source)
	at com.googlecode.aviator.runtime.function.internal.TryCatchFunction.call(TryCatchFunction.java:41)
	at Script_1613320239315_169.execute0(try_catch2.av:10)
	at com.googlecode.aviator.ClassExpression.executeDirectly(ClassExpression.java:65)
	at com.googlecode.aviator.BaseExpression.execute(BaseExpression.java:136)
	at com.googlecode.aviator.scripts.TestScripts.testScript(TestScripts.java:38)
	at com.googlecode.aviator.scripts.TestScripts.testTryCatch(TestScripts.java:288)
	at java.base/jdk.internal.reflect.NativeMethodAccessorImpl.invoke0(Native Method)
	at java.base/jdk.internal.reflect.NativeMethodAccessorImpl.invoke(NativeMethodAccessorImpl.java:62)
	at java.base/jdk.internal.reflect.DelegatingMethodAccessorImpl.invoke(DelegatingMethodAccessorImpl.java:43)
	at java.base/java.lang.reflect.Method.invoke(Method.java:566)
	at org.junit.internal.runners.TestMethodRunner.executeMethodBody(TestMethodRunner.java:99)
	at org.junit.internal.runners.TestMethodRunner.runUnprotected(TestMethodRunner.java:81)
	at org.junit.internal.runners.BeforeAndAfterRunner.runProtected(BeforeAndAfterRunner.java:34)
	at org.junit.internal.runners.TestMethodRunner.runMethod(TestMethodRunner.java:75)
	at org.junit.internal.runners.TestMethodRunner.run(TestMethodRunner.java:45)
	at org.junit.internal.runners.TestClassMethodsRunner.invokeTestMethod(TestClassMethodsRunner.java:66)
	at org.junit.internal.runners.TestClassMethodsRunner.run(TestClassMethodsRunner.java:35)
	at org.junit.internal.runners.TestClassRunner$1.runUnprotected(TestClassRunner.java:42)
	at org.junit.internal.runners.BeforeAndAfterRunner.runProtected(BeforeAndAfterRunner.java:34)
	at org.junit.internal.runners.TestClassRunner.run(TestClassRunner.java:52)
	at org.apache.maven.surefire.junit4.JUnit4Provider.execute(JUnit4Provider.java:252)
	at org.apache.maven.surefire.junit4.JUnit4Provider.executeTestSet(JUnit4Provider.java:141)
	at org.apache.maven.surefire.junit4.JUnit4Provider.invoke(JUnit4Provider.java:112)
	at java.base/jdk.internal.reflect.NativeMethodAccessorImpl.invoke0(Native Method)
	at java.base/jdk.internal.reflect.NativeMethodAccessorImpl.invoke(NativeMethodAccessorImpl.java:62)
	at java.base/jdk.internal.reflect.DelegatingMethodAccessorImpl.invoke(DelegatingMethodAccessorImpl.java:43)
	at java.base/java.lang.reflect.Method.invoke(Method.java:566)
	at org.apache.maven.surefire.util.ReflectionUtils.invokeMethodWithArray(ReflectionUtils.java:189)
	at org.apache.maven.surefire.booter.ProviderFactory$ProviderProxy.invoke(ProviderFactory.java:165)
	at org.apache.maven.surefire.booter.ProviderFactory.invokeProvider(ProviderFactory.java:85)
	at org.apache.maven.surefire.booter.ForkedBooter.runSuitesInProcess(ForkedBooter.java:115)
	at org.apache.maven.surefire.booter.ForkedBooter.main(ForkedBooter.java:75)
Testing script try_catch3.av with args: []
Testing script try_catch4.av with args: []
Testing script try_catch5.av with args: []
Testing script try_catch6.av with args: []
java.lang.ClassCastException: <Long, 3> is not a function
	at com.googlecode.aviator.runtime.function.FunctionUtils.getFunction(FunctionUtils.java:130)
	at com.googlecode.aviator.runtime.function.seq.SeqMapFunction.call(SeqMapFunction.java:50)
	at Script_1613320239335_194.execute0(try_catch6.av:2)
	at com.googlecode.aviator.ClassExpression.executeDirectly(ClassExpression.java:65)
	at Lambda_1613320239335_73.call(Unknown Source)
	at com.googlecode.aviator.runtime.function.internal.TryCatchFunction.call(TryCatchFunction.java:41)
	at Script_1613320239335_193.execute0(try_catch6.av:10)
	at com.googlecode.aviator.ClassExpression.executeDirectly(ClassExpression.java:65)
	at com.googlecode.aviator.BaseExpression.execute(BaseExpression.java:136)
	at com.googlecode.aviator.scripts.TestScripts.testScript(TestScripts.java:38)
	at com.googlecode.aviator.scripts.TestScripts.testTryCatch(TestScripts.java:295)
	at java.base/jdk.internal.reflect.NativeMethodAccessorImpl.invoke0(Native Method)
	at java.base/jdk.internal.reflect.NativeMethodAccessorImpl.invoke(NativeMethodAccessorImpl.java:62)
	at java.base/jdk.internal.reflect.DelegatingMethodAccessorImpl.invoke(DelegatingMethodAccessorImpl.java:43)
	at java.base/java.lang.reflect.Method.invoke(Method.java:566)
	at org.junit.internal.runners.TestMethodRunner.executeMethodBody(TestMethodRunner.java:99)
	at org.junit.internal.runners.TestMethodRunner.runUnprotected(TestMethodRunner.java:81)
	at org.junit.internal.runners.BeforeAndAfterRunner.runProtected(BeforeAndAfterRunner.java:34)
	at org.junit.internal.runners.TestMethodRunner.runMethod(TestMethodRunner.java:75)
	at org.junit.internal.runners.TestMethodRunner.run(TestMethodRunner.java:45)
	at org.junit.internal.runners.TestClassMethodsRunner.invokeTestMethod(TestClassMethodsRunner.java:66)
	at org.junit.internal.runners.TestClassMethodsRunner.run(TestClassMethodsRunner.java:35)
	at org.junit.internal.runners.TestClassRunner$1.runUnprotected(TestClassRunner.java:42)
	at org.junit.internal.runners.BeforeAndAfterRunner.runProtected(BeforeAndAfterRunner.java:34)
	at org.junit.internal.runners.TestClassRunner.run(TestClassRunner.java:52)
	at org.apache.maven.surefire.junit4.JUnit4Provider.execute(JUnit4Provider.java:252)
	at org.apache.maven.surefire.junit4.JUnit4Provider.executeTestSet(JUnit4Provider.java:141)
	at org.apache.maven.surefire.junit4.JUnit4Provider.invoke(JUnit4Provider.java:112)
	at java.base/jdk.internal.reflect.NativeMethodAccessorImpl.invoke0(Native Method)
	at java.base/jdk.internal.reflect.NativeMethodAccessorImpl.invoke(NativeMethodAccessorImpl.java:62)
	at java.base/jdk.internal.reflect.DelegatingMethodAccessorImpl.invoke(DelegatingMethodAccessorImpl.java:43)
	at java.base/java.lang.reflect.Method.invoke(Method.java:566)
	at org.apache.maven.surefire.util.ReflectionUtils.invokeMethodWithArray(ReflectionUtils.java:189)
	at org.apache.maven.surefire.booter.ProviderFactory$ProviderProxy.invoke(ProviderFactory.java:165)
	at org.apache.maven.surefire.booter.ProviderFactory.invokeProvider(ProviderFactory.java:85)
	at org.apache.maven.surefire.booter.ForkedBooter.runSuitesInProcess(ForkedBooter.java:115)
	at org.apache.maven.surefire.booter.ForkedBooter.main(ForkedBooter.java:75)
Testing script try_catch7.av with args: []
java.io.IOException: test
	at java.base/jdk.internal.reflect.NativeConstructorAccessorImpl.newInstance0(Native Method)
	at java.base/jdk.internal.reflect.NativeConstructorAccessorImpl.newInstance(NativeConstructorAccessorImpl.java:62)
	at java.base/jdk.internal.reflect.DelegatingConstructorAccessorImpl.newInstance(DelegatingConstructorAccessorImpl.java:45)
	at java.base/java.lang.reflect.Constructor.newInstance(Constructor.java:490)
	at com.googlecode.aviator.runtime.function.internal.NewInstanceFunction.variadicCall(NewInstanceFunction.java:68)
	at com.googlecode.aviator.runtime.function.AbstractVariadicFunction.call(AbstractVariadicFunction.java:71)
	at Script_1613320239340_200.execute0(try_catch7.av:2)
	at com.googlecode.aviator.ClassExpression.executeDirectly(ClassExpression.java:65)
	at Lambda_1613320239340_78.call(Unknown Source)
	at com.googlecode.aviator.runtime.function.internal.TryCatchFunction.call(TryCatchFunction.java:41)
	at Script_1613320239340_199.execute0(try_catch7.av:10)
	at com.googlecode.aviator.ClassExpression.executeDirectly(ClassExpression.java:65)
	at com.googlecode.aviator.BaseExpression.execute(BaseExpression.java:136)
	at com.googlecode.aviator.scripts.TestScripts.testScript(TestScripts.java:38)
	at com.googlecode.aviator.scripts.TestScripts.testTryCatch(TestScripts.java:296)
	at java.base/jdk.internal.reflect.NativeMethodAccessorImpl.invoke0(Native Method)
	at java.base/jdk.internal.reflect.NativeMethodAccessorImpl.invoke(NativeMethodAccessorImpl.java:62)
	at java.base/jdk.internal.reflect.DelegatingMethodAccessorImpl.invoke(DelegatingMethodAccessorImpl.java:43)
	at java.base/java.lang.reflect.Method.invoke(Method.java:566)
	at org.junit.internal.runners.TestMethodRunner.executeMethodBody(TestMethodRunner.java:99)
	at org.junit.internal.runners.TestMethodRunner.runUnprotected(TestMethodRunner.java:81)
	at org.junit.internal.runners.BeforeAndAfterRunner.runProtected(BeforeAndAfterRunner.java:34)
	at org.junit.internal.runners.TestMethodRunner.runMethod(TestMethodRunner.java:75)
	at org.junit.internal.runners.TestMethodRunner.run(TestMethodRunner.java:45)
	at org.junit.internal.runners.TestClassMethodsRunner.invokeTestMethod(TestClassMethodsRunner.java:66)
	at org.junit.internal.runners.TestClassMethodsRunner.run(TestClassMethodsRunner.java:35)
	at org.junit.internal.runners.TestClassRunner$1.runUnprotected(TestClassRunner.java:42)
	at org.junit.internal.runners.BeforeAndAfterRunner.runProtected(BeforeAndAfterRunner.java:34)
	at org.junit.internal.runners.TestClassRunner.run(TestClassRunner.java:52)
	at org.apache.maven.surefire.junit4.JUnit4Provider.execute(JUnit4Provider.java:252)
	at org.apache.maven.surefire.junit4.JUnit4Provider.executeTestSet(JUnit4Provider.java:141)
	at org.apache.maven.surefire.junit4.JUnit4Provider.invoke(JUnit4Provider.java:112)
	at java.base/jdk.internal.reflect.NativeMethodAccessorImpl.invoke0(Native Method)
	at java.base/jdk.internal.reflect.NativeMethodAccessorImpl.invoke(NativeMethodAccessorImpl.java:62)
	at java.base/jdk.internal.reflect.DelegatingMethodAccessorImpl.invoke(DelegatingMethodAccessorImpl.java:43)
	at java.base/java.lang.reflect.Method.invoke(Method.java:566)
	at org.apache.maven.surefire.util.ReflectionUtils.invokeMethodWithArray(ReflectionUtils.java:189)
	at org.apache.maven.surefire.booter.ProviderFactory$ProviderProxy.invoke(ProviderFactory.java:165)
	at org.apache.maven.surefire.booter.ProviderFactory.invokeProvider(ProviderFactory.java:85)
	at org.apache.maven.surefire.booter.ForkedBooter.runSuitesInProcess(ForkedBooter.java:115)
	at org.apache.maven.surefire.booter.ForkedBooter.main(ForkedBooter.java:75)
Testing script seq_entry.av with args: []
Testing script range.av with args: []
Testing script string_seq.av with args: []
Testing script string.av with args: []
Testing script scope1.av with args: []
Testing script scope2.av with args: []
Testing script comments.av with args: []
Testing script if_else1.av with args: []
Testing script if_else2.av with args: []
Testing script if_else3.av with args: []
Testing script if_else4.av with args: []
Testing script if_else5.av with args: []
Testing script if_else6.av with args: []
Testing script if_elsif1.av with args: [a, 2]
Testing script if_elsif1.av with args: [a, 11]
Testing script if_elsif1.av with args: [a, 101]
Testing script if_elsif2.av with args: [a, 2]
Testing script if_elsif2.av with args: [a, 11]
Testing script if_elsif2.av with args: [a, 101]
Testing script if_elsif3.av with args: [a, 8]
Testing script if_elsif3.av with args: [a, 12]
Testing script if_elsif3.av with args: [a, 112]
Testing script if_else7.av with args: []
Testing script if_else8.av with args: []
Testing script if_else9.av with args: []
Testing script if_else10.av with args: []
Testing script if_else_scope.av with args: [b, 101]
Testing script if_else_scope.av with args: [b, 11]
Testing script if_else_scope.av with args: [b, 1]
Testing script for1.av with args: []
Testing script for2.av with args: [a, 1]
Testing script for2.av with args: [a, 3]
Testing script for2.av with args: [a, 100]
Testing script for2.av with args: [a, -1]
Testing script for2.av with args: [a, 0]
Testing script for3.av with args: [a, 10]
Testing script for3.av with args: [a, 101]
Testing script for4.av with args: [a, 10]
Testing script for4.av with args: [a, 50]
Testing script for_break1.av with args: [a, 5]
Testing script for_break1.av with args: [a, 101]
Testing script for_break2.av with args: [a, 5]
Testing script for_break2.av with args: [a, 101]
Testing script for_break3.av with args: [a, 5]
Testing script for_break3.av with args: [a, 101]
Testing script for_break4.av with args: [a, 5]
Testing script for_break4.av with args: [a, 101]
Testing script for_break5.av with args: [a, 5]
Testing script for_break5.av with args: [a, 101]
Testing script for_continue1.av with args: [a, 101]
Testing script for_continue1.av with args: [a, 11]
Testing script for_continue1.av with args: [a, 12]
Testing script for_continue2.av with args: [a, 5]
Testing script for_continue2.av with args: [a, 101]
Testing script for_continue3.av with args: [a, 5]
Testing script for_continue3.av with args: [a, 101]
Testing script for_continue4.av with args: [a, 101]
Testing script for_continue4.av with args: [a, 51]
Testing script for_continue4.av with args: [a, 11]
Testing script for_continue4.av with args: [a, 12]
Testing script for_return1.av with args: []
Testing script for_return2.av with args: []
Testing script for_return3.av with args: []
Testing script for_return4.av with args: []
Testing script for5.av with args: []
Testing script for_null.av with args: []
Testing script for_null.av with args: [a, [I@295eaa7c]
Testing script while1.av with args: []
Testing script while2.av with args: []
Testing script while3.av with args: []
Testing script while4.av with args: []
Testing script while5.av with args: [a, 1, b, 10]
Testing script while6.av with args: []
rand_int(10)=8
Testing script while6.av with args: []
rand_int(10)=6
Testing script while6.av with args: []
rand_int(10)=6
Testing script while6.av with args: []
rand_int(10)=8
Testing script while6.av with args: []
rand_int(10)=7
Testing script while6.av with args: []
rand_int(10)=7
Testing script while6.av with args: []
rand_int(10)=5
Testing script while6.av with args: []
rand_int(10)=9
Testing script while6.av with args: []
rand_int(10)=7
Testing script while6.av with args: []
rand_int(10)=6
Testing script while7.av with args: []
Testing script while8.av with args: []
Tests run: 14, Failures: 0, Errors: 0, Skipped: 0, Time elapsed: 1.405 sec
Running com.googlecode.aviator.ScriptEngineTest
3
hello world
run
run
Tests run: 8, Failures: 0, Errors: 0, Skipped: 0, Time elapsed: 0.042 sec
Running com.googlecode.aviator.code.asm.ASMCodeGeneratorUnitTest
Tests run: 39, Failures: 0, Errors: 0, Skipped: 0, Time elapsed: 0.033 sec
Running com.googlecode.aviator.AviatorEvaluatorInstanceUnitTest
com.googlecode.aviator.utils.Env@72b16078{__instance__=com.googlecode.aviator.AviatorEvaluatorInstance@22c86919, __exp__=Script_1613320240029_563@70fab835, __env__=<this>}
[test.getClass, test.wait, test.hashCode, test.equals, test.notifyAll, test.toString, test.is_empty, test.notify]
com.googlecode.aviator.utils.Env@14bb2297{__instance__=com.googlecode.aviator.AviatorEvaluatorInstance@69adf72c, __exp__=Script_1613320240066_616@797501a, __env__=<this>, x=3, y=4}
com.googlecode.aviator.utils.Env@c1fca1e{__instance__=com.googlecode.aviator.AviatorEvaluatorInstance@69adf72c, __exp__=Script_1613320240066_616@797501a, __env__=<this>, x=8, y=9}
com.googlecode.aviator.utils.Env@70e659aa{__instance__=com.googlecode.aviator.AviatorEvaluatorInstance@69adf72c, __exp__=Script_1613320240066_616@797501a, __env__=<this>, x=8, y=9}
[Aviator WARN] compile lexeme `hecco` without caching, it may hurt performance and cause metaspace full gc, the stack:
	com.googlecode.aviator.runtime.type.AviatorString.warnOnCompile(AviatorString.java:162)
	com.googlecode.aviator.runtime.type.AviatorString.getLexeme(AviatorString.java:152)
	com.googlecode.aviator.runtime.type.AviatorString.getValue(AviatorString.java:50)
	com.googlecode.aviator.runtime.type.AviatorObject.desc(AviatorObject.java:114)
	com.googlecode.aviator.runtime.type.AviatorObject.toString(AviatorObject.java:75)
	java.base/java.lang.String.valueOf(String.java:2951)
	java.base/java.lang.StringBuilder.append(StringBuilder.java:168)
	com.googlecode.aviator.runtime.function.TraceFunction.traceResult(TraceFunction.java:39)
	com.googlecode.aviator.runtime.function.TraceFunction.call(TraceFunction.java:98)
	Script_1613320240080_640.execute0(Script_1613320240080_640:1)
	com.googlecode.aviator.ClassExpression.executeDirectly(ClassExpression.java:65)
	com.googlecode.aviator.BaseExpression.execute(BaseExpression.java:136)
	com.googlecode.aviator.AviatorEvaluatorInstance.execute(AviatorEvaluatorInstance.java:1482)
	com.googlecode.aviator.AviatorEvaluatorInstance.execute(AviatorEvaluatorInstance.java:1497)
	com.googlecode.aviator.AviatorEvaluatorInstance.execute(AviatorEvaluatorInstance.java:1533)
	com.googlecode.aviator.AviatorEvaluatorInstanceUnitTest.testTraceEval(AviatorEvaluatorInstanceUnitTest.java:523)
	java.base/jdk.internal.reflect.NativeMethodAccessorImpl.invoke0(Native Method)
	java.base/jdk.internal.reflect.NativeMethodAccessorImpl.invoke(NativeMethodAccessorImpl.java:62)
	java.base/jdk.internal.reflect.DelegatingMethodAccessorImpl.invoke(DelegatingMethodAccessorImpl.java:43)
	java.base/java.lang.reflect.Method.invoke(Method.java:566)
	org.junit.internal.runners.TestMethodRunner.executeMethodBody(TestMethodRunner.java:99)
	org.junit.internal.runners.TestMethodRunner.runUnprotected(TestMethodRunner.java:81)
	org.junit.internal.runners.BeforeAndAfterRunner.runProtected(BeforeAndAfterRunner.java:34)
	org.junit.internal.runners.TestMethodRunner.runMethod(TestMethodRunner.java:75)
	org.junit.internal.runners.TestMethodRunner.run(TestMethodRunner.java:45)
	org.junit.internal.runners.TestClassMethodsRunner.invokeTestMethod(TestClassMethodsRunner.java:66)
	org.junit.internal.runners.TestClassMethodsRunner.run(TestClassMethodsRunner.java:35)
	org.junit.internal.runners.TestClassRunner$1.runUnprotected(TestClassRunner.java:42)
	org.junit.internal.runners.BeforeAndAfterRunner.runProtected(BeforeAndAfterRunner.java:34)
	org.junit.internal.runners.TestClassRunner.run(TestClassRunner.java:52)
	org.apache.maven.surefire.junit4.JUnit4Provider.execute(JUnit4Provider.java:252)
	org.apache.maven.surefire.junit4.JUnit4Provider.executeTestSet(JUnit4Provider.java:141)
	org.apache.maven.surefire.junit4.JUnit4Provider.invoke(JUnit4Provider.java:112)
	java.base/jdk.internal.reflect.NativeMethodAccessorImpl.invoke0(Native Method)
	java.base/jdk.internal.reflect.NativeMethodAccessorImpl.invoke(NativeMethodAccessorImpl.java:62)
	java.base/jdk.internal.reflect.DelegatingMethodAccessorImpl.invoke(DelegatingMethodAccessorImpl.java:43)
	java.base/java.lang.reflect.Method.invoke(Method.java:566)
	org.apache.maven.surefire.util.ReflectionUtils.invokeMethodWithArray(ReflectionUtils.java:189)
	org.apache.maven.surefire.booter.ProviderFactory$ProviderProxy.invoke(ProviderFactory.java:165)
	org.apache.maven.surefire.booter.ProviderFactory.invokeProvider(ProviderFactory.java:85)
	org.apache.maven.surefire.booter.ForkedBooter.runSuitesInProcess(ForkedBooter.java:115)
	org.apache.maven.surefire.booter.ForkedBooter.main(ForkedBooter.java:75)

Tests run: 41, Failures: 0, Errors: 0, Skipped: 0, Time elapsed: 0.067 sec
Running com.googlecode.aviator.JavaMethodReflectionFunctionMissingTest
custom function:5388890, cost: 66 ms.
function missing:5388890, cost: 171 ms.
imported function:5388890, cost: 101 ms.
Tests run: 4, Failures: 0, Errors: 0, Skipped: 0, Time elapsed: 0.823 sec
Running com.googlecode.aviator.runtime.type.AviatorPatternUnitTest
Tests run: 22, Failures: 0, Errors: 0, Skipped: 0, Time elapsed: 0.011 sec
Running com.googlecode.aviator.runtime.type.AviatorStringUnitTest
Tests run: 18, Failures: 0, Errors: 0, Skipped: 0, Time elapsed: 0.02 sec
Running com.googlecode.aviator.runtime.type.AviatorJavaTypeUnitTest
4.4
Tests run: 31, Failures: 0, Errors: 0, Skipped: 0, Time elapsed: 0.012 sec
Running com.googlecode.aviator.runtime.type.AviatorNilUnitTest
Tests run: 2, Failures: 0, Errors: 0, Skipped: 0, Time elapsed: 0.002 sec
Running com.googlecode.aviator.runtime.type.AviatorNumberUnitTest
Tests run: 28, Failures: 0, Errors: 0, Skipped: 0, Time elapsed: 0.013 sec
Running com.googlecode.aviator.runtime.type.AviatorBooleanUnitTest
Tests run: 11, Failures: 0, Errors: 0, Skipped: 0, Time elapsed: 0.003 sec
Running com.googlecode.aviator.runtime.function.custom.CustomFunctionUnitTest
getFirstNonNull(i0,i1,i2,i3,i4,i5,i6,i7,i8,i9,i10,i11,i12,i13,i14,i15,i16,i17,i18,i19,i20,i21,i22,i23,i24,i25,i26,i27,i28,i29, getFirstNonNull(i0,i1,i2,i3,i4,i5,i6,i7,i8,i9,i10,i11,i12,i13,i14,i15,i16,i17,i18,i19,i20,i21,i22,i23,i24,i25,i26,i27,i28,i29,last))
Tests run: 5, Failures: 0, Errors: 0, Skipped: 0, Time elapsed: 0.008 sec
Running com.googlecode.aviator.runtime.function.math.MathCosFunctionUnitTest
Tests run: 6, Failures: 0, Errors: 0, Skipped: 0, Time elapsed: 0.002 sec
Running com.googlecode.aviator.runtime.function.math.MathTanFunctionUnitTest
Tests run: 6, Failures: 0, Errors: 0, Skipped: 0, Time elapsed: 0.002 sec
Running com.googlecode.aviator.runtime.function.math.MathRoundFunctionUnitTest
Tests run: 6, Failures: 0, Errors: 0, Skipped: 0, Time elapsed: 0.002 sec
Running com.googlecode.aviator.runtime.function.math.MathPowFunctionUnitTest
Tests run: 6, Failures: 0, Errors: 0, Skipped: 0, Time elapsed: 0.003 sec
Running com.googlecode.aviator.runtime.function.math.MathLogFunctionUnitTest
Tests run: 6, Failures: 0, Errors: 0, Skipped: 0, Time elapsed: 0.067 sec
Running com.googlecode.aviator.runtime.function.math.MathAbsFunctionUnitTest
Tests run: 6, Failures: 0, Errors: 0, Skipped: 0, Time elapsed: 0 sec
Running com.googlecode.aviator.runtime.function.math.MathSqrtFunctionUnitTest
Tests run: 6, Failures: 0, Errors: 0, Skipped: 0, Time elapsed: 0 sec
Running com.googlecode.aviator.runtime.function.math.MathLog10FunctionUnitTest
Tests run: 6, Failures: 0, Errors: 0, Skipped: 0, Time elapsed: 0 sec
Running com.googlecode.aviator.runtime.function.math.MathSinFunctionUnitTest
Tests run: 6, Failures: 0, Errors: 0, Skipped: 0, Time elapsed: 0.001 sec
Running com.googlecode.aviator.runtime.function.seq.SeqReduceFunctionUnitTest
Tests run: 6, Failures: 0, Errors: 0, Skipped: 0, Time elapsed: 0.013 sec
Running com.googlecode.aviator.runtime.function.seq.SeqMapFunctionUnitTest
Tests run: 4, Failures: 0, Errors: 0, Skipped: 0, Time elapsed: 0.003 sec
Running com.googlecode.aviator.runtime.function.seq.SeqIncludeFunctionUnitTest
Tests run: 2, Failures: 0, Errors: 0, Skipped: 0, Time elapsed: 0.001 sec
Running com.googlecode.aviator.runtime.function.seq.SeqPredicateFunctionUnitTest
Tests run: 9, Failures: 0, Errors: 0, Skipped: 0, Time elapsed: 0.008 sec
Running com.googlecode.aviator.runtime.function.seq.SeqCountFunctionUnitTest
Tests run: 4, Failures: 0, Errors: 0, Skipped: 0, Time elapsed: 0.004 sec
Running com.googlecode.aviator.runtime.function.seq.SeqSortFunctionUnitTest
[9, 8, 7, 6, 5, 4, 3, 2, 1, 0]
[0, 1, 2, 3, 4, 5, 6, 7, 8, 9]
Tests run: 3, Failures: 0, Errors: 0, Skipped: 0, Time elapsed: 0.003 sec
Running com.googlecode.aviator.runtime.function.seq.SeqMakePredicateFunctionUnitTest
Tests run: 2, Failures: 0, Errors: 0, Skipped: 0, Time elapsed: 0.001 sec
Running com.googlecode.aviator.runtime.function.seq.SeqFilterFunctionUnitTest
Tests run: 4, Failures: 0, Errors: 0, Skipped: 0, Time elapsed: 0.006 sec
Running com.googlecode.aviator.runtime.function.system.BinaryFunctionUnitTest
Tests run: 7, Failures: 0, Errors: 0, Skipped: 0, Time elapsed: 0.004 sec
Running com.googlecode.aviator.runtime.function.system.RandomFunctionUnitTest
Tests run: 2, Failures: 0, Errors: 0, Skipped: 0, Time elapsed: 0.005 sec
Running com.googlecode.aviator.runtime.function.system.PrintFunctionUnitTest
Tests run: 4, Failures: 0, Errors: 0, Skipped: 0, Time elapsed: 0.001 sec
Running com.googlecode.aviator.runtime.function.system.Date2StringFunctionUnitTest
Tests run: 2, Failures: 0, Errors: 0, Skipped: 0, Time elapsed: 0.005 sec
Running com.googlecode.aviator.runtime.function.system.NowFunctionUnitTest
Tests run: 2, Failures: 0, Errors: 0, Skipped: 0, Time elapsed: 0.001 sec
Running com.googlecode.aviator.runtime.function.system.SysDateFunctionUnitTest
Tests run: 2, Failures: 0, Errors: 0, Skipped: 0, Time elapsed: 0.002 sec
Running com.googlecode.aviator.runtime.function.system.PrintlnFunctionUnitTest
Tests run: 4, Failures: 0, Errors: 0, Skipped: 0, Time elapsed: 0.002 sec
Running com.googlecode.aviator.runtime.function.system.String2DateFunctionUnitTest
Tests run: 2, Failures: 0, Errors: 0, Skipped: 0, Time elapsed: 0.001 sec
Running com.googlecode.aviator.runtime.function.FunctionUtilsUnitTest
Tests run: 3, Failures: 0, Errors: 0, Skipped: 0, Time elapsed: 0.001 sec
Running com.googlecode.aviator.runtime.function.string.StringContainsFunctionUnitTest
Tests run: 8, Failures: 0, Errors: 0, Skipped: 0, Time elapsed: 0.004 sec
Running com.googlecode.aviator.runtime.function.string.StringSubstringWithFunctionUnitTest
Tests run: 8, Failures: 0, Errors: 0, Skipped: 0, Time elapsed: 0.004 sec
Running com.googlecode.aviator.runtime.function.string.StringReplaceFunctionUnitTest
Tests run: 2, Failures: 0, Errors: 0, Skipped: 0, Time elapsed: 0.005 sec
Running com.googlecode.aviator.runtime.function.string.StringStartsWithFunctionUnitTest
Tests run: 1, Failures: 0, Errors: 0, Skipped: 0, Time elapsed: 0.001 sec
Running com.googlecode.aviator.runtime.function.string.StringLengthFunctionUnitTest
Tests run: 7, Failures: 0, Errors: 0, Skipped: 0, Time elapsed: 0.002 sec
Running com.googlecode.aviator.runtime.function.string.StringEndsWithFunctionUnitTest
Tests run: 8, Failures: 0, Errors: 0, Skipped: 0, Time elapsed: 0 sec
Running com.googlecode.aviator.runtime.function.string.StringSplitJointFunctionUnitTest
Tests run: 2, Failures: 0, Errors: 0, Skipped: 0, Time elapsed: 0 sec
Running com.googlecode.aviator.runtime.function.string.StringIndexOfFunctionUnitTest
Tests run: 8, Failures: 0, Errors: 0, Skipped: 0, Time elapsed: 0.003 sec
Running com.googlecode.aviator.AviatorEvaluatorUnitTest
Tests run: 15, Failures: 0, Errors: 0, Skipped: 0, Time elapsed: 0.018 sec
Running com.googlecode.aviator.parser.AviatorClassLoaderUnitTest
Tests run: 1, Failures: 0, Errors: 0, Skipped: 0, Time elapsed: 3.051 sec
Running com.googlecode.aviator.parser.ExpressionParserUnitTest
true
Tests run: 75, Failures: 0, Errors: 0, Skipped: 0, Time elapsed: 0.047 sec
Running com.googlecode.aviator.LambdaUnitTest
Tests run: 8, Failures: 0, Errors: 0, Skipped: 0, Time elapsed: 0.028 sec
Running com.googlecode.aviator.AviatorEvaluatorInstanceCompatibleUnitTest
com.googlecode.aviator.utils.Env@5927fc8e{__instance__=com.googlecode.aviator.AviatorEvaluatorInstance@4eeda18f, __exp__=Script_1613320244329_10767@268c4507, __env__=<this>}
[test.getClass, test.wait, test.hashCode, test.equals, test.notifyAll, test.toString, test.is_empty, test.notify]
com.googlecode.aviator.utils.Env@6bcc277a{__instance__=com.googlecode.aviator.AviatorEvaluatorInstance@321f97d9, __exp__=Script_1613320244362_10820@3a4e3343, __env__=<this>, x=3, y=4}
com.googlecode.aviator.utils.Env@3d49b00e{__instance__=com.googlecode.aviator.AviatorEvaluatorInstance@321f97d9, __exp__=Script_1613320244362_10820@3a4e3343, __env__=<this>, x=8, y=9}
com.googlecode.aviator.utils.Env@479f5c35{__instance__=com.googlecode.aviator.AviatorEvaluatorInstance@321f97d9, __exp__=Script_1613320244362_10820@3a4e3343, __env__=<this>, x=8, y=9}
Tests run: 42, Failures: 0, Errors: 0, Skipped: 0, Time elapsed: 0.07 sec
Running com.googlecode.aviator.lexer.ExpressionLexerUnitTest
Tests run: 41, Failures: 0, Errors: 0, Skipped: 0, Time elapsed: 0.006 sec
Running com.googlecode.aviator.test.function.FunctionTest
[FunctionArgument [index=0, expression=1], FunctionArgument [index=1, expression=2], FunctionArgument [index=2, expression=100+2]]
[FunctionArgument [index=0, expression=sum], FunctionArgument [index=1, expression=a], FunctionArgument [index=2, expression='hello'], FunctionArgument [index=3, expression=4+100]]
[FunctionArgument [index=0, expression=sum], FunctionArgument [index=1, expression=a], FunctionArgument [index=2, expression='hello'], FunctionArgument [index=3, expression=4+100]]
class java.lang.Double
[Aviator TRACE] Func   : sysdate()
[Aviator TRACE] Result : <JavaType, A_1025536, Sun Feb 14 16:30:44 UTC 2021, java.util.Date>
[Aviator TRACE] Result : Sun Feb 14 16:30:44 UTC 2021
[Aviator TRACE] Func   : now()
[Aviator TRACE] Result : <Long, 1613320244423>
[Aviator TRACE] Result : 1613320244423
[Aviator TRACE] Func   : rand()
[Aviator TRACE] Result : <Double, 0.34141980983102116>
[Aviator TRACE] Result : 0.34141980983102116
[Aviator TRACE] Func   : rand(<Long, 100>)
[Aviator TRACE] Result : <Long, 64>
[Aviator TRACE] Result : 64
[Aviator TRACE] Func   : rand()
[Aviator TRACE] Result : <Double, 0.91111372539373>
[Aviator TRACE] Result : 0.91111372539373
3.333333333333333E19
5
6
Tests run: 49, Failures: 0, Errors: 0, Skipped: 0, Time elapsed: 0.172 sec
Running com.googlecode.aviator.test.function.GrammarUnitTest
com.googlecode.aviator.exception.ExpressionSyntaxErrorException: Syntax error: expect '}' to complete string interpolation at 3, lineNumber: 1, token : null,
while parsing expression: `
1+2^^^
`
	at com.googlecode.aviator.AviatorEvaluatorInstance.compileStringSegments(AviatorEvaluatorInstance.java:1613)
	at com.googlecode.aviator.BaseExpression$1.call(BaseExpression.java:65)
	at com.googlecode.aviator.BaseExpression$1.call(BaseExpression.java:61)
	at java.base/java.util.concurrent.FutureTask.run(FutureTask.java:264)
	at com.googlecode.aviator.BaseExpression.getStringSegements(BaseExpression.java:74)
	at com.googlecode.aviator.runtime.type.AviatorString.getLexeme(AviatorString.java:149)
	at com.googlecode.aviator.runtime.type.AviatorString.getValue(AviatorString.java:50)
	at Script_1613320244615_11471.execute0(Script_1613320244615_11471:1)
	at com.googlecode.aviator.ClassExpression.executeDirectly(ClassExpression.java:65)
	at com.googlecode.aviator.BaseExpression.execute(BaseExpression.java:136)
	at com.googlecode.aviator.AviatorEvaluatorInstance.execute(AviatorEvaluatorInstance.java:1482)
	at com.googlecode.aviator.AviatorEvaluator.execute(AviatorEvaluator.java:517)
	at com.googlecode.aviator.AviatorEvaluator.execute(AviatorEvaluator.java:529)
	at com.googlecode.aviator.AviatorEvaluator.execute(AviatorEvaluator.java:550)
	at com.googlecode.aviator.test.function.GrammarUnitTest.testStringInterpolation(GrammarUnitTest.java:222)
	at java.base/jdk.internal.reflect.NativeMethodAccessorImpl.invoke0(Native Method)
	at java.base/jdk.internal.reflect.NativeMethodAccessorImpl.invoke(NativeMethodAccessorImpl.java:62)
	at java.base/jdk.internal.reflect.DelegatingMethodAccessorImpl.invoke(DelegatingMethodAccessorImpl.java:43)
	at java.base/java.lang.reflect.Method.invoke(Method.java:566)
	at org.junit.internal.runners.TestMethodRunner.executeMethodBody(TestMethodRunner.java:99)
	at org.junit.internal.runners.TestMethodRunner.runUnprotected(TestMethodRunner.java:81)
	at org.junit.internal.runners.BeforeAndAfterRunner.runProtected(BeforeAndAfterRunner.java:34)
	at org.junit.internal.runners.TestMethodRunner.runMethod(TestMethodRunner.java:75)
	at org.junit.internal.runners.TestMethodRunner.run(TestMethodRunner.java:45)
	at org.junit.internal.runners.TestClassMethodsRunner.invokeTestMethod(TestClassMethodsRunner.java:66)
	at org.junit.internal.runners.TestClassMethodsRunner.run(TestClassMethodsRunner.java:35)
	at org.junit.internal.runners.TestClassRunner$1.runUnprotected(TestClassRunner.java:42)
	at org.junit.internal.runners.BeforeAndAfterRunner.runProtected(BeforeAndAfterRunner.java:34)
	at org.junit.internal.runners.TestClassRunner.run(TestClassRunner.java:52)
	at org.apache.maven.surefire.junit4.JUnit4Provider.execute(JUnit4Provider.java:252)
	at org.apache.maven.surefire.junit4.JUnit4Provider.executeTestSet(JUnit4Provider.java:141)
	at org.apache.maven.surefire.junit4.JUnit4Provider.invoke(JUnit4Provider.java:112)
	at java.base/jdk.internal.reflect.NativeMethodAccessorImpl.invoke0(Native Method)
	at java.base/jdk.internal.reflect.NativeMethodAccessorImpl.invoke(NativeMethodAccessorImpl.java:62)
	at java.base/jdk.internal.reflect.DelegatingMethodAccessorImpl.invoke(DelegatingMethodAccessorImpl.java:43)
	at java.base/java.lang.reflect.Method.invoke(Method.java:566)
	at org.apache.maven.surefire.util.ReflectionUtils.invokeMethodWithArray(ReflectionUtils.java:189)
	at org.apache.maven.surefire.booter.ProviderFactory$ProviderProxy.invoke(ProviderFactory.java:165)
	at org.apache.maven.surefire.booter.ProviderFactory.invokeProvider(ProviderFactory.java:85)
	at org.apache.maven.surefire.booter.ForkedBooter.runSuitesInProcess(ForkedBooter.java:115)
	at org.apache.maven.surefire.booter.ForkedBooter.main(ForkedBooter.java:75)
com.googlecode.aviator.exception.ExpressionSyntaxErrorException: Syntax error: invalid token at 2, lineNumber: 1, token : [type='Char',lexeme='*',index=2],
while parsing expression: `
1+*2^^^
`
	at com.googlecode.aviator.AviatorEvaluatorInstance.compileStringSegments(AviatorEvaluatorInstance.java:1609)
	at com.googlecode.aviator.BaseExpression$1.call(BaseExpression.java:65)
	at com.googlecode.aviator.BaseExpression$1.call(BaseExpression.java:61)
	at java.base/java.util.concurrent.FutureTask.run(FutureTask.java:264)
	at com.googlecode.aviator.BaseExpression.getStringSegements(BaseExpression.java:74)
	at com.googlecode.aviator.runtime.type.AviatorString.getLexeme(AviatorString.java:149)
	at com.googlecode.aviator.runtime.type.AviatorString.getValue(AviatorString.java:50)
	at Script_1613320244616_11473.execute0(Script_1613320244616_11473:1)
	at com.googlecode.aviator.ClassExpression.executeDirectly(ClassExpression.java:65)
	at com.googlecode.aviator.BaseExpression.execute(BaseExpression.java:136)
	at com.googlecode.aviator.AviatorEvaluatorInstance.execute(AviatorEvaluatorInstance.java:1482)
	at com.googlecode.aviator.AviatorEvaluator.execute(AviatorEvaluator.java:517)
	at com.googlecode.aviator.AviatorEvaluator.execute(AviatorEvaluator.java:529)
	at com.googlecode.aviator.AviatorEvaluator.execute(AviatorEvaluator.java:550)
	at com.googlecode.aviator.test.function.GrammarUnitTest.testStringInterpolation(GrammarUnitTest.java:228)
	at java.base/jdk.internal.reflect.NativeMethodAccessorImpl.invoke0(Native Method)
	at java.base/jdk.internal.reflect.NativeMethodAccessorImpl.invoke(NativeMethodAccessorImpl.java:62)
	at java.base/jdk.internal.reflect.DelegatingMethodAccessorImpl.invoke(DelegatingMethodAccessorImpl.java:43)
	at java.base/java.lang.reflect.Method.invoke(Method.java:566)
	at org.junit.internal.runners.TestMethodRunner.executeMethodBody(TestMethodRunner.java:99)
	at org.junit.internal.runners.TestMethodRunner.runUnprotected(TestMethodRunner.java:81)
	at org.junit.internal.runners.BeforeAndAfterRunner.runProtected(BeforeAndAfterRunner.java:34)
	at org.junit.internal.runners.TestMethodRunner.runMethod(TestMethodRunner.java:75)
	at org.junit.internal.runners.TestMethodRunner.run(TestMethodRunner.java:45)
	at org.junit.internal.runners.TestClassMethodsRunner.invokeTestMethod(TestClassMethodsRunner.java:66)
	at org.junit.internal.runners.TestClassMethodsRunner.run(TestClassMethodsRunner.java:35)
	at org.junit.internal.runners.TestClassRunner$1.runUnprotected(TestClassRunner.java:42)
	at org.junit.internal.runners.BeforeAndAfterRunner.runProtected(BeforeAndAfterRunner.java:34)
	at org.junit.internal.runners.TestClassRunner.run(TestClassRunner.java:52)
	at org.apache.maven.surefire.junit4.JUnit4Provider.execute(JUnit4Provider.java:252)
	at org.apache.maven.surefire.junit4.JUnit4Provider.executeTestSet(JUnit4Provider.java:141)
	at org.apache.maven.surefire.junit4.JUnit4Provider.invoke(JUnit4Provider.java:112)
	at java.base/jdk.internal.reflect.NativeMethodAccessorImpl.invoke0(Native Method)
	at java.base/jdk.internal.reflect.NativeMethodAccessorImpl.invoke(NativeMethodAccessorImpl.java:62)
	at java.base/jdk.internal.reflect.DelegatingMethodAccessorImpl.invoke(DelegatingMethodAccessorImpl.java:43)
	at java.base/java.lang.reflect.Method.invoke(Method.java:566)
	at org.apache.maven.surefire.util.ReflectionUtils.invokeMethodWithArray(ReflectionUtils.java:189)
	at org.apache.maven.surefire.booter.ProviderFactory$ProviderProxy.invoke(ProviderFactory.java:165)
	at org.apache.maven.surefire.booter.ProviderFactory.invokeProvider(ProviderFactory.java:85)
	at org.apache.maven.surefire.booter.ForkedBooter.runSuitesInProcess(ForkedBooter.java:115)
	at org.apache.maven.surefire.booter.ForkedBooter.main(ForkedBooter.java:75)
[Aviator WARN] The function 'string.getFromJsonMap' is already exists, but is replaced with new one.
5
Tests run: 58, Failures: 0, Errors: 0, Skipped: 0, Time elapsed: 0.176 sec
Running com.googlecode.aviator.test.function.QuoteVarTest
Tests run: 1, Failures: 0, Errors: 0, Skipped: 0, Time elapsed: 0.003 sec
Running com.googlecode.aviator.test.function.OperatorFunctionTest
Tests run: 3, Failures: 0, Errors: 0, Skipped: 0, Time elapsed: 0.011 sec
Running com.googlecode.aviator.utils.SyncLRUMapUnitTest
{9990=9990, 9991=9991, 9992=9992, 9993=9993, 9994=9994, 9995=9995, 9996=9996, 9997=9997, 9998=9998, 9999=9999}
Tests run: 3, Failures: 0, Errors: 0, Skipped: 0, Time elapsed: 0.27 sec
Running com.googlecode.aviator.utils.VarNameGeneratorTest
Tests run: 2, Failures: 0, Errors: 0, Skipped: 0, Time elapsed: 0 sec
Running com.googlecode.aviator.utils.LRUMapUnitTest
Tests run: 2, Failures: 0, Errors: 0, Skipped: 0, Time elapsed: 0 sec

Results :

Tests run: 685, Failures: 0, Errors: 0, Skipped: 0

[INFO] ------------------------------------------------------------------------
[INFO] BUILD SUCCESS
[INFO] ------------------------------------------------------------------------
[INFO] Total time:  47.035 s
[INFO] Finished at: 2021-02-14T16:30:45Z
[INFO] ------------------------------------------------------------------------
