[INFO] Scanning for projects...
[INFO] 
[INFO] -------------------< com.googlecode.aviator:aviator >-------------------
[INFO] Building aviator 5.1.5-SNAPSHOT
[INFO] --------------------------------[ jar ]---------------------------------
[INFO] 
[INFO] --- formatter-maven-plugin:2.9.0:format (default) @ aviator ---
[INFO] Using 'utf-8' encoding to format source files.
[INFO] Number of files to be formatted: 336
[INFO] Successfully formatted:          0 file(s)
[INFO] Fail to format:                  0 file(s)
[INFO] Skipped:                         336 file(s)
[INFO] Read only skipped:               0 file(s)
[INFO] Approximate time taken:          2s
[INFO] 
[INFO] --- maven-resources-plugin:2.6:resources (default-resources) @ aviator ---
[INFO] Using 'UTF-8' encoding to copy filtered resources.
[INFO] Copying 1 resource
[INFO] 
[INFO] --- maven-compiler-plugin:3.8.1:compile (default-compile) @ aviator ---
[INFO] Nothing to compile - all classes are up to date
[INFO] 
[INFO] --- maven-resources-plugin:2.6:testResources (default-testResources) @ aviator ---
[INFO] Using 'UTF-8' encoding to copy filtered resources.
[INFO] Copying 68 resources
[INFO] 
[INFO] --- maven-compiler-plugin:3.8.1:testCompile (default-testCompile) @ aviator ---
[INFO] Nothing to compile - all classes are up to date
[INFO] 
[INFO] --- maven-surefire-plugin:2.12.4:test (default-test) @ aviator ---
[INFO] Surefire report directory: /workdir/aviatorscript/target/surefire-reports

-------------------------------------------------------
 T E S T S
-------------------------------------------------------
Running com.googlecode.aviator.SimpleELPerformanceTest
Perf (a+b+100)*c*100
[Aviator INFO] Loading custom aviator function class: 'com.googlecode.aviator.runtime.function.custom.AddFunction'.
[Aviator INFO] Total 1 custom functions loaded.
time : 899
Perf a.b.c
time : 1,046
Perf string interpolation
time : 792
Perf (a+b+100)*c*100
time : 1,002
Perf a.b.c
time : 1,012
Perf string interpolation
time : 769
Perf (a+b+100)*c*100
time : 990
Perf a.b.c
time : 1,024
Perf string interpolation
time : 761
Perf (a+b+100)*c*100
time : 988
Perf a.b.c
time : 1,038
Perf string interpolation
time : 759
Perf (a+b+100)*c*100
time : 981
Perf a.b.c
time : 1,028
Perf string interpolation
time : 761
Perf (a+b+100)*c*100
time : 986
Perf a.b.c
time : 1,034
Perf string interpolation
time : 757
Perf (a+b+100)*c*100
time : 978
Perf a.b.c
time : 1,010
Perf string interpolation
time : 753
Perf (a+b+100)*c*100
time : 980
Perf a.b.c
time : 1,009
Perf string interpolation
time : 755
Perf (a+b+100)*c*100
time : 983
Perf a.b.c
time : 1,016
Perf string interpolation
time : 757
Perf (a+b+100)*c*100
time : 983
Perf a.b.c
time : 1,013
Perf string interpolation
time : 759
Tests run: 1, Failures: 0, Errors: 0, Skipped: 0, Time elapsed: 27.724 sec
Running com.googlecode.aviator.spring.SringContextFunctionLoaderTest
Feb 14, 2021 4:35:35 PM org.springframework.context.support.ClassPathXmlApplicationContext prepareRefresh
INFO: Refreshing org.springframework.context.support.ClassPathXmlApplicationContext@799f10e1: startup date [Sun Feb 14 16:35:35 UTC 2021]; root of context hierarchy
Feb 14, 2021 4:35:35 PM org.springframework.beans.factory.xml.XmlBeanDefinitionReader loadBeanDefinitions
INFO: Loading XML bean definitions from class path resource [context.xml]
Tests run: 1, Failures: 0, Errors: 0, Skipped: 0, Time elapsed: 0.245 sec
Running com.googlecode.aviator.scripts.TestScripts
Testing script seq_entry.av with args: []
Testing script for1.av with args: []
Testing script for2.av with args: [a, 1]
Testing script for2.av with args: [a, 3]
Testing script for2.av with args: [a, 100]
Testing script for2.av with args: [a, -1]
Testing script for2.av with args: [a, 0]
Testing script for3.av with args: [a, 10]
Testing script for3.av with args: [a, 101]
Testing script for4.av with args: [a, 10]
Testing script for4.av with args: [a, 50]
Testing script for_break1.av with args: [a, 5]
Testing script for_break1.av with args: [a, 101]
Testing script for_break2.av with args: [a, 5]
Testing script for_break2.av with args: [a, 101]
Testing script for_break3.av with args: [a, 5]
Testing script for_break3.av with args: [a, 101]
Testing script for_break4.av with args: [a, 5]
Testing script for_break4.av with args: [a, 101]
Testing script for_break5.av with args: [a, 5]
Testing script for_break5.av with args: [a, 101]
Testing script for_continue1.av with args: [a, 101]
Testing script for_continue1.av with args: [a, 11]
Testing script for_continue1.av with args: [a, 12]
Testing script for_continue2.av with args: [a, 5]
Testing script for_continue2.av with args: [a, 101]
Testing script for_continue3.av with args: [a, 5]
Testing script for_continue3.av with args: [a, 101]
Testing script for_continue4.av with args: [a, 101]
Testing script for_continue4.av with args: [a, 51]
Testing script for_continue4.av with args: [a, 11]
Testing script for_continue4.av with args: [a, 12]
Testing script for_return1.av with args: []
Testing script for_return2.av with args: []
Testing script for_return3.av with args: []
Testing script for_return4.av with args: []
Testing script for5.av with args: []
Testing script for_null.av with args: []
Testing script for_null.av with args: [a, [I@34f22f9d]
Testing script while1.av with args: []
Testing script while2.av with args: []
Testing script while3.av with args: []
Testing script while4.av with args: []
Testing script while5.av with args: [a, 1, b, 10]
Testing script while6.av with args: []
rand_int(10)=6
Testing script while6.av with args: []
rand_int(10)=9
Testing script while6.av with args: []
rand_int(10)=8
Testing script while6.av with args: []
rand_int(10)=5
Testing script while6.av with args: []
rand_int(10)=9
Testing script while6.av with args: []
rand_int(10)=9
Testing script while6.av with args: []
rand_int(10)=5
Testing script while6.av with args: []
rand_int(10)=6
Testing script while6.av with args: []
rand_int(10)=6
Testing script while6.av with args: []
rand_int(10)=7
Testing script while7.av with args: []
Testing script while8.av with args: []
Testing script let1.av with args: []
Testing script let2.av with args: []
Testing script let3.av with args: []
Testing script let4.av with args: []
Testing script let5.av with args: []
Testing script qsort.av with args: [a, [I@1d470d0]
Testing script qsort.av with args: [a, [I@53f0a4cb]
Testing script qsort.av with args: [a, [I@77a7cf58]
Testing script qsort.av with args: [a, [I@3d97a632]
Testing script qsort.av with args: [a, [I@616fe72b]
Testing script qsort.av with args: [a, [I@37efd131]
Testing script qsort.av with args: [a, [I@7e5d9a50]
Testing script qsort.av with args: [a, [I@53142455]
Testing script qsort.av with args: [a, [I@7966baa7]
Testing script qsort.av with args: [a, [I@60975100]
Testing script qsort.av with args: [a, [I@2c7b5824]
Testing script qsort.av with args: [a, [I@302a07d]
Testing script qsort.av with args: [a, [I@5cdd09b1]
Testing script qsort.av with args: [a, [I@8c11eee]
Testing script qsort.av with args: [a, [I@7e8dcdaa]
Testing script qsort.av with args: [a, [I@681a8b4e]
Testing script qsort.av with args: [a, [I@5cbe877d]
Testing script qsort.av with args: [a, [I@5c08c46a]
Testing script qsort.av with args: [a, [I@4cf8b2dc]
Testing script qsort.av with args: [a, [I@708400f6]
Testing script qsort.av with args: [a, [I@5829e4f4]
Testing script qsort.av with args: [a, [I@4218500f]
Testing script qsort.av with args: [a, [I@4bff64c2]
Testing script qsort.av with args: [a, [I@1b2c4efb]
Testing script qsort.av with args: [a, [I@c35172e]
Testing script qsort.av with args: [a, [I@c2db68f]
Testing script qsort.av with args: [a, [I@3cc41abc]
Testing script qsort.av with args: [a, [I@4566d049]
Testing script qsort.av with args: [a, [I@61ce23ac]
Testing script qsort.av with args: [a, [I@3668d4]
Testing script qsort.av with args: [a, [I@1c3b9394]
Testing script qsort.av with args: [a, [I@6f2cfcc2]
Testing script qsort.av with args: [a, [I@7f6f61c8]
Testing script qsort.av with args: [a, [I@4c2cc639]
Testing script qsort.av with args: [a, [I@ccb4b1b]
Testing script qsort.av with args: [a, [I@4097cac]
Testing script qsort.av with args: [a, [I@ec2cc4]
Testing script qsort.av with args: [a, [I@2a5b3fee]
Testing script qsort.av with args: [a, [I@7c1e2a2d]
Testing script qsort.av with args: [a, [I@333dd51e]
Testing script qsort.av with args: [a, [I@52d645b1]
Testing script qsort.av with args: [a, [I@2101b44a]
Testing script qsort.av with args: [a, [I@2cc3ad05]
Testing script qsort.av with args: [a, [I@710b18a6]
Testing script qsort.av with args: [a, [I@119020fb]
Testing script qsort.av with args: [a, [I@3d9f6567]
Testing script qsort.av with args: [a, [I@c055c54]
Testing script qsort.av with args: [a, [I@25e2ab5a]
Testing script qsort.av with args: [a, [I@35e5d0e5]
Testing script qsort.av with args: [a, [I@73173f63]
Testing script qsort.av with args: [a, [I@55562aa9]
Testing script qsort.av with args: [a, [I@655ef322]
Testing script qsort.av with args: [a, [I@7e276594]
Testing script qsort.av with args: [a, [I@3401a114]
Testing script qsort.av with args: [a, [I@5066d65f]
Testing script qsort.av with args: [a, [I@4233e892]
Testing script qsort.av with args: [a, [I@77d2e85]
Testing script qsort.av with args: [a, [I@3ecd267f]
Testing script qsort.av with args: [a, [I@58ffcbd7]
Testing script qsort.av with args: [a, [I@555cf22]
Testing script qsort.av with args: [a, [I@6bb2d00b]
Testing script qsort.av with args: [a, [I@3c9bfddc]
Testing script qsort.av with args: [a, [I@1a9c38eb]
Testing script qsort.av with args: [a, [I@319bc845]
Testing script qsort.av with args: [a, [I@4c5474f5]
Testing script qsort.av with args: [a, [I@2f4205be]
Testing script qsort.av with args: [a, [I@54e22bdd]
Testing script qsort.av with args: [a, [I@3bd418e4]
Testing script qsort.av with args: [a, [I@544820b7]
Testing script qsort.av with args: [a, [I@6b98a075]
Testing script qsort.av with args: [a, [I@2e61d218]
Testing script qsort.av with args: [a, [I@3569fc08]
Testing script qsort.av with args: [a, [I@20b12f8a]
Testing script qsort.av with args: [a, [I@e84a8e1]
Testing script qsort.av with args: [a, [I@2e554a3b]
Testing script qsort.av with args: [a, [I@54a67a45]
Testing script qsort.av with args: [a, [I@7d42c224]
Testing script qsort.av with args: [a, [I@56aaaecd]
Testing script qsort.av with args: [a, [I@522a32b1]
Testing script qsort.av with args: [a, [I@35390ee3]
Testing script qsort.av with args: [a, [I@5e01a982]
Testing script qsort.av with args: [a, [I@5ddea849]
Testing script qsort.av with args: [a, [I@5ee2b6f9]
Testing script qsort.av with args: [a, [I@23d1e5d0]
Testing script qsort.av with args: [a, [I@704f1591]
Testing script qsort.av with args: [a, [I@58fb7731]
Testing script qsort.av with args: [a, [I@13e547a9]
Testing script qsort.av with args: [a, [I@3fb6cf60]
Testing script qsort.av with args: [a, [I@37ddb69a]
Testing script qsort.av with args: [a, [I@349c1daf]
Testing script selection_sort.av with args: [a, [I@dfddc9a]
Testing script selection_sort.av with args: [a, [I@736d6a5c]
Testing script selection_sort.av with args: [a, [I@2371aaca]
Testing script selection_sort.av with args: [a, [I@63fdab07]
Testing script selection_sort.av with args: [a, [I@7b5a12ae]
Testing script selection_sort.av with args: [a, [I@14dda234]
Testing script selection_sort.av with args: [a, [I@3f390d63]
Testing script selection_sort.av with args: [a, [I@5a411614]
Testing script selection_sort.av with args: [a, [I@2374d36a]
Testing script selection_sort.av with args: [a, [I@54d18072]
Testing script selection_sort.av with args: [a, [I@424fd310]
Testing script selection_sort.av with args: [a, [I@1a45193b]
Testing script selection_sort.av with args: [a, [I@38f116f6]
Testing script selection_sort.av with args: [a, [I@5286c33a]
Testing script selection_sort.av with args: [a, [I@6e6d5d29]
Testing script selection_sort.av with args: [a, [I@5c530d1e]
Testing script selection_sort.av with args: [a, [I@6c25e6c4]
Testing script selection_sort.av with args: [a, [I@85e6769]
Testing script selection_sort.av with args: [a, [I@c5ee75e]
Testing script selection_sort.av with args: [a, [I@48a12036]
Testing script selection_sort.av with args: [a, [I@bf1ec20]
Testing script selection_sort.av with args: [a, [I@70efb718]
Testing script selection_sort.av with args: [a, [I@b70da4c]
Testing script selection_sort.av with args: [a, [I@4a11eb84]
Testing script selection_sort.av with args: [a, [I@4e858e0a]
Testing script selection_sort.av with args: [a, [I@435fb7b5]
Testing script selection_sort.av with args: [a, [I@4e70a728]
Testing script selection_sort.av with args: [a, [I@b7838a9]
Testing script selection_sort.av with args: [a, [I@696f0212]
Testing script selection_sort.av with args: [a, [I@5733f295]
Testing script selection_sort.av with args: [a, [I@1c3146bc]
Testing script selection_sort.av with args: [a, [I@56c698e3]
Testing script selection_sort.av with args: [a, [I@47a86fbb]
Testing script selection_sort.av with args: [a, [I@f478a81]
Testing script selection_sort.av with args: [a, [I@19553973]
Testing script selection_sort.av with args: [a, [I@7bb6ab3a]
Testing script selection_sort.av with args: [a, [I@7fe7c640]
Testing script selection_sort.av with args: [a, [I@4c4748bf]
Testing script selection_sort.av with args: [a, [I@7ce97ee5]
Testing script selection_sort.av with args: [a, [I@32c8e539]
Testing script selection_sort.av with args: [a, [I@73dce0e6]
Testing script selection_sort.av with args: [a, [I@5a85c92]
Testing script selection_sort.av with args: [a, [I@32811494]
Testing script selection_sort.av with args: [a, [I@4795ded0]
Testing script selection_sort.av with args: [a, [I@53dacd14]
Testing script selection_sort.av with args: [a, [I@14d14731]
Testing script selection_sort.av with args: [a, [I@2eced48b]
Testing script selection_sort.av with args: [a, [I@47c4ecdc]
Testing script selection_sort.av with args: [a, [I@42f33b5d]
Testing script selection_sort.av with args: [a, [I@5c8504fd]
Testing script selection_sort.av with args: [a, [I@4b7e96a]
Testing script selection_sort.av with args: [a, [I@6475472c]
Testing script selection_sort.av with args: [a, [I@3f07b12c]
Testing script selection_sort.av with args: [a, [I@4bd1f8dd]
Testing script selection_sort.av with args: [a, [I@7096b474]
Testing script selection_sort.av with args: [a, [I@3e14c16d]
Testing script selection_sort.av with args: [a, [I@3c989952]
Testing script selection_sort.av with args: [a, [I@784b990c]
Testing script selection_sort.av with args: [a, [I@3d3ba765]
Testing script selection_sort.av with args: [a, [I@25bc0606]
Testing script selection_sort.av with args: [a, [I@5d1659ea]
Testing script selection_sort.av with args: [a, [I@793138bd]
Testing script selection_sort.av with args: [a, [I@1951b871]
Testing script selection_sort.av with args: [a, [I@5c18016b]
Testing script selection_sort.av with args: [a, [I@33aeca0b]
Testing script selection_sort.av with args: [a, [I@43aaf813]
Testing script selection_sort.av with args: [a, [I@57ac5227]
Testing script selection_sort.av with args: [a, [I@4ba302e0]
Testing script selection_sort.av with args: [a, [I@e98770d]
Testing script selection_sort.av with args: [a, [I@1ae67cad]
Testing script selection_sort.av with args: [a, [I@2f6e28bc]
Testing script selection_sort.av with args: [a, [I@7c098bb3]
Testing script selection_sort.av with args: [a, [I@31e4bb20]
Testing script selection_sort.av with args: [a, [I@18cebaa5]
Testing script selection_sort.av with args: [a, [I@463b4ac8]
Testing script selection_sort.av with args: [a, [I@765f05af]
Testing script selection_sort.av with args: [a, [I@62f68dff]
Testing script selection_sort.av with args: [a, [I@f001896]
Testing script selection_sort.av with args: [a, [I@13f17eb4]
Testing script selection_sort.av with args: [a, [I@1d0d6318]
Testing script selection_sort.av with args: [a, [I@4bc28c33]
Testing script selection_sort.av with args: [a, [I@4409e975]
Testing script selection_sort.av with args: [a, [I@5c153b9e]
Testing script selection_sort.av with args: [a, [I@2a7686a7]
Testing script selection_sort.av with args: [a, [I@758a34ce]
Testing script selection_sort.av with args: [a, [I@7ec3394b]
Testing script selection_sort.av with args: [a, [I@bff34c6]
Testing script selection_sort.av with args: [a, [I@1522d8a0]
Testing script selection_sort.av with args: [a, [I@312ab28e]
Testing script selection_sort.av with args: [a, [I@5644dc81]
Testing script fibonacci.av with args: [n, 0]
Testing script fibonacci.av with args: [n, 1]
Testing script fibonacci.av with args: [n, 2]
Testing script fibonacci.av with args: [n, 10]
Testing script fibonacci.av with args: [n, 15]
Testing script fibonacci.av with args: [n, 20]
Testing script try_catch1.av with args: []
Testing script try_catch2.av with args: []
java.lang.ClassCastException: <Long, 3> is not a function
	at com.googlecode.aviator.runtime.function.FunctionUtils.getFunction(FunctionUtils.java:130)
	at com.googlecode.aviator.runtime.function.seq.SeqMapFunction.call(SeqMapFunction.java:50)
	at Script_1613320536549_331.execute0(try_catch2.av:2)
	at com.googlecode.aviator.ClassExpression.executeDirectly(ClassExpression.java:65)
	at Lambda_1613320536549_192.call(Unknown Source)
	at com.googlecode.aviator.runtime.function.internal.TryCatchFunction.call(TryCatchFunction.java:41)
	at Script_1613320536549_330.execute0(try_catch2.av:10)
	at com.googlecode.aviator.ClassExpression.executeDirectly(ClassExpression.java:65)
	at com.googlecode.aviator.BaseExpression.execute(BaseExpression.java:136)
	at com.googlecode.aviator.scripts.TestScripts.testScript(TestScripts.java:38)
	at com.googlecode.aviator.scripts.TestScripts.testTryCatch(TestScripts.java:288)
	at java.base/jdk.internal.reflect.NativeMethodAccessorImpl.invoke0(Native Method)
	at java.base/jdk.internal.reflect.NativeMethodAccessorImpl.invoke(NativeMethodAccessorImpl.java:62)
	at java.base/jdk.internal.reflect.DelegatingMethodAccessorImpl.invoke(DelegatingMethodAccessorImpl.java:43)
	at java.base/java.lang.reflect.Method.invoke(Method.java:566)
	at org.junit.internal.runners.TestMethodRunner.executeMethodBody(TestMethodRunner.java:99)
	at org.junit.internal.runners.TestMethodRunner.runUnprotected(TestMethodRunner.java:81)
	at org.junit.internal.runners.BeforeAndAfterRunner.runProtected(BeforeAndAfterRunner.java:34)
	at org.junit.internal.runners.TestMethodRunner.runMethod(TestMethodRunner.java:75)
	at org.junit.internal.runners.TestMethodRunner.run(TestMethodRunner.java:45)
	at org.junit.internal.runners.TestClassMethodsRunner.invokeTestMethod(TestClassMethodsRunner.java:66)
	at org.junit.internal.runners.TestClassMethodsRunner.run(TestClassMethodsRunner.java:35)
	at org.junit.internal.runners.TestClassRunner$1.runUnprotected(TestClassRunner.java:42)
	at org.junit.internal.runners.BeforeAndAfterRunner.runProtected(BeforeAndAfterRunner.java:34)
	at org.junit.internal.runners.TestClassRunner.run(TestClassRunner.java:52)
	at org.apache.maven.surefire.junit4.JUnit4Provider.execute(JUnit4Provider.java:252)
	at org.apache.maven.surefire.junit4.JUnit4Provider.executeTestSet(JUnit4Provider.java:141)
	at org.apache.maven.surefire.junit4.JUnit4Provider.invoke(JUnit4Provider.java:112)
	at java.base/jdk.internal.reflect.NativeMethodAccessorImpl.invoke0(Native Method)
	at java.base/jdk.internal.reflect.NativeMethodAccessorImpl.invoke(NativeMethodAccessorImpl.java:62)
	at java.base/jdk.internal.reflect.DelegatingMethodAccessorImpl.invoke(DelegatingMethodAccessorImpl.java:43)
	at java.base/java.lang.reflect.Method.invoke(Method.java:566)
	at org.apache.maven.surefire.util.ReflectionUtils.invokeMethodWithArray(ReflectionUtils.java:189)
	at org.apache.maven.surefire.booter.ProviderFactory$ProviderProxy.invoke(ProviderFactory.java:165)
	at org.apache.maven.surefire.booter.ProviderFactory.invokeProvider(ProviderFactory.java:85)
	at org.apache.maven.surefire.booter.ForkedBooter.runSuitesInProcess(ForkedBooter.java:115)
	at org.apache.maven.surefire.booter.ForkedBooter.main(ForkedBooter.java:75)
Testing script try_catch3.av with args: []
Testing script try_catch4.av with args: []
Testing script try_catch5.av with args: []
Testing script try_catch6.av with args: []
java.lang.ClassCastException: <Long, 3> is not a function
	at com.googlecode.aviator.runtime.function.FunctionUtils.getFunction(FunctionUtils.java:130)
	at com.googlecode.aviator.runtime.function.seq.SeqMapFunction.call(SeqMapFunction.java:50)
	at Script_1613320536565_355.execute0(try_catch6.av:2)
	at com.googlecode.aviator.ClassExpression.executeDirectly(ClassExpression.java:65)
	at Lambda_1613320536565_212.call(Unknown Source)
	at com.googlecode.aviator.runtime.function.internal.TryCatchFunction.call(TryCatchFunction.java:41)
	at Script_1613320536565_354.execute0(try_catch6.av:10)
	at com.googlecode.aviator.ClassExpression.executeDirectly(ClassExpression.java:65)
	at com.googlecode.aviator.BaseExpression.execute(BaseExpression.java:136)
	at com.googlecode.aviator.scripts.TestScripts.testScript(TestScripts.java:38)
	at com.googlecode.aviator.scripts.TestScripts.testTryCatch(TestScripts.java:295)
	at java.base/jdk.internal.reflect.NativeMethodAccessorImpl.invoke0(Native Method)
	at java.base/jdk.internal.reflect.NativeMethodAccessorImpl.invoke(NativeMethodAccessorImpl.java:62)
	at java.base/jdk.internal.reflect.DelegatingMethodAccessorImpl.invoke(DelegatingMethodAccessorImpl.java:43)
	at java.base/java.lang.reflect.Method.invoke(Method.java:566)
	at org.junit.internal.runners.TestMethodRunner.executeMethodBody(TestMethodRunner.java:99)
	at org.junit.internal.runners.TestMethodRunner.runUnprotected(TestMethodRunner.java:81)
	at org.junit.internal.runners.BeforeAndAfterRunner.runProtected(BeforeAndAfterRunner.java:34)
	at org.junit.internal.runners.TestMethodRunner.runMethod(TestMethodRunner.java:75)
	at org.junit.internal.runners.TestMethodRunner.run(TestMethodRunner.java:45)
	at org.junit.internal.runners.TestClassMethodsRunner.invokeTestMethod(TestClassMethodsRunner.java:66)
	at org.junit.internal.runners.TestClassMethodsRunner.run(TestClassMethodsRunner.java:35)
	at org.junit.internal.runners.TestClassRunner$1.runUnprotected(TestClassRunner.java:42)
	at org.junit.internal.runners.BeforeAndAfterRunner.runProtected(BeforeAndAfterRunner.java:34)
	at org.junit.internal.runners.TestClassRunner.run(TestClassRunner.java:52)
	at org.apache.maven.surefire.junit4.JUnit4Provider.execute(JUnit4Provider.java:252)
	at org.apache.maven.surefire.junit4.JUnit4Provider.executeTestSet(JUnit4Provider.java:141)
	at org.apache.maven.surefire.junit4.JUnit4Provider.invoke(JUnit4Provider.java:112)
	at java.base/jdk.internal.reflect.NativeMethodAccessorImpl.invoke0(Native Method)
	at java.base/jdk.internal.reflect.NativeMethodAccessorImpl.invoke(NativeMethodAccessorImpl.java:62)
	at java.base/jdk.internal.reflect.DelegatingMethodAccessorImpl.invoke(DelegatingMethodAccessorImpl.java:43)
	at java.base/java.lang.reflect.Method.invoke(Method.java:566)
	at org.apache.maven.surefire.util.ReflectionUtils.invokeMethodWithArray(ReflectionUtils.java:189)
	at org.apache.maven.surefire.booter.ProviderFactory$ProviderProxy.invoke(ProviderFactory.java:165)
	at org.apache.maven.surefire.booter.ProviderFactory.invokeProvider(ProviderFactory.java:85)
	at org.apache.maven.surefire.booter.ForkedBooter.runSuitesInProcess(ForkedBooter.java:115)
	at org.apache.maven.surefire.booter.ForkedBooter.main(ForkedBooter.java:75)
Testing script try_catch7.av with args: []
java.io.IOException: test
	at java.base/jdk.internal.reflect.NativeConstructorAccessorImpl.newInstance0(Native Method)
	at java.base/jdk.internal.reflect.NativeConstructorAccessorImpl.newInstance(NativeConstructorAccessorImpl.java:62)
	at java.base/jdk.internal.reflect.DelegatingConstructorAccessorImpl.newInstance(DelegatingConstructorAccessorImpl.java:45)
	at java.base/java.lang.reflect.Constructor.newInstance(Constructor.java:490)
	at com.googlecode.aviator.runtime.function.internal.NewInstanceFunction.variadicCall(NewInstanceFunction.java:68)
	at com.googlecode.aviator.runtime.function.AbstractVariadicFunction.call(AbstractVariadicFunction.java:71)
	at Script_1613320536570_361.execute0(try_catch7.av:2)
	at com.googlecode.aviator.ClassExpression.executeDirectly(ClassExpression.java:65)
	at Lambda_1613320536570_217.call(Unknown Source)
	at com.googlecode.aviator.runtime.function.internal.TryCatchFunction.call(TryCatchFunction.java:41)
	at Script_1613320536570_360.execute0(try_catch7.av:10)
	at com.googlecode.aviator.ClassExpression.executeDirectly(ClassExpression.java:65)
	at com.googlecode.aviator.BaseExpression.execute(BaseExpression.java:136)
	at com.googlecode.aviator.scripts.TestScripts.testScript(TestScripts.java:38)
	at com.googlecode.aviator.scripts.TestScripts.testTryCatch(TestScripts.java:296)
	at java.base/jdk.internal.reflect.NativeMethodAccessorImpl.invoke0(Native Method)
	at java.base/jdk.internal.reflect.NativeMethodAccessorImpl.invoke(NativeMethodAccessorImpl.java:62)
	at java.base/jdk.internal.reflect.DelegatingMethodAccessorImpl.invoke(DelegatingMethodAccessorImpl.java:43)
	at java.base/java.lang.reflect.Method.invoke(Method.java:566)
	at org.junit.internal.runners.TestMethodRunner.executeMethodBody(TestMethodRunner.java:99)
	at org.junit.internal.runners.TestMethodRunner.runUnprotected(TestMethodRunner.java:81)
	at org.junit.internal.runners.BeforeAndAfterRunner.runProtected(BeforeAndAfterRunner.java:34)
	at org.junit.internal.runners.TestMethodRunner.runMethod(TestMethodRunner.java:75)
	at org.junit.internal.runners.TestMethodRunner.run(TestMethodRunner.java:45)
	at org.junit.internal.runners.TestClassMethodsRunner.invokeTestMethod(TestClassMethodsRunner.java:66)
	at org.junit.internal.runners.TestClassMethodsRunner.run(TestClassMethodsRunner.java:35)
	at org.junit.internal.runners.TestClassRunner$1.runUnprotected(TestClassRunner.java:42)
	at org.junit.internal.runners.BeforeAndAfterRunner.runProtected(BeforeAndAfterRunner.java:34)
	at org.junit.internal.runners.TestClassRunner.run(TestClassRunner.java:52)
	at org.apache.maven.surefire.junit4.JUnit4Provider.execute(JUnit4Provider.java:252)
	at org.apache.maven.surefire.junit4.JUnit4Provider.executeTestSet(JUnit4Provider.java:141)
	at org.apache.maven.surefire.junit4.JUnit4Provider.invoke(JUnit4Provider.java:112)
	at java.base/jdk.internal.reflect.NativeMethodAccessorImpl.invoke0(Native Method)
	at java.base/jdk.internal.reflect.NativeMethodAccessorImpl.invoke(NativeMethodAccessorImpl.java:62)
	at java.base/jdk.internal.reflect.DelegatingMethodAccessorImpl.invoke(DelegatingMethodAccessorImpl.java:43)
	at java.base/java.lang.reflect.Method.invoke(Method.java:566)
	at org.apache.maven.surefire.util.ReflectionUtils.invokeMethodWithArray(ReflectionUtils.java:189)
	at org.apache.maven.surefire.booter.ProviderFactory$ProviderProxy.invoke(ProviderFactory.java:165)
	at org.apache.maven.surefire.booter.ProviderFactory.invokeProvider(ProviderFactory.java:85)
	at org.apache.maven.surefire.booter.ForkedBooter.runSuitesInProcess(ForkedBooter.java:115)
	at org.apache.maven.surefire.booter.ForkedBooter.main(ForkedBooter.java:75)
Testing script string.av with args: []
Testing script string_seq.av with args: []
Testing script scope1.av with args: []
Testing script scope2.av with args: []
Testing script comments.av with args: []
Testing script if_else1.av with args: []
Testing script if_else2.av with args: []
Testing script if_else3.av with args: []
Testing script if_else4.av with args: []
Testing script if_else5.av with args: []
Testing script if_else6.av with args: []
Testing script if_elsif1.av with args: [a, 2]
Testing script if_elsif1.av with args: [a, 11]
Testing script if_elsif1.av with args: [a, 101]
Testing script if_elsif2.av with args: [a, 2]
Testing script if_elsif2.av with args: [a, 11]
Testing script if_elsif2.av with args: [a, 101]
Testing script if_elsif3.av with args: [a, 8]
Testing script if_elsif3.av with args: [a, 12]
Testing script if_elsif3.av with args: [a, 112]
Testing script if_else7.av with args: []
Testing script if_else8.av with args: []
Testing script if_else9.av with args: []
Testing script if_else10.av with args: []
Testing script if_else_scope.av with args: [b, 101]
Testing script if_else_scope.av with args: [b, 11]
Testing script if_else_scope.av with args: [b, 1]
Testing script new.av with args: []
Testing script string_interpolation.av with args: []
Testing script string_interpolation.av with args: []
Testing script range.av with args: []
Tests run: 14, Failures: 0, Errors: 0, Skipped: 0, Time elapsed: 1.378 sec
Running com.googlecode.aviator.ScriptEngineTest
3
hello world
run
run
Tests run: 8, Failures: 0, Errors: 0, Skipped: 0, Time elapsed: 0.034 sec
Running com.googlecode.aviator.code.asm.ASMCodeGeneratorUnitTest
Tests run: 39, Failures: 0, Errors: 0, Skipped: 0, Time elapsed: 0.051 sec
Running com.googlecode.aviator.AviatorEvaluatorInstanceUnitTest
[test.getClass, test.wait, test.hashCode, test.equals, test.notifyAll, test.toString, test.is_empty, test.notify]
com.googlecode.aviator.utils.Env@6e46d9f4{__instance__=com.googlecode.aviator.AviatorEvaluatorInstance@5cc69cfe, __exp__=Script_1613320536777_539@29cfd92b, __env__=<this>, x=3, y=4}
com.googlecode.aviator.utils.Env@76a82f33{__instance__=com.googlecode.aviator.AviatorEvaluatorInstance@5cc69cfe, __exp__=Script_1613320536777_539@29cfd92b, __env__=<this>, x=8, y=9}
com.googlecode.aviator.utils.Env@532a02d9{__instance__=com.googlecode.aviator.AviatorEvaluatorInstance@5cc69cfe, __exp__=Script_1613320536777_539@29cfd92b, __env__=<this>, x=8, y=9}
[Aviator WARN] compile lexeme `hecco` without caching, it may hurt performance and cause metaspace full gc, the stack:
	com.googlecode.aviator.runtime.type.AviatorString.warnOnCompile(AviatorString.java:162)
	com.googlecode.aviator.runtime.type.AviatorString.getLexeme(AviatorString.java:152)
	com.googlecode.aviator.runtime.type.AviatorString.getValue(AviatorString.java:50)
	com.googlecode.aviator.runtime.type.AviatorObject.desc(AviatorObject.java:114)
	com.googlecode.aviator.runtime.type.AviatorObject.toString(AviatorObject.java:75)
	java.base/java.lang.String.valueOf(String.java:2951)
	java.base/java.lang.StringBuilder.append(StringBuilder.java:168)
	com.googlecode.aviator.runtime.function.TraceFunction.traceResult(TraceFunction.java:39)
	com.googlecode.aviator.runtime.function.TraceFunction.call(TraceFunction.java:98)
	Script_1613320536800_563.execute0(Script_1613320536800_563:1)
	com.googlecode.aviator.ClassExpression.executeDirectly(ClassExpression.java:65)
	com.googlecode.aviator.BaseExpression.execute(BaseExpression.java:136)
	com.googlecode.aviator.AviatorEvaluatorInstance.execute(AviatorEvaluatorInstance.java:1482)
	com.googlecode.aviator.AviatorEvaluatorInstance.execute(AviatorEvaluatorInstance.java:1497)
	com.googlecode.aviator.AviatorEvaluatorInstance.execute(AviatorEvaluatorInstance.java:1533)
	com.googlecode.aviator.AviatorEvaluatorInstanceUnitTest.testTraceEval(AviatorEvaluatorInstanceUnitTest.java:523)
	java.base/jdk.internal.reflect.NativeMethodAccessorImpl.invoke0(Native Method)
	java.base/jdk.internal.reflect.NativeMethodAccessorImpl.invoke(NativeMethodAccessorImpl.java:62)
	java.base/jdk.internal.reflect.DelegatingMethodAccessorImpl.invoke(DelegatingMethodAccessorImpl.java:43)
	java.base/java.lang.reflect.Method.invoke(Method.java:566)
	org.junit.internal.runners.TestMethodRunner.executeMethodBody(TestMethodRunner.java:99)
	org.junit.internal.runners.TestMethodRunner.runUnprotected(TestMethodRunner.java:81)
	org.junit.internal.runners.BeforeAndAfterRunner.runProtected(BeforeAndAfterRunner.java:34)
	org.junit.internal.runners.TestMethodRunner.runMethod(TestMethodRunner.java:75)
	org.junit.internal.runners.TestMethodRunner.run(TestMethodRunner.java:45)
	org.junit.internal.runners.TestClassMethodsRunner.invokeTestMethod(TestClassMethodsRunner.java:66)
	org.junit.internal.runners.TestClassMethodsRunner.run(TestClassMethodsRunner.java:35)
	org.junit.internal.runners.TestClassRunner$1.runUnprotected(TestClassRunner.java:42)
	org.junit.internal.runners.BeforeAndAfterRunner.runProtected(BeforeAndAfterRunner.java:34)
	org.junit.internal.runners.TestClassRunner.run(TestClassRunner.java:52)
	org.apache.maven.surefire.junit4.JUnit4Provider.execute(JUnit4Provider.java:252)
	org.apache.maven.surefire.junit4.JUnit4Provider.executeTestSet(JUnit4Provider.java:141)
	org.apache.maven.surefire.junit4.JUnit4Provider.invoke(JUnit4Provider.java:112)
	java.base/jdk.internal.reflect.NativeMethodAccessorImpl.invoke0(Native Method)
	java.base/jdk.internal.reflect.NativeMethodAccessorImpl.invoke(NativeMethodAccessorImpl.java:62)
	java.base/jdk.internal.reflect.DelegatingMethodAccessorImpl.invoke(DelegatingMethodAccessorImpl.java:43)
	java.base/java.lang.reflect.Method.invoke(Method.java:566)
	org.apache.maven.surefire.util.ReflectionUtils.invokeMethodWithArray(ReflectionUtils.java:189)
	org.apache.maven.surefire.booter.ProviderFactory$ProviderProxy.invoke(ProviderFactory.java:165)
	org.apache.maven.surefire.booter.ProviderFactory.invokeProvider(ProviderFactory.java:85)
	org.apache.maven.surefire.booter.ForkedBooter.runSuitesInProcess(ForkedBooter.java:115)
	org.apache.maven.surefire.booter.ForkedBooter.main(ForkedBooter.java:75)

com.googlecode.aviator.utils.Env@73393584{__instance__=com.googlecode.aviator.AviatorEvaluatorInstance@31500940, __exp__=Script_1613320536860_623@1827a871, __env__=<this>}
Tests run: 41, Failures: 0, Errors: 0, Skipped: 0, Time elapsed: 0.113 sec
Running com.googlecode.aviator.JavaMethodReflectionFunctionMissingTest
custom function:5388890, cost: 64 ms.
function missing:5388890, cost: 141 ms.
imported function:5388890, cost: 105 ms.
Tests run: 4, Failures: 0, Errors: 0, Skipped: 0, Time elapsed: 1.024 sec
Running com.googlecode.aviator.runtime.type.AviatorPatternUnitTest
Tests run: 22, Failures: 0, Errors: 0, Skipped: 0, Time elapsed: 0.004 sec
Running com.googlecode.aviator.runtime.type.AviatorStringUnitTest
Tests run: 18, Failures: 0, Errors: 0, Skipped: 0, Time elapsed: 0.014 sec
Running com.googlecode.aviator.runtime.type.AviatorJavaTypeUnitTest
4.4
Tests run: 31, Failures: 0, Errors: 0, Skipped: 0, Time elapsed: 0.008 sec
Running com.googlecode.aviator.runtime.type.AviatorNilUnitTest
Tests run: 2, Failures: 0, Errors: 0, Skipped: 0, Time elapsed: 0.007 sec
Running com.googlecode.aviator.runtime.type.AviatorNumberUnitTest
Tests run: 28, Failures: 0, Errors: 0, Skipped: 0, Time elapsed: 0 sec
Running com.googlecode.aviator.runtime.type.AviatorBooleanUnitTest
Tests run: 11, Failures: 0, Errors: 0, Skipped: 0, Time elapsed: 0.006 sec
Running com.googlecode.aviator.runtime.function.custom.CustomFunctionUnitTest
getFirstNonNull(i0,i1,i2,i3,i4,i5,i6,i7,i8,i9,i10,i11,i12,i13,i14,i15,i16,i17,i18,i19,i20,i21,i22,i23,i24,i25,i26,i27,i28,i29, getFirstNonNull(i0,i1,i2,i3,i4,i5,i6,i7,i8,i9,i10,i11,i12,i13,i14,i15,i16,i17,i18,i19,i20,i21,i22,i23,i24,i25,i26,i27,i28,i29,last))
Tests run: 5, Failures: 0, Errors: 0, Skipped: 0, Time elapsed: 0.002 sec
Running com.googlecode.aviator.runtime.function.math.MathCosFunctionUnitTest
Tests run: 6, Failures: 0, Errors: 0, Skipped: 0, Time elapsed: 0.001 sec
Running com.googlecode.aviator.runtime.function.math.MathTanFunctionUnitTest
Tests run: 6, Failures: 0, Errors: 0, Skipped: 0, Time elapsed: 0.001 sec
Running com.googlecode.aviator.runtime.function.math.MathRoundFunctionUnitTest
Tests run: 6, Failures: 0, Errors: 0, Skipped: 0, Time elapsed: 0.001 sec
Running com.googlecode.aviator.runtime.function.math.MathPowFunctionUnitTest
Tests run: 6, Failures: 0, Errors: 0, Skipped: 0, Time elapsed: 0.001 sec
Running com.googlecode.aviator.runtime.function.math.MathLogFunctionUnitTest
Tests run: 6, Failures: 0, Errors: 0, Skipped: 0, Time elapsed: 0.073 sec
Running com.googlecode.aviator.runtime.function.math.MathAbsFunctionUnitTest
Tests run: 6, Failures: 0, Errors: 0, Skipped: 0, Time elapsed: 0 sec
Running com.googlecode.aviator.runtime.function.math.MathSqrtFunctionUnitTest
Tests run: 6, Failures: 0, Errors: 0, Skipped: 0, Time elapsed: 0 sec
Running com.googlecode.aviator.runtime.function.math.MathLog10FunctionUnitTest
Tests run: 6, Failures: 0, Errors: 0, Skipped: 0, Time elapsed: 0.001 sec
Running com.googlecode.aviator.runtime.function.math.MathSinFunctionUnitTest
Tests run: 6, Failures: 0, Errors: 0, Skipped: 0, Time elapsed: 0 sec
Running com.googlecode.aviator.runtime.function.seq.SeqReduceFunctionUnitTest
Tests run: 6, Failures: 0, Errors: 0, Skipped: 0, Time elapsed: 0.003 sec
Running com.googlecode.aviator.runtime.function.seq.SeqMapFunctionUnitTest
Tests run: 4, Failures: 0, Errors: 0, Skipped: 0, Time elapsed: 0.002 sec
Running com.googlecode.aviator.runtime.function.seq.SeqIncludeFunctionUnitTest
Tests run: 2, Failures: 0, Errors: 0, Skipped: 0, Time elapsed: 0 sec
Running com.googlecode.aviator.runtime.function.seq.SeqPredicateFunctionUnitTest
Tests run: 9, Failures: 0, Errors: 0, Skipped: 0, Time elapsed: 0.002 sec
Running com.googlecode.aviator.runtime.function.seq.SeqCountFunctionUnitTest
Tests run: 4, Failures: 0, Errors: 0, Skipped: 0, Time elapsed: 0 sec
Running com.googlecode.aviator.runtime.function.seq.SeqSortFunctionUnitTest
[9, 8, 7, 6, 5, 4, 3, 2, 1, 0]
[0, 1, 2, 3, 4, 5, 6, 7, 8, 9]
Tests run: 3, Failures: 0, Errors: 0, Skipped: 0, Time elapsed: 0.001 sec
Running com.googlecode.aviator.runtime.function.seq.SeqMakePredicateFunctionUnitTest
Tests run: 2, Failures: 0, Errors: 0, Skipped: 0, Time elapsed: 0 sec
Running com.googlecode.aviator.runtime.function.seq.SeqFilterFunctionUnitTest
Tests run: 4, Failures: 0, Errors: 0, Skipped: 0, Time elapsed: 0.001 sec
Running com.googlecode.aviator.runtime.function.system.BinaryFunctionUnitTest
Tests run: 7, Failures: 0, Errors: 0, Skipped: 0, Time elapsed: 0.001 sec
Running com.googlecode.aviator.runtime.function.system.RandomFunctionUnitTest
Tests run: 2, Failures: 0, Errors: 0, Skipped: 0, Time elapsed: 0 sec
Running com.googlecode.aviator.runtime.function.system.PrintFunctionUnitTest
Tests run: 4, Failures: 0, Errors: 0, Skipped: 0, Time elapsed: 0 sec
Running com.googlecode.aviator.runtime.function.system.Date2StringFunctionUnitTest
Tests run: 2, Failures: 0, Errors: 0, Skipped: 0, Time elapsed: 0.001 sec
Running com.googlecode.aviator.runtime.function.system.NowFunctionUnitTest
Tests run: 2, Failures: 0, Errors: 0, Skipped: 0, Time elapsed: 0 sec
Running com.googlecode.aviator.runtime.function.system.SysDateFunctionUnitTest
Tests run: 2, Failures: 0, Errors: 0, Skipped: 0, Time elapsed: 0 sec
Running com.googlecode.aviator.runtime.function.system.PrintlnFunctionUnitTest
Tests run: 4, Failures: 0, Errors: 0, Skipped: 0, Time elapsed: 0 sec
Running com.googlecode.aviator.runtime.function.system.String2DateFunctionUnitTest
Tests run: 2, Failures: 0, Errors: 0, Skipped: 0, Time elapsed: 0 sec
Running com.googlecode.aviator.runtime.function.FunctionUtilsUnitTest
Tests run: 3, Failures: 0, Errors: 0, Skipped: 0, Time elapsed: 0 sec
Running com.googlecode.aviator.runtime.function.string.StringContainsFunctionUnitTest
Tests run: 8, Failures: 0, Errors: 0, Skipped: 0, Time elapsed: 0.001 sec
Running com.googlecode.aviator.runtime.function.string.StringSubstringWithFunctionUnitTest
Tests run: 8, Failures: 0, Errors: 0, Skipped: 0, Time elapsed: 0 sec
Running com.googlecode.aviator.runtime.function.string.StringReplaceFunctionUnitTest
Tests run: 2, Failures: 0, Errors: 0, Skipped: 0, Time elapsed: 0.001 sec
Running com.googlecode.aviator.runtime.function.string.StringStartsWithFunctionUnitTest
Tests run: 1, Failures: 0, Errors: 0, Skipped: 0, Time elapsed: 0 sec
Running com.googlecode.aviator.runtime.function.string.StringLengthFunctionUnitTest
Tests run: 7, Failures: 0, Errors: 0, Skipped: 0, Time elapsed: 0 sec
Running com.googlecode.aviator.runtime.function.string.StringEndsWithFunctionUnitTest
Tests run: 8, Failures: 0, Errors: 0, Skipped: 0, Time elapsed: 0 sec
Running com.googlecode.aviator.runtime.function.string.StringSplitJointFunctionUnitTest
Tests run: 2, Failures: 0, Errors: 0, Skipped: 0, Time elapsed: 0 sec
Running com.googlecode.aviator.runtime.function.string.StringIndexOfFunctionUnitTest
Tests run: 8, Failures: 0, Errors: 0, Skipped: 0, Time elapsed: 0.001 sec
Running com.googlecode.aviator.AviatorEvaluatorUnitTest
Tests run: 15, Failures: 0, Errors: 0, Skipped: 0, Time elapsed: 0.013 sec
Running com.googlecode.aviator.parser.AviatorClassLoaderUnitTest
Tests run: 1, Failures: 0, Errors: 0, Skipped: 0, Time elapsed: 3.039 sec
Running com.googlecode.aviator.parser.ExpressionParserUnitTest
true
Tests run: 75, Failures: 0, Errors: 0, Skipped: 0, Time elapsed: 0.038 sec
Running com.googlecode.aviator.LambdaUnitTest
Tests run: 8, Failures: 0, Errors: 0, Skipped: 0, Time elapsed: 0.032 sec
Running com.googlecode.aviator.AviatorEvaluatorInstanceCompatibleUnitTest
[test.getClass, test.wait, test.hashCode, test.equals, test.notifyAll, test.toString, test.is_empty, test.notify]
com.googlecode.aviator.utils.Env@381c78ea{__instance__=com.googlecode.aviator.AviatorEvaluatorInstance@2baf9c62, __exp__=Script_1613320541198_10751@57202722, __env__=<this>, x=3, y=4}
com.googlecode.aviator.utils.Env@4917a741{__instance__=com.googlecode.aviator.AviatorEvaluatorInstance@2baf9c62, __exp__=Script_1613320541198_10751@57202722, __env__=<this>, x=8, y=9}
com.googlecode.aviator.utils.Env@8a37c6a{__instance__=com.googlecode.aviator.AviatorEvaluatorInstance@2baf9c62, __exp__=Script_1613320541198_10751@57202722, __env__=<this>, x=8, y=9}
com.googlecode.aviator.utils.Env@3d62648d{__instance__=com.googlecode.aviator.AviatorEvaluatorInstance@59fe8d94, __exp__=Script_1613320541237_10827@479f5c35, __env__=<this>}
Tests run: 42, Failures: 0, Errors: 0, Skipped: 0, Time elapsed: 0.058 sec
Running com.googlecode.aviator.lexer.ExpressionLexerUnitTest
Tests run: 41, Failures: 0, Errors: 0, Skipped: 0, Time elapsed: 0.007 sec
Running com.googlecode.aviator.test.function.FunctionTest
[FunctionArgument [index=0, expression=1], FunctionArgument [index=1, expression=2], FunctionArgument [index=2, expression=100+2]]
[FunctionArgument [index=0, expression=sum], FunctionArgument [index=1, expression=a], FunctionArgument [index=2, expression='hello'], FunctionArgument [index=3, expression=4+100]]
[FunctionArgument [index=0, expression=sum], FunctionArgument [index=1, expression=a], FunctionArgument [index=2, expression='hello'], FunctionArgument [index=3, expression=4+100]]
class java.lang.Double
[Aviator TRACE] Func   : sysdate()
[Aviator TRACE] Result : <JavaType, A_1024969, Sun Feb 14 16:35:41 UTC 2021, java.util.Date>
[Aviator TRACE] Result : Sun Feb 14 16:35:41 UTC 2021
[Aviator TRACE] Func   : now()
[Aviator TRACE] Result : <Long, 1613320541294>
[Aviator TRACE] Result : 1613320541294
[Aviator TRACE] Func   : rand()
[Aviator TRACE] Result : <Double, 0.6978935338497285>
[Aviator TRACE] Result : 0.6978935338497285
[Aviator TRACE] Func   : rand(<Long, 100>)
[Aviator TRACE] Result : <Long, 22>
[Aviator TRACE] Result : 22
[Aviator TRACE] Func   : rand()
[Aviator TRACE] Result : <Double, 0.1693923220334168>
[Aviator TRACE] Result : 0.1693923220334168
3.333333333333333E19
5
6
Tests run: 49, Failures: 0, Errors: 0, Skipped: 0, Time elapsed: 0.155 sec
Running com.googlecode.aviator.test.function.GrammarUnitTest
com.googlecode.aviator.exception.ExpressionSyntaxErrorException: Syntax error: expect '}' to complete string interpolation at 3, lineNumber: 1, token : null,
while parsing expression: `
1+2^^^
`
	at com.googlecode.aviator.AviatorEvaluatorInstance.compileStringSegments(AviatorEvaluatorInstance.java:1613)
	at com.googlecode.aviator.BaseExpression$1.call(BaseExpression.java:65)
	at com.googlecode.aviator.BaseExpression$1.call(BaseExpression.java:61)
	at java.base/java.util.concurrent.FutureTask.run(FutureTask.java:264)
	at com.googlecode.aviator.BaseExpression.getStringSegements(BaseExpression.java:74)
	at com.googlecode.aviator.runtime.type.AviatorString.getLexeme(AviatorString.java:149)
	at com.googlecode.aviator.runtime.type.AviatorString.getValue(AviatorString.java:50)
	at Script_1613320541450_11471.execute0(Script_1613320541450_11471:1)
	at com.googlecode.aviator.ClassExpression.executeDirectly(ClassExpression.java:65)
	at com.googlecode.aviator.BaseExpression.execute(BaseExpression.java:136)
	at com.googlecode.aviator.AviatorEvaluatorInstance.execute(AviatorEvaluatorInstance.java:1482)
	at com.googlecode.aviator.AviatorEvaluator.execute(AviatorEvaluator.java:517)
	at com.googlecode.aviator.AviatorEvaluator.execute(AviatorEvaluator.java:529)
	at com.googlecode.aviator.AviatorEvaluator.execute(AviatorEvaluator.java:550)
	at com.googlecode.aviator.test.function.GrammarUnitTest.testStringInterpolation(GrammarUnitTest.java:222)
	at java.base/jdk.internal.reflect.NativeMethodAccessorImpl.invoke0(Native Method)
	at java.base/jdk.internal.reflect.NativeMethodAccessorImpl.invoke(NativeMethodAccessorImpl.java:62)
	at java.base/jdk.internal.reflect.DelegatingMethodAccessorImpl.invoke(DelegatingMethodAccessorImpl.java:43)
	at java.base/java.lang.reflect.Method.invoke(Method.java:566)
	at org.junit.internal.runners.TestMethodRunner.executeMethodBody(TestMethodRunner.java:99)
	at org.junit.internal.runners.TestMethodRunner.runUnprotected(TestMethodRunner.java:81)
	at org.junit.internal.runners.BeforeAndAfterRunner.runProtected(BeforeAndAfterRunner.java:34)
	at org.junit.internal.runners.TestMethodRunner.runMethod(TestMethodRunner.java:75)
	at org.junit.internal.runners.TestMethodRunner.run(TestMethodRunner.java:45)
	at org.junit.internal.runners.TestClassMethodsRunner.invokeTestMethod(TestClassMethodsRunner.java:66)
	at org.junit.internal.runners.TestClassMethodsRunner.run(TestClassMethodsRunner.java:35)
	at org.junit.internal.runners.TestClassRunner$1.runUnprotected(TestClassRunner.java:42)
	at org.junit.internal.runners.BeforeAndAfterRunner.runProtected(BeforeAndAfterRunner.java:34)
	at org.junit.internal.runners.TestClassRunner.run(TestClassRunner.java:52)
	at org.apache.maven.surefire.junit4.JUnit4Provider.execute(JUnit4Provider.java:252)
	at org.apache.maven.surefire.junit4.JUnit4Provider.executeTestSet(JUnit4Provider.java:141)
	at org.apache.maven.surefire.junit4.JUnit4Provider.invoke(JUnit4Provider.java:112)
	at java.base/jdk.internal.reflect.NativeMethodAccessorImpl.invoke0(Native Method)
	at java.base/jdk.internal.reflect.NativeMethodAccessorImpl.invoke(NativeMethodAccessorImpl.java:62)
	at java.base/jdk.internal.reflect.DelegatingMethodAccessorImpl.invoke(DelegatingMethodAccessorImpl.java:43)
	at java.base/java.lang.reflect.Method.invoke(Method.java:566)
	at org.apache.maven.surefire.util.ReflectionUtils.invokeMethodWithArray(ReflectionUtils.java:189)
	at org.apache.maven.surefire.booter.ProviderFactory$ProviderProxy.invoke(ProviderFactory.java:165)
	at org.apache.maven.surefire.booter.ProviderFactory.invokeProvider(ProviderFactory.java:85)
	at org.apache.maven.surefire.booter.ForkedBooter.runSuitesInProcess(ForkedBooter.java:115)
	at org.apache.maven.surefire.booter.ForkedBooter.main(ForkedBooter.java:75)
com.googlecode.aviator.exception.ExpressionSyntaxErrorException: Syntax error: invalid token at 2, lineNumber: 1, token : [type='Char',lexeme='*',index=2],
while parsing expression: `
1+*2^^^
`
	at com.googlecode.aviator.AviatorEvaluatorInstance.compileStringSegments(AviatorEvaluatorInstance.java:1609)
	at com.googlecode.aviator.BaseExpression$1.call(BaseExpression.java:65)
	at com.googlecode.aviator.BaseExpression$1.call(BaseExpression.java:61)
	at java.base/java.util.concurrent.FutureTask.run(FutureTask.java:264)
	at com.googlecode.aviator.BaseExpression.getStringSegements(BaseExpression.java:74)
	at com.googlecode.aviator.runtime.type.AviatorString.getLexeme(AviatorString.java:149)
	at com.googlecode.aviator.runtime.type.AviatorString.getValue(AviatorString.java:50)
	at Script_1613320541452_11473.execute0(Script_1613320541452_11473:1)
	at com.googlecode.aviator.ClassExpression.executeDirectly(ClassExpression.java:65)
	at com.googlecode.aviator.BaseExpression.execute(BaseExpression.java:136)
	at com.googlecode.aviator.AviatorEvaluatorInstance.execute(AviatorEvaluatorInstance.java:1482)
	at com.googlecode.aviator.AviatorEvaluator.execute(AviatorEvaluator.java:517)
	at com.googlecode.aviator.AviatorEvaluator.execute(AviatorEvaluator.java:529)
	at com.googlecode.aviator.AviatorEvaluator.execute(AviatorEvaluator.java:550)
	at com.googlecode.aviator.test.function.GrammarUnitTest.testStringInterpolation(GrammarUnitTest.java:228)
	at java.base/jdk.internal.reflect.NativeMethodAccessorImpl.invoke0(Native Method)
	at java.base/jdk.internal.reflect.NativeMethodAccessorImpl.invoke(NativeMethodAccessorImpl.java:62)
	at java.base/jdk.internal.reflect.DelegatingMethodAccessorImpl.invoke(DelegatingMethodAccessorImpl.java:43)
	at java.base/java.lang.reflect.Method.invoke(Method.java:566)
	at org.junit.internal.runners.TestMethodRunner.executeMethodBody(TestMethodRunner.java:99)
	at org.junit.internal.runners.TestMethodRunner.runUnprotected(TestMethodRunner.java:81)
	at org.junit.internal.runners.BeforeAndAfterRunner.runProtected(BeforeAndAfterRunner.java:34)
	at org.junit.internal.runners.TestMethodRunner.runMethod(TestMethodRunner.java:75)
	at org.junit.internal.runners.TestMethodRunner.run(TestMethodRunner.java:45)
	at org.junit.internal.runners.TestClassMethodsRunner.invokeTestMethod(TestClassMethodsRunner.java:66)
	at org.junit.internal.runners.TestClassMethodsRunner.run(TestClassMethodsRunner.java:35)
	at org.junit.internal.runners.TestClassRunner$1.runUnprotected(TestClassRunner.java:42)
	at org.junit.internal.runners.BeforeAndAfterRunner.runProtected(BeforeAndAfterRunner.java:34)
	at org.junit.internal.runners.TestClassRunner.run(TestClassRunner.java:52)
	at org.apache.maven.surefire.junit4.JUnit4Provider.execute(JUnit4Provider.java:252)
	at org.apache.maven.surefire.junit4.JUnit4Provider.executeTestSet(JUnit4Provider.java:141)
	at org.apache.maven.surefire.junit4.JUnit4Provider.invoke(JUnit4Provider.java:112)
	at java.base/jdk.internal.reflect.NativeMethodAccessorImpl.invoke0(Native Method)
	at java.base/jdk.internal.reflect.NativeMethodAccessorImpl.invoke(NativeMethodAccessorImpl.java:62)
	at java.base/jdk.internal.reflect.DelegatingMethodAccessorImpl.invoke(DelegatingMethodAccessorImpl.java:43)
	at java.base/java.lang.reflect.Method.invoke(Method.java:566)
	at org.apache.maven.surefire.util.ReflectionUtils.invokeMethodWithArray(ReflectionUtils.java:189)
	at org.apache.maven.surefire.booter.ProviderFactory$ProviderProxy.invoke(ProviderFactory.java:165)
	at org.apache.maven.surefire.booter.ProviderFactory.invokeProvider(ProviderFactory.java:85)
	at org.apache.maven.surefire.booter.ForkedBooter.runSuitesInProcess(ForkedBooter.java:115)
	at org.apache.maven.surefire.booter.ForkedBooter.main(ForkedBooter.java:75)
[Aviator WARN] The function 'string.getFromJsonMap' is already exists, but is replaced with new one.
5
Tests run: 58, Failures: 0, Errors: 0, Skipped: 0, Time elapsed: 0.151 sec
Running com.googlecode.aviator.test.function.QuoteVarTest
Tests run: 1, Failures: 0, Errors: 0, Skipped: 0, Time elapsed: 0 sec
Running com.googlecode.aviator.test.function.OperatorFunctionTest
Tests run: 3, Failures: 0, Errors: 0, Skipped: 0, Time elapsed: 0 sec
Running com.googlecode.aviator.utils.SyncLRUMapUnitTest
{9990=9990, 9991=9991, 9992=9992, 9993=9993, 9994=9994, 9995=9995, 9996=9996, 9997=9997, 9998=9998, 9999=9999}
Tests run: 3, Failures: 0, Errors: 0, Skipped: 0, Time elapsed: 0.328 sec
Running com.googlecode.aviator.utils.VarNameGeneratorTest
Tests run: 2, Failures: 0, Errors: 0, Skipped: 0, Time elapsed: 0 sec
Running com.googlecode.aviator.utils.LRUMapUnitTest
Tests run: 2, Failures: 0, Errors: 0, Skipped: 0, Time elapsed: 0 sec

Results :

Tests run: 685, Failures: 0, Errors: 0, Skipped: 0

[INFO] ------------------------------------------------------------------------
[INFO] BUILD SUCCESS
[INFO] ------------------------------------------------------------------------
[INFO] Total time:  38.452 s
[INFO] Finished at: 2021-02-14T16:35:41Z
[INFO] ------------------------------------------------------------------------
