[INFO] Scanning for projects...
[INFO] 
[INFO] -------------------< com.googlecode.aviator:aviator >-------------------
[INFO] Building aviator 5.1.5-SNAPSHOT
[INFO] --------------------------------[ jar ]---------------------------------
[INFO] 
[INFO] --- formatter-maven-plugin:2.9.0:format (default) @ aviator ---
[INFO] Using 'utf-8' encoding to format source files.
[INFO] Number of files to be formatted: 336
[INFO] Successfully formatted:          0 file(s)
[INFO] Fail to format:                  0 file(s)
[INFO] Skipped:                         336 file(s)
[INFO] Read only skipped:               0 file(s)
[INFO] Approximate time taken:          2s
[INFO] 
[INFO] --- maven-resources-plugin:2.6:resources (default-resources) @ aviator ---
[INFO] Using 'UTF-8' encoding to copy filtered resources.
[INFO] Copying 1 resource
[INFO] 
[INFO] --- maven-compiler-plugin:3.8.1:compile (default-compile) @ aviator ---
[INFO] Nothing to compile - all classes are up to date
[INFO] 
[INFO] --- maven-resources-plugin:2.6:testResources (default-testResources) @ aviator ---
[INFO] Using 'UTF-8' encoding to copy filtered resources.
[INFO] Copying 68 resources
[INFO] 
[INFO] --- maven-compiler-plugin:3.8.1:testCompile (default-testCompile) @ aviator ---
[INFO] Nothing to compile - all classes are up to date
[INFO] 
[INFO] --- maven-surefire-plugin:2.12.4:test (default-test) @ aviator ---
[INFO] Surefire report directory: /workdir/aviatorscript/target/surefire-reports

-------------------------------------------------------
 T E S T S
-------------------------------------------------------
Running com.googlecode.aviator.SimpleELPerformanceTest
Perf (a+b+100)*c*100
[Aviator INFO] Loading custom aviator function class: 'com.googlecode.aviator.runtime.function.custom.AddFunction'.
[Aviator INFO] Total 1 custom functions loaded.
time : 844
Perf a.b.c
time : 985
Perf string interpolation
time : 802
Perf (a+b+100)*c*100
time : 1,029
Perf a.b.c
time : 986
Perf string interpolation
time : 765
Perf (a+b+100)*c*100
time : 1,017
Perf a.b.c
time : 994
Perf string interpolation
time : 767
Perf (a+b+100)*c*100
time : 1,038
Perf a.b.c
time : 1,004
Perf string interpolation
time : 760
Perf (a+b+100)*c*100
time : 1,041
Perf a.b.c
time : 995
Perf string interpolation
time : 760
Perf (a+b+100)*c*100
time : 1,025
Perf a.b.c
time : 997
Perf string interpolation
time : 760
Perf (a+b+100)*c*100
time : 1,010
Perf a.b.c
time : 982
Perf string interpolation
time : 754
Perf (a+b+100)*c*100
time : 1,054
Perf a.b.c
time : 978
Perf string interpolation
time : 757
Perf (a+b+100)*c*100
time : 1,019
Perf a.b.c
time : 979
Perf string interpolation
time : 748
Perf (a+b+100)*c*100
time : 1,014
Perf a.b.c
time : 983
Perf string interpolation
time : 757
Tests run: 1, Failures: 0, Errors: 0, Skipped: 0, Time elapsed: 27.698 sec
Running com.googlecode.aviator.spring.SringContextFunctionLoaderTest
Feb 14, 2021 4:36:30 PM org.springframework.context.support.ClassPathXmlApplicationContext prepareRefresh
INFO: Refreshing org.springframework.context.support.ClassPathXmlApplicationContext@799f10e1: startup date [Sun Feb 14 16:36:30 UTC 2021]; root of context hierarchy
Feb 14, 2021 4:36:30 PM org.springframework.beans.factory.xml.XmlBeanDefinitionReader loadBeanDefinitions
INFO: Loading XML bean definitions from class path resource [context.xml]
Tests run: 1, Failures: 0, Errors: 0, Skipped: 0, Time elapsed: 0.227 sec
Running com.googlecode.aviator.scripts.TestScripts
Testing script string.av with args: []
Testing script new.av with args: []
Testing script string_interpolation.av with args: []
Testing script string_interpolation.av with args: []
Testing script seq_entry.av with args: []
Testing script range.av with args: []
Testing script let1.av with args: []
Testing script let2.av with args: []
Testing script let3.av with args: []
Testing script let4.av with args: []
Testing script let5.av with args: []
Testing script qsort.av with args: [a, [I@27216cd]
Testing script qsort.av with args: [a, [I@4f5991f6]
Testing script qsort.av with args: [a, [I@484094a5]
Testing script qsort.av with args: [a, [I@38234a38]
Testing script qsort.av with args: [a, [I@63fbfaeb]
Testing script qsort.av with args: [a, [I@602e0143]
Testing script qsort.av with args: [a, [I@e57b96d]
Testing script qsort.av with args: [a, [I@2c4d1ac]
Testing script qsort.av with args: [a, [I@545b995e]
Testing script qsort.av with args: [a, [I@41e68d87]
Testing script qsort.av with args: [a, [I@45312be2]
Testing script qsort.av with args: [a, [I@7fb95505]
Testing script qsort.av with args: [a, [I@58be6e8]
Testing script qsort.av with args: [a, [I@7331196b]
Testing script qsort.av with args: [a, [I@3f9342d4]
Testing script qsort.av with args: [a, [I@ab7395e]
Testing script qsort.av with args: [a, [I@50d13246]
Testing script qsort.av with args: [a, [I@2bd08376]
Testing script qsort.av with args: [a, [I@e70f13a]
Testing script qsort.av with args: [a, [I@3d3e5463]
Testing script qsort.av with args: [a, [I@64a40280]
Testing script qsort.av with args: [a, [I@4b40f651]
Testing script qsort.av with args: [a, [I@42b02722]
Testing script qsort.av with args: [a, [I@d62fe5b]
Testing script qsort.av with args: [a, [I@49964d75]
Testing script qsort.av with args: [a, [I@528c868]
Testing script qsort.av with args: [a, [I@466276d8]
Testing script qsort.av with args: [a, [I@5ce8d869]
Testing script qsort.av with args: [a, [I@27eedb64]
Testing script qsort.av with args: [a, [I@64c63c79]
Testing script qsort.av with args: [a, [I@31c7528f]
Testing script qsort.av with args: [a, [I@2b76ff4e]
Testing script qsort.av with args: [a, [I@7a1234bf]
Testing script qsort.av with args: [a, [I@2f62ea70]
Testing script qsort.av with args: [a, [I@24ba9639]
Testing script qsort.av with args: [a, [I@38aa816f]
Testing script qsort.av with args: [a, [I@53f6fd09]
Testing script qsort.av with args: [a, [I@6bffbc6d]
Testing script qsort.av with args: [a, [I@1b84f475]
Testing script qsort.av with args: [a, [I@7749bf93]
Testing script qsort.av with args: [a, [I@13330ac6]
Testing script qsort.av with args: [a, [I@539d019]
Testing script qsort.av with args: [a, [I@39a2bb97]
Testing script qsort.av with args: [a, [I@3ad2e17]
Testing script qsort.av with args: [a, [I@8c3619e]
Testing script qsort.av with args: [a, [I@4331d187]
Testing script qsort.av with args: [a, [I@6f63b475]
Testing script qsort.av with args: [a, [I@554e218]
Testing script qsort.av with args: [a, [I@1608bcbd]
Testing script qsort.av with args: [a, [I@5bf8fa12]
Testing script qsort.av with args: [a, [I@29ca3d04]
Testing script qsort.av with args: [a, [I@b2c5e07]
Testing script qsort.av with args: [a, [I@5812f68b]
Testing script qsort.av with args: [a, [I@4426bff1]
Testing script qsort.av with args: [a, [I@3c7c886c]
Testing script qsort.av with args: [a, [I@55493582]
Testing script qsort.av with args: [a, [I@1a20270e]
Testing script qsort.av with args: [a, [I@6b88ca8c]
Testing script qsort.av with args: [a, [I@336f1079]
Testing script qsort.av with args: [a, [I@2f16c6b3]
Testing script qsort.av with args: [a, [I@34158c08]
Testing script qsort.av with args: [a, [I@19e4fcac]
Testing script qsort.av with args: [a, [I@52c3cb31]
Testing script qsort.av with args: [a, [I@4b79ac84]
Testing script qsort.av with args: [a, [I@53941c2f]
Testing script qsort.av with args: [a, [I@6dab9b6d]
Testing script qsort.av with args: [a, [I@21fd5faa]
Testing script qsort.av with args: [a, [I@2766ca9d]
Testing script qsort.av with args: [a, [I@5460cf3a]
Testing script qsort.av with args: [a, [I@65a15628]
Testing script qsort.av with args: [a, [I@2e6a5539]
Testing script qsort.av with args: [a, [I@3fc9504b]
Testing script qsort.av with args: [a, [I@6d025197]
Testing script qsort.av with args: [a, [I@27d4a09]
Testing script qsort.av with args: [a, [I@7e4204e2]
Testing script qsort.av with args: [a, [I@b7c4869]
Testing script qsort.av with args: [a, [I@740d2e78]
Testing script qsort.av with args: [a, [I@1c481ff2]
Testing script qsort.av with args: [a, [I@72437d8d]
Testing script qsort.av with args: [a, [I@1b955cac]
Testing script qsort.av with args: [a, [I@676cf48]
Testing script qsort.av with args: [a, [I@5a1de7fb]
Testing script qsort.av with args: [a, [I@335b5620]
Testing script qsort.av with args: [a, [I@29a0cdb]
Testing script qsort.av with args: [a, [I@32a68f4f]
Testing script qsort.av with args: [a, [I@73194df]
Testing script qsort.av with args: [a, [I@6eb2384f]
Testing script qsort.av with args: [a, [I@3c9c0d96]
Testing script qsort.av with args: [a, [I@3a4621bd]
Testing script qsort.av with args: [a, [I@31dadd46]
Testing script selection_sort.av with args: [a, [I@4ed5eb72]
Testing script selection_sort.av with args: [a, [I@6e4566f1]
Testing script selection_sort.av with args: [a, [I@4b6e2263]
Testing script selection_sort.av with args: [a, [I@1b7c473a]
Testing script selection_sort.av with args: [a, [I@5e4bd84a]
Testing script selection_sort.av with args: [a, [I@648c94da]
Testing script selection_sort.av with args: [a, [I@535779e4]
Testing script selection_sort.av with args: [a, [I@6c0d9d86]
Testing script selection_sort.av with args: [a, [I@4ce1d6d0]
Testing script selection_sort.av with args: [a, [I@24111ef1]
Testing script selection_sort.av with args: [a, [I@5dcb4f5f]
Testing script selection_sort.av with args: [a, [I@71812481]
Testing script selection_sort.av with args: [a, [I@16ce702d]
Testing script selection_sort.av with args: [a, [I@7b94089b]
Testing script selection_sort.av with args: [a, [I@7ca20101]
Testing script selection_sort.av with args: [a, [I@47f9738]
Testing script selection_sort.av with args: [a, [I@6155d082]
Testing script selection_sort.av with args: [a, [I@3a5ecce3]
Testing script selection_sort.av with args: [a, [I@561868a0]
Testing script selection_sort.av with args: [a, [I@2ea6e30c]
Testing script selection_sort.av with args: [a, [I@6138e79a]
Testing script selection_sort.av with args: [a, [I@2dcd168a]
Testing script selection_sort.av with args: [a, [I@388526fb]
Testing script selection_sort.av with args: [a, [I@21a21c64]
Testing script selection_sort.av with args: [a, [I@7803bfd]
Testing script selection_sort.av with args: [a, [I@42bc14c1]
Testing script selection_sort.av with args: [a, [I@531f4093]
Testing script selection_sort.av with args: [a, [I@62ef27a8]
Testing script selection_sort.av with args: [a, [I@6436a7db]
Testing script selection_sort.av with args: [a, [I@460ebd80]
Testing script selection_sort.av with args: [a, [I@6f3c660a]
Testing script selection_sort.av with args: [a, [I@74f5ce22]
Testing script selection_sort.av with args: [a, [I@25aca718]
Testing script selection_sort.av with args: [a, [I@16fdec90]
Testing script selection_sort.av with args: [a, [I@1afdd473]
Testing script selection_sort.av with args: [a, [I@40238dd0]
Testing script selection_sort.av with args: [a, [I@7776ab]
Testing script selection_sort.av with args: [a, [I@79179359]
Testing script selection_sort.av with args: [a, [I@dbd8e44]
Testing script selection_sort.av with args: [a, [I@51acdf2e]
Testing script selection_sort.av with args: [a, [I@6a55299e]
Testing script selection_sort.av with args: [a, [I@2f1de2d6]
Testing script selection_sort.av with args: [a, [I@4eb386df]
Testing script selection_sort.av with args: [a, [I@79517588]
Testing script selection_sort.av with args: [a, [I@3a0baae5]
Testing script selection_sort.av with args: [a, [I@7ac0e420]
Testing script selection_sort.av with args: [a, [I@289710d9]
Testing script selection_sort.av with args: [a, [I@5a18cd76]
Testing script selection_sort.av with args: [a, [I@3da30852]
Testing script selection_sort.av with args: [a, [I@403f0a22]
Testing script selection_sort.av with args: [a, [I@503ecb24]
Testing script selection_sort.av with args: [a, [I@4c51cf28]
Testing script selection_sort.av with args: [a, [I@6995bf68]
Testing script selection_sort.av with args: [a, [I@5143c662]
Testing script selection_sort.av with args: [a, [I@77825085]
Testing script selection_sort.av with args: [a, [I@3568f9d2]
Testing script selection_sort.av with args: [a, [I@71c27ee8]
Testing script selection_sort.av with args: [a, [I@3e7dd664]
Testing script selection_sort.av with args: [a, [I@5b1ebf56]
Testing script selection_sort.av with args: [a, [I@294a6b8e]
Testing script selection_sort.av with args: [a, [I@4b1d6571]
Testing script selection_sort.av with args: [a, [I@1b835480]
Testing script selection_sort.av with args: [a, [I@3549bca9]
Testing script selection_sort.av with args: [a, [I@4f25b795]
Testing script selection_sort.av with args: [a, [I@6fb365ed]
Testing script selection_sort.av with args: [a, [I@6e950bcf]
Testing script selection_sort.av with args: [a, [I@16414e40]
Testing script selection_sort.av with args: [a, [I@74bada02]
Testing script selection_sort.av with args: [a, [I@525575]
Testing script selection_sort.av with args: [a, [I@46dffdc3]
Testing script selection_sort.av with args: [a, [I@5a709816]
Testing script selection_sort.av with args: [a, [I@78383390]
Testing script selection_sort.av with args: [a, [I@6ad3381f]
Testing script selection_sort.av with args: [a, [I@53dbe163]
Testing script selection_sort.av with args: [a, [I@db57326]
Testing script selection_sort.av with args: [a, [I@34a875b3]
Testing script selection_sort.av with args: [a, [I@4748a0f9]
Testing script selection_sort.av with args: [a, [I@4b14918a]
Testing script selection_sort.av with args: [a, [I@6d1ef78d]
Testing script selection_sort.av with args: [a, [I@1a6c1270]
Testing script selection_sort.av with args: [a, [I@18a136ac]
Testing script selection_sort.av with args: [a, [I@77d67cf3]
Testing script selection_sort.av with args: [a, [I@6dee4f1b]
Testing script selection_sort.av with args: [a, [I@176b3f44]
Testing script selection_sort.av with args: [a, [I@6ee6f53]
Testing script selection_sort.av with args: [a, [I@421bba99]
Testing script selection_sort.av with args: [a, [I@5d12a356]
Testing script selection_sort.av with args: [a, [I@134d26af]
Testing script selection_sort.av with args: [a, [I@66ac5762]
Testing script selection_sort.av with args: [a, [I@797cf65c]
Testing script fibonacci.av with args: [n, 0]
Testing script fibonacci.av with args: [n, 1]
Testing script fibonacci.av with args: [n, 2]
Testing script fibonacci.av with args: [n, 10]
Testing script fibonacci.av with args: [n, 15]
Testing script fibonacci.av with args: [n, 20]
Testing script try_catch1.av with args: []
Testing script try_catch2.av with args: []
java.lang.ClassCastException: <Long, 3> is not a function
	at com.googlecode.aviator.runtime.function.FunctionUtils.getFunction(FunctionUtils.java:130)
	at com.googlecode.aviator.runtime.function.seq.SeqMapFunction.call(SeqMapFunction.java:50)
	at Script_1613320591532_187.execute0(try_catch2.av:2)
	at com.googlecode.aviator.ClassExpression.executeDirectly(ClassExpression.java:65)
	at Lambda_1613320591532_67.call(Unknown Source)
	at com.googlecode.aviator.runtime.function.internal.TryCatchFunction.call(TryCatchFunction.java:41)
	at Script_1613320591532_186.execute0(try_catch2.av:10)
	at com.googlecode.aviator.ClassExpression.executeDirectly(ClassExpression.java:65)
	at com.googlecode.aviator.BaseExpression.execute(BaseExpression.java:136)
	at com.googlecode.aviator.scripts.TestScripts.testScript(TestScripts.java:38)
	at com.googlecode.aviator.scripts.TestScripts.testTryCatch(TestScripts.java:288)
	at java.base/jdk.internal.reflect.NativeMethodAccessorImpl.invoke0(Native Method)
	at java.base/jdk.internal.reflect.NativeMethodAccessorImpl.invoke(NativeMethodAccessorImpl.java:62)
	at java.base/jdk.internal.reflect.DelegatingMethodAccessorImpl.invoke(DelegatingMethodAccessorImpl.java:43)
	at java.base/java.lang.reflect.Method.invoke(Method.java:566)
	at org.junit.internal.runners.TestMethodRunner.executeMethodBody(TestMethodRunner.java:99)
	at org.junit.internal.runners.TestMethodRunner.runUnprotected(TestMethodRunner.java:81)
	at org.junit.internal.runners.BeforeAndAfterRunner.runProtected(BeforeAndAfterRunner.java:34)
	at org.junit.internal.runners.TestMethodRunner.runMethod(TestMethodRunner.java:75)
	at org.junit.internal.runners.TestMethodRunner.run(TestMethodRunner.java:45)
	at org.junit.internal.runners.TestClassMethodsRunner.invokeTestMethod(TestClassMethodsRunner.java:66)
	at org.junit.internal.runners.TestClassMethodsRunner.run(TestClassMethodsRunner.java:35)
	at org.junit.internal.runners.TestClassRunner$1.runUnprotected(TestClassRunner.java:42)
	at org.junit.internal.runners.BeforeAndAfterRunner.runProtected(BeforeAndAfterRunner.java:34)
	at org.junit.internal.runners.TestClassRunner.run(TestClassRunner.java:52)
	at org.apache.maven.surefire.junit4.JUnit4Provider.execute(JUnit4Provider.java:252)
	at org.apache.maven.surefire.junit4.JUnit4Provider.executeTestSet(JUnit4Provider.java:141)
	at org.apache.maven.surefire.junit4.JUnit4Provider.invoke(JUnit4Provider.java:112)
	at java.base/jdk.internal.reflect.NativeMethodAccessorImpl.invoke0(Native Method)
	at java.base/jdk.internal.reflect.NativeMethodAccessorImpl.invoke(NativeMethodAccessorImpl.java:62)
	at java.base/jdk.internal.reflect.DelegatingMethodAccessorImpl.invoke(DelegatingMethodAccessorImpl.java:43)
	at java.base/java.lang.reflect.Method.invoke(Method.java:566)
	at org.apache.maven.surefire.util.ReflectionUtils.invokeMethodWithArray(ReflectionUtils.java:189)
	at org.apache.maven.surefire.booter.ProviderFactory$ProviderProxy.invoke(ProviderFactory.java:165)
	at org.apache.maven.surefire.booter.ProviderFactory.invokeProvider(ProviderFactory.java:85)
	at org.apache.maven.surefire.booter.ForkedBooter.runSuitesInProcess(ForkedBooter.java:115)
	at org.apache.maven.surefire.booter.ForkedBooter.main(ForkedBooter.java:75)
Testing script try_catch3.av with args: []
Testing script try_catch4.av with args: []
Testing script try_catch5.av with args: []
Testing script try_catch6.av with args: []
java.lang.ClassCastException: <Long, 3> is not a function
	at com.googlecode.aviator.runtime.function.FunctionUtils.getFunction(FunctionUtils.java:130)
	at com.googlecode.aviator.runtime.function.seq.SeqMapFunction.call(SeqMapFunction.java:50)
	at Script_1613320591549_211.execute0(try_catch6.av:2)
	at com.googlecode.aviator.ClassExpression.executeDirectly(ClassExpression.java:65)
	at Lambda_1613320591549_87.call(Unknown Source)
	at com.googlecode.aviator.runtime.function.internal.TryCatchFunction.call(TryCatchFunction.java:41)
	at Script_1613320591549_210.execute0(try_catch6.av:10)
	at com.googlecode.aviator.ClassExpression.executeDirectly(ClassExpression.java:65)
	at com.googlecode.aviator.BaseExpression.execute(BaseExpression.java:136)
	at com.googlecode.aviator.scripts.TestScripts.testScript(TestScripts.java:38)
	at com.googlecode.aviator.scripts.TestScripts.testTryCatch(TestScripts.java:295)
	at java.base/jdk.internal.reflect.NativeMethodAccessorImpl.invoke0(Native Method)
	at java.base/jdk.internal.reflect.NativeMethodAccessorImpl.invoke(NativeMethodAccessorImpl.java:62)
	at java.base/jdk.internal.reflect.DelegatingMethodAccessorImpl.invoke(DelegatingMethodAccessorImpl.java:43)
	at java.base/java.lang.reflect.Method.invoke(Method.java:566)
	at org.junit.internal.runners.TestMethodRunner.executeMethodBody(TestMethodRunner.java:99)
	at org.junit.internal.runners.TestMethodRunner.runUnprotected(TestMethodRunner.java:81)
	at org.junit.internal.runners.BeforeAndAfterRunner.runProtected(BeforeAndAfterRunner.java:34)
	at org.junit.internal.runners.TestMethodRunner.runMethod(TestMethodRunner.java:75)
	at org.junit.internal.runners.TestMethodRunner.run(TestMethodRunner.java:45)
	at org.junit.internal.runners.TestClassMethodsRunner.invokeTestMethod(TestClassMethodsRunner.java:66)
	at org.junit.internal.runners.TestClassMethodsRunner.run(TestClassMethodsRunner.java:35)
	at org.junit.internal.runners.TestClassRunner$1.runUnprotected(TestClassRunner.java:42)
	at org.junit.internal.runners.BeforeAndAfterRunner.runProtected(BeforeAndAfterRunner.java:34)
	at org.junit.internal.runners.TestClassRunner.run(TestClassRunner.java:52)
	at org.apache.maven.surefire.junit4.JUnit4Provider.execute(JUnit4Provider.java:252)
	at org.apache.maven.surefire.junit4.JUnit4Provider.executeTestSet(JUnit4Provider.java:141)
	at org.apache.maven.surefire.junit4.JUnit4Provider.invoke(JUnit4Provider.java:112)
	at java.base/jdk.internal.reflect.NativeMethodAccessorImpl.invoke0(Native Method)
	at java.base/jdk.internal.reflect.NativeMethodAccessorImpl.invoke(NativeMethodAccessorImpl.java:62)
	at java.base/jdk.internal.reflect.DelegatingMethodAccessorImpl.invoke(DelegatingMethodAccessorImpl.java:43)
	at java.base/java.lang.reflect.Method.invoke(Method.java:566)
	at org.apache.maven.surefire.util.ReflectionUtils.invokeMethodWithArray(ReflectionUtils.java:189)
	at org.apache.maven.surefire.booter.ProviderFactory$ProviderProxy.invoke(ProviderFactory.java:165)
	at org.apache.maven.surefire.booter.ProviderFactory.invokeProvider(ProviderFactory.java:85)
	at org.apache.maven.surefire.booter.ForkedBooter.runSuitesInProcess(ForkedBooter.java:115)
	at org.apache.maven.surefire.booter.ForkedBooter.main(ForkedBooter.java:75)
Testing script try_catch7.av with args: []
java.io.IOException: test
	at java.base/jdk.internal.reflect.NativeConstructorAccessorImpl.newInstance0(Native Method)
	at java.base/jdk.internal.reflect.NativeConstructorAccessorImpl.newInstance(NativeConstructorAccessorImpl.java:62)
	at java.base/jdk.internal.reflect.DelegatingConstructorAccessorImpl.newInstance(DelegatingConstructorAccessorImpl.java:45)
	at java.base/java.lang.reflect.Constructor.newInstance(Constructor.java:490)
	at com.googlecode.aviator.runtime.function.internal.NewInstanceFunction.variadicCall(NewInstanceFunction.java:68)
	at com.googlecode.aviator.runtime.function.AbstractVariadicFunction.call(AbstractVariadicFunction.java:71)
	at Script_1613320591553_217.execute0(try_catch7.av:2)
	at com.googlecode.aviator.ClassExpression.executeDirectly(ClassExpression.java:65)
	at Lambda_1613320591553_92.call(Unknown Source)
	at com.googlecode.aviator.runtime.function.internal.TryCatchFunction.call(TryCatchFunction.java:41)
	at Script_1613320591553_216.execute0(try_catch7.av:10)
	at com.googlecode.aviator.ClassExpression.executeDirectly(ClassExpression.java:65)
	at com.googlecode.aviator.BaseExpression.execute(BaseExpression.java:136)
	at com.googlecode.aviator.scripts.TestScripts.testScript(TestScripts.java:38)
	at com.googlecode.aviator.scripts.TestScripts.testTryCatch(TestScripts.java:296)
	at java.base/jdk.internal.reflect.NativeMethodAccessorImpl.invoke0(Native Method)
	at java.base/jdk.internal.reflect.NativeMethodAccessorImpl.invoke(NativeMethodAccessorImpl.java:62)
	at java.base/jdk.internal.reflect.DelegatingMethodAccessorImpl.invoke(DelegatingMethodAccessorImpl.java:43)
	at java.base/java.lang.reflect.Method.invoke(Method.java:566)
	at org.junit.internal.runners.TestMethodRunner.executeMethodBody(TestMethodRunner.java:99)
	at org.junit.internal.runners.TestMethodRunner.runUnprotected(TestMethodRunner.java:81)
	at org.junit.internal.runners.BeforeAndAfterRunner.runProtected(BeforeAndAfterRunner.java:34)
	at org.junit.internal.runners.TestMethodRunner.runMethod(TestMethodRunner.java:75)
	at org.junit.internal.runners.TestMethodRunner.run(TestMethodRunner.java:45)
	at org.junit.internal.runners.TestClassMethodsRunner.invokeTestMethod(TestClassMethodsRunner.java:66)
	at org.junit.internal.runners.TestClassMethodsRunner.run(TestClassMethodsRunner.java:35)
	at org.junit.internal.runners.TestClassRunner$1.runUnprotected(TestClassRunner.java:42)
	at org.junit.internal.runners.BeforeAndAfterRunner.runProtected(BeforeAndAfterRunner.java:34)
	at org.junit.internal.runners.TestClassRunner.run(TestClassRunner.java:52)
	at org.apache.maven.surefire.junit4.JUnit4Provider.execute(JUnit4Provider.java:252)
	at org.apache.maven.surefire.junit4.JUnit4Provider.executeTestSet(JUnit4Provider.java:141)
	at org.apache.maven.surefire.junit4.JUnit4Provider.invoke(JUnit4Provider.java:112)
	at java.base/jdk.internal.reflect.NativeMethodAccessorImpl.invoke0(Native Method)
	at java.base/jdk.internal.reflect.NativeMethodAccessorImpl.invoke(NativeMethodAccessorImpl.java:62)
	at java.base/jdk.internal.reflect.DelegatingMethodAccessorImpl.invoke(DelegatingMethodAccessorImpl.java:43)
	at java.base/java.lang.reflect.Method.invoke(Method.java:566)
	at org.apache.maven.surefire.util.ReflectionUtils.invokeMethodWithArray(ReflectionUtils.java:189)
	at org.apache.maven.surefire.booter.ProviderFactory$ProviderProxy.invoke(ProviderFactory.java:165)
	at org.apache.maven.surefire.booter.ProviderFactory.invokeProvider(ProviderFactory.java:85)
	at org.apache.maven.surefire.booter.ForkedBooter.runSuitesInProcess(ForkedBooter.java:115)
	at org.apache.maven.surefire.booter.ForkedBooter.main(ForkedBooter.java:75)
Testing script string_seq.av with args: []
Testing script scope1.av with args: []
Testing script scope2.av with args: []
Testing script comments.av with args: []
Testing script if_else1.av with args: []
Testing script if_else2.av with args: []
Testing script if_else3.av with args: []
Testing script if_else4.av with args: []
Testing script if_else5.av with args: []
Testing script if_else6.av with args: []
Testing script if_elsif1.av with args: [a, 2]
Testing script if_elsif1.av with args: [a, 11]
Testing script if_elsif1.av with args: [a, 101]
Testing script if_elsif2.av with args: [a, 2]
Testing script if_elsif2.av with args: [a, 11]
Testing script if_elsif2.av with args: [a, 101]
Testing script if_elsif3.av with args: [a, 8]
Testing script if_elsif3.av with args: [a, 12]
Testing script if_elsif3.av with args: [a, 112]
Testing script if_else7.av with args: []
Testing script if_else8.av with args: []
Testing script if_else9.av with args: []
Testing script if_else10.av with args: []
Testing script if_else_scope.av with args: [b, 101]
Testing script if_else_scope.av with args: [b, 11]
Testing script if_else_scope.av with args: [b, 1]
Testing script for1.av with args: []
Testing script for2.av with args: [a, 1]
Testing script for2.av with args: [a, 3]
Testing script for2.av with args: [a, 100]
Testing script for2.av with args: [a, -1]
Testing script for2.av with args: [a, 0]
Testing script for3.av with args: [a, 10]
Testing script for3.av with args: [a, 101]
Testing script for4.av with args: [a, 10]
Testing script for4.av with args: [a, 50]
Testing script for_break1.av with args: [a, 5]
Testing script for_break1.av with args: [a, 101]
Testing script for_break2.av with args: [a, 5]
Testing script for_break2.av with args: [a, 101]
Testing script for_break3.av with args: [a, 5]
Testing script for_break3.av with args: [a, 101]
Testing script for_break4.av with args: [a, 5]
Testing script for_break4.av with args: [a, 101]
Testing script for_break5.av with args: [a, 5]
Testing script for_break5.av with args: [a, 101]
Testing script for_continue1.av with args: [a, 101]
Testing script for_continue1.av with args: [a, 11]
Testing script for_continue1.av with args: [a, 12]
Testing script for_continue2.av with args: [a, 5]
Testing script for_continue2.av with args: [a, 101]
Testing script for_continue3.av with args: [a, 5]
Testing script for_continue3.av with args: [a, 101]
Testing script for_continue4.av with args: [a, 101]
Testing script for_continue4.av with args: [a, 51]
Testing script for_continue4.av with args: [a, 11]
Testing script for_continue4.av with args: [a, 12]
Testing script for_return1.av with args: []
Testing script for_return2.av with args: []
Testing script for_return3.av with args: []
Testing script for_return4.av with args: []
Testing script for5.av with args: []
Testing script for_null.av with args: []
Testing script for_null.av with args: [a, [I@295eaa7c]
Testing script while1.av with args: []
Testing script while2.av with args: []
Testing script while3.av with args: []
Testing script while4.av with args: []
Testing script while5.av with args: [a, 1, b, 10]
Testing script while6.av with args: []
rand_int(10)=6
Testing script while6.av with args: []
rand_int(10)=7
Testing script while6.av with args: []
rand_int(10)=6
Testing script while6.av with args: []
rand_int(10)=9
Testing script while6.av with args: []
rand_int(10)=7
Testing script while6.av with args: []
rand_int(10)=9
Testing script while6.av with args: []
rand_int(10)=9
Testing script while6.av with args: []
rand_int(10)=6
Testing script while6.av with args: []
rand_int(10)=8
Testing script while6.av with args: []
rand_int(10)=7
Testing script while7.av with args: []
Testing script while8.av with args: []
Tests run: 14, Failures: 0, Errors: 0, Skipped: 0, Time elapsed: 1.2 sec
Running com.googlecode.aviator.ScriptEngineTest
3
hello world
run
run
Tests run: 8, Failures: 0, Errors: 0, Skipped: 0, Time elapsed: 0.021 sec
Running com.googlecode.aviator.code.asm.ASMCodeGeneratorUnitTest
Tests run: 39, Failures: 0, Errors: 0, Skipped: 0, Time elapsed: 0.024 sec
Running com.googlecode.aviator.AviatorEvaluatorInstanceUnitTest
com.googlecode.aviator.utils.Env@72b16078{__instance__=com.googlecode.aviator.AviatorEvaluatorInstance@22c86919, __exp__=Script_1613320591969_563@70fab835, __env__=<this>}
[test.getClass, test.wait, test.hashCode, test.equals, test.notifyAll, test.toString, test.is_empty, test.notify]
com.googlecode.aviator.utils.Env@14bb2297{__instance__=com.googlecode.aviator.AviatorEvaluatorInstance@69adf72c, __exp__=Script_1613320592007_616@797501a, __env__=<this>, x=3, y=4}
com.googlecode.aviator.utils.Env@c1fca1e{__instance__=com.googlecode.aviator.AviatorEvaluatorInstance@69adf72c, __exp__=Script_1613320592007_616@797501a, __env__=<this>, x=8, y=9}
com.googlecode.aviator.utils.Env@70e659aa{__instance__=com.googlecode.aviator.AviatorEvaluatorInstance@69adf72c, __exp__=Script_1613320592007_616@797501a, __env__=<this>, x=8, y=9}
[Aviator WARN] compile lexeme `hecco` without caching, it may hurt performance and cause metaspace full gc, the stack:
	com.googlecode.aviator.runtime.type.AviatorString.warnOnCompile(AviatorString.java:162)
	com.googlecode.aviator.runtime.type.AviatorString.getLexeme(AviatorString.java:152)
	com.googlecode.aviator.runtime.type.AviatorString.getValue(AviatorString.java:50)
	com.googlecode.aviator.runtime.type.AviatorObject.desc(AviatorObject.java:114)
	com.googlecode.aviator.runtime.type.AviatorObject.toString(AviatorObject.java:75)
	java.base/java.lang.String.valueOf(String.java:2951)
	java.base/java.lang.StringBuilder.append(StringBuilder.java:168)
	com.googlecode.aviator.runtime.function.TraceFunction.traceResult(TraceFunction.java:39)
	com.googlecode.aviator.runtime.function.TraceFunction.call(TraceFunction.java:98)
	Script_1613320592022_640.execute0(Script_1613320592022_640:1)
	com.googlecode.aviator.ClassExpression.executeDirectly(ClassExpression.java:65)
	com.googlecode.aviator.BaseExpression.execute(BaseExpression.java:136)
	com.googlecode.aviator.AviatorEvaluatorInstance.execute(AviatorEvaluatorInstance.java:1482)
	com.googlecode.aviator.AviatorEvaluatorInstance.execute(AviatorEvaluatorInstance.java:1497)
	com.googlecode.aviator.AviatorEvaluatorInstance.execute(AviatorEvaluatorInstance.java:1533)
	com.googlecode.aviator.AviatorEvaluatorInstanceUnitTest.testTraceEval(AviatorEvaluatorInstanceUnitTest.java:523)
	java.base/jdk.internal.reflect.NativeMethodAccessorImpl.invoke0(Native Method)
	java.base/jdk.internal.reflect.NativeMethodAccessorImpl.invoke(NativeMethodAccessorImpl.java:62)
	java.base/jdk.internal.reflect.DelegatingMethodAccessorImpl.invoke(DelegatingMethodAccessorImpl.java:43)
	java.base/java.lang.reflect.Method.invoke(Method.java:566)
	org.junit.internal.runners.TestMethodRunner.executeMethodBody(TestMethodRunner.java:99)
	org.junit.internal.runners.TestMethodRunner.runUnprotected(TestMethodRunner.java:81)
	org.junit.internal.runners.BeforeAndAfterRunner.runProtected(BeforeAndAfterRunner.java:34)
	org.junit.internal.runners.TestMethodRunner.runMethod(TestMethodRunner.java:75)
	org.junit.internal.runners.TestMethodRunner.run(TestMethodRunner.java:45)
	org.junit.internal.runners.TestClassMethodsRunner.invokeTestMethod(TestClassMethodsRunner.java:66)
	org.junit.internal.runners.TestClassMethodsRunner.run(TestClassMethodsRunner.java:35)
	org.junit.internal.runners.TestClassRunner$1.runUnprotected(TestClassRunner.java:42)
	org.junit.internal.runners.BeforeAndAfterRunner.runProtected(BeforeAndAfterRunner.java:34)
	org.junit.internal.runners.TestClassRunner.run(TestClassRunner.java:52)
	org.apache.maven.surefire.junit4.JUnit4Provider.execute(JUnit4Provider.java:252)
	org.apache.maven.surefire.junit4.JUnit4Provider.executeTestSet(JUnit4Provider.java:141)
	org.apache.maven.surefire.junit4.JUnit4Provider.invoke(JUnit4Provider.java:112)
	java.base/jdk.internal.reflect.NativeMethodAccessorImpl.invoke0(Native Method)
	java.base/jdk.internal.reflect.NativeMethodAccessorImpl.invoke(NativeMethodAccessorImpl.java:62)
	java.base/jdk.internal.reflect.DelegatingMethodAccessorImpl.invoke(DelegatingMethodAccessorImpl.java:43)
	java.base/java.lang.reflect.Method.invoke(Method.java:566)
	org.apache.maven.surefire.util.ReflectionUtils.invokeMethodWithArray(ReflectionUtils.java:189)
	org.apache.maven.surefire.booter.ProviderFactory$ProviderProxy.invoke(ProviderFactory.java:165)
	org.apache.maven.surefire.booter.ProviderFactory.invokeProvider(ProviderFactory.java:85)
	org.apache.maven.surefire.booter.ForkedBooter.runSuitesInProcess(ForkedBooter.java:115)
	org.apache.maven.surefire.booter.ForkedBooter.main(ForkedBooter.java:75)

Tests run: 41, Failures: 0, Errors: 0, Skipped: 0, Time elapsed: 0.082 sec
Running com.googlecode.aviator.JavaMethodReflectionFunctionMissingTest
custom function:5388890, cost: 64 ms.
function missing:5388890, cost: 150 ms.
imported function:5388890, cost: 100 ms.
Tests run: 4, Failures: 0, Errors: 0, Skipped: 0, Time elapsed: 0.833 sec
Running com.googlecode.aviator.runtime.type.AviatorPatternUnitTest
Tests run: 22, Failures: 0, Errors: 0, Skipped: 0, Time elapsed: 0.011 sec
Running com.googlecode.aviator.runtime.type.AviatorStringUnitTest
Tests run: 18, Failures: 0, Errors: 0, Skipped: 0, Time elapsed: 0.018 sec
Running com.googlecode.aviator.runtime.type.AviatorJavaTypeUnitTest
4.4
Tests run: 31, Failures: 0, Errors: 0, Skipped: 0, Time elapsed: 0.019 sec
Running com.googlecode.aviator.runtime.type.AviatorNilUnitTest
Tests run: 2, Failures: 0, Errors: 0, Skipped: 0, Time elapsed: 0 sec
Running com.googlecode.aviator.runtime.type.AviatorNumberUnitTest
Tests run: 28, Failures: 0, Errors: 0, Skipped: 0, Time elapsed: 0.008 sec
Running com.googlecode.aviator.runtime.type.AviatorBooleanUnitTest
Tests run: 11, Failures: 0, Errors: 0, Skipped: 0, Time elapsed: 0.001 sec
Running com.googlecode.aviator.runtime.function.custom.CustomFunctionUnitTest
getFirstNonNull(i0,i1,i2,i3,i4,i5,i6,i7,i8,i9,i10,i11,i12,i13,i14,i15,i16,i17,i18,i19,i20,i21,i22,i23,i24,i25,i26,i27,i28,i29, getFirstNonNull(i0,i1,i2,i3,i4,i5,i6,i7,i8,i9,i10,i11,i12,i13,i14,i15,i16,i17,i18,i19,i20,i21,i22,i23,i24,i25,i26,i27,i28,i29,last))
Tests run: 5, Failures: 0, Errors: 0, Skipped: 0, Time elapsed: 0.007 sec
Running com.googlecode.aviator.runtime.function.math.MathCosFunctionUnitTest
Tests run: 6, Failures: 0, Errors: 0, Skipped: 0, Time elapsed: 0 sec
Running com.googlecode.aviator.runtime.function.math.MathTanFunctionUnitTest
Tests run: 6, Failures: 0, Errors: 0, Skipped: 0, Time elapsed: 0 sec
Running com.googlecode.aviator.runtime.function.math.MathRoundFunctionUnitTest
Tests run: 6, Failures: 0, Errors: 0, Skipped: 0, Time elapsed: 0.001 sec
Running com.googlecode.aviator.runtime.function.math.MathPowFunctionUnitTest
Tests run: 6, Failures: 0, Errors: 0, Skipped: 0, Time elapsed: 0.001 sec
Running com.googlecode.aviator.runtime.function.math.MathLogFunctionUnitTest
Tests run: 6, Failures: 0, Errors: 0, Skipped: 0, Time elapsed: 0.075 sec
Running com.googlecode.aviator.runtime.function.math.MathAbsFunctionUnitTest
Tests run: 6, Failures: 0, Errors: 0, Skipped: 0, Time elapsed: 0.001 sec
Running com.googlecode.aviator.runtime.function.math.MathSqrtFunctionUnitTest
Tests run: 6, Failures: 0, Errors: 0, Skipped: 0, Time elapsed: 0.001 sec
Running com.googlecode.aviator.runtime.function.math.MathLog10FunctionUnitTest
Tests run: 6, Failures: 0, Errors: 0, Skipped: 0, Time elapsed: 0 sec
Running com.googlecode.aviator.runtime.function.math.MathSinFunctionUnitTest
Tests run: 6, Failures: 0, Errors: 0, Skipped: 0, Time elapsed: 0 sec
Running com.googlecode.aviator.runtime.function.seq.SeqReduceFunctionUnitTest
Tests run: 6, Failures: 0, Errors: 0, Skipped: 0, Time elapsed: 0.003 sec
Running com.googlecode.aviator.runtime.function.seq.SeqMapFunctionUnitTest
Tests run: 4, Failures: 0, Errors: 0, Skipped: 0, Time elapsed: 0.003 sec
Running com.googlecode.aviator.runtime.function.seq.SeqIncludeFunctionUnitTest
Tests run: 2, Failures: 0, Errors: 0, Skipped: 0, Time elapsed: 0.001 sec
Running com.googlecode.aviator.runtime.function.seq.SeqPredicateFunctionUnitTest
Tests run: 9, Failures: 0, Errors: 0, Skipped: 0, Time elapsed: 0.003 sec
Running com.googlecode.aviator.runtime.function.seq.SeqCountFunctionUnitTest
Tests run: 4, Failures: 0, Errors: 0, Skipped: 0, Time elapsed: 0.001 sec
Running com.googlecode.aviator.runtime.function.seq.SeqSortFunctionUnitTest
[9, 8, 7, 6, 5, 4, 3, 2, 1, 0]
[0, 1, 2, 3, 4, 5, 6, 7, 8, 9]
Tests run: 3, Failures: 0, Errors: 0, Skipped: 0, Time elapsed: 0.002 sec
Running com.googlecode.aviator.runtime.function.seq.SeqMakePredicateFunctionUnitTest
Tests run: 2, Failures: 0, Errors: 0, Skipped: 0, Time elapsed: 0 sec
Running com.googlecode.aviator.runtime.function.seq.SeqFilterFunctionUnitTest
Tests run: 4, Failures: 0, Errors: 0, Skipped: 0, Time elapsed: 0.001 sec
Running com.googlecode.aviator.runtime.function.system.BinaryFunctionUnitTest
Tests run: 7, Failures: 0, Errors: 0, Skipped: 0, Time elapsed: 0.002 sec
Running com.googlecode.aviator.runtime.function.system.RandomFunctionUnitTest
Tests run: 2, Failures: 0, Errors: 0, Skipped: 0, Time elapsed: 0 sec
Running com.googlecode.aviator.runtime.function.system.PrintFunctionUnitTest
Tests run: 4, Failures: 0, Errors: 0, Skipped: 0, Time elapsed: 0.001 sec
Running com.googlecode.aviator.runtime.function.system.Date2StringFunctionUnitTest
Tests run: 2, Failures: 0, Errors: 0, Skipped: 0, Time elapsed: 0.001 sec
Running com.googlecode.aviator.runtime.function.system.NowFunctionUnitTest
Tests run: 2, Failures: 0, Errors: 0, Skipped: 0, Time elapsed: 0.001 sec
Running com.googlecode.aviator.runtime.function.system.SysDateFunctionUnitTest
Tests run: 2, Failures: 0, Errors: 0, Skipped: 0, Time elapsed: 0 sec
Running com.googlecode.aviator.runtime.function.system.PrintlnFunctionUnitTest
Tests run: 4, Failures: 0, Errors: 0, Skipped: 0, Time elapsed: 0.001 sec
Running com.googlecode.aviator.runtime.function.system.String2DateFunctionUnitTest
Tests run: 2, Failures: 0, Errors: 0, Skipped: 0, Time elapsed: 0.001 sec
Running com.googlecode.aviator.runtime.function.FunctionUtilsUnitTest
Tests run: 3, Failures: 0, Errors: 0, Skipped: 0, Time elapsed: 0.002 sec
Running com.googlecode.aviator.runtime.function.string.StringContainsFunctionUnitTest
Tests run: 8, Failures: 0, Errors: 0, Skipped: 0, Time elapsed: 0.004 sec
Running com.googlecode.aviator.runtime.function.string.StringSubstringWithFunctionUnitTest
Tests run: 8, Failures: 0, Errors: 0, Skipped: 0, Time elapsed: 0 sec
Running com.googlecode.aviator.runtime.function.string.StringReplaceFunctionUnitTest
Tests run: 2, Failures: 0, Errors: 0, Skipped: 0, Time elapsed: 0 sec
Running com.googlecode.aviator.runtime.function.string.StringStartsWithFunctionUnitTest
Tests run: 1, Failures: 0, Errors: 0, Skipped: 0, Time elapsed: 0 sec
Running com.googlecode.aviator.runtime.function.string.StringLengthFunctionUnitTest
Tests run: 7, Failures: 0, Errors: 0, Skipped: 0, Time elapsed: 0.001 sec
Running com.googlecode.aviator.runtime.function.string.StringEndsWithFunctionUnitTest
Tests run: 8, Failures: 0, Errors: 0, Skipped: 0, Time elapsed: 0.002 sec
Running com.googlecode.aviator.runtime.function.string.StringSplitJointFunctionUnitTest
Tests run: 2, Failures: 0, Errors: 0, Skipped: 0, Time elapsed: 0.001 sec
Running com.googlecode.aviator.runtime.function.string.StringIndexOfFunctionUnitTest
Tests run: 8, Failures: 0, Errors: 0, Skipped: 0, Time elapsed: 0.002 sec
Running com.googlecode.aviator.AviatorEvaluatorUnitTest
Tests run: 15, Failures: 0, Errors: 0, Skipped: 0, Time elapsed: 0.007 sec
Running com.googlecode.aviator.parser.AviatorClassLoaderUnitTest
Tests run: 1, Failures: 0, Errors: 0, Skipped: 0, Time elapsed: 3.024 sec
Running com.googlecode.aviator.parser.ExpressionParserUnitTest
true
Tests run: 75, Failures: 0, Errors: 0, Skipped: 0, Time elapsed: 0.034 sec
Running com.googlecode.aviator.LambdaUnitTest
Tests run: 8, Failures: 0, Errors: 0, Skipped: 0, Time elapsed: 0.027 sec
Running com.googlecode.aviator.AviatorEvaluatorInstanceCompatibleUnitTest
com.googlecode.aviator.utils.Env@5927fc8e{__instance__=com.googlecode.aviator.AviatorEvaluatorInstance@4eeda18f, __exp__=Script_1613320596173_10767@268c4507, __env__=<this>}
[test.getClass, test.wait, test.hashCode, test.equals, test.notifyAll, test.toString, test.is_empty, test.notify]
com.googlecode.aviator.utils.Env@6bcc277a{__instance__=com.googlecode.aviator.AviatorEvaluatorInstance@321f97d9, __exp__=Script_1613320596216_10820@3a4e3343, __env__=<this>, x=3, y=4}
com.googlecode.aviator.utils.Env@3d49b00e{__instance__=com.googlecode.aviator.AviatorEvaluatorInstance@321f97d9, __exp__=Script_1613320596216_10820@3a4e3343, __env__=<this>, x=8, y=9}
com.googlecode.aviator.utils.Env@479f5c35{__instance__=com.googlecode.aviator.AviatorEvaluatorInstance@321f97d9, __exp__=Script_1613320596216_10820@3a4e3343, __env__=<this>, x=8, y=9}
Tests run: 42, Failures: 0, Errors: 0, Skipped: 0, Time elapsed: 0.082 sec
Running com.googlecode.aviator.lexer.ExpressionLexerUnitTest
Tests run: 41, Failures: 0, Errors: 0, Skipped: 0, Time elapsed: 0.01 sec
Running com.googlecode.aviator.test.function.FunctionTest
[FunctionArgument [index=0, expression=1], FunctionArgument [index=1, expression=2], FunctionArgument [index=2, expression=100+2]]
[FunctionArgument [index=0, expression=sum], FunctionArgument [index=1, expression=a], FunctionArgument [index=2, expression='hello'], FunctionArgument [index=3, expression=4+100]]
[FunctionArgument [index=0, expression=sum], FunctionArgument [index=1, expression=a], FunctionArgument [index=2, expression='hello'], FunctionArgument [index=3, expression=4+100]]
class java.lang.Double
[Aviator TRACE] Func   : sysdate()
[Aviator TRACE] Result : <JavaType, A_1024943, Sun Feb 14 16:36:36 UTC 2021, java.util.Date>
[Aviator TRACE] Result : Sun Feb 14 16:36:36 UTC 2021
[Aviator TRACE] Func   : now()
[Aviator TRACE] Result : <Long, 1613320596291>
[Aviator TRACE] Result : 1613320596291
[Aviator TRACE] Func   : rand()
[Aviator TRACE] Result : <Double, 0.09109452345486246>
[Aviator TRACE] Result : 0.09109452345486246
[Aviator TRACE] Func   : rand(<Long, 100>)
[Aviator TRACE] Result : <Long, 12>
[Aviator TRACE] Result : 12
[Aviator TRACE] Func   : rand()
[Aviator TRACE] Result : <Double, 0.2327513642572534>
[Aviator TRACE] Result : 0.2327513642572534
3.333333333333333E19
5
6
Tests run: 49, Failures: 0, Errors: 0, Skipped: 0, Time elapsed: 0.175 sec
Running com.googlecode.aviator.test.function.GrammarUnitTest
com.googlecode.aviator.exception.ExpressionSyntaxErrorException: Syntax error: expect '}' to complete string interpolation at 3, lineNumber: 1, token : null,
while parsing expression: `
1+2^^^
`
	at com.googlecode.aviator.AviatorEvaluatorInstance.compileStringSegments(AviatorEvaluatorInstance.java:1613)
	at com.googlecode.aviator.BaseExpression$1.call(BaseExpression.java:65)
	at com.googlecode.aviator.BaseExpression$1.call(BaseExpression.java:61)
	at java.base/java.util.concurrent.FutureTask.run(FutureTask.java:264)
	at com.googlecode.aviator.BaseExpression.getStringSegements(BaseExpression.java:74)
	at com.googlecode.aviator.runtime.type.AviatorString.getLexeme(AviatorString.java:149)
	at com.googlecode.aviator.runtime.type.AviatorString.getValue(AviatorString.java:50)
	at Script_1613320596477_11486.execute0(Script_1613320596477_11486:1)
	at com.googlecode.aviator.ClassExpression.executeDirectly(ClassExpression.java:65)
	at com.googlecode.aviator.BaseExpression.execute(BaseExpression.java:136)
	at com.googlecode.aviator.AviatorEvaluatorInstance.execute(AviatorEvaluatorInstance.java:1482)
	at com.googlecode.aviator.AviatorEvaluator.execute(AviatorEvaluator.java:517)
	at com.googlecode.aviator.AviatorEvaluator.execute(AviatorEvaluator.java:529)
	at com.googlecode.aviator.AviatorEvaluator.execute(AviatorEvaluator.java:550)
	at com.googlecode.aviator.test.function.GrammarUnitTest.testStringInterpolation(GrammarUnitTest.java:222)
	at java.base/jdk.internal.reflect.NativeMethodAccessorImpl.invoke0(Native Method)
	at java.base/jdk.internal.reflect.NativeMethodAccessorImpl.invoke(NativeMethodAccessorImpl.java:62)
	at java.base/jdk.internal.reflect.DelegatingMethodAccessorImpl.invoke(DelegatingMethodAccessorImpl.java:43)
	at java.base/java.lang.reflect.Method.invoke(Method.java:566)
	at org.junit.internal.runners.TestMethodRunner.executeMethodBody(TestMethodRunner.java:99)
	at org.junit.internal.runners.TestMethodRunner.runUnprotected(TestMethodRunner.java:81)
	at org.junit.internal.runners.BeforeAndAfterRunner.runProtected(BeforeAndAfterRunner.java:34)
	at org.junit.internal.runners.TestMethodRunner.runMethod(TestMethodRunner.java:75)
	at org.junit.internal.runners.TestMethodRunner.run(TestMethodRunner.java:45)
	at org.junit.internal.runners.TestClassMethodsRunner.invokeTestMethod(TestClassMethodsRunner.java:66)
	at org.junit.internal.runners.TestClassMethodsRunner.run(TestClassMethodsRunner.java:35)
	at org.junit.internal.runners.TestClassRunner$1.runUnprotected(TestClassRunner.java:42)
	at org.junit.internal.runners.BeforeAndAfterRunner.runProtected(BeforeAndAfterRunner.java:34)
	at org.junit.internal.runners.TestClassRunner.run(TestClassRunner.java:52)
	at org.apache.maven.surefire.junit4.JUnit4Provider.execute(JUnit4Provider.java:252)
	at org.apache.maven.surefire.junit4.JUnit4Provider.executeTestSet(JUnit4Provider.java:141)
	at org.apache.maven.surefire.junit4.JUnit4Provider.invoke(JUnit4Provider.java:112)
	at java.base/jdk.internal.reflect.NativeMethodAccessorImpl.invoke0(Native Method)
	at java.base/jdk.internal.reflect.NativeMethodAccessorImpl.invoke(NativeMethodAccessorImpl.java:62)
	at java.base/jdk.internal.reflect.DelegatingMethodAccessorImpl.invoke(DelegatingMethodAccessorImpl.java:43)
	at java.base/java.lang.reflect.Method.invoke(Method.java:566)
	at org.apache.maven.surefire.util.ReflectionUtils.invokeMethodWithArray(ReflectionUtils.java:189)
	at org.apache.maven.surefire.booter.ProviderFactory$ProviderProxy.invoke(ProviderFactory.java:165)
	at org.apache.maven.surefire.booter.ProviderFactory.invokeProvider(ProviderFactory.java:85)
	at org.apache.maven.surefire.booter.ForkedBooter.runSuitesInProcess(ForkedBooter.java:115)
	at org.apache.maven.surefire.booter.ForkedBooter.main(ForkedBooter.java:75)
com.googlecode.aviator.exception.ExpressionSyntaxErrorException: Syntax error: invalid token at 2, lineNumber: 1, token : [type='Char',lexeme='*',index=2],
while parsing expression: `
1+*2^^^
`
	at com.googlecode.aviator.AviatorEvaluatorInstance.compileStringSegments(AviatorEvaluatorInstance.java:1609)
	at com.googlecode.aviator.BaseExpression$1.call(BaseExpression.java:65)
	at com.googlecode.aviator.BaseExpression$1.call(BaseExpression.java:61)
	at java.base/java.util.concurrent.FutureTask.run(FutureTask.java:264)
	at com.googlecode.aviator.BaseExpression.getStringSegements(BaseExpression.java:74)
	at com.googlecode.aviator.runtime.type.AviatorString.getLexeme(AviatorString.java:149)
	at com.googlecode.aviator.runtime.type.AviatorString.getValue(AviatorString.java:50)
	at Script_1613320596478_11488.execute0(Script_1613320596478_11488:1)
	at com.googlecode.aviator.ClassExpression.executeDirectly(ClassExpression.java:65)
	at com.googlecode.aviator.BaseExpression.execute(BaseExpression.java:136)
	at com.googlecode.aviator.AviatorEvaluatorInstance.execute(AviatorEvaluatorInstance.java:1482)
	at com.googlecode.aviator.AviatorEvaluator.execute(AviatorEvaluator.java:517)
	at com.googlecode.aviator.AviatorEvaluator.execute(AviatorEvaluator.java:529)
	at com.googlecode.aviator.AviatorEvaluator.execute(AviatorEvaluator.java:550)
	at com.googlecode.aviator.test.function.GrammarUnitTest.testStringInterpolation(GrammarUnitTest.java:228)
	at java.base/jdk.internal.reflect.NativeMethodAccessorImpl.invoke0(Native Method)
	at java.base/jdk.internal.reflect.NativeMethodAccessorImpl.invoke(NativeMethodAccessorImpl.java:62)
	at java.base/jdk.internal.reflect.DelegatingMethodAccessorImpl.invoke(DelegatingMethodAccessorImpl.java:43)
	at java.base/java.lang.reflect.Method.invoke(Method.java:566)
	at org.junit.internal.runners.TestMethodRunner.executeMethodBody(TestMethodRunner.java:99)
	at org.junit.internal.runners.TestMethodRunner.runUnprotected(TestMethodRunner.java:81)
	at org.junit.internal.runners.BeforeAndAfterRunner.runProtected(BeforeAndAfterRunner.java:34)
	at org.junit.internal.runners.TestMethodRunner.runMethod(TestMethodRunner.java:75)
	at org.junit.internal.runners.TestMethodRunner.run(TestMethodRunner.java:45)
	at org.junit.internal.runners.TestClassMethodsRunner.invokeTestMethod(TestClassMethodsRunner.java:66)
	at org.junit.internal.runners.TestClassMethodsRunner.run(TestClassMethodsRunner.java:35)
	at org.junit.internal.runners.TestClassRunner$1.runUnprotected(TestClassRunner.java:42)
	at org.junit.internal.runners.BeforeAndAfterRunner.runProtected(BeforeAndAfterRunner.java:34)
	at org.junit.internal.runners.TestClassRunner.run(TestClassRunner.java:52)
	at org.apache.maven.surefire.junit4.JUnit4Provider.execute(JUnit4Provider.java:252)
	at org.apache.maven.surefire.junit4.JUnit4Provider.executeTestSet(JUnit4Provider.java:141)
	at org.apache.maven.surefire.junit4.JUnit4Provider.invoke(JUnit4Provider.java:112)
	at java.base/jdk.internal.reflect.NativeMethodAccessorImpl.invoke0(Native Method)
	at java.base/jdk.internal.reflect.NativeMethodAccessorImpl.invoke(NativeMethodAccessorImpl.java:62)
	at java.base/jdk.internal.reflect.DelegatingMethodAccessorImpl.invoke(DelegatingMethodAccessorImpl.java:43)
	at java.base/java.lang.reflect.Method.invoke(Method.java:566)
	at org.apache.maven.surefire.util.ReflectionUtils.invokeMethodWithArray(ReflectionUtils.java:189)
	at org.apache.maven.surefire.booter.ProviderFactory$ProviderProxy.invoke(ProviderFactory.java:165)
	at org.apache.maven.surefire.booter.ProviderFactory.invokeProvider(ProviderFactory.java:85)
	at org.apache.maven.surefire.booter.ForkedBooter.runSuitesInProcess(ForkedBooter.java:115)
	at org.apache.maven.surefire.booter.ForkedBooter.main(ForkedBooter.java:75)
[Aviator WARN] The function 'string.getFromJsonMap' is already exists, but is replaced with new one.
5
Tests run: 58, Failures: 0, Errors: 0, Skipped: 0, Time elapsed: 0.158 sec
Running com.googlecode.aviator.test.function.QuoteVarTest
Tests run: 1, Failures: 0, Errors: 0, Skipped: 0, Time elapsed: 0.002 sec
Running com.googlecode.aviator.test.function.OperatorFunctionTest
Tests run: 3, Failures: 0, Errors: 0, Skipped: 0, Time elapsed: 0.004 sec
Running com.googlecode.aviator.utils.SyncLRUMapUnitTest
{9990=9990, 9991=9991, 9992=9992, 9993=9993, 9994=9994, 9995=9995, 9996=9996, 9997=9997, 9998=9998, 9999=9999}
Tests run: 3, Failures: 0, Errors: 0, Skipped: 0, Time elapsed: 0.376 sec
Running com.googlecode.aviator.utils.VarNameGeneratorTest
Tests run: 2, Failures: 0, Errors: 0, Skipped: 0, Time elapsed: 0.001 sec
Running com.googlecode.aviator.utils.LRUMapUnitTest
Tests run: 2, Failures: 0, Errors: 0, Skipped: 0, Time elapsed: 0 sec

Results :

Tests run: 685, Failures: 0, Errors: 0, Skipped: 0

[INFO] ------------------------------------------------------------------------
[INFO] BUILD SUCCESS
[INFO] ------------------------------------------------------------------------
[INFO] Total time:  38.159 s
[INFO] Finished at: 2021-02-14T16:36:37Z
[INFO] ------------------------------------------------------------------------
