[INFO] Scanning for projects...
[INFO] 
[INFO] -----------------------< com.vdurmont:semver4j >------------------------
[INFO] Building semver4j 3.1.0
[INFO] --------------------------------[ jar ]---------------------------------
[INFO] 
[INFO] --- maven-resources-plugin:2.6:resources (default-resources) @ semver4j ---
[INFO] Using 'UTF-8' encoding to copy filtered resources.
[INFO] skip non existing resourceDirectory /workdir/semver4j/src/main/resources
[INFO] 
[INFO] --- maven-compiler-plugin:3.8.1:compile (default-compile) @ semver4j ---
[INFO] Nothing to compile - all classes are up to date
[INFO] 
[INFO] --- maven-resources-plugin:2.6:testResources (default-testResources) @ semver4j ---
[INFO] Using 'UTF-8' encoding to copy filtered resources.
[INFO] skip non existing resourceDirectory /workdir/semver4j/src/test/resources
[INFO] 
[INFO] --- maven-compiler-plugin:3.8.1:testCompile (default-testCompile) @ semver4j ---
[INFO] Nothing to compile - all classes are up to date
[INFO] 
[INFO] --- maven-surefire-plugin:2.12.4:test (default-test) @ semver4j ---
[INFO] Surefire report directory: /workdir/semver4j/target/surefire-reports

-------------------------------------------------------
 T E S T S
-------------------------------------------------------
Running com.vdurmont.semver4j.NpmSemverTest
Tests run: 166, Failures: 0, Errors: 0, Skipped: 0, Time elapsed: 0.145 sec
Running com.vdurmont.semver4j.RequirementTest
WARNING: An illegal reflective access operation has occurred
WARNING: Illegal reflective access by org.mockito.cglib.core.ReflectUtils$2 (file:/home/maven/.m2/repository/org/mockito/mockito-all/1.10.19/mockito-all-1.10.19.jar) to method java.lang.ClassLoader.defineClass(java.lang.String,byte[],int,int,java.security.ProtectionDomain)
WARNING: Please consider reporting this to the maintainers of org.mockito.cglib.core.ReflectUtils$2
WARNING: Use --illegal-access=warn to enable warnings of further illegal reflective access operations
WARNING: All illegal access operations will be denied in a future release
Tests run: 50, Failures: 0, Errors: 0, Skipped: 0, Time elapsed: 0.113 sec
Running com.vdurmont.semver4j.RangeTest
Tests run: 8, Failures: 0, Errors: 0, Skipped: 0, Time elapsed: 0.005 sec
Running com.vdurmont.semver4j.TokenizerTest
Tests run: 15, Failures: 0, Errors: 0, Skipped: 0, Time elapsed: 0 sec
Running com.vdurmont.semver4j.SemverTest
Tests run: 40, Failures: 0, Errors: 0, Skipped: 0, Time elapsed: 0.011 sec

Results :

Tests run: 279, Failures: 0, Errors: 0, Skipped: 0

[INFO] ------------------------------------------------------------------------
[INFO] BUILD SUCCESS
[INFO] ------------------------------------------------------------------------
[INFO] Total time:  1.193 s
[INFO] Finished at: 2021-02-15T02:17:42Z
[INFO] ------------------------------------------------------------------------
