[INFO] Scanning for projects...
[INFO] 
[INFO] ----------------< in.ashwanthkumar:gocd-slack-notifier >----------------
[INFO] Building gocd-slack-notifier 2.0.2
[INFO] --------------------------------[ jar ]---------------------------------
[INFO] 
[INFO] --- maven-resources-plugin:2.6:resources (default-resources) @ gocd-slack-notifier ---
[INFO] Using 'UTF-8' encoding to copy filtered resources.
[INFO] Copying 3 resources
[INFO] 
[INFO] --- maven-compiler-plugin:2.3.2:compile (default-compile) @ gocd-slack-notifier ---
[INFO] Nothing to compile - all classes are up to date
[INFO] 
[INFO] --- maven-dependency-plugin:2.4:copy-dependencies (copy-dependencies) @ gocd-slack-notifier ---
[INFO] google-http-client-gson-1.19.0.jar already exists in destination.
[INFO] gson-2.3.1.jar already exists in destination.
[INFO] jaxb-api-2.3.0.jar already exists in destination.
[INFO] google-http-client-1.19.0.jar already exists in destination.
[INFO] config-1.2.1.jar already exists in destination.
[INFO] my-java-utils-0.0.9.jar already exists in destination.
[INFO] jsr305-1.3.9.jar already exists in destination.
[INFO] commons-logging-1.1.1.jar already exists in destination.
[INFO] commons-io-2.4.jar already exists in destination.
[INFO] commons-codec-1.3.jar already exists in destination.
[INFO] httpcore-4.0.1.jar already exists in destination.
[INFO] slack-java-webhook-0.0.7.jar already exists in destination.
[INFO] httpclient-4.0.1.jar already exists in destination.
[INFO] 
[INFO] --- maven-resources-plugin:2.6:testResources (default-testResources) @ gocd-slack-notifier ---
[INFO] Using 'UTF-8' encoding to copy filtered resources.
[INFO] Copying 10 resources
[INFO] 
[INFO] --- maven-compiler-plugin:2.3.2:testCompile (default-testCompile) @ gocd-slack-notifier ---
[INFO] Nothing to compile - all classes are up to date
[INFO] 
[INFO] --- maven-surefire-plugin:2.12.4:test (default-test) @ gocd-slack-notifier ---
[INFO] Surefire report directory: /workdir/gocd-slack-build-notifier/target/surefire-reports

-------------------------------------------------------
 T E S T S
-------------------------------------------------------
Running in.ashwanthkumar.gocd.slack.GoNotificationMessage_FixStageTest
Could not find pluginId for logger: class in.ashwanthkumar.gocd.slack.jsonapi.History
Could not find pluginId for logger: class in.ashwanthkumar.gocd.slack.jsonapi.History
Could not find pluginId for logger: class in.ashwanthkumar.gocd.slack.jsonapi.History
Could not find pluginId for logger: class in.ashwanthkumar.gocd.slack.jsonapi.History
Could not find pluginId for logger: class in.ashwanthkumar.gocd.slack.jsonapi.History
Could not find pluginId for logger: class in.ashwanthkumar.gocd.slack.jsonapi.History
Could not find pluginId for logger: class in.ashwanthkumar.gocd.slack.jsonapi.History
Could not find pluginId for logger: class in.ashwanthkumar.gocd.slack.jsonapi.History
Could not find pluginId for logger: class in.ashwanthkumar.gocd.slack.jsonapi.History
Could not find pluginId for logger: class in.ashwanthkumar.gocd.slack.jsonapi.History
Could not find pluginId for logger: class in.ashwanthkumar.gocd.slack.jsonapi.History
Could not find pluginId for logger: class in.ashwanthkumar.gocd.slack.jsonapi.History
Could not find pluginId for logger: class in.ashwanthkumar.gocd.slack.jsonapi.History
Could not find pluginId for logger: class in.ashwanthkumar.gocd.slack.jsonapi.History
Could not find pluginId for logger: class in.ashwanthkumar.gocd.slack.jsonapi.History
Could not find pluginId for logger: class in.ashwanthkumar.gocd.slack.jsonapi.History
Could not find pluginId for logger: class in.ashwanthkumar.gocd.slack.jsonapi.History
Could not find pluginId for logger: class in.ashwanthkumar.gocd.slack.jsonapi.History
Could not find pluginId for logger: class in.ashwanthkumar.gocd.slack.jsonapi.History
Could not find pluginId for logger: class in.ashwanthkumar.gocd.slack.jsonapi.History
Could not find pluginId for logger: class in.ashwanthkumar.gocd.slack.jsonapi.History
Could not find pluginId for logger: class in.ashwanthkumar.gocd.slack.jsonapi.History
Could not find pluginId for logger: class in.ashwanthkumar.gocd.slack.jsonapi.History
Could not find pluginId for logger: class in.ashwanthkumar.gocd.slack.jsonapi.History
Could not find pluginId for logger: class in.ashwanthkumar.gocd.slack.jsonapi.History
Could not find pluginId for logger: class in.ashwanthkumar.gocd.slack.jsonapi.History
Could not find pluginId for logger: class in.ashwanthkumar.gocd.slack.jsonapi.History
Could not find pluginId for logger: class in.ashwanthkumar.gocd.slack.jsonapi.History
Could not find pluginId for logger: class in.ashwanthkumar.gocd.slack.jsonapi.History
Could not find pluginId for logger: class in.ashwanthkumar.gocd.slack.jsonapi.History
Could not find pluginId for logger: class in.ashwanthkumar.gocd.slack.jsonapi.History
Could not find pluginId for logger: class in.ashwanthkumar.gocd.slack.jsonapi.History
Could not find pluginId for logger: class in.ashwanthkumar.gocd.slack.jsonapi.History
Could not find pluginId for logger: class in.ashwanthkumar.gocd.slack.jsonapi.History
Could not find pluginId for logger: class in.ashwanthkumar.gocd.slack.jsonapi.History
Could not find pluginId for logger: class in.ashwanthkumar.gocd.slack.jsonapi.History
Could not find pluginId for logger: class in.ashwanthkumar.gocd.slack.jsonapi.History
Could not find pluginId for logger: class in.ashwanthkumar.gocd.slack.jsonapi.History
Could not find pluginId for logger: class in.ashwanthkumar.gocd.slack.jsonapi.History
Could not find pluginId for logger: class in.ashwanthkumar.gocd.slack.jsonapi.History
Could not find pluginId for logger: class in.ashwanthkumar.gocd.slack.jsonapi.History
WARNING: An illegal reflective access operation has occurred
WARNING: Illegal reflective access by org.mockito.cglib.core.ReflectUtils$2 (file:/home/maven/.m2/repository/org/mockito/mockito-core/1.8.5/mockito-core-1.8.5.jar) to method java.lang.ClassLoader.defineClass(java.lang.String,byte[],int,int,java.security.ProtectionDomain)
WARNING: Please consider reporting this to the maintainers of org.mockito.cglib.core.ReflectUtils$2
WARNING: Use --illegal-access=warn to enable warnings of further illegal reflective access operations
WARNING: All illegal access operations will be denied in a future release
Could not find pluginId for logger: class in.ashwanthkumar.gocd.slack.GoNotificationMessage
Could not find pluginId for logger: class in.ashwanthkumar.gocd.slack.ruleset.Rules
Could not find pluginId for logger: class in.ashwanthkumar.gocd.slack.GoNotificationMessage
Looking for stage before 1/STG/2
Checking 1/STG/1
Could not find pluginId for logger: class in.ashwanthkumar.gocd.slack.GoNotificationMessage
Looking for stage before 2/STG/2
Checking 1/STG/1
Could not find pluginId for logger: class in.ashwanthkumar.gocd.slack.GoNotificationMessage
Looking for stage before 1/STG/2
Checking 1/STG/1
Could not find pluginId for logger: class in.ashwanthkumar.gocd.slack.GoNotificationMessage
Looking for stage before 1/STG/2
Checking 1/STG/1
Could not find pluginId for logger: class in.ashwanthkumar.gocd.slack.GoNotificationMessage
Looking for stage before 1/STG/2
Checking 1/STG/1
Could not find pluginId for logger: class in.ashwanthkumar.gocd.slack.GoNotificationMessage
Looking for stage before 1/STG/2
Checking 1/STG/1
Could not find pluginId for logger: class in.ashwanthkumar.gocd.slack.GoNotificationMessage
Looking for stage before 1/STG/2
Checking 1/STG/1
Could not find pluginId for logger: class in.ashwanthkumar.gocd.slack.GoNotificationMessage
Could not find pluginId for logger: class in.ashwanthkumar.gocd.slack.GoNotificationMessage
Looking for stage before 1/STG/4
Checking 1/other-stage-name-1/1
Checking 1/STG/1
Could not find pluginId for logger: class in.ashwanthkumar.gocd.slack.GoNotificationMessage
Looking for stage before 1/STG/4
Checking 1/other-stage-name-1/1
Checking 1/STG/1
Could not find pluginId for logger: class in.ashwanthkumar.gocd.slack.GoNotificationMessage
Looking for stage before 2/STG/1
Checking 1/STG/1
Could not find pluginId for logger: class in.ashwanthkumar.gocd.slack.GoNotificationMessage
Looking for stage before 2/STG/1
Checking 1/STG/1
Could not find pluginId for logger: class in.ashwanthkumar.gocd.slack.GoNotificationMessage
Looking for stage before 2/STG/1
Checking 1/STG/1
Could not find pluginId for logger: class in.ashwanthkumar.gocd.slack.GoNotificationMessage
Looking for stage before 2/STG/1
Checking 1/STG/1
Could not find pluginId for logger: class in.ashwanthkumar.gocd.slack.GoNotificationMessage
Could not find pluginId for logger: class in.ashwanthkumar.gocd.slack.GoNotificationMessage
Could not find pluginId for logger: class in.ashwanthkumar.gocd.slack.GoNotificationMessage
Looking for stage before 1/STG/1
Couldn't find any previous run of PL/1/STG/1
Could not find pluginId for logger: class in.ashwanthkumar.gocd.slack.GoNotificationMessage
Looking for stage before 1/STG/1
Couldn't find any previous run of PL/1/STG/1
Could not find pluginId for logger: class in.ashwanthkumar.gocd.slack.GoNotificationMessage
Could not find pluginId for logger: class in.ashwanthkumar.gocd.slack.GoNotificationMessage
Could not find pluginId for logger: class in.ashwanthkumar.gocd.slack.GoNotificationMessage
Looking for stage before 4/STG/1
Checking 3/STG/1
Could not find pluginId for logger: class in.ashwanthkumar.gocd.slack.GoNotificationMessage
Looking for stage before 4/STG/1
Checking 3/STG/1
Could not find pluginId for logger: class in.ashwanthkumar.gocd.slack.GoNotificationMessage
Looking for stage before 4/STG/1
Checking 3/STG/2
Could not find pluginId for logger: class in.ashwanthkumar.gocd.slack.GoNotificationMessage
Looking for stage before 4/STG/1
Checking 3/STG/1
Could not find pluginId for logger: class in.ashwanthkumar.gocd.slack.GoNotificationMessage
Looking for stage before 4/STG/1
Checking 3/STG/2
Could not find pluginId for logger: class in.ashwanthkumar.gocd.slack.GoNotificationMessage
Looking for stage before 4/STG/1
Checking 3/STG/2
Could not find pluginId for logger: class in.ashwanthkumar.gocd.slack.GoNotificationMessage
Looking for stage before 4/STG/1
Checking 3/STG/2
Could not find pluginId for logger: class in.ashwanthkumar.gocd.slack.GoNotificationMessage
Could not find pluginId for logger: class in.ashwanthkumar.gocd.slack.GoNotificationMessage
Could not find pluginId for logger: class in.ashwanthkumar.gocd.slack.GoNotificationMessage
Looking for stage before 4/STG/1
Checking 3/STG/2
Could not find pluginId for logger: class in.ashwanthkumar.gocd.slack.GoNotificationMessage
Looking for stage before 4/STG/1
Checking 3/STG/2
Could not find pluginId for logger: class in.ashwanthkumar.gocd.slack.GoNotificationMessage
Looking for stage before 3/STG/3
Checking 3/STG/2
Could not find pluginId for logger: class in.ashwanthkumar.gocd.slack.GoNotificationMessage
Looking for stage before 3/STG/3
Checking 3/STG/2
Could not find pluginId for logger: class in.ashwanthkumar.gocd.slack.GoNotificationMessage
Looking for stage before 3/STG/3
Checking 3/STG/2
Could not find pluginId for logger: class in.ashwanthkumar.gocd.slack.GoNotificationMessage
Looking for stage before 3/STG/3
Checking 3/STG/2
Could not find pluginId for logger: class in.ashwanthkumar.gocd.slack.GoNotificationMessage
Could not find pluginId for logger: class in.ashwanthkumar.gocd.slack.GoNotificationMessage
Looking for stage before 3/STG/3
Checking 3/STG/2
Could not find pluginId for logger: class in.ashwanthkumar.gocd.slack.GoNotificationMessage
Looking for stage before 3/STG/3
Checking 3/STG/2
Could not find pluginId for logger: class in.ashwanthkumar.gocd.slack.GoNotificationMessage
Looking for stage before 3/STG/3
Checking 3/STG/2
Could not find pluginId for logger: class in.ashwanthkumar.gocd.slack.GoNotificationMessage
Looking for stage before 3/STG/3
Checking 3/STG/2
Tests run: 41, Failures: 0, Errors: 0, Skipped: 0, Time elapsed: 0.319 sec
Running in.ashwanthkumar.gocd.slack.GoNotificationMessageTest
Could not find pluginId for logger: class in.ashwanthkumar.gocd.slack.jsonapi.History
Could not find pluginId for logger: class in.ashwanthkumar.gocd.slack.GoNotificationMessage
Could not find pluginId for logger: class in.ashwanthkumar.gocd.slack.jsonapi.MaterialRevision
Could not find pluginId for logger: class in.ashwanthkumar.gocd.slack.jsonapi.MaterialRevision
Could not find pluginId for logger: class in.ashwanthkumar.gocd.slack.jsonapi.MaterialRevision
Could not find pluginId for logger: class in.ashwanthkumar.gocd.slack.GoNotificationMessage
Could not find pluginId for logger: class in.ashwanthkumar.gocd.slack.jsonapi.History
Could not find pluginId for logger: class in.ashwanthkumar.gocd.slack.GoNotificationMessage
Could not find pluginId for logger: class in.ashwanthkumar.gocd.slack.jsonapi.History
Could not find pluginId for logger: class in.ashwanthkumar.gocd.slack.GoNotificationMessage
Tests run: 4, Failures: 0, Errors: 0, Skipped: 0, Time elapsed: 0.001 sec
Running in.ashwanthkumar.gocd.slack.ruleset.RulesTest
Tests run: 6, Failures: 0, Errors: 0, Skipped: 0, Time elapsed: 0.006 sec
Running in.ashwanthkumar.gocd.slack.ruleset.RulesReaderTest
Could not find pluginId for logger: class in.ashwanthkumar.gocd.slack.ruleset.RulesReader
Could not find pluginId for logger: class in.ashwanthkumar.gocd.slack.PipelineListener
Could not find pluginId for logger: class in.ashwanthkumar.gocd.slack.SlackPipelineListener
Updating target slack channel to null
Could not find pluginId for logger: class in.ashwanthkumar.gocd.slack.ruleset.RulesReader
Could not find pluginId for logger: class in.ashwanthkumar.gocd.slack.PipelineListener
Could not find pluginId for logger: class in.ashwanthkumar.gocd.slack.SlackPipelineListener
Updating target slack channel to #build
Could not find pluginId for logger: class in.ashwanthkumar.gocd.slack.ruleset.RulesReader
Could not find pluginId for logger: class in.ashwanthkumar.gocd.slack.PipelineListener
Could not find pluginId for logger: class in.ashwanthkumar.gocd.slack.SlackPipelineListener
Updating target slack channel to null
Could not find pluginId for logger: class in.ashwanthkumar.gocd.slack.ruleset.RulesReader
Could not find pluginId for logger: class in.ashwanthkumar.gocd.slack.ruleset.RulesReader
Could not find pluginId for logger: class in.ashwanthkumar.gocd.slack.PipelineListener
Could not find pluginId for logger: class in.ashwanthkumar.gocd.slack.SlackPipelineListener
Updating target slack channel to #gocd
Could not find pluginId for logger: class in.ashwanthkumar.gocd.slack.ruleset.RulesReader
Could not find pluginId for logger: class in.ashwanthkumar.gocd.slack.PipelineListener
Could not find pluginId for logger: class in.ashwanthkumar.gocd.slack.SlackPipelineListener
Updating target slack channel to #build
Tests run: 6, Failures: 0, Errors: 0, Skipped: 0, Time elapsed: 0.072 sec
Running in.ashwanthkumar.gocd.slack.ruleset.PipelineRuleTest
Tests run: 3, Failures: 0, Errors: 0, Skipped: 0, Time elapsed: 0.004 sec
Running in.ashwanthkumar.gocd.slack.jsonapi.ServerTest
Could not find pluginId for logger: class in.ashwanthkumar.gocd.slack.jsonapi.Server
Fetching https://example.org/go/api/pipelines/pipeline-test/42
Could not find pluginId for logger: class in.ashwanthkumar.gocd.slack.jsonapi.Server
Fetching http://exmaple.org/
Could not find pluginId for logger: class in.ashwanthkumar.gocd.slack.jsonapi.Server
Fetching https://example.org/go/api/pipelines/pipeline-test/history
Could not find pluginId for logger: class in.ashwanthkumar.gocd.slack.jsonapi.Server
Fetching http://exmaple.org/
Could not find pluginId for logger: class in.ashwanthkumar.gocd.slack.jsonapi.Server
Fetching http://exmaple.org/
Could not find pluginId for logger: class in.ashwanthkumar.gocd.slack.jsonapi.Server
Fetching http://exmaple.org/
Could not find pluginId for logger: class in.ashwanthkumar.gocd.slack.jsonapi.Server
Fetching http://exmaple.org/
Could not find pluginId for logger: class in.ashwanthkumar.gocd.slack.jsonapi.Server
Fetching http://exmaple.org/
Could not find pluginId for logger: class in.ashwanthkumar.gocd.slack.jsonapi.Server
Fetching https://example.org/go/api/pipelines/pipeline-test/history
Could not find pluginId for logger: class in.ashwanthkumar.gocd.slack.jsonapi.Server
Fetching http://exmaple.org/
Tests run: 10, Failures: 0, Errors: 0, Skipped: 0, Time elapsed: 0.052 sec
Running in.ashwanthkumar.gocd.slack.GoNotificationPluginTest
Could not find pluginId for logger: class in.ashwanthkumar.gocd.slack.GoNotificationPlugin
Configuration file found at Home Dir as /workdir/gocd-slack-build-notifier/target/test-classes/configs/go_notify.conf
Loading configuration file
Could not find pluginId for logger: class in.ashwanthkumar.gocd.slack.ruleset.RulesReader
Could not find pluginId for logger: class in.ashwanthkumar.gocd.slack.PipelineListener
Could not find pluginId for logger: class in.ashwanthkumar.gocd.slack.SlackPipelineListener
Updating target slack channel to #gocd
Configuration file found at Home Dir as /workdir/gocd-slack-build-notifier/target/test-classes/configs/go_notify.conf
Loading configuration file
Could not find pluginId for logger: class in.ashwanthkumar.gocd.slack.ruleset.RulesReader
Could not find pluginId for logger: class in.ashwanthkumar.gocd.slack.PipelineListener
Could not find pluginId for logger: class in.ashwanthkumar.gocd.slack.SlackPipelineListener
Updating target slack channel to #gocd
Configuration file found at Home Dir as /workdir/gocd-slack-build-notifier/target/test-classes/configs/go_notify.conf
Loading configuration file
Could not find pluginId for logger: class in.ashwanthkumar.gocd.slack.ruleset.RulesReader
Could not find pluginId for logger: class in.ashwanthkumar.gocd.slack.PipelineListener
Tests run: 6, Failures: 0, Errors: 0, Skipped: 1, Time elapsed: 0.05 sec
Could not find pluginId for logger: class in.ashwanthkumar.gocd.slack.SlackPipelineListener
Updating target slack channel to #gocd

Results :

Tests run: 76, Failures: 0, Errors: 0, Skipped: 1

[INFO] ------------------------------------------------------------------------
[INFO] BUILD SUCCESS
[INFO] ------------------------------------------------------------------------
[INFO] Total time:  1.687 s
[INFO] Finished at: 2021-02-15T01:36:28Z
[INFO] ------------------------------------------------------------------------
