[INFO] Scanning for projects...
[INFO] 
[INFO] ----------------< com.jakewharton.byteunits:byteunits >-----------------
[INFO] Building Byte Units 0.9.2-SNAPSHOT
[INFO] --------------------------------[ jar ]---------------------------------
[INFO] 
[INFO] --- maven-enforcer-plugin:1.0:enforce (enforce-maven) @ byteunits ---
[INFO] 
[INFO] --- maven-resources-plugin:2.6:resources (default-resources) @ byteunits ---
[INFO] Using 'UTF-8' encoding to copy filtered resources.
[INFO] skip non existing resourceDirectory /workdir/byteunits/src/main/resources
[INFO] 
[INFO] --- maven-compiler-plugin:3.1:compile (default-compile) @ byteunits ---
[INFO] Changes detected - recompiling the module!
[INFO] Compiling 6 source files to /workdir/byteunits/target/classes
[INFO] 
[INFO] --- maven-resources-plugin:2.6:testResources (default-testResources) @ byteunits ---
[INFO] Using 'UTF-8' encoding to copy filtered resources.
[INFO] skip non existing resourceDirectory /workdir/byteunits/src/test/resources
[INFO] 
[INFO] --- maven-compiler-plugin:3.1:testCompile (default-testCompile) @ byteunits ---
[INFO] Nothing to compile - all classes are up to date
[INFO] 
[INFO] --- maven-surefire-plugin:2.12.4:test (default-test) @ byteunits ---
[INFO] Surefire report directory: /workdir/byteunits/target/surefire-reports

-------------------------------------------------------
 T E S T S
-------------------------------------------------------
Running com.jakewharton.byteunits.BinaryByteUnitTest
Tests run: 5, Failures: 0, Errors: 0, Skipped: 0, Time elapsed: 0.051 sec
Running com.jakewharton.byteunits.DecimalByteUnitTest
Tests run: 5, Failures: 0, Errors: 0, Skipped: 0, Time elapsed: 0.002 sec
Running com.jakewharton.byteunits.BitUnitTest
Tests run: 5, Failures: 0, Errors: 0, Skipped: 0, Time elapsed: 0.005 sec

Results :

Tests run: 15, Failures: 0, Errors: 0, Skipped: 0

[INFO] ------------------------------------------------------------------------
[INFO] BUILD SUCCESS
[INFO] ------------------------------------------------------------------------
[INFO] Total time:  1.522 s
[INFO] Finished at: 2021-02-15T00:02:13Z
[INFO] ------------------------------------------------------------------------
