[INFO] Scanning for projects...
[INFO] ------------------------------------------------------------------------
[INFO] Reactor Build Order:
[INFO] 
[INFO] movsim                                                             [pom]
[INFO] MovsimXsd                                                          [jar]
[INFO] MovsimCommon                                                       [jar]
[INFO] MovsimConsumption                                                  [jar]
[INFO] MovsimCore                                                         [jar]
[INFO] MovsimViewer                                                       [jar]
[INFO] 
[INFO] -------------------------< org.movsim:Movsim >--------------------------
[INFO] Building movsim 1.7.0-SNAPSHOT                                     [1/6]
[INFO] --------------------------------[ pom ]---------------------------------
[INFO] 
[INFO] ------------------------< org.movsim:MovsimXsd >------------------------
[INFO] Building MovsimXsd 1.7.0-SNAPSHOT                                  [2/6]
[INFO] --------------------------------[ jar ]---------------------------------
[INFO] 
[INFO] --- maven-jaxb2-plugin:0.14.0:generate (movsim) @ MovsimXsd ---
WARNING: An illegal reflective access operation has occurred
WARNING: Illegal reflective access by com.sun.xml.bind.v2.runtime.reflect.opt.Injector (file:/home/maven/.m2/repository/org/glassfish/jaxb/jaxb-runtime/2.3.0/jaxb-runtime-2.3.0.jar) to method java.lang.ClassLoader.defineClass(java.lang.String,byte[],int,int)
WARNING: Please consider reporting this to the maintainers of com.sun.xml.bind.v2.runtime.reflect.opt.Injector
WARNING: Use --illegal-access=warn to enable warnings of further illegal reflective access operations
WARNING: All illegal access operations will be denied in a future release
[INFO] Latest timestamp of the source resources is [2020-12-16 13:39:32.675], earliest timestamp of the target resources is [2021-01-19 12:44:10.052].
[INFO] Sources are up-to-date, XJC will be skipped.
[INFO] 
[INFO] --- maven-jaxb2-plugin:0.14.0:generate (opendrive) @ MovsimXsd ---
[WARNING] You are using forceRegenerate=true in your configuration.
This configuration setting is deprecated and not recommended as it causes problems with incremental builds in IDEs.
Please refer to the following link for more information:
https://github.com/highsource/maven-jaxb2-plugin/wiki/Do-Not-Use-forceRegenerate
Consider removing this setting from your plugin configuration.

[INFO] The [forceRegenerate] switch is turned on, XJC will be executed.
[INFO] Episode file [/workdir/movsim/xsd/target/generated-sources/xjc/META-INF/sun-jaxb.episode] was augmented with if-exists="true" attributes.
[INFO] 
[INFO] --- maven-jaxb2-plugin:0.14.0:generate (movsimInitialConditions) @ MovsimXsd ---
[WARNING] You are using forceRegenerate=true in your configuration.
This configuration setting is deprecated and not recommended as it causes problems with incremental builds in IDEs.
Please refer to the following link for more information:
https://github.com/highsource/maven-jaxb2-plugin/wiki/Do-Not-Use-forceRegenerate
Consider removing this setting from your plugin configuration.

[INFO] The [forceRegenerate] switch is turned on, XJC will be executed.
[INFO] Episode file [/workdir/movsim/xsd/target/generated-sources/xjc/META-INF/sun-jaxb.episode] was augmented with if-exists="true" attributes.
[INFO] 
[INFO] --- maven-jaxb2-plugin:0.14.0:generate (movsimMicroscopicBoundaryConditions) @ MovsimXsd ---
[WARNING] You are using forceRegenerate=true in your configuration.
This configuration setting is deprecated and not recommended as it causes problems with incremental builds in IDEs.
Please refer to the following link for more information:
https://github.com/highsource/maven-jaxb2-plugin/wiki/Do-Not-Use-forceRegenerate
Consider removing this setting from your plugin configuration.

[INFO] The [forceRegenerate] switch is turned on, XJC will be executed.
[INFO] Episode file [/workdir/movsim/xsd/target/generated-sources/xjc/META-INF/sun-jaxb.episode] was augmented with if-exists="true" attributes.
[INFO] 
[INFO] --- maven-jaxb2-plugin:0.14.0:generate (movsimExternalVehicleControl) @ MovsimXsd ---
[WARNING] You are using forceRegenerate=true in your configuration.
This configuration setting is deprecated and not recommended as it causes problems with incremental builds in IDEs.
Please refer to the following link for more information:
https://github.com/highsource/maven-jaxb2-plugin/wiki/Do-Not-Use-forceRegenerate
Consider removing this setting from your plugin configuration.

[INFO] The [forceRegenerate] switch is turned on, XJC will be executed.
[INFO] Episode file [/workdir/movsim/xsd/target/generated-sources/xjc/META-INF/sun-jaxb.episode] was augmented with if-exists="true" attributes.
[INFO] 
[INFO] --- maven-resources-plugin:2.6:resources (default-resources) @ MovsimXsd ---
[INFO] Using 'UTF-8' encoding to copy filtered resources.
[INFO] Copying 11 resources
[INFO] Copying 1 resource
[INFO] Copying 1 resource
[INFO] Copying 1 resource
[INFO] Copying 1 resource
[INFO] Copying 1 resource
[INFO] 
[INFO] --- maven-compiler-plugin:3.7.0:compile (default-compile) @ MovsimXsd ---
[INFO] Changes detected - recompiling the module!
[INFO] Compiling 118 source files to /workdir/movsim/xsd/target/classes
[INFO] 
[INFO] --- maven-resources-plugin:2.6:testResources (default-testResources) @ MovsimXsd ---
[INFO] Using 'UTF-8' encoding to copy filtered resources.
[INFO] skip non existing resourceDirectory /workdir/movsim/xsd/src/test/resources
[INFO] 
[INFO] --- maven-compiler-plugin:3.7.0:testCompile (default-testCompile) @ MovsimXsd ---
[INFO] No sources to compile
[INFO] 
[INFO] --- maven-surefire-plugin:2.12.4:test (default-test) @ MovsimXsd ---
[INFO] No tests to run.
[INFO] 
[INFO] ----------------------< org.movsim:MovsimCommon >-----------------------
[INFO] Building MovsimCommon 1.7.0-SNAPSHOT                               [3/6]
[INFO] --------------------------------[ jar ]---------------------------------
[INFO] 
[INFO] --- maven-resources-plugin:2.6:resources (default-resources) @ MovsimCommon ---
[INFO] Using 'UTF-8' encoding to copy filtered resources.
[INFO] Copying 1 resource
[INFO] 
[INFO] --- maven-compiler-plugin:3.7.0:compile (default-compile) @ MovsimCommon ---
[INFO] Nothing to compile - all classes are up to date
[INFO] 
[INFO] --- maven-resources-plugin:2.6:testResources (default-testResources) @ MovsimCommon ---
[INFO] Using 'UTF-8' encoding to copy filtered resources.
[INFO] skip non existing resourceDirectory /workdir/movsim/common/src/test/resources
[INFO] 
[INFO] --- maven-compiler-plugin:3.7.0:testCompile (default-testCompile) @ MovsimCommon ---
[INFO] Nothing to compile - all classes are up to date
[INFO] 
[INFO] --- maven-surefire-plugin:2.12.4:test (default-test) @ MovsimCommon ---
[INFO] Surefire report directory: /workdir/movsim/common/target/surefire-reports

-------------------------------------------------------
 T E S T S
-------------------------------------------------------
Running org.movsim.utilities.LinearInterpolatedFunctionTest
log4j:WARN No appenders could be found for logger (org.movsim.utilities.LinearInterpolatedFunction).
log4j:WARN Please initialize the log4j system properly.
log4j:WARN See http://logging.apache.org/log4j/1.2/faq.html#noconfig for more info.
Tests run: 2, Failures: 0, Errors: 0, Skipped: 0, Time elapsed: 0.088 sec
Running org.movsim.utilities.TimeUtilitiesTest
Tests run: 2, Failures: 0, Errors: 0, Skipped: 0, Time elapsed: 0.06 sec

Results :

Tests run: 4, Failures: 0, Errors: 0, Skipped: 0

[INFO] 
[INFO] --------------------< org.movsim:MovsimConsumption >--------------------
[INFO] Building MovsimConsumption 1.7.0-SNAPSHOT                          [4/6]
[INFO] --------------------------------[ jar ]---------------------------------
[INFO] 
[INFO] --- maven-resources-plugin:2.6:resources (default-resources) @ MovsimConsumption ---
[INFO] Using 'UTF-8' encoding to copy filtered resources.
[INFO] Copying 1 resource
[INFO] 
[INFO] --- maven-compiler-plugin:3.7.0:compile (default-compile) @ MovsimConsumption ---
[INFO] Nothing to compile - all classes are up to date
[INFO] 
[INFO] --- maven-resources-plugin:2.6:testResources (default-testResources) @ MovsimConsumption ---
[INFO] Using 'UTF-8' encoding to copy filtered resources.
[INFO] skip non existing resourceDirectory /workdir/movsim/consumption/src/test/resources
[INFO] 
[INFO] --- maven-compiler-plugin:3.7.0:testCompile (default-testCompile) @ MovsimConsumption ---
[INFO] No sources to compile
[INFO] 
[INFO] --- maven-surefire-plugin:2.12.4:test (default-test) @ MovsimConsumption ---
[INFO] No tests to run.
[INFO] 
[INFO] -----------------------< org.movsim:MovsimCore >------------------------
[INFO] Building MovsimCore 1.7.0-SNAPSHOT                                 [5/6]
[INFO] --------------------------------[ jar ]---------------------------------
[INFO] 
[INFO] --- maven-resources-plugin:2.6:resources (default-resources) @ MovsimCore ---
[INFO] Using 'UTF-8' encoding to copy filtered resources.
[INFO] Copying 1 resource
[INFO] 
[INFO] --- maven-compiler-plugin:3.7.0:compile (default-compile) @ MovsimCore ---
[INFO] Nothing to compile - all classes are up to date
[INFO] 
[INFO] --- maven-resources-plugin:2.6:testResources (default-testResources) @ MovsimCore ---
[INFO] Using 'UTF-8' encoding to copy filtered resources.
[INFO] skip non existing resourceDirectory /workdir/movsim/core/src/test/resources
[INFO] 
[INFO] --- maven-compiler-plugin:3.7.0:testCompile (default-testCompile) @ MovsimCore ---
[INFO] Nothing to compile - all classes are up to date
[INFO] 
[INFO] --- maven-surefire-plugin:2.12.4:test (default-test) @ MovsimCore ---
[INFO] Surefire report directory: /workdir/movsim/core/target/surefire-reports

-------------------------------------------------------
 T E S T S
-------------------------------------------------------
Running org.movsim.AppTest
Tests run: 1, Failures: 0, Errors: 0, Skipped: 0, Time elapsed: 0.036 sec
Running org.movsim.simulator.roadnetwork.InflowTimeSeriesTest
log4j:WARN No appenders could be found for logger (org.movsim.simulator.roadnetwork.boundaries.InflowTimeSeries).
log4j:WARN Please initialize the log4j system properly.
log4j:WARN See http://logging.apache.org/log4j/1.2/faq.html#noconfig for more info.
Tests run: 3, Failures: 0, Errors: 0, Skipped: 0, Time elapsed: 0.058 sec
Running org.movsim.simulator.roadnetwork.LinkTest
Tests run: 5, Failures: 0, Errors: 0, Skipped: 0, Time elapsed: 0.01 sec
Running org.movsim.simulator.roadnetwork.RoadMappingTest
PosTheta [x=0.0, y=0.0, cosTheta=1.0, sinTheta=0.0]
PosTheta [x=0.0, y=5.0, cosTheta=1.0, sinTheta=0.0]
PosTheta [x=0.0, y=10.0, cosTheta=1.0, sinTheta=0.0]
lane=1 --> laneOffset=0.0
lane=2 --> laneOffset=5.0
lane=3 --> laneOffset=10.0
PolygonFloat [pointCount=4, xPoints=[10.0, 10.0, 0.0, 0.0], yPoints=[-4.0, -1.0, -1.0, -4.0]]
PolygonFloat [pointCount=4, xPoints=[10.0, 10.0, 0.0, 0.0], yPoints=[-9.0, -6.0, -6.0, -9.0]]
startPos=PosTheta [x=0.0, y=0.0, cosTheta=1.0, sinTheta=0.0]
startPos=PosTheta [x=1000.0, y=0.0, cosTheta=1.0, sinTheta=0.0]
Tests run: 12, Failures: 0, Errors: 0, Skipped: 0, Time elapsed: 0.025 sec
Running org.movsim.simulator.roadnetwork.RoadSegmentTest
Tests run: 30, Failures: 0, Errors: 0, Skipped: 0, Time elapsed: 0.024 sec
Running org.movsim.simulator.roadnetwork.MicroInflowQueueTest
localDateTime = 2011-01-02T13:52:00.000
time=02-01-2011T13:52 --> dateTime=2011-01-02T13:52:00.000Z
Tests run: 1, Failures: 0, Errors: 0, Skipped: 0, Time elapsed: 0.049 sec
Running org.movsim.simulator.roadnetwork.vehicles.lanechange.MOBILTest
Tests run: 4, Failures: 0, Errors: 0, Skipped: 0, Time elapsed: 0.003 sec

Results :

Tests run: 56, Failures: 0, Errors: 0, Skipped: 0

[INFO] 
[INFO] ----------------------< org.movsim:MovsimViewer >-----------------------
[INFO] Building MovsimViewer 1.7.0-SNAPSHOT                               [6/6]
[INFO] --------------------------------[ jar ]---------------------------------
[INFO] 
[INFO] --- maven-resources-plugin:2.6:resources (default-resources) @ MovsimViewer ---
[INFO] Using 'UTF-8' encoding to copy filtered resources.
[INFO] Copying 58 resources
[INFO] 
[INFO] --- maven-compiler-plugin:3.7.0:compile (default-compile) @ MovsimViewer ---
[INFO] Nothing to compile - all classes are up to date
[INFO] 
[INFO] --- maven-resources-plugin:2.6:testResources (default-testResources) @ MovsimViewer ---
[INFO] Using 'UTF-8' encoding to copy filtered resources.
[INFO] skip non existing resourceDirectory /workdir/movsim/viewer/src/test/resources
[INFO] 
[INFO] --- maven-compiler-plugin:3.7.0:testCompile (default-testCompile) @ MovsimViewer ---
[INFO] Nothing to compile - all classes are up to date
[INFO] 
[INFO] --- maven-surefire-plugin:2.12.4:test (default-test) @ MovsimViewer ---
[INFO] Surefire report directory: /workdir/movsim/viewer/target/surefire-reports

-------------------------------------------------------
 T E S T S
-------------------------------------------------------
Running org.movim.web.appletroad.AppTest
Tests run: 1, Failures: 0, Errors: 0, Skipped: 0, Time elapsed: 0.039 sec

Results :

Tests run: 1, Failures: 0, Errors: 0, Skipped: 0

[INFO] ------------------------------------------------------------------------
[INFO] Reactor Summary for movsim 1.7.0-SNAPSHOT:
[INFO] 
[INFO] movsim ............................................. SUCCESS [  0.038 s]
[INFO] MovsimXsd .......................................... SUCCESS [  3.562 s]
[INFO] MovsimCommon ....................................... SUCCESS [  0.470 s]
[INFO] MovsimConsumption .................................. SUCCESS [  0.019 s]
[INFO] MovsimCore ......................................... SUCCESS [  0.471 s]
[INFO] MovsimViewer ....................................... SUCCESS [  0.236 s]
[INFO] ------------------------------------------------------------------------
[INFO] BUILD SUCCESS
[INFO] ------------------------------------------------------------------------
[INFO] Total time:  4.891 s
[INFO] Finished at: 2021-02-14T17:28:16Z
[INFO] ------------------------------------------------------------------------
