[INFO] Scanning for projects...
[INFO] 
[INFO] ----------------------< com.sematext:solr-redis >-----------------------
[INFO] Building Solr Redis 1.10.1
[INFO] --------------------------------[ jar ]---------------------------------
[INFO] 
[INFO] --- maven-enforcer-plugin:1.0:enforce (enforce-maven) @ solr-redis ---
[INFO] 
[INFO] --- maven-resources-plugin:2.6:resources (default-resources) @ solr-redis ---
[INFO] Using 'UTF-8' encoding to copy filtered resources.
[INFO] skip non existing resourceDirectory /workdir/solr-redis/src/main/resources
[INFO] 
[INFO] --- maven-compiler-plugin:3.1:compile (default-compile) @ solr-redis ---
[INFO] Nothing to compile - all classes are up to date
[INFO] 
[INFO] --- maven-resources-plugin:2.6:testResources (default-testResources) @ solr-redis ---
[INFO] Using 'UTF-8' encoding to copy filtered resources.
[INFO] Copying 4 resources
[INFO] 
[INFO] --- maven-compiler-plugin:3.1:testCompile (default-testCompile) @ solr-redis ---
[INFO] Nothing to compile - all classes are up to date
[INFO] 
[INFO] --- maven-surefire-plugin:2.15:test (default-test) @ solr-redis ---
[INFO] Surefire report directory: /workdir/solr-redis/target/surefire-reports

-------------------------------------------------------
 T E S T S
-------------------------------------------------------
Running com.sematext.solr.redis.command.ValueFilterTest
SLF4J: Class path contains multiple SLF4J bindings.
SLF4J: Found binding in [jar:file:/home/maven/.m2/repository/org/apache/logging/log4j/log4j-slf4j-impl/2.13.2/log4j-slf4j-impl-2.13.2.jar!/org/slf4j/impl/StaticLoggerBinder.class]
SLF4J: Found binding in [jar:file:/home/maven/.m2/repository/org/slf4j/slf4j-simple/1.7.7/slf4j-simple-1.7.7.jar!/org/slf4j/impl/StaticLoggerBinder.class]
SLF4J: Found binding in [jar:file:/home/maven/.m2/repository/org/slf4j/slf4j-log4j12/1.7.7/slf4j-log4j12-1.7.7.jar!/org/slf4j/impl/StaticLoggerBinder.class]
SLF4J: See http://www.slf4j.org/codes.html#multiple_bindings for an explanation.
SLF4J: Actual binding is of type [org.apache.logging.slf4j.Log4jLoggerFactory]
Tests run: 2, Failures: 0, Errors: 0, Skipped: 0, Time elapsed: 0.425 sec - in com.sematext.solr.redis.command.ValueFilterTest
Running com.sematext.solr.redis.TestRedisQParser
WARNING: An illegal reflective access operation has occurred
WARNING: Illegal reflective access by org.mockito.cglib.core.ReflectUtils$2 (file:/home/maven/.m2/repository/org/mockito/mockito-all/1.10.19/mockito-all-1.10.19.jar) to method java.lang.ClassLoader.defineClass(java.lang.String,byte[],int,int,java.security.ProtectionDomain)
WARNING: Please consider reporting this to the maintainers of org.mockito.cglib.core.ReflectUtils$2
WARNING: Use --illegal-access=warn to enable warnings of further illegal reflective access operations
WARNING: All illegal access operations will be denied in a future release
00:55:16.362 [main] ERROR com.sematext.solr.redis.RedisQParser - No command argument passed to RedisQParser.
Tests run: 78, Failures: 0, Errors: 0, Skipped: 0, Time elapsed: 0.449 sec - in com.sematext.solr.redis.TestRedisQParser
Running com.sematext.solr.redis.TestRetryingCommandHandler
Tests run: 5, Failures: 0, Errors: 0, Skipped: 0, Time elapsed: 0.006 sec - in com.sematext.solr.redis.TestRetryingCommandHandler
Running com.sematext.solr.redis.TestRedisQParserPlugin
Tests run: 10, Failures: 0, Errors: 0, Skipped: 0, Time elapsed: 0.061 sec - in com.sematext.solr.redis.TestRedisQParserPlugin
Running com.sematext.lucene.query.extractor.TestDisjunctionQueryExtracotr
Tests run: 2, Failures: 0, Errors: 0, Skipped: 0, Time elapsed: 0.011 sec - in com.sematext.lucene.query.extractor.TestDisjunctionQueryExtracotr
Running com.sematext.lucene.query.extractor.TestTermQueryExtractor
Tests run: 2, Failures: 0, Errors: 0, Skipped: 0, Time elapsed: 0.002 sec - in com.sematext.lucene.query.extractor.TestTermQueryExtractor
Running com.sematext.lucene.query.extractor.TestConstantScoreQueryExtractor
Tests run: 2, Failures: 0, Errors: 0, Skipped: 0, Time elapsed: 0.006 sec - in com.sematext.lucene.query.extractor.TestConstantScoreQueryExtractor
Running com.sematext.lucene.query.extractor.TestGenericQueryExtractor
Tests run: 2, Failures: 0, Errors: 0, Skipped: 0, Time elapsed: 0 sec - in com.sematext.lucene.query.extractor.TestGenericQueryExtractor
Running com.sematext.lucene.query.extractor.TestBooleanQueryExtractor
Tests run: 2, Failures: 0, Errors: 0, Skipped: 0, Time elapsed: 0 sec - in com.sematext.lucene.query.extractor.TestBooleanQueryExtractor
Running com.sematext.lucene.query.TestTaggedQuery
Tests run: 2, Failures: 0, Errors: 0, Skipped: 0, Time elapsed: 0.003 sec - in com.sematext.lucene.query.TestTaggedQuery

Results :

Tests run: 107, Failures: 0, Errors: 0, Skipped: 0

[INFO] ------------------------------------------------------------------------
[INFO] BUILD SUCCESS
[INFO] ------------------------------------------------------------------------
[INFO] Total time:  2.562 s
[INFO] Finished at: 2021-02-15T00:55:16Z
[INFO] ------------------------------------------------------------------------
