[INFO] Scanning for projects...
[WARNING] The project org.knowm:yank:jar:3.3.4-SNAPSHOT uses prerequisites which is only intended for maven-plugin projects but not for non maven-plugin projects. For such purposes you should use the maven-enforcer-plugin. See https://maven.apache.org/enforcer/enforcer-rules/requireMavenVersion.html
[INFO] 
[INFO] ---------------------------< org.knowm:yank >---------------------------
[INFO] Building Yank 3.3.4-SNAPSHOT
[INFO] --------------------------------[ jar ]---------------------------------
[INFO] 
[INFO] --- fmt-maven-plugin:2.9:format (default) @ yank ---
[INFO] Processed 39 files (0 reformatted).
[INFO] 
[INFO] --- maven-resources-plugin:2.6:resources (default-resources) @ yank ---
[INFO] Using 'UTF-8' encoding to copy filtered resources.
[INFO] skip non existing resourceDirectory /workdir/Yank/src/main/resources
[INFO] 
[INFO] --- maven-compiler-plugin:3.8.1:compile (default-compile) @ yank ---
[INFO] Nothing to compile - all classes are up to date
[INFO] 
[INFO] --- maven-resources-plugin:2.6:testResources (default-testResources) @ yank ---
[INFO] Using 'UTF-8' encoding to copy filtered resources.
[INFO] Copying 6 resources
[INFO] 
[INFO] --- maven-compiler-plugin:3.8.1:testCompile (default-testCompile) @ yank ---
[INFO] Nothing to compile - all classes are up to date
[INFO] 
[INFO] --- maven-surefire-plugin:2.12.4:test (default-test) @ yank ---
[INFO] Surefire report directory: /workdir/Yank/target/surefire-reports

-------------------------------------------------------
 T E S T S
-------------------------------------------------------
Running org.knowm.yank.PropertiesUtilsTest
[main] DEBUG org.knowm.yank.PropertiesUtils - loaded properties file with Thread.currentThread()
ERROR LOADING PROPERTIES FROM CLASSPATH >HSQL_DB_XYZ.properties< !!!
Tests run: 2, Failures: 0, Errors: 0, Skipped: 0, Time elapsed: 0.063 sec
Running org.knowm.yank.BooksTableDataSourceClassNameTest
[main] DEBUG com.zaxxer.hikari.HikariConfig - yank-default - configuration:
[main] DEBUG com.zaxxer.hikari.HikariConfig - allowPoolSuspension.............false
[main] DEBUG com.zaxxer.hikari.HikariConfig - autoCommit......................true
[main] DEBUG com.zaxxer.hikari.HikariConfig - catalog.........................none
[main] DEBUG com.zaxxer.hikari.HikariConfig - connectionInitSql...............none
[main] DEBUG com.zaxxer.hikari.HikariConfig - connectionTestQuery.............none
[main] DEBUG com.zaxxer.hikari.HikariConfig - connectionTimeout...............30000
[main] DEBUG com.zaxxer.hikari.HikariConfig - dataSource......................none
[main] DEBUG com.zaxxer.hikari.HikariConfig - dataSourceClassName............."org.hsqldb.jdbc.JDBCDataSource"
[main] DEBUG com.zaxxer.hikari.HikariConfig - dataSourceJNDI..................none
[main] DEBUG com.zaxxer.hikari.HikariConfig - dataSourceProperties............{password=<masked>, databaseName=mem:foobar}
[main] DEBUG com.zaxxer.hikari.HikariConfig - driverClassName.................none
[main] DEBUG com.zaxxer.hikari.HikariConfig - exceptionOverrideClassName......none
[main] DEBUG com.zaxxer.hikari.HikariConfig - healthCheckProperties...........{}
[main] DEBUG com.zaxxer.hikari.HikariConfig - healthCheckRegistry.............none
[main] DEBUG com.zaxxer.hikari.HikariConfig - idleTimeout.....................600000
[main] DEBUG com.zaxxer.hikari.HikariConfig - initializationFailTimeout.......1
[main] DEBUG com.zaxxer.hikari.HikariConfig - isolateInternalQueries..........false
[main] DEBUG com.zaxxer.hikari.HikariConfig - jdbcUrl.........................none
[main] DEBUG com.zaxxer.hikari.HikariConfig - leakDetectionThreshold..........0
[main] DEBUG com.zaxxer.hikari.HikariConfig - maxLifetime.....................1800000
[main] DEBUG com.zaxxer.hikari.HikariConfig - maximumPoolSize.................10
[main] DEBUG com.zaxxer.hikari.HikariConfig - metricRegistry..................none
[main] DEBUG com.zaxxer.hikari.HikariConfig - metricsTrackerFactory...........none
[main] DEBUG com.zaxxer.hikari.HikariConfig - minimumIdle.....................10
[main] DEBUG com.zaxxer.hikari.HikariConfig - password........................<masked>
[main] DEBUG com.zaxxer.hikari.HikariConfig - poolName........................"yank-default"
[main] DEBUG com.zaxxer.hikari.HikariConfig - readOnly........................false
[main] DEBUG com.zaxxer.hikari.HikariConfig - registerMbeans..................false
[main] DEBUG com.zaxxer.hikari.HikariConfig - scheduledExecutor...............none
[main] DEBUG com.zaxxer.hikari.HikariConfig - schema..........................none
[main] DEBUG com.zaxxer.hikari.HikariConfig - threadFactory...................internal
[main] DEBUG com.zaxxer.hikari.HikariConfig - transactionIsolation............default
[main] DEBUG com.zaxxer.hikari.HikariConfig - username........................"sa"
[main] DEBUG com.zaxxer.hikari.HikariConfig - validationTimeout...............5000
[main] INFO com.zaxxer.hikari.HikariDataSource - yank-default - Starting...
[main] INFO com.zaxxer.hikari.pool.PoolBase - yank-default - Driver does not support get/set network timeout for connections. (feature not supported)
[main] DEBUG com.zaxxer.hikari.pool.HikariPool - yank-default - Added connection org.hsqldb.jdbc.JDBCConnection@3ee37e5a
[main] INFO com.zaxxer.hikari.HikariDataSource - yank-default - Start completed.
[main] INFO org.knowm.yank.YankPoolManager - Initialized pool 'yank-default'
[main] INFO org.knowm.yank.YankPoolManager - Releasing pool: yank-default...
[main] INFO com.zaxxer.hikari.HikariDataSource - yank-default - Shutdown initiated...
[main] DEBUG com.zaxxer.hikari.pool.HikariPool - yank-default - Before shutdown stats (total=1, active=0, idle=1, waiting=0)
[yank-default connection closer] DEBUG com.zaxxer.hikari.pool.PoolBase - yank-default - Closing connection org.hsqldb.jdbc.JDBCConnection@3ee37e5a: (connection evicted)
[main] DEBUG com.zaxxer.hikari.pool.HikariPool - yank-default - After shutdown stats (total=0, active=0, idle=0, waiting=0)
[main] INFO com.zaxxer.hikari.HikariDataSource - yank-default - Shutdown completed.
Tests run: 1, Failures: 0, Errors: 0, Skipped: 0, Time elapsed: 0.336 sec
Running org.knowm.yank.YankSQLExceptionTest
[main] INFO org.knowm.yank.YankPoolManager - Releasing pool: yank-default...
[main] DEBUG com.zaxxer.hikari.HikariConfig - yank-default - configuration:
[main] DEBUG com.zaxxer.hikari.HikariConfig - allowPoolSuspension.............false
[main] DEBUG com.zaxxer.hikari.HikariConfig - autoCommit......................true
[main] DEBUG com.zaxxer.hikari.HikariConfig - catalog.........................none
[main] DEBUG com.zaxxer.hikari.HikariConfig - connectionInitSql...............none
[main] DEBUG com.zaxxer.hikari.HikariConfig - connectionTestQuery.............none
[main] DEBUG com.zaxxer.hikari.HikariConfig - connectionTimeout...............30000
[main] DEBUG com.zaxxer.hikari.HikariConfig - dataSource......................none
[main] DEBUG com.zaxxer.hikari.HikariConfig - dataSourceClassName.............none
[main] DEBUG com.zaxxer.hikari.HikariConfig - dataSourceJNDI..................none
[main] DEBUG com.zaxxer.hikari.HikariConfig - dataSourceProperties............{password=<masked>}
[main] DEBUG com.zaxxer.hikari.HikariConfig - driverClassName.................none
[main] DEBUG com.zaxxer.hikari.HikariConfig - exceptionOverrideClassName......none
[main] DEBUG com.zaxxer.hikari.HikariConfig - healthCheckProperties...........{}
[main] DEBUG com.zaxxer.hikari.HikariConfig - healthCheckRegistry.............none
[main] DEBUG com.zaxxer.hikari.HikariConfig - idleTimeout.....................600000
[main] DEBUG com.zaxxer.hikari.HikariConfig - initializationFailTimeout.......1
[main] DEBUG com.zaxxer.hikari.HikariConfig - isolateInternalQueries..........false
[main] DEBUG com.zaxxer.hikari.HikariConfig - jdbcUrl.........................jdbc:hsqldb:mem:blah;shutdown=true
[main] DEBUG com.zaxxer.hikari.HikariConfig - leakDetectionThreshold..........0
[main] DEBUG com.zaxxer.hikari.HikariConfig - maxLifetime.....................1800000
[main] DEBUG com.zaxxer.hikari.HikariConfig - maximumPoolSize.................10
[main] DEBUG com.zaxxer.hikari.HikariConfig - metricRegistry..................none
[main] DEBUG com.zaxxer.hikari.HikariConfig - metricsTrackerFactory...........none
[main] DEBUG com.zaxxer.hikari.HikariConfig - minimumIdle.....................10
[main] DEBUG com.zaxxer.hikari.HikariConfig - password........................<masked>
[main] DEBUG com.zaxxer.hikari.HikariConfig - poolName........................"yank-default"
[main] DEBUG com.zaxxer.hikari.HikariConfig - readOnly........................false
[main] DEBUG com.zaxxer.hikari.HikariConfig - registerMbeans..................false
[main] DEBUG com.zaxxer.hikari.HikariConfig - scheduledExecutor...............none
[main] DEBUG com.zaxxer.hikari.HikariConfig - schema..........................none
[main] DEBUG com.zaxxer.hikari.HikariConfig - threadFactory...................internal
[main] DEBUG com.zaxxer.hikari.HikariConfig - transactionIsolation............default
[main] DEBUG com.zaxxer.hikari.HikariConfig - username........................"sa"
[main] DEBUG com.zaxxer.hikari.HikariConfig - validationTimeout...............5000
[main] INFO com.zaxxer.hikari.HikariDataSource - yank-default - Starting...
[main] DEBUG com.zaxxer.hikari.util.DriverDataSource - Loaded driver with class name org.hsqldb.jdbc.JDBCDriver for jdbcUrl=jdbc:hsqldb:mem:blah;shutdown=true
[main] INFO com.zaxxer.hikari.pool.PoolBase - yank-default - Driver does not support get/set network timeout for connections. (feature not supported)
[main] DEBUG com.zaxxer.hikari.pool.HikariPool - yank-default - Added connection org.hsqldb.jdbc.JDBCConnection@29d80d2b
[main] INFO com.zaxxer.hikari.HikariDataSource - yank-default - Start completed.
[main] INFO org.knowm.yank.YankPoolManager - Initialized pool 'yank-default'
[main] INFO org.knowm.yank.YankPoolManager - Releasing pool: yank-default...
[main] INFO com.zaxxer.hikari.HikariDataSource - yank-default - Shutdown initiated...
[main] DEBUG com.zaxxer.hikari.pool.HikariPool - yank-default - Before shutdown stats (total=1, active=0, idle=1, waiting=0)
[yank-default connection closer] DEBUG com.zaxxer.hikari.pool.PoolBase - yank-default - Closing connection org.hsqldb.jdbc.JDBCConnection@29d80d2b: (connection evicted)
[main] DEBUG com.zaxxer.hikari.pool.HikariPool - yank-default - After shutdown stats (total=0, active=0, idle=0, waiting=0)
[main] INFO com.zaxxer.hikari.HikariDataSource - yank-default - Shutdown completed.
Tests run: 1, Failures: 0, Errors: 0, Skipped: 0, Time elapsed: 0.048 sec
Running org.knowm.yank.BooksTableJdbcUrlTest
[main] INFO org.knowm.yank.YankPoolManager - Releasing pool: yank-default...
[main] DEBUG com.zaxxer.hikari.HikariConfig - yank-default - configuration:
[main] DEBUG com.zaxxer.hikari.HikariConfig - allowPoolSuspension.............false
[main] DEBUG com.zaxxer.hikari.HikariConfig - autoCommit......................true
[main] DEBUG com.zaxxer.hikari.HikariConfig - catalog.........................none
[main] DEBUG com.zaxxer.hikari.HikariConfig - connectionInitSql...............none
[main] DEBUG com.zaxxer.hikari.HikariConfig - connectionTestQuery.............none
[main] DEBUG com.zaxxer.hikari.HikariConfig - connectionTimeout...............30000
[main] DEBUG com.zaxxer.hikari.HikariConfig - dataSource......................none
[main] DEBUG com.zaxxer.hikari.HikariConfig - dataSourceClassName.............none
[main] DEBUG com.zaxxer.hikari.HikariConfig - dataSourceJNDI..................none
[main] DEBUG com.zaxxer.hikari.HikariConfig - dataSourceProperties............{password=<masked>}
[main] DEBUG com.zaxxer.hikari.HikariConfig - driverClassName.................none
[main] DEBUG com.zaxxer.hikari.HikariConfig - exceptionOverrideClassName......none
[main] DEBUG com.zaxxer.hikari.HikariConfig - healthCheckProperties...........{}
[main] DEBUG com.zaxxer.hikari.HikariConfig - healthCheckRegistry.............none
[main] DEBUG com.zaxxer.hikari.HikariConfig - idleTimeout.....................600000
[main] DEBUG com.zaxxer.hikari.HikariConfig - initializationFailTimeout.......1
[main] DEBUG com.zaxxer.hikari.HikariConfig - isolateInternalQueries..........false
[main] DEBUG com.zaxxer.hikari.HikariConfig - jdbcUrl.........................jdbc:hsqldb:mem:blah;shutdown=true
[main] DEBUG com.zaxxer.hikari.HikariConfig - leakDetectionThreshold..........0
[main] DEBUG com.zaxxer.hikari.HikariConfig - maxLifetime.....................1800000
[main] DEBUG com.zaxxer.hikari.HikariConfig - maximumPoolSize.................10
[main] DEBUG com.zaxxer.hikari.HikariConfig - metricRegistry..................none
[main] DEBUG com.zaxxer.hikari.HikariConfig - metricsTrackerFactory...........none
[main] DEBUG com.zaxxer.hikari.HikariConfig - minimumIdle.....................10
[main] DEBUG com.zaxxer.hikari.HikariConfig - password........................<masked>
[main] DEBUG com.zaxxer.hikari.HikariConfig - poolName........................"yank-default"
[main] DEBUG com.zaxxer.hikari.HikariConfig - readOnly........................false
[main] DEBUG com.zaxxer.hikari.HikariConfig - registerMbeans..................false
[main] DEBUG com.zaxxer.hikari.HikariConfig - scheduledExecutor...............none
[main] DEBUG com.zaxxer.hikari.HikariConfig - schema..........................none
[main] DEBUG com.zaxxer.hikari.HikariConfig - threadFactory...................internal
[main] DEBUG com.zaxxer.hikari.HikariConfig - transactionIsolation............default
[main] DEBUG com.zaxxer.hikari.HikariConfig - username........................"sa"
[main] DEBUG com.zaxxer.hikari.HikariConfig - validationTimeout...............5000
[main] INFO com.zaxxer.hikari.HikariDataSource - yank-default - Starting...
[main] DEBUG com.zaxxer.hikari.util.DriverDataSource - Loaded driver with class name org.hsqldb.jdbc.JDBCDriver for jdbcUrl=jdbc:hsqldb:mem:blah;shutdown=true
[main] INFO com.zaxxer.hikari.pool.PoolBase - yank-default - Driver does not support get/set network timeout for connections. (feature not supported)
[main] DEBUG com.zaxxer.hikari.pool.HikariPool - yank-default - Added connection org.hsqldb.jdbc.JDBCConnection@21be3395
[main] INFO com.zaxxer.hikari.HikariDataSource - yank-default - Start completed.
[main] INFO org.knowm.yank.YankPoolManager - Initialized pool 'yank-default'
[main] INFO org.knowm.yank.YankPoolManager - Releasing pool: yank-default...
[main] INFO com.zaxxer.hikari.HikariDataSource - yank-default - Shutdown initiated...
[main] DEBUG com.zaxxer.hikari.pool.HikariPool - yank-default - Before shutdown stats (total=1, active=0, idle=1, waiting=0)
[yank-default connection closer] DEBUG com.zaxxer.hikari.pool.PoolBase - yank-default - Closing connection org.hsqldb.jdbc.JDBCConnection@21be3395: (connection evicted)
[main] DEBUG com.zaxxer.hikari.pool.HikariPool - yank-default - After shutdown stats (total=0, active=0, idle=0, waiting=0)
[main] INFO com.zaxxer.hikari.HikariDataSource - yank-default - Shutdown completed.
Tests run: 1, Failures: 0, Errors: 0, Skipped: 0, Time elapsed: 0.042 sec
Running org.knowm.yank.QueryColumnTest
[main] INFO org.knowm.yank.YankPoolManager - Releasing pool: yank-default...
[main] DEBUG com.zaxxer.hikari.HikariConfig - yank-default - configuration:
[main] DEBUG com.zaxxer.hikari.HikariConfig - allowPoolSuspension.............false
[main] DEBUG com.zaxxer.hikari.HikariConfig - autoCommit......................true
[main] DEBUG com.zaxxer.hikari.HikariConfig - catalog.........................none
[main] DEBUG com.zaxxer.hikari.HikariConfig - connectionInitSql...............none
[main] DEBUG com.zaxxer.hikari.HikariConfig - connectionTestQuery.............none
[main] DEBUG com.zaxxer.hikari.HikariConfig - connectionTimeout...............30000
[main] DEBUG com.zaxxer.hikari.HikariConfig - dataSource......................none
[main] DEBUG com.zaxxer.hikari.HikariConfig - dataSourceClassName.............none
[main] DEBUG com.zaxxer.hikari.HikariConfig - dataSourceJNDI..................none
[main] DEBUG com.zaxxer.hikari.HikariConfig - dataSourceProperties............{password=<masked>}
[main] DEBUG com.zaxxer.hikari.HikariConfig - driverClassName.................none
[main] DEBUG com.zaxxer.hikari.HikariConfig - exceptionOverrideClassName......none
[main] DEBUG com.zaxxer.hikari.HikariConfig - healthCheckProperties...........{}
[main] DEBUG com.zaxxer.hikari.HikariConfig - healthCheckRegistry.............none
[main] DEBUG com.zaxxer.hikari.HikariConfig - idleTimeout.....................600000
[main] DEBUG com.zaxxer.hikari.HikariConfig - initializationFailTimeout.......1
[main] DEBUG com.zaxxer.hikari.HikariConfig - isolateInternalQueries..........false
[main] DEBUG com.zaxxer.hikari.HikariConfig - jdbcUrl.........................jdbc:hsqldb:mem:blah;shutdown=true
[main] DEBUG com.zaxxer.hikari.HikariConfig - leakDetectionThreshold..........0
[main] DEBUG com.zaxxer.hikari.HikariConfig - maxLifetime.....................1800000
[main] DEBUG com.zaxxer.hikari.HikariConfig - maximumPoolSize.................10
[main] DEBUG com.zaxxer.hikari.HikariConfig - metricRegistry..................none
[main] DEBUG com.zaxxer.hikari.HikariConfig - metricsTrackerFactory...........none
[main] DEBUG com.zaxxer.hikari.HikariConfig - minimumIdle.....................10
[main] DEBUG com.zaxxer.hikari.HikariConfig - password........................<masked>
[main] DEBUG com.zaxxer.hikari.HikariConfig - poolName........................"yank-default"
[main] DEBUG com.zaxxer.hikari.HikariConfig - readOnly........................false
[main] DEBUG com.zaxxer.hikari.HikariConfig - registerMbeans..................false
[main] DEBUG com.zaxxer.hikari.HikariConfig - scheduledExecutor...............none
[main] DEBUG com.zaxxer.hikari.HikariConfig - schema..........................none
[main] DEBUG com.zaxxer.hikari.HikariConfig - threadFactory...................internal
[main] DEBUG com.zaxxer.hikari.HikariConfig - transactionIsolation............default
[main] DEBUG com.zaxxer.hikari.HikariConfig - username........................"sa"
[main] DEBUG com.zaxxer.hikari.HikariConfig - validationTimeout...............5000
[main] INFO com.zaxxer.hikari.HikariDataSource - yank-default - Starting...
[main] DEBUG com.zaxxer.hikari.util.DriverDataSource - Loaded driver with class name org.hsqldb.jdbc.JDBCDriver for jdbcUrl=jdbc:hsqldb:mem:blah;shutdown=true
[main] INFO com.zaxxer.hikari.pool.PoolBase - yank-default - Driver does not support get/set network timeout for connections. (feature not supported)
[main] DEBUG com.zaxxer.hikari.pool.HikariPool - yank-default - Added connection org.hsqldb.jdbc.JDBCConnection@4bff7da0
[main] INFO com.zaxxer.hikari.HikariDataSource - yank-default - Start completed.
[main] INFO org.knowm.yank.YankPoolManager - Initialized pool 'yank-default'
[main] INFO org.knowm.yank.YankPoolManager - Releasing pool: yank-default...
[main] INFO com.zaxxer.hikari.HikariDataSource - yank-default - Shutdown initiated...
[main] DEBUG com.zaxxer.hikari.pool.HikariPool - yank-default - Before shutdown stats (total=1, active=0, idle=1, waiting=0)
[yank-default connection closer] DEBUG com.zaxxer.hikari.pool.PoolBase - yank-default - Closing connection org.hsqldb.jdbc.JDBCConnection@4bff7da0: (connection evicted)
[main] DEBUG com.zaxxer.hikari.pool.HikariPool - yank-default - After shutdown stats (total=0, active=0, idle=0, waiting=0)
[main] INFO com.zaxxer.hikari.HikariDataSource - yank-default - Shutdown completed.
Tests run: 1, Failures: 0, Errors: 0, Skipped: 0, Time elapsed: 0.028 sec
Running org.knowm.yank.SnakeCaseTest
[main] INFO org.knowm.yank.YankPoolManager - Releasing pool: yank-default...
[main] DEBUG com.zaxxer.hikari.HikariConfig - yank-default - configuration:
[main] DEBUG com.zaxxer.hikari.HikariConfig - allowPoolSuspension.............false
[main] DEBUG com.zaxxer.hikari.HikariConfig - autoCommit......................true
[main] DEBUG com.zaxxer.hikari.HikariConfig - catalog.........................none
[main] DEBUG com.zaxxer.hikari.HikariConfig - connectionInitSql...............none
[main] DEBUG com.zaxxer.hikari.HikariConfig - connectionTestQuery.............none
[main] DEBUG com.zaxxer.hikari.HikariConfig - connectionTimeout...............30000
[main] DEBUG com.zaxxer.hikari.HikariConfig - dataSource......................none
[main] DEBUG com.zaxxer.hikari.HikariConfig - dataSourceClassName.............none
[main] DEBUG com.zaxxer.hikari.HikariConfig - dataSourceJNDI..................none
[main] DEBUG com.zaxxer.hikari.HikariConfig - dataSourceProperties............{password=<masked>}
[main] DEBUG com.zaxxer.hikari.HikariConfig - driverClassName.................none
[main] DEBUG com.zaxxer.hikari.HikariConfig - exceptionOverrideClassName......none
[main] DEBUG com.zaxxer.hikari.HikariConfig - healthCheckProperties...........{}
[main] DEBUG com.zaxxer.hikari.HikariConfig - healthCheckRegistry.............none
[main] DEBUG com.zaxxer.hikari.HikariConfig - idleTimeout.....................600000
[main] DEBUG com.zaxxer.hikari.HikariConfig - initializationFailTimeout.......1
[main] DEBUG com.zaxxer.hikari.HikariConfig - isolateInternalQueries..........false
[main] DEBUG com.zaxxer.hikari.HikariConfig - jdbcUrl.........................jdbc:hsqldb:mem:blah;shutdown=true
[main] DEBUG com.zaxxer.hikari.HikariConfig - leakDetectionThreshold..........0
[main] DEBUG com.zaxxer.hikari.HikariConfig - maxLifetime.....................1800000
[main] DEBUG com.zaxxer.hikari.HikariConfig - maximumPoolSize.................10
[main] DEBUG com.zaxxer.hikari.HikariConfig - metricRegistry..................none
[main] DEBUG com.zaxxer.hikari.HikariConfig - metricsTrackerFactory...........none
[main] DEBUG com.zaxxer.hikari.HikariConfig - minimumIdle.....................10
[main] DEBUG com.zaxxer.hikari.HikariConfig - password........................<masked>
[main] DEBUG com.zaxxer.hikari.HikariConfig - poolName........................"yank-default"
[main] DEBUG com.zaxxer.hikari.HikariConfig - readOnly........................false
[main] DEBUG com.zaxxer.hikari.HikariConfig - registerMbeans..................false
[main] DEBUG com.zaxxer.hikari.HikariConfig - scheduledExecutor...............none
[main] DEBUG com.zaxxer.hikari.HikariConfig - schema..........................none
[main] DEBUG com.zaxxer.hikari.HikariConfig - threadFactory...................internal
[main] DEBUG com.zaxxer.hikari.HikariConfig - transactionIsolation............default
[main] DEBUG com.zaxxer.hikari.HikariConfig - username........................"sa"
[main] DEBUG com.zaxxer.hikari.HikariConfig - validationTimeout...............5000
[main] INFO com.zaxxer.hikari.HikariDataSource - yank-default - Starting...
[main] DEBUG com.zaxxer.hikari.util.DriverDataSource - Loaded driver with class name org.hsqldb.jdbc.JDBCDriver for jdbcUrl=jdbc:hsqldb:mem:blah;shutdown=true
[main] INFO com.zaxxer.hikari.pool.PoolBase - yank-default - Driver does not support get/set network timeout for connections. (feature not supported)
[main] DEBUG com.zaxxer.hikari.pool.HikariPool - yank-default - Added connection org.hsqldb.jdbc.JDBCConnection@2663e964
[main] INFO com.zaxxer.hikari.HikariDataSource - yank-default - Start completed.
[main] INFO org.knowm.yank.YankPoolManager - Initialized pool 'yank-default'
[main] INFO org.knowm.yank.YankPoolManager - Releasing pool: yank-default...
[main] INFO com.zaxxer.hikari.HikariDataSource - yank-default - Shutdown initiated...
[main] DEBUG com.zaxxer.hikari.pool.HikariPool - yank-default - Before shutdown stats (total=1, active=0, idle=1, waiting=0)
[yank-default connection closer] DEBUG com.zaxxer.hikari.pool.PoolBase - yank-default - Closing connection org.hsqldb.jdbc.JDBCConnection@2663e964: (connection evicted)
[main] DEBUG com.zaxxer.hikari.pool.HikariPool - yank-default - After shutdown stats (total=0, active=0, idle=0, waiting=0)
[main] INFO com.zaxxer.hikari.HikariDataSource - yank-default - Shutdown completed.
Tests run: 1, Failures: 0, Errors: 0, Skipped: 0, Time elapsed: 0.03 sec
Running org.knowm.yank.ColumnMappingTest
[main] INFO org.knowm.yank.YankPoolManager - Releasing pool: yank-default...
[main] DEBUG com.zaxxer.hikari.HikariConfig - yank-default - configuration:
[main] DEBUG com.zaxxer.hikari.HikariConfig - allowPoolSuspension.............false
[main] DEBUG com.zaxxer.hikari.HikariConfig - autoCommit......................true
[main] DEBUG com.zaxxer.hikari.HikariConfig - catalog.........................none
[main] DEBUG com.zaxxer.hikari.HikariConfig - connectionInitSql...............none
[main] DEBUG com.zaxxer.hikari.HikariConfig - connectionTestQuery.............none
[main] DEBUG com.zaxxer.hikari.HikariConfig - connectionTimeout...............30000
[main] DEBUG com.zaxxer.hikari.HikariConfig - dataSource......................none
[main] DEBUG com.zaxxer.hikari.HikariConfig - dataSourceClassName.............none
[main] DEBUG com.zaxxer.hikari.HikariConfig - dataSourceJNDI..................none
[main] DEBUG com.zaxxer.hikari.HikariConfig - dataSourceProperties............{password=<masked>}
[main] DEBUG com.zaxxer.hikari.HikariConfig - driverClassName.................none
[main] DEBUG com.zaxxer.hikari.HikariConfig - exceptionOverrideClassName......none
[main] DEBUG com.zaxxer.hikari.HikariConfig - healthCheckProperties...........{}
[main] DEBUG com.zaxxer.hikari.HikariConfig - healthCheckRegistry.............none
[main] DEBUG com.zaxxer.hikari.HikariConfig - idleTimeout.....................600000
[main] DEBUG com.zaxxer.hikari.HikariConfig - initializationFailTimeout.......1
[main] DEBUG com.zaxxer.hikari.HikariConfig - isolateInternalQueries..........false
[main] DEBUG com.zaxxer.hikari.HikariConfig - jdbcUrl.........................jdbc:hsqldb:mem:blah;shutdown=true
[main] DEBUG com.zaxxer.hikari.HikariConfig - leakDetectionThreshold..........0
[main] DEBUG com.zaxxer.hikari.HikariConfig - maxLifetime.....................1800000
[main] DEBUG com.zaxxer.hikari.HikariConfig - maximumPoolSize.................10
[main] DEBUG com.zaxxer.hikari.HikariConfig - metricRegistry..................none
[main] DEBUG com.zaxxer.hikari.HikariConfig - metricsTrackerFactory...........none
[main] DEBUG com.zaxxer.hikari.HikariConfig - minimumIdle.....................10
[main] DEBUG com.zaxxer.hikari.HikariConfig - password........................<masked>
[main] DEBUG com.zaxxer.hikari.HikariConfig - poolName........................"yank-default"
[main] DEBUG com.zaxxer.hikari.HikariConfig - readOnly........................false
[main] DEBUG com.zaxxer.hikari.HikariConfig - registerMbeans..................false
[main] DEBUG com.zaxxer.hikari.HikariConfig - scheduledExecutor...............none
[main] DEBUG com.zaxxer.hikari.HikariConfig - schema..........................none
[main] DEBUG com.zaxxer.hikari.HikariConfig - threadFactory...................internal
[main] DEBUG com.zaxxer.hikari.HikariConfig - transactionIsolation............default
[main] DEBUG com.zaxxer.hikari.HikariConfig - username........................"sa"
[main] DEBUG com.zaxxer.hikari.HikariConfig - validationTimeout...............5000
[main] INFO com.zaxxer.hikari.HikariDataSource - yank-default - Starting...
[main] DEBUG com.zaxxer.hikari.util.DriverDataSource - Loaded driver with class name org.hsqldb.jdbc.JDBCDriver for jdbcUrl=jdbc:hsqldb:mem:blah;shutdown=true
[main] INFO com.zaxxer.hikari.pool.PoolBase - yank-default - Driver does not support get/set network timeout for connections. (feature not supported)
[main] DEBUG com.zaxxer.hikari.pool.HikariPool - yank-default - Added connection org.hsqldb.jdbc.JDBCConnection@13b3d178
[main] INFO com.zaxxer.hikari.HikariDataSource - yank-default - Start completed.
[main] INFO org.knowm.yank.YankPoolManager - Initialized pool 'yank-default'
[main] INFO org.knowm.yank.YankPoolManager - Releasing pool: yank-default...
[main] INFO com.zaxxer.hikari.HikariDataSource - yank-default - Shutdown initiated...
[main] DEBUG com.zaxxer.hikari.pool.HikariPool - yank-default - Before shutdown stats (total=1, active=0, idle=1, waiting=0)
[yank-default connection closer] DEBUG com.zaxxer.hikari.pool.PoolBase - yank-default - Closing connection org.hsqldb.jdbc.JDBCConnection@13b3d178: (connection evicted)
[main] DEBUG com.zaxxer.hikari.pool.HikariPool - yank-default - After shutdown stats (total=0, active=0, idle=0, waiting=0)
[main] INFO com.zaxxer.hikari.HikariDataSource - yank-default - Shutdown completed.
Tests run: 1, Failures: 0, Errors: 0, Skipped: 0, Time elapsed: 0.036 sec
Running org.knowm.yank.GenericObjectTest
[main] INFO org.knowm.yank.YankPoolManager - Releasing pool: yank-default...
[main] DEBUG com.zaxxer.hikari.HikariConfig - yank-default - configuration:
[main] DEBUG com.zaxxer.hikari.HikariConfig - allowPoolSuspension.............false
[main] DEBUG com.zaxxer.hikari.HikariConfig - autoCommit......................true
[main] DEBUG com.zaxxer.hikari.HikariConfig - catalog.........................none
[main] DEBUG com.zaxxer.hikari.HikariConfig - connectionInitSql...............none
[main] DEBUG com.zaxxer.hikari.HikariConfig - connectionTestQuery.............none
[main] DEBUG com.zaxxer.hikari.HikariConfig - connectionTimeout...............30000
[main] DEBUG com.zaxxer.hikari.HikariConfig - dataSource......................none
[main] DEBUG com.zaxxer.hikari.HikariConfig - dataSourceClassName.............none
[main] DEBUG com.zaxxer.hikari.HikariConfig - dataSourceJNDI..................none
[main] DEBUG com.zaxxer.hikari.HikariConfig - dataSourceProperties............{password=<masked>}
[main] DEBUG com.zaxxer.hikari.HikariConfig - driverClassName.................none
[main] DEBUG com.zaxxer.hikari.HikariConfig - exceptionOverrideClassName......none
[main] DEBUG com.zaxxer.hikari.HikariConfig - healthCheckProperties...........{}
[main] DEBUG com.zaxxer.hikari.HikariConfig - healthCheckRegistry.............none
[main] DEBUG com.zaxxer.hikari.HikariConfig - idleTimeout.....................600000
[main] DEBUG com.zaxxer.hikari.HikariConfig - initializationFailTimeout.......1
[main] DEBUG com.zaxxer.hikari.HikariConfig - isolateInternalQueries..........false
[main] DEBUG com.zaxxer.hikari.HikariConfig - jdbcUrl.........................jdbc:hsqldb:mem:blah;shutdown=true
[main] DEBUG com.zaxxer.hikari.HikariConfig - leakDetectionThreshold..........0
[main] DEBUG com.zaxxer.hikari.HikariConfig - maxLifetime.....................1800000
[main] DEBUG com.zaxxer.hikari.HikariConfig - maximumPoolSize.................10
[main] DEBUG com.zaxxer.hikari.HikariConfig - metricRegistry..................none
[main] DEBUG com.zaxxer.hikari.HikariConfig - metricsTrackerFactory...........none
[main] DEBUG com.zaxxer.hikari.HikariConfig - minimumIdle.....................10
[main] DEBUG com.zaxxer.hikari.HikariConfig - password........................<masked>
[main] DEBUG com.zaxxer.hikari.HikariConfig - poolName........................"yank-default"
[main] DEBUG com.zaxxer.hikari.HikariConfig - readOnly........................false
[main] DEBUG com.zaxxer.hikari.HikariConfig - registerMbeans..................false
[main] DEBUG com.zaxxer.hikari.HikariConfig - scheduledExecutor...............none
[main] DEBUG com.zaxxer.hikari.HikariConfig - schema..........................none
[main] DEBUG com.zaxxer.hikari.HikariConfig - threadFactory...................internal
[main] DEBUG com.zaxxer.hikari.HikariConfig - transactionIsolation............default
[main] DEBUG com.zaxxer.hikari.HikariConfig - username........................"sa"
[main] DEBUG com.zaxxer.hikari.HikariConfig - validationTimeout...............5000
[main] INFO com.zaxxer.hikari.HikariDataSource - yank-default - Starting...
[main] DEBUG com.zaxxer.hikari.util.DriverDataSource - Loaded driver with class name org.hsqldb.jdbc.JDBCDriver for jdbcUrl=jdbc:hsqldb:mem:blah;shutdown=true
[main] INFO com.zaxxer.hikari.pool.PoolBase - yank-default - Driver does not support get/set network timeout for connections. (feature not supported)
[main] DEBUG com.zaxxer.hikari.pool.HikariPool - yank-default - Added connection org.hsqldb.jdbc.JDBCConnection@125290e5
[main] INFO com.zaxxer.hikari.HikariDataSource - yank-default - Start completed.
[main] INFO org.knowm.yank.YankPoolManager - Initialized pool 'yank-default'
[main] INFO org.knowm.yank.YankPoolManager - Releasing pool: yank-default...
[main] INFO com.zaxxer.hikari.HikariDataSource - yank-default - Shutdown initiated...
[main] DEBUG com.zaxxer.hikari.pool.HikariPool - yank-default - Before shutdown stats (total=1, active=0, idle=1, waiting=0)
[yank-default connection closer] DEBUG com.zaxxer.hikari.pool.PoolBase - yank-default - Closing connection org.hsqldb.jdbc.JDBCConnection@125290e5: (connection evicted)
[main] DEBUG com.zaxxer.hikari.pool.HikariPool - yank-default - After shutdown stats (total=0, active=0, idle=0, waiting=0)
[main] INFO com.zaxxer.hikari.HikariDataSource - yank-default - Shutdown completed.
Tests run: 1, Failures: 0, Errors: 0, Skipped: 0, Time elapsed: 0.025 sec

Results :

Tests run: 9, Failures: 0, Errors: 0, Skipped: 0

[INFO] ------------------------------------------------------------------------
[INFO] BUILD SUCCESS
[INFO] ------------------------------------------------------------------------
[INFO] Total time:  2.331 s
[INFO] Finished at: 2021-02-14T17:37:49Z
[INFO] ------------------------------------------------------------------------
