[INFO] Scanning for projects...
[WARNING] 
[WARNING] Some problems were encountered while building the effective model for com.github.lianjiatech:retrofit-spring-boot-starter:jar:2.2.1
[WARNING] 'build.plugins.plugin.version' for org.apache.maven.plugins:maven-compiler-plugin is missing. @ line 155, column 21
[WARNING] 
[WARNING] It is highly recommended to fix these problems because they threaten the stability of your build.
[WARNING] 
[WARNING] For this reason, future Maven versions might no longer support building such malformed projects.
[WARNING] 
[INFO] Inspecting build with total of 1 modules...
[INFO] Installing Nexus Staging features:
[INFO]   ... total of 1 executions of maven-deploy-plugin replaced with nexus-staging-maven-plugin
[INFO] 
[INFO] --------< com.github.lianjiatech:retrofit-spring-boot-starter >---------
[INFO] Building retrofit-spring-boot-starter 2.2.1
[INFO] --------------------------------[ jar ]---------------------------------
[INFO] 
[INFO] --- maven-resources-plugin:2.6:resources (default-resources) @ retrofit-spring-boot-starter ---
[WARNING] Using platform encoding (UTF-8 actually) to copy filtered resources, i.e. build is platform dependent!
[INFO] Copying 1 resource
[INFO] 
[INFO] --- maven-compiler-plugin:3.1:compile (default-compile) @ retrofit-spring-boot-starter ---
[INFO] Nothing to compile - all classes are up to date
[INFO] 
[INFO] --- maven-source-plugin:3.0.1:jar-no-fork (default) @ retrofit-spring-boot-starter ---
[INFO] 
[INFO] --- maven-resources-plugin:2.6:testResources (default-testResources) @ retrofit-spring-boot-starter ---
[WARNING] Using platform encoding (UTF-8 actually) to copy filtered resources, i.e. build is platform dependent!
[INFO] Copying 1 resource
[INFO] 
[INFO] --- maven-compiler-plugin:3.1:testCompile (default-testCompile) @ retrofit-spring-boot-starter ---
[INFO] Nothing to compile - all classes are up to date
[INFO] 
[INFO] --- maven-surefire-plugin:2.12.4:test (default-test) @ retrofit-spring-boot-starter ---
[INFO] Surefire report directory: /workdir/retrofit-spring-boot-starter/target/surefire-reports

-------------------------------------------------------
 T E S T S
-------------------------------------------------------
Running com.github.lianjiatech.retrofit.spring.boot.test.ErrorDecoderTest
10:24:29.606 [main] DEBUG org.springframework.test.context.junit4.SpringJUnit4ClassRunner - SpringJUnit4ClassRunner constructor called with [class com.github.lianjiatech.retrofit.spring.boot.test.ErrorDecoderTest]
10:24:29.611 [main] DEBUG org.springframework.test.context.BootstrapUtils - Instantiating CacheAwareContextLoaderDelegate from class [org.springframework.test.context.cache.DefaultCacheAwareContextLoaderDelegate]
10:24:29.616 [main] DEBUG org.springframework.test.context.BootstrapUtils - Instantiating BootstrapContext using constructor [public org.springframework.test.context.support.DefaultBootstrapContext(java.lang.Class,org.springframework.test.context.CacheAwareContextLoaderDelegate)]
10:24:29.630 [main] DEBUG org.springframework.test.context.BootstrapUtils - Instantiating TestContextBootstrapper for test class [com.github.lianjiatech.retrofit.spring.boot.test.ErrorDecoderTest] from class [org.springframework.boot.test.context.SpringBootTestContextBootstrapper]
10:24:29.638 [main] INFO org.springframework.boot.test.context.SpringBootTestContextBootstrapper - Neither @ContextConfiguration nor @ContextHierarchy found for test class [com.github.lianjiatech.retrofit.spring.boot.test.ErrorDecoderTest], using SpringBootContextLoader
10:24:29.640 [main] DEBUG org.springframework.test.context.support.AbstractContextLoader - Did not detect default resource location for test class [com.github.lianjiatech.retrofit.spring.boot.test.ErrorDecoderTest]: class path resource [com/github/lianjiatech/retrofit/spring/boot/test/ErrorDecoderTest-context.xml] does not exist
10:24:29.641 [main] DEBUG org.springframework.test.context.support.AbstractContextLoader - Did not detect default resource location for test class [com.github.lianjiatech.retrofit.spring.boot.test.ErrorDecoderTest]: class path resource [com/github/lianjiatech/retrofit/spring/boot/test/ErrorDecoderTestContext.groovy] does not exist
10:24:29.641 [main] INFO org.springframework.test.context.support.AbstractContextLoader - Could not detect default resource locations for test class [com.github.lianjiatech.retrofit.spring.boot.test.ErrorDecoderTest]: no resource found for suffixes {-context.xml, Context.groovy}.
10:24:29.664 [main] DEBUG org.springframework.test.context.support.ActiveProfilesUtils - Could not find an 'annotation declaring class' for annotation type [org.springframework.test.context.ActiveProfiles] and class [com.github.lianjiatech.retrofit.spring.boot.test.ErrorDecoderTest]
10:24:29.735 [main] DEBUG org.springframework.boot.test.context.SpringBootTestContextBootstrapper - @TestExecutionListeners is not present for class [com.github.lianjiatech.retrofit.spring.boot.test.ErrorDecoderTest]: using defaults.
10:24:29.736 [main] INFO org.springframework.boot.test.context.SpringBootTestContextBootstrapper - Loaded default TestExecutionListener class names from location [META-INF/spring.factories]: [org.springframework.boot.test.mock.mockito.MockitoTestExecutionListener, org.springframework.boot.test.mock.mockito.ResetMocksTestExecutionListener, org.springframework.boot.test.autoconfigure.restdocs.RestDocsTestExecutionListener, org.springframework.boot.test.autoconfigure.web.client.MockRestServiceServerResetTestExecutionListener, org.springframework.boot.test.autoconfigure.web.servlet.MockMvcPrintOnlyOnFailureTestExecutionListener, org.springframework.boot.test.autoconfigure.web.servlet.WebDriverTestExecutionListener, org.springframework.test.context.web.ServletTestExecutionListener, org.springframework.test.context.support.DirtiesContextBeforeModesTestExecutionListener, org.springframework.test.context.support.DependencyInjectionTestExecutionListener, org.springframework.test.context.support.DirtiesContextTestExecutionListener, org.springframework.test.context.transaction.TransactionalTestExecutionListener, org.springframework.test.context.jdbc.SqlScriptsTestExecutionListener]
10:24:29.741 [main] DEBUG org.springframework.boot.test.context.SpringBootTestContextBootstrapper - Skipping candidate TestExecutionListener [org.springframework.test.context.web.ServletTestExecutionListener] due to a missing dependency. Specify custom listener classes or make the default listener classes and their required dependencies available. Offending class: [javax/servlet/ServletContext]
10:24:29.742 [main] DEBUG org.springframework.boot.test.context.SpringBootTestContextBootstrapper - Skipping candidate TestExecutionListener [org.springframework.test.context.transaction.TransactionalTestExecutionListener] due to a missing dependency. Specify custom listener classes or make the default listener classes and their required dependencies available. Offending class: [org/springframework/transaction/interceptor/TransactionAttributeSource]
10:24:29.742 [main] DEBUG org.springframework.boot.test.context.SpringBootTestContextBootstrapper - Skipping candidate TestExecutionListener [org.springframework.test.context.jdbc.SqlScriptsTestExecutionListener] due to a missing dependency. Specify custom listener classes or make the default listener classes and their required dependencies available. Offending class: [org/springframework/transaction/interceptor/TransactionAttribute]
10:24:29.742 [main] INFO org.springframework.boot.test.context.SpringBootTestContextBootstrapper - Using TestExecutionListeners: [org.springframework.test.context.support.DirtiesContextBeforeModesTestExecutionListener@4149c063, org.springframework.boot.test.mock.mockito.MockitoTestExecutionListener@9cb8225, org.springframework.boot.test.autoconfigure.SpringBootDependencyInjectionTestExecutionListener@76b07f29, org.springframework.test.context.support.DirtiesContextTestExecutionListener@38af9828, org.springframework.boot.test.mock.mockito.ResetMocksTestExecutionListener@376a0d86, org.springframework.boot.test.autoconfigure.restdocs.RestDocsTestExecutionListener@62656be4, org.springframework.boot.test.autoconfigure.web.client.MockRestServiceServerResetTestExecutionListener@17d919b6, org.springframework.boot.test.autoconfigure.web.servlet.MockMvcPrintOnlyOnFailureTestExecutionListener@53f3bdbd, org.springframework.boot.test.autoconfigure.web.servlet.WebDriverTestExecutionListener@34129c78]
10:24:29.743 [main] DEBUG org.springframework.test.annotation.ProfileValueUtils - Retrieved @ProfileValueSourceConfiguration [null] for test class [com.github.lianjiatech.retrofit.spring.boot.test.ErrorDecoderTest]
10:24:29.743 [main] DEBUG org.springframework.test.annotation.ProfileValueUtils - Retrieved ProfileValueSource type [class org.springframework.test.annotation.SystemProfileValueSource] for class [com.github.lianjiatech.retrofit.spring.boot.test.ErrorDecoderTest]
10:24:29.745 [main] DEBUG org.springframework.test.annotation.ProfileValueUtils - Retrieved @ProfileValueSourceConfiguration [null] for test class [com.github.lianjiatech.retrofit.spring.boot.test.ErrorDecoderTest]
10:24:29.745 [main] DEBUG org.springframework.test.annotation.ProfileValueUtils - Retrieved ProfileValueSource type [class org.springframework.test.annotation.SystemProfileValueSource] for class [com.github.lianjiatech.retrofit.spring.boot.test.ErrorDecoderTest]
10:24:29.745 [main] DEBUG org.springframework.test.annotation.ProfileValueUtils - Retrieved @ProfileValueSourceConfiguration [null] for test class [com.github.lianjiatech.retrofit.spring.boot.test.ErrorDecoderTest]
10:24:29.745 [main] DEBUG org.springframework.test.annotation.ProfileValueUtils - Retrieved ProfileValueSource type [class org.springframework.test.annotation.SystemProfileValueSource] for class [com.github.lianjiatech.retrofit.spring.boot.test.ErrorDecoderTest]
10:24:29.745 [main] DEBUG org.springframework.test.annotation.ProfileValueUtils - Retrieved @ProfileValueSourceConfiguration [null] for test class [com.github.lianjiatech.retrofit.spring.boot.test.ErrorDecoderTest]
10:24:29.746 [main] DEBUG org.springframework.test.annotation.ProfileValueUtils - Retrieved ProfileValueSource type [class org.springframework.test.annotation.SystemProfileValueSource] for class [com.github.lianjiatech.retrofit.spring.boot.test.ErrorDecoderTest]
10:24:29.749 [main] DEBUG org.springframework.test.context.support.AbstractDirtiesContextTestExecutionListener - Before test class: context [DefaultTestContext@2f666ebb testClass = ErrorDecoderTest, testInstance = [null], testMethod = [null], testException = [null], mergedContextConfiguration = [MergedContextConfiguration@19976a65 testClass = ErrorDecoderTest, locations = '{}', classes = '{class com.github.lianjiatech.retrofit.spring.boot.test.RetrofitTestApplication, class com.github.lianjiatech.retrofit.spring.boot.test.RetrofitTestApplication}', contextInitializerClasses = '[]', activeProfiles = '{}', propertySourceLocations = '{}', propertySourceProperties = '{org.springframework.boot.test.context.SpringBootTestContextBootstrapper=true}', contextCustomizers = set[org.springframework.boot.test.context.filter.ExcludeFilterContextCustomizer@609db43b, org.springframework.boot.test.json.DuplicateJsonObjectContextCustomizerFactory$DuplicateJsonObjectContextCustomizer@c03cf28, org.springframework.boot.test.mock.mockito.MockitoContextCustomizer@0, org.springframework.boot.test.web.client.TestRestTemplateContextCustomizer@306cf3ea, org.springframework.boot.test.autoconfigure.properties.PropertyMappingContextCustomizer@0, org.springframework.boot.test.autoconfigure.web.servlet.WebDriverContextCustomizerFactory$Customizer@61386958], contextLoader = 'org.springframework.boot.test.context.SpringBootContextLoader', parent = [null]], attributes = map[[empty]]], class annotated with @DirtiesContext [false] with mode [null].
10:24:29.749 [main] DEBUG org.springframework.test.annotation.ProfileValueUtils - Retrieved @ProfileValueSourceConfiguration [null] for test class [com.github.lianjiatech.retrofit.spring.boot.test.ErrorDecoderTest]
10:24:29.749 [main] DEBUG org.springframework.test.annotation.ProfileValueUtils - Retrieved ProfileValueSource type [class org.springframework.test.annotation.SystemProfileValueSource] for class [com.github.lianjiatech.retrofit.spring.boot.test.ErrorDecoderTest]
10:24:29.847 [main] DEBUG org.springframework.test.context.support.DependencyInjectionTestExecutionListener - Performing dependency injection for test context [[DefaultTestContext@2f666ebb testClass = ErrorDecoderTest, testInstance = com.github.lianjiatech.retrofit.spring.boot.test.ErrorDecoderTest@6138e79a, testMethod = [null], testException = [null], mergedContextConfiguration = [MergedContextConfiguration@19976a65 testClass = ErrorDecoderTest, locations = '{}', classes = '{class com.github.lianjiatech.retrofit.spring.boot.test.RetrofitTestApplication, class com.github.lianjiatech.retrofit.spring.boot.test.RetrofitTestApplication}', contextInitializerClasses = '[]', activeProfiles = '{}', propertySourceLocations = '{}', propertySourceProperties = '{org.springframework.boot.test.context.SpringBootTestContextBootstrapper=true}', contextCustomizers = set[org.springframework.boot.test.context.filter.ExcludeFilterContextCustomizer@609db43b, org.springframework.boot.test.json.DuplicateJsonObjectContextCustomizerFactory$DuplicateJsonObjectContextCustomizer@c03cf28, org.springframework.boot.test.mock.mockito.MockitoContextCustomizer@0, org.springframework.boot.test.web.client.TestRestTemplateContextCustomizer@306cf3ea, org.springframework.boot.test.autoconfigure.properties.PropertyMappingContextCustomizer@0, org.springframework.boot.test.autoconfigure.web.servlet.WebDriverContextCustomizerFactory$Customizer@61386958], contextLoader = 'org.springframework.boot.test.context.SpringBootContextLoader', parent = [null]], attributes = map[[empty]]]].
10:24:29.872 [main] DEBUG org.springframework.test.context.support.TestPropertySourceUtils - Adding inlined properties to environment: {spring.jmx.enabled=false, org.springframework.boot.test.context.SpringBootTestContextBootstrapper=true, server.port=-1}

  .   ____          _            __ _ _
 /\\ / ___'_ __ _ _(_)_ __  __ _ \ \ \ \
( ( )\___ | '_ | '_| | '_ \/ _` | \ \ \ \
 \\/  ___)| |_)| | | | | || (_| |  ) ) ) )
  '  |____| .__|_| |_|_| |_\__, | / / / /
 =========|_|==============|___/=/_/_/_/
 :: Spring Boot ::        (v2.1.1.RELEASE)

2021-02-15 10:24:30.108  INFO 8271 --- [           main] c.g.l.r.s.boot.test.ErrorDecoderTest     : Starting ErrorDecoderTest on 605b8309f1f8 with PID 8271 (started by maven in /workdir/retrofit-spring-boot-starter)
2021-02-15 10:24:30.109  INFO 8271 --- [           main] c.g.l.r.s.boot.test.ErrorDecoderTest     : No active profile set, falling back to default profiles: default
2021-02-15 10:24:30.787  INFO 8271 --- [           main] c.g.l.r.s.boot.test.ErrorDecoderTest     : Started ErrorDecoderTest in 0.912 seconds (JVM running for 1.567)
INFO: log base dir is: /home/maven/logs/csp/
INFO: log name use pid is: false
WARNING: An illegal reflective access operation has occurred
WARNING: Illegal reflective access by retrofit2.Platform (file:/home/maven/.m2/repository/com/squareup/retrofit2/retrofit/2.9.0/retrofit-2.9.0.jar) to constructor java.lang.invoke.MethodHandles$Lookup(java.lang.Class,int)
WARNING: Please consider reporting this to the maintainers of retrofit2.Platform
WARNING: Use --illegal-access=warn to enable warnings of further illegal reflective access operations
WARNING: All illegal access operations will be denied in a future release
=========开启MockWebServer===========
2021-02-15 10:24:31.151  INFO 8271 --- [kWebServer 8080] okhttp3.mockwebserver.MockWebServer      : MockWebServer[8080] starting to accept connections
2021-02-15 10:24:31.254  INFO 8271 --- [           main] c.g.l.r.s.b.i.DefaultLoggingInterceptor  : --> POST http://localhost:8080/api/test/error http/1.1
2021-02-15 10:24:31.254  INFO 8271 --- [           main] c.g.l.r.s.b.i.DefaultLoggingInterceptor  : Content-Type: application/json; charset=UTF-8
2021-02-15 10:24:31.254  INFO 8271 --- [           main] c.g.l.r.s.b.i.DefaultLoggingInterceptor  : Content-Length: 31
2021-02-15 10:24:31.254  INFO 8271 --- [           main] c.g.l.r.s.b.i.DefaultLoggingInterceptor  : source: test
2021-02-15 10:24:31.254  INFO 8271 --- [           main] c.g.l.r.s.b.i.DefaultLoggingInterceptor  : Host: localhost:8080
2021-02-15 10:24:31.254  INFO 8271 --- [           main] c.g.l.r.s.b.i.DefaultLoggingInterceptor  : Connection: Keep-Alive
2021-02-15 10:24:31.254  INFO 8271 --- [           main] c.g.l.r.s.b.i.DefaultLoggingInterceptor  : Accept-Encoding: gzip
2021-02-15 10:24:31.254  INFO 8271 --- [           main] c.g.l.r.s.b.i.DefaultLoggingInterceptor  : User-Agent: okhttp/3.14.9
2021-02-15 10:24:31.254  INFO 8271 --- [           main] c.g.l.r.s.b.i.DefaultLoggingInterceptor  : 
2021-02-15 10:24:31.254  INFO 8271 --- [           main] c.g.l.r.s.b.i.DefaultLoggingInterceptor  : {"id":1,"name":"test","age":10}
2021-02-15 10:24:31.254  INFO 8271 --- [           main] c.g.l.r.s.b.i.DefaultLoggingInterceptor  : --> END POST (31-byte body)
2021-02-15 10:24:31.257  INFO 8271 --- [127.0.0.1:58386] okhttp3.mockwebserver.MockWebServer      : MockWebServer[8080] received request: POST /api/test/error HTTP/1.1 and responded: HTTP/1.1 500 Server Error
2021-02-15 10:24:31.259  INFO 8271 --- [           main] c.g.l.r.s.b.i.DefaultLoggingInterceptor  : <-- 500 Server Error http://localhost:8080/api/test/error (4ms)
2021-02-15 10:24:31.259  INFO 8271 --- [           main] c.g.l.r.s.b.i.DefaultLoggingInterceptor  : Content-Type: application/json; charset=utf-8
2021-02-15 10:24:31.259  INFO 8271 --- [           main] c.g.l.r.s.b.i.DefaultLoggingInterceptor  : Cache-Control: no-cache
2021-02-15 10:24:31.259  INFO 8271 --- [           main] c.g.l.r.s.b.i.DefaultLoggingInterceptor  : Content-Length: 70
2021-02-15 10:24:31.259  INFO 8271 --- [           main] c.g.l.r.s.b.i.DefaultLoggingInterceptor  : 
2021-02-15 10:24:31.259  INFO 8271 --- [           main] c.g.l.r.s.b.i.DefaultLoggingInterceptor  : {"code":0,"msg":"ok","data":"{\"id\":1,\"name\":\"test\",\"age\":10}"}
2021-02-15 10:24:31.260  INFO 8271 --- [           main] c.g.l.r.s.b.i.DefaultLoggingInterceptor  : <-- END HTTP (70-byte body)
Person{id=null, name='null', age=null}
=========关闭MockWebServer===========
2021-02-15 10:24:31.265  INFO 8271 --- [kWebServer 8080] okhttp3.mockwebserver.MockWebServer      : MockWebServer[8080] done accepting connections: Socket closed
Tests run: 1, Failures: 0, Errors: 0, Skipped: 0, Time elapsed: 1.858 sec
Running com.github.lianjiatech.retrofit.spring.boot.test.RetrofitConvertFactoriesTest
2021-02-15 10:24:31.269  INFO 8271 --- [           main] .b.t.c.SpringBootTestContextBootstrapper : Neither @ContextConfiguration nor @ContextHierarchy found for test class [com.github.lianjiatech.retrofit.spring.boot.test.RetrofitConvertFactoriesTest], using SpringBootContextLoader
2021-02-15 10:24:31.270  INFO 8271 --- [           main] o.s.t.c.support.AbstractContextLoader    : Could not detect default resource locations for test class [com.github.lianjiatech.retrofit.spring.boot.test.RetrofitConvertFactoriesTest]: no resource found for suffixes {-context.xml, Context.groovy}.
2021-02-15 10:24:31.271  INFO 8271 --- [           main] .b.t.c.SpringBootTestContextBootstrapper : Loaded default TestExecutionListener class names from location [META-INF/spring.factories]: [org.springframework.boot.test.mock.mockito.MockitoTestExecutionListener, org.springframework.boot.test.mock.mockito.ResetMocksTestExecutionListener, org.springframework.boot.test.autoconfigure.restdocs.RestDocsTestExecutionListener, org.springframework.boot.test.autoconfigure.web.client.MockRestServiceServerResetTestExecutionListener, org.springframework.boot.test.autoconfigure.web.servlet.MockMvcPrintOnlyOnFailureTestExecutionListener, org.springframework.boot.test.autoconfigure.web.servlet.WebDriverTestExecutionListener, org.springframework.test.context.web.ServletTestExecutionListener, org.springframework.test.context.support.DirtiesContextBeforeModesTestExecutionListener, org.springframework.test.context.support.DependencyInjectionTestExecutionListener, org.springframework.test.context.support.DirtiesContextTestExecutionListener, org.springframework.test.context.transaction.TransactionalTestExecutionListener, org.springframework.test.context.jdbc.SqlScriptsTestExecutionListener]
2021-02-15 10:24:31.272  INFO 8271 --- [           main] .b.t.c.SpringBootTestContextBootstrapper : Using TestExecutionListeners: [org.springframework.test.context.support.DirtiesContextBeforeModesTestExecutionListener@53aa2fc9, org.springframework.boot.test.mock.mockito.MockitoTestExecutionListener@4792f119, org.springframework.boot.test.autoconfigure.SpringBootDependencyInjectionTestExecutionListener@5bde57ab, org.springframework.test.context.support.DirtiesContextTestExecutionListener@ea00de, org.springframework.boot.test.mock.mockito.ResetMocksTestExecutionListener@23ca36d, org.springframework.boot.test.autoconfigure.restdocs.RestDocsTestExecutionListener@52f6900a, org.springframework.boot.test.autoconfigure.web.client.MockRestServiceServerResetTestExecutionListener@7bbcf6f0, org.springframework.boot.test.autoconfigure.web.servlet.MockMvcPrintOnlyOnFailureTestExecutionListener@2b80e5a9, org.springframework.boot.test.autoconfigure.web.servlet.WebDriverTestExecutionListener@4cc01c7f]
=========开启MockWebServer===========
2021-02-15 10:24:31.279  INFO 8271 --- [kWebServer 8080] okhttp3.mockwebserver.MockWebServer      : MockWebServer[8080] starting to accept connections
2021-02-15 10:24:31.287  INFO 8271 --- [           main] c.g.l.r.s.b.i.DefaultLoggingInterceptor  : --> GET http://localhost:8080/api/test/person?id=1 http/1.1
2021-02-15 10:24:31.287  INFO 8271 --- [           main] c.g.l.r.s.b.i.DefaultLoggingInterceptor  : source: test
2021-02-15 10:24:31.287  INFO 8271 --- [           main] c.g.l.r.s.b.i.DefaultLoggingInterceptor  : Host: localhost:8080
2021-02-15 10:24:31.287  INFO 8271 --- [           main] c.g.l.r.s.b.i.DefaultLoggingInterceptor  : Connection: Keep-Alive
2021-02-15 10:24:31.287  INFO 8271 --- [           main] c.g.l.r.s.b.i.DefaultLoggingInterceptor  : Accept-Encoding: gzip
2021-02-15 10:24:31.287  INFO 8271 --- [           main] c.g.l.r.s.b.i.DefaultLoggingInterceptor  : User-Agent: okhttp/3.14.9
2021-02-15 10:24:31.287  INFO 8271 --- [           main] c.g.l.r.s.b.i.DefaultLoggingInterceptor  : --> END GET
2021-02-15 10:24:31.288  INFO 8271 --- [           main] c.g.l.r.s.b.i.DefaultLoggingInterceptor  : <-- HTTP FAILED: java.io.IOException: unexpected end of stream on http://localhost:8080/...
2021-02-15 10:24:31.288  INFO 8271 --- [           main] c.g.l.r.s.b.i.DefaultLoggingInterceptor  : --> GET http://localhost:8080/api/test/person?id=1 http/1.1
2021-02-15 10:24:31.289  INFO 8271 --- [           main] c.g.l.r.s.b.i.DefaultLoggingInterceptor  : source: test
2021-02-15 10:24:31.289  INFO 8271 --- [           main] c.g.l.r.s.b.i.DefaultLoggingInterceptor  : Host: localhost:8080
2021-02-15 10:24:31.289  INFO 8271 --- [           main] c.g.l.r.s.b.i.DefaultLoggingInterceptor  : Connection: Keep-Alive
2021-02-15 10:24:31.289  INFO 8271 --- [           main] c.g.l.r.s.b.i.DefaultLoggingInterceptor  : Accept-Encoding: gzip
2021-02-15 10:24:31.289  INFO 8271 --- [           main] c.g.l.r.s.b.i.DefaultLoggingInterceptor  : User-Agent: okhttp/3.14.9
2021-02-15 10:24:31.289  INFO 8271 --- [           main] c.g.l.r.s.b.i.DefaultLoggingInterceptor  : --> END GET
2021-02-15 10:24:31.290  INFO 8271 --- [127.0.0.1:58388] okhttp3.mockwebserver.MockWebServer      : MockWebServer[8080] received request: GET /api/test/person?id=1 HTTP/1.1 and responded: HTTP/1.1 200 OK
2021-02-15 10:24:31.290  INFO 8271 --- [           main] c.g.l.r.s.b.i.DefaultLoggingInterceptor  : <-- 200 OK http://localhost:8080/api/test/person?id=1 (0ms)
2021-02-15 10:24:31.290  INFO 8271 --- [           main] c.g.l.r.s.b.i.DefaultLoggingInterceptor  : Content-Type: application/json; charset=utf-8
2021-02-15 10:24:31.290  INFO 8271 --- [           main] c.g.l.r.s.b.i.DefaultLoggingInterceptor  : Cache-Control: no-cache
2021-02-15 10:24:31.290  INFO 8271 --- [           main] c.g.l.r.s.b.i.DefaultLoggingInterceptor  : Content-Length: 60
2021-02-15 10:24:31.291  INFO 8271 --- [           main] c.g.l.r.s.b.i.DefaultLoggingInterceptor  : 
2021-02-15 10:24:31.291  INFO 8271 --- [           main] c.g.l.r.s.b.i.DefaultLoggingInterceptor  : {"code":0,"msg":"ok","data":{"id":1,"name":"test","age":10}}
2021-02-15 10:24:31.291  INFO 8271 --- [           main] c.g.l.r.s.b.i.DefaultLoggingInterceptor  : <-- END HTTP (60-byte body)
=========关闭MockWebServer===========
2021-02-15 10:24:31.293  INFO 8271 --- [kWebServer 8080] okhttp3.mockwebserver.MockWebServer      : MockWebServer[8080] done accepting connections: Socket closed
Tests run: 1, Failures: 0, Errors: 0, Skipped: 0, Time elapsed: 0.011 sec
Running com.github.lianjiatech.retrofit.spring.boot.test.RetrofitExceptionTest
2021-02-15 10:24:31.295  INFO 8271 --- [           main] .b.t.c.SpringBootTestContextBootstrapper : Neither @ContextConfiguration nor @ContextHierarchy found for test class [com.github.lianjiatech.retrofit.spring.boot.test.RetrofitExceptionTest], using SpringBootContextLoader
2021-02-15 10:24:31.296  INFO 8271 --- [           main] o.s.t.c.support.AbstractContextLoader    : Could not detect default resource locations for test class [com.github.lianjiatech.retrofit.spring.boot.test.RetrofitExceptionTest]: no resource found for suffixes {-context.xml, Context.groovy}.
2021-02-15 10:24:31.303  INFO 8271 --- [           main] .b.t.c.SpringBootTestContextBootstrapper : Loaded default TestExecutionListener class names from location [META-INF/spring.factories]: [org.springframework.boot.test.mock.mockito.MockitoTestExecutionListener, org.springframework.boot.test.mock.mockito.ResetMocksTestExecutionListener, org.springframework.boot.test.autoconfigure.restdocs.RestDocsTestExecutionListener, org.springframework.boot.test.autoconfigure.web.client.MockRestServiceServerResetTestExecutionListener, org.springframework.boot.test.autoconfigure.web.servlet.MockMvcPrintOnlyOnFailureTestExecutionListener, org.springframework.boot.test.autoconfigure.web.servlet.WebDriverTestExecutionListener, org.springframework.test.context.web.ServletTestExecutionListener, org.springframework.test.context.support.DirtiesContextBeforeModesTestExecutionListener, org.springframework.test.context.support.DependencyInjectionTestExecutionListener, org.springframework.test.context.support.DirtiesContextTestExecutionListener, org.springframework.test.context.transaction.TransactionalTestExecutionListener, org.springframework.test.context.jdbc.SqlScriptsTestExecutionListener]
2021-02-15 10:24:31.304  INFO 8271 --- [           main] .b.t.c.SpringBootTestContextBootstrapper : Using TestExecutionListeners: [org.springframework.test.context.support.DirtiesContextBeforeModesTestExecutionListener@624b523, org.springframework.boot.test.mock.mockito.MockitoTestExecutionListener@50b46e24, org.springframework.boot.test.autoconfigure.SpringBootDependencyInjectionTestExecutionListener@1c30cb85, org.springframework.test.context.support.DirtiesContextTestExecutionListener@577bf0aa, org.springframework.boot.test.mock.mockito.ResetMocksTestExecutionListener@7455dacb, org.springframework.boot.test.autoconfigure.restdocs.RestDocsTestExecutionListener@7634f2b, org.springframework.boot.test.autoconfigure.web.client.MockRestServiceServerResetTestExecutionListener@1d15c0a1, org.springframework.boot.test.autoconfigure.web.servlet.MockMvcPrintOnlyOnFailureTestExecutionListener@15639d09, org.springframework.boot.test.autoconfigure.web.servlet.WebDriverTestExecutionListener@4fba8eec]
=========开启MockWebServer===========
2021-02-15 10:24:31.315  INFO 8271 --- [           main] c.g.l.r.s.b.i.DefaultLoggingInterceptor  : --> POST http://localhost:8080/api/test/error?timestamp=1613384671314 http/1.1 (31-byte body)
2021-02-15 10:24:31.315  INFO 8271 --- [kWebServer 8080] okhttp3.mockwebserver.MockWebServer      : MockWebServer[8080] starting to accept connections
2021-02-15 10:24:41.319  INFO 8271 --- [           main] c.g.l.r.s.b.i.DefaultLoggingInterceptor  : <-- HTTP FAILED: java.net.SocketTimeoutException: timeout
=========关闭MockWebServer===========
2021-02-15 10:24:41.323  INFO 8271 --- [kWebServer 8080] okhttp3.mockwebserver.MockWebServer      : MockWebServer[8080] done accepting connections: Socket closed
2021-02-15 10:24:41.325  INFO 8271 --- [127.0.0.1:58390] okhttp3.mockwebserver.MockWebServer      : MockWebServer[8080] connection from /127.0.0.1 failed: java.net.SocketException: Socket closed
=========开启MockWebServer===========
2021-02-15 10:24:41.331  INFO 8271 --- [kWebServer 8080] okhttp3.mockwebserver.MockWebServer      : MockWebServer[8080] starting to accept connections
2021-02-15 10:24:41.336  INFO 8271 --- [           main] c.g.l.r.s.b.i.DefaultLoggingInterceptor  : --> POST http://localhost:8080/api/test/error?timestamp=1613384681336 http/1.1 (31-byte body)
2021-02-15 10:24:41.337  INFO 8271 --- [           main] c.g.l.r.s.b.i.DefaultLoggingInterceptor  : <-- 500 Server Error http://localhost:8080/api/test/error?timestamp=1613384681336 (0ms, 99-byte body)
=========关闭MockWebServer===========
2021-02-15 10:24:41.338  INFO 8271 --- [127.0.0.1:58392] okhttp3.mockwebserver.MockWebServer      : MockWebServer[8080] received request: POST /api/test/error?timestamp=1613384681336 HTTP/1.1 and responded: HTTP/1.1 500 Server Error
2021-02-15 10:24:41.339  INFO 8271 --- [kWebServer 8080] okhttp3.mockwebserver.MockWebServer      : MockWebServer[8080] done accepting connections: Socket closed
Tests run: 2, Failures: 0, Errors: 0, Skipped: 0, Time elapsed: 10.05 sec
Running com.github.lianjiatech.retrofit.spring.boot.test.RetrofitStarterTest
2021-02-15 10:24:41.340  INFO 8271 --- [           main] .b.t.c.SpringBootTestContextBootstrapper : Neither @ContextConfiguration nor @ContextHierarchy found for test class [com.github.lianjiatech.retrofit.spring.boot.test.RetrofitStarterTest], using SpringBootContextLoader
2021-02-15 10:24:41.341  INFO 8271 --- [           main] o.s.t.c.support.AbstractContextLoader    : Could not detect default resource locations for test class [com.github.lianjiatech.retrofit.spring.boot.test.RetrofitStarterTest]: no resource found for suffixes {-context.xml, Context.groovy}.
2021-02-15 10:24:41.343  INFO 8271 --- [           main] .b.t.c.SpringBootTestContextBootstrapper : Loaded default TestExecutionListener class names from location [META-INF/spring.factories]: [org.springframework.boot.test.mock.mockito.MockitoTestExecutionListener, org.springframework.boot.test.mock.mockito.ResetMocksTestExecutionListener, org.springframework.boot.test.autoconfigure.restdocs.RestDocsTestExecutionListener, org.springframework.boot.test.autoconfigure.web.client.MockRestServiceServerResetTestExecutionListener, org.springframework.boot.test.autoconfigure.web.servlet.MockMvcPrintOnlyOnFailureTestExecutionListener, org.springframework.boot.test.autoconfigure.web.servlet.WebDriverTestExecutionListener, org.springframework.test.context.web.ServletTestExecutionListener, org.springframework.test.context.support.DirtiesContextBeforeModesTestExecutionListener, org.springframework.test.context.support.DependencyInjectionTestExecutionListener, org.springframework.test.context.support.DirtiesContextTestExecutionListener, org.springframework.test.context.transaction.TransactionalTestExecutionListener, org.springframework.test.context.jdbc.SqlScriptsTestExecutionListener]
2021-02-15 10:24:41.343  INFO 8271 --- [           main] .b.t.c.SpringBootTestContextBootstrapper : Using TestExecutionListeners: [org.springframework.test.context.support.DirtiesContextBeforeModesTestExecutionListener@6c17c0f8, org.springframework.boot.test.mock.mockito.MockitoTestExecutionListener@260e3837, org.springframework.boot.test.autoconfigure.SpringBootDependencyInjectionTestExecutionListener@88b76f2, org.springframework.test.context.support.DirtiesContextTestExecutionListener@1b4872bc, org.springframework.boot.test.mock.mockito.ResetMocksTestExecutionListener@498a612d, org.springframework.boot.test.autoconfigure.restdocs.RestDocsTestExecutionListener@1e1237ab, org.springframework.boot.test.autoconfigure.web.client.MockRestServiceServerResetTestExecutionListener@4dfdfe7d, org.springframework.boot.test.autoconfigure.web.servlet.MockMvcPrintOnlyOnFailureTestExecutionListener@1578b8ec, org.springframework.boot.test.autoconfigure.web.servlet.WebDriverTestExecutionListener@f613067]
=========开启MockWebServer===========
2021-02-15 10:24:41.351  INFO 8271 --- [kWebServer 8080] okhttp3.mockwebserver.MockWebServer      : MockWebServer[8080] starting to accept connections
=========关闭MockWebServer===========
2021-02-15 10:24:41.365  INFO 8271 --- [127.0.0.1:58394] okhttp3.mockwebserver.MockWebServer      : MockWebServer[8080] received request: GET /api/test/person?id=1 HTTP/1.1 and responded: HTTP/1.1 200 OK
2021-02-15 10:24:41.367  INFO 8271 --- [kWebServer 8080] okhttp3.mockwebserver.MockWebServer      : MockWebServer[8080] done accepting connections: Socket closed
=========开启MockWebServer===========
2021-02-15 10:24:41.376  INFO 8271 --- [kWebServer 8080] okhttp3.mockwebserver.MockWebServer      : MockWebServer[8080] starting to accept connections
2021-02-15 10:24:41.378  INFO 8271 --- [           main] c.g.l.r.s.b.i.DefaultLoggingInterceptor  : --> POST http://localhost:8080/api/test/savePerson?timestamp=1613384681377 http/1.1 (31-byte body)
2021-02-15 10:24:41.379  INFO 8271 --- [127.0.0.1:58396] okhttp3.mockwebserver.MockWebServer      : MockWebServer[8080] received request: POST /api/test/savePerson?timestamp=1613384681377 HTTP/1.1 and responded: HTTP/1.1 200 OK
2021-02-15 10:24:41.379  INFO 8271 --- [           main] c.g.l.r.s.b.i.DefaultLoggingInterceptor  : <-- 200 OK http://localhost:8080/api/test/savePerson?timestamp=1613384681377 (1ms, 21-byte body)
=========关闭MockWebServer===========
2021-02-15 10:24:41.379  INFO 8271 --- [kWebServer 8080] okhttp3.mockwebserver.MockWebServer      : MockWebServer[8080] done accepting connections: Socket closed
=========开启MockWebServer===========
2021-02-15 10:24:41.387  INFO 8271 --- [kWebServer 8080] okhttp3.mockwebserver.MockWebServer      : MockWebServer[8080] starting to accept connections
2021-02-15 10:24:41.388  INFO 8271 --- [           main] c.g.l.r.s.b.i.DefaultLoggingInterceptor  : --> GET http://localhost:8080/api/test/person?id=1&timestamp=1613384681388 http/1.1
2021-02-15 10:24:41.388  INFO 8271 --- [           main] c.g.l.r.s.b.i.DefaultLoggingInterceptor  : <-- HTTP FAILED: java.io.IOException: unexpected end of stream on http://localhost:8080/...
2021-02-15 10:24:41.389  INFO 8271 --- [           main] c.g.l.r.s.b.i.DefaultLoggingInterceptor  : --> GET http://localhost:8080/api/test/person?id=1&timestamp=1613384681388 http/1.1
2021-02-15 10:24:41.390  INFO 8271 --- [127.0.0.1:58398] okhttp3.mockwebserver.MockWebServer      : MockWebServer[8080] received request: GET /api/test/person?id=1&timestamp=1613384681388 HTTP/1.1 and responded: HTTP/1.1 200 OK
2021-02-15 10:24:41.390  INFO 8271 --- [           main] c.g.l.r.s.b.i.DefaultLoggingInterceptor  : <-- 200 OK http://localhost:8080/api/test/person?id=1&timestamp=1613384681388 (1ms, 60-byte body)
=========关闭MockWebServer===========
2021-02-15 10:24:41.391  INFO 8271 --- [kWebServer 8080] okhttp3.mockwebserver.MockWebServer      : MockWebServer[8080] done accepting connections: Socket closed
=========开启MockWebServer===========
2021-02-15 10:24:41.395  INFO 8271 --- [kWebServer 8080] okhttp3.mockwebserver.MockWebServer      : MockWebServer[8080] starting to accept connections
2021-02-15 10:24:41.397  INFO 8271 --- [alhost:8080/...] c.g.l.r.s.b.i.DefaultLoggingInterceptor  : --> GET http://localhost:8080/api/test/person?id=2&timestamp=1613384681396 http/1.1
2021-02-15 10:24:41.397  INFO 8271 --- [alhost:8080/...] c.g.l.r.s.b.i.DefaultLoggingInterceptor  : <-- HTTP FAILED: java.io.IOException: unexpected end of stream on http://localhost:8080/...
2021-02-15 10:24:41.397  INFO 8271 --- [alhost:8080/...] c.g.l.r.s.b.i.DefaultLoggingInterceptor  : --> GET http://localhost:8080/api/test/person?id=2&timestamp=1613384681396 http/1.1
2021-02-15 10:24:41.403  INFO 8271 --- [127.0.0.1:58400] okhttp3.mockwebserver.MockWebServer      : MockWebServer[8080] received request: GET /api/test/person?id=2&timestamp=1613384681396 HTTP/1.1 and responded: HTTP/1.1 500 Server Error
2021-02-15 10:24:41.403  INFO 8271 --- [alhost:8080/...] c.g.l.r.s.b.i.DefaultLoggingInterceptor  : <-- 500 Server Error http://localhost:8080/api/test/person?id=2&timestamp=1613384681396 (5ms, 60-byte body)
2021-02-15 10:24:41.407 ERROR 8271 --- [alhost:8080/...] c.g.l.r.s.boot.test.RetrofitStarterTest  : 请求执行失败! request = Request{method=GET, url=http://localhost:8080/api/test/person?id=2, tags={class retrofit2.Invocation=com.github.lianjiatech.retrofit.spring.boot.test.http.HttpApi.getPersonCall() [2]}}

java.io.IOException: canceled due to com.github.lianjiatech.retrofit.spring.boot.test.ex.AppException: 非法响应，request=Request{method=GET, url=http://localhost:8080/api/test/person?id=2, tags={class retrofit2.Invocation=com.github.lianjiatech.retrofit.spring.boot.test.http.HttpApi.getPersonCall() [2]}}  response=Response{protocol=http/1.1, code=500, message=Server Error, url=http://localhost:8080/api/test/person?id=2&timestamp=1613384681396}body={"code":0,"msg":"ok","data":{"id":2,"name":"test","age":10}}
	at okhttp3.RealCall$AsyncCall.execute(RealCall.java:185) ~[okhttp-3.14.9.jar:na]
	at okhttp3.internal.NamedRunnable.run(NamedRunnable.java:32) ~[okhttp-3.14.9.jar:na]
	at java.base/java.util.concurrent.ThreadPoolExecutor.runWorker(ThreadPoolExecutor.java:1128) ~[na:na]
	at java.base/java.util.concurrent.ThreadPoolExecutor$Worker.run(ThreadPoolExecutor.java:628) ~[na:na]
	at java.base/java.lang.Thread.run(Thread.java:834) ~[na:na]
	Suppressed: com.github.lianjiatech.retrofit.spring.boot.test.ex.AppException: 非法响应，request=Request{method=GET, url=http://localhost:8080/api/test/person?id=2, tags={class retrofit2.Invocation=com.github.lianjiatech.retrofit.spring.boot.test.http.HttpApi.getPersonCall() [2]}}  response=Response{protocol=http/1.1, code=500, message=Server Error, url=http://localhost:8080/api/test/person?id=2&timestamp=1613384681396}body={"code":0,"msg":"ok","data":{"id":2,"name":"test","age":10}}
		at com.github.lianjiatech.retrofit.spring.boot.test.ex.TestErrorDecoder.invalidRespDecode(TestErrorDecoder.java:28) ~[test-classes/:na]
		at com.github.lianjiatech.retrofit.spring.boot.interceptor.ErrorDecoderInterceptor.intercept(ErrorDecoderInterceptor.java:35) ~[classes/:na]
		at okhttp3.internal.http.RealInterceptorChain.proceed(RealInterceptorChain.java:142) ~[okhttp-3.14.9.jar:na]
		at okhttp3.internal.http.RealInterceptorChain.proceed(RealInterceptorChain.java:117) ~[okhttp-3.14.9.jar:na]
		at com.github.lianjiatech.retrofit.spring.boot.degrade.SentinelDegradeInterceptor.degradeIntercept(SentinelDegradeInterceptor.java:28) ~[classes/:na]
		at com.github.lianjiatech.retrofit.spring.boot.degrade.BaseDegradeInterceptor.intercept(BaseDegradeInterceptor.java:36) ~[classes/:na]
		at okhttp3.internal.http.RealInterceptorChain.proceed(RealInterceptorChain.java:142) ~[okhttp-3.14.9.jar:na]
		at okhttp3.internal.http.RealInterceptorChain.proceed(RealInterceptorChain.java:117) ~[okhttp-3.14.9.jar:na]
		at okhttp3.RealCall.getResponseWithInterceptorChain(RealCall.java:229) ~[okhttp-3.14.9.jar:na]
		at okhttp3.RealCall$AsyncCall.execute(RealCall.java:172) ~[okhttp-3.14.9.jar:na]
		... 4 common frames omitted

=========关闭MockWebServer===========
2021-02-15 10:24:41.412  INFO 8271 --- [kWebServer 8080] okhttp3.mockwebserver.MockWebServer      : MockWebServer[8080] done accepting connections: Socket closed
Exception in thread "OkHttp Dispatcher" com.github.lianjiatech.retrofit.spring.boot.test.ex.AppException: 非法响应，request=Request{method=GET, url=http://localhost:8080/api/test/person?id=2, tags={class retrofit2.Invocation=com.github.lianjiatech.retrofit.spring.boot.test.http.HttpApi.getPersonCall() [2]}}  response=Response{protocol=http/1.1, code=500, message=Server Error, url=http://localhost:8080/api/test/person?id=2&timestamp=1613384681396}body={"code":0,"msg":"ok","data":{"id":2,"name":"test","age":10}}
	at com.github.lianjiatech.retrofit.spring.boot.test.ex.TestErrorDecoder.invalidRespDecode(TestErrorDecoder.java:28)
	at com.github.lianjiatech.retrofit.spring.boot.interceptor.ErrorDecoderInterceptor.intercept(ErrorDecoderInterceptor.java:35)
	at okhttp3.internal.http.RealInterceptorChain.proceed(RealInterceptorChain.java:142)
	at okhttp3.internal.http.RealInterceptorChain.proceed(RealInterceptorChain.java:117)
	at com.github.lianjiatech.retrofit.spring.boot.degrade.SentinelDegradeInterceptor.degradeIntercept(SentinelDegradeInterceptor.java:28)
	at com.github.lianjiatech.retrofit.spring.boot.degrade.BaseDegradeInterceptor.intercept(BaseDegradeInterceptor.java:36)
	at okhttp3.internal.http.RealInterceptorChain.proceed(RealInterceptorChain.java:142)
	at okhttp3.internal.http.RealInterceptorChain.proceed(RealInterceptorChain.java:117)
	at okhttp3.RealCall.getResponseWithInterceptorChain(RealCall.java:229)
	at okhttp3.RealCall$AsyncCall.execute(RealCall.java:172)
	at okhttp3.internal.NamedRunnable.run(NamedRunnable.java:32)
	at java.base/java.util.concurrent.ThreadPoolExecutor.runWorker(ThreadPoolExecutor.java:1128)
	at java.base/java.util.concurrent.ThreadPoolExecutor$Worker.run(ThreadPoolExecutor.java:628)
	at java.base/java.lang.Thread.run(Thread.java:834)
=========开启MockWebServer===========
2021-02-15 10:24:41.418  INFO 8271 --- [kWebServer 8080] okhttp3.mockwebserver.MockWebServer      : MockWebServer[8080] starting to accept connections
2021-02-15 10:24:41.418  INFO 8271 --- [           main] c.g.l.r.s.b.i.DefaultLoggingInterceptor  : --> GET http://localhost:8080/api/test/person?id=1&timestamp=1613384681417 http/1.1
2021-02-15 10:24:41.418  INFO 8271 --- [           main] c.g.l.r.s.b.i.DefaultLoggingInterceptor  : <-- HTTP FAILED: java.io.IOException: unexpected end of stream on http://localhost:8080/...
2021-02-15 10:24:41.419  INFO 8271 --- [           main] c.g.l.r.s.b.i.DefaultLoggingInterceptor  : --> GET http://localhost:8080/api/test/person?id=1&timestamp=1613384681417 http/1.1
2021-02-15 10:24:41.420  INFO 8271 --- [127.0.0.1:58402] okhttp3.mockwebserver.MockWebServer      : MockWebServer[8080] received request: GET /api/test/person?id=1&timestamp=1613384681417 HTTP/1.1 and responded: HTTP/1.1 200 OK
2021-02-15 10:24:41.420  INFO 8271 --- [           main] c.g.l.r.s.b.i.DefaultLoggingInterceptor  : <-- 200 OK http://localhost:8080/api/test/person?id=1&timestamp=1613384681417 (1ms, 60-byte body)
2021-02-15 10:24:41.422  INFO 8271 --- [127.0.0.1:58404] okhttp3.mockwebserver.MockWebServer      : MockWebServer[8080] received request: GET /api/test/person?id=1 HTTP/1.1 and responded: HTTP/1.1 200 OK
=========关闭MockWebServer===========
2021-02-15 10:24:41.422  INFO 8271 --- [kWebServer 8080] okhttp3.mockwebserver.MockWebServer      : MockWebServer[8080] done accepting connections: Socket closed
=========开启MockWebServer===========
2021-02-15 10:24:41.424  INFO 8271 --- [kWebServer 8080] okhttp3.mockwebserver.MockWebServer      : MockWebServer[8080] starting to accept connections
2021-02-15 10:24:41.426  INFO 8271 --- [           main] c.g.l.r.s.b.i.DefaultLoggingInterceptor  : --> GET http://localhost:8080/api/test/person?id=1 http/1.1
2021-02-15 10:24:41.427  INFO 8271 --- [           main] c.g.l.r.s.b.i.DefaultLoggingInterceptor  : <-- 200 OK http://localhost:8080/api/test/person?id=1 (0ms, 60-byte body)
=========关闭MockWebServer===========
2021-02-15 10:24:41.428  INFO 8271 --- [kWebServer 8080] okhttp3.mockwebserver.MockWebServer      : MockWebServer[8080] done accepting connections: Socket closed
2021-02-15 10:24:41.428  INFO 8271 --- [127.0.0.1:58406] okhttp3.mockwebserver.MockWebServer      : MockWebServer[8080] received request: GET /api/test/person?id=1 HTTP/1.1 and responded: HTTP/1.1 200 OK
=========开启MockWebServer===========
2021-02-15 10:24:41.434  INFO 8271 --- [           main] c.g.l.r.s.b.i.DefaultLoggingInterceptor  : --> POST http://localhost:8080/api/test/savePerson?timestamp=1613384681434 http/1.1 (31-byte body)
2021-02-15 10:24:41.435  INFO 8271 --- [kWebServer 8080] okhttp3.mockwebserver.MockWebServer      : MockWebServer[8080] starting to accept connections
2021-02-15 10:24:41.439  INFO 8271 --- [           main] c.g.l.r.s.b.i.DefaultLoggingInterceptor  : <-- 200 OK http://localhost:8080/api/test/savePerson?timestamp=1613384681434 (4ms, 21-byte body)
=========关闭MockWebServer===========
2021-02-15 10:24:41.439  INFO 8271 --- [127.0.0.1:58408] okhttp3.mockwebserver.MockWebServer      : MockWebServer[8080] received request: POST /api/test/savePerson?timestamp=1613384681434 HTTP/1.1 and responded: HTTP/1.1 200 OK
2021-02-15 10:24:41.440  INFO 8271 --- [kWebServer 8080] okhttp3.mockwebserver.MockWebServer      : MockWebServer[8080] done accepting connections: Socket closed
=========开启MockWebServer===========
2021-02-15 10:24:41.448  INFO 8271 --- [alhost:8080/...] c.g.l.r.s.b.i.DefaultLoggingInterceptor  : --> GET http://localhost:8080/api/test/person?id=1&timestamp=1613384681447 http/1.1
2021-02-15 10:24:41.448  INFO 8271 --- [alhost:8080/...] c.g.l.r.s.b.i.DefaultLoggingInterceptor  : <-- HTTP FAILED: java.io.IOException: unexpected end of stream on http://localhost:8080/...
2021-02-15 10:24:41.448  INFO 8271 --- [alhost:8080/...] c.g.l.r.s.b.i.DefaultLoggingInterceptor  : --> GET http://localhost:8080/api/test/person?id=1&timestamp=1613384681447 http/1.1
2021-02-15 10:24:41.449  INFO 8271 --- [kWebServer 8080] okhttp3.mockwebserver.MockWebServer      : MockWebServer[8080] starting to accept connections
2021-02-15 10:24:41.455  INFO 8271 --- [127.0.0.1:58410] okhttp3.mockwebserver.MockWebServer      : MockWebServer[8080] received request: GET /api/test/person?id=1&timestamp=1613384681447 HTTP/1.1 and responded: HTTP/1.1 200 OK
2021-02-15 10:24:41.455  INFO 8271 --- [alhost:8080/...] c.g.l.r.s.b.i.DefaultLoggingInterceptor  : <-- 200 OK http://localhost:8080/api/test/person?id=1&timestamp=1613384681447 (6ms, 60-byte body)
=========关闭MockWebServer===========
2021-02-15 10:24:41.456  INFO 8271 --- [kWebServer 8080] okhttp3.mockwebserver.MockWebServer      : MockWebServer[8080] done accepting connections: Socket closed
Tests run: 8, Failures: 0, Errors: 0, Skipped: 0, Time elapsed: 0.11 sec

Results :

Tests run: 12, Failures: 0, Errors: 0, Skipped: 0

[INFO] ------------------------------------------------------------------------
[INFO] BUILD SUCCESS
[INFO] ------------------------------------------------------------------------
[INFO] Total time:  13.531 s
[INFO] Finished at: 2021-02-15T10:24:41Z
[INFO] ------------------------------------------------------------------------
