[INFO] Scanning for projects...
[WARNING] The project com.spotify:missinglink-parent:pom:0.2.2-SNAPSHOT uses prerequisites which is only intended for maven-plugin projects but not for non maven-plugin projects. For such purposes you should use the maven-enforcer-plugin. See https://maven.apache.org/enforcer/enforcer-rules/requireMavenVersion.html
[INFO] ------------------------------------------------------------------------
[INFO] Reactor Build Order:
[INFO] 
[INFO] missinglink                                                        [pom]
[INFO] missinglink-core                                                   [jar]
[INFO] missinglink-benchmarks                                             [jar]
[INFO] missinglink-maven-plugin                                  [maven-plugin]
[INFO] 
[INFO] -------------------< com.spotify:missinglink-parent >-------------------
[INFO] Building missinglink 0.2.2-SNAPSHOT                                [1/4]
[INFO] --------------------------------[ pom ]---------------------------------
[INFO] 
[INFO] --- maven-checkstyle-plugin:3.0.0:check (checkstyle) @ missinglink-parent ---
[INFO] Starting audit...
Audit done.
[INFO] 
[INFO] --------------------< com.spotify:missinglink-core >--------------------
[INFO] Building missinglink-core 0.2.2-SNAPSHOT                           [2/4]
[INFO] --------------------------------[ jar ]---------------------------------
[INFO] 
[INFO] --- maven-resources-plugin:2.6:resources (default-resources) @ missinglink-core ---
[INFO] Using 'UTF-8' encoding to copy filtered resources.
[INFO] skip non existing resourceDirectory /workdir/missinglink/core/src/main/resources
[INFO] 
[INFO] --- maven-compiler-plugin:3.8.1:compile (default-compile) @ missinglink-core ---
[INFO] Nothing to compile - all classes are up to date
[INFO] 
[INFO] --- maven-checkstyle-plugin:3.0.0:check (checkstyle) @ missinglink-core ---
[INFO] Starting audit...
Audit done.
[INFO] 
[INFO] --- maven-resources-plugin:2.6:testResources (default-testResources) @ missinglink-core ---
[INFO] Using 'UTF-8' encoding to copy filtered resources.
[INFO] Copying 2 resources
[INFO] 
[INFO] --- maven-compiler-plugin:3.8.1:testCompile (default-testCompile) @ missinglink-core ---
[INFO] Nothing to compile - all classes are up to date
[INFO] 
[INFO] --- maven-surefire-plugin:2.12.4:test (default-test) @ missinglink-core ---
[INFO] Surefire report directory: /workdir/missinglink/core/target/surefire-reports

-------------------------------------------------------
 T E S T S
-------------------------------------------------------
Running com.spotify.missinglink.ArtifactLoaderTest
Tests run: 12, Failures: 0, Errors: 0, Skipped: 1, Time elapsed: 0.242 sec
Running com.spotify.missinglink.ClassLoaderTest
Tests run: 4, Failures: 0, Errors: 0, Skipped: 0, Time elapsed: 0.007 sec
Running com.spotify.missinglink.PrettyPrinterTest
Tests run: 3, Failures: 0, Errors: 0, Skipped: 0, Time elapsed: 0.009 sec
Running com.spotify.missinglink.ReachableTest
Tests run: 5, Failures: 0, Errors: 0, Skipped: 0, Time elapsed: 0.01 sec
Running com.spotify.missinglink.TypeDescriptorTest
Tests run: 9, Failures: 0, Errors: 0, Skipped: 0, Time elapsed: 0.002 sec
Running com.spotify.missinglink.ConflictCheckerTest
Tests run: 2, Failures: 0, Errors: 0, Skipped: 0, Time elapsed: 0.007 sec
Running com.spotify.missinglink.FeatureTest
Tests run: 15, Failures: 0, Errors: 0, Skipped: 0, Time elapsed: 5.836 sec
Running com.spotify.missinglink.datamodel.MethodDescriptorsTest
Tests run: 2, Failures: 0, Errors: 0, Skipped: 0, Time elapsed: 0.002 sec

Results :

Tests run: 52, Failures: 0, Errors: 0, Skipped: 1

[INFO] 
[INFO] -----------------< com.spotify:missinglink-benchmarks >-----------------
[INFO] Building missinglink-benchmarks 0.2.2-SNAPSHOT                     [3/4]
[INFO] --------------------------------[ jar ]---------------------------------
[INFO] 
[INFO] --- maven-resources-plugin:2.6:resources (default-resources) @ missinglink-benchmarks ---
[INFO] Using 'UTF-8' encoding to copy filtered resources.
[INFO] skip non existing resourceDirectory /workdir/missinglink/benchmarks/src/main/resources
[INFO] 
[INFO] --- maven-compiler-plugin:3.8.1:compile (default-compile) @ missinglink-benchmarks ---
[INFO] Nothing to compile - all classes are up to date
[INFO] 
[INFO] --- maven-checkstyle-plugin:3.0.0:check (checkstyle) @ missinglink-benchmarks ---
[INFO] Starting audit...
Audit done.
[INFO] 
[INFO] --- maven-resources-plugin:2.6:testResources (default-testResources) @ missinglink-benchmarks ---
[INFO] Using 'UTF-8' encoding to copy filtered resources.
[INFO] skip non existing resourceDirectory /workdir/missinglink/benchmarks/src/test/resources
[INFO] 
[INFO] --- maven-compiler-plugin:3.8.1:testCompile (default-testCompile) @ missinglink-benchmarks ---
[INFO] No sources to compile
[INFO] 
[INFO] --- maven-surefire-plugin:2.12.4:test (default-test) @ missinglink-benchmarks ---
[INFO] No tests to run.
[INFO] 
[INFO] ----------------< com.spotify:missinglink-maven-plugin >----------------
[INFO] Building missinglink-maven-plugin 0.2.2-SNAPSHOT                   [4/4]
[INFO] ----------------------------[ maven-plugin ]----------------------------
[INFO] 
[INFO] --- maven-resources-plugin:2.6:resources (default-resources) @ missinglink-maven-plugin ---
[INFO] Using 'UTF-8' encoding to copy filtered resources.
[INFO] skip non existing resourceDirectory /workdir/missinglink/maven-plugin/src/main/resources
[INFO] 
[INFO] --- maven-compiler-plugin:3.8.1:compile (default-compile) @ missinglink-maven-plugin ---
[INFO] Nothing to compile - all classes are up to date
[INFO] 
[INFO] --- maven-plugin-plugin:3.6.0:descriptor (default-descriptor) @ missinglink-maven-plugin ---
[INFO] Using 'UTF-8' encoding to read mojo source files.
[INFO] java-annotations mojo extractor found 1 mojo descriptor.
[INFO] 
[INFO] --- maven-checkstyle-plugin:3.0.0:check (checkstyle) @ missinglink-maven-plugin ---
[INFO] Starting audit...
Audit done.
[INFO] 
[INFO] --- maven-plugin-plugin:3.6.0:helpmojo (help-descriptor) @ missinglink-maven-plugin ---
[INFO] Using 'UTF-8' encoding to read mojo source files.
[INFO] java-annotations mojo extractor found 1 mojo descriptor.
[INFO] 
[INFO] --- maven-resources-plugin:2.6:testResources (default-testResources) @ missinglink-maven-plugin ---
[INFO] Using 'UTF-8' encoding to copy filtered resources.
[INFO] skip non existing resourceDirectory /workdir/missinglink/maven-plugin/src/test/resources
[INFO] 
[INFO] --- maven-compiler-plugin:3.8.1:testCompile (default-testCompile) @ missinglink-maven-plugin ---
[INFO] Nothing to compile - all classes are up to date
[INFO] 
[INFO] --- maven-surefire-plugin:2.12.4:test (default-test) @ missinglink-maven-plugin ---
[INFO] Surefire report directory: /workdir/missinglink/maven-plugin/target/surefire-reports

-------------------------------------------------------
 T E S T S
-------------------------------------------------------
Running com.spotify.missinglink.maven.CheckMojoTest
WARNING: An illegal reflective access operation has occurred
WARNING: Illegal reflective access by org.mockito.cglib.core.ReflectUtils$2 (file:/home/maven/.m2/repository/org/mockito/mockito-core/1.10.8/mockito-core-1.10.8.jar) to method java.lang.ClassLoader.defineClass(java.lang.String,byte[],int,int,java.security.ProtectionDomain)
WARNING: Please consider reporting this to the maintainers of org.mockito.cglib.core.ReflectUtils$2
WARNING: Use --illegal-access=warn to enable warnings of further illegal reflective access operations
WARNING: All illegal access operations will be denied in a future release
02:52:25.816 [main] DEBUG c.s.missinglink.maven.CheckMojoTest - Constructing Mojo against test basedir /workdir/missinglink/maven-plugin/target/test-projects/CheckMojoTest_testCustomBootstrapPath_simple-test
[debug] Project has 0 dependencies
[debug] project dependencies: []
[debug] constructing runtime artifacts took: 0 ms
[debug] using configured boot classpath: /tmp/boot6661874558319092459.jar
[debug] loading artifact for path: /tmp/boot6661874558319092459.jar
[debug] artifact loading took 0 ms
[debug] constructing bootstrap artifacts took: 2 ms
[warn] No classes found in project build directory - did you run 'mvn compile' first?
[debug] Checking for conflicts starting from project
[debug] Artifacts included in the project: 
[debug] conflict checking took: 0 ms
[debug] 0 total conflicts found
[info] No conflicts found
02:52:25.987 [main] DEBUG c.s.missinglink.maven.CheckMojoTest - Constructing Mojo against test basedir /workdir/missinglink/maven-plugin/target/test-projects/CheckMojoTest_shouldCheckProvidedIfConfigured_simple-test
[debug] Project has 2 dependencies
[debug] Dependency: com.foobar:bizbat:jar:1.2.3:compile
[debug] Dependency: com.foobar:boobaz:jar:1.2.3:provided
[debug] project dependencies: [com.foobar:bizbat:1.2.3:compile, com.foobar:boobaz:1.2.3:provided]
[debug] loading artifact for path: .
[debug] artifact loading took 0 ms
[debug] loading artifact for path: .
[debug] artifact loading took 0 ms
[debug] constructing runtime artifacts took: 1 ms
[debug] derived bootclasspath: null
[debug] constructing bootstrap artifacts took: 5670 ms
[warn] No classes found in project build directory - did you run 'mvn compile' first?
[debug] Checking for conflicts starting from project
[debug] Artifacts included in the project: 
[debug]     com.foobar:bizbat:1.2.3
[debug]     com.foobar:boobaz:1.2.3
[debug] conflict checking took: 0 ms
[debug] 0 total conflicts found
[info] No conflicts found
02:52:31.733 [main] DEBUG c.s.missinglink.maven.CheckMojoTest - Constructing Mojo against test basedir /workdir/missinglink/maven-plugin/target/test-projects/CheckMojoTest_doesNotFailOnConflictByDefault_simple-test
[debug] Project has 0 dependencies
[debug] project dependencies: []
[debug] constructing runtime artifacts took: 0 ms
[debug] derived bootclasspath: null
[debug] constructing bootstrap artifacts took: 3516 ms
[warn] No classes found in project build directory - did you run 'mvn compile' first?
[debug] Checking for conflicts starting from project
[debug] Artifacts included in the project: 
[debug] conflict checking took: 0 ms
[debug] 1 total conflicts found
[warn] 1 conflicts found!
[warn] 
[warn] Category: Class being called not found
[warn]   In artifact: source
[warn]     In class: com.foo.Whatever
[warn]       In method:  bat(int)
[warn]       Call to: com.foo.Bar.bat()
[warn]       Problem: reasons!
[warn]       --------
02:52:35.319 [main] DEBUG c.s.missinglink.maven.CheckMojoTest - Constructing Mojo against test basedir /workdir/missinglink/maven-plugin/target/test-projects/CheckMojoTest_testSkip_skip
[info] skipping plugin execution since missinglink.skip=true
02:52:35.378 [main] DEBUG c.s.missinglink.maven.CheckMojoTest - Constructing Mojo against test basedir /workdir/missinglink/maven-plugin/target/test-projects/CheckMojoTest_noConflictsFound_simple-test
[debug] Project has 0 dependencies
[debug] project dependencies: []
[debug] constructing runtime artifacts took: 0 ms
[debug] derived bootclasspath: null
[debug] constructing bootstrap artifacts took: 3486 ms
[warn] No classes found in project build directory - did you run 'mvn compile' first?
[debug] Checking for conflicts starting from project
[debug] Artifacts included in the project: 
[debug] conflict checking took: 0 ms
[debug] 0 total conflicts found
[info] No conflicts found
02:52:38.918 [main] DEBUG c.s.missinglink.maven.CheckMojoTest - Constructing Mojo against test basedir /workdir/missinglink/maven-plugin/target/test-projects/CheckMojoTest_testIgnoreDestinationPackages_ignore-destination-packages
[debug] Project has 0 dependencies
[debug] project dependencies: []
[debug] constructing runtime artifacts took: 0 ms
[debug] derived bootclasspath: null
[debug] constructing bootstrap artifacts took: 3515 ms
[warn] No classes found in project build directory - did you run 'mvn compile' first?
[debug] Checking for conflicts starting from project
[debug] Artifacts included in the project: 
[debug] conflict checking took: 0 ms
[debug] 1 total conflicts found
[debug] Ignoring destination packages: IgnoredPackage{name='com.foo', ignoreSubpackages=true}
[warn] 1 conflicts found in ignored destination packages. Run plugin again without the 'ignoreDestinationPackages' parameter to see all conflicts that were found.
[info] No conflicts found
02:52:42.502 [main] DEBUG c.s.missinglink.maven.CheckMojoTest - Constructing Mojo against test basedir /workdir/missinglink/maven-plugin/target/test-projects/CheckMojoTest_testBadValuesForIncludeCategories_include-categories-bad-values
[debug] Project has 0 dependencies
[error] java.lang.IllegalArgumentException: No enum constant com.spotify.missinglink.Conflict.ConflictCategory.FOO_BAR
	at java.base/java.lang.Enum.valueOf(Enum.java:240)
	at com.spotify.missinglink.Conflict$ConflictCategory.valueOf(Conflict.java:35)
	at java.base/java.util.stream.ReferencePipeline$3$1.accept(ReferencePipeline.java:195)
	at java.base/java.util.ArrayList$ArrayListSpliterator.forEachRemaining(ArrayList.java:1655)
	at java.base/java.util.stream.AbstractPipeline.copyInto(AbstractPipeline.java:484)
	at java.base/java.util.stream.AbstractPipeline.wrapAndCopyInto(AbstractPipeline.java:474)
	at java.base/java.util.stream.ReduceOps$ReduceOp.evaluateSequential(ReduceOps.java:913)
	at java.base/java.util.stream.AbstractPipeline.evaluate(AbstractPipeline.java:234)
	at java.base/java.util.stream.ReferencePipeline.collect(ReferencePipeline.java:578)
	at com.spotify.missinglink.maven.CheckMojo.execute(CheckMojo.java:172)
	at com.spotify.missinglink.maven.CheckMojoTest.testBadValuesForIncludeCategories(CheckMojoTest.java:243)
	at java.base/jdk.internal.reflect.NativeMethodAccessorImpl.invoke0(Native Method)
	at java.base/jdk.internal.reflect.NativeMethodAccessorImpl.invoke(NativeMethodAccessorImpl.java:62)
	at java.base/jdk.internal.reflect.DelegatingMethodAccessorImpl.invoke(DelegatingMethodAccessorImpl.java:43)
	at java.base/java.lang.reflect.Method.invoke(Method.java:566)
	at org.junit.runners.model.FrameworkMethod$1.runReflectiveCall(FrameworkMethod.java:59)
	at org.junit.internal.runners.model.ReflectiveCallable.run(ReflectiveCallable.java:12)
	at org.junit.runners.model.FrameworkMethod.invokeExplosively(FrameworkMethod.java:56)
	at org.junit.internal.runners.statements.InvokeMethod.evaluate(InvokeMethod.java:17)
	at org.junit.internal.runners.statements.RunBefores.evaluate(RunBefores.java:26)
	at org.junit.rules.ExpectedException$ExpectedExceptionStatement.evaluate(ExpectedException.java:258)
	at org.junit.rules.TestWatcher$1.evaluate(TestWatcher.java:61)
	at org.apache.maven.plugin.testing.MojoRule$2.evaluate(MojoRule.java:308)
	at org.junit.runners.ParentRunner$3.evaluate(ParentRunner.java:306)
	at org.junit.runners.BlockJUnit4ClassRunner$1.evaluate(BlockJUnit4ClassRunner.java:100)
	at org.junit.runners.ParentRunner.runLeaf(ParentRunner.java:366)
	at org.junit.runners.BlockJUnit4ClassRunner.runChild(BlockJUnit4ClassRunner.java:103)
	at org.junit.runners.BlockJUnit4ClassRunner.runChild(BlockJUnit4ClassRunner.java:63)
	at org.junit.runners.ParentRunner$4.run(ParentRunner.java:331)
	at org.junit.runners.ParentRunner$1.schedule(ParentRunner.java:79)
	at org.junit.runners.ParentRunner.runChildren(ParentRunner.java:329)
	at org.junit.runners.ParentRunner.access$100(ParentRunner.java:66)
	at org.junit.runners.ParentRunner$2.evaluate(ParentRunner.java:293)
	at org.junit.runners.ParentRunner$3.evaluate(ParentRunner.java:306)
	at org.junit.runners.ParentRunner.run(ParentRunner.java:413)
	at org.apache.maven.surefire.junit4.JUnit4Provider.execute(JUnit4Provider.java:252)
	at org.apache.maven.surefire.junit4.JUnit4Provider.executeTestSet(JUnit4Provider.java:141)
	at org.apache.maven.surefire.junit4.JUnit4Provider.invoke(JUnit4Provider.java:112)
	at java.base/jdk.internal.reflect.NativeMethodAccessorImpl.invoke0(Native Method)
	at java.base/jdk.internal.reflect.NativeMethodAccessorImpl.invoke(NativeMethodAccessorImpl.java:62)
	at java.base/jdk.internal.reflect.DelegatingMethodAccessorImpl.invoke(DelegatingMethodAccessorImpl.java:43)
	at java.base/java.lang.reflect.Method.invoke(Method.java:566)
	at org.apache.maven.surefire.util.ReflectionUtils.invokeMethodWithArray(ReflectionUtils.java:189)
	at org.apache.maven.surefire.booter.ProviderFactory$ProviderProxy.invoke(ProviderFactory.java:165)
	at org.apache.maven.surefire.booter.ProviderFactory.invokeProvider(ProviderFactory.java:85)
	at org.apache.maven.surefire.booter.ForkedBooter.runSuitesInProcess(ForkedBooter.java:115)
	at org.apache.maven.surefire.booter.ForkedBooter.main(ForkedBooter.java:75)

02:52:42.552 [main] DEBUG c.s.missinglink.maven.CheckMojoTest - Constructing Mojo against test basedir /workdir/missinglink/maven-plugin/target/test-projects/CheckMojoTest_failsOnConflictWhenOptionIsSet_fail-on-warning
[debug] Project has 0 dependencies
[debug] project dependencies: []
[debug] constructing runtime artifacts took: 0 ms
[debug] derived bootclasspath: null
[debug] constructing bootstrap artifacts took: 4186 ms
[warn] No classes found in project build directory - did you run 'mvn compile' first?
[debug] Checking for conflicts starting from project
[debug] Artifacts included in the project: 
[debug] conflict checking took: 0 ms
[debug] 2 total conflicts found
[warn] 2 conflicts found!
[warn] 
[warn] Category: Class being called not found
[warn]   In artifact: source
[warn]     In class: com.foo.Whatever
[warn]       In method:  bat(int)
[warn]       Call to: com.foo.Bar.bat()
[warn]       Problem: reasons!
[warn]       --------
[warn] 
[warn] Category: Method being called not found
[warn]   In artifact: source
[warn]     In class: com.foo.Whatever
[warn]       In method:  bat(int)
[warn]       Call to: com.foo.Bar.bat()
[warn]       Problem: more reasons!
[warn]       --------
02:52:46.792 [main] DEBUG c.s.missinglink.maven.CheckMojoTest - Constructing Mojo against test basedir /workdir/missinglink/maven-plugin/target/test-projects/CheckMojoTest_testIncludeCategoriesActuallyFilters_include-categories
[debug] Project has 0 dependencies
[debug] project dependencies: []
[debug] constructing runtime artifacts took: 0 ms
[debug] derived bootclasspath: null
[debug] constructing bootstrap artifacts took: 3591 ms
[warn] No classes found in project build directory - did you run 'mvn compile' first?
[debug] Checking for conflicts starting from project
[debug] Artifacts included in the project: 
[debug] conflict checking took: 0 ms
[debug] 1 total conflicts found
[debug] Only including conflicts from categories: CLASS_NOT_FOUND
[warn] 1 conflicts removed based on includeCategories=CLASS_NOT_FOUND. Run plugin again without the 'includeCategories' parameter to see all conflicts that were found.
[info] No conflicts found
02:52:50.442 [main] DEBUG c.s.missinglink.maven.CheckMojoTest - Constructing Mojo against test basedir /workdir/missinglink/maven-plugin/target/test-projects/CheckMojoTest_shouldIgnoreProvidedByDefault_simple-test
[debug] Project has 2 dependencies
[debug] Dependency: com.foobar:bizbat:jar:1.2.3:compile
[debug] Dependency: com.foobar:boobaz:jar:1.2.3:provided
[debug] project dependencies: [com.foobar:bizbat:1.2.3:compile]
[debug] loading artifact for path: .
[debug] artifact loading took 0 ms
[debug] constructing runtime artifacts took: 0 ms
[debug] derived bootclasspath: null
[debug] constructing bootstrap artifacts took: 3126 ms
[warn] No classes found in project build directory - did you run 'mvn compile' first?
[debug] Checking for conflicts starting from project
[debug] Artifacts included in the project: 
[debug]     com.foobar:bizbat:1.2.3
[debug] conflict checking took: 0 ms
[debug] 0 total conflicts found
[info] No conflicts found
02:52:53.613 [main] DEBUG c.s.missinglink.maven.CheckMojoTest - Constructing Mojo against test basedir /workdir/missinglink/maven-plugin/target/test-projects/CheckMojoTest_testIgnoreSourcePackages_ignore-source-packages
[debug] Project has 0 dependencies
[debug] project dependencies: []
[debug] constructing runtime artifacts took: 0 ms
[debug] derived bootclasspath: null
[debug] constructing bootstrap artifacts took: 3415 ms
[warn] No classes found in project build directory - did you run 'mvn compile' first?
[debug] Checking for conflicts starting from project
[debug] Artifacts included in the project: 
[debug] conflict checking took: 0 ms
[debug] 1 total conflicts found
[debug] Ignoring source packages: IgnoredPackage{name='org.codehaus.janino', ignoreSubpackages=false}, IgnoredPackage{name='groovy.lang', ignoreSubpackages=true}
[warn] 1 conflicts found in ignored source packages. Run plugin again without the 'ignoreSourcePackages' parameter to see all conflicts that were found.
[info] No conflicts found
02:52:57.072 [main] DEBUG c.s.missinglink.maven.CheckMojoTest - Constructing Mojo against test basedir /workdir/missinglink/maven-plugin/target/test-projects/CheckMojoTest_testExcludeArtifacts_exclude-dependencies
[debug] Project has 1 dependencies
[debug] Dependency: com.foobar:bizbat:jar:1.2.3:compile
[debug] project dependencies: [com.foobar:bizbat:1.2.3:compile]
[debug] constructing runtime artifacts took: 0 ms
[debug] derived bootclasspath: null
[debug] constructing bootstrap artifacts took: 3330 ms
[warn] No classes found in project build directory - did you run 'mvn compile' first?
[debug] Checking for conflicts starting from project
[debug] Artifacts included in the project: 
[debug] conflict checking took: 0 ms
[debug] 0 total conflicts found
[info] No conflicts found
Tests run: 12, Failures: 0, Errors: 0, Skipped: 0, Time elapsed: 35.455 sec
Running com.spotify.missinglink.maven.MavenArtifactNameTest
Tests run: 1, Failures: 0, Errors: 0, Skipped: 0, Time elapsed: 0 sec

Results :

Tests run: 13, Failures: 0, Errors: 0, Skipped: 0

[INFO] ------------------------------------------------------------------------
[INFO] Reactor Summary for missinglink 0.2.2-SNAPSHOT:
[INFO] 
[INFO] missinglink ........................................ SUCCESS [  0.855 s]
[INFO] missinglink-core ................................... SUCCESS [  6.956 s]
[INFO] missinglink-benchmarks ............................. SUCCESS [  0.075 s]
[INFO] missinglink-maven-plugin ........................... SUCCESS [ 36.765 s]
[INFO] ------------------------------------------------------------------------
[INFO] BUILD SUCCESS
[INFO] ------------------------------------------------------------------------
[INFO] Total time:  44.744 s
[INFO] Finished at: 2021-02-15T02:53:00Z
[INFO] ------------------------------------------------------------------------
