[INFO] Scanning for projects...
[WARNING] The project com.google.googlejavaformat:google-java-format-parent:pom:1.10-SNAPSHOT uses prerequisites which is only intended for maven-plugin projects but not for non maven-plugin projects. For such purposes you should use the maven-enforcer-plugin. See https://maven.apache.org/enforcer/enforcer-rules/requireMavenVersion.html
[INFO] ------------------------------------------------------------------------
[INFO] Reactor Build Order:
[INFO] 
[INFO] Google Java Format Parent                                          [pom]
[INFO] Google Java Format                                                 [jar]
[INFO] 
[INFO] -------< com.google.googlejavaformat:google-java-format-parent >--------
[INFO] Building Google Java Format Parent 1.10-SNAPSHOT                   [1/2]
[INFO] --------------------------------[ pom ]---------------------------------
[INFO] 
[INFO] --- maven-enforcer-plugin:1.0:enforce (enforce-maven) @ google-java-format-parent ---
[INFO] 
[INFO] -----------< com.google.googlejavaformat:google-java-format >-----------
[INFO] Building Google Java Format 1.10-SNAPSHOT                          [2/2]
[INFO] --------------------------------[ jar ]---------------------------------
[INFO] 
[INFO] --- maven-enforcer-plugin:1.0:enforce (enforce-maven) @ google-java-format ---
[INFO] 
[INFO] --- replacer:1.5.3:replace (default) @ google-java-format ---
[INFO] Replacement run on 1 file.
[INFO] 
[INFO] --- build-helper-maven-plugin:3.0.0:add-source (add-source) @ google-java-format ---
[INFO] Source directory: /workdir/google-java-format/core/target/generated-sources/java added.
[INFO] 
[INFO] --- maven-resources-plugin:3.0.1:resources (default-resources) @ google-java-format ---
[INFO] Using 'UTF-8' encoding to copy filtered resources.
[INFO] skip non existing resourceDirectory /workdir/google-java-format/core/src/main/resources
[INFO] 
[INFO] --- maven-compiler-plugin:3.7.0:compile (default-compile) @ google-java-format ---
[INFO] Changes detected - recompiling the module!
[INFO] Compiling 45 source files to /workdir/google-java-format/core/target/classes
WARNING: An illegal reflective access operation has occurred
WARNING: Illegal reflective access by com.google.errorprone.bugpatterns.FutureReturnValueIgnored (file:/home/maven/.m2/repository/com/google/errorprone/error_prone_core/2.3.2/error_prone_core-2.3.2.jar) to field com.sun.tools.javac.code.Type$StructuralTypeMapping$4.this$0
WARNING: Please consider reporting this to the maintainers of com.google.errorprone.bugpatterns.FutureReturnValueIgnored
WARNING: Use --illegal-access=warn to enable warnings of further illegal reflective access operations
WARNING: All illegal access operations will be denied in a future release
[INFO] 
[INFO] --- maven-resources-plugin:3.0.1:testResources (default-testResources) @ google-java-format ---
[INFO] Using 'UTF-8' encoding to copy filtered resources.
[INFO] Copying 360 resources
[INFO] 
[INFO] --- maven-compiler-plugin:3.7.0:testCompile (default-testCompile) @ google-java-format ---
[INFO] Nothing to compile - all classes are up to date
[INFO] 
[INFO] --- maven-surefire-plugin:2.18:test (default-test) @ google-java-format ---
[INFO] Surefire report directory: /workdir/google-java-format/core/target/surefire-reports

-------------------------------------------------------
 T E S T S
-------------------------------------------------------
Running com.google.googlejavaformat.java.LineRangesToCharRangesTest
Tests run: 3, Failures: 0, Errors: 0, Skipped: 0, Time elapsed: 0.006 sec - in com.google.googlejavaformat.java.LineRangesToCharRangesTest
Running com.google.googlejavaformat.java.StringWrapperTest
Tests run: 1, Failures: 0, Errors: 0, Skipped: 0, Time elapsed: 0.224 sec - in com.google.googlejavaformat.java.StringWrapperTest
Running com.google.googlejavaformat.java.ModifierOrdererTest
Tests run: 6, Failures: 0, Errors: 0, Skipped: 0, Time elapsed: 0.025 sec - in com.google.googlejavaformat.java.ModifierOrdererTest
Running com.google.googlejavaformat.java.ArrayDimensionTest
Tests run: 38, Failures: 0, Errors: 0, Skipped: 0, Time elapsed: 0.122 sec - in com.google.googlejavaformat.java.ArrayDimensionTest
Running com.google.googlejavaformat.java.FormatterTest
Tests run: 31, Failures: 0, Errors: 0, Skipped: 0, Time elapsed: 0.205 sec - in com.google.googlejavaformat.java.FormatterTest
Running com.google.googlejavaformat.java.JavadocFormattingTest
Tests run: 60, Failures: 0, Errors: 0, Skipped: 0, Time elapsed: 0.174 sec - in com.google.googlejavaformat.java.JavadocFormattingTest
Running com.google.googlejavaformat.java.PartialFormattingTest
Tests run: 180, Failures: 0, Errors: 0, Skipped: 0, Time elapsed: 1.139 sec - in com.google.googlejavaformat.java.PartialFormattingTest
Running com.google.googlejavaformat.java.CommandLineOptionsParserTest
Tests run: 19, Failures: 0, Errors: 0, Skipped: 0, Time elapsed: 0.014 sec - in com.google.googlejavaformat.java.CommandLineOptionsParserTest
Running com.google.googlejavaformat.java.StringWrapperIntegrationTest
Tests run: 64, Failures: 0, Errors: 0, Skipped: 0, Time elapsed: 0.251 sec - in com.google.googlejavaformat.java.StringWrapperIntegrationTest
Running com.google.googlejavaformat.java.filer.FormattingFilerTest
Tests run: 2, Failures: 0, Errors: 0, Skipped: 0, Time elapsed: 0.26 sec - in com.google.googlejavaformat.java.filer.FormattingFilerTest
Running com.google.googlejavaformat.java.ImportOrdererTest
Tests run: 37, Failures: 0, Errors: 0, Skipped: 0, Time elapsed: 0.023 sec - in com.google.googlejavaformat.java.ImportOrdererTest
Running com.google.googlejavaformat.java.FormatterIntegrationTest
Tests run: 680, Failures: 0, Errors: 0, Skipped: 0, Time elapsed: 1.307 sec - in com.google.googlejavaformat.java.FormatterIntegrationTest
Running com.google.googlejavaformat.java.RemoveUnusedImportsTest
Tests run: 13, Failures: 0, Errors: 0, Skipped: 0, Time elapsed: 0 sec - in com.google.googlejavaformat.java.RemoveUnusedImportsTest
Running com.google.googlejavaformat.java.SnippetFormatterTest
Tests run: 5, Failures: 0, Errors: 0, Skipped: 0, Time elapsed: 0 sec - in com.google.googlejavaformat.java.SnippetFormatterTest
Running com.google.googlejavaformat.java.CommandLineFlagsTest
Tests run: 8, Failures: 0, Errors: 0, Skipped: 0, Time elapsed: 0 sec - in com.google.googlejavaformat.java.CommandLineFlagsTest
Running com.google.googlejavaformat.java.TypeNameClassifierTest
Tests run: 3, Failures: 0, Errors: 0, Skipped: 0, Time elapsed: 0 sec - in com.google.googlejavaformat.java.TypeNameClassifierTest
Running com.google.googlejavaformat.java.DiagnosticTest
Tests run: 8, Failures: 0, Errors: 0, Skipped: 0, Time elapsed: 0.048 sec - in com.google.googlejavaformat.java.DiagnosticTest
Running com.google.googlejavaformat.java.MainTest
Tests run: 22, Failures: 0, Errors: 0, Skipped: 0, Time elapsed: 1.257 sec - in com.google.googlejavaformat.java.MainTest
Running com.google.googlejavaformat.NewlinesTest
Tests run: 4, Failures: 0, Errors: 0, Skipped: 0, Time elapsed: 0 sec - in com.google.googlejavaformat.NewlinesTest

Results :




Tests run: 1184, Failures: 0, Errors: 0, Skipped: 0

[INFO] ------------------------------------------------------------------------
[INFO] Reactor Summary for Google Java Format Parent 1.10-SNAPSHOT:
[INFO] 
[INFO] Google Java Format Parent .......................... SUCCESS [  0.298 s]
[INFO] Google Java Format ................................. SUCCESS [ 10.218 s]
[INFO] ------------------------------------------------------------------------
[INFO] BUILD SUCCESS
[INFO] ------------------------------------------------------------------------
[INFO] Total time:  10.621 s
[INFO] Finished at: 2021-02-15T02:06:38Z
[INFO] ------------------------------------------------------------------------
