[INFO] Scanning for projects...
[INFO] Inspecting build with total of 1 modules...
[INFO] Installing Nexus Staging features:
[INFO]   ... total of 1 executions of maven-deploy-plugin replaced with nexus-staging-maven-plugin
[INFO] 
[INFO] -----------------< com.github.davidmoten:rxjava-jdbc >------------------
[INFO] Building rxjava-jdbc 0.7.18-SNAPSHOT
[INFO] --------------------------------[ jar ]---------------------------------
[INFO] 
[INFO] --- maven-resources-plugin:2.6:resources (default-resources) @ rxjava-jdbc ---
[INFO] Using 'UTF-8' encoding to copy filtered resources.
[INFO] skip non existing resourceDirectory /workdir/rxjava-jdbc/src/main/resources
[INFO] 
[INFO] --- maven-compiler-plugin:3.5.1:compile (default-compile) @ rxjava-jdbc ---
[INFO] Changes detected - recompiling the module!
[INFO] Compiling 52 source files to /workdir/rxjava-jdbc/target/classes
[INFO] /workdir/rxjava-jdbc/src/main/java/com/github/davidmoten/rx/RxUtil.java: Some input files use or override a deprecated API.
[INFO] /workdir/rxjava-jdbc/src/main/java/com/github/davidmoten/rx/RxUtil.java: Recompile with -Xlint:deprecation for details.
[INFO] 
[INFO] --- maven-resources-plugin:2.6:testResources (default-testResources) @ rxjava-jdbc ---
[INFO] Using 'UTF-8' encoding to copy filtered resources.
[INFO] Copying 4 resources
[INFO] 
[INFO] --- maven-compiler-plugin:3.5.1:testCompile (default-testCompile) @ rxjava-jdbc ---
[INFO] Nothing to compile - all classes are up to date
[INFO] 
[INFO] --- maven-surefire-plugin:2.12.4:test (default-test) @ rxjava-jdbc ---
[INFO] Surefire report directory: /workdir/rxjava-jdbc/target/surefire-reports

-------------------------------------------------------
 T E S T S
-------------------------------------------------------
Running com.github.davidmoten.rx.jdbc.FetchSizeTest
WARNING: An illegal reflective access operation has occurred
WARNING: Illegal reflective access by org.mockito.cglib.core.ReflectUtils$2 (file:/home/maven/.m2/repository/org/mockito/mockito-core/1.10.19/mockito-core-1.10.19.jar) to method java.lang.ClassLoader.defineClass(java.lang.String,byte[],int,int,java.security.ProtectionDomain)
WARNING: Please consider reporting this to the maintainers of org.mockito.cglib.core.ReflectUtils$2
WARNING: Use --illegal-access=warn to enable warnings of further illegal reflective access operations
WARNING: All illegal access operations will be denied in a future release
Tests run: 4, Failures: 0, Errors: 0, Skipped: 0, Time elapsed: 0.334 sec
Running com.github.davidmoten.rx.jdbc.ConnectionProviderAutoCommittingTest
Tests run: 1, Failures: 0, Errors: 0, Skipped: 0, Time elapsed: 0.011 sec
Running com.github.davidmoten.rx.jdbc.BatchingTest
Tests run: 4, Failures: 0, Errors: 0, Skipped: 0, Time elapsed: 0.165 sec
Running com.github.davidmoten.rx.jdbc.DatabaseExampleTest
FRED has score 21
JOE has score 34
Tests run: 5, Failures: 0, Errors: 0, Skipped: 1, Time elapsed: 0.031 sec
Running com.github.davidmoten.rx.jdbc.DatabaseDerbyTest
Tests run: 1, Failures: 0, Errors: 0, Skipped: 1, Time elapsed: 0 sec
Running com.github.davidmoten.rx.jdbc.TransactionOnNextOperatorTest
Tests run: 1, Failures: 0, Errors: 0, Skipped: 0, Time elapsed: 0.009 sec
Running com.github.davidmoten.rx.jdbc.DatabaseMasterDetailTest
MasterAndDetails [id=1, name=FRED, details=[Detail [id=10, description=a good fellow], Detail [id=11, description=rides his bike]]]
MasterAndDetails [id=2, name=JOHN, details=[Detail [id=20, description=a bit of a bore], Detail [id=21, description=is a good cook]]]
Tests run: 2, Failures: 0, Errors: 0, Skipped: 0, Time elapsed: 0.01 sec
Running com.github.davidmoten.rx.jdbc.NamedParametersTest
Tests run: 12, Failures: 0, Errors: 0, Skipped: 0, Time elapsed: 0.013 sec
Running com.github.davidmoten.rx.jdbc.DatabaseAsyncTest
2021-02-14 22:09:36.108 [RxComputationScheduler-3] INFO  com.github.davidmoten.rx.RxUtil - 0
2021-02-14 22:09:36.112 [RxIoScheduler-2] INFO  com.github.davidmoten.rx.RxUtil - 21
[FRED, JOSEPH, MARMADUKE]
2021-02-14 22:09:36.154 [main] INFO  com.zaxxer.hikari.HikariDataSource - HikariCP pool HikariPool-0 is starting.
2021-02-14 22:09:36.319 [RxIoScheduler-3] INFO  com.github.davidmoten.rx.RxUtil - 21
2021-02-14 22:09:36.321 [RxIoScheduler-4] INFO  com.github.davidmoten.rx.RxUtil - 34
2021-02-14 22:09:36.420 [main] INFO  com.github.davidmoten.rx.RxUtil - rx.internal.util.ScalarSynchronousObservable@51e4ccb3
2021-02-14 22:09:36.421 [main] INFO  com.github.davidmoten.rx.RxUtil - rx.internal.util.ScalarSynchronousObservable@51e4ccb3
2021-02-14 22:09:36.421 [main] INFO  com.github.davidmoten.rx.RxUtil - rx.Observable@46e8a539
2021-02-14 22:09:36.424 [main] INFO  com.github.davidmoten.rx.RxUtil - rx.internal.util.ScalarSynchronousObservable@28a0fd6c
2021-02-14 22:09:36.424 [main] INFO  com.github.davidmoten.rx.RxUtil - rx.internal.util.ScalarSynchronousObservable@28a0fd6c
2021-02-14 22:09:36.424 [main] INFO  com.github.davidmoten.rx.RxUtil - rx.Observable@2b62442c
2021-02-14 22:09:36.429 [main] INFO  com.github.davidmoten.rx.jdbc.DatabaseTestBase - committed 1
2021-02-14 22:09:36.429 [main] INFO  com.github.davidmoten.rx.jdbc.DatabaseTestBase - gets ok
2021-02-14 22:09:36.429 [main] INFO  com.github.davidmoten.rx.jdbc.DatabaseTestBase - closes ok
2021-02-14 22:09:36.450 [main] INFO  com.github.davidmoten.rx.RxUtil - 1
2021-02-14 22:09:36.451 [main] INFO  com.github.davidmoten.rx.RxUtil - 2
2021-02-14 22:09:36.452 [main] INFO  com.github.davidmoten.rx.RxUtil - 3
Syntax error in SQL statement "ZZZ[*] "; SQL statement:
zzz [42000-192]
Syntax error in SQL statement "ZZZ[*] "; SQL statement:
zzz [42000-192]
2021-02-14 22:09:36.571 [RxComputationScheduler-4] INFO  com.github.davidmoten.rx.RxUtil - 0
2021-02-14 22:09:36.572 [RxIoScheduler-2] INFO  com.github.davidmoten.rx.RxUtil - 21
2021-02-14 22:09:36.576 [main] INFO  com.zaxxer.hikari.HikariDataSource - HikariCP pool HikariPool-1 is starting.
2021-02-14 22:09:36.585 [main] INFO  com.zaxxer.hikari.pool.HikariPool - HikariCP pool HikariPool-1 is shutting down.
2021-02-14 22:09:36.592 [main] INFO  com.github.davidmoten.rx.jdbc.DatabaseTestBase - committed 1
2021-02-14 22:09:36.592 [main] INFO  com.github.davidmoten.rx.jdbc.DatabaseTestBase - gets ok
2021-02-14 22:09:36.592 [main] INFO  com.github.davidmoten.rx.jdbc.DatabaseTestBase - closes ok
2021-02-14 22:09:36.594 [main] INFO  com.github.davidmoten.rx.RxUtil - rx.Observable@70fab835
2021-02-14 22:09:36.594 [main] INFO  com.github.davidmoten.rx.RxUtil - rx.Observable@70fab835
2021-02-14 22:09:36.594 [main] INFO  com.github.davidmoten.rx.RxUtil - rx.Observable@1b0a7baf
2021-02-14 22:09:36.595 [main] INFO  com.github.davidmoten.rx.RxUtil - rx.Observable@26be6ca7
2021-02-14 22:09:36.595 [main] INFO  com.github.davidmoten.rx.RxUtil - rx.Observable@26be6ca7
2021-02-14 22:09:36.596 [main] INFO  com.github.davidmoten.rx.RxUtil - rx.Observable@6ea1bcdc
2021-02-14 22:09:36.625 [main] INFO  com.github.davidmoten.rx.RxUtil - 99
2021-02-14 22:09:36.627 [main] INFO  com.github.davidmoten.rx.RxUtil - 88
threads=[main]
2021-02-14 22:09:36.671 [main] INFO  com.zaxxer.hikari.HikariDataSource - HikariCP pool HikariPool-2 is starting.
[MARMADUKE, JOSEPH, MARMADUKE, JOSEPH, MARMADUKE, MARMADUKE, MARMADUKE, JOSEPH, MARMADUKE, JOSEPH, MARMADUKE, MARMADUKE]
2021-02-14 22:09:36.744 [main] INFO  com.github.davidmoten.rx.RxUtil - 99
2021-02-14 22:09:36.745 [main] INFO  com.github.davidmoten.rx.RxUtil - 88
2021-02-14 22:09:36.799 [RxIoScheduler-3] INFO  com.github.davidmoten.rx.RxUtil - 3
Column "NAMEZ" not found; SQL statement:
select namez from person where name=? [42122-192]
Column "NAMEZ" not found; SQL statement:
select namez from person where name=? [42122-192]
Tests run: 116, Failures: 0, Errors: 0, Skipped: 0, Time elapsed: 1.208 sec
Running com.github.davidmoten.rx.jdbc.QueriesTest
Tests run: 1, Failures: 0, Errors: 0, Skipped: 0, Time elapsed: 0.003 sec
Running com.github.davidmoten.rx.jdbc.ConnectionDemoTest
Tests run: 1, Failures: 0, Errors: 0, Skipped: 0, Time elapsed: 0.005 sec
Running com.github.davidmoten.rx.jdbc.ExceptionsTest
FRED
Tests run: 2, Failures: 0, Errors: 0, Skipped: 0, Time elapsed: 0.012 sec
Running com.github.davidmoten.rx.jdbc.ColumnNotFoundTest
Tests run: 1, Failures: 0, Errors: 0, Skipped: 0, Time elapsed: 0.008 sec
Running com.github.davidmoten.rx.jdbc.ConditionsTest
Tests run: 7, Failures: 0, Errors: 0, Skipped: 0, Time elapsed: 0.004 sec
Running com.github.davidmoten.rx.jdbc.DatabaseSyncTest
2021-02-14 22:09:37.131 [RxComputationScheduler-2] INFO  com.github.davidmoten.rx.RxUtil - 0
2021-02-14 22:09:37.133 [RxComputationScheduler-2] INFO  com.github.davidmoten.rx.RxUtil - 21
[FRED, JOSEPH, MARMADUKE]
2021-02-14 22:09:37.159 [main] INFO  com.zaxxer.hikari.HikariDataSource - HikariCP pool HikariPool-3 is starting.
2021-02-14 22:09:37.258 [main] INFO  com.github.davidmoten.rx.RxUtil - 21
2021-02-14 22:09:37.259 [main] INFO  com.github.davidmoten.rx.RxUtil - 34
2021-02-14 22:09:37.310 [main] INFO  com.github.davidmoten.rx.RxUtil - rx.internal.util.ScalarSynchronousObservable@4e6d7365
2021-02-14 22:09:37.310 [main] INFO  com.github.davidmoten.rx.RxUtil - rx.internal.util.ScalarSynchronousObservable@4e6d7365
2021-02-14 22:09:37.310 [main] INFO  com.github.davidmoten.rx.RxUtil - rx.Observable@7c0da600
2021-02-14 22:09:37.311 [main] INFO  com.github.davidmoten.rx.RxUtil - rx.internal.util.ScalarSynchronousObservable@47dd778
2021-02-14 22:09:37.312 [main] INFO  com.github.davidmoten.rx.RxUtil - rx.internal.util.ScalarSynchronousObservable@47dd778
2021-02-14 22:09:37.312 [main] INFO  com.github.davidmoten.rx.RxUtil - rx.Observable@15515c51
2021-02-14 22:09:37.315 [main] INFO  com.github.davidmoten.rx.jdbc.DatabaseTestBase - committed 1
2021-02-14 22:09:37.315 [main] INFO  com.github.davidmoten.rx.jdbc.DatabaseTestBase - gets ok
2021-02-14 22:09:37.315 [main] INFO  com.github.davidmoten.rx.jdbc.DatabaseTestBase - closes ok
2021-02-14 22:09:37.324 [main] INFO  com.github.davidmoten.rx.RxUtil - 1
2021-02-14 22:09:37.325 [main] INFO  com.github.davidmoten.rx.RxUtil - 2
2021-02-14 22:09:37.326 [main] INFO  com.github.davidmoten.rx.RxUtil - 3
Syntax error in SQL statement "ZZZ[*] "; SQL statement:
zzz [42000-192]
Syntax error in SQL statement "ZZZ[*] "; SQL statement:
zzz [42000-192]
2021-02-14 22:09:37.437 [RxComputationScheduler-3] INFO  com.github.davidmoten.rx.RxUtil - 0
2021-02-14 22:09:37.438 [RxComputationScheduler-3] INFO  com.github.davidmoten.rx.RxUtil - 21
2021-02-14 22:09:37.449 [main] INFO  com.zaxxer.hikari.HikariDataSource - HikariCP pool HikariPool-4 is starting.
2021-02-14 22:09:37.459 [main] INFO  com.zaxxer.hikari.pool.HikariPool - HikariCP pool HikariPool-4 is shutting down.
2021-02-14 22:09:37.474 [main] INFO  com.github.davidmoten.rx.jdbc.DatabaseTestBase - committed 1
2021-02-14 22:09:37.475 [main] INFO  com.github.davidmoten.rx.jdbc.DatabaseTestBase - gets ok
2021-02-14 22:09:37.475 [main] INFO  com.github.davidmoten.rx.jdbc.DatabaseTestBase - closes ok
2021-02-14 22:09:37.479 [main] INFO  com.github.davidmoten.rx.RxUtil - rx.Observable@6f63c44f
2021-02-14 22:09:37.479 [main] INFO  com.github.davidmoten.rx.RxUtil - rx.Observable@6f63c44f
2021-02-14 22:09:37.480 [main] INFO  com.github.davidmoten.rx.RxUtil - rx.Observable@408a247c
2021-02-14 22:09:37.483 [main] INFO  com.github.davidmoten.rx.RxUtil - rx.Observable@5f5b5ca4
2021-02-14 22:09:37.483 [main] INFO  com.github.davidmoten.rx.RxUtil - rx.Observable@5f5b5ca4
2021-02-14 22:09:37.483 [main] INFO  com.github.davidmoten.rx.RxUtil - rx.Observable@4ee33af7
2021-02-14 22:09:37.556 [main] INFO  com.github.davidmoten.rx.RxUtil - 99
2021-02-14 22:09:37.559 [main] INFO  com.github.davidmoten.rx.RxUtil - 88
threads=[main]
2021-02-14 22:09:37.612 [main] INFO  com.zaxxer.hikari.HikariDataSource - HikariCP pool HikariPool-5 is starting.
[MARMADUKE, JOSEPH, MARMADUKE, JOSEPH, MARMADUKE, MARMADUKE, MARMADUKE, JOSEPH, MARMADUKE, JOSEPH, MARMADUKE, MARMADUKE]
2021-02-14 22:09:37.644 [main] INFO  com.github.davidmoten.rx.RxUtil - 99
2021-02-14 22:09:37.645 [main] INFO  com.github.davidmoten.rx.RxUtil - 88
2021-02-14 22:09:37.662 [main] INFO  com.github.davidmoten.rx.RxUtil - 3
Column "NAMEZ" not found; SQL statement:
select namez from person where name=? [42122-192]
Column "NAMEZ" not found; SQL statement:
select namez from person where name=? [42122-192]
Tests run: 115, Failures: 0, Errors: 0, Skipped: 0, Time elapsed: 0.803 sec
Running com.github.davidmoten.rx.jdbc.ConnectionNonClosingTest
Tests run: 1, Failures: 0, Errors: 0, Skipped: 0, Time elapsed: 0.022 sec
Running com.github.davidmoten.rx.jdbc.UtilTest
Tests run: 60, Failures: 0, Errors: 0, Skipped: 0, Time elapsed: 0.044 sec
Running com.github.davidmoten.rx.jdbc.tuple.TuplesTest
Tests run: 1, Failures: 0, Errors: 0, Skipped: 0, Time elapsed: 0.001 sec
Running com.github.davidmoten.rx.jdbc.ConnectionProviderFromUrlTest
Tests run: 1, Failures: 0, Errors: 0, Skipped: 0, Time elapsed: 0.002 sec
Running com.github.davidmoten.rx.jdbc.DatabaseViaDataSourceTest
2021-02-14 22:09:38.054 [RxComputationScheduler-1] INFO  com.github.davidmoten.rx.RxUtil - 0
2021-02-14 22:09:38.055 [RxComputationScheduler-1] INFO  com.github.davidmoten.rx.RxUtil - 21
[FRED, JOSEPH, MARMADUKE]
2021-02-14 22:09:38.069 [main] INFO  com.zaxxer.hikari.HikariDataSource - HikariCP pool HikariPool-6 is starting.
2021-02-14 22:09:38.117 [main] INFO  com.github.davidmoten.rx.RxUtil - 21
2021-02-14 22:09:38.118 [main] INFO  com.github.davidmoten.rx.RxUtil - 34
2021-02-14 22:09:38.163 [main] INFO  com.github.davidmoten.rx.RxUtil - rx.internal.util.ScalarSynchronousObservable@ea9e141
2021-02-14 22:09:38.163 [main] INFO  com.github.davidmoten.rx.RxUtil - rx.internal.util.ScalarSynchronousObservable@ea9e141
2021-02-14 22:09:38.163 [main] INFO  com.github.davidmoten.rx.RxUtil - rx.Observable@1e54cb33
2021-02-14 22:09:38.164 [main] INFO  com.github.davidmoten.rx.RxUtil - rx.internal.util.ScalarSynchronousObservable@5c748168
2021-02-14 22:09:38.164 [main] INFO  com.github.davidmoten.rx.RxUtil - rx.internal.util.ScalarSynchronousObservable@5c748168
2021-02-14 22:09:38.166 [main] INFO  com.github.davidmoten.rx.RxUtil - rx.Observable@6441c486
2021-02-14 22:09:38.169 [main] INFO  com.github.davidmoten.rx.jdbc.DatabaseTestBase - committed 1
2021-02-14 22:09:38.169 [main] INFO  com.github.davidmoten.rx.jdbc.DatabaseTestBase - gets ok
2021-02-14 22:09:38.170 [main] INFO  com.github.davidmoten.rx.jdbc.DatabaseTestBase - closes ok
2021-02-14 22:09:38.179 [main] INFO  com.github.davidmoten.rx.RxUtil - 1
2021-02-14 22:09:38.180 [main] INFO  com.github.davidmoten.rx.RxUtil - 2
2021-02-14 22:09:38.181 [main] INFO  com.github.davidmoten.rx.RxUtil - 3
Syntax error in SQL statement "ZZZ[*] "; SQL statement:
zzz [42000-192]
Syntax error in SQL statement "ZZZ[*] "; SQL statement:
zzz [42000-192]
2021-02-14 22:09:38.291 [RxComputationScheduler-2] INFO  com.github.davidmoten.rx.RxUtil - 0
2021-02-14 22:09:38.292 [RxComputationScheduler-2] INFO  com.github.davidmoten.rx.RxUtil - 21
2021-02-14 22:09:38.296 [main] INFO  com.zaxxer.hikari.HikariDataSource - HikariCP pool HikariPool-7 is starting.
2021-02-14 22:09:38.304 [main] INFO  com.zaxxer.hikari.pool.HikariPool - HikariCP pool HikariPool-7 is shutting down.
2021-02-14 22:09:38.318 [main] INFO  com.github.davidmoten.rx.jdbc.DatabaseTestBase - committed 1
2021-02-14 22:09:38.318 [main] INFO  com.github.davidmoten.rx.jdbc.DatabaseTestBase - gets ok
2021-02-14 22:09:38.318 [main] INFO  com.github.davidmoten.rx.jdbc.DatabaseTestBase - closes ok
2021-02-14 22:09:38.319 [main] INFO  com.github.davidmoten.rx.RxUtil - rx.Observable@6972c30a
2021-02-14 22:09:38.320 [main] INFO  com.github.davidmoten.rx.RxUtil - rx.Observable@6972c30a
2021-02-14 22:09:38.320 [main] INFO  com.github.davidmoten.rx.RxUtil - rx.Observable@57a48985
2021-02-14 22:09:38.321 [main] INFO  com.github.davidmoten.rx.RxUtil - rx.Observable@460510aa
2021-02-14 22:09:38.321 [main] INFO  com.github.davidmoten.rx.RxUtil - rx.Observable@460510aa
2021-02-14 22:09:38.321 [main] INFO  com.github.davidmoten.rx.RxUtil - rx.Observable@351e414e
2021-02-14 22:09:38.345 [main] INFO  com.github.davidmoten.rx.RxUtil - 99
2021-02-14 22:09:38.346 [main] INFO  com.github.davidmoten.rx.RxUtil - 88
threads=[main]
2021-02-14 22:09:38.366 [main] INFO  com.zaxxer.hikari.HikariDataSource - HikariCP pool HikariPool-8 is starting.
[MARMADUKE, JOSEPH, MARMADUKE, JOSEPH, MARMADUKE, MARMADUKE, MARMADUKE, JOSEPH, MARMADUKE, JOSEPH, MARMADUKE, MARMADUKE]
2021-02-14 22:09:38.424 [main] INFO  com.github.davidmoten.rx.RxUtil - 99
2021-02-14 22:09:38.425 [main] INFO  com.github.davidmoten.rx.RxUtil - 88
2021-02-14 22:09:38.445 [main] INFO  com.github.davidmoten.rx.RxUtil - 3
Column "NAMEZ" not found; SQL statement:
select namez from person where name=? [42122-192]
Column "NAMEZ" not found; SQL statement:
select namez from person where name=? [42122-192]
Tests run: 115, Failures: 0, Errors: 0, Skipped: 0, Time elapsed: 0.71 sec
Running com.github.davidmoten.rx.RetryTest
Tests run: 1, Failures: 0, Errors: 0, Skipped: 0, Time elapsed: 0.003 sec
Running com.github.davidmoten.rx.DynamicProxyTest
Tests run: 2, Failures: 0, Errors: 0, Skipped: 0, Time elapsed: 0.005 sec

Results :

Tests run: 454, Failures: 0, Errors: 0, Skipped: 2

[INFO] ------------------------------------------------------------------------
[INFO] BUILD SUCCESS
[INFO] ------------------------------------------------------------------------
[INFO] Total time:  6.054 s
[INFO] Finished at: 2021-02-14T22:09:38Z
[INFO] ------------------------------------------------------------------------
