[INFO] Scanning for projects...
[INFO] Inspecting build with total of 1 modules...
[INFO] Installing Nexus Staging features:
[INFO]   ... total of 1 executions of maven-deploy-plugin replaced with nexus-staging-maven-plugin
[INFO] 
[INFO] -----------------< com.github.davidmoten:rxjava-jdbc >------------------
[INFO] Building rxjava-jdbc 0.7.18-SNAPSHOT
[INFO] --------------------------------[ jar ]---------------------------------
[INFO] 
[INFO] --- maven-resources-plugin:2.6:resources (default-resources) @ rxjava-jdbc ---
[INFO] Using 'UTF-8' encoding to copy filtered resources.
[INFO] skip non existing resourceDirectory /workdir/rxjava-jdbc/src/main/resources
[INFO] 
[INFO] --- maven-compiler-plugin:3.5.1:compile (default-compile) @ rxjava-jdbc ---
[INFO] Changes detected - recompiling the module!
[INFO] Compiling 52 source files to /workdir/rxjava-jdbc/target/classes
[INFO] /workdir/rxjava-jdbc/src/main/java/com/github/davidmoten/rx/RxUtil.java: Some input files use or override a deprecated API.
[INFO] /workdir/rxjava-jdbc/src/main/java/com/github/davidmoten/rx/RxUtil.java: Recompile with -Xlint:deprecation for details.
[INFO] 
[INFO] --- maven-resources-plugin:2.6:testResources (default-testResources) @ rxjava-jdbc ---
[INFO] Using 'UTF-8' encoding to copy filtered resources.
[INFO] Copying 4 resources
[INFO] 
[INFO] --- maven-compiler-plugin:3.5.1:testCompile (default-testCompile) @ rxjava-jdbc ---
[INFO] Nothing to compile - all classes are up to date
[INFO] 
[INFO] --- maven-surefire-plugin:2.12.4:test (default-test) @ rxjava-jdbc ---
[INFO] Surefire report directory: /workdir/rxjava-jdbc/target/surefire-reports

-------------------------------------------------------
 T E S T S
-------------------------------------------------------
Running com.github.davidmoten.rx.jdbc.FetchSizeTest
WARNING: An illegal reflective access operation has occurred
WARNING: Illegal reflective access by org.mockito.cglib.core.ReflectUtils$2 (file:/home/maven/.m2/repository/org/mockito/mockito-core/1.10.19/mockito-core-1.10.19.jar) to method java.lang.ClassLoader.defineClass(java.lang.String,byte[],int,int,java.security.ProtectionDomain)
WARNING: Please consider reporting this to the maintainers of org.mockito.cglib.core.ReflectUtils$2
WARNING: Use --illegal-access=warn to enable warnings of further illegal reflective access operations
WARNING: All illegal access operations will be denied in a future release
Tests run: 4, Failures: 0, Errors: 0, Skipped: 0, Time elapsed: 0.347 sec
Running com.github.davidmoten.rx.jdbc.ConnectionProviderAutoCommittingTest
Tests run: 1, Failures: 0, Errors: 0, Skipped: 0, Time elapsed: 0.013 sec
Running com.github.davidmoten.rx.jdbc.BatchingTest
Tests run: 4, Failures: 0, Errors: 0, Skipped: 0, Time elapsed: 0.173 sec
Running com.github.davidmoten.rx.jdbc.DatabaseExampleTest
FRED has score 21
JOE has score 34
Tests run: 5, Failures: 0, Errors: 0, Skipped: 1, Time elapsed: 0.034 sec
Running com.github.davidmoten.rx.jdbc.DatabaseDerbyTest
Tests run: 1, Failures: 0, Errors: 0, Skipped: 1, Time elapsed: 0 sec
Running com.github.davidmoten.rx.jdbc.TransactionOnNextOperatorTest
Tests run: 1, Failures: 0, Errors: 0, Skipped: 0, Time elapsed: 0.015 sec
Running com.github.davidmoten.rx.jdbc.DatabaseMasterDetailTest
MasterAndDetails [id=1, name=FRED, details=[Detail [id=10, description=a good fellow], Detail [id=11, description=rides his bike]]]
MasterAndDetails [id=2, name=JOHN, details=[Detail [id=20, description=a bit of a bore], Detail [id=21, description=is a good cook]]]
Tests run: 2, Failures: 0, Errors: 0, Skipped: 0, Time elapsed: 0.012 sec
Running com.github.davidmoten.rx.jdbc.NamedParametersTest
Tests run: 12, Failures: 0, Errors: 0, Skipped: 0, Time elapsed: 0.009 sec
Running com.github.davidmoten.rx.jdbc.DatabaseAsyncTest
2021-02-14 22:09:20.586 [RxComputationScheduler-3] INFO  com.github.davidmoten.rx.RxUtil - 0
2021-02-14 22:09:20.588 [RxIoScheduler-3] INFO  com.github.davidmoten.rx.RxUtil - 21
[FRED, JOSEPH, MARMADUKE]
2021-02-14 22:09:20.616 [main] INFO  com.zaxxer.hikari.HikariDataSource - HikariCP pool HikariPool-0 is starting.
2021-02-14 22:09:20.739 [RxIoScheduler-2] INFO  com.github.davidmoten.rx.RxUtil - 21
2021-02-14 22:09:20.743 [RxIoScheduler-4] INFO  com.github.davidmoten.rx.RxUtil - 34
2021-02-14 22:09:20.849 [main] INFO  com.github.davidmoten.rx.RxUtil - rx.internal.util.ScalarSynchronousObservable@495083a0
2021-02-14 22:09:20.850 [main] INFO  com.github.davidmoten.rx.RxUtil - rx.internal.util.ScalarSynchronousObservable@495083a0
2021-02-14 22:09:20.850 [main] INFO  com.github.davidmoten.rx.RxUtil - rx.Observable@5fd62371
2021-02-14 22:09:20.851 [main] INFO  com.github.davidmoten.rx.RxUtil - rx.internal.util.ScalarSynchronousObservable@66629f63
2021-02-14 22:09:20.851 [main] INFO  com.github.davidmoten.rx.RxUtil - rx.internal.util.ScalarSynchronousObservable@66629f63
2021-02-14 22:09:20.852 [main] INFO  com.github.davidmoten.rx.RxUtil - rx.Observable@841e575
2021-02-14 22:09:20.856 [main] INFO  com.github.davidmoten.rx.jdbc.DatabaseTestBase - committed 1
2021-02-14 22:09:20.857 [main] INFO  com.github.davidmoten.rx.jdbc.DatabaseTestBase - gets ok
2021-02-14 22:09:20.857 [main] INFO  com.github.davidmoten.rx.jdbc.DatabaseTestBase - closes ok
2021-02-14 22:09:20.882 [main] INFO  com.github.davidmoten.rx.RxUtil - 1
2021-02-14 22:09:20.883 [main] INFO  com.github.davidmoten.rx.RxUtil - 2
2021-02-14 22:09:20.883 [main] INFO  com.github.davidmoten.rx.RxUtil - 3
Syntax error in SQL statement "ZZZ[*] "; SQL statement:
zzz [42000-192]
Syntax error in SQL statement "ZZZ[*] "; SQL statement:
zzz [42000-192]
2021-02-14 22:09:21.001 [RxComputationScheduler-4] INFO  com.github.davidmoten.rx.RxUtil - 0
2021-02-14 22:09:21.005 [RxIoScheduler-4] INFO  com.github.davidmoten.rx.RxUtil - 21
2021-02-14 22:09:21.030 [main] INFO  com.zaxxer.hikari.HikariDataSource - HikariCP pool HikariPool-1 is starting.
2021-02-14 22:09:21.044 [main] INFO  com.zaxxer.hikari.pool.HikariPool - HikariCP pool HikariPool-1 is shutting down.
2021-02-14 22:09:21.091 [main] INFO  com.github.davidmoten.rx.jdbc.DatabaseTestBase - committed 1
2021-02-14 22:09:21.091 [main] INFO  com.github.davidmoten.rx.jdbc.DatabaseTestBase - gets ok
2021-02-14 22:09:21.091 [main] INFO  com.github.davidmoten.rx.jdbc.DatabaseTestBase - closes ok
2021-02-14 22:09:21.099 [main] INFO  com.github.davidmoten.rx.RxUtil - rx.Observable@1b0a7baf
2021-02-14 22:09:21.099 [main] INFO  com.github.davidmoten.rx.RxUtil - rx.Observable@1b0a7baf
2021-02-14 22:09:21.100 [main] INFO  com.github.davidmoten.rx.RxUtil - rx.Observable@62417a16
2021-02-14 22:09:21.119 [main] INFO  com.github.davidmoten.rx.RxUtil - rx.Observable@6ea1bcdc
2021-02-14 22:09:21.124 [main] INFO  com.github.davidmoten.rx.RxUtil - rx.Observable@6ea1bcdc
2021-02-14 22:09:21.125 [main] INFO  com.github.davidmoten.rx.RxUtil - rx.Observable@759fad4
2021-02-14 22:09:21.186 [main] INFO  com.github.davidmoten.rx.RxUtil - 99
2021-02-14 22:09:21.187 [main] INFO  com.github.davidmoten.rx.RxUtil - 88
threads=[main]
2021-02-14 22:09:21.218 [main] INFO  com.zaxxer.hikari.HikariDataSource - HikariCP pool HikariPool-2 is starting.
[MARMADUKE, JOSEPH, MARMADUKE, JOSEPH, MARMADUKE, MARMADUKE, MARMADUKE, JOSEPH, MARMADUKE, JOSEPH, MARMADUKE, MARMADUKE]
2021-02-14 22:09:21.280 [main] INFO  com.github.davidmoten.rx.RxUtil - 99
2021-02-14 22:09:21.281 [main] INFO  com.github.davidmoten.rx.RxUtil - 88
2021-02-14 22:09:21.320 [RxIoScheduler-2] INFO  com.github.davidmoten.rx.RxUtil - 3
Column "NAMEZ" not found; SQL statement:
select namez from person where name=? [42122-192]
Column "NAMEZ" not found; SQL statement:
select namez from person where name=? [42122-192]
Tests run: 116, Failures: 0, Errors: 0, Skipped: 0, Time elapsed: 1.28 sec
Running com.github.davidmoten.rx.jdbc.QueriesTest
Tests run: 1, Failures: 0, Errors: 0, Skipped: 0, Time elapsed: 0.001 sec
Running com.github.davidmoten.rx.jdbc.ConnectionDemoTest
Tests run: 1, Failures: 0, Errors: 0, Skipped: 0, Time elapsed: 0.002 sec
Running com.github.davidmoten.rx.jdbc.ExceptionsTest
FRED
Tests run: 2, Failures: 0, Errors: 0, Skipped: 0, Time elapsed: 0.004 sec
Running com.github.davidmoten.rx.jdbc.ColumnNotFoundTest
Tests run: 1, Failures: 0, Errors: 0, Skipped: 0, Time elapsed: 0.002 sec
Running com.github.davidmoten.rx.jdbc.ConditionsTest
Tests run: 7, Failures: 0, Errors: 0, Skipped: 0, Time elapsed: 0.001 sec
Running com.github.davidmoten.rx.jdbc.DatabaseSyncTest
2021-02-14 22:09:21.618 [RxComputationScheduler-2] INFO  com.github.davidmoten.rx.RxUtil - 0
2021-02-14 22:09:21.619 [RxComputationScheduler-2] INFO  com.github.davidmoten.rx.RxUtil - 21
[FRED, JOSEPH, MARMADUKE]
2021-02-14 22:09:21.641 [main] INFO  com.zaxxer.hikari.HikariDataSource - HikariCP pool HikariPool-3 is starting.
2021-02-14 22:09:21.705 [main] INFO  com.github.davidmoten.rx.RxUtil - 21
2021-02-14 22:09:21.706 [main] INFO  com.github.davidmoten.rx.RxUtil - 34
2021-02-14 22:09:21.767 [main] INFO  com.github.davidmoten.rx.RxUtil - rx.internal.util.ScalarSynchronousObservable@4287d447
2021-02-14 22:09:21.767 [main] INFO  com.github.davidmoten.rx.RxUtil - rx.internal.util.ScalarSynchronousObservable@4287d447
2021-02-14 22:09:21.767 [main] INFO  com.github.davidmoten.rx.RxUtil - rx.Observable@3af37506
2021-02-14 22:09:21.768 [main] INFO  com.github.davidmoten.rx.RxUtil - rx.internal.util.ScalarSynchronousObservable@d4602a
2021-02-14 22:09:21.769 [main] INFO  com.github.davidmoten.rx.RxUtil - rx.internal.util.ScalarSynchronousObservable@d4602a
2021-02-14 22:09:21.769 [main] INFO  com.github.davidmoten.rx.RxUtil - rx.Observable@21ae6e73
2021-02-14 22:09:21.772 [main] INFO  com.github.davidmoten.rx.jdbc.DatabaseTestBase - committed 1
2021-02-14 22:09:21.772 [main] INFO  com.github.davidmoten.rx.jdbc.DatabaseTestBase - gets ok
2021-02-14 22:09:21.773 [main] INFO  com.github.davidmoten.rx.jdbc.DatabaseTestBase - closes ok
2021-02-14 22:09:21.782 [main] INFO  com.github.davidmoten.rx.RxUtil - 1
2021-02-14 22:09:21.783 [main] INFO  com.github.davidmoten.rx.RxUtil - 2
2021-02-14 22:09:21.783 [main] INFO  com.github.davidmoten.rx.RxUtil - 3
Syntax error in SQL statement "ZZZ[*] "; SQL statement:
zzz [42000-192]
Syntax error in SQL statement "ZZZ[*] "; SQL statement:
zzz [42000-192]
2021-02-14 22:09:21.894 [RxComputationScheduler-3] INFO  com.github.davidmoten.rx.RxUtil - 0
2021-02-14 22:09:21.896 [RxComputationScheduler-3] INFO  com.github.davidmoten.rx.RxUtil - 21
2021-02-14 22:09:21.907 [main] INFO  com.zaxxer.hikari.HikariDataSource - HikariCP pool HikariPool-4 is starting.
2021-02-14 22:09:21.932 [main] INFO  com.zaxxer.hikari.pool.HikariPool - HikariCP pool HikariPool-4 is shutting down.
2021-02-14 22:09:21.950 [main] INFO  com.github.davidmoten.rx.jdbc.DatabaseTestBase - committed 1
2021-02-14 22:09:21.951 [main] INFO  com.github.davidmoten.rx.jdbc.DatabaseTestBase - gets ok
2021-02-14 22:09:21.951 [main] INFO  com.github.davidmoten.rx.jdbc.DatabaseTestBase - closes ok
2021-02-14 22:09:21.955 [main] INFO  com.github.davidmoten.rx.RxUtil - rx.Observable@7e0b9178
2021-02-14 22:09:21.956 [main] INFO  com.github.davidmoten.rx.RxUtil - rx.Observable@7e0b9178
2021-02-14 22:09:21.956 [main] INFO  com.github.davidmoten.rx.RxUtil - rx.Observable@61942c1
2021-02-14 22:09:21.960 [main] INFO  com.github.davidmoten.rx.RxUtil - rx.Observable@62a8fd44
2021-02-14 22:09:21.961 [main] INFO  com.github.davidmoten.rx.RxUtil - rx.Observable@62a8fd44
2021-02-14 22:09:21.961 [main] INFO  com.github.davidmoten.rx.RxUtil - rx.Observable@2e6ba49a
2021-02-14 22:09:22.027 [main] INFO  com.github.davidmoten.rx.RxUtil - 99
2021-02-14 22:09:22.031 [main] INFO  com.github.davidmoten.rx.RxUtil - 88
threads=[main]
2021-02-14 22:09:22.058 [main] INFO  com.zaxxer.hikari.HikariDataSource - HikariCP pool HikariPool-5 is starting.
[MARMADUKE, JOSEPH, MARMADUKE, JOSEPH, MARMADUKE, MARMADUKE, MARMADUKE, JOSEPH, MARMADUKE, JOSEPH, MARMADUKE, MARMADUKE]
2021-02-14 22:09:22.086 [main] INFO  com.github.davidmoten.rx.RxUtil - 99
2021-02-14 22:09:22.087 [main] INFO  com.github.davidmoten.rx.RxUtil - 88
2021-02-14 22:09:22.102 [main] INFO  com.github.davidmoten.rx.RxUtil - 3
Column "NAMEZ" not found; SQL statement:
select namez from person where name=? [42122-192]
Column "NAMEZ" not found; SQL statement:
select namez from person where name=? [42122-192]
Tests run: 115, Failures: 0, Errors: 0, Skipped: 0, Time elapsed: 0.757 sec
Running com.github.davidmoten.rx.jdbc.ConnectionNonClosingTest
Tests run: 1, Failures: 0, Errors: 0, Skipped: 0, Time elapsed: 0.009 sec
Running com.github.davidmoten.rx.jdbc.UtilTest
Tests run: 60, Failures: 0, Errors: 0, Skipped: 0, Time elapsed: 0.035 sec
Running com.github.davidmoten.rx.jdbc.tuple.TuplesTest
Tests run: 1, Failures: 0, Errors: 0, Skipped: 0, Time elapsed: 0.007 sec
Running com.github.davidmoten.rx.jdbc.ConnectionProviderFromUrlTest
Tests run: 1, Failures: 0, Errors: 0, Skipped: 0, Time elapsed: 0 sec
Running com.github.davidmoten.rx.jdbc.DatabaseViaDataSourceTest
2021-02-14 22:09:22.466 [RxComputationScheduler-1] INFO  com.github.davidmoten.rx.RxUtil - 0
2021-02-14 22:09:22.466 [RxComputationScheduler-1] INFO  com.github.davidmoten.rx.RxUtil - 21
[FRED, JOSEPH, MARMADUKE]
2021-02-14 22:09:22.484 [main] INFO  com.zaxxer.hikari.HikariDataSource - HikariCP pool HikariPool-6 is starting.
2021-02-14 22:09:22.522 [main] INFO  com.github.davidmoten.rx.RxUtil - 21
2021-02-14 22:09:22.523 [main] INFO  com.github.davidmoten.rx.RxUtil - 34
2021-02-14 22:09:22.568 [main] INFO  com.github.davidmoten.rx.RxUtil - rx.internal.util.ScalarSynchronousObservable@1237e0be
2021-02-14 22:09:22.568 [main] INFO  com.github.davidmoten.rx.RxUtil - rx.internal.util.ScalarSynchronousObservable@1237e0be
2021-02-14 22:09:22.569 [main] INFO  com.github.davidmoten.rx.RxUtil - rx.Observable@528f8f8b
2021-02-14 22:09:22.569 [main] INFO  com.github.davidmoten.rx.RxUtil - rx.internal.util.ScalarSynchronousObservable@33cbfa57
2021-02-14 22:09:22.569 [main] INFO  com.github.davidmoten.rx.RxUtil - rx.internal.util.ScalarSynchronousObservable@33cbfa57
2021-02-14 22:09:22.570 [main] INFO  com.github.davidmoten.rx.RxUtil - rx.Observable@1d96d872
2021-02-14 22:09:22.573 [main] INFO  com.github.davidmoten.rx.jdbc.DatabaseTestBase - committed 1
2021-02-14 22:09:22.574 [main] INFO  com.github.davidmoten.rx.jdbc.DatabaseTestBase - gets ok
2021-02-14 22:09:22.574 [main] INFO  com.github.davidmoten.rx.jdbc.DatabaseTestBase - closes ok
2021-02-14 22:09:22.585 [main] INFO  com.github.davidmoten.rx.RxUtil - 1
2021-02-14 22:09:22.586 [main] INFO  com.github.davidmoten.rx.RxUtil - 2
2021-02-14 22:09:22.586 [main] INFO  com.github.davidmoten.rx.RxUtil - 3
Syntax error in SQL statement "ZZZ[*] "; SQL statement:
zzz [42000-192]
Syntax error in SQL statement "ZZZ[*] "; SQL statement:
zzz [42000-192]
2021-02-14 22:09:22.697 [RxComputationScheduler-2] INFO  com.github.davidmoten.rx.RxUtil - 0
2021-02-14 22:09:22.698 [RxComputationScheduler-2] INFO  com.github.davidmoten.rx.RxUtil - 21
2021-02-14 22:09:22.701 [main] INFO  com.zaxxer.hikari.HikariDataSource - HikariCP pool HikariPool-7 is starting.
2021-02-14 22:09:22.704 [main] INFO  com.zaxxer.hikari.pool.HikariPool - HikariCP pool HikariPool-7 is shutting down.
2021-02-14 22:09:22.724 [main] INFO  com.github.davidmoten.rx.jdbc.DatabaseTestBase - committed 1
2021-02-14 22:09:22.725 [main] INFO  com.github.davidmoten.rx.jdbc.DatabaseTestBase - gets ok
2021-02-14 22:09:22.725 [main] INFO  com.github.davidmoten.rx.jdbc.DatabaseTestBase - closes ok
2021-02-14 22:09:22.726 [main] INFO  com.github.davidmoten.rx.RxUtil - rx.Observable@4eb30d44
2021-02-14 22:09:22.726 [main] INFO  com.github.davidmoten.rx.RxUtil - rx.Observable@4eb30d44
2021-02-14 22:09:22.726 [main] INFO  com.github.davidmoten.rx.RxUtil - rx.Observable@d56aaa6
2021-02-14 22:09:22.727 [main] INFO  com.github.davidmoten.rx.RxUtil - rx.Observable@1ab6718
2021-02-14 22:09:22.727 [main] INFO  com.github.davidmoten.rx.RxUtil - rx.Observable@1ab6718
2021-02-14 22:09:22.727 [main] INFO  com.github.davidmoten.rx.RxUtil - rx.Observable@3910fe11
2021-02-14 22:09:22.747 [main] INFO  com.github.davidmoten.rx.RxUtil - 99
2021-02-14 22:09:22.748 [main] INFO  com.github.davidmoten.rx.RxUtil - 88
threads=[main]
2021-02-14 22:09:22.769 [main] INFO  com.zaxxer.hikari.HikariDataSource - HikariCP pool HikariPool-8 is starting.
[MARMADUKE, JOSEPH, MARMADUKE, JOSEPH, MARMADUKE, MARMADUKE, MARMADUKE, JOSEPH, MARMADUKE, JOSEPH, MARMADUKE, MARMADUKE]
2021-02-14 22:09:22.796 [main] INFO  com.github.davidmoten.rx.RxUtil - 99
2021-02-14 22:09:22.797 [main] INFO  com.github.davidmoten.rx.RxUtil - 88
2021-02-14 22:09:22.813 [main] INFO  com.github.davidmoten.rx.RxUtil - 3
Column "NAMEZ" not found; SQL statement:
select namez from person where name=? [42122-192]
Column "NAMEZ" not found; SQL statement:
select namez from person where name=? [42122-192]
Tests run: 115, Failures: 0, Errors: 0, Skipped: 0, Time elapsed: 0.654 sec
Running com.github.davidmoten.rx.RetryTest
Tests run: 1, Failures: 0, Errors: 0, Skipped: 0, Time elapsed: 0.006 sec
Running com.github.davidmoten.rx.DynamicProxyTest
Tests run: 2, Failures: 0, Errors: 0, Skipped: 0, Time elapsed: 0.003 sec

Results :

Tests run: 454, Failures: 0, Errors: 0, Skipped: 2

[INFO] ------------------------------------------------------------------------
[INFO] BUILD SUCCESS
[INFO] ------------------------------------------------------------------------
[INFO] Total time:  5.963 s
[INFO] Finished at: 2021-02-14T22:09:22Z
[INFO] ------------------------------------------------------------------------
