[INFO] Scanning for projects...
[INFO] Inspecting build with total of 1 modules...
[INFO] Installing Nexus Staging features:
[INFO]   ... total of 1 executions of maven-deploy-plugin replaced with nexus-staging-maven-plugin
[INFO] 
[INFO] -----------------< com.github.davidmoten:rxjava-jdbc >------------------
[INFO] Building rxjava-jdbc 0.7.18-SNAPSHOT
[INFO] --------------------------------[ jar ]---------------------------------
[INFO] 
[INFO] --- maven-resources-plugin:2.6:resources (default-resources) @ rxjava-jdbc ---
[INFO] Using 'UTF-8' encoding to copy filtered resources.
[INFO] skip non existing resourceDirectory /workdir/rxjava-jdbc/src/main/resources
[INFO] 
[INFO] --- maven-compiler-plugin:3.5.1:compile (default-compile) @ rxjava-jdbc ---
[INFO] Changes detected - recompiling the module!
[INFO] Compiling 52 source files to /workdir/rxjava-jdbc/target/classes
[INFO] /workdir/rxjava-jdbc/src/main/java/com/github/davidmoten/rx/RxUtil.java: Some input files use or override a deprecated API.
[INFO] /workdir/rxjava-jdbc/src/main/java/com/github/davidmoten/rx/RxUtil.java: Recompile with -Xlint:deprecation for details.
[INFO] 
[INFO] --- maven-resources-plugin:2.6:testResources (default-testResources) @ rxjava-jdbc ---
[INFO] Using 'UTF-8' encoding to copy filtered resources.
[INFO] Copying 4 resources
[INFO] 
[INFO] --- maven-compiler-plugin:3.5.1:testCompile (default-testCompile) @ rxjava-jdbc ---
[INFO] Changes detected - recompiling the module!
[INFO] Compiling 27 source files to /workdir/rxjava-jdbc/target/test-classes
[INFO] /workdir/rxjava-jdbc/src/test/java/com/github/davidmoten/rx/RetryTest.java: /workdir/rxjava-jdbc/src/test/java/com/github/davidmoten/rx/RetryTest.java uses or overrides a deprecated API.
[INFO] /workdir/rxjava-jdbc/src/test/java/com/github/davidmoten/rx/RetryTest.java: Recompile with -Xlint:deprecation for details.
[INFO] /workdir/rxjava-jdbc/src/test/java/com/github/davidmoten/rx/jdbc/DatabaseTestBase.java: /workdir/rxjava-jdbc/src/test/java/com/github/davidmoten/rx/jdbc/DatabaseTestBase.java uses unchecked or unsafe operations.
[INFO] /workdir/rxjava-jdbc/src/test/java/com/github/davidmoten/rx/jdbc/DatabaseTestBase.java: Recompile with -Xlint:unchecked for details.
[INFO] 
[INFO] --- maven-surefire-plugin:2.12.4:test (default-test) @ rxjava-jdbc ---
[INFO] Surefire report directory: /workdir/rxjava-jdbc/target/surefire-reports

-------------------------------------------------------
 T E S T S
-------------------------------------------------------
Running com.github.davidmoten.rx.jdbc.FetchSizeTest
WARNING: An illegal reflective access operation has occurred
WARNING: Illegal reflective access by org.mockito.cglib.core.ReflectUtils$2 (file:/home/maven/.m2/repository/org/mockito/mockito-core/1.10.19/mockito-core-1.10.19.jar) to method java.lang.ClassLoader.defineClass(java.lang.String,byte[],int,int,java.security.ProtectionDomain)
WARNING: Please consider reporting this to the maintainers of org.mockito.cglib.core.ReflectUtils$2
WARNING: Use --illegal-access=warn to enable warnings of further illegal reflective access operations
WARNING: All illegal access operations will be denied in a future release
Tests run: 4, Failures: 0, Errors: 0, Skipped: 0, Time elapsed: 0.393 sec
Running com.github.davidmoten.rx.jdbc.ConnectionProviderAutoCommittingTest
Tests run: 1, Failures: 0, Errors: 0, Skipped: 0, Time elapsed: 0.01 sec
Running com.github.davidmoten.rx.jdbc.BatchingTest
Tests run: 4, Failures: 0, Errors: 0, Skipped: 0, Time elapsed: 0.27 sec
Running com.github.davidmoten.rx.jdbc.DatabaseExampleTest
FRED has score 21
JOE has score 34
Tests run: 5, Failures: 0, Errors: 0, Skipped: 1, Time elapsed: 0.033 sec
Running com.github.davidmoten.rx.jdbc.DatabaseDerbyTest
Tests run: 1, Failures: 0, Errors: 0, Skipped: 1, Time elapsed: 0 sec
Running com.github.davidmoten.rx.jdbc.TransactionOnNextOperatorTest
Tests run: 1, Failures: 0, Errors: 0, Skipped: 0, Time elapsed: 0.014 sec
Running com.github.davidmoten.rx.jdbc.DatabaseMasterDetailTest
MasterAndDetails [id=1, name=FRED, details=[Detail [id=10, description=a good fellow], Detail [id=11, description=rides his bike]]]
MasterAndDetails [id=2, name=JOHN, details=[Detail [id=20, description=a bit of a bore], Detail [id=21, description=is a good cook]]]
Tests run: 2, Failures: 0, Errors: 0, Skipped: 0, Time elapsed: 0.008 sec
Running com.github.davidmoten.rx.jdbc.NamedParametersTest
Tests run: 12, Failures: 0, Errors: 0, Skipped: 0, Time elapsed: 0.011 sec
Running com.github.davidmoten.rx.jdbc.DatabaseAsyncTest
2021-02-14 22:07:39.652 [RxComputationScheduler-3] INFO  com.github.davidmoten.rx.RxUtil - 0
2021-02-14 22:07:39.655 [RxIoScheduler-2] INFO  com.github.davidmoten.rx.RxUtil - 21
[FRED, JOSEPH, MARMADUKE]
2021-02-14 22:07:39.705 [main] INFO  com.zaxxer.hikari.HikariDataSource - HikariCP pool HikariPool-0 is starting.
2021-02-14 22:07:39.875 [RxIoScheduler-2] INFO  com.github.davidmoten.rx.RxUtil - 21
2021-02-14 22:07:39.876 [RxIoScheduler-3] INFO  com.github.davidmoten.rx.RxUtil - 34
2021-02-14 22:07:39.977 [main] INFO  com.github.davidmoten.rx.RxUtil - rx.internal.util.ScalarSynchronousObservable@5f59185e
2021-02-14 22:07:39.977 [main] INFO  com.github.davidmoten.rx.RxUtil - rx.internal.util.ScalarSynchronousObservable@5f59185e
2021-02-14 22:07:39.978 [main] INFO  com.github.davidmoten.rx.RxUtil - rx.Observable@60bdf15d
2021-02-14 22:07:39.979 [main] INFO  com.github.davidmoten.rx.RxUtil - rx.internal.util.ScalarSynchronousObservable@46e8a539
2021-02-14 22:07:39.979 [main] INFO  com.github.davidmoten.rx.RxUtil - rx.internal.util.ScalarSynchronousObservable@46e8a539
2021-02-14 22:07:39.979 [main] INFO  com.github.davidmoten.rx.RxUtil - rx.Observable@495083a0
2021-02-14 22:07:39.983 [main] INFO  com.github.davidmoten.rx.jdbc.DatabaseTestBase - committed 1
2021-02-14 22:07:39.983 [main] INFO  com.github.davidmoten.rx.jdbc.DatabaseTestBase - gets ok
2021-02-14 22:07:39.983 [main] INFO  com.github.davidmoten.rx.jdbc.DatabaseTestBase - closes ok
2021-02-14 22:07:40.001 [main] INFO  com.github.davidmoten.rx.RxUtil - 1
2021-02-14 22:07:40.002 [main] INFO  com.github.davidmoten.rx.RxUtil - 2
2021-02-14 22:07:40.002 [main] INFO  com.github.davidmoten.rx.RxUtil - 3
Syntax error in SQL statement "ZZZ[*] "; SQL statement:
zzz [42000-192]
Syntax error in SQL statement "ZZZ[*] "; SQL statement:
zzz [42000-192]
2021-02-14 22:07:40.127 [RxComputationScheduler-4] INFO  com.github.davidmoten.rx.RxUtil - 0
2021-02-14 22:07:40.131 [RxIoScheduler-3] INFO  com.github.davidmoten.rx.RxUtil - 21
2021-02-14 22:07:40.148 [main] INFO  com.zaxxer.hikari.HikariDataSource - HikariCP pool HikariPool-1 is starting.
2021-02-14 22:07:40.160 [main] INFO  com.zaxxer.hikari.pool.HikariPool - HikariCP pool HikariPool-1 is shutting down.
2021-02-14 22:07:40.201 [main] INFO  com.github.davidmoten.rx.jdbc.DatabaseTestBase - committed 1
2021-02-14 22:07:40.201 [main] INFO  com.github.davidmoten.rx.jdbc.DatabaseTestBase - gets ok
2021-02-14 22:07:40.202 [main] INFO  com.github.davidmoten.rx.jdbc.DatabaseTestBase - closes ok
2021-02-14 22:07:40.215 [main] INFO  com.github.davidmoten.rx.RxUtil - rx.Observable@21694e53
2021-02-14 22:07:40.216 [main] INFO  com.github.davidmoten.rx.RxUtil - rx.Observable@21694e53
2021-02-14 22:07:40.217 [main] INFO  com.github.davidmoten.rx.RxUtil - rx.Observable@72b16078
2021-02-14 22:07:40.221 [main] INFO  com.github.davidmoten.rx.RxUtil - rx.Observable@1b0a7baf
2021-02-14 22:07:40.222 [main] INFO  com.github.davidmoten.rx.RxUtil - rx.Observable@1b0a7baf
2021-02-14 22:07:40.222 [main] INFO  com.github.davidmoten.rx.RxUtil - rx.Observable@62417a16
2021-02-14 22:07:40.305 [main] INFO  com.github.davidmoten.rx.RxUtil - 99
2021-02-14 22:07:40.306 [main] INFO  com.github.davidmoten.rx.RxUtil - 88
threads=[main]
2021-02-14 22:07:40.344 [main] INFO  com.zaxxer.hikari.HikariDataSource - HikariCP pool HikariPool-2 is starting.
[MARMADUKE, JOSEPH, MARMADUKE, JOSEPH, MARMADUKE, MARMADUKE, MARMADUKE, JOSEPH, MARMADUKE, JOSEPH, MARMADUKE, MARMADUKE]
2021-02-14 22:07:40.422 [main] INFO  com.github.davidmoten.rx.RxUtil - 99
2021-02-14 22:07:40.423 [main] INFO  com.github.davidmoten.rx.RxUtil - 88
2021-02-14 22:07:40.458 [RxIoScheduler-5] INFO  com.github.davidmoten.rx.RxUtil - 3
Column "NAMEZ" not found; SQL statement:
select namez from person where name=? [42122-192]
Column "NAMEZ" not found; SQL statement:
select namez from person where name=? [42122-192]
Tests run: 116, Failures: 0, Errors: 0, Skipped: 0, Time elapsed: 1.343 sec
Running com.github.davidmoten.rx.jdbc.QueriesTest
Tests run: 1, Failures: 0, Errors: 0, Skipped: 0, Time elapsed: 0.001 sec
Running com.github.davidmoten.rx.jdbc.ConnectionDemoTest
Tests run: 1, Failures: 0, Errors: 0, Skipped: 0, Time elapsed: 0.003 sec
Running com.github.davidmoten.rx.jdbc.ExceptionsTest
FRED
Tests run: 2, Failures: 0, Errors: 0, Skipped: 0, Time elapsed: 0.003 sec
Running com.github.davidmoten.rx.jdbc.ColumnNotFoundTest
Tests run: 1, Failures: 0, Errors: 0, Skipped: 0, Time elapsed: 0.007 sec
Running com.github.davidmoten.rx.jdbc.ConditionsTest
Tests run: 7, Failures: 0, Errors: 0, Skipped: 0, Time elapsed: 0.001 sec
Running com.github.davidmoten.rx.jdbc.DatabaseSyncTest
2021-02-14 22:07:40.759 [RxComputationScheduler-2] INFO  com.github.davidmoten.rx.RxUtil - 0
2021-02-14 22:07:40.761 [RxComputationScheduler-2] INFO  com.github.davidmoten.rx.RxUtil - 21
[FRED, JOSEPH, MARMADUKE]
2021-02-14 22:07:40.816 [main] INFO  com.zaxxer.hikari.HikariDataSource - HikariCP pool HikariPool-3 is starting.
2021-02-14 22:07:40.898 [main] INFO  com.github.davidmoten.rx.RxUtil - 21
2021-02-14 22:07:40.899 [main] INFO  com.github.davidmoten.rx.RxUtil - 34
2021-02-14 22:07:40.939 [main] INFO  com.github.davidmoten.rx.RxUtil - rx.internal.util.ScalarSynchronousObservable@21ae6e73
2021-02-14 22:07:40.939 [main] INFO  com.github.davidmoten.rx.RxUtil - rx.internal.util.ScalarSynchronousObservable@21ae6e73
2021-02-14 22:07:40.940 [main] INFO  com.github.davidmoten.rx.RxUtil - rx.Observable@47dd778
2021-02-14 22:07:40.940 [main] INFO  com.github.davidmoten.rx.RxUtil - rx.internal.util.ScalarSynchronousObservable@64a896b0
2021-02-14 22:07:40.941 [main] INFO  com.github.davidmoten.rx.RxUtil - rx.internal.util.ScalarSynchronousObservable@64a896b0
2021-02-14 22:07:40.941 [main] INFO  com.github.davidmoten.rx.RxUtil - rx.Observable@e044b4a
2021-02-14 22:07:40.944 [main] INFO  com.github.davidmoten.rx.jdbc.DatabaseTestBase - committed 1
2021-02-14 22:07:40.944 [main] INFO  com.github.davidmoten.rx.jdbc.DatabaseTestBase - gets ok
2021-02-14 22:07:40.944 [main] INFO  com.github.davidmoten.rx.jdbc.DatabaseTestBase - closes ok
2021-02-14 22:07:40.953 [main] INFO  com.github.davidmoten.rx.RxUtil - 1
2021-02-14 22:07:40.953 [main] INFO  com.github.davidmoten.rx.RxUtil - 2
2021-02-14 22:07:40.954 [main] INFO  com.github.davidmoten.rx.RxUtil - 3
Syntax error in SQL statement "ZZZ[*] "; SQL statement:
zzz [42000-192]
Syntax error in SQL statement "ZZZ[*] "; SQL statement:
zzz [42000-192]
2021-02-14 22:07:41.068 [RxComputationScheduler-3] INFO  com.github.davidmoten.rx.RxUtil - 0
2021-02-14 22:07:41.069 [RxComputationScheduler-3] INFO  com.github.davidmoten.rx.RxUtil - 21
2021-02-14 22:07:41.078 [main] INFO  com.zaxxer.hikari.HikariDataSource - HikariCP pool HikariPool-4 is starting.
2021-02-14 22:07:41.081 [main] INFO  com.zaxxer.hikari.pool.HikariPool - HikariCP pool HikariPool-4 is shutting down.
2021-02-14 22:07:41.088 [main] INFO  com.github.davidmoten.rx.jdbc.DatabaseTestBase - committed 1
2021-02-14 22:07:41.088 [main] INFO  com.github.davidmoten.rx.jdbc.DatabaseTestBase - gets ok
2021-02-14 22:07:41.088 [main] INFO  com.github.davidmoten.rx.jdbc.DatabaseTestBase - closes ok
2021-02-14 22:07:41.090 [main] INFO  com.github.davidmoten.rx.RxUtil - rx.Observable@2e6ba49a
2021-02-14 22:07:41.090 [main] INFO  com.github.davidmoten.rx.RxUtil - rx.Observable@2e6ba49a
2021-02-14 22:07:41.090 [main] INFO  com.github.davidmoten.rx.RxUtil - rx.Observable@5f5b5ca4
2021-02-14 22:07:41.096 [main] INFO  com.github.davidmoten.rx.RxUtil - rx.Observable@18388a3c
2021-02-14 22:07:41.097 [main] INFO  com.github.davidmoten.rx.RxUtil - rx.Observable@18388a3c
2021-02-14 22:07:41.098 [main] INFO  com.github.davidmoten.rx.RxUtil - rx.Observable@1d035be3
2021-02-14 22:07:41.152 [main] INFO  com.github.davidmoten.rx.RxUtil - 99
2021-02-14 22:07:41.153 [main] INFO  com.github.davidmoten.rx.RxUtil - 88
threads=[main]
2021-02-14 22:07:41.186 [main] INFO  com.zaxxer.hikari.HikariDataSource - HikariCP pool HikariPool-5 is starting.
[MARMADUKE, JOSEPH, MARMADUKE, JOSEPH, MARMADUKE, MARMADUKE, MARMADUKE, JOSEPH, MARMADUKE, JOSEPH, MARMADUKE, MARMADUKE]
2021-02-14 22:07:41.225 [main] INFO  com.github.davidmoten.rx.RxUtil - 99
2021-02-14 22:07:41.226 [main] INFO  com.github.davidmoten.rx.RxUtil - 88
2021-02-14 22:07:41.243 [main] INFO  com.github.davidmoten.rx.RxUtil - 3
Column "NAMEZ" not found; SQL statement:
select namez from person where name=? [42122-192]
Column "NAMEZ" not found; SQL statement:
select namez from person where name=? [42122-192]
Tests run: 115, Failures: 0, Errors: 0, Skipped: 0, Time elapsed: 0.758 sec
Running com.github.davidmoten.rx.jdbc.ConnectionNonClosingTest
Tests run: 1, Failures: 0, Errors: 0, Skipped: 0, Time elapsed: 0.008 sec
Running com.github.davidmoten.rx.jdbc.UtilTest
Tests run: 60, Failures: 0, Errors: 0, Skipped: 0, Time elapsed: 0.032 sec
Running com.github.davidmoten.rx.jdbc.tuple.TuplesTest
Tests run: 1, Failures: 0, Errors: 0, Skipped: 0, Time elapsed: 0.005 sec
Running com.github.davidmoten.rx.jdbc.ConnectionProviderFromUrlTest
Tests run: 1, Failures: 0, Errors: 0, Skipped: 0, Time elapsed: 0.001 sec
Running com.github.davidmoten.rx.jdbc.DatabaseViaDataSourceTest
2021-02-14 22:07:41.599 [RxComputationScheduler-1] INFO  com.github.davidmoten.rx.RxUtil - 0
2021-02-14 22:07:41.600 [RxComputationScheduler-1] INFO  com.github.davidmoten.rx.RxUtil - 21
[FRED, JOSEPH, MARMADUKE]
2021-02-14 22:07:41.611 [main] INFO  com.zaxxer.hikari.HikariDataSource - HikariCP pool HikariPool-6 is starting.
2021-02-14 22:07:41.643 [main] INFO  com.github.davidmoten.rx.RxUtil - 21
2021-02-14 22:07:41.644 [main] INFO  com.github.davidmoten.rx.RxUtil - 34
2021-02-14 22:07:41.681 [main] INFO  com.github.davidmoten.rx.RxUtil - rx.internal.util.ScalarSynchronousObservable@1d96d872
2021-02-14 22:07:41.681 [main] INFO  com.github.davidmoten.rx.RxUtil - rx.internal.util.ScalarSynchronousObservable@1d96d872
2021-02-14 22:07:41.681 [main] INFO  com.github.davidmoten.rx.RxUtil - rx.Observable@5c748168
2021-02-14 22:07:41.684 [main] INFO  com.github.davidmoten.rx.RxUtil - rx.internal.util.ScalarSynchronousObservable@234a8f27
2021-02-14 22:07:41.684 [main] INFO  com.github.davidmoten.rx.RxUtil - rx.internal.util.ScalarSynchronousObservable@234a8f27
2021-02-14 22:07:41.684 [main] INFO  com.github.davidmoten.rx.RxUtil - rx.Observable@5b4d25e7
2021-02-14 22:07:41.687 [main] INFO  com.github.davidmoten.rx.jdbc.DatabaseTestBase - committed 1
2021-02-14 22:07:41.687 [main] INFO  com.github.davidmoten.rx.jdbc.DatabaseTestBase - gets ok
2021-02-14 22:07:41.687 [main] INFO  com.github.davidmoten.rx.jdbc.DatabaseTestBase - closes ok
2021-02-14 22:07:41.700 [main] INFO  com.github.davidmoten.rx.RxUtil - 1
2021-02-14 22:07:41.700 [main] INFO  com.github.davidmoten.rx.RxUtil - 2
2021-02-14 22:07:41.701 [main] INFO  com.github.davidmoten.rx.RxUtil - 3
Syntax error in SQL statement "ZZZ[*] "; SQL statement:
zzz [42000-192]
Syntax error in SQL statement "ZZZ[*] "; SQL statement:
zzz [42000-192]
2021-02-14 22:07:41.824 [RxComputationScheduler-2] INFO  com.github.davidmoten.rx.RxUtil - 0
2021-02-14 22:07:41.825 [RxComputationScheduler-2] INFO  com.github.davidmoten.rx.RxUtil - 21
2021-02-14 22:07:41.828 [main] INFO  com.zaxxer.hikari.HikariDataSource - HikariCP pool HikariPool-7 is starting.
2021-02-14 22:07:41.836 [main] INFO  com.zaxxer.hikari.pool.HikariPool - HikariCP pool HikariPool-7 is shutting down.
2021-02-14 22:07:41.848 [main] INFO  com.github.davidmoten.rx.jdbc.DatabaseTestBase - committed 1
2021-02-14 22:07:41.849 [main] INFO  com.github.davidmoten.rx.jdbc.DatabaseTestBase - gets ok
2021-02-14 22:07:41.849 [main] INFO  com.github.davidmoten.rx.jdbc.DatabaseTestBase - closes ok
2021-02-14 22:07:41.850 [main] INFO  com.github.davidmoten.rx.RxUtil - rx.Observable@3910fe11
2021-02-14 22:07:41.850 [main] INFO  com.github.davidmoten.rx.RxUtil - rx.Observable@3910fe11
2021-02-14 22:07:41.850 [main] INFO  com.github.davidmoten.rx.RxUtil - rx.Observable@460510aa
2021-02-14 22:07:41.851 [main] INFO  com.github.davidmoten.rx.RxUtil - rx.Observable@5109e8cf
2021-02-14 22:07:41.852 [main] INFO  com.github.davidmoten.rx.RxUtil - rx.Observable@5109e8cf
2021-02-14 22:07:41.852 [main] INFO  com.github.davidmoten.rx.RxUtil - rx.Observable@3f672204
2021-02-14 22:07:41.876 [main] INFO  com.github.davidmoten.rx.RxUtil - 99
2021-02-14 22:07:41.877 [main] INFO  com.github.davidmoten.rx.RxUtil - 88
threads=[main]
2021-02-14 22:07:41.896 [main] INFO  com.zaxxer.hikari.HikariDataSource - HikariCP pool HikariPool-8 is starting.
[MARMADUKE, JOSEPH, MARMADUKE, JOSEPH, MARMADUKE, MARMADUKE, MARMADUKE, JOSEPH, MARMADUKE, JOSEPH, MARMADUKE, MARMADUKE]
2021-02-14 22:07:41.956 [main] INFO  com.github.davidmoten.rx.RxUtil - 99
2021-02-14 22:07:41.957 [main] INFO  com.github.davidmoten.rx.RxUtil - 88
2021-02-14 22:07:41.979 [main] INFO  com.github.davidmoten.rx.RxUtil - 3
Column "NAMEZ" not found; SQL statement:
select namez from person where name=? [42122-192]
Column "NAMEZ" not found; SQL statement:
select namez from person where name=? [42122-192]
Tests run: 115, Failures: 0, Errors: 0, Skipped: 0, Time elapsed: 0.688 sec
Running com.github.davidmoten.rx.RetryTest
Tests run: 1, Failures: 0, Errors: 0, Skipped: 0, Time elapsed: 0.003 sec
Running com.github.davidmoten.rx.DynamicProxyTest
Tests run: 2, Failures: 0, Errors: 0, Skipped: 0, Time elapsed: 0.002 sec

Results :

Tests run: 454, Failures: 0, Errors: 0, Skipped: 2

[INFO] ------------------------------------------------------------------------
[INFO] BUILD SUCCESS
[INFO] ------------------------------------------------------------------------
[INFO] Total time:  7.993 s
[INFO] Finished at: 2021-02-14T22:07:42Z
[INFO] ------------------------------------------------------------------------
