[INFO] Scanning for projects...
[INFO] Inspecting build with total of 1 modules...
[INFO] Installing Nexus Staging features:
[INFO]   ... total of 1 executions of maven-deploy-plugin replaced with nexus-staging-maven-plugin
[INFO] 
[INFO] -----------------< com.github.davidmoten:rxjava-jdbc >------------------
[INFO] Building rxjava-jdbc 0.7.18-SNAPSHOT
[INFO] --------------------------------[ jar ]---------------------------------
[INFO] 
[INFO] --- maven-resources-plugin:2.6:resources (default-resources) @ rxjava-jdbc ---
[INFO] Using 'UTF-8' encoding to copy filtered resources.
[INFO] skip non existing resourceDirectory /workdir/rxjava-jdbc/src/main/resources
[INFO] 
[INFO] --- maven-compiler-plugin:3.5.1:compile (default-compile) @ rxjava-jdbc ---
[INFO] Changes detected - recompiling the module!
[INFO] Compiling 52 source files to /workdir/rxjava-jdbc/target/classes
[INFO] /workdir/rxjava-jdbc/src/main/java/com/github/davidmoten/rx/RxUtil.java: Some input files use or override a deprecated API.
[INFO] /workdir/rxjava-jdbc/src/main/java/com/github/davidmoten/rx/RxUtil.java: Recompile with -Xlint:deprecation for details.
[INFO] 
[INFO] --- maven-resources-plugin:2.6:testResources (default-testResources) @ rxjava-jdbc ---
[INFO] Using 'UTF-8' encoding to copy filtered resources.
[INFO] Copying 4 resources
[INFO] 
[INFO] --- maven-compiler-plugin:3.5.1:testCompile (default-testCompile) @ rxjava-jdbc ---
[INFO] Nothing to compile - all classes are up to date
[INFO] 
[INFO] --- maven-surefire-plugin:2.12.4:test (default-test) @ rxjava-jdbc ---
[INFO] Surefire report directory: /workdir/rxjava-jdbc/target/surefire-reports

-------------------------------------------------------
 T E S T S
-------------------------------------------------------
Running com.github.davidmoten.rx.jdbc.FetchSizeTest
WARNING: An illegal reflective access operation has occurred
WARNING: Illegal reflective access by org.mockito.cglib.core.ReflectUtils$2 (file:/home/maven/.m2/repository/org/mockito/mockito-core/1.10.19/mockito-core-1.10.19.jar) to method java.lang.ClassLoader.defineClass(java.lang.String,byte[],int,int,java.security.ProtectionDomain)
WARNING: Please consider reporting this to the maintainers of org.mockito.cglib.core.ReflectUtils$2
WARNING: Use --illegal-access=warn to enable warnings of further illegal reflective access operations
WARNING: All illegal access operations will be denied in a future release
Tests run: 4, Failures: 0, Errors: 0, Skipped: 0, Time elapsed: 0.348 sec
Running com.github.davidmoten.rx.jdbc.ConnectionProviderAutoCommittingTest
Tests run: 1, Failures: 0, Errors: 0, Skipped: 0, Time elapsed: 0.005 sec
Running com.github.davidmoten.rx.jdbc.BatchingTest
Tests run: 4, Failures: 0, Errors: 0, Skipped: 0, Time elapsed: 0.183 sec
Running com.github.davidmoten.rx.jdbc.DatabaseExampleTest
FRED has score 21
JOE has score 34
Tests run: 5, Failures: 0, Errors: 0, Skipped: 1, Time elapsed: 0.033 sec
Running com.github.davidmoten.rx.jdbc.DatabaseDerbyTest
Tests run: 1, Failures: 0, Errors: 0, Skipped: 1, Time elapsed: 0 sec
Running com.github.davidmoten.rx.jdbc.TransactionOnNextOperatorTest
Tests run: 1, Failures: 0, Errors: 0, Skipped: 0, Time elapsed: 0.01 sec
Running com.github.davidmoten.rx.jdbc.DatabaseMasterDetailTest
MasterAndDetails [id=1, name=FRED, details=[Detail [id=10, description=a good fellow], Detail [id=11, description=rides his bike]]]
MasterAndDetails [id=2, name=JOHN, details=[Detail [id=20, description=a bit of a bore], Detail [id=21, description=is a good cook]]]
Tests run: 2, Failures: 0, Errors: 0, Skipped: 0, Time elapsed: 0.017 sec
Running com.github.davidmoten.rx.jdbc.NamedParametersTest
Tests run: 12, Failures: 0, Errors: 0, Skipped: 0, Time elapsed: 0.008 sec
Running com.github.davidmoten.rx.jdbc.DatabaseAsyncTest
2021-02-14 22:08:29.082 [RxComputationScheduler-3] INFO  com.github.davidmoten.rx.RxUtil - 0
2021-02-14 22:08:29.085 [RxIoScheduler-2] INFO  com.github.davidmoten.rx.RxUtil - 21
[FRED, JOSEPH, MARMADUKE]
2021-02-14 22:08:29.120 [main] INFO  com.zaxxer.hikari.HikariDataSource - HikariCP pool HikariPool-0 is starting.
2021-02-14 22:08:29.268 [RxIoScheduler-2] INFO  com.github.davidmoten.rx.RxUtil - 21
2021-02-14 22:08:29.271 [RxIoScheduler-4] INFO  com.github.davidmoten.rx.RxUtil - 34
2021-02-14 22:08:29.389 [main] INFO  com.github.davidmoten.rx.RxUtil - rx.internal.util.ScalarSynchronousObservable@47da3952
2021-02-14 22:08:29.389 [main] INFO  com.github.davidmoten.rx.RxUtil - rx.internal.util.ScalarSynchronousObservable@47da3952
2021-02-14 22:08:29.389 [main] INFO  com.github.davidmoten.rx.RxUtil - rx.Observable@51e4ccb3
2021-02-14 22:08:29.390 [main] INFO  com.github.davidmoten.rx.RxUtil - rx.internal.util.ScalarSynchronousObservable@5fd62371
2021-02-14 22:08:29.390 [main] INFO  com.github.davidmoten.rx.RxUtil - rx.internal.util.ScalarSynchronousObservable@5fd62371
2021-02-14 22:08:29.391 [main] INFO  com.github.davidmoten.rx.RxUtil - rx.Observable@28a0fd6c
2021-02-14 22:08:29.395 [main] INFO  com.github.davidmoten.rx.jdbc.DatabaseTestBase - committed 1
2021-02-14 22:08:29.395 [main] INFO  com.github.davidmoten.rx.jdbc.DatabaseTestBase - gets ok
2021-02-14 22:08:29.395 [main] INFO  com.github.davidmoten.rx.jdbc.DatabaseTestBase - closes ok
2021-02-14 22:08:29.425 [main] INFO  com.github.davidmoten.rx.RxUtil - 1
2021-02-14 22:08:29.427 [main] INFO  com.github.davidmoten.rx.RxUtil - 2
2021-02-14 22:08:29.427 [main] INFO  com.github.davidmoten.rx.RxUtil - 3
Syntax error in SQL statement "ZZZ[*] "; SQL statement:
zzz [42000-192]
Syntax error in SQL statement "ZZZ[*] "; SQL statement:
zzz [42000-192]
2021-02-14 22:08:29.548 [RxComputationScheduler-4] INFO  com.github.davidmoten.rx.RxUtil - 0
2021-02-14 22:08:29.553 [RxIoScheduler-3] INFO  com.github.davidmoten.rx.RxUtil - 21
2021-02-14 22:08:29.570 [main] INFO  com.zaxxer.hikari.HikariDataSource - HikariCP pool HikariPool-1 is starting.
2021-02-14 22:08:29.596 [main] INFO  com.zaxxer.hikari.pool.HikariPool - HikariCP pool HikariPool-1 is shutting down.
2021-02-14 22:08:29.634 [main] INFO  com.github.davidmoten.rx.jdbc.DatabaseTestBase - committed 1
2021-02-14 22:08:29.635 [main] INFO  com.github.davidmoten.rx.jdbc.DatabaseTestBase - gets ok
2021-02-14 22:08:29.636 [main] INFO  com.github.davidmoten.rx.jdbc.DatabaseTestBase - closes ok
2021-02-14 22:08:29.644 [main] INFO  com.github.davidmoten.rx.RxUtil - rx.Observable@22c86919
2021-02-14 22:08:29.645 [main] INFO  com.github.davidmoten.rx.RxUtil - rx.Observable@22c86919
2021-02-14 22:08:29.646 [main] INFO  com.github.davidmoten.rx.RxUtil - rx.Observable@70fab835
2021-02-14 22:08:29.659 [main] INFO  com.github.davidmoten.rx.RxUtil - rx.Observable@32057e6
2021-02-14 22:08:29.660 [main] INFO  com.github.davidmoten.rx.RxUtil - rx.Observable@32057e6
2021-02-14 22:08:29.660 [main] INFO  com.github.davidmoten.rx.RxUtil - rx.Observable@26be6ca7
2021-02-14 22:08:29.747 [main] INFO  com.github.davidmoten.rx.RxUtil - 99
2021-02-14 22:08:29.748 [main] INFO  com.github.davidmoten.rx.RxUtil - 88
threads=[main]
2021-02-14 22:08:29.779 [main] INFO  com.zaxxer.hikari.HikariDataSource - HikariCP pool HikariPool-2 is starting.
[MARMADUKE, JOSEPH, MARMADUKE, JOSEPH, MARMADUKE, MARMADUKE, MARMADUKE, JOSEPH, MARMADUKE, JOSEPH, MARMADUKE, MARMADUKE]
2021-02-14 22:08:29.871 [main] INFO  com.github.davidmoten.rx.RxUtil - 99
2021-02-14 22:08:29.873 [main] INFO  com.github.davidmoten.rx.RxUtil - 88
2021-02-14 22:08:29.914 [RxIoScheduler-5] INFO  com.github.davidmoten.rx.RxUtil - 3
Column "NAMEZ" not found; SQL statement:
select namez from person where name=? [42122-192]
Column "NAMEZ" not found; SQL statement:
select namez from person where name=? [42122-192]
Tests run: 116, Failures: 0, Errors: 0, Skipped: 0, Time elapsed: 1.428 sec
Running com.github.davidmoten.rx.jdbc.QueriesTest
Tests run: 1, Failures: 0, Errors: 0, Skipped: 0, Time elapsed: 0.001 sec
Running com.github.davidmoten.rx.jdbc.ConnectionDemoTest
Tests run: 1, Failures: 0, Errors: 0, Skipped: 0, Time elapsed: 0.004 sec
Running com.github.davidmoten.rx.jdbc.ExceptionsTest
FRED
Tests run: 2, Failures: 0, Errors: 0, Skipped: 0, Time elapsed: 0.008 sec
Running com.github.davidmoten.rx.jdbc.ColumnNotFoundTest
Tests run: 1, Failures: 0, Errors: 0, Skipped: 0, Time elapsed: 0.005 sec
Running com.github.davidmoten.rx.jdbc.ConditionsTest
Tests run: 7, Failures: 0, Errors: 0, Skipped: 0, Time elapsed: 0.008 sec
Running com.github.davidmoten.rx.jdbc.DatabaseSyncTest
2021-02-14 22:08:30.237 [RxComputationScheduler-2] INFO  com.github.davidmoten.rx.RxUtil - 0
2021-02-14 22:08:30.240 [RxComputationScheduler-2] INFO  com.github.davidmoten.rx.RxUtil - 21
[FRED, JOSEPH, MARMADUKE]
2021-02-14 22:08:30.284 [main] INFO  com.zaxxer.hikari.HikariDataSource - HikariCP pool HikariPool-3 is starting.
2021-02-14 22:08:30.395 [main] INFO  com.github.davidmoten.rx.RxUtil - 21
2021-02-14 22:08:30.396 [main] INFO  com.github.davidmoten.rx.RxUtil - 34
2021-02-14 22:08:30.447 [main] INFO  com.github.davidmoten.rx.RxUtil - rx.internal.util.ScalarSynchronousObservable@4287d447
2021-02-14 22:08:30.447 [main] INFO  com.github.davidmoten.rx.RxUtil - rx.internal.util.ScalarSynchronousObservable@4287d447
2021-02-14 22:08:30.447 [main] INFO  com.github.davidmoten.rx.RxUtil - rx.Observable@3af37506
2021-02-14 22:08:30.448 [main] INFO  com.github.davidmoten.rx.RxUtil - rx.internal.util.ScalarSynchronousObservable@d4602a
2021-02-14 22:08:30.449 [main] INFO  com.github.davidmoten.rx.RxUtil - rx.internal.util.ScalarSynchronousObservable@d4602a
2021-02-14 22:08:30.449 [main] INFO  com.github.davidmoten.rx.RxUtil - rx.Observable@21ae6e73
2021-02-14 22:08:30.452 [main] INFO  com.github.davidmoten.rx.jdbc.DatabaseTestBase - committed 1
2021-02-14 22:08:30.452 [main] INFO  com.github.davidmoten.rx.jdbc.DatabaseTestBase - gets ok
2021-02-14 22:08:30.452 [main] INFO  com.github.davidmoten.rx.jdbc.DatabaseTestBase - closes ok
2021-02-14 22:08:30.464 [main] INFO  com.github.davidmoten.rx.RxUtil - 1
2021-02-14 22:08:30.464 [main] INFO  com.github.davidmoten.rx.RxUtil - 2
2021-02-14 22:08:30.465 [main] INFO  com.github.davidmoten.rx.RxUtil - 3
Syntax error in SQL statement "ZZZ[*] "; SQL statement:
zzz [42000-192]
Syntax error in SQL statement "ZZZ[*] "; SQL statement:
zzz [42000-192]
2021-02-14 22:08:30.576 [RxComputationScheduler-3] INFO  com.github.davidmoten.rx.RxUtil - 0
2021-02-14 22:08:30.578 [RxComputationScheduler-3] INFO  com.github.davidmoten.rx.RxUtil - 21
2021-02-14 22:08:30.591 [main] INFO  com.zaxxer.hikari.HikariDataSource - HikariCP pool HikariPool-4 is starting.
2021-02-14 22:08:30.600 [main] INFO  com.zaxxer.hikari.pool.HikariPool - HikariCP pool HikariPool-4 is shutting down.
2021-02-14 22:08:30.620 [main] INFO  com.github.davidmoten.rx.jdbc.DatabaseTestBase - committed 1
2021-02-14 22:08:30.620 [main] INFO  com.github.davidmoten.rx.jdbc.DatabaseTestBase - gets ok
2021-02-14 22:08:30.620 [main] INFO  com.github.davidmoten.rx.jdbc.DatabaseTestBase - closes ok
2021-02-14 22:08:30.625 [main] INFO  com.github.davidmoten.rx.RxUtil - rx.Observable@7e0b9178
2021-02-14 22:08:30.626 [main] INFO  com.github.davidmoten.rx.RxUtil - rx.Observable@7e0b9178
2021-02-14 22:08:30.626 [main] INFO  com.github.davidmoten.rx.RxUtil - rx.Observable@61942c1
2021-02-14 22:08:30.629 [main] INFO  com.github.davidmoten.rx.RxUtil - rx.Observable@62a8fd44
2021-02-14 22:08:30.630 [main] INFO  com.github.davidmoten.rx.RxUtil - rx.Observable@62a8fd44
2021-02-14 22:08:30.630 [main] INFO  com.github.davidmoten.rx.RxUtil - rx.Observable@2e6ba49a
2021-02-14 22:08:30.712 [main] INFO  com.github.davidmoten.rx.RxUtil - 99
2021-02-14 22:08:30.713 [main] INFO  com.github.davidmoten.rx.RxUtil - 88
threads=[main]
2021-02-14 22:08:30.735 [main] INFO  com.zaxxer.hikari.HikariDataSource - HikariCP pool HikariPool-5 is starting.
[MARMADUKE, JOSEPH, MARMADUKE, JOSEPH, MARMADUKE, MARMADUKE, MARMADUKE, JOSEPH, MARMADUKE, JOSEPH, MARMADUKE, MARMADUKE]
2021-02-14 22:08:30.764 [main] INFO  com.github.davidmoten.rx.RxUtil - 99
2021-02-14 22:08:30.765 [main] INFO  com.github.davidmoten.rx.RxUtil - 88
2021-02-14 22:08:30.783 [main] INFO  com.github.davidmoten.rx.RxUtil - 3
Column "NAMEZ" not found; SQL statement:
select namez from person where name=? [42122-192]
Column "NAMEZ" not found; SQL statement:
select namez from person where name=? [42122-192]
Tests run: 115, Failures: 0, Errors: 0, Skipped: 0, Time elapsed: 0.822 sec
Running com.github.davidmoten.rx.jdbc.ConnectionNonClosingTest
Tests run: 1, Failures: 0, Errors: 0, Skipped: 0, Time elapsed: 0.009 sec
Running com.github.davidmoten.rx.jdbc.UtilTest
Tests run: 60, Failures: 0, Errors: 0, Skipped: 0, Time elapsed: 0.033 sec
Running com.github.davidmoten.rx.jdbc.tuple.TuplesTest
Tests run: 1, Failures: 0, Errors: 0, Skipped: 0, Time elapsed: 0.003 sec
Running com.github.davidmoten.rx.jdbc.ConnectionProviderFromUrlTest
Tests run: 1, Failures: 0, Errors: 0, Skipped: 0, Time elapsed: 0 sec
Running com.github.davidmoten.rx.jdbc.DatabaseViaDataSourceTest
2021-02-14 22:08:31.111 [RxComputationScheduler-1] INFO  com.github.davidmoten.rx.RxUtil - 0
2021-02-14 22:08:31.111 [RxComputationScheduler-1] INFO  com.github.davidmoten.rx.RxUtil - 21
[FRED, JOSEPH, MARMADUKE]
2021-02-14 22:08:31.122 [main] INFO  com.zaxxer.hikari.HikariDataSource - HikariCP pool HikariPool-6 is starting.
2021-02-14 22:08:31.156 [main] INFO  com.github.davidmoten.rx.RxUtil - 21
2021-02-14 22:08:31.157 [main] INFO  com.github.davidmoten.rx.RxUtil - 34
2021-02-14 22:08:31.207 [main] INFO  com.github.davidmoten.rx.RxUtil - rx.internal.util.ScalarSynchronousObservable@1237e0be
2021-02-14 22:08:31.207 [main] INFO  com.github.davidmoten.rx.RxUtil - rx.internal.util.ScalarSynchronousObservable@1237e0be
2021-02-14 22:08:31.207 [main] INFO  com.github.davidmoten.rx.RxUtil - rx.Observable@528f8f8b
2021-02-14 22:08:31.208 [main] INFO  com.github.davidmoten.rx.RxUtil - rx.internal.util.ScalarSynchronousObservable@33cbfa57
2021-02-14 22:08:31.208 [main] INFO  com.github.davidmoten.rx.RxUtil - rx.internal.util.ScalarSynchronousObservable@33cbfa57
2021-02-14 22:08:31.208 [main] INFO  com.github.davidmoten.rx.RxUtil - rx.Observable@1d96d872
2021-02-14 22:08:31.211 [main] INFO  com.github.davidmoten.rx.jdbc.DatabaseTestBase - committed 1
2021-02-14 22:08:31.211 [main] INFO  com.github.davidmoten.rx.jdbc.DatabaseTestBase - gets ok
2021-02-14 22:08:31.211 [main] INFO  com.github.davidmoten.rx.jdbc.DatabaseTestBase - closes ok
2021-02-14 22:08:31.240 [main] INFO  com.github.davidmoten.rx.RxUtil - 1
2021-02-14 22:08:31.241 [main] INFO  com.github.davidmoten.rx.RxUtil - 2
2021-02-14 22:08:31.241 [main] INFO  com.github.davidmoten.rx.RxUtil - 3
Syntax error in SQL statement "ZZZ[*] "; SQL statement:
zzz [42000-192]
Syntax error in SQL statement "ZZZ[*] "; SQL statement:
zzz [42000-192]
2021-02-14 22:08:31.352 [RxComputationScheduler-2] INFO  com.github.davidmoten.rx.RxUtil - 0
2021-02-14 22:08:31.354 [RxComputationScheduler-2] INFO  com.github.davidmoten.rx.RxUtil - 21
2021-02-14 22:08:31.363 [main] INFO  com.zaxxer.hikari.HikariDataSource - HikariCP pool HikariPool-7 is starting.
2021-02-14 22:08:31.373 [main] INFO  com.zaxxer.hikari.pool.HikariPool - HikariCP pool HikariPool-7 is shutting down.
2021-02-14 22:08:31.389 [main] INFO  com.github.davidmoten.rx.jdbc.DatabaseTestBase - committed 1
2021-02-14 22:08:31.390 [main] INFO  com.github.davidmoten.rx.jdbc.DatabaseTestBase - gets ok
2021-02-14 22:08:31.390 [main] INFO  com.github.davidmoten.rx.jdbc.DatabaseTestBase - closes ok
2021-02-14 22:08:31.395 [main] INFO  com.github.davidmoten.rx.RxUtil - rx.Observable@4eb30d44
2021-02-14 22:08:31.395 [main] INFO  com.github.davidmoten.rx.RxUtil - rx.Observable@4eb30d44
2021-02-14 22:08:31.396 [main] INFO  com.github.davidmoten.rx.RxUtil - rx.Observable@d56aaa6
2021-02-14 22:08:31.399 [main] INFO  com.github.davidmoten.rx.RxUtil - rx.Observable@1ab6718
2021-02-14 22:08:31.400 [main] INFO  com.github.davidmoten.rx.RxUtil - rx.Observable@1ab6718
2021-02-14 22:08:31.400 [main] INFO  com.github.davidmoten.rx.RxUtil - rx.Observable@3910fe11
2021-02-14 22:08:31.470 [main] INFO  com.github.davidmoten.rx.RxUtil - 99
2021-02-14 22:08:31.473 [main] INFO  com.github.davidmoten.rx.RxUtil - 88
threads=[main]
2021-02-14 22:08:31.520 [main] INFO  com.zaxxer.hikari.HikariDataSource - HikariCP pool HikariPool-8 is starting.
[MARMADUKE, JOSEPH, MARMADUKE, JOSEPH, MARMADUKE, MARMADUKE, MARMADUKE, JOSEPH, MARMADUKE, JOSEPH, MARMADUKE, MARMADUKE]
2021-02-14 22:08:31.554 [main] INFO  com.github.davidmoten.rx.RxUtil - 99
2021-02-14 22:08:31.554 [main] INFO  com.github.davidmoten.rx.RxUtil - 88
2021-02-14 22:08:31.572 [main] INFO  com.github.davidmoten.rx.RxUtil - 3
Column "NAMEZ" not found; SQL statement:
select namez from person where name=? [42122-192]
Column "NAMEZ" not found; SQL statement:
select namez from person where name=? [42122-192]
Tests run: 115, Failures: 0, Errors: 0, Skipped: 0, Time elapsed: 0.742 sec
Running com.github.davidmoten.rx.RetryTest
Tests run: 1, Failures: 0, Errors: 0, Skipped: 0, Time elapsed: 0.004 sec
Running com.github.davidmoten.rx.DynamicProxyTest
Tests run: 2, Failures: 0, Errors: 0, Skipped: 0, Time elapsed: 0.001 sec

Results :

Tests run: 454, Failures: 0, Errors: 0, Skipped: 2

[INFO] ------------------------------------------------------------------------
[INFO] BUILD SUCCESS
[INFO] ------------------------------------------------------------------------
[INFO] Total time:  6.244 s
[INFO] Finished at: 2021-02-14T22:08:31Z
[INFO] ------------------------------------------------------------------------
