[INFO] Scanning for projects...
[INFO] Inspecting build with total of 1 modules...
[INFO] Installing Nexus Staging features:
[INFO]   ... total of 1 executions of maven-deploy-plugin replaced with nexus-staging-maven-plugin
[INFO] 
[INFO] -----------------< com.github.davidmoten:rxjava-jdbc >------------------
[INFO] Building rxjava-jdbc 0.7.18-SNAPSHOT
[INFO] --------------------------------[ jar ]---------------------------------
[INFO] 
[INFO] --- maven-resources-plugin:2.6:resources (default-resources) @ rxjava-jdbc ---
[INFO] Using 'UTF-8' encoding to copy filtered resources.
[INFO] skip non existing resourceDirectory /workdir/rxjava-jdbc/src/main/resources
[INFO] 
[INFO] --- maven-compiler-plugin:3.5.1:compile (default-compile) @ rxjava-jdbc ---
[INFO] Changes detected - recompiling the module!
[INFO] Compiling 52 source files to /workdir/rxjava-jdbc/target/classes
[INFO] /workdir/rxjava-jdbc/src/main/java/com/github/davidmoten/rx/RxUtil.java: Some input files use or override a deprecated API.
[INFO] /workdir/rxjava-jdbc/src/main/java/com/github/davidmoten/rx/RxUtil.java: Recompile with -Xlint:deprecation for details.
[INFO] 
[INFO] --- maven-resources-plugin:2.6:testResources (default-testResources) @ rxjava-jdbc ---
[INFO] Using 'UTF-8' encoding to copy filtered resources.
[INFO] Copying 4 resources
[INFO] 
[INFO] --- maven-compiler-plugin:3.5.1:testCompile (default-testCompile) @ rxjava-jdbc ---
[INFO] Changes detected - recompiling the module!
[INFO] Compiling 27 source files to /workdir/rxjava-jdbc/target/test-classes
[INFO] /workdir/rxjava-jdbc/src/test/java/com/github/davidmoten/rx/RetryTest.java: /workdir/rxjava-jdbc/src/test/java/com/github/davidmoten/rx/RetryTest.java uses or overrides a deprecated API.
[INFO] /workdir/rxjava-jdbc/src/test/java/com/github/davidmoten/rx/RetryTest.java: Recompile with -Xlint:deprecation for details.
[INFO] /workdir/rxjava-jdbc/src/test/java/com/github/davidmoten/rx/jdbc/DatabaseTestBase.java: /workdir/rxjava-jdbc/src/test/java/com/github/davidmoten/rx/jdbc/DatabaseTestBase.java uses unchecked or unsafe operations.
[INFO] /workdir/rxjava-jdbc/src/test/java/com/github/davidmoten/rx/jdbc/DatabaseTestBase.java: Recompile with -Xlint:unchecked for details.
[INFO] 
[INFO] --- maven-surefire-plugin:2.12.4:test (default-test) @ rxjava-jdbc ---
[INFO] Surefire report directory: /workdir/rxjava-jdbc/target/surefire-reports

-------------------------------------------------------
 T E S T S
-------------------------------------------------------
Running com.github.davidmoten.rx.jdbc.FetchSizeTest
WARNING: An illegal reflective access operation has occurred
WARNING: Illegal reflective access by org.mockito.cglib.core.ReflectUtils$2 (file:/home/maven/.m2/repository/org/mockito/mockito-core/1.10.19/mockito-core-1.10.19.jar) to method java.lang.ClassLoader.defineClass(java.lang.String,byte[],int,int,java.security.ProtectionDomain)
WARNING: Please consider reporting this to the maintainers of org.mockito.cglib.core.ReflectUtils$2
WARNING: Use --illegal-access=warn to enable warnings of further illegal reflective access operations
WARNING: All illegal access operations will be denied in a future release
Tests run: 4, Failures: 0, Errors: 0, Skipped: 0, Time elapsed: 0.401 sec
Running com.github.davidmoten.rx.jdbc.ConnectionProviderAutoCommittingTest
Tests run: 1, Failures: 0, Errors: 0, Skipped: 0, Time elapsed: 0.003 sec
Running com.github.davidmoten.rx.jdbc.BatchingTest
Tests run: 4, Failures: 0, Errors: 0, Skipped: 0, Time elapsed: 0.18 sec
Running com.github.davidmoten.rx.jdbc.DatabaseExampleTest
FRED has score 21
JOE has score 34
Tests run: 5, Failures: 0, Errors: 0, Skipped: 1, Time elapsed: 0.038 sec
Running com.github.davidmoten.rx.jdbc.DatabaseDerbyTest
Tests run: 1, Failures: 0, Errors: 0, Skipped: 1, Time elapsed: 0.002 sec
Running com.github.davidmoten.rx.jdbc.TransactionOnNextOperatorTest
Tests run: 1, Failures: 0, Errors: 0, Skipped: 0, Time elapsed: 0.015 sec
Running com.github.davidmoten.rx.jdbc.DatabaseMasterDetailTest
MasterAndDetails [id=1, name=FRED, details=[Detail [id=10, description=a good fellow], Detail [id=11, description=rides his bike]]]
MasterAndDetails [id=2, name=JOHN, details=[Detail [id=20, description=a bit of a bore], Detail [id=21, description=is a good cook]]]
Tests run: 2, Failures: 0, Errors: 0, Skipped: 0, Time elapsed: 0.011 sec
Running com.github.davidmoten.rx.jdbc.NamedParametersTest
Tests run: 12, Failures: 0, Errors: 0, Skipped: 0, Time elapsed: 0.013 sec
Running com.github.davidmoten.rx.jdbc.DatabaseAsyncTest
2021-02-14 22:07:56.938 [RxComputationScheduler-3] INFO  com.github.davidmoten.rx.RxUtil - 0
2021-02-14 22:07:56.940 [RxIoScheduler-3] INFO  com.github.davidmoten.rx.RxUtil - 21
[FRED, JOSEPH, MARMADUKE]
2021-02-14 22:07:56.969 [main] INFO  com.zaxxer.hikari.HikariDataSource - HikariCP pool HikariPool-0 is starting.
2021-02-14 22:07:57.104 [RxIoScheduler-2] INFO  com.github.davidmoten.rx.RxUtil - 21
2021-02-14 22:07:57.105 [RxIoScheduler-4] INFO  com.github.davidmoten.rx.RxUtil - 34
2021-02-14 22:07:57.208 [main] INFO  com.github.davidmoten.rx.RxUtil - rx.internal.util.ScalarSynchronousObservable@5fd62371
2021-02-14 22:07:57.208 [main] INFO  com.github.davidmoten.rx.RxUtil - rx.internal.util.ScalarSynchronousObservable@5fd62371
2021-02-14 22:07:57.208 [main] INFO  com.github.davidmoten.rx.RxUtil - rx.Observable@28a0fd6c
2021-02-14 22:07:57.209 [main] INFO  com.github.davidmoten.rx.RxUtil - rx.internal.util.ScalarSynchronousObservable@841e575
2021-02-14 22:07:57.209 [main] INFO  com.github.davidmoten.rx.RxUtil - rx.internal.util.ScalarSynchronousObservable@841e575
2021-02-14 22:07:57.209 [main] INFO  com.github.davidmoten.rx.RxUtil - rx.Observable@27a5328c
2021-02-14 22:07:57.213 [main] INFO  com.github.davidmoten.rx.jdbc.DatabaseTestBase - committed 1
2021-02-14 22:07:57.214 [main] INFO  com.github.davidmoten.rx.jdbc.DatabaseTestBase - gets ok
2021-02-14 22:07:57.214 [main] INFO  com.github.davidmoten.rx.jdbc.DatabaseTestBase - closes ok
2021-02-14 22:07:57.232 [main] INFO  com.github.davidmoten.rx.RxUtil - 1
2021-02-14 22:07:57.233 [main] INFO  com.github.davidmoten.rx.RxUtil - 2
2021-02-14 22:07:57.234 [main] INFO  com.github.davidmoten.rx.RxUtil - 3
Syntax error in SQL statement "ZZZ[*] "; SQL statement:
zzz [42000-192]
Syntax error in SQL statement "ZZZ[*] "; SQL statement:
zzz [42000-192]
2021-02-14 22:07:57.352 [RxComputationScheduler-4] INFO  com.github.davidmoten.rx.RxUtil - 0
2021-02-14 22:07:57.356 [RxIoScheduler-2] INFO  com.github.davidmoten.rx.RxUtil - 21
2021-02-14 22:07:57.370 [main] INFO  com.zaxxer.hikari.HikariDataSource - HikariCP pool HikariPool-1 is starting.
2021-02-14 22:07:57.386 [main] INFO  com.zaxxer.hikari.pool.HikariPool - HikariCP pool HikariPool-1 is shutting down.
2021-02-14 22:07:57.422 [main] INFO  com.github.davidmoten.rx.jdbc.DatabaseTestBase - committed 1
2021-02-14 22:07:57.422 [main] INFO  com.github.davidmoten.rx.jdbc.DatabaseTestBase - gets ok
2021-02-14 22:07:57.422 [main] INFO  com.github.davidmoten.rx.jdbc.DatabaseTestBase - closes ok
2021-02-14 22:07:57.429 [main] INFO  com.github.davidmoten.rx.RxUtil - rx.Observable@1b0a7baf
2021-02-14 22:07:57.430 [main] INFO  com.github.davidmoten.rx.RxUtil - rx.Observable@1b0a7baf
2021-02-14 22:07:57.430 [main] INFO  com.github.davidmoten.rx.RxUtil - rx.Observable@62417a16
2021-02-14 22:07:57.434 [main] INFO  com.github.davidmoten.rx.RxUtil - rx.Observable@6ea1bcdc
2021-02-14 22:07:57.435 [main] INFO  com.github.davidmoten.rx.RxUtil - rx.Observable@6ea1bcdc
2021-02-14 22:07:57.435 [main] INFO  com.github.davidmoten.rx.RxUtil - rx.Observable@759fad4
2021-02-14 22:07:57.538 [main] INFO  com.github.davidmoten.rx.RxUtil - 99
2021-02-14 22:07:57.539 [main] INFO  com.github.davidmoten.rx.RxUtil - 88
threads=[main]
2021-02-14 22:07:57.568 [main] INFO  com.zaxxer.hikari.HikariDataSource - HikariCP pool HikariPool-2 is starting.
[MARMADUKE, JOSEPH, MARMADUKE, JOSEPH, MARMADUKE, MARMADUKE, MARMADUKE, JOSEPH, MARMADUKE, JOSEPH, MARMADUKE, MARMADUKE]
2021-02-14 22:07:57.692 [main] INFO  com.github.davidmoten.rx.RxUtil - 99
2021-02-14 22:07:57.694 [main] INFO  com.github.davidmoten.rx.RxUtil - 88
2021-02-14 22:07:57.736 [RxIoScheduler-4] INFO  com.github.davidmoten.rx.RxUtil - 3
Column "NAMEZ" not found; SQL statement:
select namez from person where name=? [42122-192]
Column "NAMEZ" not found; SQL statement:
select namez from person where name=? [42122-192]
Tests run: 116, Failures: 0, Errors: 0, Skipped: 0, Time elapsed: 1.265 sec
Running com.github.davidmoten.rx.jdbc.QueriesTest
Tests run: 1, Failures: 0, Errors: 0, Skipped: 0, Time elapsed: 0.001 sec
Running com.github.davidmoten.rx.jdbc.ConnectionDemoTest
Tests run: 1, Failures: 0, Errors: 0, Skipped: 0, Time elapsed: 0.002 sec
Running com.github.davidmoten.rx.jdbc.ExceptionsTest
FRED
Tests run: 2, Failures: 0, Errors: 0, Skipped: 0, Time elapsed: 0.006 sec
Running com.github.davidmoten.rx.jdbc.ColumnNotFoundTest
Tests run: 1, Failures: 0, Errors: 0, Skipped: 0, Time elapsed: 0.004 sec
Running com.github.davidmoten.rx.jdbc.ConditionsTest
Tests run: 7, Failures: 0, Errors: 0, Skipped: 0, Time elapsed: 0.003 sec
Running com.github.davidmoten.rx.jdbc.DatabaseSyncTest
2021-02-14 22:07:58.034 [RxComputationScheduler-2] INFO  com.github.davidmoten.rx.RxUtil - 0
2021-02-14 22:07:58.035 [RxComputationScheduler-2] INFO  com.github.davidmoten.rx.RxUtil - 21
[FRED, JOSEPH, MARMADUKE]
2021-02-14 22:07:58.074 [main] INFO  com.zaxxer.hikari.HikariDataSource - HikariCP pool HikariPool-3 is starting.
2021-02-14 22:07:58.182 [main] INFO  com.github.davidmoten.rx.RxUtil - 21
2021-02-14 22:07:58.183 [main] INFO  com.github.davidmoten.rx.RxUtil - 34
2021-02-14 22:07:58.229 [main] INFO  com.github.davidmoten.rx.RxUtil - rx.internal.util.ScalarSynchronousObservable@36a7abe1
2021-02-14 22:07:58.229 [main] INFO  com.github.davidmoten.rx.RxUtil - rx.internal.util.ScalarSynchronousObservable@36a7abe1
2021-02-14 22:07:58.229 [main] INFO  com.github.davidmoten.rx.RxUtil - rx.Observable@64a896b0
2021-02-14 22:07:58.230 [main] INFO  com.github.davidmoten.rx.RxUtil - rx.internal.util.ScalarSynchronousObservable@1adb7478
2021-02-14 22:07:58.230 [main] INFO  com.github.davidmoten.rx.RxUtil - rx.internal.util.ScalarSynchronousObservable@1adb7478
2021-02-14 22:07:58.230 [main] INFO  com.github.davidmoten.rx.RxUtil - rx.Observable@3ae66c85
2021-02-14 22:07:58.233 [main] INFO  com.github.davidmoten.rx.jdbc.DatabaseTestBase - committed 1
2021-02-14 22:07:58.233 [main] INFO  com.github.davidmoten.rx.jdbc.DatabaseTestBase - gets ok
2021-02-14 22:07:58.233 [main] INFO  com.github.davidmoten.rx.jdbc.DatabaseTestBase - closes ok
2021-02-14 22:07:58.242 [main] INFO  com.github.davidmoten.rx.RxUtil - 1
2021-02-14 22:07:58.243 [main] INFO  com.github.davidmoten.rx.RxUtil - 2
2021-02-14 22:07:58.243 [main] INFO  com.github.davidmoten.rx.RxUtil - 3
Syntax error in SQL statement "ZZZ[*] "; SQL statement:
zzz [42000-192]
Syntax error in SQL statement "ZZZ[*] "; SQL statement:
zzz [42000-192]
2021-02-14 22:07:58.354 [RxComputationScheduler-3] INFO  com.github.davidmoten.rx.RxUtil - 0
2021-02-14 22:07:58.356 [RxComputationScheduler-3] INFO  com.github.davidmoten.rx.RxUtil - 21
2021-02-14 22:07:58.368 [main] INFO  com.zaxxer.hikari.HikariDataSource - HikariCP pool HikariPool-4 is starting.
2021-02-14 22:07:58.403 [main] INFO  com.zaxxer.hikari.pool.HikariPool - HikariCP pool HikariPool-4 is shutting down.
2021-02-14 22:07:58.427 [main] INFO  com.github.davidmoten.rx.jdbc.DatabaseTestBase - committed 1
2021-02-14 22:07:58.428 [main] INFO  com.github.davidmoten.rx.jdbc.DatabaseTestBase - gets ok
2021-02-14 22:07:58.428 [main] INFO  com.github.davidmoten.rx.jdbc.DatabaseTestBase - closes ok
2021-02-14 22:07:58.432 [main] INFO  com.github.davidmoten.rx.RxUtil - rx.Observable@6b04acb2
2021-02-14 22:07:58.433 [main] INFO  com.github.davidmoten.rx.RxUtil - rx.Observable@6b04acb2
2021-02-14 22:07:58.433 [main] INFO  com.github.davidmoten.rx.RxUtil - rx.Observable@18388a3c
2021-02-14 22:07:58.436 [main] INFO  com.github.davidmoten.rx.RxUtil - rx.Observable@4cfbaf4
2021-02-14 22:07:58.436 [main] INFO  com.github.davidmoten.rx.RxUtil - rx.Observable@4cfbaf4
2021-02-14 22:07:58.437 [main] INFO  com.github.davidmoten.rx.RxUtil - rx.Observable@58faa93b
2021-02-14 22:07:58.502 [main] INFO  com.github.davidmoten.rx.RxUtil - 99
2021-02-14 22:07:58.503 [main] INFO  com.github.davidmoten.rx.RxUtil - 88
threads=[main]
2021-02-14 22:07:58.535 [main] INFO  com.zaxxer.hikari.HikariDataSource - HikariCP pool HikariPool-5 is starting.
[MARMADUKE, JOSEPH, MARMADUKE, JOSEPH, MARMADUKE, MARMADUKE, MARMADUKE, JOSEPH, MARMADUKE, JOSEPH, MARMADUKE, MARMADUKE]
2021-02-14 22:07:58.564 [main] INFO  com.github.davidmoten.rx.RxUtil - 99
2021-02-14 22:07:58.565 [main] INFO  com.github.davidmoten.rx.RxUtil - 88
2021-02-14 22:07:58.592 [main] INFO  com.github.davidmoten.rx.RxUtil - 3
Column "NAMEZ" not found; SQL statement:
select namez from person where name=? [42122-192]
Column "NAMEZ" not found; SQL statement:
select namez from person where name=? [42122-192]
Tests run: 115, Failures: 0, Errors: 0, Skipped: 0, Time elapsed: 0.83 sec
Running com.github.davidmoten.rx.jdbc.ConnectionNonClosingTest
Tests run: 1, Failures: 0, Errors: 0, Skipped: 0, Time elapsed: 0.009 sec
Running com.github.davidmoten.rx.jdbc.UtilTest
Tests run: 60, Failures: 0, Errors: 0, Skipped: 0, Time elapsed: 0.035 sec
Running com.github.davidmoten.rx.jdbc.tuple.TuplesTest
Tests run: 1, Failures: 0, Errors: 0, Skipped: 0, Time elapsed: 0 sec
Running com.github.davidmoten.rx.jdbc.ConnectionProviderFromUrlTest
Tests run: 1, Failures: 0, Errors: 0, Skipped: 0, Time elapsed: 0 sec
Running com.github.davidmoten.rx.jdbc.DatabaseViaDataSourceTest
2021-02-14 22:07:58.926 [RxComputationScheduler-1] INFO  com.github.davidmoten.rx.RxUtil - 0
2021-02-14 22:07:58.927 [RxComputationScheduler-1] INFO  com.github.davidmoten.rx.RxUtil - 21
[FRED, JOSEPH, MARMADUKE]
2021-02-14 22:07:58.948 [main] INFO  com.zaxxer.hikari.HikariDataSource - HikariCP pool HikariPool-6 is starting.
2021-02-14 22:07:58.974 [main] INFO  com.github.davidmoten.rx.RxUtil - 21
2021-02-14 22:07:58.975 [main] INFO  com.github.davidmoten.rx.RxUtil - 34
2021-02-14 22:07:59.012 [main] INFO  com.github.davidmoten.rx.RxUtil - rx.internal.util.ScalarSynchronousObservable@834831b
2021-02-14 22:07:59.012 [main] INFO  com.github.davidmoten.rx.RxUtil - rx.internal.util.ScalarSynchronousObservable@834831b
2021-02-14 22:07:59.012 [main] INFO  com.github.davidmoten.rx.RxUtil - rx.Observable@234a8f27
2021-02-14 22:07:59.013 [main] INFO  com.github.davidmoten.rx.RxUtil - rx.internal.util.ScalarSynchronousObservable@1dc2de84
2021-02-14 22:07:59.013 [main] INFO  com.github.davidmoten.rx.RxUtil - rx.internal.util.ScalarSynchronousObservable@1dc2de84
2021-02-14 22:07:59.013 [main] INFO  com.github.davidmoten.rx.RxUtil - rx.Observable@6a0659ac
2021-02-14 22:07:59.015 [main] INFO  com.github.davidmoten.rx.jdbc.DatabaseTestBase - committed 1
2021-02-14 22:07:59.015 [main] INFO  com.github.davidmoten.rx.jdbc.DatabaseTestBase - gets ok
2021-02-14 22:07:59.015 [main] INFO  com.github.davidmoten.rx.jdbc.DatabaseTestBase - closes ok
2021-02-14 22:07:59.024 [main] INFO  com.github.davidmoten.rx.RxUtil - 1
2021-02-14 22:07:59.025 [main] INFO  com.github.davidmoten.rx.RxUtil - 2
2021-02-14 22:07:59.026 [main] INFO  com.github.davidmoten.rx.RxUtil - 3
Syntax error in SQL statement "ZZZ[*] "; SQL statement:
zzz [42000-192]
Syntax error in SQL statement "ZZZ[*] "; SQL statement:
zzz [42000-192]
2021-02-14 22:07:59.136 [RxComputationScheduler-2] INFO  com.github.davidmoten.rx.RxUtil - 0
2021-02-14 22:07:59.137 [RxComputationScheduler-2] INFO  com.github.davidmoten.rx.RxUtil - 21
2021-02-14 22:07:59.140 [main] INFO  com.zaxxer.hikari.HikariDataSource - HikariCP pool HikariPool-7 is starting.
2021-02-14 22:07:59.149 [main] INFO  com.zaxxer.hikari.pool.HikariPool - HikariCP pool HikariPool-7 is shutting down.
2021-02-14 22:07:59.160 [main] INFO  com.github.davidmoten.rx.jdbc.DatabaseTestBase - committed 1
2021-02-14 22:07:59.160 [main] INFO  com.github.davidmoten.rx.jdbc.DatabaseTestBase - gets ok
2021-02-14 22:07:59.160 [main] INFO  com.github.davidmoten.rx.jdbc.DatabaseTestBase - closes ok
2021-02-14 22:07:59.161 [main] INFO  com.github.davidmoten.rx.RxUtil - rx.Observable@6fd77352
2021-02-14 22:07:59.161 [main] INFO  com.github.davidmoten.rx.RxUtil - rx.Observable@6fd77352
2021-02-14 22:07:59.161 [main] INFO  com.github.davidmoten.rx.RxUtil - rx.Observable@5109e8cf
2021-02-14 22:07:59.162 [main] INFO  com.github.davidmoten.rx.RxUtil - rx.Observable@2c2db130
2021-02-14 22:07:59.162 [main] INFO  com.github.davidmoten.rx.RxUtil - rx.Observable@2c2db130
2021-02-14 22:07:59.163 [main] INFO  com.github.davidmoten.rx.RxUtil - rx.Observable@327c7bea
2021-02-14 22:07:59.183 [main] INFO  com.github.davidmoten.rx.RxUtil - 99
2021-02-14 22:07:59.184 [main] INFO  com.github.davidmoten.rx.RxUtil - 88
threads=[main]
2021-02-14 22:07:59.205 [main] INFO  com.zaxxer.hikari.HikariDataSource - HikariCP pool HikariPool-8 is starting.
[MARMADUKE, JOSEPH, MARMADUKE, JOSEPH, MARMADUKE, MARMADUKE, MARMADUKE, JOSEPH, MARMADUKE, JOSEPH, MARMADUKE, MARMADUKE]
2021-02-14 22:07:59.236 [main] INFO  com.github.davidmoten.rx.RxUtil - 99
2021-02-14 22:07:59.237 [main] INFO  com.github.davidmoten.rx.RxUtil - 88
2021-02-14 22:07:59.255 [main] INFO  com.github.davidmoten.rx.RxUtil - 3
Column "NAMEZ" not found; SQL statement:
select namez from person where name=? [42122-192]
Column "NAMEZ" not found; SQL statement:
select namez from person where name=? [42122-192]
Tests run: 115, Failures: 0, Errors: 0, Skipped: 0, Time elapsed: 0.616 sec
Running com.github.davidmoten.rx.RetryTest
Tests run: 1, Failures: 0, Errors: 0, Skipped: 0, Time elapsed: 0.008 sec
Running com.github.davidmoten.rx.DynamicProxyTest
Tests run: 2, Failures: 0, Errors: 0, Skipped: 0, Time elapsed: 0.005 sec

Results :

Tests run: 454, Failures: 0, Errors: 0, Skipped: 2

[INFO] ------------------------------------------------------------------------
[INFO] BUILD SUCCESS
[INFO] ------------------------------------------------------------------------
[INFO] Total time:  6.943 s
[INFO] Finished at: 2021-02-14T22:07:59Z
[INFO] ------------------------------------------------------------------------
