[INFO] Scanning for projects...
[INFO] ------------------------------------------------------------------------
[INFO] Reactor Build Order:
[INFO] 
[INFO] WebLogic Monitoring Exporter                                       [pom]
[INFO] wls-exporter-core                                                  [jar]
[INFO] Exporter Build Helper Maven Mojo                          [maven-plugin]
[INFO] wls-exporter-war                                                   [war]
[INFO] wls-operator-exporter                                              [war]
[INFO] 
[INFO] ------------< com.oracle.wls.exporter:wls-exporter-parent >-------------
[INFO] Building WebLogic Monitoring Exporter 1.2.0-SNAPSHOT               [1/5]
[INFO] --------------------------------[ pom ]---------------------------------
[INFO] 
[INFO] -------------< com.oracle.wls.exporter:wls-exporter-core >--------------
[INFO] Building wls-exporter-core 1.2.0-SNAPSHOT                          [2/5]
[INFO] --------------------------------[ jar ]---------------------------------
[INFO] 
[INFO] --- maven-resources-plugin:2.6:resources (default-resources) @ wls-exporter-core ---
[WARNING] Using platform encoding (UTF-8 actually) to copy filtered resources, i.e. build is platform dependent!
[INFO] skip non existing resourceDirectory /workdir/weblogic-monitoring-exporter/wls-exporter-core/src/main/resources
[INFO] 
[INFO] --- maven-compiler-plugin:3.6.1:compile (default-compile) @ wls-exporter-core ---
[INFO] Nothing to compile - all classes are up to date
[INFO] 
[INFO] --- maven-resources-plugin:2.6:testResources (default-testResources) @ wls-exporter-core ---
[WARNING] Using platform encoding (UTF-8 actually) to copy filtered resources, i.e. build is platform dependent!
[INFO] skip non existing resourceDirectory /workdir/weblogic-monitoring-exporter/wls-exporter-core/src/test/resources
[INFO] 
[INFO] --- maven-compiler-plugin:3.6.1:testCompile (default-testCompile) @ wls-exporter-core ---
[INFO] Nothing to compile - all classes are up to date
[INFO] 
[INFO] --- maven-surefire-plugin:2.12.4:test (default-test) @ wls-exporter-core ---
[INFO] Surefire report directory: /workdir/weblogic-monitoring-exporter/wls-exporter-core/target/surefire-reports

-------------------------------------------------------
 T E S T S
-------------------------------------------------------
Running com.oracle.wls.exporter.UrlBuilderTest
Tests run: 6, Failures: 0, Errors: 0, Skipped: 0, Time elapsed: 0.082 sec
Running com.oracle.wls.exporter.ErrorLogTest
Tests run: 3, Failures: 0, Errors: 0, Skipped: 0, Time elapsed: 0 sec
Running com.oracle.wls.exporter.HeaderTest
Tests run: 4, Failures: 0, Errors: 0, Skipped: 0, Time elapsed: 0.003 sec
Running com.oracle.wls.exporter.LiveConfigurationTest
Tests run: 16, Failures: 0, Errors: 0, Skipped: 0, Time elapsed: 0.121 sec
Running com.oracle.wls.exporter.matchers.PrometheusMetricsMatcherTest
Tests run: 3, Failures: 0, Errors: 0, Skipped: 0, Time elapsed: 0.01 sec
Running com.oracle.wls.exporter.WebClient8ImplTest
Tests run: 29, Failures: 0, Errors: 0, Skipped: 1, Time elapsed: 0.211 sec
Running com.oracle.wls.exporter.MetricsStreamTest
Tests run: 7, Failures: 0, Errors: 0, Skipped: 0, Time elapsed: 0.056 sec
Running com.oracle.wls.exporter.LogServletTest
Tests run: 5, Failures: 0, Errors: 0, Skipped: 0, Time elapsed: 0.046 sec
Running com.oracle.wls.exporter.MainServletTest
Tests run: 10, Failures: 0, Errors: 0, Skipped: 0, Time elapsed: 0.039 sec
Running com.oracle.wls.exporter.WebClientFactoryImplTest
Tests run: 2, Failures: 0, Errors: 0, Skipped: 0, Time elapsed: 0.011 sec
Running com.oracle.wls.exporter.MessagesServletTest
Tests run: 8, Failures: 0, Errors: 0, Skipped: 0, Time elapsed: 0.015 sec
Running com.oracle.wls.exporter.WebClientImplTest
*** Failed to send reply: java.net.SocketException: Connection reset by peer (Write failed)
Tests run: 29, Failures: 0, Errors: 0, Skipped: 1, Time elapsed: 0.368 sec
Running com.oracle.wls.exporter.ConfigurationServletTest
Tests run: 16, Failures: 0, Errors: 0, Skipped: 0, Time elapsed: 0.042 sec
Running com.oracle.wls.exporter.ExporterServletTest
Tests run: 33, Failures: 0, Errors: 0, Skipped: 0, Time elapsed: 0.237 sec
Running com.oracle.wls.exporter.ConfigurationUpdaterImplTest
Tests run: 11, Failures: 0, Errors: 0, Skipped: 0, Time elapsed: 0.004 sec
Running com.oracle.wls.exporter.domain.QueryTypeTest
Tests run: 8, Failures: 0, Errors: 0, Skipped: 0, Time elapsed: 0.002 sec
Running com.oracle.wls.exporter.domain.MetricsScraperTest
Tests run: 19, Failures: 0, Errors: 0, Skipped: 0, Time elapsed: 0.008 sec
Running com.oracle.wls.exporter.domain.SnakeCaseUtilTest
Tests run: 2, Failures: 0, Errors: 0, Skipped: 0, Time elapsed: 0.001 sec
Running com.oracle.wls.exporter.domain.ConfigurationExceptionTest
Tests run: 1, Failures: 0, Errors: 0, Skipped: 0, Time elapsed: 0 sec
Running com.oracle.wls.exporter.domain.ExporterConfigTest
Tests run: 47, Failures: 0, Errors: 0, Skipped: 0, Time elapsed: 0.032 sec
Running com.oracle.wls.exporter.domain.MBeanSelectorTest
Tests run: 33, Failures: 0, Errors: 0, Skipped: 0, Time elapsed: 0.008 sec
Running com.oracle.wls.exporter.domain.MapUtilsTest
Tests run: 3, Failures: 0, Errors: 0, Skipped: 0, Time elapsed: 0 sec
Running com.oracle.wls.exporter.MultipartContentParserTest
Tests run: 15, Failures: 0, Errors: 0, Skipped: 0, Time elapsed: 0.006 sec

Results :

Tests run: 310, Failures: 0, Errors: 0, Skipped: 2

[INFO] 
[INFO] -------------< com.oracle.wls.exporter:build-helper-mojo >--------------
[INFO] Building Exporter Build Helper Maven Mojo 1.2.0-SNAPSHOT           [3/5]
[INFO] ----------------------------[ maven-plugin ]----------------------------
[INFO] 
[INFO] --- maven-resources-plugin:2.6:resources (default-resources) @ build-helper-mojo ---
[WARNING] Using platform encoding (UTF-8 actually) to copy filtered resources, i.e. build is platform dependent!
[INFO] skip non existing resourceDirectory /workdir/weblogic-monitoring-exporter/build-helper-mojo/src/main/resources
[INFO] 
[INFO] --- maven-compiler-plugin:3.6.1:compile (default-compile) @ build-helper-mojo ---
[INFO] Nothing to compile - all classes are up to date
[INFO] 
[INFO] --- maven-plugin-plugin:3.2:descriptor (default-descriptor) @ build-helper-mojo ---
[WARNING] Using platform encoding (UTF-8 actually) to read mojo metadata, i.e. build is platform dependent!
[INFO] Applying mojo extractor for language: java
[INFO] Mojo extractor for language: java found 0 mojo descriptors.
[INFO] Applying mojo extractor for language: bsh
[INFO] Mojo extractor for language: bsh found 0 mojo descriptors.
[INFO] Applying mojo extractor for language: java-annotations
[INFO] Mojo extractor for language: java-annotations found 1 mojo descriptors.
[INFO] 
[INFO] --- maven-resources-plugin:2.6:testResources (default-testResources) @ build-helper-mojo ---
[WARNING] Using platform encoding (UTF-8 actually) to copy filtered resources, i.e. build is platform dependent!
[INFO] skip non existing resourceDirectory /workdir/weblogic-monitoring-exporter/build-helper-mojo/src/test/resources
[INFO] 
[INFO] --- maven-compiler-plugin:3.6.1:testCompile (default-testCompile) @ build-helper-mojo ---
[INFO] Nothing to compile - all classes are up to date
[INFO] 
[INFO] --- maven-surefire-plugin:2.12.4:test (default-test) @ build-helper-mojo ---
[INFO] Surefire report directory: /workdir/weblogic-monitoring-exporter/build-helper-mojo/target/surefire-reports

-------------------------------------------------------
 T E S T S
-------------------------------------------------------
Running com.oracle.wls.buildhelper.BuildHelperMojoTest
[info] Copying com.oracle.wls.buildhelper.BuildHelperMojoTest$PathStub$$_com_meterware_SimpleStub@2aece37d to com.oracle.wls.buildhelper.BuildHelperMojoTest$PathStub$$_com_meterware_SimpleStub@548a102f
[info] Copying com.oracle.wls.buildhelper.BuildHelperMojoTest$PathStub$$_com_meterware_SimpleStub@780cb77 to com.oracle.wls.buildhelper.BuildHelperMojoTest$PathStub$$_com_meterware_SimpleStub@691a7f8f
[info] Copying com.oracle.wls.buildhelper.BuildHelperMojoTest$PathStub$$_com_meterware_SimpleStub@50a7bc6e to com.oracle.wls.buildhelper.BuildHelperMojoTest$PathStub$$_com_meterware_SimpleStub@161b062a
Tests run: 12, Failures: 0, Errors: 0, Skipped: 0, Time elapsed: 0.111 sec

Results :

Tests run: 12, Failures: 0, Errors: 0, Skipped: 0

[INFO] 
[INFO] --------------< com.oracle.wls.exporter:wls-exporter-war >--------------
[INFO] Building wls-exporter-war 1.2.0-SNAPSHOT                           [4/5]
[INFO] --------------------------------[ war ]---------------------------------
[INFO] 
[INFO] --- maven-resources-plugin:2.6:resources (default-resources) @ wls-exporter-war ---
[WARNING] Using platform encoding (UTF-8 actually) to copy filtered resources, i.e. build is platform dependent!
[INFO] skip non existing resourceDirectory /workdir/weblogic-monitoring-exporter/wls-exporter-war/src/main/resources
[INFO] 
[INFO] --- maven-compiler-plugin:3.6.1:compile (default-compile) @ wls-exporter-war ---
[INFO] No sources to compile
[INFO] 
[INFO] --- maven-resources-plugin:2.6:testResources (default-testResources) @ wls-exporter-war ---
[WARNING] Using platform encoding (UTF-8 actually) to copy filtered resources, i.e. build is platform dependent!
[INFO] skip non existing resourceDirectory /workdir/weblogic-monitoring-exporter/wls-exporter-war/src/test/resources
[INFO] 
[INFO] --- maven-compiler-plugin:3.6.1:testCompile (default-testCompile) @ wls-exporter-war ---
[INFO] No sources to compile
[INFO] 
[INFO] --- maven-surefire-plugin:2.12.4:test (default-test) @ wls-exporter-war ---
[INFO] No tests to run.
[INFO] 
[INFO] -----------< com.oracle.wls.exporter:wls-operator-exporter >------------
[INFO] Building wls-operator-exporter 1.2.0-SNAPSHOT                      [5/5]
[INFO] --------------------------------[ war ]---------------------------------
[INFO] 
[INFO] --- maven-resources-plugin:2.6:resources (default-resources) @ wls-operator-exporter ---
[WARNING] Using platform encoding (UTF-8 actually) to copy filtered resources, i.e. build is platform dependent!
[INFO] skip non existing resourceDirectory /workdir/weblogic-monitoring-exporter/wls-operator-exporter/src/main/resources
[INFO] 
[INFO] --- maven-compiler-plugin:3.6.1:compile (default-compile) @ wls-operator-exporter ---
[INFO] No sources to compile
[INFO] 
[INFO] --- maven-resources-plugin:2.6:testResources (default-testResources) @ wls-operator-exporter ---
[WARNING] Using platform encoding (UTF-8 actually) to copy filtered resources, i.e. build is platform dependent!
[INFO] skip non existing resourceDirectory /workdir/weblogic-monitoring-exporter/wls-operator-exporter/src/test/resources
[INFO] 
[INFO] --- maven-compiler-plugin:3.6.1:testCompile (default-testCompile) @ wls-operator-exporter ---
[INFO] No sources to compile
[INFO] 
[INFO] --- maven-surefire-plugin:2.12.4:test (default-test) @ wls-operator-exporter ---
[INFO] No tests to run.
[INFO] ------------------------------------------------------------------------
[INFO] Reactor Summary for WebLogic Monitoring Exporter 1.2.0-SNAPSHOT:
[INFO] 
[INFO] WebLogic Monitoring Exporter ....................... SUCCESS [  0.003 s]
[INFO] wls-exporter-core .................................. SUCCESS [  2.607 s]
[INFO] Exporter Build Helper Maven Mojo ................... SUCCESS [  0.824 s]
[INFO] wls-exporter-war ................................... SUCCESS [  0.016 s]
[INFO] wls-operator-exporter .............................. SUCCESS [  0.019 s]
[INFO] ------------------------------------------------------------------------
[INFO] BUILD SUCCESS
[INFO] ------------------------------------------------------------------------
[INFO] Total time:  3.559 s
[INFO] Finished at: 2021-02-15T08:47:24Z
[INFO] ------------------------------------------------------------------------
