[INFO] Scanning for projects...
[WARNING] 
[WARNING] Some problems were encountered while building the effective model for com.alibaba.nacos:nacos-spring-context:jar:1.0.0
[WARNING] 'build.plugins.plugin.version' for io.spring.javaformat:spring-javaformat-maven-plugin is missing. @ com.alibaba.nacos:nacos-spring-parent:1.0.0, /workdir/nacos-spring-project/pom.xml, line 317, column 21
[WARNING] 'build.plugins.plugin.version' for org.apache.maven.plugins:maven-checkstyle-plugin is missing. @ com.alibaba.nacos:nacos-spring-parent:1.0.0, /workdir/nacos-spring-project/pom.xml, line 321, column 21
[WARNING] 'build.plugins.plugin.version' for org.apache.maven.plugins:maven-source-plugin is missing. @ com.alibaba.nacos:nacos-spring-parent:1.0.0, /workdir/nacos-spring-project/pom.xml, line 325, column 21
[WARNING] 'build.plugins.plugin.version' for org.apache.maven.plugins:maven-javadoc-plugin is missing. @ com.alibaba.nacos:nacos-spring-parent:1.0.0, /workdir/nacos-spring-project/pom.xml, line 284, column 21
[WARNING] 'build.plugins.plugin.version' for org.apache.maven.plugins:maven-eclipse-plugin is missing. @ com.alibaba.nacos:nacos-spring-parent:1.0.0, /workdir/nacos-spring-project/pom.xml, line 296, column 21
[WARNING] 
[WARNING] Some problems were encountered while building the effective model for com.alibaba.nacos:nacos-embedded-webserver:jar:1.0.0
[WARNING] 'build.plugins.plugin.version' for io.spring.javaformat:spring-javaformat-maven-plugin is missing. @ com.alibaba.nacos:nacos-spring-parent:1.0.0, /workdir/nacos-spring-project/pom.xml, line 317, column 21
[WARNING] 'build.plugins.plugin.version' for org.apache.maven.plugins:maven-checkstyle-plugin is missing. @ com.alibaba.nacos:nacos-spring-parent:1.0.0, /workdir/nacos-spring-project/pom.xml, line 321, column 21
[WARNING] 'build.plugins.plugin.version' for org.apache.maven.plugins:maven-source-plugin is missing. @ com.alibaba.nacos:nacos-spring-parent:1.0.0, /workdir/nacos-spring-project/pom.xml, line 325, column 21
[WARNING] 'build.plugins.plugin.version' for org.apache.maven.plugins:maven-javadoc-plugin is missing. @ com.alibaba.nacos:nacos-spring-parent:1.0.0, /workdir/nacos-spring-project/pom.xml, line 284, column 21
[WARNING] 'build.plugins.plugin.version' for org.apache.maven.plugins:maven-eclipse-plugin is missing. @ com.alibaba.nacos:nacos-spring-parent:1.0.0, /workdir/nacos-spring-project/pom.xml, line 296, column 21
[WARNING] 
[WARNING] Some problems were encountered while building the effective model for com.alibaba.nacos:nacos-spring-webmvc-sample:war:1.0.0
[WARNING] 'build.plugins.plugin.version' for io.spring.javaformat:spring-javaformat-maven-plugin is missing. @ com.alibaba.nacos:nacos-spring-parent:1.0.0, /workdir/nacos-spring-project/pom.xml, line 317, column 21
[WARNING] 'build.plugins.plugin.version' for org.apache.maven.plugins:maven-checkstyle-plugin is missing. @ com.alibaba.nacos:nacos-spring-parent:1.0.0, /workdir/nacos-spring-project/pom.xml, line 321, column 21
[WARNING] 'build.plugins.plugin.version' for org.apache.maven.plugins:maven-source-plugin is missing. @ com.alibaba.nacos:nacos-spring-parent:1.0.0, /workdir/nacos-spring-project/pom.xml, line 325, column 21
[WARNING] 'build.plugins.plugin.version' for org.apache.maven.plugins:maven-javadoc-plugin is missing. @ com.alibaba.nacos:nacos-spring-parent:1.0.0, /workdir/nacos-spring-project/pom.xml, line 284, column 21
[WARNING] 'build.plugins.plugin.version' for org.apache.maven.plugins:maven-deploy-plugin is missing. @ com.alibaba.nacos:nacos-spring-samples:1.0.0, /workdir/nacos-spring-project/nacos-spring-samples/pom.xml, line 39, column 21
[WARNING] 'build.plugins.plugin.version' for org.apache.maven.plugins:maven-eclipse-plugin is missing. @ com.alibaba.nacos:nacos-spring-parent:1.0.0, /workdir/nacos-spring-project/pom.xml, line 296, column 21
[WARNING] The expression ${artifactId} is deprecated. Please use ${project.artifactId} instead.
[WARNING] 
[WARNING] Some problems were encountered while building the effective model for com.alibaba.nacos:nacos-spring-samples:pom:1.0.0
[WARNING] 'build.plugins.plugin.version' for io.spring.javaformat:spring-javaformat-maven-plugin is missing. @ com.alibaba.nacos:nacos-spring-parent:1.0.0, /workdir/nacos-spring-project/pom.xml, line 317, column 21
[WARNING] 'build.plugins.plugin.version' for org.apache.maven.plugins:maven-checkstyle-plugin is missing. @ com.alibaba.nacos:nacos-spring-parent:1.0.0, /workdir/nacos-spring-project/pom.xml, line 321, column 21
[WARNING] 'build.plugins.plugin.version' for org.apache.maven.plugins:maven-source-plugin is missing. @ com.alibaba.nacos:nacos-spring-parent:1.0.0, /workdir/nacos-spring-project/pom.xml, line 325, column 21
[WARNING] 'build.plugins.plugin.version' for org.apache.maven.plugins:maven-javadoc-plugin is missing. @ com.alibaba.nacos:nacos-spring-parent:1.0.0, /workdir/nacos-spring-project/pom.xml, line 284, column 21
[WARNING] 'build.plugins.plugin.version' for org.apache.maven.plugins:maven-deploy-plugin is missing. @ line 39, column 21
[WARNING] 'build.plugins.plugin.version' for org.apache.maven.plugins:maven-eclipse-plugin is missing. @ com.alibaba.nacos:nacos-spring-parent:1.0.0, /workdir/nacos-spring-project/pom.xml, line 296, column 21
[WARNING] 
[WARNING] Some problems were encountered while building the effective model for com.alibaba.nacos:nacos-spring-parent:pom:1.0.0
[WARNING] 'build.plugins.plugin.version' for io.spring.javaformat:spring-javaformat-maven-plugin is missing. @ line 317, column 21
[WARNING] 'build.plugins.plugin.version' for org.apache.maven.plugins:maven-checkstyle-plugin is missing. @ line 321, column 21
[WARNING] 'build.plugins.plugin.version' for org.apache.maven.plugins:maven-source-plugin is missing. @ line 325, column 21
[WARNING] 'build.plugins.plugin.version' for org.apache.maven.plugins:maven-javadoc-plugin is missing. @ line 284, column 21
[WARNING] 'build.plugins.plugin.version' for org.apache.maven.plugins:maven-eclipse-plugin is missing. @ line 296, column 21
[WARNING] 
[WARNING] It is highly recommended to fix these problems because they threaten the stability of your build.
[WARNING] 
[WARNING] For this reason, future Maven versions might no longer support building such malformed projects.
[WARNING] 
[INFO] ------------------------------------------------------------------------
[INFO] Reactor Build Order:
[INFO] 
[INFO] Alibaba Nacos :: Spring :: POM                                     [pom]
[INFO] Alibaba Nacos :: Samples :: Embedded Web Server                    [jar]
[INFO] Alibaba Nacos :: Spring :: Context                                 [jar]
[INFO] Alibaba Nacos :: Samples :: POM                                    [pom]
[INFO] Alibaba Nacos :: Samples :: Spring Web MVC                         [war]
[INFO] 
[INFO] ---------------< com.alibaba.nacos:nacos-spring-parent >----------------
[INFO] Building Alibaba Nacos :: Spring :: POM 1.0.0                      [1/5]
[INFO] --------------------------------[ pom ]---------------------------------
[INFO] 
[INFO] --- maven-enforcer-plugin:1.0:enforce (enforce-maven) @ nacos-spring-parent ---
[INFO] 
[INFO] -------------< com.alibaba.nacos:nacos-embedded-webserver >-------------
[INFO] Building Alibaba Nacos :: Samples :: Embedded Web Server 1.0.0     [2/5]
[INFO] --------------------------------[ jar ]---------------------------------
[INFO] 
[INFO] --- maven-enforcer-plugin:1.0:enforce (enforce-maven) @ nacos-embedded-webserver ---
[INFO] 
[INFO] --- maven-resources-plugin:2.6:resources (default-resources) @ nacos-embedded-webserver ---
[INFO] Using 'UTF-8' encoding to copy filtered resources.
[INFO] skip non existing resourceDirectory /workdir/nacos-spring-project/nacos-spring-samples/nacos-embedded-webserver/src/main/resources
[INFO] 
[INFO] --- maven-compiler-plugin:3.1:compile (default-compile) @ nacos-embedded-webserver ---
[INFO] Nothing to compile - all classes are up to date
[INFO] 
[INFO] --- maven-resources-plugin:2.6:testResources (default-testResources) @ nacos-embedded-webserver ---
[INFO] Using 'UTF-8' encoding to copy filtered resources.
[INFO] skip non existing resourceDirectory /workdir/nacos-spring-project/nacos-spring-samples/nacos-embedded-webserver/src/test/resources
[INFO] 
[INFO] --- maven-compiler-plugin:3.1:testCompile (default-testCompile) @ nacos-embedded-webserver ---
[INFO] No sources to compile
[INFO] 
[INFO] --- maven-surefire-plugin:2.12.4:test (default-test) @ nacos-embedded-webserver ---
[INFO] No tests to run.
[INFO] 
[INFO] ---------------< com.alibaba.nacos:nacos-spring-context >---------------
[INFO] Building Alibaba Nacos :: Spring :: Context 1.0.0                  [3/5]
[INFO] --------------------------------[ jar ]---------------------------------
[INFO] 
[INFO] --- maven-enforcer-plugin:1.0:enforce (enforce-maven) @ nacos-spring-context ---
[INFO] 
[INFO] --- maven-resources-plugin:2.6:resources (default-resources) @ nacos-spring-context ---
[INFO] Using 'UTF-8' encoding to copy filtered resources.
[INFO] Copying 3 resources
[INFO] 
[INFO] --- maven-compiler-plugin:3.1:compile (default-compile) @ nacos-spring-context ---
[INFO] Nothing to compile - all classes are up to date
[INFO] 
[INFO] --- maven-resources-plugin:2.6:testResources (default-testResources) @ nacos-spring-context ---
[INFO] Using 'UTF-8' encoding to copy filtered resources.
[INFO] Copying 4 resources
[INFO] 
[INFO] --- maven-compiler-plugin:3.1:testCompile (default-testCompile) @ nacos-spring-context ---
[INFO] Changes detected - recompiling the module!
[INFO] Compiling 44 source files to /workdir/nacos-spring-project/nacos-spring-context/target/test-classes
[WARNING] /workdir/nacos-spring-project/nacos-spring-context/src/test/java/com/alibaba/nacos/spring/util/PropertiesPlaceholderResolverTest.java: /workdir/nacos-spring-project/nacos-spring-context/src/test/java/com/alibaba/nacos/spring/util/PropertiesPlaceholderResolverTest.java uses unchecked or unsafe operations.
[WARNING] /workdir/nacos-spring-project/nacos-spring-context/src/test/java/com/alibaba/nacos/spring/util/PropertiesPlaceholderResolverTest.java: Recompile with -Xlint:unchecked for details.
[INFO] 
[INFO] --- maven-surefire-plugin:2.12.4:test (default-test) @ nacos-spring-context ---
[INFO] Surefire report directory: /workdir/nacos-spring-project/nacos-spring-context/target/surefire-reports

-------------------------------------------------------
 T E S T S
-------------------------------------------------------
Running com.alibaba.nacos.spring.config.NacosNamespaceHandlerTest
SLF4J: Failed to load class "org.slf4j.impl.StaticLoggerBinder".
SLF4J: Defaulting to no-operation (NOP) logger implementation
SLF4J: See http://www.slf4j.org/codes.html#StaticLoggerBinder for further details.
[main] Embedded Nacos HTTP Server(port : 33393) is starting...
[main] Embedded Nacos HTTP Server mapped request URI : /nacos/v1/cs/configs...
Feb 15, 2021 8:59:24 AM org.springframework.beans.factory.xml.XmlBeanDefinitionReader loadBeanDefinitions
INFO: Loading XML bean definitions from class path resource [META-INF/nacos-context.xml]
Feb 15, 2021 8:59:24 AM org.springframework.beans.factory.xml.XmlBeanDefinitionReader loadBeanDefinitions
INFO: Loading XML bean definitions from class path resource [META-INF/nacos-property-source.xml]
Feb 15, 2021 8:59:24 AM org.springframework.context.support.GenericApplicationContext prepareRefresh
INFO: Refreshing org.springframework.context.support.GenericApplicationContext@4e08711f: startup date [Mon Feb 15 08:59:24 UTC 2021]; root of context hierarchy
Feb 15, 2021 8:59:24 AM org.springframework.context.support.GenericApplicationContext postProcessAfterInitialization
INFO: Bean 'namingServiceBeanBuilder' of type [class com.alibaba.nacos.spring.beans.factory.annotation.NamingServiceBeanBuilder] is not eligible for getting processed by all BeanPostProcessors (for example: not eligible for auto-proxying)
Feb 15, 2021 8:59:24 AM org.springframework.context.support.GenericApplicationContext postProcessAfterInitialization
INFO: Bean 'namingMaintainServiceBeanBuilder' of type [class com.alibaba.nacos.spring.beans.factory.annotation.NamingMaintainServiceBeanBuilder] is not eligible for getting processed by all BeanPostProcessors (for example: not eligible for auto-proxying)
Feb 15, 2021 8:59:24 AM org.springframework.beans.factory.support.DefaultListableBeanFactory preInstantiateSingletons
INFO: Pre-instantiating singletons in org.springframework.beans.factory.support.DefaultListableBeanFactory@4b34fff9: defining beans [org.springframework.context.support.PropertySourcesPlaceholderConfigurer#0,nacosApplicationContextHolder,annotationNacosInjectedBeanPostProcessor,propertySourcesPlaceholderConfigurer,nacosConfigurationPropertiesBindingPostProcessor,nacosConfigListenerMethodProcessor,nacosPropertySourcePostProcessor,annotationNacosPropertySourceBuilder,nacosValueAnnotationBeanPostProcessor,configServiceBeanBuilder,loggingNacosConfigMetadataEventListener,namingServiceBeanBuilder,namingMaintainServiceBeanBuilder,xmlNacosPropertySourceBuilder,com.alibaba.nacos.spring.context.config.xml.NacosPropertySourceXmlBeanDefinition#0,user,org.springframework.context.annotation.internalConfigurationAnnotationProcessor,org.springframework.context.annotation.internalAutowiredAnnotationProcessor,org.springframework.context.annotation.internalRequiredAnnotationProcessor,org.springframework.context.annotation.internalCommonAnnotationProcessor,org.springframework.context.annotation.ConfigurationClassPostProcessor.importAwareProcessor]; root of factory hierarchy
[main] Embedded Nacos HTTP Server(port : 33393) is stopping...
[main] Embedded Nacos HTTP Server(port : 33393) is stopped.
Feb 15, 2021 8:59:25 AM org.springframework.context.support.GenericApplicationContext doClose
INFO: Closing org.springframework.context.support.GenericApplicationContext@4e08711f: startup date [Mon Feb 15 08:59:24 UTC 2021]; root of context hierarchy
Feb 15, 2021 8:59:25 AM org.springframework.beans.factory.support.DefaultListableBeanFactory destroySingletons
INFO: Destroying singletons in org.springframework.beans.factory.support.DefaultListableBeanFactory@4b34fff9: defining beans [org.springframework.context.support.PropertySourcesPlaceholderConfigurer#0,nacosApplicationContextHolder,annotationNacosInjectedBeanPostProcessor,propertySourcesPlaceholderConfigurer,nacosConfigurationPropertiesBindingPostProcessor,nacosConfigListenerMethodProcessor,nacosPropertySourcePostProcessor,annotationNacosPropertySourceBuilder,nacosValueAnnotationBeanPostProcessor,configServiceBeanBuilder,loggingNacosConfigMetadataEventListener,namingServiceBeanBuilder,namingMaintainServiceBeanBuilder,xmlNacosPropertySourceBuilder,com.alibaba.nacos.spring.context.config.xml.NacosPropertySourceXmlBeanDefinition#0,user,org.springframework.context.annotation.internalConfigurationAnnotationProcessor,org.springframework.context.annotation.internalAutowiredAnnotationProcessor,org.springframework.context.annotation.internalRequiredAnnotationProcessor,org.springframework.context.annotation.internalCommonAnnotationProcessor,org.springframework.context.annotation.ConfigurationClassPostProcessor.importAwareProcessor]; root of factory hierarchy
Feb 15, 2021 8:59:25 AM com.alibaba.nacos.spring.context.annotation.config.NacosValueAnnotationBeanPostProcessor destroy
INFO: class com.alibaba.nacos.spring.context.annotation.config.NacosValueAnnotationBeanPostProcessor was destroying!
Feb 15, 2021 8:59:25 AM com.alibaba.nacos.spring.beans.factory.annotation.AnnotationNacosInjectedBeanPostProcessor destroy
INFO: com.alibaba.nacos.spring.context.event.config.EventPublishingConfigService@452e26d0 was destroying!
Feb 15, 2021 8:59:25 AM com.alibaba.nacos.spring.beans.factory.annotation.AnnotationNacosInjectedBeanPostProcessor destroy
INFO: class com.alibaba.nacos.spring.beans.factory.annotation.AnnotationNacosInjectedBeanPostProcessor was destroying!
Tests run: 2, Failures: 0, Errors: 0, Skipped: 0, Time elapsed: 1.411 sec
Running com.alibaba.nacos.spring.beans.factory.annotation.AnnotationNacosInjectedBeanPostProcessorTest
[main] Embedded Nacos HTTP Server(port : 39745) is starting...
[main] Embedded Nacos HTTP Server mapped request URI : /nacos/v1/cs/configs...
Feb 15, 2021 8:59:25 AM org.springframework.context.support.GenericApplicationContext prepareRefresh
INFO: Refreshing org.springframework.context.support.GenericApplicationContext@4263b080: startup date [Mon Feb 15 08:59:25 UTC 2021]; root of context hierarchy
WARNING: An illegal reflective access operation has occurred
WARNING: Illegal reflective access by org.springframework.cglib.core.ReflectUtils$2 (file:/home/maven/.m2/repository/org/springframework/spring-core/3.2.18.RELEASE/spring-core-3.2.18.RELEASE.jar) to method java.lang.ClassLoader.defineClass(java.lang.String,byte[],int,int,java.security.ProtectionDomain)
WARNING: Please consider reporting this to the maintainers of org.springframework.cglib.core.ReflectUtils$2
WARNING: Use --illegal-access=warn to enable warnings of further illegal reflective access operations
WARNING: All illegal access operations will be denied in a future release
Feb 15, 2021 8:59:25 AM org.springframework.context.support.GenericApplicationContext postProcessAfterInitialization
INFO: Bean 'namingServiceBeanBuilder' of type [class com.alibaba.nacos.spring.beans.factory.annotation.NamingServiceBeanBuilder] is not eligible for getting processed by all BeanPostProcessors (for example: not eligible for auto-proxying)
Feb 15, 2021 8:59:25 AM org.springframework.context.support.GenericApplicationContext postProcessAfterInitialization
INFO: Bean 'namingMaintainServiceBeanBuilder' of type [class com.alibaba.nacos.spring.beans.factory.annotation.NamingMaintainServiceBeanBuilder] is not eligible for getting processed by all BeanPostProcessors (for example: not eligible for auto-proxying)
Feb 15, 2021 8:59:25 AM org.springframework.beans.factory.support.DefaultListableBeanFactory preInstantiateSingletons
INFO: Pre-instantiating singletons in org.springframework.beans.factory.support.DefaultListableBeanFactory@63f34b70: defining beans [org.springframework.context.annotation.internalConfigurationAnnotationProcessor,org.springframework.context.annotation.internalAutowiredAnnotationProcessor,org.springframework.context.annotation.internalRequiredAnnotationProcessor,org.springframework.context.annotation.internalCommonAnnotationProcessor,testConfiguration,configServiceBeanBuilder,namingServiceBeanBuilder,annotationNacosInjectedBeanPostProcessor,annotationNacosInjectedBeanPostProcessorTest,org.springframework.context.annotation.ConfigurationClassPostProcessor.importAwareProcessor,org.springframework.context.support.PropertySourcesPlaceholderConfigurer,nacosApplicationContextHolder,propertySourcesPlaceholderConfigurer,nacosConfigurationPropertiesBindingPostProcessor,nacosConfigListenerMethodProcessor,nacosPropertySourcePostProcessor,annotationNacosPropertySourceBuilder,nacosValueAnnotationBeanPostProcessor,loggingNacosConfigMetadataEventListener,namingMaintainServiceBeanBuilder,globalNacosProperties]; root of factory hierarchy
[main] Embedded Nacos HTTP Server(port : 39745) is stopping...
[main] Embedded Nacos HTTP Server(port : 39745) is stopped.
Tests run: 2, Failures: 0, Errors: 0, Skipped: 0, Time elapsed: 0.192 sec
Running com.alibaba.nacos.spring.util.NacosBeanUtilsTest
Feb 15, 2021 8:59:25 AM org.springframework.test.context.TestContextManager retrieveTestExecutionListeners
INFO: Could not instantiate TestExecutionListener [org.springframework.test.context.web.ServletTestExecutionListener]. Specify custom listener classes or make the default listener classes (and their required dependencies) available. Offending class: [javax/servlet/ServletContext]
Feb 15, 2021 8:59:25 AM org.springframework.test.context.TestContextManager retrieveTestExecutionListeners
INFO: Could not instantiate TestExecutionListener [org.springframework.test.context.transaction.TransactionalTestExecutionListener]. Specify custom listener classes or make the default listener classes (and their required dependencies) available. Offending class: [org/springframework/transaction/interceptor/TransactionAttributeSource]
Feb 15, 2021 8:59:25 AM org.springframework.context.support.GenericApplicationContext prepareRefresh
INFO: Refreshing org.springframework.context.support.GenericApplicationContext@4163f1cd: startup date [Mon Feb 15 08:59:25 UTC 2021]; root of context hierarchy
Feb 15, 2021 8:59:25 AM org.springframework.beans.factory.support.DefaultListableBeanFactory preInstantiateSingletons
INFO: Pre-instantiating singletons in org.springframework.beans.factory.support.DefaultListableBeanFactory@3e681bc: defining beans [org.springframework.context.annotation.internalConfigurationAnnotationProcessor,org.springframework.context.annotation.internalAutowiredAnnotationProcessor,org.springframework.context.annotation.internalRequiredAnnotationProcessor,org.springframework.context.annotation.internalCommonAnnotationProcessor,testConfiguration,testApplicationHolder,org.springframework.context.annotation.ConfigurationClassPostProcessor.importAwareProcessor,globalNacosProperties,nacosApplicationContextHolder]; root of factory hierarchy
Tests run: 2, Failures: 0, Errors: 0, Skipped: 0, Time elapsed: 0.018 sec
Running com.alibaba.nacos.spring.util.PropertiesPlaceholderResolverTest
Tests run: 1, Failures: 0, Errors: 0, Skipped: 0, Time elapsed: 0.001 sec
Running com.alibaba.nacos.spring.util.ObjectUtilsTest
Tests run: 1, Failures: 0, Errors: 0, Skipped: 0, Time elapsed: 0 sec
Running com.alibaba.nacos.spring.util.NacosUtilsTest
Tests run: 1, Failures: 0, Errors: 0, Skipped: 0, Time elapsed: 0.005 sec
Running com.alibaba.nacos.spring.util.ConfigParseUtilsTest
{students[0].name=lct-1, students[0].num=12, students[1].name=lct-2, students[1].num=13, students[2].name=lct-3, students[2].num=14}
{people.a=1, people.b=1}
true
{xmlSign.Students[0].Name=lct-1, xmlSign.Students[0].Num=1006010022, xmlSign.Students[0].Classes=major-1, xmlSign.Students[0].Address=hangzhou, xmlSign.Students[0].Tel=123456, xmlSign.Students[1].Name=lct-3, xmlSign.Students[1].Num=1006010044, xmlSign.Students[1].Classes=major-3, xmlSign.Students[1].Address=wenzhou, xmlSign.Students[1].Tel=345678, xmlSign.Students[2].Name=lct-4, xmlSign.Students[2].Num=1006010055, xmlSign.Students[2].Classes=major-3, xmlSign.Students[2].Address=wuhan, xmlSign.Students[2].Tel=456789}
{name=yihaomen-aaa, address=wuhan, app.menus[0].title=Home, app.menus[0].name=Home, app.menus[0].path=/, app.menus[1].title=Login, app.menus[1].name=Login, app.menus[1].path=/login, app.compiler.timeout=5, app.compiler.output-folder=/temp/, app.error=/error/, school=hangzhoudianzi university}
Tests run: 3, Failures: 0, Errors: 0, Skipped: 0, Time elapsed: 0.033 sec
Running com.alibaba.nacos.spring.factory.CacheableEventPublishingNacosServiceFactoryTest
[main] Embedded Nacos HTTP Server(port : 45613) is starting...
[main] Embedded Nacos HTTP Server mapped request URI : /nacos/v1/cs/configs...
Feb 15, 2021 8:59:25 AM org.springframework.context.support.GenericApplicationContext prepareRefresh
INFO: Refreshing org.springframework.context.support.GenericApplicationContext@22101c80: startup date [Mon Feb 15 08:59:25 UTC 2021]; root of context hierarchy
Feb 15, 2021 8:59:25 AM org.springframework.context.support.GenericApplicationContext postProcessAfterInitialization
INFO: Bean 'namingServiceBeanBuilder' of type [class com.alibaba.nacos.spring.beans.factory.annotation.NamingServiceBeanBuilder] is not eligible for getting processed by all BeanPostProcessors (for example: not eligible for auto-proxying)
Feb 15, 2021 8:59:25 AM org.springframework.context.support.GenericApplicationContext postProcessAfterInitialization
INFO: Bean 'namingMaintainServiceBeanBuilder' of type [class com.alibaba.nacos.spring.beans.factory.annotation.NamingMaintainServiceBeanBuilder] is not eligible for getting processed by all BeanPostProcessors (for example: not eligible for auto-proxying)
Feb 15, 2021 8:59:25 AM org.springframework.beans.factory.support.DefaultListableBeanFactory preInstantiateSingletons
INFO: Pre-instantiating singletons in org.springframework.beans.factory.support.DefaultListableBeanFactory@759d81f3: defining beans [org.springframework.context.annotation.internalConfigurationAnnotationProcessor,org.springframework.context.annotation.internalAutowiredAnnotationProcessor,org.springframework.context.annotation.internalRequiredAnnotationProcessor,org.springframework.context.annotation.internalCommonAnnotationProcessor,cacheableEventPublishingNacosServiceFactory,cacheableEventPublishingNacosServiceFactoryTest,org.springframework.context.annotation.ConfigurationClassPostProcessor.importAwareProcessor,org.springframework.context.support.PropertySourcesPlaceholderConfigurer,nacosApplicationContextHolder,annotationNacosInjectedBeanPostProcessor,propertySourcesPlaceholderConfigurer,nacosConfigurationPropertiesBindingPostProcessor,nacosConfigListenerMethodProcessor,nacosPropertySourcePostProcessor,annotationNacosPropertySourceBuilder,nacosValueAnnotationBeanPostProcessor,configServiceBeanBuilder,loggingNacosConfigMetadataEventListener,namingServiceBeanBuilder,namingMaintainServiceBeanBuilder,nacosConfigListenerExecutor]; root of factory hierarchy
[main] Embedded Nacos HTTP Server(port : 45613) is stopping...
[main] Embedded Nacos HTTP Server(port : 45613) is stopped.
Tests run: 5, Failures: 0, Errors: 0, Skipped: 0, Time elapsed: 0.058 sec
Running com.alibaba.nacos.spring.factory.CacheableNacosInjectedFactoryTest
Feb 15, 2021 8:59:25 AM org.springframework.test.context.TestContextManager retrieveTestExecutionListeners
INFO: Could not instantiate TestExecutionListener [org.springframework.test.context.web.ServletTestExecutionListener]. Specify custom listener classes or make the default listener classes (and their required dependencies) available. Offending class: [javax/servlet/ServletContext]
Feb 15, 2021 8:59:25 AM org.springframework.test.context.TestContextManager retrieveTestExecutionListeners
INFO: Could not instantiate TestExecutionListener [org.springframework.test.context.transaction.TransactionalTestExecutionListener]. Specify custom listener classes or make the default listener classes (and their required dependencies) available. Offending class: [org/springframework/transaction/interceptor/TransactionAttributeSource]
Feb 15, 2021 8:59:25 AM org.springframework.context.support.GenericApplicationContext prepareRefresh
INFO: Refreshing org.springframework.context.support.GenericApplicationContext@3122b117: startup date [Mon Feb 15 08:59:25 UTC 2021]; root of context hierarchy
Feb 15, 2021 8:59:25 AM org.springframework.beans.factory.support.DefaultListableBeanFactory preInstantiateSingletons
INFO: Pre-instantiating singletons in org.springframework.beans.factory.support.DefaultListableBeanFactory@29a23c3d: defining beans [org.springframework.context.annotation.internalConfigurationAnnotationProcessor,org.springframework.context.annotation.internalAutowiredAnnotationProcessor,org.springframework.context.annotation.internalRequiredAnnotationProcessor,org.springframework.context.annotation.internalCommonAnnotationProcessor,cacheableEventPublishingNacosServiceFactory,cacheableNacosInjectedFactoryTest,org.springframework.context.annotation.ConfigurationClassPostProcessor.importAwareProcessor,nacosConfigListenerExecutor]; root of factory hierarchy
Tests run: 2, Failures: 0, Errors: 0, Skipped: 0, Time elapsed: 0.025 sec
Running com.alibaba.nacos.spring.context.config.xml.GlobalNacosPropertiesBeanDefinitionParserTest
Feb 15, 2021 8:59:25 AM org.springframework.test.context.TestContextManager retrieveTestExecutionListeners
INFO: Could not instantiate TestExecutionListener [org.springframework.test.context.web.ServletTestExecutionListener]. Specify custom listener classes or make the default listener classes (and their required dependencies) available. Offending class: [javax/servlet/ServletContext]
Feb 15, 2021 8:59:25 AM org.springframework.test.context.TestContextManager retrieveTestExecutionListeners
INFO: Could not instantiate TestExecutionListener [org.springframework.test.context.transaction.TransactionalTestExecutionListener]. Specify custom listener classes or make the default listener classes (and their required dependencies) available. Offending class: [org/springframework/transaction/interceptor/TransactionAttributeSource]
Feb 15, 2021 8:59:25 AM org.springframework.beans.factory.xml.XmlBeanDefinitionReader loadBeanDefinitions
INFO: Loading XML bean definitions from class path resource [META-INF/nacos-global-properties.xml]
Feb 15, 2021 8:59:25 AM org.springframework.context.support.GenericApplicationContext prepareRefresh
INFO: Refreshing org.springframework.context.support.GenericApplicationContext@5f78de22: startup date [Mon Feb 15 08:59:25 UTC 2021]; root of context hierarchy
Feb 15, 2021 8:59:25 AM org.springframework.beans.factory.support.DefaultListableBeanFactory preInstantiateSingletons
INFO: Pre-instantiating singletons in org.springframework.beans.factory.support.DefaultListableBeanFactory@1ee29c84: defining beans [org.springframework.context.annotation.internalConfigurationAnnotationProcessor,org.springframework.context.annotation.internalAutowiredAnnotationProcessor,org.springframework.context.annotation.internalRequiredAnnotationProcessor,org.springframework.context.annotation.internalCommonAnnotationProcessor,org.springframework.context.annotation.ConfigurationClassPostProcessor.importAwareProcessor]; root of factory hierarchy
Tests run: 1, Failures: 0, Errors: 0, Skipped: 0, Time elapsed: 0.028 sec
Running com.alibaba.nacos.spring.context.config.xml.NacosAnnotationDrivenBeanDefinitionParserTest
Feb 15, 2021 8:59:25 AM org.springframework.test.context.TestContextManager retrieveTestExecutionListeners
INFO: Could not instantiate TestExecutionListener [org.springframework.test.context.web.ServletTestExecutionListener]. Specify custom listener classes or make the default listener classes (and their required dependencies) available. Offending class: [javax/servlet/ServletContext]
Feb 15, 2021 8:59:25 AM org.springframework.test.context.TestContextManager retrieveTestExecutionListeners
INFO: Could not instantiate TestExecutionListener [org.springframework.test.context.transaction.TransactionalTestExecutionListener]. Specify custom listener classes or make the default listener classes (and their required dependencies) available. Offending class: [org/springframework/transaction/interceptor/TransactionAttributeSource]
Feb 15, 2021 8:59:25 AM org.springframework.beans.factory.xml.XmlBeanDefinitionReader loadBeanDefinitions
INFO: Loading XML bean definitions from class path resource [META-INF/nacos-context.xml]
Feb 15, 2021 8:59:25 AM org.springframework.context.support.GenericApplicationContext prepareRefresh
INFO: Refreshing org.springframework.context.support.GenericApplicationContext@61533ae: startup date [Mon Feb 15 08:59:25 UTC 2021]; root of context hierarchy
Feb 15, 2021 8:59:25 AM org.springframework.context.support.GenericApplicationContext postProcessAfterInitialization
INFO: Bean 'namingServiceBeanBuilder' of type [class com.alibaba.nacos.spring.beans.factory.annotation.NamingServiceBeanBuilder] is not eligible for getting processed by all BeanPostProcessors (for example: not eligible for auto-proxying)
Feb 15, 2021 8:59:25 AM org.springframework.context.support.GenericApplicationContext postProcessAfterInitialization
INFO: Bean 'namingMaintainServiceBeanBuilder' of type [class com.alibaba.nacos.spring.beans.factory.annotation.NamingMaintainServiceBeanBuilder] is not eligible for getting processed by all BeanPostProcessors (for example: not eligible for auto-proxying)
Feb 15, 2021 8:59:25 AM org.springframework.beans.factory.support.DefaultListableBeanFactory preInstantiateSingletons
INFO: Pre-instantiating singletons in org.springframework.beans.factory.support.DefaultListableBeanFactory@1136b469: defining beans [org.springframework.context.support.PropertySourcesPlaceholderConfigurer#0,nacosApplicationContextHolder,annotationNacosInjectedBeanPostProcessor,propertySourcesPlaceholderConfigurer,nacosConfigurationPropertiesBindingPostProcessor,nacosConfigListenerMethodProcessor,nacosPropertySourcePostProcessor,annotationNacosPropertySourceBuilder,nacosValueAnnotationBeanPostProcessor,configServiceBeanBuilder,loggingNacosConfigMetadataEventListener,namingServiceBeanBuilder,namingMaintainServiceBeanBuilder,org.springframework.context.annotation.internalConfigurationAnnotationProcessor,org.springframework.context.annotation.internalAutowiredAnnotationProcessor,org.springframework.context.annotation.internalRequiredAnnotationProcessor,org.springframework.context.annotation.internalCommonAnnotationProcessor,org.springframework.context.annotation.ConfigurationClassPostProcessor.importAwareProcessor]; root of factory hierarchy
Tests run: 1, Failures: 0, Errors: 0, Skipped: 0, Time elapsed: 0.055 sec
Running com.alibaba.nacos.spring.context.config.xml.NacosPropertySourceBeanDefinitionParserTest
[main] Embedded Nacos HTTP Server(port : 45133) is starting...
[main] Embedded Nacos HTTP Server mapped request URI : /nacos/v1/cs/configs...
Feb 15, 2021 8:59:25 AM org.springframework.beans.factory.xml.XmlBeanDefinitionReader loadBeanDefinitions
INFO: Loading XML bean definitions from class path resource [META-INF/nacos-context.xml]
Feb 15, 2021 8:59:25 AM org.springframework.beans.factory.xml.XmlBeanDefinitionReader loadBeanDefinitions
INFO: Loading XML bean definitions from class path resource [META-INF/nacos-property-source.xml]
Feb 15, 2021 8:59:25 AM org.springframework.context.support.GenericApplicationContext prepareRefresh
INFO: Refreshing org.springframework.context.support.GenericApplicationContext@57bd802b: startup date [Mon Feb 15 08:59:25 UTC 2021]; root of context hierarchy
Feb 15, 2021 8:59:25 AM org.springframework.context.support.GenericApplicationContext postProcessAfterInitialization
INFO: Bean 'namingServiceBeanBuilder' of type [class com.alibaba.nacos.spring.beans.factory.annotation.NamingServiceBeanBuilder] is not eligible for getting processed by all BeanPostProcessors (for example: not eligible for auto-proxying)
Feb 15, 2021 8:59:25 AM org.springframework.context.support.GenericApplicationContext postProcessAfterInitialization
INFO: Bean 'namingMaintainServiceBeanBuilder' of type [class com.alibaba.nacos.spring.beans.factory.annotation.NamingMaintainServiceBeanBuilder] is not eligible for getting processed by all BeanPostProcessors (for example: not eligible for auto-proxying)
Feb 15, 2021 8:59:25 AM org.springframework.beans.factory.support.DefaultListableBeanFactory preInstantiateSingletons
INFO: Pre-instantiating singletons in org.springframework.beans.factory.support.DefaultListableBeanFactory@ddf20fd: defining beans [org.springframework.context.support.PropertySourcesPlaceholderConfigurer#0,nacosApplicationContextHolder,annotationNacosInjectedBeanPostProcessor,propertySourcesPlaceholderConfigurer,nacosConfigurationPropertiesBindingPostProcessor,nacosConfigListenerMethodProcessor,nacosPropertySourcePostProcessor,annotationNacosPropertySourceBuilder,nacosValueAnnotationBeanPostProcessor,configServiceBeanBuilder,loggingNacosConfigMetadataEventListener,namingServiceBeanBuilder,namingMaintainServiceBeanBuilder,xmlNacosPropertySourceBuilder,com.alibaba.nacos.spring.context.config.xml.NacosPropertySourceXmlBeanDefinition#0,user,org.springframework.context.annotation.internalConfigurationAnnotationProcessor,org.springframework.context.annotation.internalAutowiredAnnotationProcessor,org.springframework.context.annotation.internalRequiredAnnotationProcessor,org.springframework.context.annotation.internalCommonAnnotationProcessor,org.springframework.context.annotation.ConfigurationClassPostProcessor.importAwareProcessor]; root of factory hierarchy
[main] Embedded Nacos HTTP Server(port : 45133) is stopping...
[main] Embedded Nacos HTTP Server(port : 45133) is stopped.
Feb 15, 2021 8:59:26 AM org.springframework.context.support.GenericApplicationContext doClose
INFO: Closing org.springframework.context.support.GenericApplicationContext@57bd802b: startup date [Mon Feb 15 08:59:25 UTC 2021]; root of context hierarchy
Feb 15, 2021 8:59:26 AM org.springframework.beans.factory.support.DefaultListableBeanFactory destroySingletons
INFO: Destroying singletons in org.springframework.beans.factory.support.DefaultListableBeanFactory@ddf20fd: defining beans [org.springframework.context.support.PropertySourcesPlaceholderConfigurer#0,nacosApplicationContextHolder,annotationNacosInjectedBeanPostProcessor,propertySourcesPlaceholderConfigurer,nacosConfigurationPropertiesBindingPostProcessor,nacosConfigListenerMethodProcessor,nacosPropertySourcePostProcessor,annotationNacosPropertySourceBuilder,nacosValueAnnotationBeanPostProcessor,configServiceBeanBuilder,loggingNacosConfigMetadataEventListener,namingServiceBeanBuilder,namingMaintainServiceBeanBuilder,xmlNacosPropertySourceBuilder,com.alibaba.nacos.spring.context.config.xml.NacosPropertySourceXmlBeanDefinition#0,user,org.springframework.context.annotation.internalConfigurationAnnotationProcessor,org.springframework.context.annotation.internalAutowiredAnnotationProcessor,org.springframework.context.annotation.internalRequiredAnnotationProcessor,org.springframework.context.annotation.internalCommonAnnotationProcessor,org.springframework.context.annotation.ConfigurationClassPostProcessor.importAwareProcessor]; root of factory hierarchy
Feb 15, 2021 8:59:26 AM com.alibaba.nacos.spring.context.annotation.config.NacosValueAnnotationBeanPostProcessor destroy
INFO: class com.alibaba.nacos.spring.context.annotation.config.NacosValueAnnotationBeanPostProcessor was destroying!
Feb 15, 2021 8:59:26 AM com.alibaba.nacos.spring.beans.factory.annotation.AnnotationNacosInjectedBeanPostProcessor destroy
INFO: class com.alibaba.nacos.spring.beans.factory.annotation.AnnotationNacosInjectedBeanPostProcessor was destroying!
Tests run: 1, Failures: 0, Errors: 0, Skipped: 0, Time elapsed: 0.111 sec
Running com.alibaba.nacos.spring.context.annotation.config.NacosPropertySourceJsonTest
[main] Embedded Nacos HTTP Server(port : 41703) is starting...
[main] Embedded Nacos HTTP Server mapped request URI : /nacos/v1/cs/configs...
Feb 15, 2021 8:59:26 AM org.springframework.context.support.GenericApplicationContext prepareRefresh
INFO: Refreshing org.springframework.context.support.GenericApplicationContext@55ea2d70: startup date [Mon Feb 15 08:59:26 UTC 2021]; root of context hierarchy
Feb 15, 2021 8:59:26 AM org.springframework.beans.factory.support.DefaultListableBeanFactory preInstantiateSingletons
INFO: Pre-instantiating singletons in org.springframework.beans.factory.support.DefaultListableBeanFactory@175acfb2: defining beans [org.springframework.context.annotation.internalConfigurationAnnotationProcessor,org.springframework.context.annotation.internalAutowiredAnnotationProcessor,org.springframework.context.annotation.internalRequiredAnnotationProcessor,org.springframework.context.annotation.internalCommonAnnotationProcessor,nacosPropertySourceJsonTest,org.springframework.context.annotation.ConfigurationClassPostProcessor.importAwareProcessor,nacosApplicationContextHolder,annotationNacosInjectedBeanPostProcessor,propertySourcesPlaceholderConfigurer,nacosConfigurationPropertiesBindingPostProcessor,nacosConfigListenerMethodProcessor,nacosPropertySourcePostProcessor,annotationNacosPropertySourceBuilder,nacosValueAnnotationBeanPostProcessor,configServiceBeanBuilder,loggingNacosConfigMetadataEventListener,app]; root of factory hierarchy
[main] Embedded Nacos HTTP Server(port : 41703) is stopping...
[main] Embedded Nacos HTTP Server(port : 41703) is stopped.
Tests run: 1, Failures: 0, Errors: 0, Skipped: 0, Time elapsed: 2.292 sec
Running com.alibaba.nacos.spring.context.annotation.config.NacosPropertySourceBeanTest
[main] Embedded Nacos HTTP Server(port : 39467) is starting...
[main] Embedded Nacos HTTP Server mapped request URI : /nacos/v1/cs/configs...
Feb 15, 2021 8:59:28 AM org.springframework.context.support.GenericApplicationContext prepareRefresh
INFO: Refreshing org.springframework.context.support.GenericApplicationContext@7e8a46b7: startup date [Mon Feb 15 08:59:28 UTC 2021]; root of context hierarchy
Feb 15, 2021 8:59:28 AM org.springframework.beans.factory.support.DefaultListableBeanFactory preInstantiateSingletons
INFO: Pre-instantiating singletons in org.springframework.beans.factory.support.DefaultListableBeanFactory@1917d90f: defining beans [org.springframework.context.annotation.internalConfigurationAnnotationProcessor,org.springframework.context.annotation.internalAutowiredAnnotationProcessor,org.springframework.context.annotation.internalRequiredAnnotationProcessor,org.springframework.context.annotation.internalCommonAnnotationProcessor,nacosPropertySourceBeanTest,org.springframework.context.annotation.ConfigurationClassPostProcessor.importAwareProcessor,nacosApplicationContextHolder,annotationNacosInjectedBeanPostProcessor,propertySourcesPlaceholderConfigurer,nacosConfigurationPropertiesBindingPostProcessor,nacosConfigListenerMethodProcessor,nacosPropertySourcePostProcessor,annotationNacosPropertySourceBuilder,nacosValueAnnotationBeanPostProcessor,configServiceBeanBuilder,loggingNacosConfigMetadataEventListener,yamlBean]; root of factory hierarchy
[main] Embedded Nacos HTTP Server(port : 39467) is stopping...
[main] Embedded Nacos HTTP Server(port : 39467) is stopped.
Tests run: 1, Failures: 0, Errors: 0, Skipped: 0, Time elapsed: 2.509 sec
Running com.alibaba.nacos.spring.context.annotation.config.NacosPropertySourceReadFromEnvironmentTest
Tests run: 1, Failures: 0, Errors: 0, Skipped: 1, Time elapsed: 0.001 sec
Running com.alibaba.nacos.spring.context.annotation.config.NacosConfigBeanDefinitionRegistrarTest
Feb 15, 2021 8:59:30 AM org.springframework.test.context.TestContextManager retrieveTestExecutionListeners
INFO: Could not instantiate TestExecutionListener [org.springframework.test.context.web.ServletTestExecutionListener]. Specify custom listener classes or make the default listener classes (and their required dependencies) available. Offending class: [javax/servlet/ServletContext]
Feb 15, 2021 8:59:30 AM org.springframework.test.context.TestContextManager retrieveTestExecutionListeners
INFO: Could not instantiate TestExecutionListener [org.springframework.test.context.transaction.TransactionalTestExecutionListener]. Specify custom listener classes or make the default listener classes (and their required dependencies) available. Offending class: [org/springframework/transaction/interceptor/TransactionAttributeSource]
Feb 15, 2021 8:59:30 AM org.springframework.context.support.GenericApplicationContext prepareRefresh
INFO: Refreshing org.springframework.context.support.GenericApplicationContext@aa10649: startup date [Mon Feb 15 08:59:30 UTC 2021]; root of context hierarchy
Feb 15, 2021 8:59:30 AM org.springframework.beans.factory.support.DefaultListableBeanFactory preInstantiateSingletons
INFO: Pre-instantiating singletons in org.springframework.beans.factory.support.DefaultListableBeanFactory@37095ded: defining beans [org.springframework.context.annotation.internalConfigurationAnnotationProcessor,org.springframework.context.annotation.internalAutowiredAnnotationProcessor,org.springframework.context.annotation.internalRequiredAnnotationProcessor,org.springframework.context.annotation.internalCommonAnnotationProcessor,nacosConfigBeanDefinitionRegistrarTest,org.springframework.context.annotation.ConfigurationClassPostProcessor.importAwareProcessor,nacosApplicationContextHolder,annotationNacosInjectedBeanPostProcessor,propertySourcesPlaceholderConfigurer,nacosConfigurationPropertiesBindingPostProcessor,nacosConfigListenerMethodProcessor,nacosPropertySourcePostProcessor,annotationNacosPropertySourceBuilder,nacosValueAnnotationBeanPostProcessor,configServiceBeanBuilder,loggingNacosConfigMetadataEventListener]; root of factory hierarchy
Tests run: 1, Failures: 0, Errors: 0, Skipped: 0, Time elapsed: 0.032 sec
Running com.alibaba.nacos.spring.context.annotation.config.NacosPropertySourcePostProcessorTest
[main] Embedded Nacos HTTP Server(port : 36349) is starting...
[main] Embedded Nacos HTTP Server mapped request URI : /nacos/v1/cs/configs...
Feb 15, 2021 8:59:30 AM org.springframework.context.support.GenericApplicationContext prepareRefresh
INFO: Refreshing org.springframework.context.support.GenericApplicationContext@30404dba: startup date [Mon Feb 15 08:59:30 UTC 2021]; root of context hierarchy
Feb 15, 2021 8:59:30 AM org.springframework.beans.factory.support.DefaultListableBeanFactory preInstantiateSingletons
INFO: Pre-instantiating singletons in org.springframework.beans.factory.support.DefaultListableBeanFactory@4c0884e8: defining beans [org.springframework.context.annotation.internalConfigurationAnnotationProcessor,org.springframework.context.annotation.internalAutowiredAnnotationProcessor,org.springframework.context.annotation.internalRequiredAnnotationProcessor,org.springframework.context.annotation.internalCommonAnnotationProcessor,nacosPropertySourcePostProcessorTest,org.springframework.context.annotation.ConfigurationClassPostProcessor.importAwareProcessor,nacosApplicationContextHolder,annotationNacosInjectedBeanPostProcessor,propertySourcesPlaceholderConfigurer,nacosConfigurationPropertiesBindingPostProcessor,nacosConfigListenerMethodProcessor,nacosPropertySourcePostProcessor,annotationNacosPropertySourceBuilder,nacosValueAnnotationBeanPostProcessor,configServiceBeanBuilder,loggingNacosConfigMetadataEventListener]; root of factory hierarchy
Feb 15, 2021 8:59:30 AM org.springframework.context.annotation.AnnotationConfigApplicationContext prepareRefresh
INFO: Refreshing org.springframework.context.annotation.AnnotationConfigApplicationContext@7e46d648: startup date [Mon Feb 15 08:59:30 UTC 2021]; root of context hierarchy
Feb 15, 2021 8:59:31 AM org.springframework.beans.factory.support.DefaultListableBeanFactory preInstantiateSingletons
INFO: Pre-instantiating singletons in org.springframework.beans.factory.support.DefaultListableBeanFactory@42c2f48c: defining beans [org.springframework.context.annotation.internalConfigurationAnnotationProcessor,org.springframework.context.annotation.internalAutowiredAnnotationProcessor,org.springframework.context.annotation.internalRequiredAnnotationProcessor,org.springframework.context.annotation.internalCommonAnnotationProcessor,annotationNacosInjectedBeanPostProcessor,nacosPropertySourcePostProcessor,configServiceBeanBuilder,annotationNacosPropertySourceBuilder,testConfiguration,testApplicationHolder,nacosPropertySourcePostProcessorTest.FirstOrderNacosPropertySource,org.springframework.context.annotation.ConfigurationClassPostProcessor.importAwareProcessor,globalNacosProperties,nacosApplicationContextHolder]; root of factory hierarchy
Feb 15, 2021 8:59:31 AM org.springframework.context.annotation.AnnotationConfigApplicationContext prepareRefresh
INFO: Refreshing org.springframework.context.annotation.AnnotationConfigApplicationContext@7a639ec5: startup date [Mon Feb 15 08:59:31 UTC 2021]; root of context hierarchy
Feb 15, 2021 8:59:31 AM org.springframework.beans.factory.support.DefaultListableBeanFactory preInstantiateSingletons
INFO: Pre-instantiating singletons in org.springframework.beans.factory.support.DefaultListableBeanFactory@3013909b: defining beans [org.springframework.context.annotation.internalConfigurationAnnotationProcessor,org.springframework.context.annotation.internalAutowiredAnnotationProcessor,org.springframework.context.annotation.internalRequiredAnnotationProcessor,org.springframework.context.annotation.internalCommonAnnotationProcessor,annotationNacosInjectedBeanPostProcessor,nacosPropertySourcePostProcessor,configServiceBeanBuilder,annotationNacosPropertySourceBuilder,testConfiguration,testApplicationHolder,nacosPropertySourcePostProcessorTest.RelativeOrderNacosPropertySource,org.springframework.context.annotation.ConfigurationClassPostProcessor.importAwareProcessor,globalNacosProperties,nacosApplicationContextHolder]; root of factory hierarchy
[main] Embedded Nacos HTTP Server(port : 36349) is stopping...
[main] Embedded Nacos HTTP Server(port : 36349) is stopped.
Tests run: 2, Failures: 0, Errors: 0, Skipped: 0, Time elapsed: 0.675 sec
Running com.alibaba.nacos.spring.context.annotation.config.NacosYamlMapTest
[main] Embedded Nacos HTTP Server(port : 37807) is starting...
[main] Embedded Nacos HTTP Server mapped request URI : /nacos/v1/cs/configs...
Feb 15, 2021 8:59:31 AM org.springframework.context.support.GenericApplicationContext prepareRefresh
INFO: Refreshing org.springframework.context.support.GenericApplicationContext@4a29f290: startup date [Mon Feb 15 08:59:31 UTC 2021]; root of context hierarchy
Feb 15, 2021 8:59:31 AM org.springframework.beans.factory.support.DefaultListableBeanFactory preInstantiateSingletons
INFO: Pre-instantiating singletons in org.springframework.beans.factory.support.DefaultListableBeanFactory@4cd1c1dc: defining beans [org.springframework.context.annotation.internalConfigurationAnnotationProcessor,org.springframework.context.annotation.internalAutowiredAnnotationProcessor,org.springframework.context.annotation.internalRequiredAnnotationProcessor,org.springframework.context.annotation.internalCommonAnnotationProcessor,nacosYamlMapTest,org.springframework.context.annotation.ConfigurationClassPostProcessor.importAwareProcessor,nacosApplicationContextHolder,annotationNacosInjectedBeanPostProcessor,propertySourcesPlaceholderConfigurer,nacosConfigurationPropertiesBindingPostProcessor,nacosConfigListenerMethodProcessor,nacosPropertySourcePostProcessor,annotationNacosPropertySourceBuilder,nacosValueAnnotationBeanPostProcessor,configServiceBeanBuilder,loggingNacosConfigMetadataEventListener,yamlMap]; root of factory hierarchy
YamlMap{routingMap=[aaa, bbb, ccc, ddd, eee], endPointMap=[fff], testMap={abc=def1}}
YamlMap{routingMap=[aaa, bbb, ccc, ddd], endPointMap=[fff], testMap={liaochuntao=def1}}
[main] Embedded Nacos HTTP Server(port : 37807) is stopping...
[main] Embedded Nacos HTTP Server(port : 37807) is stopped.
Tests run: 1, Failures: 0, Errors: 0, Skipped: 0, Time elapsed: 2.49 sec
Running com.alibaba.nacos.spring.context.annotation.config.NacosConfigListenerMethodProcessorTest
[main] Embedded Nacos HTTP Server(port : 37147) is starting...
[main] Embedded Nacos HTTP Server mapped request URI : /nacos/v1/cs/configs...
Feb 15, 2021 8:59:34 AM org.springframework.context.support.GenericApplicationContext prepareRefresh
INFO: Refreshing org.springframework.context.support.GenericApplicationContext@2571066a: startup date [Mon Feb 15 08:59:34 UTC 2021]; root of context hierarchy
Feb 15, 2021 8:59:34 AM org.springframework.beans.factory.support.DefaultListableBeanFactory preInstantiateSingletons
INFO: Pre-instantiating singletons in org.springframework.beans.factory.support.DefaultListableBeanFactory@4a9486c0: defining beans [org.springframework.context.annotation.internalConfigurationAnnotationProcessor,org.springframework.context.annotation.internalAutowiredAnnotationProcessor,org.springframework.context.annotation.internalRequiredAnnotationProcessor,org.springframework.context.annotation.internalCommonAnnotationProcessor,testConfiguration,listeners,configServiceBeanBuilder,annotationNacosInjectedBeanPostProcessor,nacosConfigListenerMethodProcessor,nacosConfigListenerMethodProcessorTest,org.springframework.context.annotation.ConfigurationClassPostProcessor.importAwareProcessor,nacosApplicationContextHolder,propertySourcesPlaceholderConfigurer,nacosConfigurationPropertiesBindingPostProcessor,nacosPropertySourcePostProcessor,annotationNacosPropertySourceBuilder,nacosValueAnnotationBeanPostProcessor,loggingNacosConfigMetadataEventListener,globalNacosProperties]; root of factory hierarchy
[main] Embedded Nacos HTTP Server(port : 37147) is stopping...
[main] Embedded Nacos HTTP Server(port : 37147) is stopped.
Tests run: 2, Failures: 0, Errors: 0, Skipped: 0, Time elapsed: 7.113 sec
Running com.alibaba.nacos.spring.context.annotation.config.EnableNacosConfigTest
Tests run: 2, Failures: 0, Errors: 0, Skipped: 0, Time elapsed: 0.002 sec
Running com.alibaba.nacos.spring.context.annotation.config.NacosPropertiesTest
Tests run: 5, Failures: 0, Errors: 0, Skipped: 0, Time elapsed: 0.001 sec
Running com.alibaba.nacos.spring.context.annotation.config.NacosConfigListenerTest
[main] Embedded Nacos HTTP Server(port : 42733) is starting...
[main] Embedded Nacos HTTP Server mapped request URI : /nacos/v1/cs/configs...
Feb 15, 2021 8:59:41 AM org.springframework.context.support.GenericApplicationContext prepareRefresh
INFO: Refreshing org.springframework.context.support.GenericApplicationContext@8c46918: startup date [Mon Feb 15 08:59:41 UTC 2021]; root of context hierarchy
Feb 15, 2021 8:59:41 AM org.springframework.beans.factory.support.DefaultListableBeanFactory preInstantiateSingletons
INFO: Pre-instantiating singletons in org.springframework.beans.factory.support.DefaultListableBeanFactory@682bd3c4: defining beans [org.springframework.context.annotation.internalConfigurationAnnotationProcessor,org.springframework.context.annotation.internalAutowiredAnnotationProcessor,org.springframework.context.annotation.internalRequiredAnnotationProcessor,org.springframework.context.annotation.internalCommonAnnotationProcessor,nacosConfigListenerTest.NacosConfiguration,nacosConfigListenerTest,org.springframework.context.annotation.ConfigurationClassPostProcessor.importAwareProcessor,nacosApplicationContextHolder,annotationNacosInjectedBeanPostProcessor,propertySourcesPlaceholderConfigurer,nacosConfigurationPropertiesBindingPostProcessor,nacosConfigListenerMethodProcessor,nacosPropertySourcePostProcessor,annotationNacosPropertySourceBuilder,nacosValueAnnotationBeanPostProcessor,configServiceBeanBuilder,loggingNacosConfigMetadataEventListener]; root of factory hierarchy
Feb 15, 2021 8:59:41 AM com.alibaba.nacos.spring.context.annotation.config.NacosConfigListenerMethodProcessor isCandidateMethod
WARNING: Listener method [public void com.alibaba.nacos.spring.context.annotation.config.NacosConfigListenerTest.onMessage(java.util.Map)] is not a candidate , thus its parameter type [interface java.util.Map] can't be converted , please check NacosConfigConverter implementation : com.alibaba.nacos.spring.convert.converter.config.DefaultNacosConfigConverter
Feb 15, 2021 8:59:41 AM com.alibaba.nacos.spring.context.annotation.config.NacosConfigListenerMethodProcessor isCandidateMethod
WARNING: Listener method [public void com.alibaba.nacos.spring.context.annotation.config.NacosConfigListenerTest.onMessageYaml(java.util.Map)] is not a candidate , thus its parameter type [interface java.util.Map] can't be converted , please check NacosConfigConverter implementation : com.alibaba.nacos.spring.convert.converter.config.DefaultNacosConfigConverter
onMessage: 1613379581203
onMessage: {routingMap=, -=fff, endPointMap=, testMap=, abc=def1}
onMessage: {this.is.test=true}
[main] Embedded Nacos HTTP Server(port : 42733) is stopping...
[main] Embedded Nacos HTTP Server(port : 42733) is stopped.
Tests run: 1, Failures: 0, Errors: 0, Skipped: 0, Time elapsed: 3.09 sec
Running com.alibaba.nacos.spring.context.annotation.config.NacosPropertySourceXmlTest
[main] Embedded Nacos HTTP Server(port : 37985) is starting...
[main] Embedded Nacos HTTP Server mapped request URI : /nacos/v1/cs/configs...
Feb 15, 2021 8:59:44 AM org.springframework.context.support.GenericApplicationContext prepareRefresh
INFO: Refreshing org.springframework.context.support.GenericApplicationContext@57c88764: startup date [Mon Feb 15 08:59:44 UTC 2021]; root of context hierarchy
Feb 15, 2021 8:59:44 AM org.springframework.beans.factory.support.DefaultListableBeanFactory preInstantiateSingletons
INFO: Pre-instantiating singletons in org.springframework.beans.factory.support.DefaultListableBeanFactory@37fdfb05: defining beans [org.springframework.context.annotation.internalConfigurationAnnotationProcessor,org.springframework.context.annotation.internalAutowiredAnnotationProcessor,org.springframework.context.annotation.internalRequiredAnnotationProcessor,org.springframework.context.annotation.internalCommonAnnotationProcessor,nacosPropertySourceXmlTest,org.springframework.context.annotation.ConfigurationClassPostProcessor.importAwareProcessor,nacosApplicationContextHolder,annotationNacosInjectedBeanPostProcessor,propertySourcesPlaceholderConfigurer,nacosConfigurationPropertiesBindingPostProcessor,nacosConfigListenerMethodProcessor,nacosPropertySourcePostProcessor,annotationNacosPropertySourceBuilder,nacosValueAnnotationBeanPostProcessor,configServiceBeanBuilder,loggingNacosConfigMetadataEventListener,xmlApp]; root of factory hierarchy
[main] Embedded Nacos HTTP Server(port : 37985) is stopping...
[main] Embedded Nacos HTTP Server(port : 37985) is stopped.
Tests run: 1, Failures: 0, Errors: 0, Skipped: 0, Time elapsed: 2.05 sec
Running com.alibaba.nacos.spring.context.annotation.config.NacosPropertySourceYamlTest
[main] Embedded Nacos HTTP Server(port : 44073) is starting...
[main] Embedded Nacos HTTP Server mapped request URI : /nacos/v1/cs/configs...
Feb 15, 2021 8:59:46 AM org.springframework.context.support.GenericApplicationContext prepareRefresh
INFO: Refreshing org.springframework.context.support.GenericApplicationContext@64138b0c: startup date [Mon Feb 15 08:59:46 UTC 2021]; root of context hierarchy
Feb 15, 2021 8:59:46 AM org.springframework.beans.factory.support.DefaultListableBeanFactory preInstantiateSingletons
INFO: Pre-instantiating singletons in org.springframework.beans.factory.support.DefaultListableBeanFactory@22d9c961: defining beans [org.springframework.context.annotation.internalConfigurationAnnotationProcessor,org.springframework.context.annotation.internalAutowiredAnnotationProcessor,org.springframework.context.annotation.internalRequiredAnnotationProcessor,org.springframework.context.annotation.internalCommonAnnotationProcessor,nacosPropertySourceYamlTest,org.springframework.context.annotation.ConfigurationClassPostProcessor.importAwareProcessor,nacosApplicationContextHolder,annotationNacosInjectedBeanPostProcessor,propertySourcesPlaceholderConfigurer,nacosConfigurationPropertiesBindingPostProcessor,nacosConfigListenerMethodProcessor,nacosPropertySourcePostProcessor,annotationNacosPropertySourceBuilder,nacosValueAnnotationBeanPostProcessor,configServiceBeanBuilder,loggingNacosConfigMetadataEventListener,yamlApp,myApp]; root of factory hierarchy
[main] Embedded Nacos HTTP Server(port : 44073) is stopping...
[main] Embedded Nacos HTTP Server(port : 44073) is stopped.
Tests run: 1, Failures: 0, Errors: 0, Skipped: 0, Time elapsed: 2.695 sec
Running com.alibaba.nacos.spring.context.annotation.config.NacosPropertySourceTest
[main] Embedded Nacos HTTP Server(port : 34611) is starting...
[main] Embedded Nacos HTTP Server mapped request URI : /nacos/v1/cs/configs...
Feb 15, 2021 8:59:49 AM org.springframework.context.support.GenericApplicationContext prepareRefresh
INFO: Refreshing org.springframework.context.support.GenericApplicationContext@3b6c624: startup date [Mon Feb 15 08:59:49 UTC 2021]; root of context hierarchy
Feb 15, 2021 8:59:49 AM org.springframework.beans.factory.support.DefaultListableBeanFactory preInstantiateSingletons
INFO: Pre-instantiating singletons in org.springframework.beans.factory.support.DefaultListableBeanFactory@c81fd12: defining beans [org.springframework.context.annotation.internalConfigurationAnnotationProcessor,org.springframework.context.annotation.internalAutowiredAnnotationProcessor,org.springframework.context.annotation.internalRequiredAnnotationProcessor,org.springframework.context.annotation.internalCommonAnnotationProcessor,nacosPropertySourceTest,org.springframework.context.annotation.ConfigurationClassPostProcessor.importAwareProcessor,nacosApplicationContextHolder,annotationNacosInjectedBeanPostProcessor,propertySourcesPlaceholderConfigurer,nacosConfigurationPropertiesBindingPostProcessor,nacosConfigListenerMethodProcessor,nacosPropertySourcePostProcessor,annotationNacosPropertySourceBuilder,nacosValueAnnotationBeanPostProcessor,configServiceBeanBuilder,loggingNacosConfigMetadataEventListener,app]; root of factory hierarchy
[main] Embedded Nacos HTTP Server(port : 34611) is stopping...
[main] Embedded Nacos HTTP Server(port : 34611) is stopped.
Tests run: 1, Failures: 0, Errors: 0, Skipped: 0, Time elapsed: 1.504 sec
Running com.alibaba.nacos.spring.context.annotation.NacosBeanDefinitionRegistrarTest
[main] Embedded Nacos HTTP Server(port : 40231) is starting...
[main] Embedded Nacos HTTP Server mapped request URI : /nacos/v1/cs/configs...
Feb 15, 2021 8:59:50 AM org.springframework.context.support.GenericApplicationContext prepareRefresh
INFO: Refreshing org.springframework.context.support.GenericApplicationContext@73044cdf: startup date [Mon Feb 15 08:59:50 UTC 2021]; root of context hierarchy
Feb 15, 2021 8:59:50 AM org.springframework.context.support.GenericApplicationContext postProcessAfterInitialization
INFO: Bean 'namingServiceBeanBuilder' of type [class com.alibaba.nacos.spring.beans.factory.annotation.NamingServiceBeanBuilder] is not eligible for getting processed by all BeanPostProcessors (for example: not eligible for auto-proxying)
Feb 15, 2021 8:59:50 AM org.springframework.context.support.GenericApplicationContext postProcessAfterInitialization
INFO: Bean 'namingMaintainServiceBeanBuilder' of type [class com.alibaba.nacos.spring.beans.factory.annotation.NamingMaintainServiceBeanBuilder] is not eligible for getting processed by all BeanPostProcessors (for example: not eligible for auto-proxying)
Feb 15, 2021 8:59:50 AM org.springframework.beans.factory.support.DefaultListableBeanFactory preInstantiateSingletons
INFO: Pre-instantiating singletons in org.springframework.beans.factory.support.DefaultListableBeanFactory@719843e5: defining beans [org.springframework.context.annotation.internalConfigurationAnnotationProcessor,org.springframework.context.annotation.internalAutowiredAnnotationProcessor,org.springframework.context.annotation.internalRequiredAnnotationProcessor,org.springframework.context.annotation.internalCommonAnnotationProcessor,nacosBeanDefinitionRegistrarTest,org.springframework.context.annotation.ConfigurationClassPostProcessor.importAwareProcessor,org.springframework.context.support.PropertySourcesPlaceholderConfigurer,nacosApplicationContextHolder,annotationNacosInjectedBeanPostProcessor,propertySourcesPlaceholderConfigurer,nacosConfigurationPropertiesBindingPostProcessor,nacosConfigListenerMethodProcessor,nacosPropertySourcePostProcessor,annotationNacosPropertySourceBuilder,nacosValueAnnotationBeanPostProcessor,configServiceBeanBuilder,loggingNacosConfigMetadataEventListener,namingServiceBeanBuilder,namingMaintainServiceBeanBuilder,config]; root of factory hierarchy
[main] Embedded Nacos HTTP Server(port : 40231) is stopping...
[main] Embedded Nacos HTTP Server(port : 40231) is stopped.
Tests run: 1, Failures: 0, Errors: 0, Skipped: 0, Time elapsed: 0.137 sec
Running com.alibaba.nacos.spring.context.annotation.discovery.EnableNacosDiscoveryTest
Tests run: 2, Failures: 0, Errors: 0, Skipped: 0, Time elapsed: 0 sec
Running com.alibaba.nacos.spring.context.event.config.EventPublishingConfigServiceTest
Feb 15, 2021 8:59:50 AM org.springframework.context.support.GenericApplicationContext prepareRefresh
INFO: Refreshing org.springframework.context.support.GenericApplicationContext@540dbda9: startup date [Mon Feb 15 08:59:50 UTC 2021]; root of context hierarchy
Feb 15, 2021 8:59:50 AM org.springframework.beans.factory.support.DefaultListableBeanFactory preInstantiateSingletons
INFO: Pre-instantiating singletons in org.springframework.beans.factory.support.DefaultListableBeanFactory@1be59f28: defining beans []; root of factory hierarchy
Feb 15, 2021 8:59:50 AM org.springframework.context.support.GenericApplicationContext doClose
INFO: Closing org.springframework.context.support.GenericApplicationContext@540dbda9: startup date [Mon Feb 15 08:59:50 UTC 2021]; root of context hierarchy
Feb 15, 2021 8:59:50 AM org.springframework.beans.factory.support.DefaultListableBeanFactory destroySingletons
INFO: Destroying singletons in org.springframework.beans.factory.support.DefaultListableBeanFactory@1be59f28: defining beans []; root of factory hierarchy
Feb 15, 2021 8:59:50 AM org.springframework.context.support.GenericApplicationContext prepareRefresh
INFO: Refreshing org.springframework.context.support.GenericApplicationContext@2bc9a775: startup date [Mon Feb 15 08:59:50 UTC 2021]; root of context hierarchy
Feb 15, 2021 8:59:50 AM org.springframework.beans.factory.support.DefaultListableBeanFactory preInstantiateSingletons
INFO: Pre-instantiating singletons in org.springframework.beans.factory.support.DefaultListableBeanFactory@42f9c19a: defining beans []; root of factory hierarchy
Feb 15, 2021 8:59:50 AM org.springframework.context.support.GenericApplicationContext doClose
INFO: Closing org.springframework.context.support.GenericApplicationContext@2bc9a775: startup date [Mon Feb 15 08:59:50 UTC 2021]; root of context hierarchy
Feb 15, 2021 8:59:50 AM org.springframework.beans.factory.support.DefaultListableBeanFactory destroySingletons
INFO: Destroying singletons in org.springframework.beans.factory.support.DefaultListableBeanFactory@42f9c19a: defining beans []; root of factory hierarchy
Feb 15, 2021 8:59:50 AM org.springframework.context.support.GenericApplicationContext prepareRefresh
INFO: Refreshing org.springframework.context.support.GenericApplicationContext@29c2c826: startup date [Mon Feb 15 08:59:50 UTC 2021]; root of context hierarchy
Feb 15, 2021 8:59:50 AM org.springframework.beans.factory.support.DefaultListableBeanFactory preInstantiateSingletons
INFO: Pre-instantiating singletons in org.springframework.beans.factory.support.DefaultListableBeanFactory@6818d900: defining beans []; root of factory hierarchy
Feb 15, 2021 8:59:50 AM org.springframework.context.support.GenericApplicationContext doClose
INFO: Closing org.springframework.context.support.GenericApplicationContext@29c2c826: startup date [Mon Feb 15 08:59:50 UTC 2021]; root of context hierarchy
Feb 15, 2021 8:59:50 AM org.springframework.beans.factory.support.DefaultListableBeanFactory destroySingletons
INFO: Destroying singletons in org.springframework.beans.factory.support.DefaultListableBeanFactory@6818d900: defining beans []; root of factory hierarchy
Feb 15, 2021 8:59:50 AM org.springframework.context.support.GenericApplicationContext prepareRefresh
INFO: Refreshing org.springframework.context.support.GenericApplicationContext@5fad41be: startup date [Mon Feb 15 08:59:50 UTC 2021]; root of context hierarchy
Feb 15, 2021 8:59:50 AM org.springframework.beans.factory.support.DefaultListableBeanFactory preInstantiateSingletons
INFO: Pre-instantiating singletons in org.springframework.beans.factory.support.DefaultListableBeanFactory@3b36e000: defining beans []; root of factory hierarchy
Feb 15, 2021 8:59:50 AM org.springframework.context.support.GenericApplicationContext doClose
INFO: Closing org.springframework.context.support.GenericApplicationContext@5fad41be: startup date [Mon Feb 15 08:59:50 UTC 2021]; root of context hierarchy
Feb 15, 2021 8:59:50 AM org.springframework.beans.factory.support.DefaultListableBeanFactory destroySingletons
INFO: Destroying singletons in org.springframework.beans.factory.support.DefaultListableBeanFactory@3b36e000: defining beans []; root of factory hierarchy
Feb 15, 2021 8:59:50 AM org.springframework.context.support.GenericApplicationContext prepareRefresh
INFO: Refreshing org.springframework.context.support.GenericApplicationContext@3fae596: startup date [Mon Feb 15 08:59:50 UTC 2021]; root of context hierarchy
Feb 15, 2021 8:59:50 AM org.springframework.beans.factory.support.DefaultListableBeanFactory preInstantiateSingletons
INFO: Pre-instantiating singletons in org.springframework.beans.factory.support.DefaultListableBeanFactory@42fcc7e6: defining beans []; root of factory hierarchy
Feb 15, 2021 8:59:50 AM org.springframework.context.support.GenericApplicationContext doClose
INFO: Closing org.springframework.context.support.GenericApplicationContext@3fae596: startup date [Mon Feb 15 08:59:50 UTC 2021]; root of context hierarchy
Feb 15, 2021 8:59:50 AM org.springframework.beans.factory.support.DefaultListableBeanFactory destroySingletons
INFO: Destroying singletons in org.springframework.beans.factory.support.DefaultListableBeanFactory@42fcc7e6: defining beans []; root of factory hierarchy
Feb 15, 2021 8:59:50 AM org.springframework.context.support.GenericApplicationContext prepareRefresh
INFO: Refreshing org.springframework.context.support.GenericApplicationContext@7f829c76: startup date [Mon Feb 15 08:59:50 UTC 2021]; root of context hierarchy
Feb 15, 2021 8:59:50 AM org.springframework.beans.factory.support.DefaultListableBeanFactory preInstantiateSingletons
INFO: Pre-instantiating singletons in org.springframework.beans.factory.support.DefaultListableBeanFactory@7c3ebc6b: defining beans []; root of factory hierarchy
Feb 15, 2021 8:59:50 AM org.springframework.context.support.GenericApplicationContext doClose
INFO: Closing org.springframework.context.support.GenericApplicationContext@7f829c76: startup date [Mon Feb 15 08:59:50 UTC 2021]; root of context hierarchy
Feb 15, 2021 8:59:50 AM org.springframework.beans.factory.support.DefaultListableBeanFactory destroySingletons
INFO: Destroying singletons in org.springframework.beans.factory.support.DefaultListableBeanFactory@7c3ebc6b: defining beans []; root of factory hierarchy
Feb 15, 2021 8:59:50 AM org.springframework.context.support.GenericApplicationContext prepareRefresh
INFO: Refreshing org.springframework.context.support.GenericApplicationContext@6a9950f1: startup date [Mon Feb 15 08:59:50 UTC 2021]; root of context hierarchy
Feb 15, 2021 8:59:50 AM org.springframework.beans.factory.support.DefaultListableBeanFactory preInstantiateSingletons
INFO: Pre-instantiating singletons in org.springframework.beans.factory.support.DefaultListableBeanFactory@73017a80: defining beans []; root of factory hierarchy
Feb 15, 2021 8:59:50 AM org.springframework.context.support.GenericApplicationContext doClose
INFO: Closing org.springframework.context.support.GenericApplicationContext@6a9950f1: startup date [Mon Feb 15 08:59:50 UTC 2021]; root of context hierarchy
Feb 15, 2021 8:59:50 AM org.springframework.beans.factory.support.DefaultListableBeanFactory destroySingletons
INFO: Destroying singletons in org.springframework.beans.factory.support.DefaultListableBeanFactory@73017a80: defining beans []; root of factory hierarchy
Tests run: 7, Failures: 0, Errors: 0, Skipped: 0, Time elapsed: 0.018 sec
Running com.alibaba.nacos.spring.context.event.config.TimeoutNacosConfigListenerTest
[com.alibaba.nacos.spring.configListener-5] Hello,World 
Tests run: 2, Failures: 0, Errors: 0, Skipped: 0, Time elapsed: 0.068 sec
Running com.alibaba.nacos.spring.context.properties.config.NacosConfigurationPropertiesBindingPostProcessorTest
[main] Embedded Nacos HTTP Server(port : 43739) is starting...
[main] Embedded Nacos HTTP Server mapped request URI : /nacos/v1/cs/configs...
Feb 15, 2021 8:59:50 AM org.springframework.context.support.GenericApplicationContext prepareRefresh
INFO: Refreshing org.springframework.context.support.GenericApplicationContext@ec1b2e4: startup date [Mon Feb 15 08:59:50 UTC 2021]; root of context hierarchy
Feb 15, 2021 8:59:50 AM org.springframework.context.support.GenericApplicationContext postProcessAfterInitialization
INFO: Bean 'namingServiceBeanBuilder' of type [class com.alibaba.nacos.spring.beans.factory.annotation.NamingServiceBeanBuilder] is not eligible for getting processed by all BeanPostProcessors (for example: not eligible for auto-proxying)
Feb 15, 2021 8:59:50 AM org.springframework.context.support.GenericApplicationContext postProcessAfterInitialization
INFO: Bean 'namingMaintainServiceBeanBuilder' of type [class com.alibaba.nacos.spring.beans.factory.annotation.NamingMaintainServiceBeanBuilder] is not eligible for getting processed by all BeanPostProcessors (for example: not eligible for auto-proxying)
Feb 15, 2021 8:59:50 AM org.springframework.beans.factory.support.DefaultListableBeanFactory preInstantiateSingletons
INFO: Pre-instantiating singletons in org.springframework.beans.factory.support.DefaultListableBeanFactory@67e28be3: defining beans [org.springframework.context.annotation.internalConfigurationAnnotationProcessor,org.springframework.context.annotation.internalAutowiredAnnotationProcessor,org.springframework.context.annotation.internalRequiredAnnotationProcessor,org.springframework.context.annotation.internalCommonAnnotationProcessor,nacosConfigurationPropertiesBindingPostProcessorTest,org.springframework.context.annotation.ConfigurationClassPostProcessor.importAwareProcessor,org.springframework.context.support.PropertySourcesPlaceholderConfigurer,nacosApplicationContextHolder,annotationNacosInjectedBeanPostProcessor,propertySourcesPlaceholderConfigurer,nacosConfigurationPropertiesBindingPostProcessor,nacosConfigListenerMethodProcessor,nacosPropertySourcePostProcessor,annotationNacosPropertySourceBuilder,nacosValueAnnotationBeanPostProcessor,configServiceBeanBuilder,loggingNacosConfigMetadataEventListener,namingServiceBeanBuilder,namingMaintainServiceBeanBuilder,config]; root of factory hierarchy
[com.alibaba.nacos.spring.configListener-1] Hello,World 
[main] Embedded Nacos HTTP Server(port : 43739) is stopping...
[main] Embedded Nacos HTTP Server(port : 43739) is stopped.
Tests run: 1, Failures: 0, Errors: 0, Skipped: 0, Time elapsed: 6.051 sec
Feb 15, 2021 8:59:56 AM org.springframework.context.support.GenericApplicationContext doClose
INFO: Closing org.springframework.context.support.GenericApplicationContext@7e8a46b7: startup date [Mon Feb 15 08:59:28 UTC 2021]; root of context hierarchy
Feb 15, 2021 8:59:56 AM org.springframework.context.support.GenericApplicationContext doClose
INFO: Closing org.springframework.context.support.GenericApplicationContext@8c46918: startup date [Mon Feb 15 08:59:41 UTC 2021]; root of context hierarchy
Feb 15, 2021 8:59:56 AM org.springframework.context.support.GenericApplicationContext doClose
INFO: Closing org.springframework.context.support.GenericApplicationContext@ec1b2e4: startup date [Mon Feb 15 08:59:50 UTC 2021]; root of context hierarchy
Feb 15, 2021 8:59:56 AM org.springframework.context.support.GenericApplicationContext doClose
INFO: Closing org.springframework.context.support.GenericApplicationContext@22101c80: startup date [Mon Feb 15 08:59:25 UTC 2021]; root of context hierarchy
Feb 15, 2021 8:59:56 AM org.springframework.context.support.GenericApplicationContext doClose
INFO: Closing org.springframework.context.support.GenericApplicationContext@4a29f290: startup date [Mon Feb 15 08:59:31 UTC 2021]; root of context hierarchy
Feb 15, 2021 8:59:56 AM org.springframework.context.support.GenericApplicationContext doClose
INFO: Closing org.springframework.context.support.GenericApplicationContext@57c88764: startup date [Mon Feb 15 08:59:44 UTC 2021]; root of context hierarchy
Feb 15, 2021 8:59:56 AM org.springframework.context.support.GenericApplicationContext doClose
INFO: Closing org.springframework.context.support.GenericApplicationContext@30404dba: startup date [Mon Feb 15 08:59:30 UTC 2021]; root of context hierarchy
Feb 15, 2021 8:59:56 AM org.springframework.context.support.GenericApplicationContext doClose
INFO: Closing org.springframework.context.support.GenericApplicationContext@4163f1cd: startup date [Mon Feb 15 08:59:25 UTC 2021]; root of context hierarchy
Feb 15, 2021 8:59:56 AM org.springframework.context.support.GenericApplicationContext doClose
INFO: Closing org.springframework.context.support.GenericApplicationContext@3122b117: startup date [Mon Feb 15 08:59:25 UTC 2021]; root of context hierarchy
Feb 15, 2021 8:59:56 AM org.springframework.context.support.GenericApplicationContext doClose
INFO: Closing org.springframework.context.support.GenericApplicationContext@73044cdf: startup date [Mon Feb 15 08:59:50 UTC 2021]; root of context hierarchy
Feb 15, 2021 8:59:56 AM org.springframework.context.support.GenericApplicationContext doClose
INFO: Closing org.springframework.context.support.GenericApplicationContext@3b6c624: startup date [Mon Feb 15 08:59:49 UTC 2021]; root of context hierarchy
Feb 15, 2021 8:59:56 AM org.springframework.context.support.GenericApplicationContext doClose
INFO: Closing org.springframework.context.support.GenericApplicationContext@2571066a: startup date [Mon Feb 15 08:59:34 UTC 2021]; root of context hierarchy
Feb 15, 2021 8:59:56 AM org.springframework.context.support.GenericApplicationContext doClose
INFO: Closing org.springframework.context.support.GenericApplicationContext@4263b080: startup date [Mon Feb 15 08:59:25 UTC 2021]; root of context hierarchy
Feb 15, 2021 8:59:56 AM org.springframework.context.support.GenericApplicationContext doClose
INFO: Closing org.springframework.context.support.GenericApplicationContext@aa10649: startup date [Mon Feb 15 08:59:30 UTC 2021]; root of context hierarchy
Feb 15, 2021 8:59:56 AM org.springframework.context.support.GenericApplicationContext doClose
INFO: Closing org.springframework.context.support.GenericApplicationContext@5f78de22: startup date [Mon Feb 15 08:59:25 UTC 2021]; root of context hierarchy
Feb 15, 2021 8:59:56 AM org.springframework.context.support.GenericApplicationContext doClose
INFO: Closing org.springframework.context.support.GenericApplicationContext@64138b0c: startup date [Mon Feb 15 08:59:46 UTC 2021]; root of context hierarchy
Feb 15, 2021 8:59:56 AM org.springframework.context.support.GenericApplicationContext doClose
INFO: Closing org.springframework.context.support.GenericApplicationContext@55ea2d70: startup date [Mon Feb 15 08:59:26 UTC 2021]; root of context hierarchy

Results :

Tests run: 55, Failures: 0, Errors: 0, Skipped: 1

[INFO] 
[INFO] ---------------< com.alibaba.nacos:nacos-spring-samples >---------------
[INFO] Building Alibaba Nacos :: Samples :: POM 1.0.0                     [4/5]
[INFO] --------------------------------[ pom ]---------------------------------
[INFO] 
[INFO] --- maven-enforcer-plugin:1.0:enforce (enforce-maven) @ nacos-spring-samples ---
[INFO] 
[INFO] ------------< com.alibaba.nacos:nacos-spring-webmvc-sample >------------
[INFO] Building Alibaba Nacos :: Samples :: Spring Web MVC 1.0.0          [5/5]
[INFO] --------------------------------[ war ]---------------------------------
[INFO] 
[INFO] --- maven-enforcer-plugin:1.0:enforce (enforce-maven) @ nacos-spring-webmvc-sample ---
[INFO] 
[INFO] --- maven-resources-plugin:2.6:resources (default-resources) @ nacos-spring-webmvc-sample ---
[INFO] Using 'UTF-8' encoding to copy filtered resources.
[INFO] skip non existing resourceDirectory /workdir/nacos-spring-project/nacos-spring-samples/nacos-spring-webmvc-sample/src/main/resources
[INFO] 
[INFO] --- maven-compiler-plugin:3.1:compile (default-compile) @ nacos-spring-webmvc-sample ---
[INFO] Nothing to compile - all classes are up to date
[INFO] 
[INFO] --- maven-resources-plugin:2.6:testResources (default-testResources) @ nacos-spring-webmvc-sample ---
[INFO] Using 'UTF-8' encoding to copy filtered resources.
[INFO] skip non existing resourceDirectory /workdir/nacos-spring-project/nacos-spring-samples/nacos-spring-webmvc-sample/src/test/resources
[INFO] 
[INFO] --- maven-compiler-plugin:3.1:testCompile (default-testCompile) @ nacos-spring-webmvc-sample ---
[INFO] No sources to compile
[INFO] 
[INFO] --- maven-surefire-plugin:2.12.4:test (default-test) @ nacos-spring-webmvc-sample ---
[INFO] No tests to run.
[INFO] ------------------------------------------------------------------------
[INFO] Reactor Summary for Alibaba Nacos :: Spring :: POM 1.0.0:
[INFO] 
[INFO] Alibaba Nacos :: Spring :: POM ..................... SUCCESS [  0.576 s]
[INFO] Alibaba Nacos :: Samples :: Embedded Web Server .... SUCCESS [  0.762 s]
[INFO] Alibaba Nacos :: Spring :: Context ................. SUCCESS [ 47.123 s]
[INFO] Alibaba Nacos :: Samples :: POM .................... SUCCESS [  0.005 s]
[INFO] Alibaba Nacos :: Samples :: Spring Web MVC ......... SUCCESS [  0.147 s]
[INFO] ------------------------------------------------------------------------
[INFO] BUILD SUCCESS
[INFO] ------------------------------------------------------------------------
[INFO] Total time:  48.743 s
[INFO] Finished at: 2021-02-15T09:00:09Z
[INFO] ------------------------------------------------------------------------
