[INFO] Scanning for projects...
[WARNING] The project com.google.testing.compile:compile-testing:jar:HEAD-SNAPSHOT uses prerequisites which is only intended for maven-plugin projects but not for non maven-plugin projects. For such purposes you should use the maven-enforcer-plugin. See https://maven.apache.org/enforcer/enforcer-rules/requireMavenVersion.html
[INFO] 
[INFO] -------------< com.google.testing.compile:compile-testing >-------------
[INFO] Building Compile Testing HEAD-SNAPSHOT
[INFO] --------------------------------[ jar ]---------------------------------
[INFO] 
[INFO] --- maven-enforcer-plugin:1.0:enforce (enforce-maven) @ compile-testing ---
[INFO] 
[INFO] --- maven-resources-plugin:2.6:resources (default-resources) @ compile-testing ---
[INFO] Using 'UTF-8' encoding to copy filtered resources.
[INFO] skip non existing resourceDirectory /workdir/compile-testing/src/main/resources
[INFO] 
[INFO] --- maven-compiler-plugin:3.8.1:compile (default-compile) @ compile-testing ---
[INFO] Nothing to compile - all classes are up to date
[INFO] 
[INFO] --- maven-resources-plugin:2.6:testResources (default-testResources) @ compile-testing ---
[INFO] Using 'UTF-8' encoding to copy filtered resources.
[INFO] Copying 4 resources
[INFO] 
[INFO] --- maven-compiler-plugin:3.8.1:testCompile (default-testCompile) @ compile-testing ---
[INFO] Changes detected - recompiling the module!
[INFO] Compiling 20 source files to /workdir/compile-testing/target/test-classes
[WARNING] bootstrap class path not set in conjunction with -source 8
[WARNING] No processor claimed any of these annotations: org.junit.Rule,org.junit.runner.RunWith,org.junit.runners.Parameterized.Parameters,org.junit.Test,com.google.errorprone.annotations.CanIgnoreReturnValue,org.junit.Before
[WARNING] /workdir/compile-testing/src/test/java/com/google/testing/compile/TreeDifferTest.java:[38,71] none() in org.junit.rules.ExpectedException has been deprecated
[WARNING] /workdir/compile-testing/src/test/java/com/google/testing/compile/TreeContextTest.java:[37,71] none() in org.junit.rules.ExpectedException has been deprecated
[WARNING] /workdir/compile-testing/src/test/java/com/google/testing/compile/CompilerTest.java:[179,13] withClasspathFrom(java.lang.ClassLoader) in com.google.testing.compile.Compiler has been deprecated
[WARNING] /workdir/compile-testing/src/test/java/com/google/testing/compile/CompilerTest.java:[195,13] withClasspathFrom(java.lang.ClassLoader) in com.google.testing.compile.Compiler has been deprecated
[WARNING] /workdir/compile-testing/src/test/java/com/google/testing/compile/BreadcrumbsTest.java:[41,71] none() in org.junit.rules.ExpectedException has been deprecated
[INFO] 
[INFO] --- maven-surefire-plugin:2.12.4:test (default-test) @ compile-testing ---
[INFO] Surefire report directory: /workdir/compile-testing/target/surefire-reports

-------------------------------------------------------
 T E S T S
-------------------------------------------------------
Running com.google.testing.compile.TypeEnumeratorTest
Tests run: 8, Failures: 0, Errors: 0, Skipped: 0, Time elapsed: 0.421 sec
Running com.google.testing.compile.CompilerTest
[parsing started WrappedJavaFileObject[com.google.testing.compile.JavaFileObjects$StringSourceJavaFileObject[Test.java]]]
[parsing completed 8ms]
[loading /modules/java.compiler/module-info.class]
[loading /modules/jdk.scripting.nashorn.shell/module-info.class]
[loading /modules/jdk.jshell/module-info.class]
[loading /modules/jdk.internal.vm.compiler.management/module-info.class]
[loading /modules/jdk.unsupported.desktop/module-info.class]
[loading /modules/jdk.management.agent/module-info.class]
[loading /modules/jdk.internal.opt/module-info.class]
[loading /modules/jdk.management/module-info.class]
[loading /modules/java.xml/module-info.class]
[loading /modules/java.desktop/module-info.class]
[loading /modules/jdk.jdi/module-info.class]
[loading /modules/jdk.jartool/module-info.class]
[loading /modules/java.sql.rowset/module-info.class]
[loading /modules/java.datatransfer/module-info.class]
[loading /modules/jdk.aot/module-info.class]
[loading /modules/jdk.management.jfr/module-info.class]
[loading /modules/java.management/module-info.class]
[loading /modules/jdk.crypto.cryptoki/module-info.class]
[loading /modules/jdk.jconsole/module-info.class]
[loading /modules/jdk.attach/module-info.class]
[loading /modules/jdk.javadoc/module-info.class]
[loading /modules/jdk.localedata/module-info.class]
[loading /modules/jdk.naming.dns/module-info.class]
[loading /modules/java.management.rmi/module-info.class]
[loading /modules/jdk.dynalink/module-info.class]
[loading /modules/jdk.jfr/module-info.class]
[loading /modules/jdk.sctp/module-info.class]
[loading /modules/jdk.internal.vm.ci/module-info.class]
[loading /modules/jdk.charsets/module-info.class]
[loading /modules/jdk.jsobject/module-info.class]
[loading /modules/jdk.accessibility/module-info.class]
[loading /modules/java.se/module-info.class]
[loading /modules/java.security.jgss/module-info.class]
[loading /modules/java.logging/module-info.class]
[loading /modules/java.rmi/module-info.class]
[loading /modules/jdk.net/module-info.class]
[loading /modules/java.net.http/module-info.class]
[loading /modules/java.naming/module-info.class]
[loading /modules/jdk.xml.dom/module-info.class]
[loading /modules/java.transaction.xa/module-info.class]
[loading /modules/java.instrument/module-info.class]
[loading /modules/jdk.security.jgss/module-info.class]
[loading /modules/jdk.rmic/module-info.class]
[loading /modules/jdk.pack/module-info.class]
[loading /modules/jdk.internal.le/module-info.class]
[loading /modules/java.prefs/module-info.class]
[loading /modules/java.security.sasl/module-info.class]
[loading /modules/java.scripting/module-info.class]
[loading /modules/jdk.internal.vm.compiler/module-info.class]
[loading /modules/jdk.jdwp.agent/module-info.class]
[loading /modules/java.xml.crypto/module-info.class]
[loading /modules/jdk.scripting.nashorn/module-info.class]
[loading /modules/java.sql/module-info.class]
[loading /modules/jdk.internal.ed/module-info.class]
[loading /modules/java.smartcardio/module-info.class]
[loading /modules/jdk.unsupported/module-info.class]
[loading /modules/jdk.compiler/module-info.class]
[loading /modules/jdk.jdeps/module-info.class]
[loading /modules/jdk.zipfs/module-info.class]
[loading /modules/jdk.internal.jvmstat/module-info.class]
[loading /modules/jdk.naming.rmi/module-info.class]
[loading /modules/jdk.crypto.ec/module-info.class]
[loading /modules/jdk.jlink/module-info.class]
[loading /modules/jdk.editpad/module-info.class]
[loading /modules/jdk.jcmd/module-info.class]
[loading /modules/jdk.security.auth/module-info.class]
[loading /modules/jdk.httpserver/module-info.class]
[loading /modules/java.base/module-info.class]
[loading /modules/jdk.hotspot.agent/module-info.class]
[loading /modules/jdk.jstatd/module-info.class]
[search path for source files: /tmp/junit13348124618456219249/tmp]
[search path for class files: /usr/local/openjdk-11/lib/modules,/tmp/junit13348124618456219249/tmp]
[loading /modules/java.base/java/lang/Object.class]
[loading /tmp/junit13348124618456219249/tmp/Lib.class]
[loading /modules/java.base/java/lang/Deprecated.class]
[loading /modules/java.base/java/lang/annotation/Retention.class]
[loading /modules/java.base/java/lang/annotation/RetentionPolicy.class]
[loading /modules/java.base/java/lang/annotation/Target.class]
[loading /modules/java.base/java/lang/annotation/ElementType.class]
[checking Test]
[loading /modules/java.base/java/io/Serializable.class]
[loading /modules/java.base/java/lang/AutoCloseable.class]
[wrote /CLASS_OUTPUT/Test.class]
[total 31ms]
[parsing started WrappedJavaFileObject[com.google.testing.compile.JavaFileObjects$StringSourceJavaFileObject[Test.java]]]
[parsing completed 1ms]
[loading /modules/jdk.xml.dom/module-info.class]
[loading /modules/jdk.unsupported.desktop/module-info.class]
[loading /modules/jdk.sctp/module-info.class]
[loading /modules/java.scripting/module-info.class]
[loading /modules/java.xml.crypto/module-info.class]
[loading /modules/jdk.management.agent/module-info.class]
[loading /modules/jdk.security.auth/module-info.class]
[loading /modules/jdk.crypto.cryptoki/module-info.class]
[loading /modules/java.instrument/module-info.class]
[loading /modules/jdk.jdi/module-info.class]
[loading /modules/jdk.zipfs/module-info.class]
[loading /modules/jdk.jstatd/module-info.class]
[loading /modules/jdk.jdwp.agent/module-info.class]
[loading /modules/jdk.internal.vm.ci/module-info.class]
[loading /modules/java.sql/module-info.class]
[loading /modules/java.smartcardio/module-info.class]
[loading /modules/java.net.http/module-info.class]
[loading /modules/jdk.jsobject/module-info.class]
[loading /modules/java.datatransfer/module-info.class]
[loading /modules/jdk.scripting.nashorn/module-info.class]
[loading /modules/jdk.aot/module-info.class]
[loading /modules/java.management.rmi/module-info.class]
[loading /modules/jdk.httpserver/module-info.class]
[loading /modules/java.sql.rowset/module-info.class]
[loading /modules/java.security.sasl/module-info.class]
[loading /modules/jdk.charsets/module-info.class]
[loading /modules/jdk.rmic/module-info.class]
[loading /modules/jdk.accessibility/module-info.class]
[loading /modules/jdk.naming.rmi/module-info.class]
[loading /modules/jdk.unsupported/module-info.class]
[loading /modules/java.naming/module-info.class]
[loading /modules/jdk.management/module-info.class]
[loading /modules/jdk.jcmd/module-info.class]
[loading /modules/jdk.hotspot.agent/module-info.class]
[loading /modules/java.transaction.xa/module-info.class]
[loading /modules/jdk.jlink/module-info.class]
[loading /modules/jdk.jdeps/module-info.class]
[loading /modules/java.security.jgss/module-info.class]
[loading /modules/jdk.editpad/module-info.class]
[loading /modules/java.se/module-info.class]
[loading /modules/jdk.pack/module-info.class]
[loading /modules/jdk.internal.le/module-info.class]
[loading /modules/jdk.jfr/module-info.class]
[loading /modules/jdk.javadoc/module-info.class]
[loading /modules/jdk.crypto.ec/module-info.class]
[loading /modules/jdk.scripting.nashorn.shell/module-info.class]
[loading /modules/java.management/module-info.class]
[loading /modules/java.xml/module-info.class]
[loading /modules/jdk.attach/module-info.class]
[loading /modules/jdk.management.jfr/module-info.class]
[loading /modules/java.rmi/module-info.class]
[loading /modules/java.compiler/module-info.class]
[loading /modules/jdk.internal.jvmstat/module-info.class]
[loading /modules/java.prefs/module-info.class]
[loading /modules/java.logging/module-info.class]
[loading /modules/jdk.jshell/module-info.class]
[loading /modules/jdk.security.jgss/module-info.class]
[loading /modules/jdk.compiler/module-info.class]
[loading /modules/java.desktop/module-info.class]
[loading /modules/jdk.internal.vm.compiler.management/module-info.class]
[loading /modules/jdk.dynalink/module-info.class]
[loading /modules/jdk.localedata/module-info.class]
[loading /modules/jdk.jconsole/module-info.class]
[loading /modules/jdk.net/module-info.class]
[loading /modules/jdk.internal.ed/module-info.class]
[loading /modules/jdk.internal.opt/module-info.class]
[loading /modules/jdk.naming.dns/module-info.class]
[loading /modules/jdk.internal.vm.compiler/module-info.class]
[loading /modules/java.base/module-info.class]
[loading /modules/jdk.jartool/module-info.class]
[search path for source files: /tmp/junit9068944199965316725/tmp,/workdir/compile-testing/target/test-classes,/workdir/compile-testing/target/classes,/home/maven/.m2/repository/junit/junit/4.13.1/junit-4.13.1.jar,/home/maven/.m2/repository/org/hamcrest/hamcrest-core/1.3/hamcrest-core-1.3.jar,/home/maven/.m2/repository/com/google/truth/truth/1.1/truth-1.1.jar,/home/maven/.m2/repository/org/checkerframework/checker-qual/3.7.0/checker-qual-3.7.0.jar,/home/maven/.m2/repository/com/google/auto/value/auto-value-annotations/1.7.4/auto-value-annotations-1.7.4.jar,/home/maven/.m2/repository/org/ow2/asm/asm/9.0/asm-9.0.jar,/home/maven/.m2/repository/com/google/truth/extensions/truth-java8-extension/1.1/truth-java8-extension-1.1.jar,/home/maven/.m2/repository/com/google/guava/guava/30.0-jre/guava-30.0-jre.jar,/home/maven/.m2/repository/com/google/guava/failureaccess/1.0.1/failureaccess-1.0.1.jar,/home/maven/.m2/repository/com/google/guava/listenablefuture/9999.0-empty-to-avoid-conflict-with-guava/listenablefuture-9999.0-empty-to-avoid-conflict-with-guava.jar,/home/maven/.m2/repository/com/google/j2objc/j2objc-annotations/1.3/j2objc-annotations-1.3.jar,/home/maven/.m2/repository/com/google/code/findbugs/jsr305/3.0.2/jsr305-3.0.2.jar,/home/maven/.m2/repository/com/google/errorprone/error_prone_annotations/2.4.0/error_prone_annotations-2.4.0.jar,/home/maven/.m2/repository/com/google/auto/value/auto-value/1.7.4/auto-value-1.7.4.jar,/home/maven/.m2/repository/com/google/auto/auto-common/0.11/auto-common-0.11.jar,]
[search path for class files: /usr/local/openjdk-11/lib/modules,/tmp/junit9068944199965316725/tmp,/workdir/compile-testing/target/test-classes,/workdir/compile-testing/target/classes,/home/maven/.m2/repository/junit/junit/4.13.1/junit-4.13.1.jar,/home/maven/.m2/repository/org/hamcrest/hamcrest-core/1.3/hamcrest-core-1.3.jar,/home/maven/.m2/repository/com/google/truth/truth/1.1/truth-1.1.jar,/home/maven/.m2/repository/org/checkerframework/checker-qual/3.7.0/checker-qual-3.7.0.jar,/home/maven/.m2/repository/com/google/auto/value/auto-value-annotations/1.7.4/auto-value-annotations-1.7.4.jar,/home/maven/.m2/repository/org/ow2/asm/asm/9.0/asm-9.0.jar,/home/maven/.m2/repository/com/google/truth/extensions/truth-java8-extension/1.1/truth-java8-extension-1.1.jar,/home/maven/.m2/repository/com/google/guava/guava/30.0-jre/guava-30.0-jre.jar,/home/maven/.m2/repository/com/google/guava/failureaccess/1.0.1/failureaccess-1.0.1.jar,/home/maven/.m2/repository/com/google/guava/listenablefuture/9999.0-empty-to-avoid-conflict-with-guava/listenablefuture-9999.0-empty-to-avoid-conflict-with-guava.jar,/home/maven/.m2/repository/com/google/j2objc/j2objc-annotations/1.3/j2objc-annotations-1.3.jar,/home/maven/.m2/repository/com/google/code/findbugs/jsr305/3.0.2/jsr305-3.0.2.jar,/home/maven/.m2/repository/com/google/errorprone/error_prone_annotations/2.4.0/error_prone_annotations-2.4.0.jar,/home/maven/.m2/repository/com/google/auto/value/auto-value/1.7.4/auto-value-1.7.4.jar,/home/maven/.m2/repository/com/google/auto/auto-common/0.11/auto-common-0.11.jar,]
[loading /modules/java.base/java/lang/Object.class]
[loading /tmp/junit9068944199965316725/tmp/Lib.class]
[loading /modules/java.base/java/lang/Deprecated.class]
[loading /modules/java.base/java/lang/annotation/Retention.class]
[loading /modules/java.base/java/lang/annotation/RetentionPolicy.class]
[loading /modules/java.base/java/lang/annotation/Target.class]
[loading /modules/java.base/java/lang/annotation/ElementType.class]
[checking Test]
[loading /modules/java.base/java/io/Serializable.class]
[loading /modules/java.base/java/lang/AutoCloseable.class]
[wrote /CLASS_OUTPUT/Test.class]
[total 48ms]
Tests run: 9, Failures: 0, Errors: 0, Skipped: 0, Time elapsed: 0.867 sec
Running com.google.testing.compile.CompilationSubjectTest
Tests run: 81, Failures: 0, Errors: 0, Skipped: 0, Time elapsed: 2.393 sec
Running com.google.testing.compile.CompilationTest
Tests run: 7, Failures: 0, Errors: 0, Skipped: 0, Time elapsed: 0.092 sec
Running com.google.testing.compile.CompilationRuleTest
Tests run: 5, Failures: 0, Errors: 0, Skipped: 0, Time elapsed: 0.099 sec
Running com.google.testing.compile.JavaFileObjectsTest
Tests run: 3, Failures: 0, Errors: 0, Skipped: 0, Time elapsed: 0.001 sec
Running com.google.testing.compile.BreadcrumbsTest
Tests run: 6, Failures: 0, Errors: 0, Skipped: 0, Time elapsed: 0.052 sec
Running com.google.testing.compile.TreeDifferenceTest
Tests run: 7, Failures: 0, Errors: 0, Skipped: 0, Time elapsed: 0.025 sec
Running com.google.testing.compile.JavaSourcesSubjectFactoryTest
Tests run: 51, Failures: 0, Errors: 0, Skipped: 0, Time elapsed: 0.908 sec
Running com.google.testing.compile.TreeContextTest
Tests run: 4, Failures: 0, Errors: 0, Skipped: 0, Time elapsed: 0.014 sec
Running com.google.testing.compile.JarFileResourcesCompilationTest
Tests run: 1, Failures: 0, Errors: 0, Skipped: 0, Time elapsed: 0.014 sec
Running com.google.testing.compile.TreeDifferTest
Tests run: 26, Failures: 0, Errors: 0, Skipped: 0, Time elapsed: 0.116 sec
Running com.google.testing.compile.JavaFileObjectSubjectTest
Tests run: 10, Failures: 0, Errors: 0, Skipped: 0, Time elapsed: 0.035 sec

Results :

Tests run: 218, Failures: 0, Errors: 0, Skipped: 0

[INFO] ------------------------------------------------------------------------
[INFO] BUILD SUCCESS
[INFO] ------------------------------------------------------------------------
[INFO] Total time:  8.421 s
[INFO] Finished at: 2021-02-14T19:17:59Z
[INFO] ------------------------------------------------------------------------
