[INFO] Scanning for projects...
[INFO] 
[INFO] ----------------------< com.github.wmixvideo:nfe >----------------------
[INFO] Building nfe 3.0.27-SNAPSHOT
[INFO] --------------------------------[ jar ]---------------------------------
[INFO] 
[INFO] --- jacoco-maven-plugin:0.8.6:prepare-agent (prepare-agent) @ nfe ---
[INFO] argLine set to -javaagent:/home/maven/.m2/repository/org/jacoco/org.jacoco.agent/0.8.6/org.jacoco.agent-0.8.6-runtime.jar=destfile=/workdir/nfe/target/jacoco.exec,excludes=**/webservices/**/*
[INFO] 
[INFO] --- maven-resources-plugin:2.6:resources (default-resources) @ nfe ---
[INFO] Using 'UTF-8' encoding to copy filtered resources.
[INFO] Copying 444 resources
[INFO] Copying 0 resource
[INFO] 
[INFO] --- maven-compiler-plugin:3.8.1:compile (default-compile) @ nfe ---
[INFO] Nothing to compile - all classes are up to date
[INFO] 
[INFO] --- maven-resources-plugin:2.6:testResources (default-testResources) @ nfe ---
[INFO] Using 'UTF-8' encoding to copy filtered resources.
[INFO] skip non existing resourceDirectory /workdir/nfe/src/test/resources
[INFO] Copying 9 resources
[INFO] 
[INFO] --- maven-compiler-plugin:3.8.1:testCompile (default-testCompile) @ nfe ---
[INFO] Nothing to compile - all classes are up to date
[INFO] 
[INFO] --- maven-surefire-plugin:2.12.4:test (default-test) @ nfe ---
[INFO] Surefire report directory: /workdir/nfe/target/surefire-reports

-------------------------------------------------------
 T E S T S
-------------------------------------------------------
Running com.fincatto.documentofiscal.transformers.DFPaisTransformerTest
Tests run: 2, Failures: 0, Errors: 0, Skipped: 0, Time elapsed: 0.082 sec
Running com.fincatto.documentofiscal.transformers.DFAmbienteTransformerTest
Tests run: 2, Failures: 0, Errors: 0, Skipped: 0, Time elapsed: 0.001 sec
Running com.fincatto.documentofiscal.transformers.DFLocalDateTransformerTest
Tests run: 2, Failures: 0, Errors: 0, Skipped: 0, Time elapsed: 0.002 sec
Running com.fincatto.documentofiscal.transformers.DFLocalDateTimeTransformerTest
Tests run: 2, Failures: 0, Errors: 0, Skipped: 0, Time elapsed: 0.012 sec
Running com.fincatto.documentofiscal.transformers.DFDateTimeTransformerTest
Tests run: 2, Failures: 0, Errors: 0, Skipped: 0, Time elapsed: 0.002 sec
Running com.fincatto.documentofiscal.transformers.DFLocalTimeTransformerTest
Tests run: 2, Failures: 0, Errors: 0, Skipped: 0, Time elapsed: 0.002 sec
Running com.fincatto.documentofiscal.transformers.DFDateTransformerTest
Tests run: 2, Failures: 0, Errors: 0, Skipped: 0, Time elapsed: 0.022 sec
Running com.fincatto.documentofiscal.transformers.DFModeloTransformerTest
Tests run: 2, Failures: 0, Errors: 0, Skipped: 0, Time elapsed: 0.003 sec
Running com.fincatto.documentofiscal.transformers.DFUnidadeFederativaTransformerTest
Tests run: 2, Failures: 0, Errors: 0, Skipped: 0, Time elapsed: 0.02 sec
Running com.fincatto.documentofiscal.transformers.DFZonedDateTimeTransformerTest
Tests run: 2, Failures: 0, Errors: 0, Skipped: 0, Time elapsed: 0.002 sec
Running com.fincatto.documentofiscal.nfe310.transformers.NFFinalidadeTransformerTest
Tests run: 2, Failures: 0, Errors: 0, Skipped: 0, Time elapsed: 0.003 sec
Running com.fincatto.documentofiscal.nfe310.parsers.NotaFiscalChaveParserTest
Tests run: 16, Failures: 0, Errors: 0, Skipped: 0, Time elapsed: 0.012 sec
Running com.fincatto.documentofiscal.nfe310.converters.NFStringNullToEmptyConverterTest
Tests run: 1, Failures: 0, Errors: 0, Skipped: 0, Time elapsed: 0.004 sec
Running com.fincatto.documentofiscal.nfe310.classes.NFNotaInfoItemProdutoVeiculoCondicaoTest
Tests run: 2, Failures: 0, Errors: 0, Skipped: 0, Time elapsed: 0.006 sec
Running com.fincatto.documentofiscal.nfe310.classes.nota.NFNotaInfoItemImpostoICMSSN500Test
Tests run: 7, Failures: 0, Errors: 0, Skipped: 0, Time elapsed: 0.267 sec
Running com.fincatto.documentofiscal.nfe310.classes.nota.NFNotaInfoObservacaoTest
Tests run: 5, Failures: 0, Errors: 0, Skipped: 0, Time elapsed: 0.014 sec
Running com.fincatto.documentofiscal.nfe310.classes.nota.NFNotaInfoRetencoesTributosTest
Tests run: 15, Failures: 0, Errors: 0, Skipped: 0, Time elapsed: 0.018 sec
Running com.fincatto.documentofiscal.nfe310.classes.nota.NFNotaInfoItemImpostoICMS10Test
Tests run: 21, Failures: 0, Errors: 0, Skipped: 0, Time elapsed: 0.037 sec
Running com.fincatto.documentofiscal.nfe310.classes.nota.NFOperadoraCartaoTest
Tests run: 3, Failures: 0, Errors: 0, Skipped: 0, Time elapsed: 0.002 sec
Running com.fincatto.documentofiscal.nfe310.classes.nota.NFNotaInfoItemImpostoICMSSN102Test
Tests run: 3, Failures: 0, Errors: 0, Skipped: 0, Time elapsed: 0.006 sec
Running com.fincatto.documentofiscal.nfe310.classes.nota.NFInfoReferenciadaTest
Tests run: 9, Failures: 0, Errors: 0, Skipped: 0, Time elapsed: 0.016 sec
Running com.fincatto.documentofiscal.nfe310.classes.nota.NFNotaInfoItemImpostoICMS90Test
Tests run: 25, Failures: 0, Errors: 0, Skipped: 0, Time elapsed: 0.074 sec
Running com.fincatto.documentofiscal.nfe310.classes.nota.NFNotaInfoItemIndicadorIncentivoFiscalTest
Tests run: 3, Failures: 0, Errors: 0, Skipped: 0, Time elapsed: 0.002 sec
Running com.fincatto.documentofiscal.nfe310.classes.nota.NFNotaInfoItemImpostoCOFINSTest
Tests run: 5, Failures: 0, Errors: 0, Skipped: 0, Time elapsed: 0.012 sec
Running com.fincatto.documentofiscal.nfe310.classes.nota.consulta.NFNotaConsultaRetornoTest
Tests run: 11, Failures: 0, Errors: 0, Skipped: 0, Time elapsed: 0.012 sec
Running com.fincatto.documentofiscal.nfe310.classes.nota.consulta.NFNotaConsultaTest
Tests run: 5, Failures: 0, Errors: 0, Skipped: 0, Time elapsed: 0.006 sec
Running com.fincatto.documentofiscal.nfe310.classes.nota.consulta.NFProtocoloEventoTest
Tests run: 3, Failures: 0, Errors: 0, Skipped: 0, Time elapsed: 0.004 sec
Running com.fincatto.documentofiscal.nfe310.classes.nota.NFNotaInfoLocalTest
Tests run: 17, Failures: 0, Errors: 0, Skipped: 0, Time elapsed: 0.023 sec
Running com.fincatto.documentofiscal.nfe310.classes.nota.NFNotaInfoItemImpostoICMSPartilhadoTest
Tests run: 26, Failures: 0, Errors: 0, Skipped: 0, Time elapsed: 0.038 sec
Running com.fincatto.documentofiscal.nfe310.classes.nota.NFNotaTest
Tests run: 5, Failures: 0, Errors: 0, Skipped: 0, Time elapsed: 0.092 sec
Running com.fincatto.documentofiscal.nfe310.classes.nota.NFNotaInfoItemImpostoCOFINSQuantidadeTest
Tests run: 4, Failures: 0, Errors: 0, Skipped: 0, Time elapsed: 0.003 sec
Running com.fincatto.documentofiscal.nfe310.classes.nota.NFNotaInfoItemImpostoCOFINSAliquotaTest
Tests run: 8, Failures: 0, Errors: 0, Skipped: 0, Time elapsed: 0.005 sec
Running com.fincatto.documentofiscal.nfe310.classes.nota.NFNotaInfoItemImpostoICMS00Test
Tests run: 10, Failures: 0, Errors: 0, Skipped: 0, Time elapsed: 0.005 sec
Running com.fincatto.documentofiscal.nfe310.classes.nota.assinatura.NFSignatureTest
Tests run: 3, Failures: 0, Errors: 0, Skipped: 0, Time elapsed: 0.003 sec
Running com.fincatto.documentofiscal.nfe310.classes.nota.assinatura.NFX509DataTest
Tests run: 1, Failures: 0, Errors: 0, Skipped: 0, Time elapsed: 0.001 sec
Running com.fincatto.documentofiscal.nfe310.classes.nota.assinatura.NFSignedInfoTest
Tests run: 3, Failures: 0, Errors: 0, Skipped: 0, Time elapsed: 0.002 sec
Running com.fincatto.documentofiscal.nfe310.classes.nota.assinatura.NFReferenceTest
Tests run: 4, Failures: 0, Errors: 0, Skipped: 0, Time elapsed: 0.002 sec
Running com.fincatto.documentofiscal.nfe310.classes.nota.assinatura.NFTransformTest
Tests run: 1, Failures: 0, Errors: 0, Skipped: 0, Time elapsed: 0.001 sec
Running com.fincatto.documentofiscal.nfe310.classes.nota.assinatura.NFKeyInfoTest
Tests run: 1, Failures: 0, Errors: 0, Skipped: 0, Time elapsed: 0 sec
Running com.fincatto.documentofiscal.nfe310.classes.nota.NFNotaInfoTotalTest
Tests run: 4, Failures: 0, Errors: 0, Skipped: 0, Time elapsed: 0.008 sec
Running com.fincatto.documentofiscal.nfe310.classes.nota.NFNotaInfoItemImpostoPISTest
Tests run: 5, Failures: 0, Errors: 0, Skipped: 0, Time elapsed: 0.004 sec
Running com.fincatto.documentofiscal.nfe310.classes.nota.NFOperacaoConsumidorFinalTest
Tests run: 3, Failures: 0, Errors: 0, Skipped: 0, Time elapsed: 0.002 sec
Running com.fincatto.documentofiscal.nfe310.classes.nota.NFNotaInfoItemProdutoVeiculoTest
Tests run: 41, Failures: 0, Errors: 0, Skipped: 0, Time elapsed: 0.037 sec
Running com.fincatto.documentofiscal.nfe310.classes.nota.NFNotaInfoItemImpostoICMS30Test
Tests run: 16, Failures: 0, Errors: 0, Skipped: 0, Time elapsed: 0.015 sec
Running com.fincatto.documentofiscal.nfe310.classes.nota.NFNotaInfoItemImpostoCOFINSOutrasOperacoesTest
Tests run: 12, Failures: 0, Errors: 0, Skipped: 0, Time elapsed: 0.017 sec
Running com.fincatto.documentofiscal.nfe310.classes.nota.NFNotaInfoItemImpostoICMSTest
Tests run: 20, Failures: 0, Errors: 0, Skipped: 0, Time elapsed: 0 sec
Running com.fincatto.documentofiscal.nfe310.classes.nota.NFNotaInfoItemExportacaoIndiretaTest
Tests run: 9, Failures: 0, Errors: 0, Skipped: 0, Time elapsed: 0 sec
Running com.fincatto.documentofiscal.nfe310.classes.nota.NFNotaInfoLacreTest
Tests run: 3, Failures: 0, Errors: 0, Skipped: 0, Time elapsed: 0 sec
Running com.fincatto.documentofiscal.nfe310.classes.nota.NFNotaInfoItemImpostoPISAliquotaTest
Tests run: 8, Failures: 0, Errors: 0, Skipped: 0, Time elapsed: 0.006 sec
Running com.fincatto.documentofiscal.nfe310.classes.nota.NFNotaInfoItemImpostoICMS20Test
Tests run: 14, Failures: 0, Errors: 0, Skipped: 0, Time elapsed: 0.007 sec
Running com.fincatto.documentofiscal.nfe310.classes.nota.NFNotaInfoItemDetalheExportacaoTest
Tests run: 6, Failures: 0, Errors: 0, Skipped: 0, Time elapsed: 0.004 sec
Running com.fincatto.documentofiscal.nfe310.classes.nota.NFNotaInfoItemImpostoPISOutrasOperacoesTest
Tests run: 12, Failures: 0, Errors: 0, Skipped: 0, Time elapsed: 0.004 sec
Running com.fincatto.documentofiscal.nfe310.classes.nota.NFNotaInfoImpostoTributacaoISSQNTest
Tests run: 2, Failures: 0, Errors: 0, Skipped: 0, Time elapsed: 0.001 sec
Running com.fincatto.documentofiscal.nfe310.classes.nota.NFNotaInfoItemProdutoMedicamentoTest
Tests run: 9, Failures: 0, Errors: 0, Skipped: 0, Time elapsed: 0.005 sec
Running com.fincatto.documentofiscal.nfe310.classes.nota.NFNotaInfoItemImpostoCOFINSNaoTributavelTest
Tests run: 2, Failures: 0, Errors: 0, Skipped: 0, Time elapsed: 0.002 sec
Running com.fincatto.documentofiscal.nfe310.classes.nota.NFNotaInfoCompraTest
Tests run: 7, Failures: 0, Errors: 0, Skipped: 0, Time elapsed: 0.004 sec
Running com.fincatto.documentofiscal.nfe310.classes.nota.NFNotaInfoPagamentoTest
Tests run: 5, Failures: 0, Errors: 0, Skipped: 0, Time elapsed: 0.004 sec
Running com.fincatto.documentofiscal.nfe310.classes.nota.NFInfoCupomFiscalReferenciadoTest
Tests run: 7, Failures: 0, Errors: 0, Skipped: 0, Time elapsed: 0.004 sec
Running com.fincatto.documentofiscal.nfe310.classes.nota.NFNotaInfoCanaTest
Tests run: 14, Failures: 0, Errors: 0, Skipped: 0, Time elapsed: 0.014 sec
Running com.fincatto.documentofiscal.nfe310.classes.nota.NFNotaInfoDuplicataTest
Tests run: 5, Failures: 0, Errors: 0, Skipped: 0, Time elapsed: 0.004 sec
Running com.fincatto.documentofiscal.nfe310.classes.nota.NFNotaInfoSituacaoTributariaCOFINSTest
Tests run: 2, Failures: 0, Errors: 0, Skipped: 0, Time elapsed: 0.001 sec
Running com.fincatto.documentofiscal.nfe310.classes.nota.NFTipoIntegracaoPagamentoTest
Tests run: 3, Failures: 0, Errors: 0, Skipped: 0, Time elapsed: 0 sec
Running com.fincatto.documentofiscal.nfe310.classes.nota.NFNotaInfoItemImpostoICMSSN900Test
Tests run: 28, Failures: 0, Errors: 0, Skipped: 0, Time elapsed: 0.019 sec
Running com.fincatto.documentofiscal.nfe310.classes.nota.NFNotaInfoItemProdutoArmamentoTest
Tests run: 8, Failures: 0, Errors: 0, Skipped: 0, Time elapsed: 0.005 sec
Running com.fincatto.documentofiscal.nfe310.classes.nota.NFNotaInfoRetencaoICMSTransporteTest
Tests run: 25, Failures: 0, Errors: 0, Skipped: 0, Time elapsed: 0.01 sec
Running com.fincatto.documentofiscal.nfe310.classes.nota.NFNotaInfoItemImpostoPISNaoTributadoTest
Tests run: 2, Failures: 0, Errors: 0, Skipped: 0, Time elapsed: 0.002 sec
Running com.fincatto.documentofiscal.nfe310.classes.nota.NFNotaInfoReboqueTest
Tests run: 6, Failures: 0, Errors: 0, Skipped: 0, Time elapsed: 0.004 sec
Running com.fincatto.documentofiscal.nfe310.classes.nota.NFNotaInfoItemImpostoICMSSTTest
Tests run: 11, Failures: 0, Errors: 0, Skipped: 0, Time elapsed: 0.007 sec
Running com.fincatto.documentofiscal.nfe310.classes.nota.NFNotaInfoItemImpostoISSQNTest
Tests run: 22, Failures: 0, Errors: 0, Skipped: 0, Time elapsed: 0.029 sec
Running com.fincatto.documentofiscal.nfe310.classes.nota.NFNotaInfoCobrancaTest
Tests run: 5, Failures: 0, Errors: 0, Skipped: 0, Time elapsed: 0.005 sec
Running com.fincatto.documentofiscal.nfe310.classes.nota.NFNotaInfoItemImpostoImportacaoTest
Tests run: 9, Failures: 0, Errors: 0, Skipped: 0, Time elapsed: 0.006 sec
Running com.fincatto.documentofiscal.nfe310.classes.nota.NFNotaInfoItemImpostoICMS51Test
Tests run: 15, Failures: 0, Errors: 0, Skipped: 0, Time elapsed: 0.015 sec
Running com.fincatto.documentofiscal.nfe310.classes.nota.NFNotaInfoExportacaoTest
Tests run: 4, Failures: 0, Errors: 0, Skipped: 0, Time elapsed: 0.003 sec
Running com.fincatto.documentofiscal.nfe310.classes.nota.NFNotaInfoItemImpostoIPITributadoTest
Tests run: 10, Failures: 0, Errors: 0, Skipped: 0, Time elapsed: 0.005 sec
Running com.fincatto.documentofiscal.nfe310.classes.nota.NFNotaInfoItemTest
Tests run: 8, Failures: 0, Errors: 0, Skipped: 0, Time elapsed: 0.039 sec
Running com.fincatto.documentofiscal.nfe310.classes.nota.NFInformacaoImpostoDevolvidoTest
Tests run: 3, Failures: 0, Errors: 0, Skipped: 0, Time elapsed: 0.002 sec
Running com.fincatto.documentofiscal.nfe310.classes.nota.NFModalidadeFreteTest
Tests run: 2, Failures: 0, Errors: 0, Skipped: 0, Time elapsed: 0.001 sec
Running com.fincatto.documentofiscal.nfe310.classes.nota.NFNotaInfoICMSTotalTest
Tests run: 35, Failures: 0, Errors: 0, Skipped: 0, Time elapsed: 0.018 sec
Running com.fincatto.documentofiscal.nfe310.classes.nota.NFVerificaChaveTest
Tests run: 1, Failures: 0, Errors: 0, Skipped: 0, Time elapsed: 0.001 sec
Running com.fincatto.documentofiscal.nfe310.classes.nota.NFNotaInfoCartaoTest
Tests run: 6, Failures: 0, Errors: 0, Skipped: 0, Time elapsed: 0.002 sec
Running com.fincatto.documentofiscal.nfe310.classes.nota.NFNotaInfoItemProdutoDeclaracaoImportacaoAdicaoTest
Tests run: 18, Failures: 0, Errors: 0, Skipped: 0, Time elapsed: 0.006 sec
Running com.fincatto.documentofiscal.nfe310.classes.nota.NFNotaInfoItemImpostoIPITest
Tests run: 14, Failures: 0, Errors: 0, Skipped: 0, Time elapsed: 0.006 sec
Running com.fincatto.documentofiscal.nfe310.classes.nota.NFNotaInfoItemImpostoICMSSN202Test
Tests run: 14, Failures: 0, Errors: 0, Skipped: 0, Time elapsed: 0.006 sec
Running com.fincatto.documentofiscal.nfe310.classes.nota.NFNotaInfoItemImpostoICMS70Test
Tests run: 25, Failures: 0, Errors: 0, Skipped: 0, Time elapsed: 0.012 sec
Running com.fincatto.documentofiscal.nfe310.classes.nota.NFInfoProdutorRuralReferenciadaTest
Tests run: 16, Failures: 0, Errors: 0, Skipped: 0, Time elapsed: 0.008 sec
Running com.fincatto.documentofiscal.nfe310.classes.nota.NFGeraQRCodeTest
Tests run: 2, Failures: 0, Errors: 0, Skipped: 0, Time elapsed: 0.008 sec
Running com.fincatto.documentofiscal.nfe310.classes.nota.NFNotaInfoItemImpostoIPINTTest
Tests run: 2, Failures: 0, Errors: 0, Skipped: 0, Time elapsed: 0.002 sec
Running com.fincatto.documentofiscal.nfe310.classes.nota.NFPessoaAutorizadaDownloadNFeTest
Tests run: 5, Failures: 0, Errors: 0, Skipped: 0, Time elapsed: 0.001 sec
Running com.fincatto.documentofiscal.nfe310.classes.nota.NFNotaInfoCanaFornecimentoDiarioTest
Tests run: 5, Failures: 0, Errors: 0, Skipped: 0, Time elapsed: 0.002 sec
Running com.fincatto.documentofiscal.nfe310.classes.nota.NFNotaInfoIdentificacaoTest
Tests run: 35, Failures: 0, Errors: 0, Skipped: 0, Time elapsed: 0.054 sec
Running com.fincatto.documentofiscal.nfe310.classes.nota.NFEnderecoTest
Tests run: 28, Failures: 0, Errors: 0, Skipped: 0, Time elapsed: 0.016 sec
Running com.fincatto.documentofiscal.nfe310.classes.nota.NFNotaInfoVeiculoTest
Tests run: 6, Failures: 0, Errors: 0, Skipped: 0, Time elapsed: 0.007 sec
Running com.fincatto.documentofiscal.nfe310.classes.nota.NFNotaInfoItemImpostoPISSTTest
Tests run: 11, Failures: 0, Errors: 0, Skipped: 0, Time elapsed: 0.003 sec
Running com.fincatto.documentofiscal.nfe310.classes.nota.NFNotaInfoItemProdutoCombustivelCIDETest
Tests run: 10, Failures: 0, Errors: 0, Skipped: 0, Time elapsed: 0.005 sec
Running com.fincatto.documentofiscal.nfe310.classes.nota.NFNotaInfoItemImpostoICMS40Test
Tests run: 7, Failures: 0, Errors: 0, Skipped: 0, Time elapsed: 0.003 sec
Running com.fincatto.documentofiscal.nfe310.classes.nota.NFNotaInfoEmitenteTest
Tests run: 17, Failures: 0, Errors: 0, Skipped: 0, Time elapsed: 0.014 sec
Running com.fincatto.documentofiscal.nfe310.classes.nota.NFNotaInfoTest
Tests run: 39, Failures: 0, Errors: 0, Skipped: 0, Time elapsed: 0.179 sec
Running com.fincatto.documentofiscal.nfe310.classes.nota.NFNotaInfoItemImpostoICMSUFDestinoTest
Tests run: 17, Failures: 0, Errors: 0, Skipped: 0, Time elapsed: 0.007 sec
Running com.fincatto.documentofiscal.nfe310.classes.nota.NFNotaInfoFaturaTest
Tests run: 11, Failures: 0, Errors: 0, Skipped: 0, Time elapsed: 0.003 sec
Running com.fincatto.documentofiscal.nfe310.classes.nota.NFNotaInfoISSQNTotalTest
Tests run: 19, Failures: 0, Errors: 0, Skipped: 0, Time elapsed: 0.009 sec
Running com.fincatto.documentofiscal.nfe310.classes.nota.NFNotaInfoDestinatarioTest
Tests run: 17, Failures: 0, Errors: 0, Skipped: 0, Time elapsed: 0.009 sec
Running com.fincatto.documentofiscal.nfe310.classes.nota.NFNotaInfoItemImpostoICMSSN201Test
Tests run: 18, Failures: 0, Errors: 0, Skipped: 0, Time elapsed: 0.008 sec
Running com.fincatto.documentofiscal.nfe310.classes.nota.NFNotaInfoItemImpostoCOFINSSTTest
Tests run: 6, Failures: 0, Errors: 0, Skipped: 0, Time elapsed: 0.001 sec
Running com.fincatto.documentofiscal.nfe310.classes.nota.NFNotaInfoInformacoesAdicionaisTest
Tests run: 14, Failures: 0, Errors: 0, Skipped: 0, Time elapsed: 0.007 sec
Running com.fincatto.documentofiscal.nfe310.classes.nota.NFNotaInfoTransporteTest
Tests run: 11, Failures: 0, Errors: 0, Skipped: 0, Time elapsed: 0.01 sec
Running com.fincatto.documentofiscal.nfe310.classes.nota.NFNotaInfoItemImpostoTest
Tests run: 24, Failures: 0, Errors: 0, Skipped: 0, Time elapsed: 0.021 sec
Running com.fincatto.documentofiscal.nfe310.classes.nota.NFNotaInfoItemImpostoPISQuantidadeTest
Tests run: 8, Failures: 0, Errors: 0, Skipped: 0, Time elapsed: 0.002 sec
Running com.fincatto.documentofiscal.nfe310.classes.nota.NFNotaInfoCadaDeducaoTest
Tests run: 5, Failures: 0, Errors: 0, Skipped: 0, Time elapsed: 0.002 sec
Running com.fincatto.documentofiscal.nfe310.classes.nota.NFNotaInfoVolumeTest
Tests run: 13, Failures: 0, Errors: 0, Skipped: 0, Time elapsed: 0.007 sec
Running com.fincatto.documentofiscal.nfe310.classes.nota.NFNotaInfoItemProdutoTest
Tests run: 91, Failures: 0, Errors: 0, Skipped: 0, Time elapsed: 0.15 sec
Running com.fincatto.documentofiscal.nfe310.classes.nota.NFNotaInfoAvulsaTest
Tests run: 20, Failures: 0, Errors: 0, Skipped: 0, Time elapsed: 0.016 sec
Running com.fincatto.documentofiscal.nfe310.classes.nota.NFNotaInfoItemProdutoCombustivelTest
Tests run: 10, Failures: 0, Errors: 0, Skipped: 0, Time elapsed: 0.005 sec
Running com.fincatto.documentofiscal.nfe310.classes.nota.NFImpostoDevolvidoTest
Tests run: 4, Failures: 0, Errors: 0, Skipped: 0, Time elapsed: 0.003 sec
Running com.fincatto.documentofiscal.nfe310.classes.nota.NFViaTransporteInternacionalTest
Tests run: 2, Failures: 0, Errors: 0, Skipped: 0, Time elapsed: 0.001 sec
Running com.fincatto.documentofiscal.nfe310.classes.nota.NFNotaInfoItemImpostoICMSSN101Test
Tests run: 7, Failures: 0, Errors: 0, Skipped: 0, Time elapsed: 0.003 sec
Running com.fincatto.documentofiscal.nfe310.classes.nota.NFNotaInfoItemImpostoICMS60Test
Tests run: 7, Failures: 0, Errors: 0, Skipped: 0, Time elapsed: 0.003 sec
Running com.fincatto.documentofiscal.nfe310.classes.nota.NFNotaInfoProcessoReferenciadoTest
Tests run: 4, Failures: 0, Errors: 0, Skipped: 0, Time elapsed: 0.003 sec
Running com.fincatto.documentofiscal.nfe310.classes.nota.NFNotaInfoItemProdutoDeclaracaoImportacaoTest
Tests run: 17, Failures: 0, Errors: 0, Skipped: 0, Time elapsed: 0.011 sec
Running com.fincatto.documentofiscal.nfe310.classes.nota.NFInfoModelo1Por1AReferenciadaTest
Tests run: 11, Failures: 0, Errors: 0, Skipped: 0, Time elapsed: 0.011 sec
Running com.fincatto.documentofiscal.nfe310.classes.nota.NFNotaInfoRegimeEspecialTributacaoTest
Tests run: 3, Failures: 0, Errors: 0, Skipped: 0, Time elapsed: 0.001 sec
Running com.fincatto.documentofiscal.nfe310.classes.nota.NFNotaInfoTransportadorTest
Tests run: 18, Failures: 0, Errors: 0, Skipped: 0, Time elapsed: 0.017 sec
Running com.fincatto.documentofiscal.nfe310.classes.nota.NFGeraChaveTest
Tests run: 4, Failures: 0, Errors: 0, Skipped: 0, Time elapsed: 0 sec
Running com.fincatto.documentofiscal.nfe310.classes.nota.NFNotaInfoItemImpostoIPINaoTributadoTest
Tests run: 2, Failures: 0, Errors: 0, Skipped: 0, Time elapsed: 0.015 sec
Running com.fincatto.documentofiscal.nfe310.classes.NFNotaInfoVeiculoCorTest
Tests run: 1, Failures: 0, Errors: 0, Skipped: 0, Time elapsed: 0.001 sec
Running com.fincatto.documentofiscal.nfe310.classes.NFNotaInfoItemProdutoArmamentoTipoTest
Tests run: 2, Failures: 0, Errors: 0, Skipped: 0, Time elapsed: 0.001 sec
Running com.fincatto.documentofiscal.nfe310.classes.NFNotaInfoItemModalidadeBCICMSTest
Tests run: 1, Failures: 0, Errors: 0, Skipped: 0, Time elapsed: 0 sec
Running com.fincatto.documentofiscal.nfe310.classes.NFAutorizador31Test
Tests run: 36, Failures: 0, Errors: 0, Skipped: 0, Time elapsed: 0.018 sec
Running com.fincatto.documentofiscal.nfe310.classes.NFRegimeTributarioTest
Tests run: 4, Failures: 0, Errors: 0, Skipped: 0, Time elapsed: 0.008 sec
Running com.fincatto.documentofiscal.nfe310.classes.NFNotaInfoCombustivelTipoTest
Tests run: 1, Failures: 0, Errors: 0, Skipped: 0, Time elapsed: 0.003 sec
Running com.fincatto.documentofiscal.nfe310.classes.NFNotaMotivoDesoneracaoICMSTest
Tests run: 2, Failures: 0, Errors: 0, Skipped: 0, Time elapsed: 0 sec
Running com.fincatto.documentofiscal.nfe310.classes.NFProgramaEmissorTest
Tests run: 1, Failures: 0, Errors: 0, Skipped: 0, Time elapsed: 0 sec
Running com.fincatto.documentofiscal.nfe310.classes.NFNotaSituacaoOperacionalSimplesNacionalTest
Tests run: 2, Failures: 0, Errors: 0, Skipped: 0, Time elapsed: 0 sec
Running com.fincatto.documentofiscal.nfe310.classes.NFTipoImpressaoTest
Tests run: 3, Failures: 0, Errors: 0, Skipped: 0, Time elapsed: 0 sec
Running com.fincatto.documentofiscal.nfe310.classes.NFProdutoCompoeValorNotaTest
Tests run: 3, Failures: 0, Errors: 0, Skipped: 0, Time elapsed: 0 sec
Running com.fincatto.documentofiscal.nfe310.classes.NFNotaInfoImpostoTributacaoISSQNTest
Tests run: 1, Failures: 0, Errors: 0, Skipped: 0, Time elapsed: 0 sec
Running com.fincatto.documentofiscal.nfe310.classes.NFNotaInfoSituacaoTributariaCOFINSTest
Tests run: 1, Failures: 0, Errors: 0, Skipped: 0, Time elapsed: 0 sec
Running com.fincatto.documentofiscal.nfe310.classes.NFRetornoStatusTest
Tests run: 7, Failures: 0, Errors: 0, Skipped: 0, Time elapsed: 0.01 sec
Running com.fincatto.documentofiscal.nfe310.classes.NFFormaPagamentoTest
Tests run: 1, Failures: 0, Errors: 0, Skipped: 0, Time elapsed: 0 sec
Running com.fincatto.documentofiscal.nfe310.classes.NFNotaInfoImpostoTributacaoICMSTest
Tests run: 1, Failures: 0, Errors: 0, Skipped: 0, Time elapsed: 0 sec
Running com.fincatto.documentofiscal.nfe310.classes.NFProcessoEmissorTest
Tests run: 3, Failures: 0, Errors: 0, Skipped: 0, Time elapsed: 0.001 sec
Running com.fincatto.documentofiscal.nfe310.classes.NFProtocoloInfoTest
Tests run: 9, Failures: 0, Errors: 0, Skipped: 0, Time elapsed: 0.001 sec
Running com.fincatto.documentofiscal.nfe310.classes.NFNotaInfoItemProdutoVeiculoTipoOperacaoTest
Tests run: 2, Failures: 0, Errors: 0, Skipped: 0, Time elapsed: 0 sec
Running com.fincatto.documentofiscal.nfe310.classes.NFTipoTest
Tests run: 3, Failures: 0, Errors: 0, Skipped: 0, Time elapsed: 0.001 sec
Running com.fincatto.documentofiscal.nfe310.classes.NFModalidadeFreteTest
Tests run: 1, Failures: 0, Errors: 0, Skipped: 0, Time elapsed: 0 sec
Running com.fincatto.documentofiscal.nfe310.classes.NFNotaInfoItemModalidadeBCICMSSTTest
Tests run: 1, Failures: 0, Errors: 0, Skipped: 0, Time elapsed: 0.001 sec
Running com.fincatto.documentofiscal.nfe310.classes.lote.consulta.NFLoteConsultaRetornoTest
Tests run: 1, Failures: 0, Errors: 0, Skipped: 0, Time elapsed: 0.003 sec
Running com.fincatto.documentofiscal.nfe310.classes.lote.consulta.NFLoteConsultaTest
Tests run: 1, Failures: 0, Errors: 0, Skipped: 0, Time elapsed: 0.002 sec
Running com.fincatto.documentofiscal.nfe310.classes.lote.envio.NFLoteIndicadorProcessamentoTest
Tests run: 4, Failures: 0, Errors: 0, Skipped: 0, Time elapsed: 0 sec
Running com.fincatto.documentofiscal.nfe310.classes.lote.envio.NFLoteEnvioTest
Tests run: 9, Failures: 0, Errors: 0, Skipped: 0, Time elapsed: 0.022 sec
Running com.fincatto.documentofiscal.nfe310.classes.lote.envio.NFLoteEnvioRetornoRecebimentoInfoTest
Tests run: 1, Failures: 0, Errors: 0, Skipped: 0, Time elapsed: 0 sec
Running com.fincatto.documentofiscal.nfe310.classes.lote.envio.NFLoteEnvioRetornoTest
Tests run: 1, Failures: 0, Errors: 0, Skipped: 0, Time elapsed: 0 sec
Running com.fincatto.documentofiscal.nfe310.classes.NFNotaInfoItemProdutoVeiculoCondicaoChassiTest
Tests run: 2, Failures: 0, Errors: 0, Skipped: 0, Time elapsed: 0 sec
Running com.fincatto.documentofiscal.nfe310.classes.cadastro.NFInfoConsultaCadastroTest
Tests run: 11, Failures: 0, Errors: 0, Skipped: 0, Time elapsed: 0.002 sec
Running com.fincatto.documentofiscal.nfe310.classes.cadastro.NFIndicadorContribuinteNFeTest
Tests run: 2, Failures: 0, Errors: 0, Skipped: 0, Time elapsed: 0.001 sec
Running com.fincatto.documentofiscal.nfe310.classes.cadastro.NFIndicadorContribuinteCTeTest
Tests run: 2, Failures: 0, Errors: 0, Skipped: 0, Time elapsed: 0 sec
Running com.fincatto.documentofiscal.nfe310.classes.cadastro.NFRetornoConsultaCadastroTest
Tests run: 2, Failures: 0, Errors: 0, Skipped: 0, Time elapsed: 0.001 sec
Running com.fincatto.documentofiscal.nfe310.classes.cadastro.NFSituacaoContribuinteTest
Tests run: 2, Failures: 0, Errors: 0, Skipped: 0, Time elapsed: 0.001 sec
Running com.fincatto.documentofiscal.nfe310.classes.cadastro.NFRetornoConsultaCadastroEnderecoTest
Tests run: 7, Failures: 0, Errors: 0, Skipped: 0, Time elapsed: 0.001 sec
Running com.fincatto.documentofiscal.nfe310.classes.cadastro.NFRetornoConsultaCadastroSituacaoCadastralTest
Tests run: 17, Failures: 0, Errors: 0, Skipped: 0, Time elapsed: 0.003 sec
Running com.fincatto.documentofiscal.nfe310.classes.cadastro.NFConsultaCadastroTest
Tests run: 4, Failures: 0, Errors: 0, Skipped: 0, Time elapsed: 0.002 sec
Running com.fincatto.documentofiscal.nfe310.classes.cadastro.NFRetornoConsultaCadastroDadosTest
Tests run: 10, Failures: 0, Errors: 0, Skipped: 0, Time elapsed: 0.001 sec
Running com.fincatto.documentofiscal.nfe310.classes.cartacorrecao.NFEnviaEventoTest
Tests run: 5, Failures: 0, Errors: 0, Skipped: 0, Time elapsed: 0.005 sec
Running com.fincatto.documentofiscal.nfe310.classes.cartacorrecao.NFProtocoloEventoCartaCorrecaoTest
Tests run: 4, Failures: 0, Errors: 0, Skipped: 0, Time elapsed: 0.007 sec
Running com.fincatto.documentofiscal.nfe310.classes.cartacorrecao.NFInfoEventoCartaCorrecaoTest
Tests run: 13, Failures: 0, Errors: 0, Skipped: 0, Time elapsed: 0.024 sec
Running com.fincatto.documentofiscal.nfe310.classes.cartacorrecao.NFEventoCartaCorrecaoTest
Tests run: 3, Failures: 0, Errors: 0, Skipped: 0, Time elapsed: 0.011 sec
Running com.fincatto.documentofiscal.nfe310.classes.evento.NFEventoRetornoTest
Tests run: 3, Failures: 0, Errors: 0, Skipped: 0, Time elapsed: 0 sec
Running com.fincatto.documentofiscal.nfe310.classes.evento.cancelamento.NFEventoCancelamentoTest
Tests run: 7, Failures: 0, Errors: 0, Skipped: 0, Time elapsed: 0.01 sec
Running com.fincatto.documentofiscal.nfe310.classes.evento.cancelamento.NFRetornoInfoCancelamentoTest
Tests run: 10, Failures: 0, Errors: 0, Skipped: 0, Time elapsed: 0.003 sec
Running com.fincatto.documentofiscal.nfe310.classes.evento.cancelamento.NFEnviaEventoRetornoCancelamentoTest
Tests run: 1, Failures: 0, Errors: 0, Skipped: 0, Time elapsed: 0.011 sec
Running com.fincatto.documentofiscal.nfe310.classes.evento.cancelamento.NFInfoEventoCancelamentoTest
Tests run: 11, Failures: 0, Errors: 0, Skipped: 0, Time elapsed: 0.003 sec
Running com.fincatto.documentofiscal.nfe310.classes.evento.cancelamento.NFInfoCancelamentoTest
Tests run: 8, Failures: 0, Errors: 0, Skipped: 0, Time elapsed: 0.002 sec
Running com.fincatto.documentofiscal.nfe310.classes.evento.cancelamento.NFEnviaEventoCancelamentoTest
Tests run: 11, Failures: 0, Errors: 0, Skipped: 0, Time elapsed: 0.004 sec
Running com.fincatto.documentofiscal.nfe310.classes.evento.cancelamento.NFProtocoloEventoCancelamentoTest
Tests run: 4, Failures: 0, Errors: 0, Skipped: 0, Time elapsed: 0.003 sec
Running com.fincatto.documentofiscal.nfe310.classes.evento.cancelamento.NFRetornoCancelamentoTest
Tests run: 2, Failures: 0, Errors: 0, Skipped: 0, Time elapsed: 0.001 sec
Running com.fincatto.documentofiscal.nfe310.classes.evento.NFInfoEventoRetornoTest
Tests run: 15, Failures: 0, Errors: 0, Skipped: 0, Time elapsed: 0.002 sec
Running com.fincatto.documentofiscal.nfe310.classes.evento.NFEnviaEventoRetornoTest
Tests run: 8, Failures: 0, Errors: 0, Skipped: 0, Time elapsed: 0.002 sec
Running com.fincatto.documentofiscal.nfe310.classes.evento.inutilizacao.NFRetornoEventoInutilizacaoTest
Tests run: 3, Failures: 0, Errors: 0, Skipped: 0, Time elapsed: 0.002 sec
Running com.fincatto.documentofiscal.nfe310.classes.evento.manifestacaodestinatario.NFInfoManifestacaoDestinatarioTest
Tests run: 4, Failures: 0, Errors: 0, Skipped: 0, Time elapsed: 0.005 sec
Running com.fincatto.documentofiscal.nfe310.classes.evento.manifestacaodestinatario.NFInfoEventoManifestacaoDestinatarioTest
Tests run: 11, Failures: 0, Errors: 0, Skipped: 0, Time elapsed: 0 sec
Running com.fincatto.documentofiscal.nfe310.classes.evento.manifestacaodestinatario.NFEventoManifestacaoTest
Tests run: 7, Failures: 0, Errors: 0, Skipped: 0, Time elapsed: 0.016 sec
Running com.fincatto.documentofiscal.nfe310.classes.evento.manifestacaodestinatario.NFTipoEventoManifestacaoDestinatarioTest
Tests run: 4, Failures: 0, Errors: 0, Skipped: 0, Time elapsed: 0 sec
Running com.fincatto.documentofiscal.nfe310.classes.evento.manifestacaodestinatario.NFEnviaEventoManifestacaoDestinatarioTest
Tests run: 11, Failures: 0, Errors: 0, Skipped: 0, Time elapsed: 0 sec
Running com.fincatto.documentofiscal.nfe310.classes.NFNotaInfoEspecieVeiculoTest
Tests run: 1, Failures: 0, Errors: 0, Skipped: 0, Time elapsed: 0 sec
Running com.fincatto.documentofiscal.nfe310.classes.NFFinalidadeTest
Tests run: 1, Failures: 0, Errors: 0, Skipped: 0, Time elapsed: 0 sec
Running com.fincatto.documentofiscal.nfe310.classes.NFNotaInfoTipoVeiculoTest
Tests run: 1, Failures: 0, Errors: 0, Skipped: 0, Time elapsed: 0 sec
Running com.fincatto.documentofiscal.nfe310.classes.inutilizacao.NFRetornoEventoInutilizacaoDadosTest
Tests run: 14, Failures: 0, Errors: 0, Skipped: 0, Time elapsed: 0 sec
Running com.fincatto.documentofiscal.nfe310.classes.inutilizacao.NFEventoCancelamentoDadosTest
Tests run: 22, Failures: 0, Errors: 0, Skipped: 0, Time elapsed: 0.01 sec
Running com.fincatto.documentofiscal.nfe310.classes.inutilizacao.NFEnviaEventoInutilizacaoTest
Tests run: 2, Failures: 0, Errors: 0, Skipped: 0, Time elapsed: 0.001 sec
Running com.fincatto.documentofiscal.nfe310.classes.NFNotaInfoItemProdutoVeiculoRestricaoTest
Tests run: 2, Failures: 0, Errors: 0, Skipped: 0, Time elapsed: 0 sec
Running com.fincatto.documentofiscal.nfe310.classes.NFOrigemTest
Tests run: 3, Failures: 0, Errors: 0, Skipped: 0, Time elapsed: 0.001 sec
Running com.fincatto.documentofiscal.nfe310.classes.NFNotaInfoSituacaoTributariaIPITest
Tests run: 2, Failures: 0, Errors: 0, Skipped: 0, Time elapsed: 0.002 sec
Running com.fincatto.documentofiscal.nfe310.classes.NFProtocoloTest
Tests run: 3, Failures: 0, Errors: 0, Skipped: 0, Time elapsed: 0.001 sec
Running com.fincatto.documentofiscal.nfe310.classes.statusservico.consulta.NFStatusServicoConsultaRetornoTest
Tests run: 10, Failures: 0, Errors: 0, Skipped: 0, Time elapsed: 0.006 sec
Running com.fincatto.documentofiscal.nfe310.classes.statusservico.NFStatusServicoConsultaTest
Tests run: 4, Failures: 0, Errors: 0, Skipped: 0, Time elapsed: 0.001 sec
Running com.fincatto.documentofiscal.nfe310.classes.NFNotaInfoSituacaoTributariaPISTest
Tests run: 1, Failures: 0, Errors: 0, Skipped: 0, Time elapsed: 0 sec
Running com.fincatto.documentofiscal.nfe310.classes.NFOrigemProcessoTest
Tests run: 4, Failures: 0, Errors: 0, Skipped: 0, Time elapsed: 0 sec
Running com.fincatto.documentofiscal.cte.classes.distribuicao.CTDistribuicaoIntRetornoTest
Tests run: 2, Failures: 0, Errors: 0, Skipped: 0, Time elapsed: 0.012 sec
Running com.fincatto.documentofiscal.cte.classes.distribuicao.CTDistribuicaoIntTest
Tests run: 1, Failures: 0, Errors: 0, Skipped: 0, Time elapsed: 0.002 sec
Running com.fincatto.documentofiscal.cte.classes.distribuicao.CTDistribuicaoConsultaNSUTest
Tests run: 2, Failures: 0, Errors: 0, Skipped: 0, Time elapsed: 0.001 sec
Running com.fincatto.documentofiscal.DFConfigTest
Tests run: 4, Failures: 0, Errors: 0, Skipped: 0, Time elapsed: 0.004 sec
Running com.fincatto.documentofiscal.cte200.classes.CTTipoDocumentoTransporteAnteriorTest
Tests run: 1, Failures: 0, Errors: 0, Skipped: 0, Time elapsed: 0.001 sec
Running com.fincatto.documentofiscal.cte200.classes.CTRetiraMercadoriaTest
Tests run: 1, Failures: 0, Errors: 0, Skipped: 0, Time elapsed: 0 sec
Running com.fincatto.documentofiscal.cte200.classes.CTTomadorServicoTest
Tests run: 1, Failures: 0, Errors: 0, Skipped: 0, Time elapsed: 0 sec
Running com.fincatto.documentofiscal.cte200.classes.CTTipoUnidadeCargaTest
Tests run: 1, Failures: 0, Errors: 0, Skipped: 0, Time elapsed: 0 sec
Running com.fincatto.documentofiscal.cte200.classes.CTTipoServicoTest
Tests run: 1, Failures: 0, Errors: 0, Skipped: 0, Time elapsed: 0 sec
Running com.fincatto.documentofiscal.cte200.classes.CTTipoCteTest
Tests run: 1, Failures: 0, Errors: 0, Skipped: 0, Time elapsed: 0 sec
Running com.fincatto.documentofiscal.cte200.classes.CTFormaPagamentoTest
Tests run: 1, Failures: 0, Errors: 0, Skipped: 0, Time elapsed: 0 sec
Running com.fincatto.documentofiscal.cte200.classes.CTModalTest
Tests run: 1, Failures: 0, Errors: 0, Skipped: 0, Time elapsed: 0 sec
Running com.fincatto.documentofiscal.cte200.classes.CTIdentificadorEmissorTest
Tests run: 1, Failures: 0, Errors: 0, Skipped: 0, Time elapsed: 0 sec
Running com.fincatto.documentofiscal.cte200.classes.CTUnidadeMedidaTest
Tests run: 1, Failures: 0, Errors: 0, Skipped: 0, Time elapsed: 0 sec
Running com.fincatto.documentofiscal.cte200.classes.CTTipoImpressaoTest
Tests run: 1, Failures: 0, Errors: 0, Skipped: 0, Time elapsed: 0.001 sec
Running com.fincatto.documentofiscal.cte200.classes.CTTipoEntregaDataTest
Tests run: 1, Failures: 0, Errors: 0, Skipped: 0, Time elapsed: 0 sec
Running com.fincatto.documentofiscal.cte200.classes.CTTipoEmissaoTest
Tests run: 1, Failures: 0, Errors: 0, Skipped: 0, Time elapsed: 0 sec
Running com.fincatto.documentofiscal.cte200.classes.CTTipoUnidadeTransporteTest
Tests run: 1, Failures: 0, Errors: 0, Skipped: 0, Time elapsed: 0 sec
Running com.fincatto.documentofiscal.cte200.classes.CTTipoDocumentoOutroTest
Tests run: 1, Failures: 0, Errors: 0, Skipped: 0, Time elapsed: 0 sec
Running com.fincatto.documentofiscal.cte200.classes.CTTipoEntregaHorarioTest
Tests run: 1, Failures: 0, Errors: 0, Skipped: 0, Time elapsed: 0 sec
Running com.fincatto.documentofiscal.cte200.classes.CTResponsavelSeguroTest
Tests run: 1, Failures: 0, Errors: 0, Skipped: 0, Time elapsed: 0 sec
Running com.fincatto.documentofiscal.nfe400.transformers.NFFinalidadeTransformerTest
Tests run: 2, Failures: 0, Errors: 0, Skipped: 0, Time elapsed: 0 sec
Running com.fincatto.documentofiscal.nfe400.transformers.NFIndicadorEscalaRelevanteTransformerTest
Tests run: 2, Failures: 0, Errors: 0, Skipped: 0, Time elapsed: 0 sec
Running com.fincatto.documentofiscal.nfe400.converters.NFStringNullToEmptyConverterTest
Tests run: 1, Failures: 0, Errors: 0, Skipped: 0, Time elapsed: 0 sec
Running com.fincatto.documentofiscal.nfe400.classes.NFNotaInfoItemProdutoVeiculoCondicaoTest
Tests run: 2, Failures: 0, Errors: 0, Skipped: 0, Time elapsed: 0.001 sec
Running com.fincatto.documentofiscal.nfe400.classes.nota.NFNotaInfoResponsavelTecnicoTest
Tests run: 6, Failures: 0, Errors: 0, Skipped: 0, Time elapsed: 0.014 sec
Running com.fincatto.documentofiscal.nfe400.classes.nota.NFNotaInfoItemImpostoICMSSN500Test
Tests run: 6, Failures: 0, Errors: 0, Skipped: 0, Time elapsed: 0.004 sec
Running com.fincatto.documentofiscal.nfe400.classes.nota.NFNotaInfoObservacaoTest
Tests run: 5, Failures: 0, Errors: 0, Skipped: 0, Time elapsed: 0.002 sec
Running com.fincatto.documentofiscal.nfe400.classes.nota.NFNotaInfoRetencoesTributosTest
Tests run: 15, Failures: 0, Errors: 0, Skipped: 0, Time elapsed: 0.004 sec
Running com.fincatto.documentofiscal.nfe400.classes.nota.NFNotaInfoItemImpostoICMS10Test
Tests run: 21, Failures: 0, Errors: 0, Skipped: 0, Time elapsed: 0.01 sec
Running com.fincatto.documentofiscal.nfe400.classes.nota.NFOperadoraCartaoTest
Tests run: 3, Failures: 0, Errors: 0, Skipped: 0, Time elapsed: 0.001 sec
Running com.fincatto.documentofiscal.nfe400.classes.nota.NFNotaInfoItemImpostoICMSSN102Test
Tests run: 3, Failures: 0, Errors: 0, Skipped: 0, Time elapsed: 0.002 sec
Running com.fincatto.documentofiscal.nfe400.classes.nota.NFInfoReferenciadaTest
Tests run: 9, Failures: 0, Errors: 0, Skipped: 0, Time elapsed: 0.005 sec
Running com.fincatto.documentofiscal.nfe400.classes.nota.NFNotaInfoItemProdutoRastreabilidadeTest
Tests run: 7, Failures: 0, Errors: 0, Skipped: 0, Time elapsed: 0.005 sec
Running com.fincatto.documentofiscal.nfe400.classes.nota.NFNotaInfoItemImpostoICMS90Test
Tests run: 27, Failures: 0, Errors: 0, Skipped: 0, Time elapsed: 0.015 sec
Running com.fincatto.documentofiscal.nfe400.classes.nota.NFNotaInfoItemIndicadorIncentivoFiscalTest
Tests run: 3, Failures: 0, Errors: 0, Skipped: 0, Time elapsed: 0.001 sec
Running com.fincatto.documentofiscal.nfe400.classes.nota.NFNotaInfoItemProdutoCombustivelEncerranteTest
Tests run: 1, Failures: 0, Errors: 0, Skipped: 0, Time elapsed: 0.002 sec
Running com.fincatto.documentofiscal.nfe400.classes.nota.NFNotaInfoItemImpostoCOFINSTest
Tests run: 5, Failures: 0, Errors: 0, Skipped: 0, Time elapsed: 0.004 sec
Running com.fincatto.documentofiscal.nfe400.classes.nota.consulta.NFNotaConsultaRetornoTest
Tests run: 11, Failures: 0, Errors: 0, Skipped: 0, Time elapsed: 0.003 sec
Running com.fincatto.documentofiscal.nfe400.classes.nota.consulta.NFNotaConsultaTest
Tests run: 5, Failures: 0, Errors: 0, Skipped: 0, Time elapsed: 0.002 sec
Running com.fincatto.documentofiscal.nfe400.classes.nota.consulta.NFProtocoloEventoTest
Tests run: 3, Failures: 0, Errors: 0, Skipped: 0, Time elapsed: 0.001 sec
Running com.fincatto.documentofiscal.nfe400.classes.nota.NFNotaInfoLocalTest
Tests run: 17, Failures: 0, Errors: 0, Skipped: 0, Time elapsed: 0.018 sec
Running com.fincatto.documentofiscal.nfe400.classes.nota.NFNotaInfoItemImpostoICMSPartilhadoTest
Tests run: 26, Failures: 0, Errors: 0, Skipped: 0, Time elapsed: 0.005 sec
Running com.fincatto.documentofiscal.nfe400.classes.nota.NFNotaTest
Tests run: 5, Failures: 0, Errors: 0, Skipped: 0, Time elapsed: 0.047 sec
Running com.fincatto.documentofiscal.nfe400.classes.nota.NFNotaInfoItemImpostoCOFINSQuantidadeTest
Tests run: 4, Failures: 0, Errors: 0, Skipped: 0, Time elapsed: 0 sec
Running com.fincatto.documentofiscal.nfe400.classes.nota.NFNotaInfoItemImpostoCOFINSAliquotaTest
Tests run: 8, Failures: 0, Errors: 0, Skipped: 0, Time elapsed: 0.001 sec
Running com.fincatto.documentofiscal.nfe400.classes.nota.NFNotaInfoItemImpostoICMS00Test
Tests run: 11, Failures: 0, Errors: 0, Skipped: 0, Time elapsed: 0.001 sec
Running com.fincatto.documentofiscal.nfe400.classes.nota.assinatura.NFSignatureTest
Tests run: 3, Failures: 0, Errors: 0, Skipped: 0, Time elapsed: 0 sec
Running com.fincatto.documentofiscal.nfe400.classes.nota.assinatura.NFX509DataTest
Tests run: 1, Failures: 0, Errors: 0, Skipped: 0, Time elapsed: 0 sec
Running com.fincatto.documentofiscal.nfe400.classes.nota.assinatura.NFSignedInfoTest
Tests run: 3, Failures: 0, Errors: 0, Skipped: 0, Time elapsed: 0 sec
Running com.fincatto.documentofiscal.nfe400.classes.nota.assinatura.NFReferenceTest
Tests run: 4, Failures: 0, Errors: 0, Skipped: 0, Time elapsed: 0 sec
Running com.fincatto.documentofiscal.nfe400.classes.nota.assinatura.NFTransformTest
Tests run: 1, Failures: 0, Errors: 0, Skipped: 0, Time elapsed: 0 sec
Running com.fincatto.documentofiscal.nfe400.classes.nota.assinatura.NFKeyInfoTest
Tests run: 1, Failures: 0, Errors: 0, Skipped: 0, Time elapsed: 0 sec
Running com.fincatto.documentofiscal.nfe400.classes.nota.NFNotaInfoTotalTest
Tests run: 4, Failures: 0, Errors: 0, Skipped: 0, Time elapsed: 0.003 sec
Running com.fincatto.documentofiscal.nfe400.classes.nota.NFNotaInfoItemImpostoPISTest
Tests run: 5, Failures: 0, Errors: 0, Skipped: 0, Time elapsed: 0.004 sec
Running com.fincatto.documentofiscal.nfe400.classes.nota.NFOperacaoConsumidorFinalTest
Tests run: 3, Failures: 0, Errors: 0, Skipped: 0, Time elapsed: 0 sec
Running com.fincatto.documentofiscal.nfe400.classes.nota.NFNotaInfoItemProdutoVeiculoTest
Tests run: 41, Failures: 0, Errors: 0, Skipped: 0, Time elapsed: 0.01 sec
Running com.fincatto.documentofiscal.nfe400.classes.nota.NFNotaInfoItemImpostoICMS30Test
Tests run: 17, Failures: 0, Errors: 0, Skipped: 0, Time elapsed: 0.004 sec
Running com.fincatto.documentofiscal.nfe400.classes.nota.NFNotaInfoItemImpostoCOFINSOutrasOperacoesTest
Tests run: 12, Failures: 0, Errors: 0, Skipped: 0, Time elapsed: 0.002 sec
Running com.fincatto.documentofiscal.nfe400.classes.nota.NFNotaInfoItemImpostoICMSTest
Tests run: 20, Failures: 0, Errors: 0, Skipped: 0, Time elapsed: 0.001 sec
Running com.fincatto.documentofiscal.nfe400.classes.nota.NFNotaInfoItemExportacaoIndiretaTest
Tests run: 9, Failures: 0, Errors: 0, Skipped: 0, Time elapsed: 0.011 sec
Running com.fincatto.documentofiscal.nfe400.classes.nota.NFIndicadorPresencaCompradorTest
Tests run: 2, Failures: 0, Errors: 0, Skipped: 0, Time elapsed: 0 sec
Running com.fincatto.documentofiscal.nfe400.classes.nota.NFNotaInfoLacreTest
Tests run: 3, Failures: 0, Errors: 0, Skipped: 0, Time elapsed: 0.001 sec
Running com.fincatto.documentofiscal.nfe400.classes.nota.NFNotaInfoItemImpostoPISAliquotaTest
Tests run: 8, Failures: 0, Errors: 0, Skipped: 0, Time elapsed: 0 sec
Running com.fincatto.documentofiscal.nfe400.classes.nota.NFNotaInfoItemImpostoICMS20Test
Tests run: 15, Failures: 0, Errors: 0, Skipped: 0, Time elapsed: 0 sec
Running com.fincatto.documentofiscal.nfe400.classes.nota.NFNotaInfoItemDetalheExportacaoTest
Tests run: 6, Failures: 0, Errors: 0, Skipped: 0, Time elapsed: 0 sec
Running com.fincatto.documentofiscal.nfe400.classes.nota.NFNotaInfoItemImpostoPISOutrasOperacoesTest
Tests run: 12, Failures: 0, Errors: 0, Skipped: 0, Time elapsed: 0 sec
Running com.fincatto.documentofiscal.nfe400.classes.nota.NFNotaInfoImpostoTributacaoISSQNTest
Tests run: 2, Failures: 0, Errors: 0, Skipped: 0, Time elapsed: 0 sec
Running com.fincatto.documentofiscal.nfe400.classes.nota.NFNotaInfoItemProdutoMedicamentoTest
Tests run: 3, Failures: 0, Errors: 0, Skipped: 0, Time elapsed: 0 sec
Running com.fincatto.documentofiscal.nfe400.classes.nota.NFNotaInfoItemImpostoCOFINSNaoTributavelTest
Tests run: 2, Failures: 0, Errors: 0, Skipped: 0, Time elapsed: 0 sec
Running com.fincatto.documentofiscal.nfe400.classes.nota.NFNotaInfoCompraTest
Tests run: 7, Failures: 0, Errors: 0, Skipped: 0, Time elapsed: 0 sec
Running com.fincatto.documentofiscal.nfe400.classes.nota.NFNotaInfoPagamentoTest
Tests run: 1, Failures: 0, Errors: 0, Skipped: 0, Time elapsed: 0 sec
Running com.fincatto.documentofiscal.nfe400.classes.nota.NFInfoCupomFiscalReferenciadoTest
Tests run: 7, Failures: 0, Errors: 0, Skipped: 0, Time elapsed: 0 sec
Running com.fincatto.documentofiscal.nfe400.classes.nota.NFNotaInfoCanaTest
Tests run: 14, Failures: 0, Errors: 0, Skipped: 0, Time elapsed: 0.004 sec
Running com.fincatto.documentofiscal.nfe400.classes.nota.NFNotaInfoSituacaoTributariaCOFINSTest
Tests run: 2, Failures: 0, Errors: 0, Skipped: 0, Time elapsed: 0 sec
Running com.fincatto.documentofiscal.nfe400.classes.nota.NFTipoIntegracaoPagamentoTest
Tests run: 3, Failures: 0, Errors: 0, Skipped: 0, Time elapsed: 0 sec
Running com.fincatto.documentofiscal.nfe400.classes.nota.NFNotaInfoItemImpostoICMSSN900Test
Tests run: 29, Failures: 0, Errors: 0, Skipped: 0, Time elapsed: 0.008 sec
Running com.fincatto.documentofiscal.nfe400.classes.nota.NFNotaInfoItemProdutoArmamentoTest
Tests run: 8, Failures: 0, Errors: 0, Skipped: 0, Time elapsed: 0.001 sec
Running com.fincatto.documentofiscal.nfe400.classes.nota.NFNotaInfoRetencaoICMSTransporteTest
Tests run: 25, Failures: 0, Errors: 0, Skipped: 0, Time elapsed: 0.003 sec
Running com.fincatto.documentofiscal.nfe400.classes.nota.NFNotaInfoItemImpostoPISNaoTributadoTest
Tests run: 2, Failures: 0, Errors: 0, Skipped: 0, Time elapsed: 0 sec
Running com.fincatto.documentofiscal.nfe400.classes.nota.NFNotaInfoReboqueTest
Tests run: 6, Failures: 0, Errors: 0, Skipped: 0, Time elapsed: 0.002 sec
Running com.fincatto.documentofiscal.nfe400.classes.nota.NFNotaInfoItemImpostoICMSSTTest
Tests run: 28, Failures: 0, Errors: 0, Skipped: 0, Time elapsed: 0.004 sec
Running com.fincatto.documentofiscal.nfe400.classes.nota.NFNotaInfoItemImpostoISSQNTest
Tests run: 22, Failures: 0, Errors: 0, Skipped: 0, Time elapsed: 0.011 sec
Running com.fincatto.documentofiscal.nfe400.classes.nota.NFNotaInfoCobrancaTest
Tests run: 5, Failures: 0, Errors: 0, Skipped: 0, Time elapsed: 0.002 sec
Running com.fincatto.documentofiscal.nfe400.classes.nota.NFNotaInfoItemImpostoImportacaoTest
Tests run: 9, Failures: 0, Errors: 0, Skipped: 0, Time elapsed: 0.001 sec
Running com.fincatto.documentofiscal.nfe400.classes.nota.NFNotaInfoItemImpostoICMS51Test
Tests run: 15, Failures: 0, Errors: 0, Skipped: 0, Time elapsed: 0.004 sec
Running com.fincatto.documentofiscal.nfe400.classes.nota.NFNotaInfoExportacaoTest
Tests run: 4, Failures: 0, Errors: 0, Skipped: 0, Time elapsed: 0.001 sec
Running com.fincatto.documentofiscal.nfe400.classes.nota.NFNotaInfoItemImpostoIPITributadoTest
Tests run: 10, Failures: 0, Errors: 0, Skipped: 0, Time elapsed: 0.001 sec
Running com.fincatto.documentofiscal.nfe400.classes.nota.NFNotaInfoItemTest
Tests run: 8, Failures: 0, Errors: 0, Skipped: 0, Time elapsed: 0.011 sec
Running com.fincatto.documentofiscal.nfe400.classes.nota.NFInformacaoImpostoDevolvidoTest
Tests run: 3, Failures: 0, Errors: 0, Skipped: 0, Time elapsed: 0.001 sec
Running com.fincatto.documentofiscal.nfe400.classes.nota.NFNotaInfoICMSTotalTest
Tests run: 36, Failures: 0, Errors: 0, Skipped: 0, Time elapsed: 0.011 sec
Running com.fincatto.documentofiscal.nfe400.classes.nota.NFVerificaChaveTest
Tests run: 1, Failures: 0, Errors: 0, Skipped: 0, Time elapsed: 0.001 sec
Running com.fincatto.documentofiscal.nfe400.classes.nota.NFNotaInfoCartaoTest
Tests run: 6, Failures: 0, Errors: 0, Skipped: 0, Time elapsed: 0.001 sec
Running com.fincatto.documentofiscal.nfe400.classes.nota.NFGeraHashCSRTTest
Tests run: 2, Failures: 0, Errors: 0, Skipped: 0, Time elapsed: 0 sec
Running com.fincatto.documentofiscal.nfe400.classes.nota.NFNotaInfoItemProdutoDeclaracaoImportacaoAdicaoTest
Tests run: 18, Failures: 0, Errors: 0, Skipped: 0, Time elapsed: 0.007 sec
Running com.fincatto.documentofiscal.nfe400.classes.nota.NFNotaInfoItemImpostoIPITest
Tests run: 13, Failures: 0, Errors: 0, Skipped: 0, Time elapsed: 0 sec
Running com.fincatto.documentofiscal.nfe400.classes.nota.NFNotaInfoItemImpostoICMSSN202Test
Tests run: 15, Failures: 0, Errors: 0, Skipped: 0, Time elapsed: 0.001 sec
Running com.fincatto.documentofiscal.nfe400.classes.nota.NFNotaInfoItemImpostoICMS70Test
Tests run: 27, Failures: 0, Errors: 0, Skipped: 0, Time elapsed: 0.013 sec
Running com.fincatto.documentofiscal.nfe400.classes.nota.NFInfoProdutorRuralReferenciadaTest
Tests run: 16, Failures: 0, Errors: 0, Skipped: 0, Time elapsed: 0 sec
Running com.fincatto.documentofiscal.nfe400.classes.nota.NFGeraQRCodeTest
Tests run: 4, Failures: 0, Errors: 0, Skipped: 0, Time elapsed: 0.002 sec
Running com.fincatto.documentofiscal.nfe400.classes.nota.NFPessoaAutorizadaDownloadNFeTest
Tests run: 5, Failures: 0, Errors: 0, Skipped: 0, Time elapsed: 0 sec
Running com.fincatto.documentofiscal.nfe400.classes.nota.NFNotaInfoCanaFornecimentoDiarioTest
Tests run: 5, Failures: 0, Errors: 0, Skipped: 0, Time elapsed: 0.002 sec
Running com.fincatto.documentofiscal.nfe400.classes.nota.NFNotaInfoIdentificacaoTest
Tests run: 37, Failures: 0, Errors: 0, Skipped: 0, Time elapsed: 0.017 sec
Running com.fincatto.documentofiscal.nfe400.classes.nota.NFEnderecoTest
Tests run: 31, Failures: 0, Errors: 0, Skipped: 0, Time elapsed: 0.005 sec
Running com.fincatto.documentofiscal.nfe400.classes.nota.NFNotaInfoVeiculoTest
Tests run: 6, Failures: 0, Errors: 0, Skipped: 0, Time elapsed: 0.001 sec
Running com.fincatto.documentofiscal.nfe400.classes.nota.NFNotaInfoItemImpostoPISSTTest
Tests run: 11, Failures: 0, Errors: 0, Skipped: 0, Time elapsed: 0.001 sec
Running com.fincatto.documentofiscal.nfe400.classes.nota.NFGeraQRCodeContingenciaOffline20Test
Tests run: 1, Failures: 0, Errors: 0, Skipped: 0, Time elapsed: 0.001 sec
Running com.fincatto.documentofiscal.nfe400.classes.nota.NFNotaInfoItemProdutoCombustivelCIDETest
Tests run: 10, Failures: 0, Errors: 0, Skipped: 0, Time elapsed: 0.002 sec
Running com.fincatto.documentofiscal.nfe400.classes.nota.NFNotaInfoItemImpostoICMS40Test
Tests run: 7, Failures: 0, Errors: 0, Skipped: 0, Time elapsed: 0.001 sec
Running com.fincatto.documentofiscal.nfe400.classes.nota.NFNotaInfoEmitenteTest
Tests run: 17, Failures: 0, Errors: 0, Skipped: 0, Time elapsed: 0.005 sec
Running com.fincatto.documentofiscal.nfe400.classes.nota.NFGeraQRCodeEmissaoNormal20Test
Tests run: 1, Failures: 0, Errors: 0, Skipped: 0, Time elapsed: 0.001 sec
Running com.fincatto.documentofiscal.nfe400.classes.nota.NFNotaInfoTest
Tests run: 40, Failures: 0, Errors: 0, Skipped: 0, Time elapsed: 0.113 sec
Running com.fincatto.documentofiscal.nfe400.classes.nota.NFNotaInfoItemImpostoICMSUFDestinoTest
Tests run: 14, Failures: 0, Errors: 0, Skipped: 0, Time elapsed: 0.002 sec
Running com.fincatto.documentofiscal.nfe400.classes.nota.NFNotaInfoFaturaTest
Tests run: 11, Failures: 0, Errors: 0, Skipped: 0, Time elapsed: 0.002 sec
Running com.fincatto.documentofiscal.nfe400.classes.nota.NFNotaInfoISSQNTotalTest
Tests run: 19, Failures: 0, Errors: 0, Skipped: 0, Time elapsed: 0.011 sec
Running com.fincatto.documentofiscal.nfe400.classes.nota.NFNotaInfoDestinatarioTest
Tests run: 19, Failures: 0, Errors: 0, Skipped: 0, Time elapsed: 0.001 sec
Running com.fincatto.documentofiscal.nfe400.classes.nota.NFNotaInfoItemImpostoICMSSN201Test
Tests run: 19, Failures: 0, Errors: 0, Skipped: 0, Time elapsed: 0.004 sec
Running com.fincatto.documentofiscal.nfe400.classes.nota.NFNotaInfoItemImpostoCOFINSSTTest
Tests run: 6, Failures: 0, Errors: 0, Skipped: 0, Time elapsed: 0 sec
Running com.fincatto.documentofiscal.nfe400.classes.nota.NFNotaInfoInformacoesAdicionaisTest
Tests run: 14, Failures: 0, Errors: 0, Skipped: 0, Time elapsed: 0.005 sec
Running com.fincatto.documentofiscal.nfe400.classes.nota.NFNotaInfoTransporteTest
Tests run: 11, Failures: 0, Errors: 0, Skipped: 0, Time elapsed: 0.016 sec
Running com.fincatto.documentofiscal.nfe400.classes.nota.NFNotaInfoItemImpostoTest
Tests run: 27, Failures: 0, Errors: 0, Skipped: 0, Time elapsed: 0.011 sec
Running com.fincatto.documentofiscal.nfe400.classes.nota.NFNotaInfoItemImpostoPISQuantidadeTest
Tests run: 8, Failures: 0, Errors: 0, Skipped: 0, Time elapsed: 0.001 sec
Running com.fincatto.documentofiscal.nfe400.classes.nota.NFNotaInfoCadaDeducaoTest
Tests run: 5, Failures: 0, Errors: 0, Skipped: 0, Time elapsed: 0.001 sec
Running com.fincatto.documentofiscal.nfe400.classes.nota.NFNotaInfoVolumeTest
Tests run: 13, Failures: 0, Errors: 0, Skipped: 0, Time elapsed: 0.005 sec
Running com.fincatto.documentofiscal.nfe400.classes.nota.NFNotaInfoItemProdutoTest
Tests run: 91, Failures: 0, Errors: 0, Skipped: 0, Time elapsed: 0.038 sec
Running com.fincatto.documentofiscal.nfe400.classes.nota.NFNotaInfoAvulsaTest
Tests run: 20, Failures: 0, Errors: 0, Skipped: 0, Time elapsed: 0.004 sec
Running com.fincatto.documentofiscal.nfe400.classes.nota.NFNotaInfoItemProdutoCombustivelTest
Tests run: 11, Failures: 0, Errors: 0, Skipped: 0, Time elapsed: 0.003 sec
Running com.fincatto.documentofiscal.nfe400.classes.nota.NFImpostoDevolvidoTest
Tests run: 4, Failures: 0, Errors: 0, Skipped: 0, Time elapsed: 0.004 sec
Running com.fincatto.documentofiscal.nfe400.classes.nota.NFMeioPagamentoTest
Tests run: 2, Failures: 0, Errors: 0, Skipped: 0, Time elapsed: 0 sec
Running com.fincatto.documentofiscal.nfe400.classes.nota.NFViaTransporteInternacionalTest
Tests run: 2, Failures: 0, Errors: 0, Skipped: 0, Time elapsed: 0 sec
Running com.fincatto.documentofiscal.nfe400.classes.nota.NFNotaInfoItemImpostoICMSSN101Test
Tests run: 7, Failures: 0, Errors: 0, Skipped: 0, Time elapsed: 0 sec
Running com.fincatto.documentofiscal.nfe400.classes.nota.NFNotaInfoItemImpostoICMS60Test
Tests run: 8, Failures: 0, Errors: 0, Skipped: 0, Time elapsed: 0 sec
Running com.fincatto.documentofiscal.nfe400.classes.nota.NFNotaInfoProcessoReferenciadoTest
Tests run: 4, Failures: 0, Errors: 0, Skipped: 0, Time elapsed: 0 sec
Running com.fincatto.documentofiscal.nfe400.classes.nota.NFNotaInfoItemProdutoDeclaracaoImportacaoTest
Tests run: 17, Failures: 0, Errors: 0, Skipped: 0, Time elapsed: 0.006 sec
Running com.fincatto.documentofiscal.nfe400.classes.nota.NFInfoModelo1Por1AReferenciadaTest
Tests run: 11, Failures: 0, Errors: 0, Skipped: 0, Time elapsed: 0.003 sec
Running com.fincatto.documentofiscal.nfe400.classes.nota.NFNotaInfoParcelaTest
Tests run: 5, Failures: 0, Errors: 0, Skipped: 0, Time elapsed: 0.001 sec
Running com.fincatto.documentofiscal.nfe400.classes.nota.NFNotaInfoRegimeEspecialTributacaoTest
Tests run: 3, Failures: 0, Errors: 0, Skipped: 0, Time elapsed: 0 sec
Running com.fincatto.documentofiscal.nfe400.classes.nota.NFNotaInfoTransportadorTest
Tests run: 18, Failures: 0, Errors: 0, Skipped: 0, Time elapsed: 0.003 sec
Running com.fincatto.documentofiscal.nfe400.classes.nota.NFGeraChaveTest
Tests run: 4, Failures: 0, Errors: 0, Skipped: 0, Time elapsed: 0.005 sec
Running com.fincatto.documentofiscal.nfe400.classes.nota.NFNotaInfoItemImpostoIPINaoTributadoTest
Tests run: 2, Failures: 0, Errors: 0, Skipped: 0, Time elapsed: 0.001 sec
Running com.fincatto.documentofiscal.nfe400.classes.nota.NFNotaInfoFormaPagamentoTest
Tests run: 6, Failures: 0, Errors: 0, Skipped: 0, Time elapsed: 0.002 sec
Running com.fincatto.documentofiscal.nfe400.classes.nota.NFGeraQRCode20Test
Tests run: 1, Failures: 0, Errors: 0, Skipped: 0, Time elapsed: 0 sec
Running com.fincatto.documentofiscal.nfe400.classes.NFNotaInfoVeiculoCorTest
Tests run: 1, Failures: 0, Errors: 0, Skipped: 0, Time elapsed: 0 sec
Running com.fincatto.documentofiscal.nfe400.classes.NFNotaInfoItemProdutoArmamentoTipoTest
Tests run: 2, Failures: 0, Errors: 0, Skipped: 0, Time elapsed: 0 sec
Running com.fincatto.documentofiscal.nfe400.classes.NFNotaInfoItemModalidadeBCICMSTest
Tests run: 1, Failures: 0, Errors: 0, Skipped: 0, Time elapsed: 0 sec
Running com.fincatto.documentofiscal.nfe400.classes.NFRegimeTributarioTest
Tests run: 4, Failures: 0, Errors: 0, Skipped: 0, Time elapsed: 0 sec
Running com.fincatto.documentofiscal.nfe400.classes.NFNotaInfoCombustivelTipoTest
Tests run: 1, Failures: 0, Errors: 0, Skipped: 0, Time elapsed: 0 sec
Running com.fincatto.documentofiscal.nfe400.classes.NFNotaMotivoDesoneracaoICMSTest
Tests run: 2, Failures: 0, Errors: 0, Skipped: 0, Time elapsed: 0 sec
Running com.fincatto.documentofiscal.nfe400.classes.NFProgramaEmissorTest
Tests run: 1, Failures: 0, Errors: 0, Skipped: 0, Time elapsed: 0 sec
Running com.fincatto.documentofiscal.nfe400.classes.NFNotaSituacaoOperacionalSimplesNacionalTest
Tests run: 2, Failures: 0, Errors: 0, Skipped: 0, Time elapsed: 0 sec
Running com.fincatto.documentofiscal.nfe400.classes.NFTipoImpressaoTest
Tests run: 3, Failures: 0, Errors: 0, Skipped: 0, Time elapsed: 0 sec
Running com.fincatto.documentofiscal.nfe400.classes.NFProdutoCompoeValorNotaTest
Tests run: 3, Failures: 0, Errors: 0, Skipped: 0, Time elapsed: 0 sec
Running com.fincatto.documentofiscal.nfe400.classes.NFNotaInfoImpostoTributacaoISSQNTest
Tests run: 1, Failures: 0, Errors: 0, Skipped: 0, Time elapsed: 0 sec
Running com.fincatto.documentofiscal.nfe400.classes.NFNotaInfoSituacaoTributariaCOFINSTest
Tests run: 1, Failures: 0, Errors: 0, Skipped: 0, Time elapsed: 0 sec
Running com.fincatto.documentofiscal.nfe400.classes.NFRetornoStatusTest
Tests run: 8, Failures: 0, Errors: 0, Skipped: 0, Time elapsed: 0.008 sec
Running com.fincatto.documentofiscal.nfe400.classes.NFNotaInfoImpostoTributacaoICMSTest
Tests run: 1, Failures: 0, Errors: 0, Skipped: 0, Time elapsed: 0 sec
Running com.fincatto.documentofiscal.nfe400.classes.NFProcessoEmissorTest
Tests run: 3, Failures: 0, Errors: 0, Skipped: 0, Time elapsed: 0 sec
Running com.fincatto.documentofiscal.nfe400.classes.NFProtocoloInfoTest
Tests run: 10, Failures: 0, Errors: 0, Skipped: 0, Time elapsed: 0.001 sec
Running com.fincatto.documentofiscal.nfe400.classes.NFNotaInfoItemProdutoVeiculoTipoOperacaoTest
Tests run: 2, Failures: 0, Errors: 0, Skipped: 0, Time elapsed: 0 sec
Running com.fincatto.documentofiscal.nfe400.classes.NFTipoTest
Tests run: 3, Failures: 0, Errors: 0, Skipped: 0, Time elapsed: 0 sec
Running com.fincatto.documentofiscal.nfe400.classes.NFModalidadeFreteTest
Tests run: 2, Failures: 0, Errors: 0, Skipped: 0, Time elapsed: 0 sec
Running com.fincatto.documentofiscal.nfe400.classes.NFNotaInfoItemModalidadeBCICMSSTTest
Tests run: 1, Failures: 0, Errors: 0, Skipped: 0, Time elapsed: 0 sec
Running com.fincatto.documentofiscal.nfe400.classes.lote.consulta.NFLoteConsultaRetornoTest
Tests run: 2, Failures: 0, Errors: 0, Skipped: 0, Time elapsed: 0.002 sec
Running com.fincatto.documentofiscal.nfe400.classes.lote.consulta.NFLoteConsultaTest
Tests run: 4, Failures: 0, Errors: 0, Skipped: 0, Time elapsed: 0.001 sec
Running com.fincatto.documentofiscal.nfe400.classes.lote.envio.NFLoteEnvioRetornoDadosTest
Tests run: 1, Failures: 0, Errors: 0, Skipped: 0, Time elapsed: 0.015 sec
Running com.fincatto.documentofiscal.nfe400.classes.lote.envio.NFLoteIndicadorProcessamentoTest
Tests run: 4, Failures: 0, Errors: 0, Skipped: 0, Time elapsed: 0 sec
Running com.fincatto.documentofiscal.nfe400.classes.lote.envio.NFLoteEnvioTest
Tests run: 9, Failures: 0, Errors: 0, Skipped: 0, Time elapsed: 0.015 sec
Running com.fincatto.documentofiscal.nfe400.classes.lote.envio.NFLoteEnvioRetornoRecebimentoInfoTest
Tests run: 1, Failures: 0, Errors: 0, Skipped: 0, Time elapsed: 0 sec
Running com.fincatto.documentofiscal.nfe400.classes.lote.envio.NFLoteEnvioRetornoTest
Tests run: 1, Failures: 0, Errors: 0, Skipped: 0, Time elapsed: 0 sec
Running com.fincatto.documentofiscal.nfe400.classes.NFNotaInfoItemProdutoVeiculoCondicaoChassiTest
Tests run: 2, Failures: 0, Errors: 0, Skipped: 0, Time elapsed: 0 sec
Running com.fincatto.documentofiscal.nfe400.classes.cadastro.NFInfoConsultaCadastroTest
Tests run: 11, Failures: 0, Errors: 0, Skipped: 0, Time elapsed: 0 sec
Running com.fincatto.documentofiscal.nfe400.classes.cadastro.NFIndicadorContribuinteNFeTest
Tests run: 2, Failures: 0, Errors: 0, Skipped: 0, Time elapsed: 0 sec
Running com.fincatto.documentofiscal.nfe400.classes.cadastro.NFIndicadorContribuinteCTeTest
Tests run: 2, Failures: 0, Errors: 0, Skipped: 0, Time elapsed: 0 sec
Running com.fincatto.documentofiscal.nfe400.classes.cadastro.NFRetornoConsultaCadastroTest
Tests run: 2, Failures: 0, Errors: 0, Skipped: 0, Time elapsed: 0 sec
Running com.fincatto.documentofiscal.nfe400.classes.cadastro.NFSituacaoContribuinteTest
Tests run: 2, Failures: 0, Errors: 0, Skipped: 0, Time elapsed: 0 sec
Running com.fincatto.documentofiscal.nfe400.classes.cadastro.NFRetornoConsultaCadastroEnderecoTest
Tests run: 7, Failures: 0, Errors: 0, Skipped: 0, Time elapsed: 0.001 sec
Running com.fincatto.documentofiscal.nfe400.classes.cadastro.NFRetornoConsultaCadastroSituacaoCadastralTest
Tests run: 18, Failures: 0, Errors: 0, Skipped: 0, Time elapsed: 0.002 sec
Running com.fincatto.documentofiscal.nfe400.classes.cadastro.NFConsultaCadastroTest
Tests run: 4, Failures: 0, Errors: 0, Skipped: 0, Time elapsed: 0.002 sec
Running com.fincatto.documentofiscal.nfe400.classes.cadastro.NFRetornoConsultaCadastroDadosTest
Tests run: 10, Failures: 0, Errors: 0, Skipped: 0, Time elapsed: 0 sec
Running com.fincatto.documentofiscal.nfe400.classes.cartacorrecao.NFEnviaEventoTest
Tests run: 5, Failures: 0, Errors: 0, Skipped: 0, Time elapsed: 0.004 sec
Running com.fincatto.documentofiscal.nfe400.classes.cartacorrecao.NFProtocoloEventoCartaCorrecaoTest
Tests run: 4, Failures: 0, Errors: 0, Skipped: 0, Time elapsed: 0.003 sec
Running com.fincatto.documentofiscal.nfe400.classes.cartacorrecao.NFInfoEventoCartaCorrecaoTest
Tests run: 13, Failures: 0, Errors: 0, Skipped: 0, Time elapsed: 0.005 sec
Running com.fincatto.documentofiscal.nfe400.classes.cartacorrecao.NFEventoCartaCorrecaoTest
Tests run: 3, Failures: 0, Errors: 0, Skipped: 0, Time elapsed: 0.001 sec
Running com.fincatto.documentofiscal.nfe400.classes.evento.NFEventoRetornoTest
Tests run: 3, Failures: 0, Errors: 0, Skipped: 0, Time elapsed: 0 sec
Running com.fincatto.documentofiscal.nfe400.classes.evento.cancelamento.NFEventoCancelamentoTest
Tests run: 7, Failures: 0, Errors: 0, Skipped: 0, Time elapsed: 0.005 sec
Running com.fincatto.documentofiscal.nfe400.classes.evento.cancelamento.NFRetornoInfoCancelamentoTest
Tests run: 10, Failures: 0, Errors: 0, Skipped: 0, Time elapsed: 0 sec
Running com.fincatto.documentofiscal.nfe400.classes.evento.cancelamento.NFEnviaEventoRetornoCancelamentoTest
Tests run: 1, Failures: 0, Errors: 0, Skipped: 0, Time elapsed: 0.004 sec
Running com.fincatto.documentofiscal.nfe400.classes.evento.cancelamento.NFInfoEventoCancelamentoTest
Tests run: 11, Failures: 0, Errors: 0, Skipped: 0, Time elapsed: 0.003 sec
Running com.fincatto.documentofiscal.nfe400.classes.evento.cancelamento.NFInfoCancelamentoTest
Tests run: 8, Failures: 0, Errors: 0, Skipped: 0, Time elapsed: 0.001 sec
Running com.fincatto.documentofiscal.nfe400.classes.evento.cancelamento.NFEnviaEventoCancelamentoTest
Tests run: 11, Failures: 0, Errors: 0, Skipped: 0, Time elapsed: 0.003 sec
Running com.fincatto.documentofiscal.nfe400.classes.evento.cancelamento.NFProtocoloEventoCancelamentoTest
Tests run: 4, Failures: 0, Errors: 0, Skipped: 0, Time elapsed: 0.001 sec
Running com.fincatto.documentofiscal.nfe400.classes.evento.cancelamento.NFRetornoCancelamentoTest
Tests run: 2, Failures: 0, Errors: 0, Skipped: 0, Time elapsed: 0 sec
Running com.fincatto.documentofiscal.nfe400.classes.evento.NFInfoEventoRetornoTest
Tests run: 15, Failures: 0, Errors: 0, Skipped: 0, Time elapsed: 0.001 sec
Running com.fincatto.documentofiscal.nfe400.classes.evento.NFEnviaEventoRetornoTest
Tests run: 8, Failures: 0, Errors: 0, Skipped: 0, Time elapsed: 0 sec
Running com.fincatto.documentofiscal.nfe400.classes.evento.inutilizacao.NFRetornoEventoInutilizacaoTest
Tests run: 3, Failures: 0, Errors: 0, Skipped: 0, Time elapsed: 0.004 sec
Running com.fincatto.documentofiscal.nfe400.classes.evento.manifestacaodestinatario.NFInfoManifestacaoDestinatarioTest
Tests run: 4, Failures: 0, Errors: 0, Skipped: 0, Time elapsed: 0.001 sec
Running com.fincatto.documentofiscal.nfe400.classes.evento.manifestacaodestinatario.NFInfoEventoManifestacaoDestinatarioTest
Tests run: 11, Failures: 0, Errors: 0, Skipped: 0, Time elapsed: 0.003 sec
Running com.fincatto.documentofiscal.nfe400.classes.evento.manifestacaodestinatario.NFEventoManifestacaoTest
Tests run: 7, Failures: 0, Errors: 0, Skipped: 0, Time elapsed: 0.005 sec
Running com.fincatto.documentofiscal.nfe400.classes.evento.manifestacaodestinatario.NFTipoEventoManifestacaoDestinatarioTest
Tests run: 4, Failures: 0, Errors: 0, Skipped: 0, Time elapsed: 0.001 sec
Running com.fincatto.documentofiscal.nfe400.classes.evento.manifestacaodestinatario.NFEnviaEventoManifestacaoDestinatarioTest
Tests run: 11, Failures: 0, Errors: 0, Skipped: 0, Time elapsed: 0.004 sec
Running com.fincatto.documentofiscal.nfe400.classes.NFNotaInfoEspecieVeiculoTest
Tests run: 1, Failures: 0, Errors: 0, Skipped: 0, Time elapsed: 0 sec
Running com.fincatto.documentofiscal.nfe400.classes.NFFinalidadeTest
Tests run: 2, Failures: 0, Errors: 0, Skipped: 0, Time elapsed: 0 sec
Running com.fincatto.documentofiscal.nfe400.classes.NFNotaInfoTipoVeiculoTest
Tests run: 1, Failures: 0, Errors: 0, Skipped: 0, Time elapsed: 0 sec
Running com.fincatto.documentofiscal.nfe400.classes.inutilizacao.NFRetornoEventoInutilizacaoDadosTest
Tests run: 14, Failures: 0, Errors: 0, Skipped: 0, Time elapsed: 0 sec
Running com.fincatto.documentofiscal.nfe400.classes.inutilizacao.NFEventoCancelamentoDadosTest
Tests run: 22, Failures: 0, Errors: 0, Skipped: 0, Time elapsed: 0.006 sec
Running com.fincatto.documentofiscal.nfe400.classes.inutilizacao.NFEnviaEventoInutilizacaoTest
Tests run: 2, Failures: 0, Errors: 0, Skipped: 0, Time elapsed: 0.001 sec
Running com.fincatto.documentofiscal.nfe400.classes.NFNotaInfoItemProdutoVeiculoRestricaoTest
Tests run: 2, Failures: 0, Errors: 0, Skipped: 0, Time elapsed: 0 sec
Running com.fincatto.documentofiscal.nfe400.classes.NFOrigemTest
Tests run: 3, Failures: 0, Errors: 0, Skipped: 0, Time elapsed: 0 sec
Running com.fincatto.documentofiscal.nfe400.classes.NFNotaInfoSituacaoTributariaIPITest
Tests run: 2, Failures: 0, Errors: 0, Skipped: 0, Time elapsed: 0 sec
Running com.fincatto.documentofiscal.nfe400.classes.NFProtocoloTest
Tests run: 3, Failures: 0, Errors: 0, Skipped: 0, Time elapsed: 0 sec
Running com.fincatto.documentofiscal.nfe400.classes.statusservico.consulta.NFStatusServicoConsultaTest
Tests run: 5, Failures: 0, Errors: 0, Skipped: 0, Time elapsed: 0.001 sec
Running com.fincatto.documentofiscal.nfe400.classes.statusservico.consulta.NFStatusServicoConsultaRetornoTest
Tests run: 11, Failures: 0, Errors: 0, Skipped: 0, Time elapsed: 0.002 sec
Running com.fincatto.documentofiscal.nfe400.classes.NFNotaInfoSituacaoTributariaPISTest
Tests run: 1, Failures: 0, Errors: 0, Skipped: 0, Time elapsed: 0.001 sec
Running com.fincatto.documentofiscal.nfe400.classes.NFOrigemProcessoTest
Tests run: 4, Failures: 0, Errors: 0, Skipped: 0, Time elapsed: 0 sec
Running com.fincatto.documentofiscal.nfe400.classes.NFAutorizador400Test
Tests run: 34, Failures: 0, Errors: 0, Skipped: 0, Time elapsed: 0.011 sec
Running com.fincatto.documentofiscal.nfe400.NotaFiscalChaveParserTest
Tests run: 16, Failures: 0, Errors: 0, Skipped: 0, Time elapsed: 0.002 sec
Running com.fincatto.documentofiscal.nfe.NFTipoEmissaoTest
Tests run: 4, Failures: 0, Errors: 0, Skipped: 0, Time elapsed: 0 sec
Running com.fincatto.documentofiscal.nfe.classes.distribuicao.NFDistribuicaoIntRetornoTest
Tests run: 2, Failures: 0, Errors: 0, Skipped: 0, Time elapsed: 0.002 sec
Running com.fincatto.documentofiscal.nfe.classes.distribuicao.NFDistribuicaoDFeLoteTest
Tests run: 2, Failures: 0, Errors: 0, Skipped: 0, Time elapsed: 0.001 sec
Running com.fincatto.documentofiscal.nfe.classes.distribuicao.NFDistribuicaoIntTest
Tests run: 4, Failures: 0, Errors: 0, Skipped: 0, Time elapsed: 0.002 sec
Running com.fincatto.documentofiscal.nfe.classes.distribuicao.NFDistribuicaoConsultaNSUTest
Tests run: 2, Failures: 0, Errors: 0, Skipped: 0, Time elapsed: 0 sec
Running com.fincatto.documentofiscal.nfe.classes.distribuicao.NFDistribuicaoDocumentoZipTest
Tests run: 4, Failures: 0, Errors: 0, Skipped: 0, Time elapsed: 0 sec
Running com.fincatto.documentofiscal.nfe.classes.distribuicao.NFDistribuicaoNSUTest
Tests run: 3, Failures: 0, Errors: 0, Skipped: 0, Time elapsed: 0.002 sec
Running com.fincatto.documentofiscal.nfe.classes.distribuicao.NFDistribuicaoConsultaChaveAcessoTest
Tests run: 2, Failures: 0, Errors: 0, Skipped: 0, Time elapsed: 0 sec
Running com.fincatto.documentofiscal.nfe.NFeConfigTest
Tests run: 1, Failures: 0, Errors: 0, Skipped: 0, Time elapsed: 0 sec
Running com.fincatto.documentofiscal.cte300.CTeConfigTest
Tests run: 1, Failures: 0, Errors: 0, Skipped: 0, Time elapsed: 0 sec
Running com.fincatto.documentofiscal.cte300.classes.CTTipoDocumentoTransporteAnteriorTest
Tests run: 1, Failures: 0, Errors: 0, Skipped: 0, Time elapsed: 0 sec
Running com.fincatto.documentofiscal.cte300.classes.nota.CTeNotaInfoDadosComplementaresObservacaoContribuinteTest
Tests run: 5, Failures: 0, Errors: 0, Skipped: 0, Time elapsed: 0.001 sec
Running com.fincatto.documentofiscal.cte300.classes.nota.CTeNotaInfoCTeNormalInfoDocumentosInfoNFeTest
Tests run: 1, Failures: 0, Errors: 0, Skipped: 0, Time elapsed: 0.004 sec
Running com.fincatto.documentofiscal.cte300.classes.nota.CTeNotaInfoDadosComplementaresEntregaIntervaloTest
Tests run: 2, Failures: 0, Errors: 0, Skipped: 0, Time elapsed: 0.001 sec
Running com.fincatto.documentofiscal.cte300.classes.nota.CTeNotaInfoDadosComplementaresFluxoTest
Tests run: 2, Failures: 0, Errors: 0, Skipped: 0, Time elapsed: 0.001 sec
Running com.fincatto.documentofiscal.cte300.classes.nota.CTeNotaInfoTest
Tests run: 1, Failures: 0, Errors: 0, Skipped: 0, Time elapsed: 0.029 sec
Running com.fincatto.documentofiscal.cte300.classes.nota.CTeNotaInfoDadosComplementaresEntregaComDataDefinidaTest
Tests run: 3, Failures: 0, Errors: 0, Skipped: 0, Time elapsed: 0 sec
Running com.fincatto.documentofiscal.cte300.classes.nota.CTeNotaInfoDadosComplementaresEntregaSemHoraDefinidaTest
Tests run: 2, Failures: 0, Errors: 0, Skipped: 0, Time elapsed: 0 sec
Running com.fincatto.documentofiscal.cte300.classes.nota.CTeNotaInfoDadosComplementaresEntregaPeriodoTest
Tests run: 2, Failures: 0, Errors: 0, Skipped: 0, Time elapsed: 0.001 sec
Running com.fincatto.documentofiscal.cte300.classes.nota.CTeNotaInfoDadosComplementaresEntregaComHoraDefinidaTest
Tests run: 3, Failures: 0, Errors: 0, Skipped: 0, Time elapsed: 0.001 sec
Running com.fincatto.documentofiscal.cte300.classes.nota.CTeNotaInfoDadosComplementaresFluxoPassTest
Tests run: 3, Failures: 0, Errors: 0, Skipped: 0, Time elapsed: 0.01 sec
Running com.fincatto.documentofiscal.cte300.classes.nota.CTeNotaInfoDadosComplementaresEntregaSemDataDefinidaTest
Tests run: 2, Failures: 0, Errors: 0, Skipped: 0, Time elapsed: 0 sec
Running com.fincatto.documentofiscal.cte300.classes.nota.CTeNotaInfoDadosComplementaresObservacaoFiscoTest
Tests run: 4, Failures: 0, Errors: 0, Skipped: 0, Time elapsed: 0 sec
Running com.fincatto.documentofiscal.cte300.classes.nota.CTeNotaInfoIdentificacaoTest
Tests run: 1, Failures: 0, Errors: 0, Skipped: 0, Time elapsed: 0 sec
Running com.fincatto.documentofiscal.cte300.classes.CTTipoFerroviaTest
Tests run: 1, Failures: 0, Errors: 0, Skipped: 0, Time elapsed: 0 sec
Running com.fincatto.documentofiscal.cte300.classes.CTFinalidadeTest
Tests run: 1, Failures: 0, Errors: 0, Skipped: 0, Time elapsed: 0 sec
Running com.fincatto.documentofiscal.cte300.classes.CTInformacoesManuseioTest
Tests run: 1, Failures: 0, Errors: 0, Skipped: 0, Time elapsed: 0 sec
Running com.fincatto.documentofiscal.cte300.classes.CTModeloNFTest
Tests run: 1, Failures: 0, Errors: 0, Skipped: 0, Time elapsed: 0 sec
Running com.fincatto.documentofiscal.cte300.classes.CTTipoDirecaoTest
Tests run: 1, Failures: 0, Errors: 0, Skipped: 0, Time elapsed: 0 sec
Running com.fincatto.documentofiscal.cte300.classes.CTTomadorServicoTest
Tests run: 1, Failures: 0, Errors: 0, Skipped: 0, Time elapsed: 0.001 sec
Running com.fincatto.documentofiscal.cte300.classes.CTTipoPrazoDataEntregaTest
Tests run: 1, Failures: 0, Errors: 0, Skipped: 0, Time elapsed: 0 sec
Running com.fincatto.documentofiscal.cte300.classes.CTTipoUnidadeCargaTest
Tests run: 1, Failures: 0, Errors: 0, Skipped: 0, Time elapsed: 0 sec
Running com.fincatto.documentofiscal.cte300.classes.CTIndicadoNegociavelTest
Tests run: 1, Failures: 0, Errors: 0, Skipped: 0, Time elapsed: 0 sec
Running com.fincatto.documentofiscal.cte300.classes.CTIndicadorTomadorTest
Tests run: 1, Failures: 0, Errors: 0, Skipped: 0, Time elapsed: 0 sec
Running com.fincatto.documentofiscal.cte300.classes.CTTipoServicoTest
Tests run: 1, Failures: 0, Errors: 0, Skipped: 0, Time elapsed: 0 sec
Running com.fincatto.documentofiscal.cte300.classes.CTTipoTrafegoTest
Tests run: 1, Failures: 0, Errors: 0, Skipped: 0, Time elapsed: 0 sec
Running com.fincatto.documentofiscal.cte300.classes.CTProcessoEmissaoTest
Tests run: 1, Failures: 0, Errors: 0, Skipped: 0, Time elapsed: 0 sec
Running com.fincatto.documentofiscal.cte300.classes.CTModalTest
Tests run: 1, Failures: 0, Errors: 0, Skipped: 0, Time elapsed: 0 sec
Running com.fincatto.documentofiscal.cte300.classes.CTClasseTarifaTest
Tests run: 1, Failures: 0, Errors: 0, Skipped: 0, Time elapsed: 0 sec
Running com.fincatto.documentofiscal.cte300.classes.CTUnidadeMedidaProdPerigososTest
Tests run: 1, Failures: 0, Errors: 0, Skipped: 0, Time elapsed: 0 sec
Running com.fincatto.documentofiscal.cte300.classes.CTUnidadeMedidaTest
Tests run: 1, Failures: 0, Errors: 0, Skipped: 0, Time elapsed: 0 sec
Running com.fincatto.documentofiscal.cte300.classes.CTCodigoSituacaoTributariaICMSTest
Tests run: 1, Failures: 0, Errors: 0, Skipped: 0, Time elapsed: 0 sec
Running com.fincatto.documentofiscal.cte300.classes.CTTipoImpressaoTest
Tests run: 1, Failures: 0, Errors: 0, Skipped: 0, Time elapsed: 0 sec
Running com.fincatto.documentofiscal.cte300.classes.CTTipoPrazoHoraEntregaTest
Tests run: 1, Failures: 0, Errors: 0, Skipped: 0, Time elapsed: 0 sec
Running com.fincatto.documentofiscal.cte300.classes.CTTipoDocumentoTest
Tests run: 1, Failures: 0, Errors: 0, Skipped: 0, Time elapsed: 0 sec
Running com.fincatto.documentofiscal.cte300.classes.CTTipoEmissaoTest
Tests run: 1, Failures: 0, Errors: 0, Skipped: 0, Time elapsed: 0 sec
Running com.fincatto.documentofiscal.cte300.classes.CTTipoUnidadeTransporteTest
Tests run: 1, Failures: 0, Errors: 0, Skipped: 0, Time elapsed: 0 sec
Running com.fincatto.documentofiscal.cte300.classes.CTRetiradaTest
Tests run: 1, Failures: 0, Errors: 0, Skipped: 0, Time elapsed: 0 sec
Running com.fincatto.documentofiscal.cte300.classes.CTAutorizador31Test
Tests run: 8, Failures: 0, Errors: 0, Skipped: 0, Time elapsed: 0 sec
Running com.fincatto.documentofiscal.validadores.BigIntegerValidadorTest
Tests run: 4, Failures: 0, Errors: 0, Skipped: 0, Time elapsed: 0 sec
Running com.fincatto.documentofiscal.validadores.StringValidadorTest
Tests run: 56, Failures: 0, Errors: 0, Skipped: 0, Time elapsed: 0.005 sec
Running com.fincatto.documentofiscal.validadores.ListValidadorTest
Tests run: 7, Failures: 0, Errors: 0, Skipped: 0, Time elapsed: 0.003 sec
Running com.fincatto.documentofiscal.validadores.IntegerValidadorTest
Tests run: 7, Failures: 0, Errors: 0, Skipped: 0, Time elapsed: 0.001 sec
Running com.fincatto.documentofiscal.validadores.BigDecimalValidadorTest
Tests run: 21, Failures: 0, Errors: 0, Skipped: 0, Time elapsed: 0.001 sec
Running com.fincatto.documentofiscal.mdfe3.classes.nota.MDFInfoSeguroTest
Tests run: 1, Failures: 0, Errors: 0, Skipped: 0, Time elapsed: 0.002 sec
Running com.fincatto.documentofiscal.mdfe3.classes.nota.MDFInfoIdentificacaoTest
Tests run: 1, Failures: 0, Errors: 0, Skipped: 0, Time elapsed: 0.002 sec
Running com.fincatto.documentofiscal.mdfe3.MDFeConfigTest
Tests run: 1, Failures: 0, Errors: 0, Skipped: 0, Time elapsed: 0.001 sec
Running com.fincatto.documentofiscal.DFPaisTest
Tests run: 5, Failures: 0, Errors: 0, Skipped: 0, Time elapsed: 0.008 sec
Running com.fincatto.documentofiscal.DFAmbienteTest
Tests run: 2, Failures: 0, Errors: 0, Skipped: 0, Time elapsed: 0 sec
Running com.fincatto.documentofiscal.DFModeloTest
Tests run: 3, Failures: 0, Errors: 0, Skipped: 0, Time elapsed: 0.001 sec
Running com.fincatto.documentofiscal.utils.DFPersisterTest
Tests run: 15, Failures: 0, Errors: 0, Skipped: 0, Time elapsed: 0.196 sec
Running com.fincatto.documentofiscal.utils.DFCadeiaCertificadosTest
Tests run: 1, Failures: 0, Errors: 0, Skipped: 1, Time elapsed: 0.001 sec
Running com.fincatto.documentofiscal.DFUnidadeFederativaTest
Tests run: 4, Failures: 0, Errors: 0, Skipped: 0, Time elapsed: 0.004 sec

Results :

Tests run: 3571, Failures: 0, Errors: 0, Skipped: 1

[INFO] ------------------------------------------------------------------------
[INFO] BUILD SUCCESS
[INFO] ------------------------------------------------------------------------
[INFO] Total time:  5.184 s
[INFO] Finished at: 2021-02-14T19:28:09Z
[INFO] ------------------------------------------------------------------------
