[INFO] Scanning for projects...
[INFO] ------------------------------------------------------------------------
[INFO] Reactor Build Order:
[INFO] 
[INFO] openmessaging                                                      [pom]
[INFO] openmessaging-admin 1.0.0-beta-SNAPSHOT                            [jar]
[INFO] openmessaging-api 1.0.0-beta-SNAPSHOT                              [jar]
[INFO] openmessaging-api-samples 1.0.0-beta-SNAPSHOT                      [jar]
[INFO] 
[INFO] ----------------------< io.openmessaging:parent >-----------------------
[INFO] Building openmessaging 1.0.0-beta-SNAPSHOT                         [1/4]
[INFO] --------------------------------[ pom ]---------------------------------
[INFO] 
[INFO] --- maven-enforcer-plugin:1.2:enforce (enforce-maven) @ parent ---
[INFO] 
[INFO] ----------------< io.openmessaging:openmessaging-admin >----------------
[INFO] Building openmessaging-admin 1.0.0-beta-SNAPSHOT 1.0.0-beta-SNAPSHOT [2/4]
[INFO] --------------------------------[ jar ]---------------------------------
[INFO] 
[INFO] --- maven-enforcer-plugin:1.2:enforce (enforce-maven) @ openmessaging-admin ---
[INFO] 
[INFO] --- maven-resources-plugin:3.0.2:resources (default-resources) @ openmessaging-admin ---
[INFO] Using 'UTF-8' encoding to copy filtered resources.
[INFO] skip non existing resourceDirectory /workdir/openmessaging-java/openmessaging-admin/src/main/resources
[INFO] 
[INFO] --- maven-compiler-plugin:3.6.1:compile (default-compile) @ openmessaging-admin ---
[INFO] No sources to compile
[INFO] 
[INFO] --- maven-resources-plugin:3.0.2:testResources (default-testResources) @ openmessaging-admin ---
[INFO] Using 'UTF-8' encoding to copy filtered resources.
[INFO] skip non existing resourceDirectory /workdir/openmessaging-java/openmessaging-admin/src/test/resources
[INFO] 
[INFO] --- maven-compiler-plugin:3.6.1:testCompile (default-testCompile) @ openmessaging-admin ---
[INFO] No sources to compile
[INFO] 
[INFO] --- maven-surefire-plugin:2.19.1:test (default-test) @ openmessaging-admin ---
[INFO] No tests to run.
[INFO] 
[INFO] -----------------< io.openmessaging:openmessaging-api >-----------------
[INFO] Building openmessaging-api 1.0.0-beta-SNAPSHOT 1.0.0-beta-SNAPSHOT [3/4]
[INFO] --------------------------------[ jar ]---------------------------------
[INFO] 
[INFO] --- maven-enforcer-plugin:1.2:enforce (enforce-maven) @ openmessaging-api ---
[INFO] 
[INFO] --- maven-resources-plugin:3.0.2:resources (default-resources) @ openmessaging-api ---
[INFO] Using 'UTF-8' encoding to copy filtered resources.
[INFO] Copying 1 resource
[INFO] 
[INFO] --- maven-compiler-plugin:3.6.1:compile (default-compile) @ openmessaging-api ---
[INFO] Nothing to compile - all classes are up to date
[INFO] 
[INFO] --- maven-resources-plugin:3.0.2:testResources (default-testResources) @ openmessaging-api ---
[INFO] Using 'UTF-8' encoding to copy filtered resources.
[INFO] skip non existing resourceDirectory /workdir/openmessaging-java/openmessaging-api/src/test/resources
[INFO] 
[INFO] --- maven-compiler-plugin:3.6.1:testCompile (default-testCompile) @ openmessaging-api ---
[INFO] Nothing to compile - all classes are up to date
[INFO] 
[INFO] --- maven-surefire-plugin:2.19.1:test (default-test) @ openmessaging-api ---
[WARNING] The parameter forkMode is deprecated since version 2.14. Use forkCount and reuseForks instead.

-------------------------------------------------------
 T E S T S
-------------------------------------------------------
Running io.openmessaging.internal.MessagingAccessPointAdapterTest
Tests run: 1, Failures: 0, Errors: 0, Skipped: 0, Time elapsed: 0.064 sec - in io.openmessaging.internal.MessagingAccessPointAdapterTest
Running io.openmessaging.internal.AccessPointURITest
Tests run: 6, Failures: 0, Errors: 0, Skipped: 0, Time elapsed: 0.071 sec - in io.openmessaging.internal.AccessPointURITest
Running io.openmessaging.internal.DefaultKeyValueTest
Tests run: 3, Failures: 0, Errors: 0, Skipped: 0, Time elapsed: 0.075 sec - in io.openmessaging.internal.DefaultKeyValueTest
Running io.openmessaging.internal.InternalErrorCodeTest
Tests run: 1, Failures: 0, Errors: 0, Skipped: 0, Time elapsed: 0.07 sec - in io.openmessaging.internal.InternalErrorCodeTest

Results :

Tests run: 11, Failures: 0, Errors: 0, Skipped: 0

[INFO] 
[INFO] -------------< io.openmessaging:openmessaging-api-samples >-------------
[INFO] Building openmessaging-api-samples 1.0.0-beta-SNAPSHOT 1.0.0-beta-SNAPSHOT [4/4]
[INFO] --------------------------------[ jar ]---------------------------------
[INFO] 
[INFO] --- maven-enforcer-plugin:1.2:enforce (enforce-maven) @ openmessaging-api-samples ---
[INFO] 
[INFO] --- maven-resources-plugin:3.0.2:resources (default-resources) @ openmessaging-api-samples ---
[INFO] Using 'UTF-8' encoding to copy filtered resources.
[INFO] skip non existing resourceDirectory /workdir/openmessaging-java/openmessaging-api-samples/src/main/resources
[INFO] 
[INFO] --- maven-compiler-plugin:3.6.1:compile (default-compile) @ openmessaging-api-samples ---
[INFO] Nothing to compile - all classes are up to date
[INFO] 
[INFO] --- maven-resources-plugin:3.0.2:testResources (default-testResources) @ openmessaging-api-samples ---
[INFO] Using 'UTF-8' encoding to copy filtered resources.
[INFO] skip non existing resourceDirectory /workdir/openmessaging-java/openmessaging-api-samples/src/test/resources
[INFO] 
[INFO] --- maven-compiler-plugin:3.6.1:testCompile (default-testCompile) @ openmessaging-api-samples ---
[INFO] No sources to compile
[INFO] 
[INFO] --- maven-surefire-plugin:2.19.1:test (default-test) @ openmessaging-api-samples ---
[INFO] No tests to run.
[INFO] ------------------------------------------------------------------------
[INFO] Reactor Summary for openmessaging 1.0.0-beta-SNAPSHOT:
[INFO] 
[INFO] openmessaging ...................................... SUCCESS [  0.240 s]
[INFO] openmessaging-admin 1.0.0-beta-SNAPSHOT ............ SUCCESS [  0.342 s]
[INFO] openmessaging-api 1.0.0-beta-SNAPSHOT .............. SUCCESS [  2.489 s]
[INFO] openmessaging-api-samples 1.0.0-beta-SNAPSHOT ...... SUCCESS [  0.028 s]
[INFO] ------------------------------------------------------------------------
[INFO] BUILD SUCCESS
[INFO] ------------------------------------------------------------------------
[INFO] Total time:  3.192 s
[INFO] Finished at: 2021-02-15T07:34:34Z
[INFO] ------------------------------------------------------------------------
