[INFO] Scanning for projects...
[INFO] Inspecting build with total of 1 modules...
[INFO] Installing Nexus Staging features:
[INFO]   ... total of 1 executions of maven-deploy-plugin replaced with nexus-staging-maven-plugin
[INFO] 
[INFO] ---------------------< com.salesforce.mirus:mirus >---------------------
[INFO] Building Mirus 0.3.2-SNAPSHOT
[INFO] --------------------------------[ jar ]---------------------------------
[INFO] 
[INFO] --- jacoco-maven-plugin:0.8.5:prepare-agent (default) @ mirus ---
[INFO] argLine set to -javaagent:/home/maven/.m2/repository/org/jacoco/org.jacoco.agent/0.8.5/org.jacoco.agent-0.8.5-runtime.jar=destfile=/workdir/mirus/target/jacoco.exec
[INFO] 
[INFO] --- sortpom-maven-plugin:2.8.0:sort (default) @ mirus ---
[INFO] Sorting file /workdir/mirus/pom.xml
[INFO] Pom file is already sorted, exiting
[INFO] 
[INFO] --- fmt-maven-plugin:2.5.1:format (default) @ mirus ---
[INFO] Processed 47 files (2 reformatted).
[INFO] 
[INFO] --- maven-resources-plugin:2.6:resources (default-resources) @ mirus ---
[INFO] Using 'UTF-8' encoding to copy filtered resources.
[INFO] Copying 2 resources
[INFO] 
[INFO] --- maven-compiler-plugin:3.6.2:compile (default-compile) @ mirus ---
[INFO] Changes detected - recompiling the module!
[INFO] Compiling 29 source files to /workdir/mirus/target/classes
[INFO] /workdir/mirus/src/main/java/com/salesforce/mirus/MirusSourceTask.java: Some input files use or override a deprecated API.
[INFO] /workdir/mirus/src/main/java/com/salesforce/mirus/MirusSourceTask.java: Recompile with -Xlint:deprecation for details.
[INFO] /workdir/mirus/src/main/java/com/salesforce/mirus/config/SourceConfig.java: /workdir/mirus/src/main/java/com/salesforce/mirus/config/SourceConfig.java uses unchecked or unsafe operations.
[INFO] /workdir/mirus/src/main/java/com/salesforce/mirus/config/SourceConfig.java: Recompile with -Xlint:unchecked for details.
[INFO] 
[INFO] >>> findbugs-maven-plugin:3.0.5:check (analyze-compile) > :findbugs @ mirus >>>
[INFO] 
[INFO] --- findbugs-maven-plugin:3.0.5:findbugs (findbugs) @ mirus ---
WARNING: An illegal reflective access operation has occurred
WARNING: Illegal reflective access by org.codehaus.groovy.reflection.CachedClass (file:/home/maven/.m2/repository/org/codehaus/groovy/groovy/2.4.12/groovy-2.4.12.jar) to method java.lang.Object.finalize()
WARNING: Please consider reporting this to the maintainers of org.codehaus.groovy.reflection.CachedClass
WARNING: Use --illegal-access=warn to enable warnings of further illegal reflective access operations
WARNING: All illegal access operations will be denied in a future release
[INFO] Fork Value is true
     [java] WARNING: An illegal reflective access operation has occurred
     [java] WARNING: Illegal reflective access by org.dom4j.io.SAXContentHandler (file:/home/maven/.m2/repository/dom4j/dom4j/1.6.1/dom4j-1.6.1.jar) to method com.sun.org.apache.xerces.internal.parsers.AbstractSAXParser$LocatorProxy.getEncoding()
     [java] WARNING: Please consider reporting this to the maintainers of org.dom4j.io.SAXContentHandler
     [java] WARNING: Use --illegal-access=warn to enable warnings of further illegal reflective access operations
     [java] WARNING: All illegal access operations will be denied in a future release
     [java] The following classes needed for analysis were missing:
     [java]   java.lang.Thread
     [java]   java.lang.Object
     [java]   java.lang.Runnable
     [java]   java.lang.Enum
     [java]   java.lang.Comparable
     [java]   java.util.concurrent.Future
     [java]   java.util.Map$Entry
     [java]   java.lang.Throwable
     [java]   java.util.HashMap
     [java]   java.lang.String
     [java]   java.lang.Class
     [java]   java.util.Map
     [java]   java.lang.Integer
     [java]   java.lang.RuntimeException
     [java]   java.util.Set
     [java]   java.util.stream.Stream
     [java]   java.nio.ByteBuffer
     [java]   java.util.List
     [java]   java.util.Arrays
     [java]   java.lang.Void
     [java]   java.util.concurrent.atomic.AtomicBoolean
     [java]   java.util.concurrent.CountDownLatch
     [java]   java.lang.Long
     [java]   java.lang.Runtime
     [java]   java.util.Collection
     [java]   java.lang.Boolean
     [java]   java.util.ArrayList
     [java]   java.util.Iterator
     [java]   java.lang.StringBuilder
     [java]   java.lang.Math
     [java]   java.util.concurrent.atomic.AtomicInteger
     [java]   java.util.stream.Collectors
     [java]   java.util.HashSet
     [java]   java.util.Collections
     [java]   java.util.regex.Pattern
     [java]   java.lang.IllegalArgumentException
     [java]   java.util.concurrent.TimeUnit
     [java]   java.util.Comparator
     [java]   java.util.Objects
     [java]   java.lang.System
     [java]   java.util.regex.Matcher
     [java]   java.util.function.Function
     [java]   java.nio.file.Paths
     [java]   java.nio.file.Files
     [java]   java.util.LinkedHashSet
     [java]   java.util.LinkedHashMap
     [java]   java.io.PrintStream
     [java]   java.io.OutputStreamWriter
     [java]   java.io.PrintWriter
     [java]   java.util.Properties
     [java]   java.io.ByteArrayInputStream
     [java]   java.util.Enumeration
     [java]   java.net.URI
     [java]   java.lang.NoSuchFieldError
     [java]   java.io.Serializable
     [java]   java.lang.InstantiationException
     [java]   java.lang.IllegalAccessException
     [java]   java.lang.IllegalAccessError
     [java]   java.lang.UnsatisfiedLinkError
     [java]   java.lang.IncompatibleClassChangeError
     [java]   java.lang.Error
     [java]   java.lang.AbstractMethodError
     [java]   java.lang.ArrayIndexOutOfBoundsException
     [java]   java.lang.invoke.LambdaMetafactory
     [java]   java.lang.invoke.MethodHandles$Lookup
     [java]   java.lang.invoke.MethodHandles
     [java]   java.lang.ClassFormatError
     [java]   java.lang.VerifyError
     [java]   java.lang.ExceptionInInitializerError
     [java]   java.nio.charset.StandardCharsets
     [java]   java.lang.InterruptedException
     [java]   java.util.Arrays$ArrayList
     [java]   java.lang.Exception
     [java]   java.util.function.Consumer
     [java] Missing classes: 58
[INFO] Done FindBugs Analysis....
[INFO] 
[INFO] <<< findbugs-maven-plugin:3.0.5:check (analyze-compile) < :findbugs @ mirus <<<
[INFO] 
[INFO] 
[INFO] --- findbugs-maven-plugin:3.0.5:check (analyze-compile) @ mirus ---
[INFO] BugInstance size is 0
[INFO] Error size is 0
[INFO] No errors/warnings found
[INFO] 
[INFO] --- maven-resources-plugin:2.6:testResources (default-testResources) @ mirus ---
[INFO] Using 'UTF-8' encoding to copy filtered resources.
[INFO] Copying 1 resource
[INFO] 
[INFO] --- maven-compiler-plugin:3.6.2:testCompile (default-testCompile) @ mirus ---
[INFO] Nothing to compile - all classes are up to date
[INFO] 
[INFO] --- maven-surefire-plugin:2.12.4:test (default-test) @ mirus ---
[INFO] Surefire report directory: /workdir/mirus/target/surefire-reports

-------------------------------------------------------
 T E S T S
-------------------------------------------------------
Running com.salesforce.mirus.config.MirusConfigTest
Tests run: 3, Failures: 0, Errors: 0, Skipped: 0, Time elapsed: 0.21 sec
Running com.salesforce.mirus.config.TaskConfigTest
[2021-02-15 09:13:15,589] INFO JsonConverterConfig values: 
	converter.type = key
	schemas.cache.size = 1000
	schemas.enable = true
 (org.apache.kafka.connect.json.JsonConverterConfig)
[2021-02-15 09:13:15,592] INFO JsonConverterConfig values: 
	converter.type = value
	schemas.cache.size = 1000
	schemas.enable = true
 (org.apache.kafka.connect.json.JsonConverterConfig)
[2021-02-15 09:13:15,592] INFO JsonConverterConfig values: 
	converter.type = header
	schemas.cache.size = 1000
	schemas.enable = true
 (org.apache.kafka.connect.json.JsonConverterConfig)
Tests run: 5, Failures: 0, Errors: 0, Skipped: 0, Time elapsed: 0.394 sec
Running com.salesforce.mirus.config.SourceConfigTest
Tests run: 4, Failures: 0, Errors: 0, Skipped: 0, Time elapsed: 0.012 sec
Running com.salesforce.mirus.assignment.RoundRobinTaskAssignorTest
Tests run: 2, Failures: 0, Errors: 0, Skipped: 0, Time elapsed: 0.005 sec
Running com.salesforce.mirus.assignment.RangeTaskAssignorTest
Tests run: 2, Failures: 0, Errors: 0, Skipped: 0, Time elapsed: 0.003 sec
Running com.salesforce.mirus.KafkaMonitorTest
[2021-02-15 09:13:16,211] DEBUG Added sensor with name missing-dest-partitions (org.apache.kafka.common.metrics.Metrics)
[2021-02-15 09:13:16,215] DEBUG Added sensor with name missing-dest-partitions (org.apache.kafka.common.metrics.Metrics)
[2021-02-15 09:13:16,218] DEBUG Added sensor with name missing-dest-partitions (org.apache.kafka.common.metrics.Metrics)
[2021-02-15 09:13:16,247] WARN Missing target partitions [topic5-0]. Topics may need to be added to the target cluster. (com.salesforce.mirus.KafkaMonitor)
[2021-02-15 09:13:16,249] DEBUG Added sensor with name missing-dest-partitions (org.apache.kafka.common.metrics.Metrics)
[2021-02-15 09:13:16,250] DEBUG Added sensor with name missing-dest-partitions (org.apache.kafka.common.metrics.Metrics)
[2021-02-15 09:13:16,251] DEBUG Called taskConfigs maxTasks 3 (com.salesforce.mirus.KafkaMonitor)
[2021-02-15 09:13:16,368] DEBUG Added sensor with name missing-dest-partitions (org.apache.kafka.common.metrics.Metrics)
[2021-02-15 09:13:16,369] DEBUG Added sensor with name missing-dest-partitions (org.apache.kafka.common.metrics.Metrics)
[2021-02-15 09:13:16,369] DEBUG Called taskConfigs maxTasks 3 (com.salesforce.mirus.KafkaMonitor)
[2021-02-15 09:13:16,371] DEBUG Added sensor with name missing-dest-partitions (org.apache.kafka.common.metrics.Metrics)
[2021-02-15 09:13:16,372] DEBUG Added sensor with name missing-dest-partitions (org.apache.kafka.common.metrics.Metrics)
[2021-02-15 09:13:16,372] DEBUG Called taskConfigs maxTasks 3 (com.salesforce.mirus.KafkaMonitor)
[2021-02-15 09:13:16,376] DEBUG Added sensor with name missing-dest-partitions (org.apache.kafka.common.metrics.Metrics)
[2021-02-15 09:13:16,377] DEBUG Added sensor with name missing-dest-partitions (org.apache.kafka.common.metrics.Metrics)
[2021-02-15 09:13:16,379] WARN Retriable exception encountered (1 consecutive), continuing processing... (com.salesforce.mirus.KafkaMonitor)
org.apache.kafka.common.errors.TimeoutException: KABOOM!
[2021-02-15 09:13:16,380] WARN Retriable exception encountered (2 consecutive), continuing processing... (com.salesforce.mirus.KafkaMonitor)
org.apache.kafka.common.errors.TimeoutException: KABOOM!
[2021-02-15 09:13:16,382] DEBUG Interrupted while sleeping due to retriable errors, resuming... (com.salesforce.mirus.KafkaMonitor)
[2021-02-15 09:13:16,382] DEBUG Exiting KafkaMonitor (com.salesforce.mirus.KafkaMonitor)
[2021-02-15 09:13:16,383] DEBUG Added sensor with name missing-dest-partitions (org.apache.kafka.common.metrics.Metrics)
[2021-02-15 09:13:16,384] WARN Missing target partitions [topic5-0]. Topics may need to be added to the target cluster. (com.salesforce.mirus.KafkaMonitor)
[2021-02-15 09:13:16,384] DEBUG Called taskConfigs maxTasks 50 (com.salesforce.mirus.KafkaMonitor)
[2021-02-15 09:13:16,394] DEBUG Replicated partition set change. Triggering re-balance with 6 partitions (com.salesforce.mirus.KafkaMonitor)
[2021-02-15 09:13:16,395] DEBUG Called taskConfigs maxTasks 50 (com.salesforce.mirus.KafkaMonitor)
[2021-02-15 09:13:16,396] DEBUG Added sensor with name missing-dest-partitions (org.apache.kafka.common.metrics.Metrics)
[2021-02-15 09:13:16,396] WARN Missing target partitions [topic5-0]. Topics may need to be added to the target cluster. (com.salesforce.mirus.KafkaMonitor)
[2021-02-15 09:13:16,396] DEBUG Called taskConfigs maxTasks 3 (com.salesforce.mirus.KafkaMonitor)
Tests run: 8, Failures: 0, Errors: 0, Skipped: 0, Time elapsed: 0.774 sec
Running com.salesforce.mirus.TaskConfigBuilderTest
Tests run: 4, Failures: 0, Errors: 0, Skipped: 0, Time elapsed: 0.003 sec
Running com.salesforce.mirus.SourcePartitionValidatorTest
Tests run: 3, Failures: 0, Errors: 0, Skipped: 0, Time elapsed: 0.001 sec
Running com.salesforce.mirus.metrics.TaskJmxReporterTest
[2021-02-15 09:13:16,410] DEBUG Added sensor with name TestConnector-1 (org.apache.kafka.common.metrics.Metrics)
[2021-02-15 09:13:16,412] INFO Added the task TestConnector-1 to the list of JMX metrics (com.salesforce.mirus.metrics.TaskJmxReporter)
[2021-02-15 09:13:16,412] DEBUG Updated set of JMX metrics is {MetricName [name=count, group=kafka-metrics-count, description=total number of registered metrics, tags={}]=org.apache.kafka.common.metrics.KafkaMetric@2f7e2481, MetricName [name=task-failed-restart-attempts-count, group=connector-task-metrics, description=count of restart attempts to a failed task, tags={connector=TestConnector, task=1}]=org.apache.kafka.common.metrics.KafkaMetric@5f745970} (com.salesforce.mirus.metrics.TaskJmxReporter)
[2021-02-15 09:13:16,413] DEBUG Added sensor with name TestConnector-2 (org.apache.kafka.common.metrics.Metrics)
[2021-02-15 09:13:16,413] INFO Added the task TestConnector-2 to the list of JMX metrics (com.salesforce.mirus.metrics.TaskJmxReporter)
[2021-02-15 09:13:16,414] DEBUG Updated set of JMX metrics is {MetricName [name=task-failed-restart-attempts-count, group=connector-task-metrics, description=count of restart attempts to a failed task, tags={connector=TestConnector, task=2}]=org.apache.kafka.common.metrics.KafkaMetric@5f9b37b5, MetricName [name=count, group=kafka-metrics-count, description=total number of registered metrics, tags={}]=org.apache.kafka.common.metrics.KafkaMetric@2f7e2481, MetricName [name=task-failed-restart-attempts-count, group=connector-task-metrics, description=count of restart attempts to a failed task, tags={connector=TestConnector, task=1}]=org.apache.kafka.common.metrics.KafkaMetric@5f745970} (com.salesforce.mirus.metrics.TaskJmxReporter)
Tests run: 1, Failures: 0, Errors: 0, Skipped: 0, Time elapsed: 0.007 sec
Running com.salesforce.mirus.metrics.ConnectorJmxReporterTest
[2021-02-15 09:13:16,525] DEBUG Added sensor with name runningTestConnector (org.apache.kafka.common.metrics.Metrics)
[2021-02-15 09:13:16,525] DEBUG Added sensor with name pausedTestConnector (org.apache.kafka.common.metrics.Metrics)
[2021-02-15 09:13:16,525] DEBUG Added sensor with name failedTestConnector (org.apache.kafka.common.metrics.Metrics)
[2021-02-15 09:13:16,526] DEBUG Added sensor with name unassignedTestConnector (org.apache.kafka.common.metrics.Metrics)
[2021-02-15 09:13:16,526] DEBUG Added sensor with name destroyedTestConnector (org.apache.kafka.common.metrics.Metrics)
[2021-02-15 09:13:16,526] DEBUG Added sensor with name task-failed-restart-attemptsTestConnector (org.apache.kafka.common.metrics.Metrics)
[2021-02-15 09:13:16,526] DEBUG Added sensor with name connector-failed-restart-attemptsTestConnector (org.apache.kafka.common.metrics.Metrics)
[2021-02-15 09:13:16,531] DEBUG Added sensor with name runningTestConnector (org.apache.kafka.common.metrics.Metrics)
[2021-02-15 09:13:16,532] DEBUG Added sensor with name pausedTestConnector (org.apache.kafka.common.metrics.Metrics)
[2021-02-15 09:13:16,532] DEBUG Added sensor with name failedTestConnector (org.apache.kafka.common.metrics.Metrics)
[2021-02-15 09:13:16,532] DEBUG Added sensor with name unassignedTestConnector (org.apache.kafka.common.metrics.Metrics)
[2021-02-15 09:13:16,533] DEBUG Added sensor with name destroyedTestConnector (org.apache.kafka.common.metrics.Metrics)
[2021-02-15 09:13:16,533] DEBUG Added sensor with name task-failed-restart-attemptsTestConnector (org.apache.kafka.common.metrics.Metrics)
[2021-02-15 09:13:16,533] DEBUG Added sensor with name connector-failed-restart-attemptsTestConnector (org.apache.kafka.common.metrics.Metrics)
[2021-02-15 09:13:16,534] DEBUG Added sensor with name runningTestConnector (org.apache.kafka.common.metrics.Metrics)
[2021-02-15 09:13:16,535] DEBUG Added sensor with name pausedTestConnector (org.apache.kafka.common.metrics.Metrics)
[2021-02-15 09:13:16,535] DEBUG Added sensor with name failedTestConnector (org.apache.kafka.common.metrics.Metrics)
[2021-02-15 09:13:16,535] DEBUG Added sensor with name unassignedTestConnector (org.apache.kafka.common.metrics.Metrics)
[2021-02-15 09:13:16,535] DEBUG Added sensor with name destroyedTestConnector (org.apache.kafka.common.metrics.Metrics)
[2021-02-15 09:13:16,536] DEBUG Added sensor with name task-failed-restart-attemptsTestConnector (org.apache.kafka.common.metrics.Metrics)
[2021-02-15 09:13:16,536] DEBUG Added sensor with name connector-failed-restart-attemptsTestConnector (org.apache.kafka.common.metrics.Metrics)
Tests run: 3, Failures: 0, Errors: 0, Skipped: 0, Time elapsed: 0.124 sec
Running com.salesforce.mirus.TopicPartitionSerDeTest
Tests run: 2, Failures: 0, Errors: 0, Skipped: 0, Time elapsed: 0.007 sec
Running com.salesforce.mirus.MirusSourceConnectorTest
Tests run: 4, Failures: 0, Errors: 0, Skipped: 0, Time elapsed: 0.106 sec
Running com.salesforce.mirus.ByteArrayConverterTest
Tests run: 2, Failures: 0, Errors: 0, Skipped: 0, Time elapsed: 0 sec
Running com.salesforce.mirus.MirusSourceTaskTest
[2021-02-15 09:13:16,656] DEBUG Task starting with properties: {partitions=[{"topic":"topic1","partition":0},{"topic":"topic1","partition":1}], replay.window.records=0, replay.policy=FILTER} (com.salesforce.mirus.MirusSourceTask)
[2021-02-15 09:13:16,657] DEBUG Task starting with partitions: [{"topic":"topic1","partition":0},{"topic":"topic1","partition":1}] (com.salesforce.mirus.MirusSourceTask)
[2021-02-15 09:13:16,683] DEBUG Seeking to partition offsets: {{topic=topic1, partition=1}={offset=0}, {topic=topic1, partition=0}={offset=0}} (com.salesforce.mirus.MirusSourceTask)
[2021-02-15 09:13:16,699] DEBUG Task starting with properties: {partitions=[{"topic":"topic1","partition":0},{"topic":"topic1","partition":1}], replay.window.records=0, replay.policy=FILTER} (com.salesforce.mirus.MirusSourceTask)
[2021-02-15 09:13:16,699] DEBUG Task starting with partitions: [{"topic":"topic1","partition":0},{"topic":"topic1","partition":1}] (com.salesforce.mirus.MirusSourceTask)
[2021-02-15 09:13:16,700] DEBUG Seeking to partition offsets: {{topic=topic1, partition=1}={offset=0}, {topic=topic1, partition=0}={offset=0}} (com.salesforce.mirus.MirusSourceTask)
[2021-02-15 09:13:16,700] INFO Seeking to EARLIEST offset of partition topic1-0 (org.apache.kafka.clients.consumer.internals.SubscriptionState)
[2021-02-15 09:13:16,701] INFO Skipping record with topic-partition=topic1-0, offset=0. Latest previously recorded offset=2. This log statement is recorded once per task instance per topic-partition. (com.salesforce.mirus.MirusSourceTask)
[2021-02-15 09:13:16,701] DEBUG Task starting with properties: {partitions=[{"topic":"topic1","partition":0},{"topic":"topic1","partition":1}], replay.window.records=0, replay.policy=FILTER} (com.salesforce.mirus.MirusSourceTask)
[2021-02-15 09:13:16,702] DEBUG Task starting with partitions: [{"topic":"topic1","partition":0},{"topic":"topic1","partition":1}] (com.salesforce.mirus.MirusSourceTask)
[2021-02-15 09:13:16,702] DEBUG Seeking to partition offsets: {{topic=topic1, partition=1}={offset=0}, {topic=topic1, partition=0}={offset=0}} (com.salesforce.mirus.MirusSourceTask)
[2021-02-15 09:13:16,707] DEBUG Task starting with properties: {partitions=[{"topic":"topic1","partition":0},{"topic":"topic1","partition":1}], replay.window.records=0, replay.policy=FILTER} (com.salesforce.mirus.MirusSourceTask)
[2021-02-15 09:13:16,707] DEBUG Task starting with partitions: [{"topic":"topic1","partition":0},{"topic":"topic1","partition":1}] (com.salesforce.mirus.MirusSourceTask)
[2021-02-15 09:13:16,707] DEBUG Seeking to partition offsets: {{topic=topic1, partition=1}={offset=0}, {topic=topic1, partition=0}={offset=0}} (com.salesforce.mirus.MirusSourceTask)
[2021-02-15 09:13:16,707] DEBUG Task starting with properties: {partitions=[{"topic":"topic1","partition":0},{"topic":"topic1","partition":1}], replay.window.records=0, replay.policy=FILTER, source.value.converter=org.apache.kafka.connect.json.JsonConverter, source.key.converter=org.apache.kafka.connect.json.JsonConverter} (com.salesforce.mirus.MirusSourceTask)
[2021-02-15 09:13:16,708] INFO JsonConverterConfig values: 
	converter.type = key
	schemas.cache.size = 1000
	schemas.enable = true
 (org.apache.kafka.connect.json.JsonConverterConfig)
[2021-02-15 09:13:16,708] INFO JsonConverterConfig values: 
	converter.type = value
	schemas.cache.size = 1000
	schemas.enable = true
 (org.apache.kafka.connect.json.JsonConverterConfig)
[2021-02-15 09:13:16,708] DEBUG Task starting with partitions: [{"topic":"topic1","partition":0},{"topic":"topic1","partition":1}] (com.salesforce.mirus.MirusSourceTask)
[2021-02-15 09:13:16,709] DEBUG Seeking to partition offsets: {{topic=topic1, partition=1}={offset=0}, {topic=topic1, partition=0}={offset=0}} (com.salesforce.mirus.MirusSourceTask)
[2021-02-15 09:13:16,730] DEBUG Task starting with properties: {partitions=[{"topic":"topic1","partition":0},{"topic":"topic1","partition":1}], replay.window.records=0, replay.policy=FILTER} (com.salesforce.mirus.MirusSourceTask)
[2021-02-15 09:13:16,730] DEBUG Task starting with partitions: [{"topic":"topic1","partition":0},{"topic":"topic1","partition":1}] (com.salesforce.mirus.MirusSourceTask)
[2021-02-15 09:13:16,731] DEBUG Seeking to partition offsets: {{topic=topic1, partition=1}={offset=0}, {topic=topic1, partition=0}={offset=0}} (com.salesforce.mirus.MirusSourceTask)
[2021-02-15 09:13:16,731] DEBUG Task starting with properties: {partitions=[{"topic":"topic1","partition":0},{"topic":"topic1","partition":1}], replay.window.records=0, replay.policy=FILTER} (com.salesforce.mirus.MirusSourceTask)
[2021-02-15 09:13:16,731] DEBUG Task starting with partitions: [{"topic":"topic1","partition":0},{"topic":"topic1","partition":1}] (com.salesforce.mirus.MirusSourceTask)
[2021-02-15 09:13:16,732] DEBUG Seeking to partition offsets: {{topic=topic1, partition=1}={offset=0}, {topic=topic1, partition=0}={offset=0}} (com.salesforce.mirus.MirusSourceTask)
[2021-02-15 09:13:16,732] INFO Seeking to EARLIEST offset of partition topic1-0 (org.apache.kafka.clients.consumer.internals.SubscriptionState)
[2021-02-15 09:13:16,732] INFO Skipping record with topic-partition=topic1-0, offset=0. Latest previously recorded offset=2. This log statement is recorded once per task instance per topic-partition. (com.salesforce.mirus.MirusSourceTask)
[2021-02-15 09:13:16,733] DEBUG Task starting with properties: {partitions=[{"topic":"topic1","partition":0},{"topic":"topic1","partition":1}], replay.window.records=0, replay.policy=FILTER} (com.salesforce.mirus.MirusSourceTask)
[2021-02-15 09:13:16,733] DEBUG Task starting with partitions: [{"topic":"topic1","partition":0},{"topic":"topic1","partition":1}] (com.salesforce.mirus.MirusSourceTask)
[2021-02-15 09:13:16,733] DEBUG Seeking to partition offsets: {{topic=topic1, partition=1}={offset=0}, {topic=topic1, partition=0}={offset=0}} (com.salesforce.mirus.MirusSourceTask)
[2021-02-15 09:13:16,733] DEBUG Task starting with properties: {partitions=[{"topic":"topic1","partition":0},{"topic":"topic1","partition":1}], replay.window.records=2, replay.policy=FILTER} (com.salesforce.mirus.MirusSourceTask)
[2021-02-15 09:13:16,734] DEBUG Task starting with partitions: [{"topic":"topic1","partition":0},{"topic":"topic1","partition":1}] (com.salesforce.mirus.MirusSourceTask)
[2021-02-15 09:13:16,734] DEBUG Seeking to partition offsets: {{topic=topic1, partition=1}={offset=0}, {topic=topic1, partition=0}={offset=0}} (com.salesforce.mirus.MirusSourceTask)
[2021-02-15 09:13:16,734] INFO Seeking to EARLIEST offset of partition topic1-0 (org.apache.kafka.clients.consumer.internals.SubscriptionState)
[2021-02-15 09:13:16,734] INFO Skipping record with topic-partition=topic1-0, offset=0. Latest previously recorded offset=2. This log statement is recorded once per task instance per topic-partition. (com.salesforce.mirus.MirusSourceTask)
[2021-02-15 09:13:16,735] DEBUG Task starting with properties: {partitions=[{"topic":"topic1","partition":0},{"topic":"topic1","partition":1}], replay.window.records=0, replay.policy=FILTER} (com.salesforce.mirus.MirusSourceTask)
[2021-02-15 09:13:16,735] DEBUG Task starting with partitions: [{"topic":"topic1","partition":0},{"topic":"topic1","partition":1}] (com.salesforce.mirus.MirusSourceTask)
[2021-02-15 09:13:16,735] DEBUG Seeking to partition offsets: {{topic=topic1, partition=1}={offset=0}, {topic=topic1, partition=0}={offset=0}} (com.salesforce.mirus.MirusSourceTask)
[2021-02-15 09:13:16,736] DEBUG Task starting with properties: {partitions=[{"topic":"topic1","partition":0},{"topic":"topic1","partition":1}], replay.window.records=0, replay.policy=FILTER, source.header.converter=org.apache.kafka.connect.json.JsonConverter} (com.salesforce.mirus.MirusSourceTask)
[2021-02-15 09:13:16,737] INFO JsonConverterConfig values: 
	converter.type = header
	schemas.cache.size = 1000
	schemas.enable = true
 (org.apache.kafka.connect.json.JsonConverterConfig)
[2021-02-15 09:13:16,737] DEBUG Task starting with partitions: [{"topic":"topic1","partition":0},{"topic":"topic1","partition":1}] (com.salesforce.mirus.MirusSourceTask)
[2021-02-15 09:13:16,737] DEBUG Seeking to partition offsets: {{topic=topic1, partition=1}={offset=0}, {topic=topic1, partition=0}={offset=0}} (com.salesforce.mirus.MirusSourceTask)
Tests run: 8, Failures: 0, Errors: 0, Skipped: 0, Time elapsed: 0.085 sec
Running com.salesforce.mirus.MirusTest
Tests run: 2, Failures: 0, Errors: 0, Skipped: 0, Time elapsed: 0.005 sec
Running com.salesforce.mirus.offsets.OffsetSerDeTest
Tests run: 4, Failures: 0, Errors: 0, Skipped: 0, Time elapsed: 0.067 sec
Running com.salesforce.mirus.offsets.OffsetSetterTest
[2021-02-15 09:13:16,859] INFO Writing offsets for connector-id2 (com.salesforce.mirus.offsets.OffsetSetter)
[2021-02-15 09:13:16,866] DEBUG Submitting 1 entries to backing store. The offsets are: {{topic=topic3, partition=1}={offset=123}} (org.apache.kafka.connect.storage.OffsetStorageWriter)
[2021-02-15 09:13:16,867] INFO Writing offsets for connector-id1 (com.salesforce.mirus.offsets.OffsetSetter)
[2021-02-15 09:13:16,868] DEBUG Submitting 2 entries to backing store. The offsets are: {{topic=topic1, partition=1}={offset=123}, {topic=topic2, partition=1}={offset=123}} (org.apache.kafka.connect.storage.OffsetStorageWriter)
Tests run: 1, Failures: 0, Errors: 0, Skipped: 0, Time elapsed: 0.066 sec
Running com.salesforce.mirus.offsets.OffsetInfoTest
Tests run: 1, Failures: 0, Errors: 0, Skipped: 0, Time elapsed: 0 sec

Results :

Tests run: 59, Failures: 0, Errors: 0, Skipped: 0

[INFO] ------------------------------------------------------------------------
[INFO] BUILD SUCCESS
[INFO] ------------------------------------------------------------------------
[INFO] Total time:  10.625 s
[INFO] Finished at: 2021-02-15T09:13:16Z
[INFO] ------------------------------------------------------------------------
