[INFO] Scanning for projects...
[INFO] 
[INFO] --------------------------< cn.nukkit:nukkit >--------------------------
[INFO] Building Nukkit 1.0-SNAPSHOT
[INFO] --------------------------------[ jar ]---------------------------------
[INFO] 
[INFO] --- maven-enforcer-plugin:3.0.0-M2:enforce (enforce) @ nukkit ---
[INFO] 
[INFO] --- git-commit-id-plugin:2.2.1:revision (get-the-git-infos) @ nukkit ---
[INFO] dotGitDirectory /workdir/Nukkit/.git
[INFO] git.build.user.name Sorald
[INFO] git.build.user.email you@example.com
[INFO] git.branch 47d54ad26109b5d89936e0d9123c591a99a2cf60
[INFO] --always = false
[INFO] --dirty = -dirty
[INFO] --abbrev = 7
[INFO] Tag refs [[]]
[INFO] Created map: [{}]
[INFO] HEAD is [47d54ad26109b5d89936e0d9123c591a99a2cf60]
[INFO] Repo is in dirty state [true]
[INFO] git.commit.id.describe 47d54ad-dirty
[INFO] git.commit.id 47d54ad26109b5d89936e0d9123c591a99a2cf60
[INFO] git.commit.id.abbrev 47d54ad
[INFO] git.dirty true
[INFO] git.commit.user.name VixikHD
[INFO] git.commit.user.email 40556088+VixikHD@users.noreply.github.com
[INFO] git.commit.message.full Fix level loading (#1681)
[INFO] git.commit.message.short Fix level loading (#1681)
[INFO] git.commit.time 17.11.2020 @ 17:24:56 UTC
[INFO] git.remote.origin.url https://github.com/CloudburstMC/Nukkit.git
[INFO] git.tags 
[INFO] Tag refs [[]]
[INFO] git.closest.tag.name 
[INFO] Tag refs [[]]
[INFO] git.closest.tag.commit.count 
[INFO] git.build.time 15.02.2021 @ 08:14:13 UTC
[INFO] git.build.version 1.0-SNAPSHOT
[INFO] git.build.host 605b8309f1f8
[INFO] git.commit.id.describe-short 47d54ad-dirty
[INFO] found property git.tags
[INFO] found property git.closest.tag.commit.count
[INFO] found property git.build.version
[INFO] found property git.commit.user.name
[INFO] found property git.commit.id.abbrev
[INFO] found property git.branch
[INFO] found property git.build.host
[INFO] found property git.commit.id.describe-short
[INFO] found property git.commit.id.describe
[INFO] found property git.build.user.email
[INFO] found property git.commit.id
[INFO] found property git.commit.message.short
[INFO] found property git.commit.user.email
[INFO] found property git.closest.tag.name
[INFO] found property git.commit.time
[INFO] found property git.build.time
[INFO] found property git.build.user.name
[INFO] found property git.dirty
[INFO] found property git.commit.message.full
[INFO] found property git.remote.origin.url
[INFO] Reading existing properties file [/workdir/Nukkit/target/classes/git.properties] (for module Nukkit)...
[INFO] Properties file [/workdir/Nukkit/target/classes/git.properties] is up-to-date (for module Nukkit)...
[INFO] 
[INFO] --- maven-resources-plugin:2.6:resources (default-resources) @ nukkit ---
[INFO] Using 'UTF-8' encoding to copy filtered resources.
[INFO] Copying 9 resources
[INFO] 
[INFO] --- maven-compiler-plugin:3.1:compile (default-compile) @ nukkit ---
[INFO] Changes detected - recompiling the module!
[INFO] Compiling 1528 source files to /workdir/Nukkit/target/classes
[WARNING] /workdir/Nukkit/src/main/java/cn/nukkit/block/Block.java: Some input files use or override a deprecated API.
[WARNING] /workdir/Nukkit/src/main/java/cn/nukkit/block/Block.java: Recompile with -Xlint:deprecation for details.
[WARNING] /workdir/Nukkit/src/main/java/cn/nukkit/level/Level.java: Some input files use unchecked or unsafe operations.
[WARNING] /workdir/Nukkit/src/main/java/cn/nukkit/level/Level.java: Recompile with -Xlint:unchecked for details.
[INFO] 
[INFO] --- maven-resources-plugin:2.6:testResources (default-testResources) @ nukkit ---
[INFO] Using 'UTF-8' encoding to copy filtered resources.
[INFO] Copying 1 resource
[INFO] 
[INFO] --- maven-compiler-plugin:3.1:testCompile (default-testCompile) @ nukkit ---
[INFO] Nothing to compile - all classes are up to date
[INFO] 
[INFO] --- maven-surefire-plugin:2.19:test (default-test) @ nukkit ---

-------------------------------------------------------
 T E S T S
-------------------------------------------------------
Running cn.nukkit.test.VarIntTest
Tests run: 4, Failures: 0, Errors: 0, Skipped: 0, Time elapsed: 0.058 sec - in cn.nukkit.test.VarIntTest
Running cn.nukkit.test.ClientChainDataTest
Tests run: 1, Failures: 0, Errors: 0, Skipped: 0, Time elapsed: 0.122 sec - in cn.nukkit.test.ClientChainDataTest
Running cn.nukkit.test.AngleTest
Tests run: 1, Failures: 0, Errors: 0, Skipped: 0, Time elapsed: 0.006 sec - in cn.nukkit.test.AngleTest
Running cn.nukkit.test.ZlibTest
Tests run: 1, Failures: 0, Errors: 0, Skipped: 0, Time elapsed: 0.007 sec - in cn.nukkit.test.ZlibTest

Results :

Tests run: 7, Failures: 0, Errors: 0, Skipped: 0

[INFO] ------------------------------------------------------------------------
[INFO] BUILD SUCCESS
[INFO] ------------------------------------------------------------------------
[INFO] Total time:  12.707 s
[INFO] Finished at: 2021-02-15T08:14:24Z
[INFO] ------------------------------------------------------------------------
