[INFO] Scanning for projects...
[INFO] 
[INFO] --------------------< com.blueconic:browscap-java >---------------------
[INFO] Building browscap-java 1.3.2
[INFO] --------------------------------[ jar ]---------------------------------
[INFO] 
[INFO] --- maven-resources-plugin:2.6:resources (default-resources) @ browscap-java ---
[INFO] Using 'UTF-8' encoding to copy filtered resources.
[INFO] Copying 1 resource
[INFO] 
[INFO] --- maven-compiler-plugin:3.1:compile (default-compile) @ browscap-java ---
[INFO] Nothing to compile - all classes are up to date
[INFO] 
[INFO] --- maven-resources-plugin:2.6:testResources (default-testResources) @ browscap-java ---
[INFO] Using 'UTF-8' encoding to copy filtered resources.
[INFO] Copying 2 resources
[INFO] 
[INFO] --- maven-compiler-plugin:3.1:testCompile (default-testCompile) @ browscap-java ---
[INFO] Nothing to compile - all classes are up to date
[INFO] 
[INFO] --- maven-surefire-plugin:2.12.4:test (default-test) @ browscap-java ---
[INFO] Surefire report directory: /workdir/browscap-java/target/surefire-reports

-------------------------------------------------------
 T E S T S
-------------------------------------------------------
Running com.blueconic.browscap.impl.RuleTest
Tests run: 8, Failures: 0, Errors: 0, Skipped: 0, Time elapsed: 0.051 sec
Running com.blueconic.browscap.impl.SearchableStringTest
Tests run: 5, Failures: 0, Errors: 0, Skipped: 0, Time elapsed: 0 sec
Running com.blueconic.browscap.impl.UserAgentParserTest
Tests run: 3, Failures: 0, Errors: 0, Skipped: 0, Time elapsed: 0.011 sec
Running com.blueconic.browscap.impl.UserAgentServiceTest
Processed 12240 items
Processed 12240 items
Processed 1126 itemsProcessed 12240 items
Tests run: 4, Failures: 0, Errors: 0, Skipped: 0, Time elapsed: 33.668 sec
Running com.blueconic.browscap.impl.UserAgentFileParserTest
Tests run: 4, Failures: 0, Errors: 0, Skipped: 0, Time elapsed: 0.004 sec

Results :

Tests run: 24, Failures: 0, Errors: 0, Skipped: 0

[INFO] ------------------------------------------------------------------------
[INFO] BUILD SUCCESS
[INFO] ------------------------------------------------------------------------
[INFO] Total time:  34.701 s
[INFO] Finished at: 2021-02-15T07:45:18Z
[INFO] ------------------------------------------------------------------------
