[INFO] Scanning for projects...
[INFO] 
[INFO] -------------< org.mutabilitydetector:MutabilityDetector >--------------
[INFO] Building MutabilityDetector 0.10.5-SNAPSHOT
[INFO] --------------------------------[ jar ]---------------------------------
[INFO] 
[INFO] --- build-helper-maven-plugin:3.2.0:add-test-source (default) @ MutabilityDetector ---
[INFO] Test Source directory: /workdir/MutabilityDetector/src/test/benchmarks added.
[INFO] 
[INFO] --- license-maven-plugin:2.0.0:update-file-header (first) @ MutabilityDetector ---
[INFO] Adding a license repository jar:file:/home/maven/.m2/repository/org/codehaus/mojo/license-maven-plugin/2.0.0/license-maven-plugin-2.0.0.jar!/META-INF/licenses
[INFO] register GNU Free Documentation License (FDL) version 1.3
[INFO] register GNU General Lesser Public License (LGPL) version 3.0
[INFO] register GNU Affero General Public License (AGPL) version 3.0
[INFO] register GNU General Public License (GPL) version 3.0
[INFO] register GNU General Public License (GPL) version 2.0
[INFO] register GNU General Public License (GPL) version 1.0
[INFO] register Apache License version 2.0
[INFO] register Eclipse Public License - v 2.0 with Secondary License
[INFO] register Eclipse Public License - v 2.0
[INFO] register Eclipse Public License - v 1.0
[INFO] register Eclipse Public + Distribution License - v 1.0
[INFO] register COMMON DEVELOPMENT AND DISTRIBUTION LICENSE (CDDL) Version 1.0
[INFO] register GNU General Lesser Public License (LGPL) version 2.1
[INFO] register MIT-License
[INFO] register BSD 2-Clause License
[INFO] register BSD 3-Clause License
[INFO] register European Union Public License v1.1
[INFO] Will search files to update from root /workdir/MutabilityDetector/src/main/java
[INFO] Will search files to update from root /workdir/MutabilityDetector/src/test/java
[INFO] Scan 214 files header done in 180.063ms.
[INFO] All files are up-to-date.
[INFO] 
[INFO] --- maven-resources-plugin:2.6:resources (default-resources) @ MutabilityDetector ---
[INFO] Using 'UTF-8' encoding to copy filtered resources.
[INFO] skip non existing resourceDirectory /workdir/MutabilityDetector/src/main/resources
[INFO] 
[INFO] --- maven-compiler-plugin:3.8.1:compile (default-compile) @ MutabilityDetector ---
[INFO] Changes detected - recompiling the module!
[INFO] Compiling 132 source files to /workdir/MutabilityDetector/target/classes
[INFO] /workdir/MutabilityDetector/src/main/java/org/mutabilitydetector/cli/CommandLineOptions.java: Some input files use or override a deprecated API.
[INFO] /workdir/MutabilityDetector/src/main/java/org/mutabilitydetector/cli/CommandLineOptions.java: Recompile with -Xlint:deprecation for details.
[INFO] /workdir/MutabilityDetector/src/main/java/org/mutabilitydetector/unittesting/MutabilityAssert.java: Some input files use unchecked or unsafe operations.
[INFO] /workdir/MutabilityDetector/src/main/java/org/mutabilitydetector/unittesting/MutabilityAssert.java: Recompile with -Xlint:unchecked for details.
[INFO] 
[INFO] --- maven-resources-plugin:2.6:testResources (default-testResources) @ MutabilityDetector ---
[INFO] Using 'UTF-8' encoding to copy filtered resources.
[INFO] Copying 1 resource
[INFO] 
[INFO] --- maven-compiler-plugin:3.8.1:testCompile (default-testCompile) @ MutabilityDetector ---
[INFO] Changes detected - recompiling the module!
[INFO] Compiling 168 source files to /workdir/MutabilityDetector/target/test-classes
[INFO] /workdir/MutabilityDetector/src/test/java/org/mutabilitydetector/checkers/info/MutableTypeInformationTest.java: Some input files use or override a deprecated API.
[INFO] /workdir/MutabilityDetector/src/test/java/org/mutabilitydetector/checkers/info/MutableTypeInformationTest.java: Recompile with -Xlint:deprecation for details.
[INFO] /workdir/MutabilityDetector/src/test/java/org/mutabilitydetector/ErrorLocationTest.java: /workdir/MutabilityDetector/src/test/java/org/mutabilitydetector/ErrorLocationTest.java uses unchecked or unsafe operations.
[INFO] /workdir/MutabilityDetector/src/test/java/org/mutabilitydetector/ErrorLocationTest.java: Recompile with -Xlint:unchecked for details.
[INFO] 
[INFO] --- maven-surefire-plugin:2.12.4:test (default-test) @ MutabilityDetector ---
[INFO] Surefire report directory: /workdir/MutabilityDetector/target/surefire-reports

-------------------------------------------------------
 T E S T S
-------------------------------------------------------
Running org.mutabilitydetector.MutableReasonDetailTest
Tests run: 3, Failures: 0, Errors: 0, Skipped: 0, Time elapsed: 0.044 sec
Running org.mutabilitydetector.MutabilityCheckerTest
Tests run: 14, Failures: 0, Errors: 0, Skipped: 0, Time elapsed: 0.301 sec
Running org.mutabilitydetector.ClassPathScannerTest
Tests run: 1, Failures: 0, Errors: 0, Skipped: 0, Time elapsed: 0.14 sec
Running org.mutabilitydetector.ConfigurationBuilderTest
Tests run: 8, Failures: 0, Errors: 0, Skipped: 0, Time elapsed: 0.071 sec
Running org.mutabilitydetector.AnalysisResultTest
Tests run: 6, Failures: 0, Errors: 0, Skipped: 0, Time elapsed: 0.002 sec
Running org.mutabilitydetector.AnalysisSessionTest
Tests run: 2, Failures: 0, Errors: 0, Skipped: 0, Time elapsed: 0.067 sec
Running org.mutabilitydetector.ErrorLocationTest
Tests run: 1, Failures: 0, Errors: 0, Skipped: 1, Time elapsed: 0.002 sec
Running org.mutabilitydetector.GuavaPrimitiveArrayTypesTest
Tests run: 3, Failures: 0, Errors: 0, Skipped: 0, Time elapsed: 0.013 sec
Running org.mutabilitydetector.checkers.util.StackPushingOpcodesTest
Tests run: 2, Failures: 0, Errors: 0, Skipped: 0, Time elapsed: 0.003 sec
Running org.mutabilitydetector.checkers.util.AnalysisDatabaseTest
Tests run: 4, Failures: 0, Errors: 0, Skipped: 0, Time elapsed: 0.062 sec
Running org.mutabilitydetector.checkers.util.TypeStructureInformationAnalyserTest
Tests run: 4, Failures: 0, Errors: 0, Skipped: 0, Time elapsed: 0.036 sec
Running org.mutabilitydetector.checkers.util.PrivateMethodInvocationInformationTest
Tests run: 2, Failures: 0, Errors: 0, Skipped: 0, Time elapsed: 0.023 sec
Running org.mutabilitydetector.checkers.util.PrivateMethodInvocationAnalyserTest
Tests run: 2, Failures: 0, Errors: 0, Skipped: 0, Time elapsed: 0.024 sec
Running org.mutabilitydetector.checkers.AccessModifierQueryTest
Tests run: 10, Failures: 0, Errors: 0, Skipped: 0, Time elapsed: 0.002 sec
Running org.mutabilitydetector.checkers.hint.WrappingHintGeneratorTest
Tests run: 7, Failures: 0, Errors: 0, Skipped: 0, Time elapsed: 0.002 sec
Running org.mutabilitydetector.checkers.ResultCalculatorTest
Tests run: 3, Failures: 0, Errors: 0, Skipped: 0, Time elapsed: 0.001 sec
Running org.mutabilitydetector.checkers.MethodIsTest
Tests run: 1, Failures: 0, Errors: 0, Skipped: 0, Time elapsed: 0.004 sec
Running org.mutabilitydetector.checkers.info.TypeStructureInformationTest
Tests run: 4, Failures: 0, Errors: 0, Skipped: 0, Time elapsed: 0.041 sec
Running org.mutabilitydetector.checkers.info.MutableTypeInformationTest
Tests run: 5, Failures: 0, Errors: 0, Skipped: 0, Time elapsed: 0.752 sec
Running org.mutabilitydetector.checkers.CheckerRunnerTest
Tests run: 7, Failures: 0, Errors: 0, Skipped: 0, Time elapsed: 0.14 sec
Running org.mutabilitydetector.checkers.UnhandledExceptionBuilderTest
Tests run: 5, Failures: 0, Errors: 0, Skipped: 0, Time elapsed: 0.114 sec
Running org.mutabilitydetector.checkers.ImmutableCollectionCheckerTest
Tests run: 16, Failures: 0, Errors: 0, Skipped: 0, Time elapsed: 0.102 sec
Running org.mutabilitydetector.checkers.CollectionFieldTest
Tests run: 9, Failures: 0, Errors: 0, Skipped: 1, Time elapsed: 0.009 sec
Running org.mutabilitydetector.locations.ClassNameConverterTest
Tests run: 8, Failures: 0, Errors: 0, Skipped: 0, Time elapsed: 0.001 sec
Running org.mutabilitydetector.locations.ClassLocationTest
Tests run: 4, Failures: 0, Errors: 0, Skipped: 0, Time elapsed: 0.001 sec
Running org.mutabilitydetector.locations.FieldLocationTest
Tests run: 3, Failures: 0, Errors: 0, Skipped: 0, Time elapsed: 0.003 sec
Running org.mutabilitydetector.locations.DottedTest
Tests run: 3, Failures: 0, Errors: 0, Skipped: 0, Time elapsed: 0.194 sec
Running org.mutabilitydetector.unittesting.clientusage.MutabilityAssertTest
Tests run: 26, Failures: 0, Errors: 0, Skipped: 0, Time elapsed: 0.083 sec
Running org.mutabilitydetector.unittesting.internal.AssertionReporterTest
Tests run: 5, Failures: 0, Errors: 0, Skipped: 0, Time elapsed: 0.003 sec
Running org.mutabilitydetector.unittesting.matchers.reasons.AssumeCopiedIntoUnmodifiableTest
Tests run: 2, Failures: 0, Errors: 0, Skipped: 0, Time elapsed: 0.006 sec
Running org.mutabilitydetector.unittesting.matchers.reasons.AllowingForSubclassingTest
Tests run: 3, Failures: 0, Errors: 0, Skipped: 0, Time elapsed: 0.002 sec
Running org.mutabilitydetector.unittesting.matchers.reasons.FieldAssumptionsTest
Tests run: 8, Failures: 0, Errors: 0, Skipped: 0, Time elapsed: 0.48 sec
Running org.mutabilitydetector.unittesting.matchers.reasons.WithAllowedReasonsMatcherTest
Tests run: 8, Failures: 0, Errors: 0, Skipped: 0, Time elapsed: 0.056 sec
Running org.mutabilitydetector.unittesting.matchers.reasons.AllowingNonFinalFieldsTest
Tests run: 2, Failures: 0, Errors: 0, Skipped: 0, Time elapsed: 0 sec
Running org.mutabilitydetector.unittesting.matchers.reasons.AssumingArrayFieldsTest
Tests run: 5, Failures: 0, Errors: 0, Skipped: 0, Time elapsed: 0.107 sec
Running org.mutabilitydetector.unittesting.matchers.reasons.ProvidedOtherClassTest
Tests run: 10, Failures: 0, Errors: 0, Skipped: 0, Time elapsed: 0.005 sec
Running org.mutabilitydetector.unittesting.matchers.IsImmutableMatcherTest
Tests run: 3, Failures: 0, Errors: 0, Skipped: 0, Time elapsed: 0 sec
Running org.mutabilitydetector.unittesting.AllowedReasonTest
Tests run: 6, Failures: 0, Errors: 0, Skipped: 0, Time elapsed: 0.003 sec
Running org.mutabilitydetector.WellKnownJavaTypesTest
Tests run: 13, Failures: 0, Errors: 0, Skipped: 0, Time elapsed: 0.324 sec
Running org.mutabilitydetector.benchmarks.CollectionWithMutableElementTypeToFieldCheckerTest
Tests run: 10, Failures: 0, Errors: 0, Skipped: 1, Time elapsed: 0.172 sec
Running org.mutabilitydetector.benchmarks.escapedthis.EscapedThisReferenceCheckerTest
Tests run: 13, Failures: 0, Errors: 0, Skipped: 1, Time elapsed: 0.251 sec
Running org.mutabilitydetector.benchmarks.StackOverflowInAnalysisTest
Tests run: 6, Failures: 0, Errors: 0, Skipped: 0, Time elapsed: 0.067 sec
Running org.mutabilitydetector.benchmarks.cyclic.CyclicReferenceAnalysisTest
Tests run: 7, Failures: 0, Errors: 0, Skipped: 0, Time elapsed: 0.029 sec
Running org.mutabilitydetector.benchmarks.cyclic.CyclicReferenceAnalysisOfBothImmutableTest
Tests run: 3, Failures: 0, Errors: 0, Skipped: 0, Time elapsed: 0.037 sec
Running org.mutabilitydetector.benchmarks.inheritance.TestSubclassingOfImmutableType
Tests run: 4, Failures: 0, Errors: 0, Skipped: 0, Time elapsed: 0 sec
Running org.mutabilitydetector.benchmarks.inheritance.TestSubclassingOfMutableType
Tests run: 6, Failures: 0, Errors: 0, Skipped: 0, Time elapsed: 0.001 sec
Running org.mutabilitydetector.benchmarks.settermethod.SetterMethodCheckerTest
Tests run: 17, Failures: 0, Errors: 0, Skipped: 0, Time elapsed: 0.49 sec
Running org.mutabilitydetector.benchmarks.visibility.NonFinalFieldsCheckerTest
Tests run: 3, Failures: 0, Errors: 0, Skipped: 0, Time elapsed: 0.026 sec
Running org.mutabilitydetector.benchmarks.mutabletofield.array.ArrayFieldMutabilityCheckerTest
Tests run: 4, Failures: 0, Errors: 0, Skipped: 1, Time elapsed: 0.025 sec
Running org.mutabilitydetector.benchmarks.mutabletofield.MutableTypeToFieldCheckerTest
Tests run: 22, Failures: 0, Errors: 0, Skipped: 0, Time elapsed: 0.76 sec
Running org.mutabilitydetector.benchmarks.InherentTypeMutabilityCheckerTest
Tests run: 5, Failures: 0, Errors: 0, Skipped: 0, Time elapsed: 0.097 sec
Running org.mutabilitydetector.benchmarks.PublishedNonFinalFieldCheckerTest
Tests run: 6, Failures: 0, Errors: 0, Skipped: 0, Time elapsed: 0.048 sec
Running org.mutabilitydetector.benchmarks.CanSubclassCheckerTest
Tests run: 6, Failures: 0, Errors: 0, Skipped: 0, Time elapsed: 0.063 sec
Running org.mutabilitydetector.MutabilityAsserterTest
Tests run: 4, Failures: 0, Errors: 0, Skipped: 0, Time elapsed: 0.031 sec
Running org.mutabilitydetector.ConfigurationTest
Tests run: 1, Failures: 0, Errors: 0, Skipped: 0, Time elapsed: 0 sec
Running org.mutabilitydetector.cli.CommandLineOptionsTest
Tests run: 13, Failures: 0, Errors: 0, Skipped: 0, Time elapsed: 0.008 sec
Running org.mutabilitydetector.cli.BatchAnalysisSessionTest
Tests run: 1, Failures: 0, Errors: 0, Skipped: 0, Time elapsed: 0.001 sec
Running org.mutabilitydetector.cli.SessionResultsFormatterTest
Tests run: 3, Failures: 0, Errors: 0, Skipped: 0, Time elapsed: 0.066 sec
Running org.mutabilitydetector.cli.ClassListToReportReaderTest
Tests run: 2, Failures: 0, Errors: 0, Skipped: 0, Time elapsed: 0.094 sec
Running org.mutabilitydetector.cli.ClassListReaderFactoryTest
Tests run: 2, Failures: 0, Errors: 0, Skipped: 0, Time elapsed: 0.001 sec
Running org.mutabilitydetector.cli.NamesFromClassResourcesTest
Tests run: 2, Failures: 0, Errors: 0, Skipped: 0, Time elapsed: 0.005 sec
Running org.mutabilitydetector.MutabilityReasonTest
Tests run: 3, Failures: 0, Errors: 0, Skipped: 0, Time elapsed: 0 sec

Results :

Tests run: 371, Failures: 0, Errors: 0, Skipped: 5

[INFO] ------------------------------------------------------------------------
[INFO] BUILD SUCCESS
[INFO] ------------------------------------------------------------------------
[INFO] Total time:  9.656 s
[INFO] Finished at: 2021-02-14T19:56:53Z
[INFO] ------------------------------------------------------------------------
