[INFO] Scanning for projects...
[INFO] ------------------------------------------------------------------------
[INFO] Reactor Build Order:
[INFO] 
[INFO] sensitive                                                          [pom]
[INFO] sensitive-api                                                      [jar]
[INFO] sensitive-annotation                                               [jar]
[INFO] sensitive-core                                                     [jar]
[INFO] sensitive-test                                                     [jar]
[INFO] 
[INFO] ---------------------< com.github.houbb:sensitive >---------------------
[INFO] Building sensitive 0.0.12-SNAPSHOT                                 [1/5]
[INFO] --------------------------------[ pom ]---------------------------------
[INFO] 
[INFO] --- maven-enforcer-plugin:1.0:enforce (enforce-maven) @ sensitive ---
[INFO] 
[INFO] -------------------< com.github.houbb:sensitive-api >-------------------
[INFO] Building sensitive-api 0.0.12-SNAPSHOT                             [2/5]
[INFO] --------------------------------[ jar ]---------------------------------
[INFO] 
[INFO] --- maven-enforcer-plugin:1.0:enforce (enforce-maven) @ sensitive-api ---
[INFO] 
[INFO] --- maven-resources-plugin:2.6:resources (default-resources) @ sensitive-api ---
[INFO] Using 'UTF-8' encoding to copy filtered resources.
[INFO] skip non existing resourceDirectory /workdir/sensitive/sensitive-api/src/main/resources
[INFO] 
[INFO] --- maven-compiler-plugin:3.2:compile (default-compile) @ sensitive-api ---
[INFO] Nothing to compile - all classes are up to date
[INFO] 
[INFO] --- maven-resources-plugin:2.6:testResources (default-testResources) @ sensitive-api ---
[INFO] Using 'UTF-8' encoding to copy filtered resources.
[INFO] skip non existing resourceDirectory /workdir/sensitive/sensitive-api/src/test/resources
[INFO] 
[INFO] --- maven-compiler-plugin:3.2:testCompile (default-testCompile) @ sensitive-api ---
[INFO] No sources to compile
[INFO] 
[INFO] --- maven-surefire-plugin:2.12.4:test (default-test) @ sensitive-api ---
[INFO] No tests to run.
[INFO] 
[INFO] ---------------< com.github.houbb:sensitive-annotation >----------------
[INFO] Building sensitive-annotation 0.0.12-SNAPSHOT                      [3/5]
[INFO] --------------------------------[ jar ]---------------------------------
[INFO] 
[INFO] --- maven-enforcer-plugin:1.0:enforce (enforce-maven) @ sensitive-annotation ---
[INFO] 
[INFO] --- maven-resources-plugin:2.6:resources (default-resources) @ sensitive-annotation ---
[INFO] Using 'UTF-8' encoding to copy filtered resources.
[INFO] skip non existing resourceDirectory /workdir/sensitive/sensitive-annotation/src/main/resources
[INFO] 
[INFO] --- maven-compiler-plugin:3.2:compile (default-compile) @ sensitive-annotation ---
[INFO] Nothing to compile - all classes are up to date
[INFO] 
[INFO] --- maven-resources-plugin:2.6:testResources (default-testResources) @ sensitive-annotation ---
[INFO] Using 'UTF-8' encoding to copy filtered resources.
[INFO] skip non existing resourceDirectory /workdir/sensitive/sensitive-annotation/src/test/resources
[INFO] 
[INFO] --- maven-compiler-plugin:3.2:testCompile (default-testCompile) @ sensitive-annotation ---
[INFO] No sources to compile
[INFO] 
[INFO] --- maven-surefire-plugin:2.12.4:test (default-test) @ sensitive-annotation ---
[INFO] No tests to run.
[INFO] 
[INFO] ------------------< com.github.houbb:sensitive-core >-------------------
[INFO] Building sensitive-core 0.0.12-SNAPSHOT                            [4/5]
[INFO] --------------------------------[ jar ]---------------------------------
[INFO] 
[INFO] --- maven-enforcer-plugin:1.0:enforce (enforce-maven) @ sensitive-core ---
[INFO] 
[INFO] --- maven-resources-plugin:2.6:resources (default-resources) @ sensitive-core ---
[INFO] Using 'UTF-8' encoding to copy filtered resources.
[INFO] skip non existing resourceDirectory /workdir/sensitive/sensitive-core/src/main/resources
[INFO] 
[INFO] --- maven-compiler-plugin:3.2:compile (default-compile) @ sensitive-core ---
[INFO] Changes detected - recompiling the module!
[INFO] Compiling 24 source files to /workdir/sensitive/sensitive-core/target/classes
[INFO] /workdir/sensitive/sensitive-core/src/main/java/com/github/houbb/sensitive/core/support/filter/DefaultContextValueFilter.java: Some input files use or override a deprecated API.
[INFO] /workdir/sensitive/sensitive-core/src/main/java/com/github/houbb/sensitive/core/support/filter/DefaultContextValueFilter.java: Recompile with -Xlint:deprecation for details.
[INFO] /workdir/sensitive/sensitive-core/src/main/java/com/github/houbb/sensitive/core/support/filter/DefaultContextValueFilter.java: /workdir/sensitive/sensitive-core/src/main/java/com/github/houbb/sensitive/core/support/filter/DefaultContextValueFilter.java uses unchecked or unsafe operations.
[INFO] /workdir/sensitive/sensitive-core/src/main/java/com/github/houbb/sensitive/core/support/filter/DefaultContextValueFilter.java: Recompile with -Xlint:unchecked for details.
[INFO] 
[INFO] --- maven-resources-plugin:2.6:testResources (default-testResources) @ sensitive-core ---
[INFO] Using 'UTF-8' encoding to copy filtered resources.
[INFO] skip non existing resourceDirectory /workdir/sensitive/sensitive-core/src/test/resources
[INFO] 
[INFO] --- maven-compiler-plugin:3.2:testCompile (default-testCompile) @ sensitive-core ---
[INFO] No sources to compile
[INFO] 
[INFO] --- maven-surefire-plugin:2.12.4:test (default-test) @ sensitive-core ---
[INFO] No tests to run.
[INFO] 
[INFO] ------------------< com.github.houbb:sensitive-test >-------------------
[INFO] Building sensitive-test 0.0.12-SNAPSHOT                            [5/5]
[INFO] --------------------------------[ jar ]---------------------------------
[INFO] 
[INFO] --- maven-enforcer-plugin:1.0:enforce (enforce-maven) @ sensitive-test ---
[INFO] 
[INFO] --- maven-resources-plugin:2.6:resources (default-resources) @ sensitive-test ---
[INFO] Using 'UTF-8' encoding to copy filtered resources.
[INFO] skip non existing resourceDirectory /workdir/sensitive/sensitive-test/src/main/resources
[INFO] 
[INFO] --- maven-compiler-plugin:3.2:compile (default-compile) @ sensitive-test ---
[INFO] No sources to compile
[INFO] 
[INFO] --- maven-resources-plugin:2.6:testResources (default-testResources) @ sensitive-test ---
[INFO] Using 'UTF-8' encoding to copy filtered resources.
[INFO] skip non existing resourceDirectory /workdir/sensitive/sensitive-test/src/test/resources
[INFO] 
[INFO] --- maven-compiler-plugin:3.2:testCompile (default-testCompile) @ sensitive-test ---
[INFO] Changes detected - recompiling the module!
[INFO] Compiling 44 source files to /workdir/sensitive/sensitive-test/target/test-classes
[INFO] 
[INFO] --- maven-surefire-plugin:2.12.4:test (default-test) @ sensitive-test ---
[INFO] Surefire report directory: /workdir/sensitive/sensitive-test/target/surefire-reports

-------------------------------------------------------
 T E S T S
-------------------------------------------------------
Running com.github.houbb.sensitive.test.bs.SensitiveBsTest
Tests run: 3, Failures: 0, Errors: 0, Skipped: 0, Time elapsed: 0.153 sec
Running com.github.houbb.sensitive.test.benchmark.SensitiveBenchmarkTest
Tests run: 1, Failures: 0, Errors: 0, Skipped: 1, Time elapsed: 0.001 sec
Running com.github.houbb.sensitive.test.core.sensitive.custom.CustomAnnotationTest
Tests run: 4, Failures: 0, Errors: 0, Skipped: 0, Time elapsed: 0.01 sec
Running com.github.houbb.sensitive.test.core.sensitive.SensitiveTest
Tests run: 2, Failures: 0, Errors: 0, Skipped: 0, Time elapsed: 0.002 sec
Running com.github.houbb.sensitive.test.core.sensitive.entry.CustomSensitiveEntryTest
WARNING: An illegal reflective access operation has occurred
WARNING: Illegal reflective access by com.github.houbb.heaven.util.lang.reflect.ClassUtil (file:/home/maven/.m2/repository/com/github/houbb/heaven/0.1.105/heaven-0.1.105.jar) to field java.lang.String.value
WARNING: Please consider reporting this to the maintainers of com.github.houbb.heaven.util.lang.reflect.ClassUtil
WARNING: Use --illegal-access=warn to enable warnings of further illegal reflective access operations
WARNING: All illegal access operations will be denied in a future release
Tests run: 6, Failures: 0, Errors: 0, Skipped: 0, Time elapsed: 0.068 sec
Running com.github.houbb.sensitive.test.core.sensitive.entry.SensitiveEntryTest
Tests run: 6, Failures: 0, Errors: 0, Skipped: 0, Time elapsed: 0.024 sec
Running com.github.houbb.sensitive.test.core.sensitive.system.SystemBuiltInMixedTest
Tests run: 2, Failures: 0, Errors: 0, Skipped: 0, Time elapsed: 0.004 sec
Running com.github.houbb.sensitive.test.core.sensitive.system.SystemBuiltInTest
Tests run: 4, Failures: 0, Errors: 0, Skipped: 0, Time elapsed: 0.008 sec
Running com.github.houbb.sensitive.test.core.sensitive.system.SensitiveErrorSystemBiTest
Tests run: 2, Failures: 0, Errors: 0, Skipped: 0, Time elapsed: 0.004 sec
Running com.github.houbb.sensitive.test.core.sensitive.collection.SensitiveUtilCollectionTest
Tests run: 4, Failures: 0, Errors: 0, Skipped: 0, Time elapsed: 0.002 sec
Running com.github.houbb.sensitive.test.core.sensitive.condition.ConditionDefineTest
Tests run: 2, Failures: 0, Errors: 0, Skipped: 0, Time elapsed: 0.005 sec
Running com.github.houbb.sensitive.test.core.util.BeanUtilTest
Tests run: 1, Failures: 0, Errors: 0, Skipped: 0, Time elapsed: 0.002 sec
Running com.github.houbb.sensitive.test.core.util.SensitiveUtilTest
com.github.houbb.sensitive.test.model.bugs.Father@35ef1869
Tests run: 1, Failures: 0, Errors: 0, Skipped: 0, Time elapsed: 0.004 sec
Running com.github.houbb.sensitive.test.core.strategy.SensitiveStrategyUtilTest
Tests run: 5, Failures: 0, Errors: 0, Skipped: 0, Time elapsed: 0.003 sec

Results :

Tests run: 43, Failures: 0, Errors: 0, Skipped: 1

[INFO] ------------------------------------------------------------------------
[INFO] Reactor Summary for sensitive 0.0.12-SNAPSHOT:
[INFO] 
[INFO] sensitive .......................................... SUCCESS [  0.206 s]
[INFO] sensitive-api ...................................... SUCCESS [  0.283 s]
[INFO] sensitive-annotation ............................... SUCCESS [  0.029 s]
[INFO] sensitive-core ..................................... SUCCESS [  0.650 s]
[INFO] sensitive-test ..................................... SUCCESS [  0.884 s]
[INFO] ------------------------------------------------------------------------
[INFO] BUILD SUCCESS
[INFO] ------------------------------------------------------------------------
[INFO] Total time:  2.156 s
[INFO] Finished at: 2021-02-15T09:25:31Z
[INFO] ------------------------------------------------------------------------
