[INFO] Scanning for projects...
[INFO] ------------------------------------------------------------------------
[INFO] Reactor Build Order:
[INFO] 
[INFO] jnagmp-parent                                                      [pom]
[INFO] JNA GMP                                                            [jar]
[INFO] Bouncy Castle RSA                                                  [jar]
[INFO] 
[INFO] -----------------< com.squareup.jnagmp:jnagmp-parent >------------------
[INFO] Building jnagmp-parent 3.1.0-SNAPSHOT                              [1/3]
[INFO] --------------------------------[ pom ]---------------------------------
[INFO] 
[INFO] --- maven-enforcer-plugin:1.0:enforce (enforce-maven) @ jnagmp-parent ---
[INFO] 
[INFO] ---------------------< com.squareup.jnagmp:jnagmp >---------------------
[INFO] Building JNA GMP 3.1.0-SNAPSHOT                                    [2/3]
[INFO] --------------------------------[ jar ]---------------------------------
[INFO] 
[INFO] --- maven-enforcer-plugin:1.0:enforce (enforce-maven) @ jnagmp ---
[INFO] 
[INFO] --- maven-resources-plugin:2.6:resources (default-resources) @ jnagmp ---
[INFO] Using 'UTF-8' encoding to copy filtered resources.
[INFO] Copying 4 resources
[INFO] 
[INFO] --- maven-compiler-plugin:3.1:compile (default-compile) @ jnagmp ---
[INFO] Nothing to compile - all classes are up to date
[INFO] 
[INFO] --- maven-resources-plugin:2.6:testResources (default-testResources) @ jnagmp ---
[INFO] Using 'UTF-8' encoding to copy filtered resources.
[INFO] skip non existing resourceDirectory /workdir/jna-gmp/jnagmp/src/test/resources
[INFO] 
[INFO] --- maven-compiler-plugin:3.1:testCompile (default-testCompile) @ jnagmp ---
[INFO] Nothing to compile - all classes are up to date
[INFO] 
[INFO] --- maven-surefire-plugin:2.12.4:test (default-test) @ jnagmp ---
[INFO] Surefire report directory: /workdir/jna-gmp/jnagmp/target/surefire-reports

-------------------------------------------------------
 T E S T S
-------------------------------------------------------
Running com.squareup.jnagmp.GmpTest
Tests run: 19, Failures: 0, Errors: 0, Skipped: 0, Time elapsed: 0.701 sec
Running com.squareup.jnagmp.GmpIntegerTest
Tests run: 2, Failures: 0, Errors: 0, Skipped: 0, Time elapsed: 0.107 sec
Running com.squareup.jnagmp.LibGmpTest
Tests run: 11, Failures: 0, Errors: 0, Skipped: 0, Time elapsed: 0.101 sec

Results :

Tests run: 32, Failures: 0, Errors: 0, Skipped: 0

[INFO] 
[INFO] ----------------< com.squareup.jnagmp:bouncycastle-rsa >----------------
[INFO] Building Bouncy Castle RSA 3.1.0-SNAPSHOT                          [3/3]
[INFO] --------------------------------[ jar ]---------------------------------
[INFO] 
[INFO] --- maven-enforcer-plugin:1.0:enforce (enforce-maven) @ bouncycastle-rsa ---
[INFO] 
[INFO] --- maven-resources-plugin:2.6:resources (default-resources) @ bouncycastle-rsa ---
[INFO] Using 'UTF-8' encoding to copy filtered resources.
[INFO] skip non existing resourceDirectory /workdir/jna-gmp/bc-rsa/src/main/resources
[INFO] 
[INFO] --- maven-compiler-plugin:3.1:compile (default-compile) @ bouncycastle-rsa ---
[INFO] Nothing to compile - all classes are up to date
[INFO] 
[INFO] --- maven-resources-plugin:2.6:testResources (default-testResources) @ bouncycastle-rsa ---
[INFO] Using 'UTF-8' encoding to copy filtered resources.
[INFO] skip non existing resourceDirectory /workdir/jna-gmp/bc-rsa/src/test/resources
[INFO] 
[INFO] --- maven-compiler-plugin:3.1:testCompile (default-testCompile) @ bouncycastle-rsa ---
[INFO] Nothing to compile - all classes are up to date
[INFO] 
[INFO] --- maven-surefire-plugin:2.12.4:test (default-test) @ bouncycastle-rsa ---
[INFO] Surefire report directory: /workdir/jna-gmp/bc-rsa/target/surefire-reports

-------------------------------------------------------
 T E S T S
-------------------------------------------------------
Running com.squareup.crypto.rsa.NativeRSATest
Tests run: 2, Failures: 0, Errors: 0, Skipped: 0, Time elapsed: 0.162 sec

Results :

Tests run: 2, Failures: 0, Errors: 0, Skipped: 0

[INFO] ------------------------------------------------------------------------
[INFO] Reactor Summary for jnagmp-parent 3.1.0-SNAPSHOT:
[INFO] 
[INFO] jnagmp-parent ...................................... SUCCESS [  0.236 s]
[INFO] JNA GMP ............................................ SUCCESS [  1.554 s]
[INFO] Bouncy Castle RSA .................................. SUCCESS [  0.498 s]
[INFO] ------------------------------------------------------------------------
[INFO] BUILD SUCCESS
[INFO] ------------------------------------------------------------------------
[INFO] Total time:  2.381 s
[INFO] Finished at: 2021-02-15T00:45:04Z
[INFO] ------------------------------------------------------------------------
