[INFO] Scanning for projects...
[INFO] 
[INFO] ----------------------< com.garbagemule:mobarena >----------------------
[INFO] Building MobArena 0.105.1-SNAPSHOT
[INFO] --------------------------------[ jar ]---------------------------------
[INFO] 
[INFO] --- maven-resources-plugin:2.6:resources (default-resources) @ mobarena ---
[INFO] Using 'UTF-8' encoding to copy filtered resources.
[INFO] Copying 9 resources
[INFO] 
[INFO] --- maven-compiler-plugin:3.8.1:compile (default-compile) @ mobarena ---
[INFO] Nothing to compile - all classes are up to date
[INFO] 
[INFO] --- maven-resources-plugin:2.6:testResources (default-testResources) @ mobarena ---
[INFO] Using 'UTF-8' encoding to copy filtered resources.
[INFO] Copying 1 resource
[INFO] 
[INFO] --- maven-compiler-plugin:3.8.1:testCompile (default-testCompile) @ mobarena ---
[INFO] Nothing to compile - all classes are up to date
[INFO] 
[INFO] --- maven-surefire-plugin:2.12.4:test (default-test) @ mobarena ---
[INFO] Surefire report directory: /workdir/MobArena/target/surefire-reports

-------------------------------------------------------
 T E S T S
-------------------------------------------------------
Running com.garbagemule.MobArena.util.SlugsTest
Tests run: 10, Failures: 0, Errors: 0, Skipped: 0, Time elapsed: 0.05 sec
Running com.garbagemule.MobArena.things.RandomThingPickerParserTest
Tests run: 7, Failures: 0, Errors: 0, Skipped: 0, Time elapsed: 0.758 sec
Running com.garbagemule.MobArena.things.MoneyThingParserTest
Tests run: 5, Failures: 0, Errors: 0, Skipped: 0, Time elapsed: 0.251 sec
Running com.garbagemule.MobArena.things.ThingGroupPickerTest
Tests run: 1, Failures: 0, Errors: 0, Skipped: 0, Time elapsed: 0.01 sec
Running com.garbagemule.MobArena.things.ThingGroupPickerParserTest
Tests run: 7, Failures: 0, Errors: 0, Skipped: 0, Time elapsed: 0 sec
Running com.garbagemule.MobArena.things.CommandThingParserTest
Tests run: 8, Failures: 0, Errors: 0, Skipped: 0, Time elapsed: 0 sec
Running com.garbagemule.MobArena.things.PermissionThingParserTest
Tests run: 4, Failures: 0, Errors: 0, Skipped: 0, Time elapsed: 0.003 sec
Running com.garbagemule.MobArena.things.ThingPickerManagerTest
Tests run: 2, Failures: 0, Errors: 0, Skipped: 0, Time elapsed: 0.029 sec
Running com.garbagemule.MobArena.things.ItemStackThingParserTest
Tests run: 9, Failures: 0, Errors: 0, Skipped: 0, Time elapsed: 0.174 sec
Running com.garbagemule.MobArena.things.ParserUtilTest
Tests run: 23, Failures: 0, Errors: 0, Skipped: 0, Time elapsed: 0.02 sec
Running com.garbagemule.MobArena.things.RandomThingPickerTest
Tests run: 1, Failures: 0, Errors: 0, Skipped: 0, Time elapsed: 0.023 sec
Running com.garbagemule.MobArena.things.ThingManagerTest
Tests run: 4, Failures: 0, Errors: 0, Skipped: 0, Time elapsed: 0.031 sec
Running com.garbagemule.MobArena.signs.StoresNewSignTest
Tests run: 4, Failures: 0, Errors: 0, Skipped: 0, Time elapsed: 0.233 sec
Running com.garbagemule.MobArena.signs.RemovesSignAtLocationTest
Tests run: 2, Failures: 0, Errors: 0, Skipped: 0, Time elapsed: 0.018 sec
Running com.garbagemule.MobArena.signs.HandlesSignCreationTest
Tests run: 8, Failures: 0, Errors: 0, Skipped: 0, Time elapsed: 0.372 sec
Running com.garbagemule.MobArena.signs.InvokesSignActionTest
Tests run: 6, Failures: 0, Errors: 0, Skipped: 0, Time elapsed: 0.009 sec
Running com.garbagemule.MobArena.signs.HandlesSignClicksTest
Tests run: 4, Failures: 0, Errors: 0, Skipped: 0, Time elapsed: 0.14 sec
Running com.garbagemule.MobArena.signs.ArenaSignTest
Tests run: 2, Failures: 0, Errors: 0, Skipped: 0, Time elapsed: 0.08 sec
Running com.garbagemule.MobArena.signs.RedrawsArenaSignsTest
Tests run: 4, Failures: 0, Errors: 0, Skipped: 0, Time elapsed: 0.066 sec
Running com.garbagemule.MobArena.signs.HandlesSignDestructionTest
Tests run: 2, Failures: 0, Errors: 0, Skipped: 0, Time elapsed: 0.032 sec
Running com.garbagemule.MobArena.signs.RendersTemplateTest
Tests run: 9, Failures: 0, Errors: 0, Skipped: 0, Time elapsed: 0.057 sec
Running com.garbagemule.MobArena.PluginVersionCheckTest
Tests run: 37, Failures: 0, Errors: 0, Skipped: 0, Time elapsed: 0.017 sec
Running com.garbagemule.MobArena.ServerVersionCheckTest
Tests run: 7, Failures: 0, Errors: 0, Skipped: 0, Time elapsed: 0.071 sec

Results :

Tests run: 166, Failures: 0, Errors: 0, Skipped: 0

[INFO] ------------------------------------------------------------------------
[INFO] BUILD SUCCESS
[INFO] ------------------------------------------------------------------------
[INFO] Total time:  3.546 s
[INFO] Finished at: 2021-02-14T17:34:33Z
[INFO] ------------------------------------------------------------------------
