[INFO] Scanning for projects...
[INFO] 
[INFO] ----------------------< com.garbagemule:mobarena >----------------------
[INFO] Building MobArena 0.105.1-SNAPSHOT
[INFO] --------------------------------[ jar ]---------------------------------
Downloading from spigot-repo: https://hub.spigotmc.org/nexus/content/groups/public/org/bukkit/bukkit/1.13-R0.1-SNAPSHOT/maven-metadata.xml
Downloading from bstats-repo: http://repo.codemc.org/repository/maven-public/org/bukkit/bukkit/1.13-R0.1-SNAPSHOT/maven-metadata.xml
Downloading from jitpack.io: https://jitpack.io/org/bukkit/bukkit/1.13-R0.1-SNAPSHOT/maven-metadata.xml
Progress (1): 1.4 kB                    Downloaded from spigot-repo: https://hub.spigotmc.org/nexus/content/groups/public/org/bukkit/bukkit/1.13-R0.1-SNAPSHOT/maven-metadata.xml (1.4 kB at 2.1 kB/s)
Downloading from spigot-repo: https://hub.spigotmc.org/nexus/content/groups/public/org/bukkit/bukkit/1.13.1-R0.1-SNAPSHOT/maven-metadata.xml
Downloading from bstats-repo: http://repo.codemc.org/repository/maven-public/org/bukkit/bukkit/1.13.1-R0.1-SNAPSHOT/maven-metadata.xml
Downloading from jitpack.io: https://jitpack.io/org/bukkit/bukkit/1.13.1-R0.1-SNAPSHOT/maven-metadata.xml
Progress (1): 1.4 kB                    Downloaded from spigot-repo: https://hub.spigotmc.org/nexus/content/groups/public/org/bukkit/bukkit/1.13.1-R0.1-SNAPSHOT/maven-metadata.xml (1.4 kB at 3.6 kB/s)
[INFO] 
[INFO] --- maven-resources-plugin:2.6:resources (default-resources) @ mobarena ---
[INFO] Using 'UTF-8' encoding to copy filtered resources.
[INFO] Copying 9 resources
[INFO] 
[INFO] --- maven-compiler-plugin:3.8.1:compile (default-compile) @ mobarena ---
[INFO] Changes detected - recompiling the module!
[INFO] Compiling 245 source files to /workdir/MobArena/target/classes
[INFO] /workdir/MobArena/src/main/java/com/garbagemule/MobArena/commands/CommandHandler.java: Some input files use or override a deprecated API.
[INFO] /workdir/MobArena/src/main/java/com/garbagemule/MobArena/commands/CommandHandler.java: Recompile with -Xlint:deprecation for details.
[INFO] 
[INFO] --- maven-resources-plugin:2.6:testResources (default-testResources) @ mobarena ---
[INFO] Using 'UTF-8' encoding to copy filtered resources.
[INFO] Copying 1 resource
[INFO] 
[INFO] --- maven-compiler-plugin:3.8.1:testCompile (default-testCompile) @ mobarena ---
[INFO] Changes detected - recompiling the module!
[INFO] Compiling 23 source files to /workdir/MobArena/target/test-classes
[INFO] /workdir/MobArena/src/test/java/com/garbagemule/MobArena/signs/InvokesSignActionTest.java: Some input files use or override a deprecated API.
[INFO] /workdir/MobArena/src/test/java/com/garbagemule/MobArena/signs/InvokesSignActionTest.java: Recompile with -Xlint:deprecation for details.
[INFO] 
[INFO] --- maven-surefire-plugin:2.12.4:test (default-test) @ mobarena ---
[INFO] Surefire report directory: /workdir/MobArena/target/surefire-reports

-------------------------------------------------------
 T E S T S
-------------------------------------------------------
Running com.garbagemule.MobArena.util.SlugsTest
Tests run: 10, Failures: 0, Errors: 0, Skipped: 0, Time elapsed: 0.061 sec
Running com.garbagemule.MobArena.things.RandomThingPickerParserTest
Tests run: 7, Failures: 0, Errors: 0, Skipped: 0, Time elapsed: 0.937 sec
Running com.garbagemule.MobArena.things.MoneyThingParserTest
Tests run: 5, Failures: 0, Errors: 0, Skipped: 0, Time elapsed: 0.272 sec
Running com.garbagemule.MobArena.things.ThingGroupPickerTest
Tests run: 1, Failures: 0, Errors: 0, Skipped: 0, Time elapsed: 0.003 sec
Running com.garbagemule.MobArena.things.ThingGroupPickerParserTest
Tests run: 7, Failures: 0, Errors: 0, Skipped: 0, Time elapsed: 0.008 sec
Running com.garbagemule.MobArena.things.CommandThingParserTest
Tests run: 8, Failures: 0, Errors: 0, Skipped: 0, Time elapsed: 0.006 sec
Running com.garbagemule.MobArena.things.PermissionThingParserTest
Tests run: 4, Failures: 0, Errors: 0, Skipped: 0, Time elapsed: 0.003 sec
Running com.garbagemule.MobArena.things.ThingPickerManagerTest
Tests run: 2, Failures: 0, Errors: 0, Skipped: 0, Time elapsed: 0.023 sec
Running com.garbagemule.MobArena.things.ItemStackThingParserTest
Tests run: 9, Failures: 0, Errors: 0, Skipped: 0, Time elapsed: 0.222 sec
Running com.garbagemule.MobArena.things.ParserUtilTest
Tests run: 23, Failures: 0, Errors: 0, Skipped: 0, Time elapsed: 0.013 sec
Running com.garbagemule.MobArena.things.RandomThingPickerTest
Tests run: 1, Failures: 0, Errors: 0, Skipped: 0, Time elapsed: 0.034 sec
Running com.garbagemule.MobArena.things.ThingManagerTest
Tests run: 4, Failures: 0, Errors: 0, Skipped: 0, Time elapsed: 0.032 sec
Running com.garbagemule.MobArena.signs.StoresNewSignTest
Tests run: 4, Failures: 0, Errors: 0, Skipped: 0, Time elapsed: 0.219 sec
Running com.garbagemule.MobArena.signs.RemovesSignAtLocationTest
Tests run: 2, Failures: 0, Errors: 0, Skipped: 0, Time elapsed: 0.004 sec
Running com.garbagemule.MobArena.signs.HandlesSignCreationTest
Tests run: 8, Failures: 0, Errors: 0, Skipped: 0, Time elapsed: 0.332 sec
Running com.garbagemule.MobArena.signs.InvokesSignActionTest
Tests run: 6, Failures: 0, Errors: 0, Skipped: 0, Time elapsed: 0.007 sec
Running com.garbagemule.MobArena.signs.HandlesSignClicksTest
Tests run: 4, Failures: 0, Errors: 0, Skipped: 0, Time elapsed: 0.125 sec
Running com.garbagemule.MobArena.signs.ArenaSignTest
Tests run: 2, Failures: 0, Errors: 0, Skipped: 0, Time elapsed: 0.082 sec
Running com.garbagemule.MobArena.signs.RedrawsArenaSignsTest
Tests run: 4, Failures: 0, Errors: 0, Skipped: 0, Time elapsed: 0.06 sec
Running com.garbagemule.MobArena.signs.HandlesSignDestructionTest
Tests run: 2, Failures: 0, Errors: 0, Skipped: 0, Time elapsed: 0.024 sec
Running com.garbagemule.MobArena.signs.RendersTemplateTest
Tests run: 9, Failures: 0, Errors: 0, Skipped: 0, Time elapsed: 0.052 sec
Running com.garbagemule.MobArena.PluginVersionCheckTest
Tests run: 37, Failures: 0, Errors: 0, Skipped: 0, Time elapsed: 0.017 sec
Running com.garbagemule.MobArena.ServerVersionCheckTest
Tests run: 7, Failures: 0, Errors: 0, Skipped: 0, Time elapsed: 0.076 sec

Results :

Tests run: 166, Failures: 0, Errors: 0, Skipped: 0

[INFO] ------------------------------------------------------------------------
[INFO] BUILD SUCCESS
[INFO] ------------------------------------------------------------------------
[INFO] Total time:  8.431 s
[INFO] Finished at: 2021-02-14T17:33:45Z
[INFO] ------------------------------------------------------------------------
