[INFO] Scanning for projects...
[WARNING] 
[WARNING] Some problems were encountered while building the effective model for org.zeroturnaround:zt-process-killer:jar:1.11-SNAPSHOT
[WARNING] The expression ${version} is deprecated. Please use ${project.version} instead.
[WARNING] 
[WARNING] It is highly recommended to fix these problems because they threaten the stability of your build.
[WARNING] 
[WARNING] For this reason, future Maven versions might no longer support building such malformed projects.
[WARNING] 
[INFO] 
[INFO] ----------------< org.zeroturnaround:zt-process-killer >----------------
[INFO] Building ZT Process Killer 1.11-SNAPSHOT
[INFO] --------------------------------[ jar ]---------------------------------
[INFO] 
[INFO] --- maven-resources-plugin:2.6:resources (default-resources) @ zt-process-killer ---
[INFO] Using 'UTF-8' encoding to copy filtered resources.
[INFO] skip non existing resourceDirectory /workdir/zt-process-killer/src/main/resources
[INFO] 
[INFO] --- maven-compiler-plugin:3.5.1:compile (default-compile) @ zt-process-killer ---
[INFO] Changes detected - recompiling the module!
[INFO] Compiling 22 source files to /workdir/zt-process-killer/target/classes
[INFO] /workdir/zt-process-killer/src/main/java/org/zeroturnaround/process/win/W32API.java: Some input files use unchecked or unsafe operations.
[INFO] /workdir/zt-process-killer/src/main/java/org/zeroturnaround/process/win/W32API.java: Recompile with -Xlint:unchecked for details.
[INFO] 
[INFO] --- bnd-maven-plugin:5.1.2:bnd-process (default) @ zt-process-killer ---
[INFO] 
[INFO] --- maven-resources-plugin:2.6:testResources (default-testResources) @ zt-process-killer ---
[INFO] Using 'UTF-8' encoding to copy filtered resources.
[INFO] Copying 3 resources
[INFO] 
[INFO] --- maven-compiler-plugin:3.5.1:testCompile (default-testCompile) @ zt-process-killer ---
[INFO] Changes detected - recompiling the module!
[INFO] Compiling 13 source files to /workdir/zt-process-killer/target/test-classes
[INFO] 
[INFO] --- maven-surefire-plugin:2.12.4:test (default-test) @ zt-process-killer ---
[INFO] Surefire report directory: /workdir/zt-process-killer/target/surefire-reports

-------------------------------------------------------
 T E S T S
-------------------------------------------------------
Running org.zeroturnaround.process.test.PidUtilTest
WARNING: An illegal reflective access operation has occurred
WARNING: Illegal reflective access by org.zeroturnaround.process.SunPidUtil (file:/workdir/zt-process-killer/target/classes/) to field sun.management.RuntimeImpl.jvm
WARNING: Please consider reporting this to the maintainers of org.zeroturnaround.process.SunPidUtil
WARNING: Use --illegal-access=warn to enable warnings of further illegal reflective access operations
WARNING: All illegal access operations will be denied in a future release
Tests run: 3, Failures: 0, Errors: 0, Skipped: 0, Time elapsed: 0.342 sec
Running org.zeroturnaround.process.test.running.RunningPidUtilTest
Tests run: 1, Failures: 0, Errors: 0, Skipped: 0, Time elapsed: 2.118 sec
Running org.zeroturnaround.process.test.running.RunningProcessKillerTest
02:31:55 [ProcessUtil] Destroyed Java8Process(Process[pid=1952, exitValue=143]) gracefully in 2 ms.
02:32:09 [ProcessUtil] Destroyed UnixProcess(2058) gracefully in 1001 ms.
02:32:17 [ProcessUtil] Destroyed OrProcess[Java8Process(Process[pid=2163, exitValue=143]), UnixProcess(2163)] gracefully in 1 ms.
02:32:25 [ProcessUtil] Destroyed Java8Process(Process[pid=2186, exitValue=143]) gracefully in 2 ms.
02:32:38 [ProcessUtil] Destroyed UnixProcess(2213) gracefully in 1000 ms.
02:32:46 [ProcessUtil] Destroyed OrProcess[Java8Process(Process[pid=2238, exitValue=143]), UnixProcess(2238)] gracefully in 1 ms.
Tests run: 36, Failures: 0, Errors: 0, Skipped: 0, Time elapsed: 59.465 sec
Running org.zeroturnaround.process.test.FinishedProcessKillerTest
02:32:46 [ProcessUtil] Destroyed Java8Process(Process[pid=2241, exitValue=0]) gracefully in 0 ms.
02:32:46 [ProcessUtil] Destroyed UnixProcess(2241) gracefully in 0 ms.
02:32:47 [ProcessUtil] Destroyed OrProcess[Java8Process(Process[pid=2241, exitValue=0]), UnixProcess(2241)] gracefully in 0 ms.
Tests run: 21, Failures: 0, Errors: 0, Skipped: 0, Time elapsed: 0.112 sec

Results :

Tests run: 61, Failures: 0, Errors: 0, Skipped: 0

[INFO] ------------------------------------------------------------------------
[INFO] BUILD SUCCESS
[INFO] ------------------------------------------------------------------------
[INFO] Total time:  01:06 min
[INFO] Finished at: 2021-02-15T02:32:47Z
[INFO] ------------------------------------------------------------------------
