[INFO] Scanning for projects...
[WARNING] 
[WARNING] Some problems were encountered while building the effective model for org.zeroturnaround:zt-process-killer:jar:1.11-SNAPSHOT
[WARNING] The expression ${version} is deprecated. Please use ${project.version} instead.
[WARNING] 
[WARNING] It is highly recommended to fix these problems because they threaten the stability of your build.
[WARNING] 
[WARNING] For this reason, future Maven versions might no longer support building such malformed projects.
[WARNING] 
[INFO] 
[INFO] ----------------< org.zeroturnaround:zt-process-killer >----------------
[INFO] Building ZT Process Killer 1.11-SNAPSHOT
[INFO] --------------------------------[ jar ]---------------------------------
[INFO] 
[INFO] --- maven-resources-plugin:2.6:resources (default-resources) @ zt-process-killer ---
[INFO] Using 'UTF-8' encoding to copy filtered resources.
[INFO] skip non existing resourceDirectory /workdir/zt-process-killer/src/main/resources
[INFO] 
[INFO] --- maven-compiler-plugin:3.5.1:compile (default-compile) @ zt-process-killer ---
[INFO] Nothing to compile - all classes are up to date
[INFO] 
[INFO] --- bnd-maven-plugin:5.1.2:bnd-process (default) @ zt-process-killer ---
[INFO] 
[INFO] --- maven-resources-plugin:2.6:testResources (default-testResources) @ zt-process-killer ---
[INFO] Using 'UTF-8' encoding to copy filtered resources.
[INFO] Copying 3 resources
[INFO] 
[INFO] --- maven-compiler-plugin:3.5.1:testCompile (default-testCompile) @ zt-process-killer ---
[INFO] Changes detected - recompiling the module!
[INFO] Compiling 13 source files to /workdir/zt-process-killer/target/test-classes
[INFO] 
[INFO] --- maven-surefire-plugin:2.12.4:test (default-test) @ zt-process-killer ---
[INFO] Surefire report directory: /workdir/zt-process-killer/target/surefire-reports

-------------------------------------------------------
 T E S T S
-------------------------------------------------------
Running org.zeroturnaround.process.test.PidUtilTest
WARNING: An illegal reflective access operation has occurred
WARNING: Illegal reflective access by org.zeroturnaround.process.SunPidUtil (file:/workdir/zt-process-killer/target/classes/) to field sun.management.RuntimeImpl.jvm
WARNING: Please consider reporting this to the maintainers of org.zeroturnaround.process.SunPidUtil
WARNING: Use --illegal-access=warn to enable warnings of further illegal reflective access operations
WARNING: All illegal access operations will be denied in a future release
Tests run: 3, Failures: 0, Errors: 0, Skipped: 0, Time elapsed: 0.309 sec
Running org.zeroturnaround.process.test.running.RunningPidUtilTest
Tests run: 1, Failures: 0, Errors: 0, Skipped: 0, Time elapsed: 2.1 sec
Running org.zeroturnaround.process.test.running.RunningProcessKillerTest
02:36:38 [ProcessUtil] Destroyed Java8Process(Process[pid=4763, exitValue=143]) gracefully in 6 ms.
02:36:51 [ProcessUtil] Destroyed UnixProcess(4870) gracefully in 1001 ms.
02:37:00 [ProcessUtil] Destroyed OrProcess[Java8Process(Process[pid=4975, exitValue=143]), UnixProcess(4975)] gracefully in 1 ms.
02:37:08 [ProcessUtil] Destroyed Java8Process(Process[pid=4998, exitValue=143]) gracefully in 2 ms.
02:37:21 [ProcessUtil] Destroyed UnixProcess(5025) gracefully in 1000 ms.
02:37:29 [ProcessUtil] Destroyed OrProcess[Java8Process(Process[pid=5050, exitValue=143]), UnixProcess(5050)] gracefully in 2 ms.
Tests run: 36, Failures: 0, Errors: 0, Skipped: 0, Time elapsed: 59.501 sec
Running org.zeroturnaround.process.test.FinishedProcessKillerTest
02:37:29 [ProcessUtil] Destroyed Java8Process(Process[pid=5054, exitValue=0]) gracefully in 0 ms.
02:37:29 [ProcessUtil] Destroyed UnixProcess(5054) gracefully in 0 ms.
02:37:29 [ProcessUtil] Destroyed OrProcess[Java8Process(Process[pid=5054, exitValue=0]), UnixProcess(5054)] gracefully in 0 ms.
Tests run: 21, Failures: 0, Errors: 0, Skipped: 0, Time elapsed: 0.091 sec

Results :

Tests run: 61, Failures: 0, Errors: 0, Skipped: 0

[INFO] ------------------------------------------------------------------------
[INFO] BUILD SUCCESS
[INFO] ------------------------------------------------------------------------
[INFO] Total time:  01:04 min
[INFO] Finished at: 2021-02-15T02:37:29Z
[INFO] ------------------------------------------------------------------------
