[INFO] Scanning for projects...
[WARNING] 
[WARNING] Some problems were encountered while building the effective model for org.zeroturnaround:zt-process-killer:jar:1.11-SNAPSHOT
[WARNING] The expression ${version} is deprecated. Please use ${project.version} instead.
[WARNING] 
[WARNING] It is highly recommended to fix these problems because they threaten the stability of your build.
[WARNING] 
[WARNING] For this reason, future Maven versions might no longer support building such malformed projects.
[WARNING] 
[INFO] 
[INFO] ----------------< org.zeroturnaround:zt-process-killer >----------------
[INFO] Building ZT Process Killer 1.11-SNAPSHOT
[INFO] --------------------------------[ jar ]---------------------------------
[INFO] 
[INFO] --- maven-resources-plugin:2.6:resources (default-resources) @ zt-process-killer ---
[INFO] Using 'UTF-8' encoding to copy filtered resources.
[INFO] skip non existing resourceDirectory /workdir/zt-process-killer/src/main/resources
[INFO] 
[INFO] --- maven-compiler-plugin:3.5.1:compile (default-compile) @ zt-process-killer ---
[INFO] Nothing to compile - all classes are up to date
[INFO] 
[INFO] --- bnd-maven-plugin:5.1.2:bnd-process (default) @ zt-process-killer ---
[INFO] 
[INFO] --- maven-resources-plugin:2.6:testResources (default-testResources) @ zt-process-killer ---
[INFO] Using 'UTF-8' encoding to copy filtered resources.
[INFO] Copying 3 resources
[INFO] 
[INFO] --- maven-compiler-plugin:3.5.1:testCompile (default-testCompile) @ zt-process-killer ---
[INFO] Nothing to compile - all classes are up to date
[INFO] 
[INFO] --- maven-surefire-plugin:2.12.4:test (default-test) @ zt-process-killer ---
[INFO] Surefire report directory: /workdir/zt-process-killer/target/surefire-reports

-------------------------------------------------------
 T E S T S
-------------------------------------------------------
Running org.zeroturnaround.process.test.PidUtilTest
WARNING: An illegal reflective access operation has occurred
WARNING: Illegal reflective access by org.zeroturnaround.process.SunPidUtil (file:/workdir/zt-process-killer/target/classes/) to field sun.management.RuntimeImpl.jvm
WARNING: Please consider reporting this to the maintainers of org.zeroturnaround.process.SunPidUtil
WARNING: Use --illegal-access=warn to enable warnings of further illegal reflective access operations
WARNING: All illegal access operations will be denied in a future release
Tests run: 3, Failures: 0, Errors: 0, Skipped: 0, Time elapsed: 0.309 sec
Running org.zeroturnaround.process.test.running.RunningPidUtilTest
Tests run: 1, Failures: 0, Errors: 0, Skipped: 0, Time elapsed: 2.102 sec
Running org.zeroturnaround.process.test.running.RunningProcessKillerTest
02:39:00 [ProcessUtil] Destroyed Java8Process(Process[pid=6174, exitValue=143]) gracefully in 3 ms.
02:39:13 [ProcessUtil] Destroyed UnixProcess(6280) gracefully in 1001 ms.
02:39:22 [ProcessUtil] Destroyed OrProcess[Java8Process(Process[pid=6386, exitValue=143]), UnixProcess(6386)] gracefully in 1 ms.
02:39:30 [ProcessUtil] Destroyed Java8Process(Process[pid=6409, exitValue=143]) gracefully in 1 ms.
02:39:42 [ProcessUtil] Destroyed UnixProcess(6436) gracefully in 1001 ms.
02:39:50 [ProcessUtil] Destroyed OrProcess[Java8Process(Process[pid=6461, exitValue=143]), UnixProcess(6461)] gracefully in 3 ms.
Tests run: 36, Failures: 0, Errors: 0, Skipped: 0, Time elapsed: 58.49 sec
Running org.zeroturnaround.process.test.FinishedProcessKillerTest
02:39:50 [ProcessUtil] Destroyed Java8Process(Process[pid=6464, exitValue=0]) gracefully in 0 ms.
02:39:50 [ProcessUtil] Destroyed UnixProcess(6464) gracefully in 0 ms.
02:39:50 [ProcessUtil] Destroyed OrProcess[Java8Process(Process[pid=6464, exitValue=0]), UnixProcess(6464)] gracefully in 0 ms.
Tests run: 21, Failures: 0, Errors: 0, Skipped: 0, Time elapsed: 0.148 sec

Results :

Tests run: 61, Failures: 0, Errors: 0, Skipped: 0

[INFO] ------------------------------------------------------------------------
[INFO] BUILD SUCCESS
[INFO] ------------------------------------------------------------------------
[INFO] Total time:  01:02 min
[INFO] Finished at: 2021-02-15T02:39:51Z
[INFO] ------------------------------------------------------------------------
