[INFO] Scanning for projects...
[INFO] 
[INFO] ------------------------< com.pastdev:jsch-nio >------------------------
[INFO] Building JSch NIO FileSystem Implementation 1.0.15-SNAPSHOT
[INFO] --------------------------------[ jar ]---------------------------------
[INFO] 
[INFO] --- maven-enforcer-plugin:1.2:enforce (enforce-maven) @ jsch-nio ---
[INFO] 
[INFO] --- maven-resources-plugin:2.6:resources (default-resources) @ jsch-nio ---
[INFO] Using 'UTF-8' encoding to copy filtered resources.
[INFO] Copying 1 resource
[INFO] 
[INFO] --- maven-compiler-plugin:3.2:compile (default-compile) @ jsch-nio ---
[INFO] Nothing to compile - all classes are up to date
[INFO] 
[INFO] --- maven-resources-plugin:2.6:testResources (default-testResources) @ jsch-nio ---
[INFO] Using 'UTF-8' encoding to copy filtered resources.
[INFO] Copying 4 resources
[INFO] 
[INFO] --- maven-compiler-plugin:3.2:testCompile (default-testCompile) @ jsch-nio ---
[INFO] Nothing to compile - all classes are up to date
[INFO] 
[INFO] --- maven-surefire-plugin:2.12.4:test (default-test) @ jsch-nio ---
[INFO] Surefire report directory: /workdir/jsch-nio/target/surefire-reports

-------------------------------------------------------
 T E S T S
-------------------------------------------------------
Running com.pastdev.jsch.nio.file.UnixSshPathTest
Tests run: 1, Failures: 0, Errors: 0, Skipped: 1, Time elapsed: 0.209 sec
Running com.pastdev.jsch.nio.file.UnixSshSftpHybridFileSystemTest
Tests run: 1, Failures: 0, Errors: 0, Skipped: 1, Time elapsed: 0 sec
Running com.pastdev.jsch.nio.file.UnixSshFileSystemTest
Tests run: 1, Failures: 0, Errors: 0, Skipped: 1, Time elapsed: 0 sec
Running com.pastdev.jsch.nio.file.UnixSshFileSystemWatchServiceTest
Tests run: 1, Failures: 0, Errors: 0, Skipped: 1, Time elapsed: 0 sec

Results :

Tests run: 4, Failures: 0, Errors: 0, Skipped: 4

[INFO] ------------------------------------------------------------------------
[INFO] BUILD SUCCESS
[INFO] ------------------------------------------------------------------------
[INFO] Total time:  1.350 s
[INFO] Finished at: 2021-02-14T20:04:56Z
[INFO] ------------------------------------------------------------------------
