[INFO] Scanning for projects...
[INFO] Inspecting build with total of 1 modules...
[INFO] Installing Nexus Staging features:
[INFO]   ... total of 1 executions of maven-deploy-plugin replaced with nexus-staging-maven-plugin
[INFO] 
[INFO] ----------------< com.esri.geometry:esri-geometry-api >-----------------
[INFO] Building Esri Geometry API for Java 2.2.4
[INFO] --------------------------------[ jar ]---------------------------------
[INFO] 
[INFO] --- maven-resources-plugin:2.6:resources (default-resources) @ esri-geometry-api ---
[INFO] Using 'UTF-8' encoding to copy filtered resources.
[INFO] Copying 6 resources
[INFO] 
[INFO] --- maven-compiler-plugin:2.3.1:compile (default-compile) @ esri-geometry-api ---
[INFO] Nothing to compile - all classes are up to date
[INFO] 
[INFO] --- maven-resources-plugin:2.6:testResources (default-testResources) @ esri-geometry-api ---
[INFO] Using 'UTF-8' encoding to copy filtered resources.
[INFO] Copying 16 resources
[INFO] 
[INFO] --- maven-compiler-plugin:2.3.1:testCompile (default-testCompile) @ esri-geometry-api ---
[INFO] Nothing to compile - all classes are up to date
[INFO] 
[INFO] --- maven-surefire-plugin:2.12.4:test (default-test) @ esri-geometry-api ---
[INFO] Surefire report directory: /workdir/geometry-api-java/target/surefire-reports

-------------------------------------------------------
 T E S T S
-------------------------------------------------------
Running com.esri.core.geometry.TestOffset
Tests run: 3, Failures: 0, Errors: 0, Skipped: 0, Time elapsed: 0.138 sec
Running com.esri.core.geometry.TestIntervalTree
Tests run: 2, Failures: 0, Errors: 0, Skipped: 0, Time elapsed: 0.188 sec
Running com.esri.core.geometry.TestOGCContains
Tests run: 5, Failures: 0, Errors: 0, Skipped: 0, Time elapsed: 0.075 sec
Running com.esri.core.geometry.TestEditShape
Tests run: 1, Failures: 0, Errors: 0, Skipped: 0, Time elapsed: 0.011 sec
Running com.esri.core.geometry.TestEquals
Tests run: 5, Failures: 0, Errors: 0, Skipped: 0, Time elapsed: 0.003 sec
Running com.esri.core.geometry.TestUnion
Tests run: 4, Failures: 0, Errors: 0, Skipped: 0, Time elapsed: 0.013 sec
Running com.esri.core.geometry.TestGeneralize
Tests run: 3, Failures: 0, Errors: 0, Skipped: 0, Time elapsed: 0.001 sec
Running com.esri.core.geometry.TestFailed
Tests run: 2, Failures: 0, Errors: 0, Skipped: 0, Time elapsed: 0 sec
Running com.esri.core.geometry.TestOGCGeometryCollectionFlatten
Tests run: 1, Failures: 0, Errors: 0, Skipped: 0, Time elapsed: 0.003 sec
Running com.esri.core.geometry.TestOGCCentroid
Tests run: 6, Failures: 0, Errors: 0, Skipped: 0, Time elapsed: 0.006 sec
Running com.esri.core.geometry.TestInterpolateAttributes
Tests run: 5, Failures: 0, Errors: 0, Skipped: 0, Time elapsed: 0.004 sec
Running com.esri.core.geometry.TestJSonGeometry
Tests run: 1, Failures: 0, Errors: 0, Skipped: 0, Time elapsed: 0.001 sec
Running com.esri.core.geometry.TestOGCGeometryCollection
Tests run: 6, Failures: 0, Errors: 0, Skipped: 0, Time elapsed: 0.114 sec
Running com.esri.core.geometry.TestSerialization
Tests run: 10, Failures: 0, Errors: 0, Skipped: 0, Time elapsed: 0.06 sec
Running com.esri.core.geometry.TestTouch
Tests run: 16, Failures: 0, Errors: 0, Skipped: 0, Time elapsed: 0.017 sec
Running com.esri.core.geometry.TestPoint
Tests run: 6, Failures: 0, Errors: 0, Skipped: 0, Time elapsed: 0.009 sec
Running com.esri.core.geometry.TestMultiPoint
Tests run: 2, Failures: 0, Errors: 0, Skipped: 0, Time elapsed: 0.001 sec
Running com.esri.core.geometry.TestIntersection
Tests run: 17, Failures: 0, Errors: 0, Skipped: 0, Time elapsed: 0.06 sec
Running com.esri.core.geometry.TestDistance
Tests run: 5, Failures: 0, Errors: 0, Skipped: 0, Time elapsed: 0.005 sec
Running com.esri.core.geometry.TestJSonToGeomFromWkiOrWkt_CR177613
Tests run: 3, Failures: 0, Errors: 0, Skipped: 0, Time elapsed: 0.002 sec
Running com.esri.core.geometry.TestCentroid
Tests run: 11, Failures: 0, Errors: 0, Skipped: 0, Time elapsed: 0.004 sec
Running com.esri.core.geometry.TestWkbImportOnPostgresST
Tests run: 1, Failures: 0, Errors: 0, Skipped: 0, Time elapsed: 0.024 sec
Running com.esri.core.geometry.TestOGC
Tests run: 40, Failures: 0, Errors: 0, Skipped: 0, Time elapsed: 0.072 sec
Running com.esri.core.geometry.TestJsonParser
Tests run: 13, Failures: 0, Errors: 0, Skipped: 0, Time elapsed: 0.008 sec
Running com.esri.core.geometry.TestPolygonUtils
Tests run: 2, Failures: 0, Errors: 0, Skipped: 0, Time elapsed: 0.002 sec
Running com.esri.core.geometry.TestEstimateMemorySize
# WARNING: Unable to get Instrumentation. Dynamic Attach failed. You may add this JAR as -javaagent manually, or supply -Djdk.attach.allowAttachSelf
# WARNING: Unable to attach Serviceability Agent. You can try again with escalated privileges. Two options: a) use -Djol.tryWithSudo=true to try with sudo; b) echo 0 | sudo tee /proc/sys/kernel/yama/ptrace_scope
Tests run: 15, Failures: 0, Errors: 0, Skipped: 0, Time elapsed: 0.641 sec
Running com.esri.core.geometry.TestGeomToGeoJson
Tests run: 28, Failures: 0, Errors: 0, Skipped: 0, Time elapsed: 0.012 sec
Running com.esri.core.geometry.TestIntersect2
Tests run: 14, Failures: 0, Errors: 0, Skipped: 0, Time elapsed: 0.006 sec
Running com.esri.core.geometry.TestOGCDisjoint
Tests run: 4, Failures: 0, Errors: 0, Skipped: 0, Time elapsed: 0.037 sec
Running com.esri.core.geometry.TestRasterizedGeometry2D
Tests run: 1, Failures: 0, Errors: 0, Skipped: 0, Time elapsed: 0.031 sec
Running com.esri.core.geometry.TestWktParser
Tests run: 7, Failures: 0, Errors: 0, Skipped: 0, Time elapsed: 0.002 sec
Running com.esri.core.geometry.TestOGCDistance
Tests run: 1, Failures: 0, Errors: 0, Skipped: 0, Time elapsed: 0.001 sec
Running com.esri.core.geometry.TestMathUtils
Tests run: 1, Failures: 0, Errors: 0, Skipped: 0, Time elapsed: 0 sec
Running com.esri.core.geometry.TestSimplify
Tests run: 62, Failures: 0, Errors: 0, Skipped: 0, Time elapsed: 0.025 sec
Running com.esri.core.geometry.TestConvexHull
Tests run: 13, Failures: 0, Errors: 0, Skipped: 0, Time elapsed: 0.127 sec
Running com.esri.core.geometry.TestBuffer
Tests run: 7, Failures: 0, Errors: 0, Skipped: 0, Time elapsed: 0.056 sec
Running com.esri.core.geometry.TestAttributes
Tests run: 5, Failures: 0, Errors: 0, Skipped: 0, Time elapsed: 0.002 sec
Running com.esri.core.geometry.TestQuadTree
Tests run: 5, Failures: 0, Errors: 0, Skipped: 0, Time elapsed: 0.259 sec
Running com.esri.core.geometry.TestImportExport
Tests run: 28, Failures: 0, Errors: 0, Skipped: 0, Time elapsed: 0.015 sec
Running com.esri.core.geometry.TestEnvelope2DIntersector
Tests run: 2, Failures: 0, Errors: 0, Skipped: 0, Time elapsed: 0.042 sec
Running com.esri.core.geometry.TestDifference
Tests run: 4, Failures: 0, Errors: 0, Skipped: 0, Time elapsed: 0.004 sec
Running com.esri.core.geometry.TestRelation
Tests run: 59, Failures: 0, Errors: 0, Skipped: 0, Time elapsed: 0.119 sec
Running com.esri.core.geometry.TestCut
Tests run: 2, Failures: 0, Errors: 0, Skipped: 0, Time elapsed: 0.006 sec
Running com.esri.core.geometry.TestTreap
Tests run: 1, Failures: 0, Errors: 0, Skipped: 0, Time elapsed: 0 sec
Running com.esri.core.geometry.TestSpatialReference
Tests run: 1, Failures: 0, Errors: 0, Skipped: 0, Time elapsed: 0.001 sec
Running com.esri.core.geometry.TestPolygon
Tests run: 31, Failures: 0, Errors: 0, Skipped: 0, Time elapsed: 0.005 sec
Running com.esri.core.geometry.TestGeodetic
Tests run: 4, Failures: 0, Errors: 0, Skipped: 0, Time elapsed: 0.004 sec
Running com.esri.core.geometry.TestEnvelope
Tests run: 6, Failures: 0, Errors: 0, Skipped: 0, Time elapsed: 0.001 sec
Running com.esri.core.geometry.TestWKBSupport
Tests run: 3, Failures: 0, Errors: 0, Skipped: 0, Time elapsed: 0.001 sec
Running com.esri.core.geometry.TestContains
Tests run: 1, Failures: 0, Errors: 0, Skipped: 0, Time elapsed: 0.003 sec
Running com.esri.core.geometry.TestClip
Tests run: 6, Failures: 0, Errors: 0, Skipped: 0, Time elapsed: 0.001 sec
Running com.esri.core.geometry.TestGeomToJSonExportSRFromWkiOrWkt_CR181369
Tests run: 1, Failures: 0, Errors: 0, Skipped: 0, Time elapsed: 0.001 sec
Running com.esri.core.geometry.TestProximity2D
Tests run: 4, Failures: 0, Errors: 0, Skipped: 0, Time elapsed: 0.008 sec
Running com.esri.core.geometry.TestOGCReduceFromMulti
Tests run: 4, Failures: 0, Errors: 0, Skipped: 0, Time elapsed: 0.002 sec
Running com.esri.core.geometry.TestWkid
Tests run: 2, Failures: 0, Errors: 0, Skipped: 0, Time elapsed: 0 sec
Running com.esri.core.geometry.TestCommonMethods
Tests run: 1, Failures: 0, Errors: 0, Skipped: 0, Time elapsed: 0 sec

Results :

Tests run: 493, Failures: 0, Errors: 0, Skipped: 0

[INFO] ------------------------------------------------------------------------
[INFO] BUILD SUCCESS
[INFO] ------------------------------------------------------------------------
[INFO] Total time:  3.419 s
[INFO] Finished at: 2021-02-14T19:13:22Z
[INFO] ------------------------------------------------------------------------
