[INFO] Scanning for projects...
[INFO] 
[INFO] ------------------< com.github.js-cookie:java-cookie >------------------
[INFO] Building Java Cookie 0.1.0
[INFO] --------------------------------[ jar ]---------------------------------
[INFO] 
[INFO] --- frontend-maven-plugin:1.10.0:install-node-and-npm (install node and npm) @ java-cookie ---
[INFO] Node v12.18.2 is already installed.
[INFO] 
[INFO] --- frontend-maven-plugin:1.10.0:npm (npm install) @ java-cookie ---
[INFO] Running 'npm install' in /workdir/java-cookie
[INFO] audited 1 package in 0.823s
[INFO] found 0 vulnerabilities
[INFO] 
[INFO] 
[INFO] --- frontend-maven-plugin:1.10.0:bower (bower install) @ java-cookie ---
[INFO] Running 'bower install' in /workdir/java-cookie
[INFO] 
[INFO] --- frontend-maven-plugin:1.10.0:npm (npm test) @ java-cookie ---
[INFO] Running 'npm test' in /workdir/java-cookie
[INFO] 
[INFO] > java-cookie@1.0.0 test /workdir/java-cookie
[INFO] > cd bower_components/js-cookie && ../../node/node "../../node/node_modules/npm/bin/npm-cli.js" install
[INFO] 
[INFO] audited 754 packages in 3.207s
[INFO] 
[INFO] 39 packages are looking for funding
[INFO]   run `npm fund` for details
[INFO] 
[INFO] found 215 vulnerabilities (84 low, 46 moderate, 84 high, 1 critical)
[INFO]   run `npm audit fix` to fix them, or `npm audit` for details
[INFO] 
[INFO] --- maven-resources-plugin:2.6:resources (default-resources) @ java-cookie ---
[INFO] Using 'UTF-8' encoding to copy filtered resources.
[INFO] skip non existing resourceDirectory /workdir/java-cookie/src/main/resources
[INFO] 
[INFO] --- maven-compiler-plugin:3.8.1:compile (default-compile) @ java-cookie ---
[INFO] Nothing to compile - all classes are up to date
[INFO] 
[INFO] --- maven-resources-plugin:2.6:testResources (default-testResources) @ java-cookie ---
[INFO] Using 'UTF-8' encoding to copy filtered resources.
[INFO] Copying 2 resources
[INFO] 
[INFO] --- maven-compiler-plugin:3.8.1:testCompile (default-testCompile) @ java-cookie ---
[INFO] Nothing to compile - all classes are up to date
[INFO] 
[INFO] --- maven-dependency-plugin:2.8:unpack (unpack) @ java-cookie ---
[INFO] Configured Artifact: org.wildfly:wildfly-dist:20.0.1.Final:zip
[INFO] wildfly-dist-20.0.1.Final.zip already unpacked.
[INFO] 
[INFO] --- maven-surefire-plugin:2.12.4:test (default-test) @ java-cookie ---
[INFO] Surefire report directory: /workdir/java-cookie/target/surefire-reports

-------------------------------------------------------
 T E S T S
-------------------------------------------------------
Running com.github.jscookie.javacookie.test.unit.CookiesJSONReadTest
WARNING: An illegal reflective access operation has occurred
WARNING: Illegal reflective access by org.mockito.cglib.core.ReflectUtils$2 (file:/home/maven/.m2/repository/org/mockito/mockito-all/2.0.2-beta/mockito-all-2.0.2-beta.jar) to method java.lang.ClassLoader.defineClass(java.lang.String,byte[],int,int,java.security.ProtectionDomain)
WARNING: Please consider reporting this to the maintainers of org.mockito.cglib.core.ReflectUtils$2
WARNING: Use --illegal-access=warn to enable warnings of further illegal reflective access operations
WARNING: All illegal access operations will be denied in a future release
Tests run: 7, Failures: 0, Errors: 0, Skipped: 0, Time elapsed: 0.339 sec
Running com.github.jscookie.javacookie.test.unit.CookiesDecodingTest
Tests run: 2, Failures: 0, Errors: 0, Skipped: 0, Time elapsed: 0 sec
Running com.github.jscookie.javacookie.test.unit.CookiesConverterTest
Warning: Nashorn engine is planned to be removed from a future JDK release
Warning: Nashorn engine is planned to be removed from a future JDK release
Warning: Nashorn engine is planned to be removed from a future JDK release
Warning: Nashorn engine is planned to be removed from a future JDK release
Tests run: 2, Failures: 0, Errors: 0, Skipped: 0, Time elapsed: 0.372 sec
Running com.github.jscookie.javacookie.test.unit.CookiesEncodingTest
Tests run: 7, Failures: 0, Errors: 0, Skipped: 0, Time elapsed: 0.018 sec
Running com.github.jscookie.javacookie.test.unit.CookiesJSONWriteTest
Tests run: 6, Failures: 0, Errors: 0, Skipped: 0, Time elapsed: 0.015 sec
Running com.github.jscookie.javacookie.test.unit.CookiesWriteTest
Tests run: 9, Failures: 0, Errors: 0, Skipped: 0, Time elapsed: 0.035 sec
Running com.github.jscookie.javacookie.test.unit.CookiesReadTest
Tests run: 3, Failures: 0, Errors: 0, Skipped: 0, Time elapsed: 0.002 sec

Results :

Tests run: 36, Failures: 0, Errors: 0, Skipped: 0

[INFO] ------------------------------------------------------------------------
[INFO] BUILD SUCCESS
[INFO] ------------------------------------------------------------------------
[INFO] Total time:  8.412 s
[INFO] Finished at: 2021-02-15T03:01:25Z
[INFO] ------------------------------------------------------------------------
