[INFO] Scanning for projects...
[INFO] 
[INFO] ----------------------< com.worksap.nlp:sudachi >-----------------------
[INFO] Building Sudachi Japanese Morphological Analyzer 0.5.1-SNAPSHOT
[INFO] --------------------------------[ jar ]---------------------------------
[INFO] 
[INFO] --- spotless-maven-plugin:1.23.0:check (check-code-format) @ sudachi ---
[INFO] 
[INFO] --- maven-resources-plugin:2.6:resources (default-resources) @ sudachi ---
[INFO] Using 'UTF-8' encoding to copy filtered resources.
[INFO] Copying 6 resources
[INFO] 
[INFO] --- maven-compiler-plugin:3.1:compile (default-compile) @ sudachi ---
[INFO] Nothing to compile - all classes are up to date
[INFO] 
[INFO] --- maven-resources-plugin:2.6:testResources (default-testResources) @ sudachi ---
[INFO] Using 'UTF-8' encoding to copy filtered resources.
[INFO] Copying 7 resources
[INFO] 
[INFO] --- exec-maven-plugin:1.6.0:java (build-system-dict-for-test) @ sudachi ---
reading the source file... 39 words
writing the POS table... 266 bytes
writing the connection matrix... 204 bytes
building the trie.........done
writing the trie... 3,076 bytes
writing the word-ID table... 198 bytes
writing the word parameters... 238 bytes
writing the wordInfos... 2,611 bytes
writing wordInfo offsets... 156 bytes
[INFO] 
[INFO] --- exec-maven-plugin:1.6.0:java (build-user-dict-for-test) @ sudachi ---
reading the source file... 4 words
writing the POS table... 62 bytes
writing the connection matrix... 4 bytes
building the trie....done
writing the trie... 1,028 bytes
writing the word-ID table... 24 bytes
writing the word parameters... 28 bytes
writing the wordInfos... 126 bytes
writing wordInfo offsets... 16 bytes
[INFO] 
[INFO] --- exec-maven-plugin:1.6.0:java (build-user2-dict-for-test) @ sudachi ---
[INFO] 
[INFO] --- maven-compiler-plugin:3.1:testCompile (default-testCompile) @ sudachi ---
[INFO] Nothing to compile - all classes are up to date
[INFO] 
[INFO] --- maven-surefire-plugin:2.12.4:test (default-test) @ sudachi ---
[INFO] Surefire report directory: /workdir/Sudachi/target/surefire-reports

-------------------------------------------------------
 T E S T S
-------------------------------------------------------
Running com.worksap.nlp.sudachi.MeCabOovProviderPluginTest
Tests run: 19, Failures: 0, Errors: 0, Skipped: 0, Time elapsed: 0.087 sec
Running com.worksap.nlp.sudachi.DefaultInputTextPluginTest
Tests run: 6, Failures: 0, Errors: 0, Skipped: 0, Time elapsed: 0.061 sec
Running com.worksap.nlp.sudachi.SettingsTest
Tests run: 25, Failures: 0, Errors: 0, Skipped: 0, Time elapsed: 0.041 sec
Running com.worksap.nlp.sudachi.JoinKatakanaOovPluginTest
Tests run: 5, Failures: 0, Errors: 0, Skipped: 0, Time elapsed: 0.049 sec
Running com.worksap.nlp.sudachi.dictionary.DictionaryHeaderPrinterTest
Tests run: 3, Failures: 0, Errors: 0, Skipped: 0, Time elapsed: 0.039 sec
Running com.worksap.nlp.sudachi.dictionary.GrammarImplTest
Tests run: 8, Failures: 0, Errors: 0, Skipped: 0, Time elapsed: 0.008 sec
Running com.worksap.nlp.sudachi.dictionary.DictionaryPrinterTest
Tests run: 4, Failures: 0, Errors: 0, Skipped: 0, Time elapsed: 0.021 sec
Running com.worksap.nlp.sudachi.dictionary.CSVParserTest
Tests run: 6, Failures: 0, Errors: 0, Skipped: 0, Time elapsed: 0.009 sec
Running com.worksap.nlp.sudachi.dictionary.DictionaryBuilderTest
Tests run: 18, Failures: 0, Errors: 0, Skipped: 0, Time elapsed: 0.06 sec
Running com.worksap.nlp.sudachi.dictionary.UserDictionaryBuilderTest
Tests run: 2, Failures: 0, Errors: 0, Skipped: 0, Time elapsed: 0.008 sec
Running com.worksap.nlp.sudachi.dictionary.DoubleArrayLexiconTest
Tests run: 5, Failures: 0, Errors: 0, Skipped: 0, Time elapsed: 0.008 sec
Running com.worksap.nlp.sudachi.dictionary.CharacterCategoryTest
Tests run: 6, Failures: 0, Errors: 0, Skipped: 0, Time elapsed: 0.007 sec
Running com.worksap.nlp.sudachi.dictionary.DictionaryHeaderTest
Tests run: 3, Failures: 0, Errors: 0, Skipped: 0, Time elapsed: 0.005 sec
Running com.worksap.nlp.sudachi.InhibitConnectionPluginTest
Tests run: 1, Failures: 0, Errors: 0, Skipped: 0, Time elapsed: 0.002 sec
Running com.worksap.nlp.sudachi.JapaneseTokenizerTest
Tests run: 13, Failures: 0, Errors: 0, Skipped: 0, Time elapsed: 1.108 sec
Running com.worksap.nlp.sudachi.NumericParserTest
Tests run: 9, Failures: 0, Errors: 0, Skipped: 0, Time elapsed: 0.003 sec
Running com.worksap.nlp.sudachi.SudachiCommandLineTest
Tests run: 8, Failures: 0, Errors: 0, Skipped: 0, Time elapsed: 0.062 sec
Running com.worksap.nlp.sudachi.sentdetect.SentenceDetectorTest
Tests run: 7, Failures: 0, Errors: 0, Skipped: 0, Time elapsed: 0.003 sec
Running com.worksap.nlp.sudachi.JoinNumericPluginTest
Tests run: 7, Failures: 0, Errors: 0, Skipped: 0, Time elapsed: 0.021 sec
Running com.worksap.nlp.sudachi.MMapTest
Tests run: 4, Failures: 0, Errors: 0, Skipped: 0, Time elapsed: 0.004 sec
Running com.worksap.nlp.sudachi.UserDictionaryTest
Tests run: 4, Failures: 0, Errors: 0, Skipped: 0, Time elapsed: 0.025 sec
Running com.worksap.nlp.sudachi.UTF8InputTextTest
Tests run: 18, Failures: 0, Errors: 0, Skipped: 0, Time elapsed: 0.041 sec
Running com.worksap.nlp.sudachi.ProlongedSoundMarkInputTextPluginTest
Tests run: 5, Failures: 0, Errors: 0, Skipped: 0, Time elapsed: 0.006 sec
Running com.worksap.nlp.sudachi.JapaneseDictionaryTest
Tests run: 5, Failures: 0, Errors: 0, Skipped: 0, Time elapsed: 0.016 sec

Results :

Tests run: 191, Failures: 0, Errors: 0, Skipped: 0

[INFO] ------------------------------------------------------------------------
[INFO] BUILD SUCCESS
[INFO] ------------------------------------------------------------------------
[INFO] Total time:  5.020 s
[INFO] Finished at: 2021-02-15T07:36:25Z
[INFO] ------------------------------------------------------------------------
