[INFO] Scanning for projects...
[WARNING] 
[WARNING] Some problems were encountered while building the effective model for io.gsonfire:gson-fire:jar:1.8.5
[WARNING] 'build.plugins.plugin.version' for biz.aQute.bnd:bnd-maven-plugin is missing. @ line 118, column 21
[WARNING] 
[WARNING] It is highly recommended to fix these problems because they threaten the stability of your build.
[WARNING] 
[WARNING] For this reason, future Maven versions might no longer support building such malformed projects.
[WARNING] 
[INFO] Inspecting build with total of 1 modules...
[INFO] Installing Nexus Staging features:
[INFO]   ... total of 1 executions of maven-deploy-plugin replaced with nexus-staging-maven-plugin
[INFO] 
[INFO] -----------------------< io.gsonfire:gson-fire >------------------------
[INFO] Building Gson on Fire! 1.8.5
[INFO] --------------------------------[ jar ]---------------------------------
[INFO] 
[INFO] --- maven-resources-plugin:2.6:resources (default-resources) @ gson-fire ---
[INFO] Using 'UTF-8' encoding to copy filtered resources.
[INFO] skip non existing resourceDirectory /workdir/gson-fire/src/main/resources
[INFO] 
[INFO] --- maven-compiler-plugin:3.1:compile (default-compile) @ gson-fire ---
[INFO] Nothing to compile - all classes are up to date
[INFO] 
[INFO] --- bnd-maven-plugin:5.2.0:bnd-process (default) @ gson-fire ---
[WARNING] Cannot consider developer in line '26' of file '/workdir/gson-fire/pom.xml' for bundle header 'Bundle-Developers' as it does not contain the mandatory id.
[WARNING] /workdir/gson-fire/bnd.bnd [13:52]: No value specified for key: io.gsonfire.annotations. An empty value should be specified as 'io.gsonfire.annotations:' or 'io.gsonfire.annotations=': <<    io.gsonfire.annotations
    io.gsonfire.builders>>
[WARNING] /workdir/gson-fire/bnd.bnd [13:24]: No value specified for key: io.gsonfire.builders. An empty value should be specified as 'io.gsonfire.builders:' or 'io.gsonfire.builders=': <<    io.gsonfire.builders>>
[WARNING] /workdir/gson-fire/bnd.bnd [0:0]: Export io.gsonfire,  has 2,  private references [io.gsonfire.gson, io.gsonfire.util]
[WARNING] /workdir/gson-fire/bnd.bnd [0:0]: No translation found for macro: project.parent.url
[INFO] 
[INFO] --- maven-resources-plugin:2.6:testResources (default-testResources) @ gson-fire ---
[INFO] Using 'UTF-8' encoding to copy filtered resources.
[INFO] skip non existing resourceDirectory /workdir/gson-fire/src/test/resources
[INFO] 
[INFO] --- maven-compiler-plugin:3.1:testCompile (default-testCompile) @ gson-fire ---
[INFO] Nothing to compile - all classes are up to date
[INFO] 
[INFO] --- maven-surefire-plugin:2.12.4:test (default-test) @ gson-fire ---
[INFO] Surefire report directory: /workdir/gson-fire/target/surefire-reports

-------------------------------------------------------
 T E S T S
-------------------------------------------------------
Running io.gsonfire.builders.JsonObjectBuilderTest
Tests run: 7, Failures: 0, Errors: 0, Skipped: 0, Time elapsed: 0.056 sec
Running io.gsonfire.util.RFC3339DateFormatTest
Tests run: 21, Failures: 0, Errors: 0, Skipped: 0, Time elapsed: 0.037 sec
Running io.gsonfire.util.IterableMapperTest
Tests run: 5, Failures: 0, Errors: 0, Skipped: 0, Time elapsed: 0.005 sec
Running io.gsonfire.util.reflection.CachedReflectionFactoryTest
Tests run: 1, Failures: 0, Errors: 0, Skipped: 0, Time elapsed: 0.002 sec
Running io.gsonfire.gson.PostProcessorTest
Tests run: 1, Failures: 0, Errors: 0, Skipped: 0, Time elapsed: 0.034 sec
Running io.gsonfire.gson.LenientPersistTest
Tests run: 2, Failures: 0, Errors: 0, Skipped: 0, Time elapsed: 0.003 sec
Running io.gsonfire.gson.WrapTest
Tests run: 2, Failures: 0, Errors: 0, Skipped: 0, Time elapsed: 0.007 sec
Running io.gsonfire.gson.MergeMapTest
Tests run: 1, Failures: 0, Errors: 0, Skipped: 0, Time elapsed: 0.004 sec
Running io.gsonfire.gson.HooksExceptionTest
Tests run: 3, Failures: 0, Errors: 0, Skipped: 0, Time elapsed: 0.006 sec
Running io.gsonfire.gson.EnumDefaultValueTest
Tests run: 4, Failures: 0, Errors: 0, Skipped: 0, Time elapsed: 0.006 sec
Running io.gsonfire.gson.NaNTest
Tests run: 2, Failures: 0, Errors: 0, Skipped: 0, Time elapsed: 0.003 sec
Running io.gsonfire.gson.PreProcessorTest
Tests run: 1, Failures: 0, Errors: 0, Skipped: 0, Time elapsed: 0.004 sec
Running io.gsonfire.gson.SimpleIterableTest
Tests run: 4, Failures: 0, Errors: 0, Skipped: 0, Time elapsed: 0.013 sec
Running io.gsonfire.gson.ExcludeByValueTest
Tests run: 2, Failures: 0, Errors: 0, Skipped: 0, Time elapsed: 0.005 sec
Running io.gsonfire.gson.DateSerializationTest
Tests run: 19, Failures: 0, Errors: 0, Skipped: 0, Time elapsed: 1.506 sec
Running io.gsonfire.gson.FireExclusionStrategyTest
Tests run: 1, Failures: 0, Errors: 0, Skipped: 0, Time elapsed: 0 sec
Running io.gsonfire.gson.ExposeMethodResultTest
Tests run: 4, Failures: 0, Errors: 0, Skipped: 0, Time elapsed: 0.006 sec
Running io.gsonfire.gson.TypeSelectorTest
Tests run: 2, Failures: 0, Errors: 0, Skipped: 0, Time elapsed: 0.004 sec
Running io.gsonfire.gson.HooksTest
Tests run: 6, Failures: 0, Errors: 0, Skipped: 0, Time elapsed: 0.034 sec
Running io.gsonfire.gson.ClassHierarchyTest
Tests run: 2, Failures: 0, Errors: 0, Skipped: 0, Time elapsed: 0.002 sec
Running io.gsonfire.gson.AnnotationInspectorTest
Tests run: 1, Failures: 0, Errors: 0, Skipped: 0, Time elapsed: 0.001 sec

Results :

Tests run: 91, Failures: 0, Errors: 0, Skipped: 0

[INFO] ------------------------------------------------------------------------
[INFO] BUILD SUCCESS
[INFO] ------------------------------------------------------------------------
[INFO] Total time:  3.303 s
[INFO] Finished at: 2021-02-14T19:53:30Z
[INFO] ------------------------------------------------------------------------
