[INFO] Scanning for projects...
[INFO] ------------------------------------------------------------------------
[INFO] Reactor Build Order:
[INFO] 
[INFO] MISO LIMS                                                          [pom]
[INFO] MISO Core                                                          [jar]
[INFO] MISO Integration Tools                                             [jar]
[INFO] miso-dto                                                           [jar]
[INFO] MISO SQL Store                                                     [jar]
[INFO] miso-service                                                       [jar]
[INFO] MISO MVC                                                           [war]
[INFO] pinery-miso                                                        [war]
[INFO] migration                                                          [jar]
[INFO] 
[INFO] ---------------------< uk.ac.bbsrc.tgac.miso:miso >---------------------
[INFO] Building MISO LIMS 1.17.1-SNAPSHOT                                 [1/9]
[INFO] --------------------------------[ pom ]---------------------------------
[INFO] 
[INFO] ---------------------< uk.ac.bbsrc.tgac.miso:core >---------------------
[INFO] Building MISO Core 1.17.1-SNAPSHOT                                 [2/9]
[INFO] --------------------------------[ jar ]---------------------------------
[INFO] 
[INFO] --- templating-maven-plugin:1.0.0:filter-sources (filtering-java-templates) @ core ---
[INFO] Coping files with filtering to temporary directory.
[INFO] Using 'UTF-8' encoding to copy filtered resources.
[INFO] Copying 1 resource
[INFO] No files needs to be copied to output directory. Up to date: /workdir/miso-lims/core/target/generated-sources/java-templates
[INFO] Source directory: /workdir/miso-lims/core/target/generated-sources/java-templates added.
[INFO] 
[INFO] --- maven-resources-plugin:2.6:resources (default-resources) @ core ---
[INFO] Using 'UTF-8' encoding to copy filtered resources.
[INFO] Copying 13 resources
[INFO] 
[INFO] --- maven-compiler-plugin:3.1:compile (default-compile) @ core ---
[INFO] Changes detected - recompiling the module!
[INFO] Compiling 514 source files to /workdir/miso-lims/core/target/classes
[WARNING] bootstrap class path not set in conjunction with -source 8
[WARNING] /workdir/miso-lims/core/src/main/java/uk/ac/bbsrc/tgac/miso/core/data/type/LibrarySelectionType.java: Some input files use or override a deprecated API.
[WARNING] /workdir/miso-lims/core/src/main/java/uk/ac/bbsrc/tgac/miso/core/data/type/LibrarySelectionType.java: Recompile with -Xlint:deprecation for details.
[WARNING] /workdir/miso-lims/core/src/main/java/uk/ac/bbsrc/tgac/miso/core/data/Pair.java: Some input files use unchecked or unsafe operations.
[WARNING] /workdir/miso-lims/core/src/main/java/uk/ac/bbsrc/tgac/miso/core/data/Pair.java: Recompile with -Xlint:unchecked for details.
[INFO] 
[INFO] --- maven-resources-plugin:2.6:testResources (default-testResources) @ core ---
[INFO] Using 'UTF-8' encoding to copy filtered resources.
[INFO] Copying 1 resource
[INFO] 
[INFO] --- maven-compiler-plugin:3.1:testCompile (default-testCompile) @ core ---
[INFO] Nothing to compile - all classes are up to date
[INFO] 
[INFO] --- maven-surefire-plugin:2.19.1:test (default-test) @ core ---

-------------------------------------------------------
 T E S T S
-------------------------------------------------------
Running uk.ac.bbsrc.tgac.miso.core.util.LimsUtilsTest
SLF4J: Failed to load class "org.slf4j.impl.StaticLoggerBinder".
SLF4J: Defaulting to no-operation (NOP) logger implementation
SLF4J: See http://www.slf4j.org/codes.html#StaticLoggerBinder for further details.
Tests run: 5, Failures: 0, Errors: 0, Skipped: 0, Time elapsed: 0.044 sec - in uk.ac.bbsrc.tgac.miso.core.util.LimsUtilsTest
Running uk.ac.bbsrc.tgac.miso.core.data.workflow.impl.TestWorkflowTest
Tests run: 15, Failures: 0, Errors: 0, Skipped: 0, Time elapsed: 0.033 sec - in uk.ac.bbsrc.tgac.miso.core.data.workflow.impl.TestWorkflowTest
Running uk.ac.bbsrc.tgac.miso.core.data.workflow.impl.ProgressImplTest
Tests run: 2, Failures: 0, Errors: 0, Skipped: 0, Time elapsed: 0.001 sec - in uk.ac.bbsrc.tgac.miso.core.data.workflow.impl.ProgressImplTest
Running uk.ac.bbsrc.tgac.miso.core.data.workflow.impl.LoadSequencerWorkflowTest
WARNING: An illegal reflective access operation has occurred
WARNING: Illegal reflective access by org.mockito.cglib.core.ReflectUtils$2 (file:/home/maven/.m2/repository/org/mockito/mockito-core/1.10.19/mockito-core-1.10.19.jar) to method java.lang.ClassLoader.defineClass(java.lang.String,byte[],int,int,java.security.ProtectionDomain)
WARNING: Please consider reporting this to the maintainers of org.mockito.cglib.core.ReflectUtils$2
WARNING: Use --illegal-access=warn to enable warnings of further illegal reflective access operations
WARNING: All illegal access operations will be denied in a future release
Tests run: 7, Failures: 0, Errors: 0, Skipped: 0, Time elapsed: 0.111 sec - in uk.ac.bbsrc.tgac.miso.core.data.workflow.impl.LoadSequencerWorkflowTest
Running uk.ac.bbsrc.tgac.miso.core.data.IdentityBuilderTest
Tests run: 2, Failures: 0, Errors: 0, Skipped: 0, Time elapsed: 0.019 sec - in uk.ac.bbsrc.tgac.miso.core.data.IdentityBuilderTest
Running uk.ac.bbsrc.tgac.miso.core.data.AbstractKitTest
Tests run: 1, Failures: 0, Errors: 0, Skipped: 0, Time elapsed: 0 sec - in uk.ac.bbsrc.tgac.miso.core.data.AbstractKitTest
Running uk.ac.bbsrc.tgac.miso.core.data.impl.PoolImplTest
Tests run: 3, Failures: 0, Errors: 0, Skipped: 0, Time elapsed: 0.009 sec - in uk.ac.bbsrc.tgac.miso.core.data.impl.PoolImplTest
Running uk.ac.bbsrc.tgac.miso.core.data.impl.IndexTest
Tests run: 5, Failures: 0, Errors: 0, Skipped: 0, Time elapsed: 0.002 sec - in uk.ac.bbsrc.tgac.miso.core.data.impl.IndexTest
Running uk.ac.bbsrc.tgac.miso.core.data.HierarchyEntityTest
Tests run: 1, Failures: 0, Errors: 0, Skipped: 0, Time elapsed: 0.001 sec - in uk.ac.bbsrc.tgac.miso.core.data.HierarchyEntityTest
Running uk.ac.bbsrc.tgac.miso.core.data.ExperimentTest
Tests run: 1, Failures: 0, Errors: 0, Skipped: 0, Time elapsed: 0.015 sec - in uk.ac.bbsrc.tgac.miso.core.data.ExperimentTest
Running uk.ac.bbsrc.tgac.miso.core.service.naming.generation.V2LibraryAliquotAliasGeneratorTest
Tests run: 3, Failures: 0, Errors: 0, Skipped: 0, Time elapsed: 0.01 sec - in uk.ac.bbsrc.tgac.miso.core.service.naming.generation.V2LibraryAliquotAliasGeneratorTest
Running uk.ac.bbsrc.tgac.miso.core.service.naming.generation.V2LibraryAliasGeneratorTest
Tests run: 4, Failures: 0, Errors: 0, Skipped: 0, Time elapsed: 0.008 sec - in uk.ac.bbsrc.tgac.miso.core.service.naming.generation.V2LibraryAliasGeneratorTest
Running uk.ac.bbsrc.tgac.miso.core.service.naming.generation.OicrLibraryAliquotAliasGeneratorTest
Tests run: 3, Failures: 0, Errors: 0, Skipped: 0, Time elapsed: 0.022 sec - in uk.ac.bbsrc.tgac.miso.core.service.naming.generation.OicrLibraryAliquotAliasGeneratorTest
Running uk.ac.bbsrc.tgac.miso.core.service.naming.generation.OicrLibraryAliasGeneratorTest
Tests run: 3, Failures: 0, Errors: 0, Skipped: 0, Time elapsed: 0.002 sec - in uk.ac.bbsrc.tgac.miso.core.service.naming.generation.OicrLibraryAliasGeneratorTest
Running uk.ac.bbsrc.tgac.miso.core.service.naming.generation.V2SampleAliasGeneratorTest
Tests run: 9, Failures: 0, Errors: 0, Skipped: 0, Time elapsed: 0.013 sec - in uk.ac.bbsrc.tgac.miso.core.service.naming.generation.V2SampleAliasGeneratorTest
Running uk.ac.bbsrc.tgac.miso.core.service.naming.generation.OicrSampleAliasGeneratorTest
Tests run: 9, Failures: 0, Errors: 0, Skipped: 0, Time elapsed: 0.006 sec - in uk.ac.bbsrc.tgac.miso.core.service.naming.generation.OicrSampleAliasGeneratorTest
Running uk.ac.bbsrc.tgac.miso.core.service.naming.generation.DefaultLibraryAliquotAliasGeneratorTest
Tests run: 1, Failures: 0, Errors: 0, Skipped: 0, Time elapsed: 0.001 sec - in uk.ac.bbsrc.tgac.miso.core.service.naming.generation.DefaultLibraryAliquotAliasGeneratorTest
Running uk.ac.bbsrc.tgac.miso.core.service.naming.validation.DefaultSampleAliasValidatorTest
Tests run: 1, Failures: 0, Errors: 0, Skipped: 0, Time elapsed: 0 sec - in uk.ac.bbsrc.tgac.miso.core.service.naming.validation.DefaultSampleAliasValidatorTest
Running uk.ac.bbsrc.tgac.miso.core.service.naming.validation.OicrSampleAliasValidatorTest
Tests run: 4, Failures: 0, Errors: 0, Skipped: 0, Time elapsed: 0.002 sec - in uk.ac.bbsrc.tgac.miso.core.service.naming.validation.OicrSampleAliasValidatorTest
Running uk.ac.bbsrc.tgac.miso.core.service.naming.validation.DefaultLibraryAliquotAliasValidatorTest
Tests run: 1, Failures: 0, Errors: 0, Skipped: 0, Time elapsed: 0 sec - in uk.ac.bbsrc.tgac.miso.core.service.naming.validation.DefaultLibraryAliquotAliasValidatorTest
Running uk.ac.bbsrc.tgac.miso.core.service.naming.validation.V2LibraryAliasValidatorTest
Tests run: 2, Failures: 0, Errors: 0, Skipped: 0, Time elapsed: 0.001 sec - in uk.ac.bbsrc.tgac.miso.core.service.naming.validation.V2LibraryAliasValidatorTest
Running uk.ac.bbsrc.tgac.miso.core.service.naming.validation.V2SampleAliasValidatorTest
Tests run: 6, Failures: 0, Errors: 0, Skipped: 0, Time elapsed: 0.002 sec - in uk.ac.bbsrc.tgac.miso.core.service.naming.validation.V2SampleAliasValidatorTest
Running uk.ac.bbsrc.tgac.miso.core.service.naming.validation.V2LibraryAliquotAliasValidatorTest
Tests run: 2, Failures: 0, Errors: 0, Skipped: 0, Time elapsed: 0 sec - in uk.ac.bbsrc.tgac.miso.core.service.naming.validation.V2LibraryAliquotAliasValidatorTest
Running uk.ac.bbsrc.tgac.miso.core.service.naming.validation.OicrLibraryAliasValidatorTest
Tests run: 7, Failures: 0, Errors: 0, Skipped: 0, Time elapsed: 0.025 sec - in uk.ac.bbsrc.tgac.miso.core.service.naming.validation.OicrLibraryAliasValidatorTest
Running uk.ac.bbsrc.tgac.miso.core.service.naming.validation.DefaultLibraryAliasValidatorTest
Tests run: 1, Failures: 0, Errors: 0, Skipped: 0, Time elapsed: 0 sec - in uk.ac.bbsrc.tgac.miso.core.service.naming.validation.DefaultLibraryAliasValidatorTest

Results :

Tests run: 98, Failures: 0, Errors: 0, Skipped: 0

[INFO] 
[INFO] --------------< uk.ac.bbsrc.tgac.miso:integration-tools >---------------
[INFO] Building MISO Integration Tools 1.17.1-SNAPSHOT                    [3/9]
[INFO] --------------------------------[ jar ]---------------------------------
[INFO] 
[INFO] --- maven-resources-plugin:2.6:resources (default-resources) @ integration-tools ---
[INFO] Using 'UTF-8' encoding to copy filtered resources.
[INFO] Copying 1 resource
[INFO] 
[INFO] --- maven-compiler-plugin:3.1:compile (default-compile) @ integration-tools ---
[INFO] Nothing to compile - all classes are up to date
[INFO] 
[INFO] --- build-helper-maven-plugin:3.0.0:reserve-network-port (reserve-port) @ integration-tools ---
[INFO] Reserved port 33569 for miso.test.visionmate.port
[INFO] 
[INFO] --- maven-resources-plugin:2.6:testResources (default-testResources) @ integration-tools ---
[INFO] Using 'UTF-8' encoding to copy filtered resources.
[INFO] Copying 1 resource
[INFO] 
[INFO] --- maven-compiler-plugin:3.1:testCompile (default-testCompile) @ integration-tools ---
[INFO] Nothing to compile - all classes are up to date
[INFO] 
[INFO] --- maven-surefire-plugin:2.19.1:test (default-test) @ integration-tools ---

-------------------------------------------------------
 T E S T S
-------------------------------------------------------
Running uk.ac.bbsrc.tgac.miso.integration.test.visionmate.VisionMateScanTests
Tests run: 6, Failures: 0, Errors: 0, Skipped: 0, Time elapsed: 0.054 sec - in uk.ac.bbsrc.tgac.miso.integration.test.visionmate.VisionMateScanTests
Running uk.ac.bbsrc.tgac.miso.integration.test.visionmate.VisionMateScannerTests
 INFO [Thread-0] - Mock server started
 INFO [main] - connected
 INFO [main] - disconnected
 INFO [Thread-0] - Mock server stopped
 INFO [Thread-2] - Mock server started
 INFO [main] - connected
 INFO [main] - disconnected
 INFO [Thread-2] - Mock server stopped
 INFO [Thread-4] - Mock server started
 INFO [main] - connected
 INFO [main] - disconnected
 INFO [Thread-4] - Mock server stopped
 INFO [Thread-6] - Mock server started
 INFO [main] - connected
 INFO [main] - disconnected
 INFO [Thread-6] - Mock server stopped
 INFO [Thread-8] - Mock server started
 INFO [main] - connected
 INFO [main] - disconnected
 INFO [Thread-8] - Mock server stopped
 INFO [Thread-10] - Mock server started
 INFO [main] - connected
 INFO [main] - disconnected
 INFO [Thread-10] - Mock server stopped
 INFO [Thread-12] - Mock server started
 INFO [main] - connected
 INFO [main] - disconnected
 INFO [Thread-12] - Mock server stopped
 INFO [Thread-14] - Mock server started
 INFO [main] - connected
 INFO [main] - disconnected
 INFO [Thread-14] - Mock server stopped
 INFO [Thread-16] - Mock server started
 INFO [main] - connected
 INFO [main] - disconnected
 INFO [Thread-16] - Mock server stopped
 INFO [Thread-19] - Mock server started
 INFO [main] - connected
 INFO [main] - disconnected
 INFO [Thread-19] - Mock server stopped
Tests run: 4, Failures: 0, Errors: 0, Skipped: 0, Time elapsed: 17.829 sec - in uk.ac.bbsrc.tgac.miso.integration.test.visionmate.VisionMateScannerTests

Results :

Tests run: 10, Failures: 0, Errors: 0, Skipped: 0

[INFO] 
[INFO] -------------------< uk.ac.bbsrc.tgac.miso:miso-dto >-------------------
[INFO] Building miso-dto 1.17.1-SNAPSHOT                                  [4/9]
[INFO] --------------------------------[ jar ]---------------------------------
[INFO] 
[INFO] --- maven-resources-plugin:2.6:resources (default-resources) @ miso-dto ---
[INFO] Using 'UTF-8' encoding to copy filtered resources.
[INFO] skip non existing resourceDirectory /workdir/miso-lims/miso-dto/src/main/resources
[INFO] 
[INFO] --- maven-compiler-plugin:3.1:compile (default-compile) @ miso-dto ---
[INFO] Nothing to compile - all classes are up to date
[INFO] 
[INFO] --- maven-resources-plugin:2.6:testResources (default-testResources) @ miso-dto ---
[INFO] Using 'UTF-8' encoding to copy filtered resources.
[INFO] skip non existing resourceDirectory /workdir/miso-lims/miso-dto/src/test/resources
[INFO] 
[INFO] --- maven-compiler-plugin:3.1:testCompile (default-testCompile) @ miso-dto ---
[INFO] Nothing to compile - all classes are up to date
[INFO] 
[INFO] --- maven-surefire-plugin:2.19.1:test (default-test) @ miso-dto ---

-------------------------------------------------------
 T E S T S
-------------------------------------------------------
Running uk.ac.bbsrc.tgac.miso.dto.DtosTest
SLF4J: Failed to load class "org.slf4j.impl.StaticLoggerBinder".
SLF4J: Defaulting to no-operation (NOP) logger implementation
SLF4J: See http://www.slf4j.org/codes.html#StaticLoggerBinder for further details.
Tests run: 6, Failures: 0, Errors: 0, Skipped: 0, Time elapsed: 0.152 sec - in uk.ac.bbsrc.tgac.miso.dto.DtosTest

Results :

Tests run: 6, Failures: 0, Errors: 0, Skipped: 0

[INFO] 
[INFO] -------------------< uk.ac.bbsrc.tgac.miso:sqlstore >-------------------
[INFO] Building MISO SQL Store 1.17.1-SNAPSHOT                            [5/9]
[INFO] --------------------------------[ jar ]---------------------------------
[INFO] 
[INFO] --- groovy-maven-plugin:2.0:execute (concat-migrate) @ sqlstore ---
WARNING: An illegal reflective access operation has occurred
WARNING: Illegal reflective access by org.codehaus.groovy.reflection.CachedClass$3$1 (file:/home/maven/.m2/repository/org/codehaus/groovy/groovy-all/2.1.5/groovy-all-2.1.5.jar) to method java.lang.Object.finalize()
WARNING: Please consider reporting this to the maintainers of org.codehaus.groovy.reflection.CachedClass$3$1
WARNING: Use --illegal-access=warn to enable warnings of further illegal reflective access operations
WARNING: All illegal access operations will be denied in a future release
Concatenating schema files from /workdir/miso-lims/sqlstore/src/main/resources/db/migration_afterMigrate...
Wrote concatenated schema file: /workdir/miso-lims/sqlstore/target/classes/db/migration/afterMigrate.sql
Concatenating schema files from /workdir/miso-lims/sqlstore/src/main/resources/db/migration_beforeMigrate...
Wrote concatenated schema file: /workdir/miso-lims/sqlstore/target/classes/db/migration/beforeMigrate.sql
[INFO] 
[INFO] --- maven-resources-plugin:2.6:resources (default-resources) @ sqlstore ---
[INFO] Using 'UTF-8' encoding to copy filtered resources.
[INFO] Copying 193 resources
[INFO] 
[INFO] --- maven-compiler-plugin:3.1:compile (default-compile) @ sqlstore ---
[INFO] Nothing to compile - all classes are up to date
[INFO] 
[INFO] --- maven-resources-plugin:2.6:testResources (default-testResources) @ sqlstore ---
[INFO] Using 'UTF-8' encoding to copy filtered resources.
[INFO] Copying 2 resources
[INFO] 
[INFO] --- maven-compiler-plugin:3.1:testCompile (default-testCompile) @ sqlstore ---
[INFO] Nothing to compile - all classes are up to date
[INFO] 
[INFO] --- maven-surefire-plugin:2.19.1:test (default-test) @ sqlstore ---

-------------------------------------------------------
 T E S T S
-------------------------------------------------------

Results :

Tests run: 0, Failures: 0, Errors: 0, Skipped: 0

[INFO] 
[INFO] -----------------< uk.ac.bbsrc.tgac.miso:miso-service >-----------------
[INFO] Building miso-service 1.17.1-SNAPSHOT                              [6/9]
[INFO] --------------------------------[ jar ]---------------------------------
[INFO] 
[INFO] --- maven-resources-plugin:2.6:resources (default-resources) @ miso-service ---
[INFO] Using 'UTF-8' encoding to copy filtered resources.
[INFO] skip non existing resourceDirectory /workdir/miso-lims/miso-service/src/main/resources
[INFO] 
[INFO] --- maven-compiler-plugin:3.1:compile (default-compile) @ miso-service ---
[INFO] Nothing to compile - all classes are up to date
[INFO] 
[INFO] --- maven-resources-plugin:2.6:testResources (default-testResources) @ miso-service ---
[INFO] Using 'UTF-8' encoding to copy filtered resources.
[INFO] skip non existing resourceDirectory /workdir/miso-lims/miso-service/src/test/resources
[INFO] 
[INFO] --- maven-compiler-plugin:3.1:testCompile (default-testCompile) @ miso-service ---
[INFO] Nothing to compile - all classes are up to date
[INFO] 
[INFO] --- maven-surefire-plugin:2.19.1:test (default-test) @ miso-service ---

-------------------------------------------------------
 T E S T S
-------------------------------------------------------
Running uk.ac.bbsrc.tgac.miso.service.workflow.DefaultWorkflowManagerTest
WARNING: An illegal reflective access operation has occurred
WARNING: Illegal reflective access by org.mockito.cglib.core.ReflectUtils$2 (file:/home/maven/.m2/repository/org/mockito/mockito-core/1.10.19/mockito-core-1.10.19.jar) to method java.lang.ClassLoader.defineClass(java.lang.String,byte[],int,int,java.security.ProtectionDomain)
WARNING: Please consider reporting this to the maintainers of org.mockito.cglib.core.ReflectUtils$2
WARNING: Use --illegal-access=warn to enable warnings of further illegal reflective access operations
WARNING: All illegal access operations will be denied in a future release
Tests run: 4, Failures: 0, Errors: 0, Skipped: 0, Time elapsed: 0.196 sec - in uk.ac.bbsrc.tgac.miso.service.workflow.DefaultWorkflowManagerTest
Running uk.ac.bbsrc.tgac.miso.service.impl.DefaultStudyServiceTest
Tests run: 2, Failures: 0, Errors: 0, Skipped: 0, Time elapsed: 0.042 sec - in uk.ac.bbsrc.tgac.miso.service.impl.DefaultStudyServiceTest
Running uk.ac.bbsrc.tgac.miso.service.impl.DefaultExperimentServiceTest
Tests run: 2, Failures: 0, Errors: 0, Skipped: 0, Time elapsed: 0.044 sec - in uk.ac.bbsrc.tgac.miso.service.impl.DefaultExperimentServiceTest
Running uk.ac.bbsrc.tgac.miso.service.impl.DefaultSampleServiceTest
log4j:WARN No appenders could be found for logger (uk.ac.bbsrc.tgac.miso.service.impl.DefaultSampleService).
log4j:WARN Please initialize the log4j system properly.
log4j:WARN See http://logging.apache.org/log4j/1.2/faq.html#noconfig for more info.
Tests run: 21, Failures: 0, Errors: 0, Skipped: 0, Time elapsed: 0.136 sec - in uk.ac.bbsrc.tgac.miso.service.impl.DefaultSampleServiceTest
Running uk.ac.bbsrc.tgac.miso.service.impl.ValidationUtilsTest
Tests run: 2, Failures: 0, Errors: 0, Skipped: 0, Time elapsed: 0.004 sec - in uk.ac.bbsrc.tgac.miso.service.impl.ValidationUtilsTest
Running uk.ac.bbsrc.tgac.miso.service.impl.DefaultLibraryAliquotServiceTest
Tests run: 4, Failures: 0, Errors: 0, Skipped: 0, Time elapsed: 0.003 sec - in uk.ac.bbsrc.tgac.miso.service.impl.DefaultLibraryAliquotServiceTest
Running uk.ac.bbsrc.tgac.miso.service.impl.DefaultTransferServiceTest
Tests run: 22, Failures: 0, Errors: 0, Skipped: 0, Time elapsed: 0.034 sec - in uk.ac.bbsrc.tgac.miso.service.impl.DefaultTransferServiceTest

Results :

Tests run: 57, Failures: 0, Errors: 0, Skipped: 0

[INFO] 
[INFO] -------------------< uk.ac.bbsrc.tgac.miso:miso-web >-------------------
[INFO] Building MISO MVC 1.17.1-SNAPSHOT                                  [7/9]
[INFO] --------------------------------[ war ]---------------------------------
[INFO] 
[INFO] --- maven-resources-plugin:2.6:resources (default-resources) @ miso-web ---
[INFO] Using 'UTF-8' encoding to copy filtered resources.
[INFO] Copying 6 resources
[INFO] 
[INFO] --- minify-maven-plugin:1.7.4:minify (default-minify) @ miso-web ---
[INFO] Starting CSS task:
[INFO] Processing source file [style-full.css].
[INFO] Creating the merged file [style.css].
[INFO] Creating the minified file [style.min.css].
[INFO] Uncompressed size: 19419 bytes.
[INFO] Compressed size: 13804 bytes minified (3691 bytes gzipped).
[INFO] 
[INFO] Starting JavaScript task:
[INFO] Processing source file [jquery.dataTables.min.js].
[INFO] Processing source file [admin_ajax.js].
[INFO] Processing source file [array_ajax.js].
[INFO] Processing source file [box_ajax.js].
[INFO] Processing source file [box_visualization.js].
[INFO] Processing source file [boxable_ajax.js].
[INFO] Processing source file [bulk.js].
[INFO] Processing source file [bulk_box.js].
[INFO] Processing source file [bulk_boxsize.js].
[INFO] Processing source file [bulk_boxuse.js].
[INFO] Processing source file [bulk_contact.js].
[INFO] Processing source file [bulk_library.js].
[INFO] Processing source file [bulk_libraryaliquot.js].
[INFO] Processing source file [bulk_qc.js].
[INFO] Processing source file [bulk_sample.js].
[INFO] Processing source file [bulk_sop.js].
[INFO] Processing source file [form.js].
[INFO] Processing source file [form_array.js].
[INFO] Processing source file [form_arrayrun.js].
[INFO] Processing source file [form_box.js].
[INFO] Processing source file [form_container.js].
[INFO] Processing source file [form_experiment.js].
[INFO] Processing source file [form_freezer.js].
[INFO] Processing source file [form_group.js].
[INFO] Processing source file [form_indexfamily.js].
[INFO] Processing source file [form_instrument.js].
[INFO] Processing source file [form_instrumentmodel.js].
[INFO] Processing source file [form_kitdescriptor.js].
[INFO] Processing source file [form_library.js].
[INFO] Processing source file [form_libraryaliquot.js].
[INFO] Processing source file [form_librarybatch.js].
[INFO] Processing source file [form_librarytemplate.js].
[INFO] Processing source file [form_pool.js].
[INFO] Processing source file [form_poolorder.js].
[INFO] Processing source file [form_project.js].
[INFO] Processing source file [form_qctype.js].
[INFO] Processing source file [form_run.js].
[INFO] Processing source file [form_sample.js].
[INFO] Processing source file [form_sampleclass.js].
[INFO] Processing source file [form_sequencingorder.js].
[INFO] Processing source file [form_servicerecord.js].
[INFO] Processing source file [form_study.js].
[INFO] Processing source file [form_submission.js].
[INFO] Processing source file [form_transfer.js].
[INFO] Processing source file [form_user.js].
[INFO] Processing source file [form_workset.js].
[INFO] Processing source file [freezer_ajax.js].
[INFO] Processing source file [handsontable_renderers.js].
[INFO] Processing source file [hot.js].
[INFO] Processing source file [hot_arraymodel.js].
[INFO] Processing source file [hot_attachmentcategory.js].
[INFO] Processing source file [hot_boxable.js].
[INFO] Processing source file [hot_containermodel.js].
[INFO] Processing source file [hot_detailedqcstatus.js].
[INFO] Processing source file [hot_index.js].
[INFO] Processing source file [hot_institute.js].
[INFO] Processing source file [hot_lab.js].
[INFO] Processing source file [hot_library_template.js].
[INFO] Processing source file [hot_library_template_index.js].
[INFO] Processing source file [hot_librarydesign.js].
[INFO] Processing source file [hot_librarydesigncode.js].
[INFO] Processing source file [hot_libraryselection.js].
[INFO] Processing source file [hot_libraryspikein.js].
[INFO] Processing source file [hot_librarystrategy.js].
[INFO] Processing source file [hot_librarytype.js].
[INFO] Processing source file [hot_partitionqctype.js].
[INFO] Processing source file [hot_pool.js].
[INFO] Processing source file [hot_referencegenome.js].
[INFO] Processing source file [hot_runpurpose.js].
[INFO] Processing source file [hot_samplepurpose.js].
[INFO] Processing source file [hot_sampletype.js].
[INFO] Processing source file [hot_scientificname.js].
[INFO] Processing source file [hot_sequencingcontroltype.js].
[INFO] Processing source file [hot_sequencingorder.js].
[INFO] Processing source file [hot_sequencingparameters.js].
[INFO] Processing source file [hot_stain.js].
[INFO] Processing source file [hot_staincategory.js].
[INFO] Processing source file [hot_studytype.js].
[INFO] Processing source file [hot_subproject.js].
[INFO] Processing source file [hot_targetedsequencing.js].
[INFO] Processing source file [hot_tissuematerial.js].
[INFO] Processing source file [hot_tissueorigin.js].
[INFO] Processing source file [hot_tissuepiecetype.js].
[INFO] Processing source file [hot_tissuetype.js].
[INFO] Processing source file [hot_workstation.js].
[INFO] Processing source file [identitySearch_ajax.js].
[INFO] Processing source file [indexDistance_ajax.js].
[INFO] Processing source file [indexfamily_ajax.js].
[INFO] Processing source file [indexSearch_ajax.js].
[INFO] Processing source file [instrumentmodel_ajax.js].
[INFO] Processing source file [labeldesign.js].
[INFO] Processing source file [librarytemplate_ajax.js].
[INFO] Processing source file [lims.js].
[INFO] Processing source file [list.js].
[INFO] Processing source file [list_array.js].
[INFO] Processing source file [list_arraymodel.js].
[INFO] Processing source file [list_arrayrun.js].
[INFO] Processing source file [list_attachment.js].
[INFO] Processing source file [list_attachmentcategory.js].
[INFO] Processing source file [list_box.js].
[INFO] Processing source file [list_boxsize.js].
[INFO] Processing source file [list_boxuse.js].
[INFO] Processing source file [list_changelog.js].
[INFO] Processing source file [list_contact.js].
[INFO] Processing source file [list_container.js].
[INFO] Processing source file [list_containermodel.js].
[INFO] Processing source file [list_deletion.js].
[INFO] Processing source file [list_detailedqcstatus.js].
[INFO] Processing source file [list_experiment_run_partition.js].
[INFO] Processing source file [list_experiments.js].
[INFO] Processing source file [list_group.js].
[INFO] Processing source file [list_indexfamily.js].
[INFO] Processing source file [list_indices.js].
[INFO] Processing source file [list_institute.js].
[INFO] Processing source file [list_instrument.js].
[INFO] Processing source file [list_instrumentmodel.js].
[INFO] Processing source file [list_instrumentposition.js].
[INFO] Processing source file [list_issue.js].
[INFO] Processing source file [list_itemtransfer.js].
[INFO] Processing source file [list_kit_consumable.js].
[INFO] Processing source file [list_kits.js].
[INFO] Processing source file [list_lab.js].
[INFO] Processing source file [list_library.js].
[INFO] Processing source file [list_library_template.js].
[INFO] Processing source file [list_library_template_index.js].
[INFO] Processing source file [list_libraryaliquot.js].
[INFO] Processing source file [list_librarydesign.js].
[INFO] Processing source file [list_librarydesigncode.js].
[INFO] Processing source file [list_libraryselection.js].
[INFO] Processing source file [list_libraryspikein.js].
[INFO] Processing source file [list_librarystrategy.js].
[INFO] Processing source file [list_librarytype.js].
[INFO] Processing source file [list_linkedpoolorder.js].
[INFO] Processing source file [list_locationmap.js].
[INFO] Processing source file [list_orderaliquot.js].
[INFO] Processing source file [list_partition.js].
[INFO] Processing source file [list_partitionqctype.js].
[INFO] Processing source file [list_pool.js].
[INFO] Processing source file [list_poolelement.js].
[INFO] Processing source file [list_poolorder.js].
[INFO] Processing source file [list_printer.js].
[INFO] Processing source file [list_project.js].
[INFO] Processing source file [list_qc.js].
[INFO] Processing source file [list_qccontrol.js].
[INFO] Processing source file [list_qctype.js].
[INFO] Processing source file [list_referencegenome.js].
[INFO] Processing source file [list_run.js].
[INFO] Processing source file [list_run_position.js].
[INFO] Processing source file [list_runaliquot.js].
[INFO] Processing source file [list_runpurpose.js].
[INFO] Processing source file [list_sampleclass.js].
[INFO] Processing source file [list_samplepurpose.js].
[INFO] Processing source file [list_samples.js].
[INFO] Processing source file [list_sampletype.js].
[INFO] Processing source file [list_samplevalidrelationship.js].
[INFO] Processing source file [list_scientificname.js].
[INFO] Processing source file [list_sequencingcontroltype.js].
[INFO] Processing source file [list_sequencingorder.js].
[INFO] Processing source file [list_sequencingordercompletion.js].
[INFO] Processing source file [list_sequencingparameters.js].
[INFO] Processing source file [list_servicerecord.js].
[INFO] Processing source file [list_sop.js].
[INFO] Processing source file [list_stain.js].
[INFO] Processing source file [list_staincategory.js].
[INFO] Processing source file [list_storage_location.js].
[INFO] Processing source file [list_study.js].
[INFO] Processing source file [list_studytype.js].
[INFO] Processing source file [list_submission.js].
[INFO] Processing source file [list_subproject.js].
[INFO] Processing source file [list_targetedSequencing.js].
[INFO] Processing source file [list_tissuematerial.js].
[INFO] Processing source file [list_tissueorigin.js].
[INFO] Processing source file [list_tissuepiecetype.js].
[INFO] Processing source file [list_tissuetype.js].
[INFO] Processing source file [list_transfer.js].
[INFO] Processing source file [list_transferitem.js].
[INFO] Processing source file [list_transfernotification.js].
[INFO] Processing source file [list_user.js].
[INFO] Processing source file [list_worksets.js].
[INFO] Processing source file [list_workstation.js].
[INFO] Processing source file [menus.js].
[INFO] Processing source file [multi_select_drag_drop.js].
[INFO] Processing source file [pane.js].
[INFO] Processing source file [pane_barcode.js].
[INFO] Processing source file [pane_instrument_status.js].
[INFO] Processing source file [pane_project.js].
[INFO] Processing source file [pane_run.js].
[INFO] Processing source file [pane_workflow.js].
[INFO] Processing source file [parsley_form_validations.js].
[INFO] Processing source file [pool_ajax.js].
[INFO] Processing source file [poolorder_ajax.js].
[INFO] Processing source file [qcHierarchy_ajax.js].
[INFO] Processing source file [qctype_ajax.js].
[INFO] Processing source file [run_graph.js].
[INFO] Processing source file [runLibraryMetrics_ajax.js].
[INFO] Processing source file [sampleclass_ajax.js].
[INFO] Processing source file [submission_ajax.js].
[INFO] Processing source file [tile.js].
[INFO] Processing source file [transfer_ajax.js].
[INFO] Processing source file [urls.js].
[INFO] Processing source file [warning.js].
[INFO] Processing source file [warning_completion.js].
[INFO] Processing source file [warning_experiment.js].
[INFO] Processing source file [warning_library.js].
[INFO] Processing source file [warning_libraryaliquot.js].
[INFO] Processing source file [warning_orderaliquot.js].
[INFO] Processing source file [warning_partition.js].
[INFO] Processing source file [warning_pool.js].
[INFO] Processing source file [warning_poolelement.js].
[INFO] Processing source file [warning_poolorder.js].
[INFO] Processing source file [warning_project.js].
[INFO] Processing source file [warning_sample.js].
[INFO] Processing source file [workflow_display.js].
[INFO] Creating the merged file [header_script.js].
[INFO] Creating the minified file [header_script.min.js].
[INFO] Uncompressed size: 1261390 bytes.
[INFO] Compressed size: 676711 bytes minified (154038 bytes gzipped).
[INFO] 
[INFO] 
[INFO] --- maven-compiler-plugin:3.1:compile (default-compile) @ miso-web ---
[INFO] Nothing to compile - all classes are up to date
[INFO] 
[INFO] --- maven-resources-plugin:2.6:testResources (default-testResources) @ miso-web ---
[INFO] Using 'UTF-8' encoding to copy filtered resources.
[INFO] skip non existing resourceDirectory /workdir/miso-lims/miso-web/src/test/resources
[INFO] 
[INFO] --- maven-compiler-plugin:3.1:testCompile (default-testCompile) @ miso-web ---
[INFO] Nothing to compile - all classes are up to date
[INFO] 
[INFO] --- maven-surefire-plugin:2.19.1:test (default-test) @ miso-web ---

-------------------------------------------------------
 T E S T S
-------------------------------------------------------
Running uk.ac.bbsrc.tgac.miso.webapp.controller.rest.BoxRestControllerTest
WARNING: An illegal reflective access operation has occurred
WARNING: Illegal reflective access by org.mockito.cglib.core.ReflectUtils$2 (file:/home/maven/.m2/repository/org/mockito/mockito-core/1.10.19/mockito-core-1.10.19.jar) to method java.lang.ClassLoader.defineClass(java.lang.String,byte[],int,int,java.security.ProtectionDomain)
WARNING: Please consider reporting this to the maintainers of org.mockito.cglib.core.ReflectUtils$2
WARNING: Use --illegal-access=warn to enable warnings of further illegal reflective access operations
WARNING: All illegal access operations will be denied in a future release
Tests run: 1, Failures: 0, Errors: 0, Skipped: 0, Time elapsed: 0.358 sec - in uk.ac.bbsrc.tgac.miso.webapp.controller.rest.BoxRestControllerTest

Results :

Tests run: 1, Failures: 0, Errors: 0, Skipped: 0

[INFO] 
[INFO] -----------------< uk.ac.bbsrc.tgac.miso:pinery-miso >------------------
[INFO] Building pinery-miso 1.17.1-SNAPSHOT                               [8/9]
[INFO] --------------------------------[ war ]---------------------------------
[INFO] 
[INFO] --- maven-resources-plugin:2.6:resources (default-resources) @ pinery-miso ---
[INFO] Using 'UTF-8' encoding to copy filtered resources.
[INFO] Copying 14 resources
[INFO] 
[INFO] --- maven-compiler-plugin:3.1:compile (default-compile) @ pinery-miso ---
[INFO] Nothing to compile - all classes are up to date
[INFO] 
[INFO] --- maven-resources-plugin:2.6:testResources (default-testResources) @ pinery-miso ---
[INFO] Using 'UTF-8' encoding to copy filtered resources.
[INFO] skip non existing resourceDirectory /workdir/miso-lims/pinery-miso/src/test/resources
[INFO] 
[INFO] --- maven-compiler-plugin:3.1:testCompile (default-testCompile) @ pinery-miso ---
[INFO] Nothing to compile - all classes are up to date
[INFO] 
[INFO] --- maven-surefire-plugin:2.19.1:test (default-test) @ pinery-miso ---

-------------------------------------------------------
 T E S T S
-------------------------------------------------------
Running ca.on.oicr.pinery.lims.miso.converters.NonSampleTypeConverterTest
log4j:WARN No appenders could be found for logger (ca.on.oicr.pinery.lims.miso.converters.SampleTypeConverter).
log4j:WARN Please initialize the log4j system properly.
log4j:WARN See http://logging.apache.org/log4j/1.2/faq.html#noconfig for more info.
Tests run: 2, Failures: 0, Errors: 0, Skipped: 0, Time elapsed: 0.087 sec - in ca.on.oicr.pinery.lims.miso.converters.NonSampleTypeConverterTest

Results :

Tests run: 2, Failures: 0, Errors: 0, Skipped: 0

[INFO] 
[INFO] ------------------< uk.ac.bbsrc.tgac.miso:migration >-------------------
[INFO] Building migration 1.17.1-SNAPSHOT                                 [9/9]
[INFO] --------------------------------[ jar ]---------------------------------
[INFO] 
[INFO] --- maven-resources-plugin:2.6:resources (default-resources) @ migration ---
[INFO] Using 'UTF-8' encoding to copy filtered resources.
[INFO] Copying 2 resources
[INFO] 
[INFO] --- maven-compiler-plugin:3.1:compile (default-compile) @ migration ---
[INFO] Nothing to compile - all classes are up to date
[INFO] 
[INFO] --- maven-resources-plugin:2.6:testResources (default-testResources) @ migration ---
[INFO] Using 'UTF-8' encoding to copy filtered resources.
[INFO] Copying 4 resources
[INFO] 
[INFO] --- maven-compiler-plugin:3.1:testCompile (default-testCompile) @ migration ---
[INFO] Nothing to compile - all classes are up to date
[INFO] 
[INFO] --- maven-surefire-plugin:2.19.1:test (default-test) @ migration ---

-------------------------------------------------------
 T E S T S
-------------------------------------------------------
Running uk.ac.bbsrc.tgac.miso.migration.source.LoadGeneratorSourceTest
 INFO [LoadGeneratorSource] - Generating 5 projects...
 INFO [LoadGeneratorSource] - 5 projects generated.
 INFO [LoadGeneratorSource] - Generating 8 aliquots * 1 stocks * 2 tissues * 1 identities * 5 projects with a hard limit of 100 total samples created...
 INFO [LoadGeneratorSource] - 100 samples generated.
 INFO [LoadGeneratorSource] - Generating 100 libraries...
 INFO [LoadGeneratorSource] - 100 libraries generated.
 INFO [LoadGeneratorSource] - Generating 100 library aliquots (1 per library)...
 INFO [LoadGeneratorSource] - 100 library aliquots generated.
 INFO [LoadGeneratorSource] - Generating 100 pools, each containing 5 library aliquots...
 INFO [LoadGeneratorSource] - 100 pools generated.
 INFO [LoadGeneratorSource] - Generating 100 runs, each with a flowcell containing 8 pools...
 INFO [LoadGeneratorSource] - 100 runs generated.
Tests run: 1, Failures: 0, Errors: 0, Skipped: 0, Time elapsed: 0.193 sec - in uk.ac.bbsrc.tgac.miso.migration.source.LoadGeneratorSourceTest
Running uk.ac.bbsrc.tgac.miso.migration.MigrationPropertiesTest
Tests run: 23, Failures: 0, Errors: 0, Skipped: 0, Time elapsed: 0.021 sec - in uk.ac.bbsrc.tgac.miso.migration.MigrationPropertiesTest
Running uk.ac.bbsrc.tgac.miso.migration.destination.MisoServiceManagerTest
Tests run: 1, Failures: 0, Errors: 0, Skipped: 0, Time elapsed: 0.136 sec - in uk.ac.bbsrc.tgac.miso.migration.destination.MisoServiceManagerTest
Running uk.ac.bbsrc.tgac.miso.migration.destination.ValueTypeLookupTest
WARNING: An illegal reflective access operation has occurred
WARNING: Illegal reflective access by org.mockito.cglib.core.ReflectUtils$2 (file:/home/maven/.m2/repository/org/mockito/mockito-core/1.10.19/mockito-core-1.10.19.jar) to method java.lang.ClassLoader.defineClass(java.lang.String,byte[],int,int,java.security.ProtectionDomain)
WARNING: Please consider reporting this to the maintainers of org.mockito.cglib.core.ReflectUtils$2
WARNING: Use --illegal-access=warn to enable warnings of further illegal reflective access operations
WARNING: All illegal access operations will be denied in a future release
Tests run: 22, Failures: 0, Errors: 0, Skipped: 0, Time elapsed: 0.284 sec - in uk.ac.bbsrc.tgac.miso.migration.destination.ValueTypeLookupTest

Results :

Tests run: 47, Failures: 0, Errors: 0, Skipped: 0

[INFO] ------------------------------------------------------------------------
[INFO] Reactor Summary for MISO LIMS 1.17.1-SNAPSHOT:
[INFO] 
[INFO] MISO LIMS .......................................... SUCCESS [  0.003 s]
[INFO] MISO Core .......................................... SUCCESS [  5.591 s]
[INFO] MISO Integration Tools ............................. SUCCESS [ 18.720 s]
[INFO] miso-dto ........................................... SUCCESS [  0.797 s]
[INFO] MISO SQL Store ..................................... SUCCESS [  1.316 s]
[INFO] miso-service ....................................... SUCCESS [  1.203 s]
[INFO] MISO MVC ........................................... SUCCESS [  2.124 s]
[INFO] pinery-miso ........................................ SUCCESS [  0.847 s]
[INFO] migration .......................................... SUCCESS [  1.358 s]
[INFO] ------------------------------------------------------------------------
[INFO] BUILD SUCCESS
[INFO] ------------------------------------------------------------------------
[INFO] Total time:  32.102 s
[INFO] Finished at: 2021-02-14T18:20:04Z
[INFO] ------------------------------------------------------------------------
