[INFO] Scanning for projects...
[WARNING] 
[WARNING] Some problems were encountered while building the effective model for org.nlpcn:nlp-lang:jar:1.7.8
[WARNING] 'build.plugins.plugin.version' for org.apache.maven.plugins:maven-source-plugin is missing. @ line 103, column 12
[WARNING] 
[WARNING] It is highly recommended to fix these problems because they threaten the stability of your build.
[WARNING] 
[WARNING] For this reason, future Maven versions might no longer support building such malformed projects.
[WARNING] 
[INFO] 
[INFO] -------------------------< org.nlpcn:nlp-lang >-------------------------
[INFO] Building nlp-lang 1.7.8
[INFO] --------------------------------[ jar ]---------------------------------
[INFO] 
[INFO] --- maven-resources-plugin:2.6:resources (default-resources) @ nlp-lang ---
[INFO] Using 'UTF-8' encoding to copy filtered resources.
[INFO] Copying 10 resources
[INFO] 
[INFO] --- maven-compiler-plugin:3.3:compile (default-compile) @ nlp-lang ---
[INFO] Nothing to compile - all classes are up to date
[INFO] 
[INFO] --- maven-resources-plugin:2.6:testResources (default-testResources) @ nlp-lang ---
[INFO] Using 'UTF-8' encoding to copy filtered resources.
[INFO] Copying 7 resources
[INFO] 
[INFO] --- maven-compiler-plugin:3.3:testCompile (default-testCompile) @ nlp-lang ---
[INFO] Nothing to compile - all classes are up to date
[INFO] 
[INFO] --- maven-surefire-plugin:2.12.4:test (default-test) @ nlp-lang ---
[INFO] Surefire report directory: /workdir/nlp-lang/target/surefire-reports

-------------------------------------------------------
 T E S T S
-------------------------------------------------------
Running org.nlpcn.commons.lang.finger.SimHashServiceTest
2706
1570
Tests run: 4, Failures: 0, Errors: 0, Skipped: 0, Time elapsed: 5.612 sec
Running org.nlpcn.commons.lang.finger.FingerprintServiceTest
Tests run: 1, Failures: 0, Errors: 0, Skipped: 0, Time elapsed: 0.006 sec
Running org.nlpcn.commons.lang.dat.DATTest
Feb 14, 2021 8:44:34 PM org.nlpcn.commons.lang.dat.DATMaker maker
INFO: make basic tire begin !
Feb 14, 2021 8:44:34 PM org.nlpcn.commons.lang.dat.DATMaker maker
INFO: make basic tire over use time 159 ms
Feb 14, 2021 8:44:34 PM org.nlpcn.commons.lang.dat.DATMaker maker
INFO: make dat tire begin !
Feb 14, 2021 8:44:47 PM org.nlpcn.commons.lang.dat.DATMaker maker
INFO: make dat tire over use time 13016 ms! dat len is 241869! dat size is 111094
20013	中	88984	-1	2
load obj use time 103
111253	中国	65561	20013	1
load obj use time 111
Tests run: 1, Failures: 0, Errors: 0, Skipped: 0, Time elapsed: 17.066 sec
Running org.nlpcn.commons.lang.util.StringUtilTest
true
hello ansjmy name is 
hello ansj hello kk 
'ansj','2134','123','123','123'
Tests run: 3, Failures: 0, Errors: 0, Skipped: 0, Time elapsed: 0.006 sec
Running org.nlpcn.commons.lang.util.FileFinderTest
Tests run: 1, Failures: 0, Errors: 0, Skipped: 0, Time elapsed: 0.021 sec
Running org.nlpcn.commons.lang.util.logging.NLPLoggerTest
 INFO [main] (NLPLoggerTest.java:10) - info hello nlpcn!
 WARN [main] (NLPLoggerTest.java:11) - warn hello nlpcn!
ERROR [main] (NLPLoggerTest.java:12) - error hello nlpcn!
DEBUG [main] (NLPLoggerTest.java:13) - debug hello nlpcn!
 WARN [main] (NLPLoggerTest.java:16) - warn hello nlpcn!
java.lang.Exception: ansj
	at org.nlpcn.commons.lang.util.logging.NLPLoggerTest.test(NLPLoggerTest.java:16)
	at java.base/jdk.internal.reflect.NativeMethodAccessorImpl.invoke0(Native Method)
	at java.base/jdk.internal.reflect.NativeMethodAccessorImpl.invoke(NativeMethodAccessorImpl.java:62)
	at java.base/jdk.internal.reflect.DelegatingMethodAccessorImpl.invoke(DelegatingMethodAccessorImpl.java:43)
	at java.base/java.lang.reflect.Method.invoke(Method.java:566)
	at org.junit.runners.model.FrameworkMethod$1.runReflectiveCall(FrameworkMethod.java:59)
	at org.junit.internal.runners.model.ReflectiveCallable.run(ReflectiveCallable.java:12)
	at org.junit.runners.model.FrameworkMethod.invokeExplosively(FrameworkMethod.java:56)
	at org.junit.internal.runners.statements.InvokeMethod.evaluate(InvokeMethod.java:17)
	at org.junit.runners.ParentRunner$3.evaluate(ParentRunner.java:306)
	at org.junit.runners.BlockJUnit4ClassRunner$1.evaluate(BlockJUnit4ClassRunner.java:100)
	at org.junit.runners.ParentRunner.runLeaf(ParentRunner.java:366)
	at org.junit.runners.BlockJUnit4ClassRunner.runChild(BlockJUnit4ClassRunner.java:103)
	at org.junit.runners.BlockJUnit4ClassRunner.runChild(BlockJUnit4ClassRunner.java:63)
	at org.junit.runners.ParentRunner$4.run(ParentRunner.java:331)
	at org.junit.runners.ParentRunner$1.schedule(ParentRunner.java:79)
	at org.junit.runners.ParentRunner.runChildren(ParentRunner.java:329)
	at org.junit.runners.ParentRunner.access$100(ParentRunner.java:66)
	at org.junit.runners.ParentRunner$2.evaluate(ParentRunner.java:293)
	at org.junit.runners.ParentRunner$3.evaluate(ParentRunner.java:306)
	at org.junit.runners.ParentRunner.run(ParentRunner.java:413)
	at org.apache.maven.surefire.junit4.JUnit4Provider.execute(JUnit4Provider.java:252)
	at org.apache.maven.surefire.junit4.JUnit4Provider.executeTestSet(JUnit4Provider.java:141)
	at org.apache.maven.surefire.junit4.JUnit4Provider.invoke(JUnit4Provider.java:112)
	at java.base/jdk.internal.reflect.NativeMethodAccessorImpl.invoke0(Native Method)
	at java.base/jdk.internal.reflect.NativeMethodAccessorImpl.invoke(NativeMethodAccessorImpl.java:62)
	at java.base/jdk.internal.reflect.DelegatingMethodAccessorImpl.invoke(DelegatingMethodAccessorImpl.java:43)
	at java.base/java.lang.reflect.Method.invoke(Method.java:566)
	at org.apache.maven.surefire.util.ReflectionUtils.invokeMethodWithArray(ReflectionUtils.java:189)
	at org.apache.maven.surefire.booter.ProviderFactory$ProviderProxy.invoke(ProviderFactory.java:165)
	at org.apache.maven.surefire.booter.ProviderFactory.invokeProvider(ProviderFactory.java:85)
	at org.apache.maven.surefire.booter.ForkedBooter.runSuitesInProcess(ForkedBooter.java:115)
	at org.apache.maven.surefire.booter.ForkedBooter.main(ForkedBooter.java:75)
ERROR [main] (NLPLoggerTest.java:17) - error hello nlpcn!
java.lang.Exception: ansj
	at org.nlpcn.commons.lang.util.logging.NLPLoggerTest.test(NLPLoggerTest.java:17)
	at java.base/jdk.internal.reflect.NativeMethodAccessorImpl.invoke0(Native Method)
	at java.base/jdk.internal.reflect.NativeMethodAccessorImpl.invoke(NativeMethodAccessorImpl.java:62)
	at java.base/jdk.internal.reflect.DelegatingMethodAccessorImpl.invoke(DelegatingMethodAccessorImpl.java:43)
	at java.base/java.lang.reflect.Method.invoke(Method.java:566)
	at org.junit.runners.model.FrameworkMethod$1.runReflectiveCall(FrameworkMethod.java:59)
	at org.junit.internal.runners.model.ReflectiveCallable.run(ReflectiveCallable.java:12)
	at org.junit.runners.model.FrameworkMethod.invokeExplosively(FrameworkMethod.java:56)
	at org.junit.internal.runners.statements.InvokeMethod.evaluate(InvokeMethod.java:17)
	at org.junit.runners.ParentRunner$3.evaluate(ParentRunner.java:306)
	at org.junit.runners.BlockJUnit4ClassRunner$1.evaluate(BlockJUnit4ClassRunner.java:100)
	at org.junit.runners.ParentRunner.runLeaf(ParentRunner.java:366)
	at org.junit.runners.BlockJUnit4ClassRunner.runChild(BlockJUnit4ClassRunner.java:103)
	at org.junit.runners.BlockJUnit4ClassRunner.runChild(BlockJUnit4ClassRunner.java:63)
	at org.junit.runners.ParentRunner$4.run(ParentRunner.java:331)
	at org.junit.runners.ParentRunner$1.schedule(ParentRunner.java:79)
	at org.junit.runners.ParentRunner.runChildren(ParentRunner.java:329)
	at org.junit.runners.ParentRunner.access$100(ParentRunner.java:66)
	at org.junit.runners.ParentRunner$2.evaluate(ParentRunner.java:293)
	at org.junit.runners.ParentRunner$3.evaluate(ParentRunner.java:306)
	at org.junit.runners.ParentRunner.run(ParentRunner.java:413)
	at org.apache.maven.surefire.junit4.JUnit4Provider.execute(JUnit4Provider.java:252)
	at org.apache.maven.surefire.junit4.JUnit4Provider.executeTestSet(JUnit4Provider.java:141)
	at org.apache.maven.surefire.junit4.JUnit4Provider.invoke(JUnit4Provider.java:112)
	at java.base/jdk.internal.reflect.NativeMethodAccessorImpl.invoke0(Native Method)
	at java.base/jdk.internal.reflect.NativeMethodAccessorImpl.invoke(NativeMethodAccessorImpl.java:62)
	at java.base/jdk.internal.reflect.DelegatingMethodAccessorImpl.invoke(DelegatingMethodAccessorImpl.java:43)
	at java.base/java.lang.reflect.Method.invoke(Method.java:566)
	at org.apache.maven.surefire.util.ReflectionUtils.invokeMethodWithArray(ReflectionUtils.java:189)
	at org.apache.maven.surefire.booter.ProviderFactory$ProviderProxy.invoke(ProviderFactory.java:165)
	at org.apache.maven.surefire.booter.ProviderFactory.invokeProvider(ProviderFactory.java:85)
	at org.apache.maven.surefire.booter.ForkedBooter.runSuitesInProcess(ForkedBooter.java:115)
	at org.apache.maven.surefire.booter.ForkedBooter.main(ForkedBooter.java:75)
DEBUG [main] (NLPLoggerTest.java:18) - debug hello nlpcn!
java.lang.Exception: ansj
	at org.nlpcn.commons.lang.util.logging.NLPLoggerTest.test(NLPLoggerTest.java:18)
	at java.base/jdk.internal.reflect.NativeMethodAccessorImpl.invoke0(Native Method)
	at java.base/jdk.internal.reflect.NativeMethodAccessorImpl.invoke(NativeMethodAccessorImpl.java:62)
	at java.base/jdk.internal.reflect.DelegatingMethodAccessorImpl.invoke(DelegatingMethodAccessorImpl.java:43)
	at java.base/java.lang.reflect.Method.invoke(Method.java:566)
	at org.junit.runners.model.FrameworkMethod$1.runReflectiveCall(FrameworkMethod.java:59)
	at org.junit.internal.runners.model.ReflectiveCallable.run(ReflectiveCallable.java:12)
	at org.junit.runners.model.FrameworkMethod.invokeExplosively(FrameworkMethod.java:56)
	at org.junit.internal.runners.statements.InvokeMethod.evaluate(InvokeMethod.java:17)
	at org.junit.runners.ParentRunner$3.evaluate(ParentRunner.java:306)
	at org.junit.runners.BlockJUnit4ClassRunner$1.evaluate(BlockJUnit4ClassRunner.java:100)
	at org.junit.runners.ParentRunner.runLeaf(ParentRunner.java:366)
	at org.junit.runners.BlockJUnit4ClassRunner.runChild(BlockJUnit4ClassRunner.java:103)
	at org.junit.runners.BlockJUnit4ClassRunner.runChild(BlockJUnit4ClassRunner.java:63)
	at org.junit.runners.ParentRunner$4.run(ParentRunner.java:331)
	at org.junit.runners.ParentRunner$1.schedule(ParentRunner.java:79)
	at org.junit.runners.ParentRunner.runChildren(ParentRunner.java:329)
	at org.junit.runners.ParentRunner.access$100(ParentRunner.java:66)
	at org.junit.runners.ParentRunner$2.evaluate(ParentRunner.java:293)
	at org.junit.runners.ParentRunner$3.evaluate(ParentRunner.java:306)
	at org.junit.runners.ParentRunner.run(ParentRunner.java:413)
	at org.apache.maven.surefire.junit4.JUnit4Provider.execute(JUnit4Provider.java:252)
	at org.apache.maven.surefire.junit4.JUnit4Provider.executeTestSet(JUnit4Provider.java:141)
	at org.apache.maven.surefire.junit4.JUnit4Provider.invoke(JUnit4Provider.java:112)
	at java.base/jdk.internal.reflect.NativeMethodAccessorImpl.invoke0(Native Method)
	at java.base/jdk.internal.reflect.NativeMethodAccessorImpl.invoke(NativeMethodAccessorImpl.java:62)
	at java.base/jdk.internal.reflect.DelegatingMethodAccessorImpl.invoke(DelegatingMethodAccessorImpl.java:43)
	at java.base/java.lang.reflect.Method.invoke(Method.java:566)
	at org.apache.maven.surefire.util.ReflectionUtils.invokeMethodWithArray(ReflectionUtils.java:189)
	at org.apache.maven.surefire.booter.ProviderFactory$ProviderProxy.invoke(ProviderFactory.java:165)
	at org.apache.maven.surefire.booter.ProviderFactory.invokeProvider(ProviderFactory.java:85)
	at org.apache.maven.surefire.booter.ForkedBooter.runSuitesInProcess(ForkedBooter.java:115)
	at org.apache.maven.surefire.booter.ForkedBooter.main(ForkedBooter.java:75)
Tests run: 1, Failures: 0, Errors: 0, Skipped: 0, Time elapsed: 0.008 sec
Running org.nlpcn.commons.lang.util.WordWeightTest
{a=2.0, b=3.0, f=2.0}
{a=1.252762968495368, b=0.8472978603872037, f=1.252762968495368}
t1	{a=0.6428571428571429, b=7.041666666666667}
t2	{a=0.07142857142857142, b=0.5, f=10.88888888888889}
{a=2.0, b=3.0, c=1.0}
t1	{a=0.3333333333333333, b=5.761904761904762}
t2	{a=0.3333333333333333, b=0.06666666666666667, c=3.5714285714285716}
{a=1.0986122886681098, b=0.6931471805599453, c=1.791759469228055}
Tests run: 4, Failures: 0, Errors: 0, Skipped: 0, Time elapsed: 0.004 sec
Running org.nlpcn.commons.lang.util.IOUtilTest
Tests run: 1, Failures: 0, Errors: 0, Skipped: 0, Time elapsed: 0.003 sec
Running org.nlpcn.commons.lang.util.WordAlertTest
az az az az 09•
Tests run: 1, Failures: 0, Errors: 0, Skipped: 0, Time elapsed: 0 sec
Running org.nlpcn.commons.lang.jianfan.JianFanTest
厄瓜多尔
画像画像草莓草莓输入简体字,点下面繁体字按钮进行在线转换123
草莓草莓草莓輸入簡體字,點下面繁體字按鈕進行線上轉換123草莓
千坤
Tests run: 1, Failures: 0, Errors: 0, Skipped: 0, Time elapsed: 0.02 sec
Running org.nlpcn.commons.lang.pinyin.PinyinTest
[he, bei, le, ting, he, xin, mu, biao, yu, null, null, null, null, null, null, null, null, null, null, null, null, null, null, null, fa, zhan, zhan, lve, du, shi, lv]
[h, b, l, t, h, x, m, b, y, null, null, null, null, null, null, null, null, null, null, null, null, null, null, null, f, z, z, l, d, s, l]
[he2, bei3, le4, ting2, he2, xin1, mu4, biao1, yu3, null, null, null, null, null, null, null, null, null, null, null, null, null, null, null, fa1, zhan3, zhan4, lve4, du1, shi4, lv4]
[hé, bĕi, lè, tíng, hé, xīn, mù, biāo, yŭ, null, null, null, null, null, null, null, null, null, null, null, null, null, null, null, fā, zhăn, zhàn, lüè, dū, shì, lǜ]
[zheng, pin, hang, huo, null, zheng, pin, hang, huo, null, ma, wan, dai, ma, null, ta, qi, shen, guan, shang, dian, nao, null, yong, gun, tang, de, kai, shui, wei, zi, ji, pao, zhi, yi, wan, teng, zhe, re, qi, de, lao, tan, suan, cai, mian, null, zhong, guo, de, cheng, xu, yuan, geng, pian, ai, la, shang, chuang, lian, null, zai, hei, an, zhong, xiang, shou, zhe, du, te, de, mei, shi, null, zhe, shi, xian, dai, gong, ye, gei, yi, tian, xin, ku, lao, zuo, de, ren, zui, hao, de, kui, zeng, null, nan, fang, yi, dai, sheng, zhang, de, cheng, xu, yuan, sui, ran, zai, jing, cheng, duo, nian, null, dan, reng, kou, wei, qing, dan, null, ta, men, wang, wang, bu, jia, liao, bao, null, you, lian, jia, zi, ran, tang, xia, de, re, lei, bu, chong, qia, dang, de, yan, fen, null, ta, men, xiang, xin, null, yong, zhe, zhong, fang, shi, null, neng, gou, mo, ping, si, kao, zhe, xian, zai, shi, bu, shi, guo, qu, xiang, yao, de, wei, lai, er, dai, lai, de, da, bu, fen, you, shang, null, xiao, li, de, fu, qin, zai, nian, qing, de, shi, hou, ye, shi, cong, ye, ye, shou, li, jie, shou, le, zu, chuan, de, dai, ma, null, bu, guo, ling, ren, jing, ya, de, shi, null, dao, le, xiao, li, zhe, yi, dai, null, hen, duo, dong, xi, dou, yi, shi, le, null, dan, shi, cheng, xu, yuan, ku, bi, de, wei, dao, bao, cun, de, shi, ru, ci, de, wan, zheng, null, null, jiu, zai, null, null, xiao, shi, zhi, qian, null, zui, xin, de, xu, qiu, cong, null, null, chu, chuan, lai, null, wei, le, de, dao, zhe, fen, zi, ran, de, kui, zeng, null, ma, nong, men, kai, ji, null, xie, ma, null, tiao, shi, null, chong, gou, null, si, ji, lun, hui, de, deng, dai, huan, lai, zhei, nan, de, de, feng, shou, shi, ke, null, ma, nong, zhi, dao, null, xu, qiu, de, bao, xian, qi, zhi, you, duan, duan, de, liang, tian, null, ma, nong, men, yao, yi, zui, kuai, de, su, du, dui, dai, ma, jin, xing, jing, zhi, de, jia, gong, null, ren, he, yi, ge, xu, qiu, dou, ke, neng, zai, null, null, xiao, shi, zhi, hou, shi, qu, yuan, ben, de, huo, li, null, bian, cheng, yi, wen, bu, zhi, de, la, ji, chuang, yi, null]
[zhèng, pĭn, háng, huò, null, zhèng, pĭn, háng, huò, null, mă, wán, dài, mă, null, tā, qĭ, shēn, guān, shàng, diàn, năo, null, yòng, gŭn, tàng, de, kāi, shuĭ, wéi, zì, jĭ, pào, zhì, yī, wăn, téng, zhe, rè, qì, de, lăo, tán, suān, cài, miàn, null, zhōng, guó, de, chéng, xù, yuán, gèng, piān, ài, lā, shàng, chuāng, lián, null, zài, hēi, àn, zhōng, xiăng, shòu, zhè, dú, tè, de, mĕi, shí, null, zhè, shì, xiàn, dài, gōng, yè, gĕi, yī, tiān, xīn, kŭ, láo, zuò, de, rén, zuì, hăo, de, kuì, zèng, null, nán, fāng, yī, dài, shēng, zhăng, de, chéng, xù, yuán, suī, rán, zài, jīng, chéng, duō, nián, null, dàn, réng, kŏu, wèi, qīng, dàn, null, tā, men, wăng, wăng, bù, jiā, liào, bāo, null, yóu, liăn, jiá, zì, rán, tăng, xià, de, rè, lèi, bŭ, chōng, qià, dàng, de, yán, fēn, null, tā, men, xiāng, xìn, null, yòng, zhè, zhŏng, fāng, shì, null, néng, gòu, mŏ, píng, sī, kăo, zhe, xiàn, zài, shì, bù, shì, guò, qù, xiăng, yào, de, wèi, lái, ér, dài, lái, de, dà, bù, fēn, yōu, shāng, null, xiăo, lĭ, de, fù, qīn, zài, nián, qīng, de, shí, hòu, yĕ, shì, cóng, yé, yé, shŏu, lĭ, jiē, shōu, le, zŭ, chuán, de, dài, mă, null, bù, guò, lìng, rén, jīng, yà, de, shì, null, dào, le, xiăo, lĭ, zhè, yī, dài, null, hĕn, duō, dōng, xī, dōu, yí, shī, le, null, dàn, shì, chéng, xù, yuán, kŭ, bī, de, wèi, dào, băo, cún, de, shì, rú, cĭ, de, wán, zhĕng, null, null, jiù, zài, null, null, xiăo, shí, zhī, qián, null, zuì, xīn, de, xū, qiú, cóng, null, null, chŭ, chuán, lái, null, wéi, le, dé, dào, zhè, fèn, zì, rán, de, kuì, zèng, null, mă, nóng, men, kāi, jī, null, xiĕ, mă, null, tiáo, shì, null, chóng, gòu, null, sì, jì, lún, huí, de, dĕng, dài, huàn, lái, zhèi, nán, dé, de, fēng, shōu, shí, kè, null, mă, nóng, zhī, dào, null, xū, qiú, de, băo, xiān, qī, zhĭ, yŏu, duăn, duăn, de, liăng, tiān, null, mă, nóng, men, yào, yĭ, zuì, kuài, de, sù, dù, duì, dài, mă, jìn, xíng, jīng, zhì, de, jiā, gōng, null, rèn, hé, yī, gè, xū, qiú, dōu, kĕ, néng, zài, null, null, xiăo, shí, zhī, hòu, shī, qù, yuán, bĕn, de, huó, lì, null, biàn, chéng, yī, wén, bù, zhí, de, lā, jī, chuàng, yì, null]
[z, p, h, h, null, z, p, h, h, null, m, w, d, m, null, t, q, s, g, s, d, n, null, y, g, t, d, k, s, w, z, j, p, z, y, w, t, z, r, q, d, l, t, s, c, m, null, z, g, d, c, x, y, g, p, a, l, s, c, l, null, z, h, a, z, x, s, z, d, t, d, m, s, null, z, s, x, d, g, y, g, y, t, x, k, l, z, d, r, z, h, d, k, z, null, n, f, y, d, s, z, d, c, x, y, s, r, z, j, c, d, n, null, d, r, k, w, q, d, null, t, m, w, w, b, j, l, b, null, y, l, j, z, r, t, x, d, r, l, b, c, q, d, d, y, f, null, t, m, x, x, null, y, z, z, f, s, null, n, g, m, p, s, k, z, x, z, s, b, s, g, q, x, y, d, w, l, e, d, l, d, d, b, f, y, s, null, x, l, d, f, q, z, n, q, d, s, h, y, s, c, y, y, s, l, j, s, l, z, c, d, d, m, null, b, g, l, r, j, y, d, s, null, d, l, x, l, z, y, d, null, h, d, d, x, d, y, s, l, null, d, s, c, x, y, k, b, d, w, d, b, c, d, s, r, c, d, w, z, null, null, j, z, null, null, x, s, z, q, null, z, x, d, x, q, c, null, null, c, c, l, null, w, l, d, d, z, f, z, r, d, k, z, null, m, n, m, k, j, null, x, m, null, t, s, null, c, g, null, s, j, l, h, d, d, d, h, l, z, n, d, d, f, s, s, k, null, m, n, z, d, null, x, q, d, b, x, q, z, y, d, d, d, l, t, null, m, n, m, y, y, z, k, d, s, d, d, d, m, j, x, j, z, d, j, g, null, r, h, y, g, x, q, d, k, n, z, null, null, x, s, z, h, s, q, y, b, d, h, l, null, b, c, y, w, b, z, d, l, j, c, y, null]
[zheng, pin, hang, huo, null, zheng, pin, hang, huo, null, ma, wan, dai, ma, null, ta, qi, shen, guan, shang, dian, nao, null, yong, gun, tang, de, kai, shui, wei, zi, ji, pao, zhi, yi, wan, teng, zhe, re, qi, de, lao, tan, suan, cai, mian, null, zhong, guo, de, cheng, xu, yuan, geng, pian, ai, la, shang, chuang, lian, null, zai, hei, an, zhong, xiang, shou, zhe, du, te, de, mei, shi, null, zhe, shi, xian, dai, gong, ye, gei, yi, tian, xin, ku, lao, zuo, de, ren, zui, hao, de, kui, zeng, null, nan, fang, yi, dai, sheng, zhang, de, cheng, xu, yuan, sui, ran, zai, jing, cheng, duo, nian, null, dan, reng, kou, wei, qing, dan, null, ta, men, wang, wang, bu, jia, liao, bao, null, you, lian, jia, zi, ran, tang, xia, de, re, lei, bu, chong, qia, dang, de, yan, fen, null, ta, men, xiang, xin, null, yong, zhe, zhong, fang, shi, null, neng, gou, mo, ping, si, kao, zhe, xian, zai, shi, bu, shi, guo, qu, xiang, yao, de, wei, lai, er, dai, lai, de, da, bu, fen, you, shang, null, xiao, li, de, fu, qin, zai, nian, qing, de, shi, hou, ye, shi, cong, ye, ye, shou, li, jie, shou, le, zu, chuan, de, dai, ma, null, bu, guo, ling, ren, jing, ya, de, shi, null, dao, le, xiao, li, zhe, yi, dai, null, hen, duo, dong, xi, dou, yi, shi, le, null, dan, shi, cheng, xu, yuan, ku, bi, de, wei, dao, bao, cun, de, shi, ru, ci, de, wan, zheng, null, null, jiu, zai, null, null, xiao, shi, zhi, qian, null, zui, xin, de, xu, qiu, cong, null, null, chu, chuan, lai, null, wei, le, de, dao, zhe, fen, zi, ran, de, kui, zeng, null, ma, nong, men, kai, ji, null, xie, ma, null, tiao, shi, null, chong, gou, null, si, ji, lun, hui, de, deng, dai, huan, lai, zhei, nan, de, de, feng, shou, shi, ke, null, ma, nong, zhi, dao, null, xu, qiu, de, bao, xian, qi, zhi, you, duan, duan, de, liang, tian, null, ma, nong, men, yao, yi, zui, kuai, de, su, du, dui, dai, ma, jin, xing, jing, zhi, de, jia, gong, null, ren, he, yi, ge, xu, qiu, dou, ke, neng, zai, null, null, xiao, shi, zhi, hou, shi, qu, yuan, ben, de, huo, li, null, bian, cheng, yi, wen, bu, zhi, de, la, ji, chuang, yi, null]
result1:[zheng4, pin3, hang2, huo4, null, zheng4, pin3, hang2, huo4, null, ma3, wan2, dai4, ma3, null, ta1, qi3, shen1, guan1, shang4, dian4, nao3, null, yong4, gun3, tang4, de5, kai1, shui3, wei2, zi4, ji3, pao4, zhi4, yi1, wan3, teng2, zhe5, re4, qi4, de5, lao3, tan2, suan1, cai4, mian4, null, zhong1, guo2, de5, cheng2, xu4, yuan2, geng4, pian1, ai4, la1, shang4, chuang1, lian2, null, zai4, hei1, an4, zhong1, xiang3, shou4, zhe4, du2, te4, de5, mei3, shi2, null, zhe4, shi4, xian4, dai4, gong1, ye4, gei3, yi1, tian1, xin1, ku3, lao2, zuo4, de5, ren2, zui4, hao3, de5, kui4, zeng4, null, nan2, fang1, yi1, dai4, sheng1, zhang3, de5, cheng2, xu4, yuan2, sui1, ran2, zai4, jing1, cheng2, duo1, nian2, null, dan4, reng2, kou3, wei4, qing1, dan4, null, ta1, men5, wang3, wang3, bu4, jia1, liao4, bao1, null, you2, lian3, jia2, zi4, ran2, tang3, xia4, de5, re4, lei4, bu3, chong1, qia4, dang4, de5, yan2, fen1, null, ta1, men5, xiang1, xin4, null, yong4, zhe4, zhong3, fang1, shi4, null, neng2, gou4, mo3, ping2, si1, kao3, zhe5, xian4, zai4, shi4, bu4, shi4, guo4, qu4, xiang3, yao4, de5, wei4, lai2, er2, dai4, lai2, de5, da4, bu4, fen1, you1, shang1, null, xiao3, li3, de5, fu4, qin1, zai4, nian2, qing1, de5, shi2, hou4, ye3, shi4, cong2, ye2, ye2, shou3, li3, jie1, shou1, le5, zu3, chuan2, de5, dai4, ma3, null, bu4, guo4, ling4, ren2, jing1, ya4, de5, shi4, null, dao4, le5, xiao3, li3, zhe4, yi1, dai4, null, hen3, duo1, dong1, xi1, dou1, yi2, shi1, le5, null, dan4, shi4, cheng2, xu4, yuan2, ku3, bi1, de5, wei4, dao4, bao3, cun2, de5, shi4, ru2, ci3, de5, wan2, zheng3, null, null, jiu4, zai4, null, null, xiao3, shi2, zhi1, qian2, null, zui4, xin1, de5, xu1, qiu2, cong2, null, null, chu3, chuan2, lai2, null, wei2, le5, de2, dao4, zhe4, fen4, zi4, ran2, de5, kui4, zeng4, null, ma3, nong2, men5, kai1, ji1, null, xie3, ma3, null, tiao2, shi4, null, chong2, gou4, null, si4, ji4, lun2, hui2, de5, deng3, dai4, huan4, lai2, zhei4, nan2, de2, de5, feng1, shou1, shi2, ke4, null, ma3, nong2, zhi1, dao4, null, xu1, qiu2, de5, bao3, xian1, qi1, zhi3, you3, duan3, duan3, de5, liang3, tian1, null, ma3, nong2, men5, yao4, yi3, zui4, kuai4, de5, su4, du4, dui4, dai4, ma3, jin4, xing2, jing1, zhi4, de5, jia1, gong1, null, ren4, he2, yi1, ge4, xu1, qiu2, dou1, ke3, neng2, zai4, null, null, xiao3, shi2, zhi1, hou4, shi1, qu4, yuan2, ben3, de5, huo2, li4, null, bian4, cheng2, yi1, wen2, bu4, zhi2, de5, la1, ji1, chuang4, yi4, null]
result2:[zheng4, pin3, hang2, huo4, null, zheng4, pin3, hang2, huo4, null, ma3, wan2, dai4, ma3, null, ta1, qi3, shen1, guan1, shang4, dian4, nao3, null, yong4, gun3, tang4, de5, kai1, shui3, wei2, zi4, ji3, pao4, zhi4, yi1, wan3, teng2, zhe5, re4, qi4, de5, lao3, tan2, suan1, cai4, mian4, null, zhong1, guo2, de5, cheng2, xu4, yuan2, geng4, pian1, ai4, la1, shang4, chuang1, lian2, null, zai4, hei1, an4, zhong1, xiang3, shou4, zhe4, du2, te4, de5, mei3, shi2, null, zhe4, shi4, xian4, dai4, gong1, ye4, gei3, yi1, tian1, xin1, ku3, lao2, zuo4, de5, ren2, zui4, hao3, de5, kui4, zeng4, null, nan2, fang1, yi1, dai4, sheng1, zhang3, de5, cheng2, xu4, yuan2, sui1, ran2, zai4, jing1, cheng2, duo1, nian2, null, dan4, reng2, kou3, wei4, qing1, dan4, null, ta1, men5, wang3, wang3, bu4, jia1, liao4, bao1, null, you2, lian3, jia2, zi4, ran2, tang3, xia4, de5, re4, lei4, bu3, chong1, qia4, dang4, de5, yan2, fen1, null, ta1, men5, xiang1, xin4, null, yong4, zhe4, zhong3, fang1, shi4, null, neng2, gou4, mo3, ping2, si1, kao3, zhe5, xian4, zai4, shi4, bu4, shi4, guo4, qu4, xiang3, yao4, de5, wei4, lai2, er2, dai4, lai2, de5, da4, bu4, fen1, you1, shang1, null, xiao3, li3, de5, fu4, qin1, zai4, nian2, qing1, de5, shi2, hou4, ye3, shi4, cong2, ye2, ye2, shou3, li3, jie1, shou1, le5, zu3, chuan2, de5, dai4, ma3, null, bu4, guo4, ling4, ren2, jing1, ya4, de5, shi4, null, dao4, le5, xiao3, li3, zhe4, yi1, dai4, null, hen3, duo1, dong1, xi1, dou1, yi2, shi1, le5, null, dan4, shi4, cheng2, xu4, yuan2, ku3, bi1, de5, wei4, dao4, bao3, cun2, de5, shi4, ru2, ci3, de5, wan2, zheng3, null, null, jiu4, zai4, null, null, xiao3, shi2, zhi1, qian2, null, zui4, xin1, de5, xu1, qiu2, cong2, null, null, chu3, chuan2, lai2, null, wei2, le5, de2, dao4, zhe4, fen4, zi4, ran2, de5, kui4, zeng4, null, ma3, nong2, men5, kai1, ji1, null, xie3, ma3, null, tiao2, shi4, null, chong2, gou4, null, si4, ji4, lun2, hui2, de5, deng3, dai4, huan4, lai2, zhei4, nan2, de2, de5, feng1, shou1, shi2, ke4, null, ma3, nong2, zhi1, dao4, null, xu1, qiu2, de5, bao3, xian1, qi1, zhi3, you3, duan3, duan3, de5, liang3, tian1, null, ma3, nong2, men5, yao4, yi3, zui4, kuai4, de5, su4, du4, dui4, dai4, ma3, jin4, xing2, jing1, zhi4, de5, jia1, gong1, null, ren4, he2, yi1, ge4, xu1, qiu2, dou1, ke3, neng2, zai4, null, null, xiao3, shi2, zhi1, hou4, shi1, qu4, yuan2, ben3, de5, huo2, li4, null, bian4, cheng2, yi1, wen2, bu4, zhi2, de5, la1, ji1, chuang4, yi4, null]
[zhèng, pĭn, háng, huò, null, zhèng, pĭn, háng, huò, null, mă, wán, dài, mă, null, tā, qĭ, shēn, guān, shàng, diàn, năo, null, yòng, gŭn, tàng, de, kāi, shuĭ, wéi, zì, jĭ, pào, zhì, yī, wăn, téng, zhe, rè, qì, de, lăo, tán, suān, cài, miàn, null, zhōng, guó, de, chéng, xù, yuán, gèng, piān, ài, lā, shàng, chuāng, lián, null, zài, hēi, àn, zhōng, xiăng, shòu, zhè, dú, tè, de, mĕi, shí, null, zhè, shì, xiàn, dài, gōng, yè, gĕi, yī, tiān, xīn, kŭ, láo, zuò, de, rén, zuì, hăo, de, kuì, zèng, null, nán, fāng, yī, dài, shēng, zhăng, de, chéng, xù, yuán, suī, rán, zài, jīng, chéng, duō, nián, null, dàn, réng, kŏu, wèi, qīng, dàn, null, tā, men, wăng, wăng, bù, jiā, liào, bāo, null, yóu, liăn, jiá, zì, rán, tăng, xià, de, rè, lèi, bŭ, chōng, qià, dàng, de, yán, fēn, null, tā, men, xiāng, xìn, null, yòng, zhè, zhŏng, fāng, shì, null, néng, gòu, mŏ, píng, sī, kăo, zhe, xiàn, zài, shì, bù, shì, guò, qù, xiăng, yào, de, wèi, lái, ér, dài, lái, de, dà, bù, fēn, yōu, shāng, null, xiăo, lĭ, de, fù, qīn, zài, nián, qīng, de, shí, hòu, yĕ, shì, cóng, yé, yé, shŏu, lĭ, jiē, shōu, le, zŭ, chuán, de, dài, mă, null, bù, guò, lìng, rén, jīng, yà, de, shì, null, dào, le, xiăo, lĭ, zhè, yī, dài, null, hĕn, duō, dōng, xī, dōu, yí, shī, le, null, dàn, shì, chéng, xù, yuán, kŭ, bī, de, wèi, dào, băo, cún, de, shì, rú, cĭ, de, wán, zhĕng, null, null, jiù, zài, null, null, xiăo, shí, zhī, qián, null, zuì, xīn, de, xū, qiú, cóng, null, null, chŭ, chuán, lái, null, wéi, le, dé, dào, zhè, fèn, zì, rán, de, kuì, zèng, null, mă, nóng, men, kāi, jī, null, xiĕ, mă, null, tiáo, shì, null, chóng, gòu, null, sì, jì, lún, huí, de, dĕng, dài, huàn, lái, zhèi, nán, dé, de, fēng, shōu, shí, kè, null, mă, nóng, zhī, dào, null, xū, qiú, de, băo, xiān, qī, zhĭ, yŏu, duăn, duăn, de, liăng, tiān, null, mă, nóng, men, yào, yĭ, zuì, kuài, de, sù, dù, duì, dài, mă, jìn, xíng, jīng, zhì, de, jiā, gōng, null, rèn, hé, yī, gè, xū, qiú, dōu, kĕ, néng, zài, null, null, xiăo, shí, zhī, hòu, shī, qù, yuán, bĕn, de, huó, lì, null, biàn, chéng, yī, wén, bù, zhí, de, lā, jī, chuàng, yì, null]
zhèng pĭn háng huò NULL zhèng pĭn háng huò NULL mă wán dài mă NULL tā qĭ shēn guān shàng diàn năo NULL yòng gŭn tàng de kāi shuĭ wéi zì jĭ pào zhì yī wăn téng zhe rè qì de lăo tán suān cài miàn NULL zhōng guó de chéng xù yuán gèng piān ài lā shàng chuāng lián NULL zài hēi àn zhōng xiăng shòu zhè dú tè de mĕi shí NULL zhè shì xiàn dài gōng yè gĕi yī tiān xīn kŭ láo zuò de rén zuì hăo de kuì zèng NULL nán fāng yī dài shēng zhăng de chéng xù yuán suī rán zài jīng chéng duō nián NULL dàn réng kŏu wèi qīng dàn NULL tā men wăng wăng bù jiā liào bāo NULL yóu liăn jiá zì rán tăng xià de rè lèi bŭ chōng qià dàng de yán fēn NULL tā men xiāng xìn NULL yòng zhè zhŏng fāng shì NULL néng gòu mŏ píng sī kăo zhe xiàn zài shì bù shì guò qù xiăng yào de wèi lái ér dài lái de dà bù fēn yōu shāng NULL xiăo lĭ de fù qīn zài nián qīng de shí hòu yĕ shì cóng yé yé shŏu lĭ jiē shōu le zŭ chuán de dài mă NULL bù guò lìng rén jīng yà de shì NULL dào le xiăo lĭ zhè yī dài NULL hĕn duō dōng xī dōu yí shī le NULL dàn shì chéng xù yuán kŭ bī de wèi dào băo cún de shì rú cĭ de wán zhĕng NULL NULL jiù zài NULL NULL xiăo shí zhī qián NULL zuì xīn de xū qiú cóng NULL NULL chŭ chuán lái NULL wéi le dé dào zhè fèn zì rán de kuì zèng NULL mă nóng men kāi jī NULL xiĕ mă NULL tiáo shì NULL chóng gòu NULL sì jì lún huí de dĕng dài huàn lái zhèi nán dé de fēng shōu shí kè NULL mă nóng zhī dào NULL xū qiú de băo xiān qī zhĭ yŏu duăn duăn de liăng tiān NULL mă nóng men yào yĭ zuì kuài de sù dù duì dài mă jìn xíng jīng zhì de jiā gōng NULL rèn hé yī gè xū qiú dōu kĕ néng zài NULL NULL xiăo shí zhī hòu shī qù yuán bĕn de huó lì NULL biàn chéng yī wén bù zhí de lā jī chuàng yì NULL
zhèng pĭn háng huò zhèng pĭn háng huò mă wán dài mă tā qĭ shēn guān shàng diàn năo yòng gŭn tàng de kāi shuĭ wéi zì jĭ pào zhì yī wăn téng zhe rè qì de lăo tán suān cài miàn zhōng guó de chéng xù yuán gèng piān ài lā shàng chuāng lián zài hēi àn zhōng xiăng shòu zhè dú tè de mĕi shí zhè shì xiàn dài gōng yè gĕi yī tiān xīn kŭ láo zuò de rén zuì hăo de kuì zèng nán fāng yī dài shēng zhăng de chéng xù yuán suī rán zài jīng chéng duō nián dàn réng kŏu wèi qīng dàn tā men wăng wăng bù jiā liào bāo yóu liăn jiá zì rán tăng xià de rè lèi bŭ chōng qià dàng de yán fēn tā men xiāng xìn yòng zhè zhŏng fāng shì néng gòu mŏ píng sī kăo zhe xiàn zài shì bù shì guò qù xiăng yào de wèi lái ér dài lái de dà bù fēn yōu shāng xiăo lĭ de fù qīn zài nián qīng de shí hòu yĕ shì cóng yé yé shŏu lĭ jiē shōu le zŭ chuán de dài mă bù guò lìng rén jīng yà de shì dào le xiăo lĭ zhè yī dài hĕn duō dōng xī dōu yí shī le dàn shì chéng xù yuán kŭ bī de wèi dào băo cún de shì rú cĭ de wán zhĕng jiù zài xiăo shí zhī qián zuì xīn de xū qiú cóng chŭ chuán lái wéi le dé dào zhè fèn zì rán de kuì zèng mă nóng men kāi jī xiĕ mă tiáo shì chóng gòu sì jì lún huí de dĕng dài huàn lái zhèi nán dé de fēng shōu shí kè mă nóng zhī dào xū qiú de băo xiān qī zhĭ yŏu duăn duăn de liăng tiān mă nóng men yào yĭ zuì kuài de sù dù duì dài mă jìn xíng jīng zhì de jiā gōng rèn hé yī gè xū qiú dōu kĕ néng zài xiăo shí zhī hòu shī qù yuán bĕn de huó lì biàn chéng yī wén bù zhí de lā jī chuàng yì
Tests run: 7, Failures: 0, Errors: 0, Skipped: 0, Time elapsed: 0.216 sec
Running org.nlpcn.commons.lang.index.MemoryIndexTest
[中国]
[中国]
[中国]
[中国]
init ok use time 1
Tests run: 1, Failures: 0, Errors: 0, Skipped: 0, Time elapsed: 0.001 sec
Running org.nlpcn.commons.lang.standardization.SentencesUtilTest
中国
123.1 你好。
123 hello word . hello word
Tests run: 1, Failures: 0, Errors: 0, Skipped: 0, Time elapsed: 0.001 sec
Running org.nlpcn.commons.lang.tire.splitWord.SmartGetWordTest
android	3
java	3
中国	3
0
Tests run: 1, Failures: 0, Errors: 0, Skipped: 0, Time elapsed: 0.001 sec
Running org.nlpcn.commons.lang.tire.splitWord.LibraryTest
Tests run: 1, Failures: 0, Errors: 0, Skipped: 0, Time elapsed: 0.074 sec
Running org.nlpcn.commons.lang.tire.splitWord.ObjTreeTest
null
null
null
null
null
Tests run: 1, Failures: 0, Errors: 0, Skipped: 0, Time elapsed: 0.001 sec
Running org.nlpcn.commons.lang.tire.splitWord.ForestTest
Tests run: 2, Failures: 0, Errors: 0, Skipped: 0, Time elapsed: 0.428 sec

Results :

Tests run: 32, Failures: 0, Errors: 0, Skipped: 0

[INFO] ------------------------------------------------------------------------
[INFO] BUILD SUCCESS
[INFO] ------------------------------------------------------------------------
[INFO] Total time:  24.508 s
[INFO] Finished at: 2021-02-14T20:44:52Z
[INFO] ------------------------------------------------------------------------
