[INFO] Scanning for projects...
[INFO] 
[INFO] --------------------------< linux.org.ru:lor >--------------------------
[INFO] Building Linux.org.ru 1.0-SNAPSHOT
[INFO] --------------------------------[ war ]---------------------------------
[INFO] 
[INFO] --- maven-dependency-plugin:3.0.0:unpack (unpack) @ lor ---
[INFO] Configured Artifact: org.webjars:jquery-validation:1.17.0:jar
[INFO] Configured Artifact: org.webjars:jquery-form:4.2.1:jar
[INFO] Configured Artifact: org.webjars:google-diff-match-patch:20121119-1:jar
[INFO] Configured Artifact: org.webjars:momentjs:2.24.0:jar
[INFO] jquery-validation-1.17.0.jar already unpacked.
[INFO] jquery-form-4.2.1.jar already unpacked.
[INFO] google-diff-match-patch-20121119-1.jar already unpacked.
[INFO] momentjs-2.24.0.jar already unpacked.
[INFO] 
[INFO] --- sass-maven-plugin:3.5.2:update-stylesheets (default) @ lor ---
[INFO] Checked 0 files for /workdir/lorsource/src/main/sass
[INFO] Checked 0 filtered (**/*.css) files for /workdir/lorsource/target/lor-1.0-SNAPSHOT/css
[INFO] Compiling Sass templates
[INFO] Queueing Sass template for compile: /workdir/lorsource/src/main/webapp/sass => /workdir/lorsource/target/lor-1.0-SNAPSHOT
[INFO]     >> /workdir/lorsource/src/main/webapp/sass/black/style.scss => /workdir/lorsource/target/lor-1.0-SNAPSHOT/black/style.css
[INFO]     >> /workdir/lorsource/src/main/webapp/sass/opensans.scss => /workdir/lorsource/target/lor-1.0-SNAPSHOT/opensans.css
[INFO]     >> /workdir/lorsource/src/main/webapp/sass/tango/main.scss => /workdir/lorsource/target/lor-1.0-SNAPSHOT/tango/main.css
[INFO]     >> /workdir/lorsource/src/main/webapp/sass/waltz/style.scss => /workdir/lorsource/target/lor-1.0-SNAPSHOT/waltz/style.css
[INFO]     >> /workdir/lorsource/src/main/webapp/sass/white2/style.scss => /workdir/lorsource/target/lor-1.0-SNAPSHOT/white2/style.css
[INFO]     >> /workdir/lorsource/src/main/webapp/sass/zomg_ponies/style.scss => /workdir/lorsource/target/lor-1.0-SNAPSHOT/zomg_ponies/style.css
[INFO] 
[INFO] --- maven-resources-plugin:2.6:resources (default-resources) @ lor ---
[INFO] Using 'UTF-8' encoding to copy filtered resources.
[INFO] Copying 3 resources
[INFO] 
[INFO] --- scala-maven-plugin:3.3.2:add-source (scala-compile-first) @ lor ---
[INFO] Add Source directory: /workdir/lorsource/src/main/scala
[INFO] Add Test Source directory: /workdir/lorsource/src/test/scala
[INFO] 
[INFO] --- scala-maven-plugin:3.3.2:compile (scala-compile-first) @ lor ---
[WARNING]  Expected all dependencies to require Scala version: 2.13.1
[WARNING]  com.typesafe.akka:akka-actor_2.13:2.6.4 requires scala version: 2.13.1
[WARNING]  org.scala-lang.modules:scala-java8-compat_2.13:0.9.0 requires scala version: 2.13.0
[WARNING] Multiple versions of scala libraries detected!
[INFO] Using incremental compilation
[WARNING] Pruning sources from previous analysis, due to incompatible CompileSetup.
[INFO] Compiling 80 Scala sources and 244 Java sources to /workdir/lorsource/target/classes...
[WARNING] /workdir/lorsource/src/main/scala/org/springframework/scala/jdbc/core/JdbcTemplate.scala:22: Unused import
[WARNING] import org.springframework.dao.{DataAccessException, IncorrectResultSizeDataAccessException}
[WARNING]                                                      ^
[WARNING] /workdir/lorsource/src/main/scala/ru/org/linux/comment/AddCommentController.scala:139: a type was inferred to be `Object`; this may indicate a programming error.
[WARNING]         Map("postscoreInfo" -> TopicPermissionService.getPostScoreInfo(postscore),
[WARNING]         ^
[WARNING] /workdir/lorsource/src/main/scala/ru/org/linux/comment/AddCommentController.scala:179: a type was inferred to be `Object`; this may indicate a programming error.
[WARNING]         Map("errors" -> errorsList.asJava,
[WARNING]         ^
[WARNING] /workdir/lorsource/src/main/scala/ru/org/linux/realtime/RealtimeEventHub.scala:45: inheritance from class HashMap in package mutable is deprecated (since 2.13.0): HashMap wil be made final; use .withDefault for the common use case of computing a default value
[WARNING]   private val data = new mutable.HashMap[Int, mutable.Set[ActorRef]] with mutable.MultiMap[Int, ActorRef]
[WARNING]                                  ^
[WARNING] /workdir/lorsource/src/main/scala/ru/org/linux/topic/DeleteTopicController.scala:114: a type was inferred to be `Object`; this may indicate a programming error.
[WARNING]     new ModelAndView("undelete", Map(
[WARNING]                                  ^
[WARNING] /workdir/lorsource/src/main/scala/ru/org/linux/topic/TopicModificationController.scala:163: a type was inferred to be `Object`; this may indicate a programming error.
[WARNING]     new ModelAndView("mtn", Map (
[WARNING]                             ^
[WARNING] /workdir/lorsource/src/main/scala/ru/org/linux/topic/TopicModificationController.scala:182: a type was inferred to be `Object`; this may indicate a programming error.
[WARNING]     new ModelAndView("mtn", Map(
[WARNING]                             ^
[WARNING] /workdir/lorsource/src/main/scala/ru/org/linux/topic/TopicModificationController.scala:201: a type was inferred to be `Object`; this may indicate a programming error.
[WARNING]     new ModelAndView("uncommit", Map(
[WARNING]                                  ^
[WARNING] /workdir/lorsource/src/main/scala/org/springframework/scala/jdbc/core/JdbcTemplate.scala:1013: method mapValues in trait MapOps is deprecated (since 2.13.0): Use .view.mapValues(f). A future version will include a strict version of this method (for now, .view.mapValues(f).toMap).
[WARNING] 		map.asScala.toMap.mapValues(_.asInstanceOf[Any]).toMap
[WARNING] 		                  ^
[WARNING] /workdir/lorsource/src/main/scala/ru/org/linux/comment/AddCommentController.scala:78: method + in trait MapOps is deprecated (since 2.13.0): Consider requiring an immutable Map or fall back to Map.concat.
[WARNING]     new ModelAndView("add_comment", (commentService.prepareReplyto(add).asScala + (
[WARNING]                                                                                 ^
[WARNING] /workdir/lorsource/src/main/scala/ru/org/linux/realtime/RealtimeEventHub.scala:45: trait MultiMap in package mutable is deprecated (since 2.13.0): Use a scala.collection.mutable.MultiDict in the scala-collection-contrib module
[WARNING]   private val data = new mutable.HashMap[Int, mutable.Set[ActorRef]] with mutable.MultiMap[Int, ActorRef]
[WARNING]                                                                                   ^
[WARNING] /workdir/lorsource/src/main/scala/ru/org/linux/realtime/RealtimeEventHub.scala:116: method schedule in trait Scheduler is deprecated (since 2.6.0): Use scheduleWithFixedDelay or scheduleAtFixedRate instead. This has the same semantics as scheduleAtFixedRate, but scheduleWithFixedDelay is often preferred.
[WARNING]   private val schedule = context.system.scheduler.schedule(5.seconds, 1.minute, self, Tick)
[WARNING]                                                   ^
[WARNING] /workdir/lorsource/src/main/scala/ru/org/linux/search/ElasticsearchConfiguration.scala:27: class InternalLocalNode in package embedded is deprecated (since 6.5): The elasticsearch embedded module will be removed in 7.0
[WARNING] case class MaybeNode(node: Option[InternalLocalNode]) {
[WARNING]                            ^
[WARNING] /workdir/lorsource/src/main/scala/ru/org/linux/search/ElasticsearchConfiguration.scala:27: class InternalLocalNode in package embedded is deprecated (since 6.5): The elasticsearch embedded module will be removed in 7.0
[WARNING] case class MaybeNode(node: Option[InternalLocalNode]) {
[WARNING]            ^
[WARNING] /workdir/lorsource/src/main/scala/ru/org/linux/search/ElasticsearchConfiguration.scala:47: method apply in object ElasticClient is deprecated (since 6.3.3): Use apply(ElasticProperties)
[WARNING]         ElasticClient(ElasticsearchClientUri("localhost", 9200))
[WARNING]         ^
[WARNING] /workdir/lorsource/src/main/scala/ru/org/linux/search/ElasticsearchConfiguration.scala:47: object ElasticsearchClientUri in package elastic4s is deprecated (since 6.3.3): Use ElasticNodeEndpoint
[WARNING]         ElasticClient(ElasticsearchClientUri("localhost", 9200))
[WARNING]                       ^
[WARNING] /workdir/lorsource/src/main/scala/ru/org/linux/search/ElasticsearchConfiguration.scala:49: method apply in object ElasticClient is deprecated (since 6.3.3): Use apply(ElasticProperties)
[WARNING]         ElasticClient(ElasticsearchClientUri(config.getElasticsearch, 9200))
[WARNING]         ^
[WARNING] /workdir/lorsource/src/main/scala/ru/org/linux/search/ElasticsearchConfiguration.scala:49: object ElasticsearchClientUri in package elastic4s is deprecated (since 6.3.3): Use ElasticNodeEndpoint
[WARNING]         ElasticClient(ElasticsearchClientUri(config.getElasticsearch, 9200))
[WARNING]                       ^
[WARNING] /workdir/lorsource/src/main/scala/ru/org/linux/search/ElasticsearchConfiguration.scala:55: class InternalLocalNode in package embedded is deprecated (since 6.5): The elasticsearch embedded module will be removed in 7.0
[WARNING]   def createEmbedded(name: String, homePath: String): InternalLocalNode = {
[WARNING]                                                       ^
[WARNING] /workdir/lorsource/src/main/scala/ru/org/linux/search/ElasticsearchConfiguration.scala:56: method requiredSettings in object LocalNode is deprecated (since 6.5): The elasticsearch embedded module will be removed in 7.0
[WARNING]     val settings = LocalNode.requiredSettings(name, homePath).foldLeft(Settings.builder) {
[WARNING]                              ^
[WARNING] /workdir/lorsource/src/main/scala/ru/org/linux/search/ElasticsearchConfiguration.scala:56: object LocalNode in package embedded is deprecated (since 6.5): The elasticsearch embedded module will be removed in 7.0
[WARNING]     val settings = LocalNode.requiredSettings(name, homePath).foldLeft(Settings.builder) {
[WARNING]                    ^
[WARNING] /workdir/lorsource/src/main/scala/ru/org/linux/search/ElasticsearchConfiguration.scala:70: class InternalLocalNode in package embedded is deprecated (since 6.5): The elasticsearch embedded module will be removed in 7.0
[WARNING]     new InternalLocalNode(mergedSettings, plugins)
[WARNING]         ^
[WARNING] /workdir/lorsource/src/main/scala/ru/org/linux/search/MoreLikeThisService.scala:138: constructor Integer in class Integer is deprecated: see corresponding Javadoc for more information.
[WARNING]     val link = builder.buildAndExpand(section, group, new Integer(hit.id)).toUriString
[WARNING]                                                       ^
[WARNING] /workdir/lorsource/src/main/scala/ru/org/linux/search/SearchResultService.scala:107: constructor Integer in class Integer is deprecated: see corresponding Javadoc for more information.
[WARNING]       builder.buildAndExpand(section, group, new Integer(topic), msgid).toUriString
[WARNING]                                              ^
[WARNING] /workdir/lorsource/src/main/scala/ru/org/linux/search/SearchResultService.scala:110: constructor Integer in class Integer is deprecated: see corresponding Javadoc for more information.
[WARNING]       builder.buildAndExpand(section, group, new Integer(topic)).toUriString
[WARNING]                                              ^
[WARNING] /workdir/lorsource/src/main/scala/ru/org/linux/user/EditProfileController.scala:61: method + in trait SetOps is deprecated (since 2.13.0): Consider requiring an immutable Set or fall back to Set.union
[WARNING]     params.put("topicsValues", (DefaultProfile.TOPICS_VALUES.asScala + tmpl.getProf.getTopics).toSeq.sorted.asJava)
[WARNING]                                                                      ^
[WARNING] /workdir/lorsource/src/main/scala/ru/org/linux/user/EditProfileController.scala:62: method + in trait SetOps is deprecated (since 2.13.0): Consider requiring an immutable Set or fall back to Set.union
[WARNING]     params.put("messagesValues", (DefaultProfile.COMMENTS_VALUES.asScala + tmpl.getProf.getMessages).toSeq.sorted.asJava)
[WARNING]                                                                          ^
[WARNING] /workdir/lorsource/src/main/scala/ru/org/linux/user/UserEventPrepareService.scala:44: method mapValues in trait MapOps is deprecated (since 2.13.0): Use .view.mapValues(f). A future version will include a strict version of this method (for now, .view.mapValues(f).toMap).
[WARNING]     val tags = tagService.tagRefs(evts.map(_.getTopicId).distinct).mapValues(_.map(_.name))
[WARNING]                                                                    ^
[WARNING] 28 warnings found
[WARNING] Note: /workdir/lorsource/src/main/java/ru/org/linux/search/SearchController.java uses or overrides a deprecated API.
[WARNING] Note: Recompile with -Xlint:deprecation for details.
[WARNING] Note: Some input files use unchecked or unsafe operations.
[WARNING] Note: Recompile with -Xlint:unchecked for details.
[INFO] 
[INFO] --- maven-compiler-plugin:3.7.0:compile (default-compile) @ lor ---
[INFO] Nothing to compile - all classes are up to date
[INFO] 
[INFO] --- yuicompressor-maven-plugin:1.3.3:compress (default) @ lor ---
[INFO] nothing to do, /workdir/lorsource/target/lor-1.0-SNAPSHOT/black/ir_black.css is younger than original, use 'force' option or clean your target
[INFO] nothing to do, /workdir/lorsource/target/lor-1.0-SNAPSHOT/white2/idea.css is younger than original, use 'force' option or clean your target
[INFO] nothing to do, /workdir/lorsource/target/lor-1.0-SNAPSHOT/waltz/syntax.css is younger than original, use 'force' option or clean your target
[INFO] nothing to do, /workdir/lorsource/target/lor-1.0-SNAPSHOT/js/jqueryui/jquery-ui-1.10.3.custom.min.css is younger than original, use 'force' option or clean your target
[INFO] nothing to do, /workdir/lorsource/target/lor-1.0-SNAPSHOT/js/jqueryui/jquery-ui-1.10.3.custom.min.js is younger than original, use 'force' option or clean your target
[INFO] nothing to do, /workdir/lorsource/target/lor-1.0-SNAPSHOT/js/jquery.hotkeys.js is younger than original, use 'force' option or clean your target
[INFO] nothing to do, /workdir/lorsource/target/lor-1.0-SNAPSHOT/js/jquery.validate.ru.js is younger than original, use 'force' option or clean your target
[INFO] nothing to do, /workdir/lorsource/target/lor-1.0-SNAPSHOT/js/jquery.popover-1.1.2.js is younger than original, use 'force' option or clean your target
[INFO] nothing to do, /workdir/lorsource/target/lor-1.0-SNAPSHOT/js/addComments.js is younger than original, use 'force' option or clean your target
[INFO] nothing to do, /workdir/lorsource/target/lor-1.0-SNAPSHOT/js/tagsAutocomplete.js is younger than original, use 'force' option or clean your target
[INFO] nothing to do, /workdir/lorsource/target/lor-1.0-SNAPSHOT/js/lor.js is younger than original, use 'force' option or clean your target
[INFO] nothing to do, /workdir/lorsource/target/lor-1.0-SNAPSHOT/js/pattern.js is younger than original, use 'force' option or clean your target
[INFO] nothing to do, /workdir/lorsource/target/lor-1.0-SNAPSHOT/js/highlight.pack.js is younger than original, use 'force' option or clean your target
[INFO] nothing to do, /workdir/lorsource/target/lor-1.0-SNAPSHOT/js/jquery.swfobject.1-1-1.min.js is younger than original, use 'force' option or clean your target
[INFO] nothing to do, /workdir/lorsource/target/lor-1.0-SNAPSHOT/js/realtime.js is younger than original, use 'force' option or clean your target
[INFO] nothing to do, /workdir/lorsource/target/lor-1.0-SNAPSHOT/js/lor_view_diff_history.js is younger than original, use 'force' option or clean your target
[INFO] nothing to do, /workdir/lorsource/target/lor-1.0-SNAPSHOT/js/script.min.js is younger than original, use 'force' option or clean your target
[INFO] nothing to do, /workdir/lorsource/target/lor-1.0-SNAPSHOT/tango/tango-swamp.css is younger than original, use 'force' option or clean your target
[INFO] nothing to do, /workdir/lorsource/target/lor-1.0-SNAPSHOT/tango/popover.css is younger than original, use 'force' option or clean your target
[INFO] nothing to do, /workdir/lorsource/target/lor-1.0-SNAPSHOT/tango/syntax.css is younger than original, use 'force' option or clean your target
[INFO] generate aggregation : /workdir/lorsource/target/lor-1.0-SNAPSHOT/js/diff_match_patch.js
[INFO] diff_match_patch.js (76494b)
[INFO] generate aggregation : /workdir/lorsource/target/lor-1.0-SNAPSHOT/js/plugins.js
[INFO] plugins.js (113553b)
[INFO] generate aggregation : /workdir/lorsource/target/lor-1.0-SNAPSHOT/tango/combined.css
[INFO] combined.css (31195b)
[INFO] generate aggregation : /workdir/lorsource/target/lor-1.0-SNAPSHOT/qrerror/combined.css
[INFO] combined.css (28858b)
[INFO] generate aggregation : /workdir/lorsource/target/lor-1.0-SNAPSHOT/zomg_ponies/combined.css
[INFO] combined.css (35129b)
[INFO] generate aggregation : /workdir/lorsource/target/lor-1.0-SNAPSHOT/waltz/combined.css
[INFO] combined.css (29160b)
[INFO] generate aggregation : /workdir/lorsource/target/lor-1.0-SNAPSHOT/black/combined.css
[INFO] combined.css (26736b)
[INFO] generate aggregation : /workdir/lorsource/target/lor-1.0-SNAPSHOT/white2/combined.css
[INFO] combined.css (26728b)
[INFO] nb warnings: 0, nb errors: 0
[INFO] 
[INFO] --- maven-antrun-plugin:1.7:run (create-temp-storage) @ lor ---
[WARNING] Parameter tasks is deprecated, use target instead
[INFO] Executing tasks

main:
[INFO] Executed tasks
[INFO] 
[INFO] --- maven-resources-plugin:2.6:testResources (default-testResources) @ lor ---
[INFO] Using 'UTF-8' encoding to copy filtered resources.
[INFO] Copying 11 resources
[INFO] 
[INFO] --- scala-maven-plugin:3.3.2:testCompile (scala-test-compile) @ lor ---
[WARNING]  Expected all dependencies to require Scala version: 2.13.1
[WARNING]  com.typesafe.akka:akka-actor_2.13:2.6.4 requires scala version: 2.13.1
[WARNING]  org.scala-lang.modules:scala-java8-compat_2.13:0.9.0 requires scala version: 2.13.0
[WARNING] Multiple versions of scala libraries detected!
[INFO] Using incremental compilation
[WARNING] Pruning sources from previous analysis, due to incompatible CompileSetup.
[INFO] Compiling 8 Scala sources and 51 Java sources to /workdir/lorsource/target/test-classes...
[WARNING] /workdir/lorsource/src/test/scala/ru/org/linux/search/ElasticsearchIndexServiceIntegrationSpec.scala:76: method apply in object ElasticClient is deprecated (since 6.3.3): Use apply(ElasticProperties)
[WARNING]     ElasticClient(ElasticsearchClientUri("localhost", 9200))
[WARNING]     ^
[WARNING] /workdir/lorsource/src/test/scala/ru/org/linux/search/ElasticsearchIndexServiceIntegrationSpec.scala:76: object ElasticsearchClientUri in package elastic4s is deprecated (since 6.3.3): Use ElasticNodeEndpoint
[WARNING]     ElasticClient(ElasticsearchClientUri("localhost", 9200))
[WARNING]                   ^
[WARNING] two warnings found
[WARNING] Note: /workdir/lorsource/src/test/java/ru/org/linux/util/HTMLFormatterTest.java uses or overrides a deprecated API.
[WARNING] Note: Recompile with -Xlint:deprecation for details.
[INFO] 
[INFO] --- maven-compiler-plugin:3.7.0:testCompile (default-testCompile) @ lor ---
[INFO] Nothing to compile - all classes are up to date
[INFO] 
[INFO] --- maven-surefire-plugin:2.19.1:test (default-test) @ lor ---
[INFO] Tests are skipped.
[INFO] 
[INFO] --- maven-surefire-plugin:2.19.1:test (unit-tests) @ lor ---

-------------------------------------------------------
 T E S T S
-------------------------------------------------------
Feb 14, 2021 3:56:34 PM org.springframework.test.context.web.WebTestContextBootstrapper getDefaultTestExecutionListenerClassNames
INFO: Loaded default TestExecutionListener class names from location [META-INF/spring.factories]: [org.springframework.test.context.web.ServletTestExecutionListener, org.springframework.test.context.support.DirtiesContextBeforeModesTestExecutionListener, org.springframework.test.context.support.DependencyInjectionTestExecutionListener, org.springframework.test.context.support.DirtiesContextTestExecutionListener, org.springframework.test.context.transaction.TransactionalTestExecutionListener, org.springframework.test.context.jdbc.SqlScriptsTestExecutionListener]
Feb 14, 2021 3:56:34 PM org.springframework.test.context.web.WebTestContextBootstrapper getTestExecutionListeners
INFO: Using TestExecutionListeners: [org.springframework.test.context.web.ServletTestExecutionListener@2d6c53fc, org.springframework.test.context.support.DirtiesContextBeforeModesTestExecutionListener@25f4878b, org.springframework.test.context.support.DependencyInjectionTestExecutionListener@4e423aa2, org.springframework.test.context.support.DirtiesContextTestExecutionListener@7fbdb894, org.springframework.test.context.transaction.TransactionalTestExecutionListener@3081f72c, org.springframework.test.context.jdbc.SqlScriptsTestExecutionListener@3148f668]
Feb 14, 2021 3:56:34 PM org.springframework.test.context.support.DefaultTestContextBootstrapper getDefaultTestExecutionListenerClassNames
INFO: Loaded default TestExecutionListener class names from location [META-INF/spring.factories]: [org.springframework.test.context.web.ServletTestExecutionListener, org.springframework.test.context.support.DirtiesContextBeforeModesTestExecutionListener, org.springframework.test.context.support.DependencyInjectionTestExecutionListener, org.springframework.test.context.support.DirtiesContextTestExecutionListener, org.springframework.test.context.transaction.TransactionalTestExecutionListener, org.springframework.test.context.jdbc.SqlScriptsTestExecutionListener]
Feb 14, 2021 3:56:34 PM org.springframework.test.context.support.DefaultTestContextBootstrapper getTestExecutionListeners
INFO: Using TestExecutionListeners: [org.springframework.test.context.web.ServletTestExecutionListener@d71adc2, org.springframework.test.context.support.DirtiesContextBeforeModesTestExecutionListener@3add81c4, org.springframework.test.context.support.DependencyInjectionTestExecutionListener@1a1d3c1a, org.springframework.test.context.support.DirtiesContextTestExecutionListener@1c65121, org.springframework.test.context.transaction.TransactionalTestExecutionListener@159e366, org.springframework.test.context.jdbc.SqlScriptsTestExecutionListener@57dc9128]
Running ru.org.linux.util.StringUtilTest
Tests run: 3, Failures: 0, Errors: 0, Skipped: 0, Time elapsed: 0.024 sec - in ru.org.linux.util.StringUtilTest
WARNING: An illegal reflective access operation has occurred
WARNING: Illegal reflective access by org.mockito.cglib.core.ReflectUtils$2 (file:/home/maven/.m2/repository/org/mockito/mockito-all/1.9.0/mockito-all-1.9.0.jar) to method java.lang.ClassLoader.defineClass(java.lang.String,byte[],int,int,java.security.ProtectionDomain)
WARNING: Please consider reporting this to the maintainers of org.mockito.cglib.core.ReflectUtils$2
WARNING: Use --illegal-access=warn to enable warnings of further illegal reflective access operations
WARNING: All illegal access operations will be denied in a future release
Feb 14, 2021 3:56:35 PM org.springframework.web.context.support.GenericWebApplicationContext prepareRefresh
INFO: Refreshing org.springframework.web.context.support.GenericWebApplicationContext@68a12405: startup date [Sun Feb 14 15:56:35 UTC 2021]; root of context hierarchy
Running ru.org.linux.util.bbcode.MemberTagTest
Tests run: 6, Failures: 0, Errors: 0, Skipped: 0, Time elapsed: 0.579 sec - in ru.org.linux.util.bbcode.MemberTagTest
Running ru.org.linux.util.bbcode.SimpleParserTest
Tests run: 28, Failures: 0, Errors: 0, Skipped: 0, Time elapsed: 0.098 sec - in ru.org.linux.util.bbcode.SimpleParserTest
Running ru.org.linux.util.bbcode.VulnerabilityTest
Tests run: 4, Failures: 0, Errors: 0, Skipped: 0, Time elapsed: 0.004 sec - in ru.org.linux.util.bbcode.VulnerabilityTest
Running ru.org.linux.util.bbcode.OldParserTest
Tests run: 6, Failures: 0, Errors: 0, Skipped: 0, Time elapsed: 0.001 sec - in ru.org.linux.util.bbcode.OldParserTest
Feb 14, 2021 3:56:35 PM org.springframework.beans.factory.annotation.AutowiredAnnotationBeanPostProcessor <init>
INFO: JSR-330 'javax.inject.Inject' annotation found and supported for autowiring
Running ru.org.linux.topic.GroupPermissionServiceTest
Tests run: 5, Failures: 0, Errors: 0, Skipped: 0, Time elapsed: 0.945 sec - in ru.org.linux.topic.GroupPermissionServiceTest
Running ru.org.linux.util.LorURITest
Tests run: 18, Failures: 0, Errors: 0, Skipped: 0, Time elapsed: 0.06 sec - in ru.org.linux.util.LorURITest
Running ru.org.linux.util.image.ImageInfoBenchTest
Tests run: 2, Failures: 0, Errors: 0, Skipped: 0, Time elapsed: 1.081 sec - in ru.org.linux.util.image.ImageInfoBenchTest
Running ru.org.linux.spring.PrepareServiceTest
Tests run: 1, Failures: 0, Errors: 0, Skipped: 0, Time elapsed: 1.201 sec - in ru.org.linux.spring.PrepareServiceTest
Feb 14, 2021 3:56:36 PM org.springframework.web.servlet.mvc.method.annotation.RequestMappingHandlerMapping register
INFO: Mapped "{[/help/{page}]}" onto public org.springframework.web.servlet.ModelAndView ru.org.linux.help.HelpController.helpPage(javax.servlet.ServletRequest,java.lang.String)
Feb 14, 2021 3:56:36 PM org.springframework.web.servlet.mvc.method.annotation.RequestMappingHandlerAdapter initControllerAdviceCache
INFO: Looking for @ControllerAdvice: org.springframework.web.context.support.GenericWebApplicationContext@68a12405: startup date [Sun Feb 14 15:56:35 UTC 2021]; root of context hierarchy
Feb 14, 2021 3:56:37 PM org.springframework.beans.factory.xml.XmlBeanDefinitionReader loadBeanDefinitions
INFO: Loading XML bean definitions from class path resource [ru/org/linux/user/unit-tests-context.xml]
Feb 14, 2021 3:56:37 PM org.springframework.context.support.GenericApplicationContext prepareRefresh
INFO: Refreshing org.springframework.context.support.GenericApplicationContext@e797bf5: startup date [Sun Feb 14 15:56:37 UTC 2021]; root of context hierarchy
Feb 14, 2021 3:56:37 PM org.springframework.beans.factory.annotation.AutowiredAnnotationBeanPostProcessor <init>
INFO: JSR-330 'javax.inject.Inject' annotation found and supported for autowiring
Running ru.org.linux.section.SectionServiceTest
Tests run: 5, Failures: 0, Errors: 0, Skipped: 0, Time elapsed: 0.024 sec - in ru.org.linux.section.SectionServiceTest
Running isGoodTag should
Tests run: 14, Failures: 0, Errors: 0, Skipped: 0, Time elapsed: 0.091 sec - in isGoodTag should
Running parse and renderXhtml should
Tests run: 1, Failures: 0, Errors: 0, Skipped: 0, Time elapsed: 0 sec - in parse and renderXhtml should
Running ru.org.linux.user.UserTagServiceTest
Tests run: 8, Failures: 0, Errors: 0, Skipped: 0, Time elapsed: 0.136 sec - in ru.org.linux.user.UserTagServiceTest
Running ru.org.linux.util.image.ImageUtilBenchTest
Tests run: 2, Failures: 0, Errors: 0, Skipped: 0, Time elapsed: 2.445 sec - in ru.org.linux.util.image.ImageUtilBenchTest
Running ru.org.linux.util.formatter.ToLorCodeFormatterTest
Tests run: 5, Failures: 0, Errors: 0, Skipped: 0, Time elapsed: 1.556 sec - in ru.org.linux.util.formatter.ToLorCodeFormatterTest
Running [16]
Tests run: 17, Failures: 0, Errors: 0, Skipped: 0, Time elapsed: 0.037 sec - in [16]
Running ru.org.linux.util.markdown.MarkdownFormatterTest
Tests run: 1, Failures: 0, Errors: 0, Skipped: 0, Time elapsed: 1.906 sec - in ru.org.linux.util.markdown.MarkdownFormatterTest
Running ru.org.linux.util.HTMLFormatterTest
Tests run: 19, Failures: 0, Errors: 0, Skipped: 0, Time elapsed: 1.177 sec - in ru.org.linux.util.HTMLFormatterTest
Running [2]
Tests run: 3, Failures: 0, Errors: 0, Skipped: 0, Time elapsed: 0.014 sec - in [2]
Running ru.org.linux.user.UserTest
Tests run: 8, Failures: 0, Errors: 0, Skipped: 0, Time elapsed: 0.338 sec - in ru.org.linux.user.UserTest
Running parse and renderXhtml should
Tests run: 8, Failures: 0, Errors: 0, Skipped: 0, Time elapsed: 0.068 sec - in parse and renderXhtml should
Running ru.org.linux.help.HelpControllerTest
Tests run: 2, Failures: 0, Errors: 0, Skipped: 0, Time elapsed: 0.112 sec - in ru.org.linux.help.HelpControllerTest

Results :

Tests run: 166, Failures: 0, Errors: 0, Skipped: 0

[INFO] ------------------------------------------------------------------------
[INFO] BUILD SUCCESS
[INFO] ------------------------------------------------------------------------
[INFO] Total time:  32.125 s
[INFO] Finished at: 2021-02-14T15:56:37Z
[INFO] ------------------------------------------------------------------------
