[INFO] Scanning for projects...
[INFO] 
[INFO] -----------------------< com.uber:jvm-profiler >------------------------
[INFO] Building uber-jvm-profiler 1.0.0
[INFO] --------------------------------[ jar ]---------------------------------
[INFO] 
[INFO] --- maven-resources-plugin:2.6:resources (default-resources) @ jvm-profiler ---
[INFO] Using 'UTF-8' encoding to copy filtered resources.
[INFO] skip non existing resourceDirectory /workdir/jvm-profiler/src/main/resources
[INFO] 
[INFO] --- maven-compiler-plugin:3.3:compile (default-compile) @ jvm-profiler ---
[INFO] Changes detected - recompiling the module!
[INFO] Compiling 55 source files to /workdir/jvm-profiler/target/classes
[INFO] /workdir/jvm-profiler/src/main/java/com/uber/profiling/profilers/CpuAndMemoryProfiler.java: Some input files use or override a deprecated API.
[INFO] /workdir/jvm-profiler/src/main/java/com/uber/profiling/profilers/CpuAndMemoryProfiler.java: Recompile with -Xlint:deprecation for details.
[INFO] /workdir/jvm-profiler/src/main/java/com/uber/profiling/reporters/GraphiteOutputReporter.java: Some input files use unchecked or unsafe operations.
[INFO] /workdir/jvm-profiler/src/main/java/com/uber/profiling/reporters/GraphiteOutputReporter.java: Recompile with -Xlint:unchecked for details.
[INFO] 
[INFO] --- maven-resources-plugin:2.6:testResources (default-testResources) @ jvm-profiler ---
[INFO] Using 'UTF-8' encoding to copy filtered resources.
[INFO] skip non existing resourceDirectory /workdir/jvm-profiler/src/test/resources
[INFO] 
[INFO] --- maven-compiler-plugin:3.3:testCompile (default-testCompile) @ jvm-profiler ---
[INFO] Changes detected - recompiling the module!
[INFO] Compiling 25 source files to /workdir/jvm-profiler/target/test-classes
[INFO] /workdir/jvm-profiler/src/test/java/com/uber/profiling/transformers/MethodProfilerStaticProxyTest.java: /workdir/jvm-profiler/src/test/java/com/uber/profiling/transformers/MethodProfilerStaticProxyTest.java uses or overrides a deprecated API.
[INFO] /workdir/jvm-profiler/src/test/java/com/uber/profiling/transformers/MethodProfilerStaticProxyTest.java: Recompile with -Xlint:deprecation for details.
[INFO] /workdir/jvm-profiler/src/test/java/com/uber/profiling/reporters/GraphiteOutputReporterTest.java: Some input files use unchecked or unsafe operations.
[INFO] /workdir/jvm-profiler/src/test/java/com/uber/profiling/reporters/GraphiteOutputReporterTest.java: Recompile with -Xlint:unchecked for details.
[INFO] 
[INFO] --- maven-surefire-plugin:2.12.4:test (default-test) @ jvm-profiler ---
[INFO] Surefire report directory: /workdir/jvm-profiler/target/surefire-reports

-------------------------------------------------------
 T E S T S
-------------------------------------------------------
Running com.uber.profiling.transformers.MethodProfilerStaticProxyTest
Tests run: 2, Failures: 0, Errors: 0, Skipped: 0, Time elapsed: 0.064 sec
Running com.uber.profiling.AgentThreadFactoryTest
Tests run: 1, Failures: 0, Errors: 0, Skipped: 0, Time elapsed: 0.001 sec
Running com.uber.profiling.ProfilerRunnableTest
Tests run: 1, Failures: 0, Errors: 0, Skipped: 0, Time elapsed: 0.001 sec
Running com.uber.profiling.util.SparkUtilsTest
Tests run: 3, Failures: 0, Errors: 0, Skipped: 0, Time elapsed: 0.024 sec
Running com.uber.profiling.util.ClassMethodArgumentFilterTest
Tests run: 4, Failures: 0, Errors: 0, Skipped: 0, Time elapsed: 0.003 sec
Running com.uber.profiling.util.ClassMethodArgmentMetricBufferTest
Tests run: 2, Failures: 0, Errors: 0, Skipped: 0, Time elapsed: 0.248 sec
Running com.uber.profiling.util.IOUtilsTest
Tests run: 1, Failures: 0, Errors: 0, Skipped: 0, Time elapsed: 0.007 sec
Running com.uber.profiling.util.ClassAndMethodFilterTest
Tests run: 4, Failures: 0, Errors: 0, Skipped: 0, Time elapsed: 0 sec
Running com.uber.profiling.util.StringUtilsTest
Tests run: 5, Failures: 0, Errors: 0, Skipped: 0, Time elapsed: 0.003 sec
Running com.uber.profiling.util.ClassAndMethodMetricBufferTest
Tests run: 2, Failures: 0, Errors: 0, Skipped: 0, Time elapsed: 0.232 sec
Running com.uber.profiling.util.ProcFileUtilsTest
Tests run: 12, Failures: 0, Errors: 0, Skipped: 0, Time elapsed: 0.022 sec
Running com.uber.profiling.util.StacktraceMetricBufferTest
Tests run: 1, Failures: 0, Errors: 0, Skipped: 0, Time elapsed: 0.008 sec
Running com.uber.profiling.util.ReflectionUtilsTest
Tests run: 1, Failures: 0, Errors: 0, Skipped: 0, Time elapsed: 0 sec
Running com.uber.profiling.profilers.StacktraceReporterProfilerTest
Tests run: 1, Failures: 0, Errors: 0, Skipped: 0, Time elapsed: 0.021 sec
Running com.uber.profiling.profilers.MethodDurationProfilerTest
Tests run: 1, Failures: 0, Errors: 0, Skipped: 0, Time elapsed: 0.002 sec
Running com.uber.profiling.profilers.ProcessInfoProfilerTest
Metric list:
[{jvmInputArguments=, cmdline=/usr/local/openjdk-11/bin/java -jar /workdir/jvm-profiler/target/surefire/surefirebooter10340826238881523901.jar /workdir/jvm-profiler/target/surefire/surefire10030080763435499665tmp /workdir/jvm-profiler/target/surefire/surefire_011474986512634760702tmp , jvmClassPath=, appId=null, name=2272@605b8309f1f8, host=workerName:Worker-0, processUuid=a24bbcf1-4365-43a2-8cc2-a26d8bb3fabc, agentVersion=1.0.0, appClass=null, epochMillis=1613376529401, appJar=null}, {jvmInputArguments=, cmdline=/usr/local/openjdk-11/bin/java -jar /workdir/jvm-profiler/target/surefire/surefirebooter10340826238881523901.jar /workdir/jvm-profiler/target/surefire/surefire10030080763435499665tmp /workdir/jvm-profiler/target/surefire/surefire_011474986512634760702tmp , jvmClassPath=, appId=null, name=2272@605b8309f1f8, host=workerName:Worker-0, processUuid=a24bbcf1-4365-43a2-8cc2-a26d8bb3fabc, agentVersion=1.0.0, appClass=null, epochMillis=1613376529401, appJar=null}]
Tests run: 1, Failures: 0, Errors: 0, Skipped: 0, Time elapsed: 0.003 sec
Running com.uber.profiling.profilers.CpuAndMemoryProfilerTest
Tests run: 1, Failures: 0, Errors: 0, Skipped: 0, Time elapsed: 0.079 sec
Running com.uber.profiling.profilers.MethodArgumentProfilerTest
Tests run: 1, Failures: 0, Errors: 0, Skipped: 0, Time elapsed: 0.002 sec
Running com.uber.profiling.profilers.StacktraceCollectorProfilerTest
Tests run: 3, Failures: 0, Errors: 0, Skipped: 0, Time elapsed: 0.325 sec
Running com.uber.profiling.profilers.ThreadInfoProfilerTest
Tests run: 1, Failures: 0, Errors: 0, Skipped: 0, Time elapsed: 0.005 sec
Running com.uber.profiling.YamlConfigProviderTest
1613376530079 com.uber.profiling.util.ExponentialBackoffRetryPolicy: Retrying (after sleeping 140 milliseconds) on exception: java.lang.RuntimeException: Failed getting url: http://localhost/bad_url
1613376530223 com.uber.profiling.util.ExponentialBackoffRetryPolicy: Retrying (after sleeping 206 milliseconds) on exception: java.lang.RuntimeException: Failed getting url: http://localhost/bad_url
[WARNING] 1613376530432 com.uber.profiling.YamlConfigProvider: Failed to read file: http://localhost/bad_url java.lang.RuntimeException: Failed after trying 3 times
	at com.uber.profiling.util.ExponentialBackoffRetryPolicy.attempt(ExponentialBackoffRetryPolicy.java:77)
	at com.uber.profiling.YamlConfigProvider.getConfig(YamlConfigProvider.java:74)
	at com.uber.profiling.YamlConfigProvider.getConfig(YamlConfigProvider.java:61)
	at com.uber.profiling.YamlConfigProviderTest.getConfigFromBadHttpUrl(YamlConfigProviderTest.java:103)
	at java.base/jdk.internal.reflect.NativeMethodAccessorImpl.invoke0(Native Method)
	at java.base/jdk.internal.reflect.NativeMethodAccessorImpl.invoke(NativeMethodAccessorImpl.java:62)
	at java.base/jdk.internal.reflect.DelegatingMethodAccessorImpl.invoke(DelegatingMethodAccessorImpl.java:43)
	at java.base/java.lang.reflect.Method.invoke(Method.java:566)
	at org.junit.runners.model.FrameworkMethod$1.runReflectiveCall(FrameworkMethod.java:59)
	at org.junit.internal.runners.model.ReflectiveCallable.run(ReflectiveCallable.java:12)
	at org.junit.runners.model.FrameworkMethod.invokeExplosively(FrameworkMethod.java:56)
	at org.junit.internal.runners.statements.InvokeMethod.evaluate(InvokeMethod.java:17)
	at org.junit.runners.ParentRunner$3.evaluate(ParentRunner.java:306)
	at org.junit.runners.BlockJUnit4ClassRunner$1.evaluate(BlockJUnit4ClassRunner.java:100)
	at org.junit.runners.ParentRunner.runLeaf(ParentRunner.java:366)
	at org.junit.runners.BlockJUnit4ClassRunner.runChild(BlockJUnit4ClassRunner.java:103)
	at org.junit.runners.BlockJUnit4ClassRunner.runChild(BlockJUnit4ClassRunner.java:63)
	at org.junit.runners.ParentRunner$4.run(ParentRunner.java:331)
	at org.junit.runners.ParentRunner$1.schedule(ParentRunner.java:79)
	at org.junit.runners.ParentRunner.runChildren(ParentRunner.java:329)
	at org.junit.runners.ParentRunner.access$100(ParentRunner.java:66)
	at org.junit.runners.ParentRunner$2.evaluate(ParentRunner.java:293)
	at org.junit.runners.ParentRunner$3.evaluate(ParentRunner.java:306)
	at org.junit.runners.ParentRunner.run(ParentRunner.java:413)
	at org.apache.maven.surefire.junit4.JUnit4Provider.execute(JUnit4Provider.java:252)
	at org.apache.maven.surefire.junit4.JUnit4Provider.executeTestSet(JUnit4Provider.java:141)
	at org.apache.maven.surefire.junit4.JUnit4Provider.invoke(JUnit4Provider.java:112)
	at java.base/jdk.internal.reflect.NativeMethodAccessorImpl.invoke0(Native Method)
	at java.base/jdk.internal.reflect.NativeMethodAccessorImpl.invoke(NativeMethodAccessorImpl.java:62)
	at java.base/jdk.internal.reflect.DelegatingMethodAccessorImpl.invoke(DelegatingMethodAccessorImpl.java:43)
	at java.base/java.lang.reflect.Method.invoke(Method.java:566)
	at org.apache.maven.surefire.util.ReflectionUtils.invokeMethodWithArray(ReflectionUtils.java:189)
	at org.apache.maven.surefire.booter.ProviderFactory$ProviderProxy.invoke(ProviderFactory.java:165)
	at org.apache.maven.surefire.booter.ProviderFactory.invokeProvider(ProviderFactory.java:85)
	at org.apache.maven.surefire.booter.ForkedBooter.runSuitesInProcess(ForkedBooter.java:115)
	at org.apache.maven.surefire.booter.ForkedBooter.main(ForkedBooter.java:75)
Caused by: java.lang.RuntimeException: Failed getting url: http://localhost/bad_url
	at com.uber.profiling.YamlConfigProvider.getHttp(YamlConfigProvider.java:202)
	at com.uber.profiling.YamlConfigProvider.lambda$getConfig$0(YamlConfigProvider.java:77)
	at com.uber.profiling.util.ExponentialBackoffRetryPolicy.attempt(ExponentialBackoffRetryPolicy.java:66)
	... 35 more
Caused by: org.apache.http.conn.HttpHostConnectException: Connect to localhost:80 [localhost/127.0.0.1] failed: Connection refused (Connection refused)
	at org.apache.http.impl.conn.HttpClientConnectionOperator.connect(HttpClientConnectionOperator.java:142)
	at org.apache.http.impl.conn.PoolingHttpClientConnectionManager.connect(PoolingHttpClientConnectionManager.java:319)
	at org.apache.http.impl.execchain.MainClientExec.establishRoute(MainClientExec.java:363)
	at org.apache.http.impl.execchain.MainClientExec.execute(MainClientExec.java:219)
	at org.apache.http.impl.execchain.ProtocolExec.execute(ProtocolExec.java:195)
	at org.apache.http.impl.execchain.RetryExec.execute(RetryExec.java:86)
	at org.apache.http.impl.execchain.RedirectExec.execute(RedirectExec.java:108)
	at org.apache.http.impl.client.InternalHttpClient.doExecute(InternalHttpClient.java:184)
	at org.apache.http.impl.client.CloseableHttpClient.execute(CloseableHttpClient.java:82)
	at org.apache.http.impl.client.CloseableHttpClient.execute(CloseableHttpClient.java:106)
	at com.uber.profiling.YamlConfigProvider.getHttp(YamlConfigProvider.java:191)
	... 37 more
Caused by: java.net.ConnectException: Connection refused (Connection refused)
	at java.base/java.net.PlainSocketImpl.socketConnect(Native Method)
	at java.base/java.net.AbstractPlainSocketImpl.doConnect(AbstractPlainSocketImpl.java:399)
	at java.base/java.net.AbstractPlainSocketImpl.connectToAddress(AbstractPlainSocketImpl.java:242)
	at java.base/java.net.AbstractPlainSocketImpl.connect(AbstractPlainSocketImpl.java:224)
	at java.base/java.net.SocksSocketImpl.connect(SocksSocketImpl.java:403)
	at java.base/java.net.Socket.connect(Socket.java:609)
	at org.apache.http.conn.socket.PlainConnectionSocketFactory.connectSocket(PlainConnectionSocketFactory.java:72)
	at org.apache.http.impl.conn.HttpClientConnectionOperator.connect(HttpClientConnectionOperator.java:125)
	... 47 more

1613376530443 com.uber.profiling.YamlConfigProvider: Read YAML config from: /tmp/jvm-profiler_17827712520079816482.yaml
1613376530497 com.uber.profiling.util.ExponentialBackoffRetryPolicy: Retrying (after sleeping 110 milliseconds) on exception: java.nio.file.NoSuchFileException: not_exiting_file
1613376530608 com.uber.profiling.util.ExponentialBackoffRetryPolicy: Retrying (after sleeping 289 milliseconds) on exception: java.nio.file.NoSuchFileException: not_exiting_file
[WARNING] 1613376530898 com.uber.profiling.YamlConfigProvider: Failed to read file: not_exiting_file java.lang.RuntimeException: Failed after trying 3 times
	at com.uber.profiling.util.ExponentialBackoffRetryPolicy.attempt(ExponentialBackoffRetryPolicy.java:77)
	at com.uber.profiling.YamlConfigProvider.getConfig(YamlConfigProvider.java:74)
	at com.uber.profiling.YamlConfigProvider.getConfig(YamlConfigProvider.java:61)
	at com.uber.profiling.YamlConfigProviderTest.getConfig(YamlConfigProviderTest.java:43)
	at java.base/jdk.internal.reflect.NativeMethodAccessorImpl.invoke0(Native Method)
	at java.base/jdk.internal.reflect.NativeMethodAccessorImpl.invoke(NativeMethodAccessorImpl.java:62)
	at java.base/jdk.internal.reflect.DelegatingMethodAccessorImpl.invoke(DelegatingMethodAccessorImpl.java:43)
	at java.base/java.lang.reflect.Method.invoke(Method.java:566)
	at org.junit.runners.model.FrameworkMethod$1.runReflectiveCall(FrameworkMethod.java:59)
	at org.junit.internal.runners.model.ReflectiveCallable.run(ReflectiveCallable.java:12)
	at org.junit.runners.model.FrameworkMethod.invokeExplosively(FrameworkMethod.java:56)
	at org.junit.internal.runners.statements.InvokeMethod.evaluate(InvokeMethod.java:17)
	at org.junit.runners.ParentRunner$3.evaluate(ParentRunner.java:306)
	at org.junit.runners.BlockJUnit4ClassRunner$1.evaluate(BlockJUnit4ClassRunner.java:100)
	at org.junit.runners.ParentRunner.runLeaf(ParentRunner.java:366)
	at org.junit.runners.BlockJUnit4ClassRunner.runChild(BlockJUnit4ClassRunner.java:103)
	at org.junit.runners.BlockJUnit4ClassRunner.runChild(BlockJUnit4ClassRunner.java:63)
	at org.junit.runners.ParentRunner$4.run(ParentRunner.java:331)
	at org.junit.runners.ParentRunner$1.schedule(ParentRunner.java:79)
	at org.junit.runners.ParentRunner.runChildren(ParentRunner.java:329)
	at org.junit.runners.ParentRunner.access$100(ParentRunner.java:66)
	at org.junit.runners.ParentRunner$2.evaluate(ParentRunner.java:293)
	at org.junit.runners.ParentRunner$3.evaluate(ParentRunner.java:306)
	at org.junit.runners.ParentRunner.run(ParentRunner.java:413)
	at org.apache.maven.surefire.junit4.JUnit4Provider.execute(JUnit4Provider.java:252)
	at org.apache.maven.surefire.junit4.JUnit4Provider.executeTestSet(JUnit4Provider.java:141)
	at org.apache.maven.surefire.junit4.JUnit4Provider.invoke(JUnit4Provider.java:112)
	at java.base/jdk.internal.reflect.NativeMethodAccessorImpl.invoke0(Native Method)
	at java.base/jdk.internal.reflect.NativeMethodAccessorImpl.invoke(NativeMethodAccessorImpl.java:62)
	at java.base/jdk.internal.reflect.DelegatingMethodAccessorImpl.invoke(DelegatingMethodAccessorImpl.java:43)
	at java.base/java.lang.reflect.Method.invoke(Method.java:566)
	at org.apache.maven.surefire.util.ReflectionUtils.invokeMethodWithArray(ReflectionUtils.java:189)
	at org.apache.maven.surefire.booter.ProviderFactory$ProviderProxy.invoke(ProviderFactory.java:165)
	at org.apache.maven.surefire.booter.ProviderFactory.invokeProvider(ProviderFactory.java:85)
	at org.apache.maven.surefire.booter.ForkedBooter.runSuitesInProcess(ForkedBooter.java:115)
	at org.apache.maven.surefire.booter.ForkedBooter.main(ForkedBooter.java:75)
Caused by: java.nio.file.NoSuchFileException: not_exiting_file
	at java.base/sun.nio.fs.UnixException.translateToIOException(UnixException.java:92)
	at java.base/sun.nio.fs.UnixException.rethrowAsIOException(UnixException.java:111)
	at java.base/sun.nio.fs.UnixException.rethrowAsIOException(UnixException.java:116)
	at java.base/sun.nio.fs.UnixFileSystemProvider.newByteChannel(UnixFileSystemProvider.java:219)
	at java.base/java.nio.file.Files.newByteChannel(Files.java:370)
	at java.base/java.nio.file.Files.newByteChannel(Files.java:421)
	at java.base/java.nio.file.Files.readAllBytes(Files.java:3205)
	at com.uber.profiling.YamlConfigProvider.lambda$getConfig$0(YamlConfigProvider.java:79)
	at com.uber.profiling.util.ExponentialBackoffRetryPolicy.attempt(ExponentialBackoffRetryPolicy.java:66)
	... 35 more

1613376530901 com.uber.profiling.YamlConfigProvider: Read YAML config from: /tmp/test6510824284920271662test
1613376530903 com.uber.profiling.YamlConfigProvider: Read YAML config from: /tmp/test439916187089484748test
Tests run: 3, Failures: 0, Errors: 0, Skipped: 0, Time elapsed: 1.088 sec
Running com.uber.profiling.reporters.GraphiteOutputReporterTest
Tests run: 2, Failures: 0, Errors: 0, Skipped: 0, Time elapsed: 0.008 sec
Running com.uber.profiling.reporters.ConsoleOutputReporterTest
ConsoleOutputReporter - Test: {}
Tests run: 1, Failures: 0, Errors: 0, Skipped: 0, Time elapsed: 0.135 sec
Running com.uber.profiling.ArgumentsTest
1613376531059 com.uber.profiling.Arguments: Got argument value for configProvider: com.uber.profiling.ArgumentsTest$SimpleConfigProvider
1613376531059 com.uber.profiling.Arguments: Got argument value for metricInterval: 1000
1613376531059 com.uber.profiling.Arguments: Got argument value for tag: tag1
1613376531059 com.uber.profiling.Arguments: Got argument value for durationProfiling: a.bc.foo
1613376531060 com.uber.profiling.Arguments: Got argument value for durationProfiling: ab.c.d.test
1613376531060 com.uber.profiling.Arguments: Got argument value for ioProfiling: true
1613376531060 com.uber.profiling.Arguments: Got argument value for metricInterval: 9000
1613376531060 com.uber.profiling.Arguments: Got argument value for durationProfiling: package.c900.m900
1613376531060 com.uber.profiling.Arguments: Got argument value for durationProfiling: package.c901.m901
1613376531060 com.uber.profiling.Arguments: Got argument value for ioProfiling: false
1613376531062 com.uber.profiling.Arguments: Updated arguments based on config: {"metricInterval":["9000"],"ioProfiling":["false"],"durationProfiling":["package.c900.m900","package.c901.m901"]}
1613376531063 com.uber.profiling.Arguments: Got argument value for reporter: com.uber.profiling.ArgumentsTest$DummyReporter
1613376531063 com.uber.profiling.Arguments: Got argument value for metricInterval: 123
1613376531063 com.uber.profiling.Arguments: Got argument value for appIdVariable: APP_ID1
1613376531063 com.uber.profiling.Arguments: Got argument value for appIdRegex: app123
1613376531063 com.uber.profiling.Arguments: Got argument value for durationProfiling: a.bc.foo
1613376531063 com.uber.profiling.Arguments: Got argument value for argumentProfiling: {className='package1.class1', methodName='method1', argumentIndex='1'}
1613376531063 com.uber.profiling.Arguments: Got argument value for durationProfiling: a.bc.foo
1613376531063 com.uber.profiling.Arguments: Got argument value for durationProfiling: ab.c.d.test
1613376531064 com.uber.profiling.Arguments: Got argument value for noop: true
1613376531064 com.uber.profiling.Arguments: Got argument value for durationProfiling: a.bc.foo
1613376531064 com.uber.profiling.Arguments: Got argument value for durationProfiling: ab.c.d.test
1613376531064 com.uber.profiling.Arguments: Got argument value for configProvider: com.uber.profiling.ArgumentsTest$OverrideConfigProvider
1613376531065 com.uber.profiling.Arguments: Got argument value for metricInterval: 1000
1613376531065 com.uber.profiling.Arguments: Got argument value for tag: tag1
1613376531065 com.uber.profiling.Arguments: Got argument value for durationProfiling: a.bc.foo
1613376531065 com.uber.profiling.Arguments: Got argument value for durationProfiling: ab.c.d.test
1613376531065 com.uber.profiling.Arguments: Got argument value for ioProfiling: true
1613376531065 com.uber.profiling.Arguments: Got argument value for metricInterval: 9000
1613376531065 com.uber.profiling.Arguments: Got argument value for durationProfiling: package.c900.m900
1613376531065 com.uber.profiling.Arguments: Got argument value for durationProfiling: package.c901.m901
1613376531065 com.uber.profiling.Arguments: Got argument value for ioProfiling: true
1613376531065 com.uber.profiling.Arguments: Updated arguments based on config: {"metricInterval":["9000"],"ioProfiling":["true"],"durationProfiling":["package.c900.m900","package.c901.m901"]}
1613376531065 com.uber.profiling.Arguments: Got argument value for metricInterval: 9001
1613376531065 com.uber.profiling.Arguments: Got argument value for durationProfiling: package.c900.m910
1613376531065 com.uber.profiling.Arguments: Got argument value for durationProfiling: package.c901.m911
1613376531065 com.uber.profiling.Arguments: Got argument value for ioProfiling: false
1613376531065 com.uber.profiling.Arguments: Updated arguments based on config override: {"metricInterval":["9001"],"ioProfiling":["false"],"durationProfiling":["package.c900.m910","package.c901.m911"]}
1613376531065 com.uber.profiling.Arguments: Got argument value for configProvider: com.uber.profiling.ArgumentsTest$OverrideConfigProvider
1613376531065 com.uber.profiling.Arguments: Got argument value for metricInterval: 1000
1613376531066 com.uber.profiling.Arguments: Got argument value for tag: tag2
1613376531066 com.uber.profiling.Arguments: Got argument value for durationProfiling: a.bc.foo
1613376531066 com.uber.profiling.Arguments: Got argument value for durationProfiling: ab.c.d.test
1613376531066 com.uber.profiling.Arguments: Got argument value for ioProfiling: true
1613376531066 com.uber.profiling.Arguments: Got argument value for metricInterval: 9000
1613376531066 com.uber.profiling.Arguments: Got argument value for durationProfiling: package.c900.m900
1613376531066 com.uber.profiling.Arguments: Got argument value for durationProfiling: package.c901.m901
1613376531066 com.uber.profiling.Arguments: Got argument value for ioProfiling: true
1613376531066 com.uber.profiling.Arguments: Updated arguments based on config: {"metricInterval":["9000"],"ioProfiling":["true"],"durationProfiling":["package.c900.m900","package.c901.m901"]}
1613376531066 com.uber.profiling.Arguments: Got argument value for metricInterval: 9002
1613376531066 com.uber.profiling.Arguments: Got argument value for durationProfiling: package.c900.m920
1613376531066 com.uber.profiling.Arguments: Got argument value for durationProfiling: package.c901.m921
1613376531066 com.uber.profiling.Arguments: Got argument value for ioProfiling: true
1613376531066 com.uber.profiling.Arguments: Updated arguments based on config override: {"metricInterval":["9002"],"ioProfiling":["true"],"durationProfiling":["package.c900.m920","package.c901.m921"]}
1613376531066 com.uber.profiling.Arguments: Got argument value for configProvider: com.uber.profiling.ArgumentsTest$OverrideConfigProvider
1613376531066 com.uber.profiling.Arguments: Got argument value for metricInterval: 1000
1613376531066 com.uber.profiling.Arguments: Got argument value for tag: tag3
1613376531066 com.uber.profiling.Arguments: Got argument value for durationProfiling: a.bc.foo
1613376531066 com.uber.profiling.Arguments: Got argument value for durationProfiling: ab.c.d.test
1613376531066 com.uber.profiling.Arguments: Got argument value for ioProfiling: true
1613376531066 com.uber.profiling.Arguments: Got argument value for metricInterval: 9000
1613376531066 com.uber.profiling.Arguments: Got argument value for durationProfiling: package.c900.m900
1613376531066 com.uber.profiling.Arguments: Got argument value for durationProfiling: package.c901.m901
1613376531066 com.uber.profiling.Arguments: Got argument value for ioProfiling: true
1613376531066 com.uber.profiling.Arguments: Updated arguments based on config: {"metricInterval":["9000"],"ioProfiling":["true"],"durationProfiling":["package.c900.m900","package.c901.m901"]}
1613376531066 com.uber.profiling.Arguments: Got argument value for durationProfiling: a.bc.foo
1613376531066 com.uber.profiling.Arguments: Got argument value for durationProfiling: ab.c.d.test
1613376531067 com.uber.profiling.Arguments: Got argument value for configProvider: com.uber.profiling.ArgumentsTest$DummyConfigProvider
1613376531067 com.uber.profiling.Arguments: Got argument value for metricInterval: 1000
1613376531067 com.uber.profiling.Arguments: Got argument value for tag: tag1
1613376531067 com.uber.profiling.Arguments: Got argument value for cluster: cluster1
1613376531067 com.uber.profiling.Arguments: Got argument value for durationProfiling: a.bc.foo
1613376531067 com.uber.profiling.Arguments: Got argument value for durationProfiling: ab.c.d.test
1613376531067 com.uber.profiling.Arguments: Got argument value for ioProfiling: true
Tests run: 11, Failures: 0, Errors: 0, Skipped: 0, Time elapsed: 0.011 sec

Results :

Tests run: 65, Failures: 0, Errors: 0, Skipped: 0

[INFO] ------------------------------------------------------------------------
[INFO] BUILD SUCCESS
[INFO] ------------------------------------------------------------------------
[INFO] Total time:  4.847 s
[INFO] Finished at: 2021-02-15T08:08:51Z
[INFO] ------------------------------------------------------------------------
