[INFO] Scanning for projects...
[INFO] 
[INFO] -------------< com.github.jnidzwetzki:bitfinex-v2-wss-api >-------------
[INFO] Building Bitfinex v2 WSS API 0.7.7-snapshot
[INFO] --------------------------------[ jar ]---------------------------------
[INFO] 
[INFO] --- jacoco-maven-plugin:0.8.6:prepare-agent (default) @ bitfinex-v2-wss-api ---
[INFO] argLine set to -javaagent:/home/maven/.m2/repository/org/jacoco/org.jacoco.agent/0.8.6/org.jacoco.agent-0.8.6-runtime.jar=destfile=/workdir/bitfinex-v2-wss-api-java/target/jacoco.exec
[INFO] 
[INFO] --- maven-resources-plugin:2.6:resources (default-resources) @ bitfinex-v2-wss-api ---
[INFO] Using 'UTF-8' encoding to copy filtered resources.
[INFO] skip non existing resourceDirectory /workdir/bitfinex-v2-wss-api-java/src/main/resources
[INFO] 
[INFO] --- maven-compiler-plugin:3.8.1:compile (default-compile) @ bitfinex-v2-wss-api ---
[INFO] Nothing to compile - all classes are up to date
[INFO] 
[INFO] --- maven-resources-plugin:2.6:testResources (default-testResources) @ bitfinex-v2-wss-api ---
[INFO] Using 'UTF-8' encoding to copy filtered resources.
[INFO] Copying 1 resource
[INFO] 
[INFO] --- maven-compiler-plugin:3.8.1:testCompile (default-testCompile) @ bitfinex-v2-wss-api ---
[INFO] Nothing to compile - all classes are up to date
[INFO] 
[INFO] --- maven-surefire-plugin:2.12.4:test (default-test) @ bitfinex-v2-wss-api ---
[INFO] Surefire report directory: /workdir/bitfinex-v2-wss-api-java/target/surefire-reports

-------------------------------------------------------
 T E S T S
-------------------------------------------------------
Running com.github.jnidzwetzki.bitfinex.v2.test.BitfinexOrderTest
Tests run: 6, Failures: 0, Errors: 0, Skipped: 0, Time elapsed: 0.637 sec
Running com.github.jnidzwetzki.bitfinex.v2.test.manager.TradeManagerTest
08:42:13.427 [1] INFO  c.g.j.b.v.c.c.a.i.MyExecutedTradeHandler - Got trade callback [106655593,"tBTCUSD",1512247319827,5691690918,-0.002,10894,null,null,-1]
08:42:13.444 [1] INFO  c.g.j.b.v.c.c.a.i.MyExecutedTradeHandler - Got trade callback [106655593,"tBTCUSD",1512247319827,5691690918,-0.002,10894,"EXCHANGE MARKET",10894,-1,-0.0392184,"USD"]
Tests run: 2, Failures: 0, Errors: 0, Skipped: 0, Time elapsed: 1.2 sec
Running com.github.jnidzwetzki.bitfinex.v2.test.manager.OrderManagerTest
08:42:13.460 [1] DEBUG c.g.j.b.v.c.c.a.i.NotificationHandler - Got notification callback [null,"on-req",null,null,[null,null,1513970684865000,"tBTCUSD",null,null,0.001,0.001,"EXCHANGE MARKET",null,null,null,null,null,null,null,12940,null,null,null,null,null,null,0,null,null],null,"ERROR","Invalid order: minimum size for BTC/USD is 0.002"]
08:42:13.463 [1] ERROR c.g.j.b.v.c.c.a.i.NotificationHandler - State for order null is ERROR, reason is Invalid order: minimum size for BTC/USD is 0.002
08:42:13.468 [1] INFO  c.g.j.b.v.c.c.a.i.OrderHandler - Got order callback [6784335053,null,1514956504945000,"tIOTUSD",1514956505134,1514956505164,-24.175121,-24.175121,"EXCHANGE STOP",null,null,null,0,"ACTIVE",null,null,3.84,0,null,null,null,null,null,0,0,0]
08:42:13.476 [1] INFO  c.g.j.b.v.c.c.a.i.OrderHandler - Got order callback [[6784335053,null,1514956504945000,"tIOTUSD",1514956505134,1514956505164,-24.175121,-24.175121,"EXCHANGE STOP",null,null,null,0,"ACTIVE",null,null,3.84,0,null,null,null,null,null,0,0,0],[67843353243,null,1514956234945000,"tBTCUSD",1514956505134,1514956505164,-24.175121,-24.175121,"EXCHANGE STOP",null,null,null,0,"ACTIVE",null,null,3.84,0,null,null,null,null,null,0,0,0]]
08:42:13.479 [1] INFO  c.g.j.b.v.c.c.a.i.OrderHandler - Got order callback [6827301913,null,null,"tXRPUSD",1515069803530,1515069803530,-60,-60,"MARKET",null,null,null,0,"ACTIVE (note:POSCLOSE)",null,null,0,3.2041,null,null,null,null,null,0,0,0]
08:42:13.481 [1] INFO  c.g.j.b.v.c.c.a.i.OrderHandler - Got order callback [11291120775,null,null,"tNEOBTC",1524661302976,1524661303001,0,-0.41291886,"MARKET",null,null,null,0,"INSUFFICIENT BALANCE (G1) was: ACTIVE (note:POSCLOSE), PARTIALLY FILLED @ 0.008049(-0.41291886)",null,null,0,0.008049,null,null,null,null,null,0,0,0,null,null,"",null,null,null]
08:42:13.496 [17] INFO  c.g.j.b.v.m.OrderManager - Executing new order BitfinexNewOrder [clientId=1613378533490, clientGroupId=Optional.empty, currencyPair=BitfinexCurrencyPair [currency1=BTC, currency2=USD, currencyType=CURRENCY, minimumOrderSize=2.0E-4], amount=1.0, orderType=MARKET, price=null, priceTrailing=null, priceAuxLimit=null, priceOcoStop=null, orderFlags=[], apiKey=abc123]
08:42:18.508 [1] DEBUG c.g.j.b.v.c.c.a.i.NotificationHandler - Got notification callback [1523930407542,"on-req",null,null,[null,null,1523930407442000,null,null,null,0.0001,null,"LIMIT",null,null,null,null,null,null,null,6800,null,null,null,null,null,null,0,0,null,null,null,null,null,null,null],null,"ERROR","amount: invalid"]
08:42:18.509 [1] ERROR c.g.j.b.v.c.c.a.i.NotificationHandler - State for order null is ERROR, reason is amount: invalid
08:42:18.540 [19] INFO  c.g.j.b.v.m.OrderManager - Cancel order: 12
08:42:18.541 [19] INFO  c.g.j.b.v.m.OrderManager - Cancel order with id 12
Tests run: 10, Failures: 0, Errors: 0, Skipped: 0, Time elapsed: 10.083 sec
Running com.github.jnidzwetzki.bitfinex.v2.test.integration.IntegrationTest
08:42:23.571 [21] DEBUG c.g.j.b.v.SequenceNumberAuditor - Resetting sequence auditor
08:42:23.601 [21] DEBUG c.g.j.b.v.SimpleBitfinexApiBroker - connect() called
08:42:23.602 [21] DEBUG c.g.j.b.v.SequenceNumberAuditor - Resetting sequence auditor
08:42:24.004 [23] DEBUG c.g.j.b.v.SimpleBitfinexApiBroker - Websocket is now open
08:42:24.010 [21] DEBUG c.g.j.b.v.SimpleBitfinexApiBroker - Sent: com.github.jnidzwetzki.bitfinex.v2.command.SetConnectionFeaturesCommand@3b028b29
08:42:24.037 [23] DEBUG c.g.j.b.v.SimpleBitfinexApiBroker - Recv: {"event":"info","version":2,"serverId":"feebc194-7798-4dab-ad6f-726213e49061","platform":{"status":1}}
08:42:24.053 [21] DEBUG c.g.j.b.v.SimpleBitfinexApiBroker - Sent: com.github.jnidzwetzki.bitfinex.v2.command.SubscribeOrderbookCommand@144ab0eb
08:42:24.084 [24] DEBUG c.g.j.b.v.SimpleBitfinexApiBroker - Recv: {"event":"conf","status":"OK"}
08:42:26.585 [23] DEBUG c.g.j.b.v.SimpleBitfinexApiBroker - Recv: {"event":"subscribed","channel":"book","chanId":111112,"symbol":"tBTCUSD","prec":"P0","freq":"F0","len":"25","pair":"BTCUSD"}
08:42:26.587 [23] DEBUG c.g.j.b.v.SimpleBitfinexApiBroker - subscribed: BitfinexOrderBookSymbol [currencyPair=BitfinexCurrencyPair [currency1=BTC, currency2=USD, currencyType=CURRENCY, minimumOrderSize=2.0E-4], orderBookPrecision=P0, frequency=F0, pricePoints=25]
08:42:26.589 [23] DEBUG c.g.j.b.v.SimpleBitfinexApiBroker - Recv: [111112,[[47447,1,0.00022],[47445,1,0.00022],[47444,1,0.00022],[47443,1,0.00022],[47442,1,0.00022],[47441,1,0.00022],[47440,1,0.00022],[47439,1,0.00022],[47438,1,0.00022],[47437,1,0.00022],[47436,1,0.00022],[47435,1,0.00022],[47434,1,0.00022],[47433,1,0.00022],[47432,1,0.00022],[47431,1,0.00022],[47430,1,0.00022],[47429,1,0.00022],[47428,2,0.315895],[47427,1,0.00022],[47426,2,0.10242],[47425,1,0.00022],[47424,2,0.15805],[47423,2,0.421119],[47422,2,0.95222],[47448,6,-5.47751428],[47449,1,-0.06225599],[47450,3,-0.569789],[47451,1,-0.420918],[47453,2,-0.38621916],[47454,1,-0.09143],[47457,2,-0.43174877],[47459,1,-0.5954],[47460,1,-0.08765],[47461,1,-1.3391],[47462,3,-2.34599829],[47463,2,-0.17220985],[47464,2,-0.23854],[47465,1,-0.46277],[47470,2,-0.31265983],[47471,1,-0.00253597],[47472,1,-0.00380395],[47473,2,-0.65308862],[47475,1,-0.08417559],[47476,2,-0.36828],[47477,1,-0.210429],[47478,4,-0.57710384],[47479,3,-2.62162046],[47480,2,-1.18622],[47481,1,-0.08482]]]
08:42:26.599 [21] DEBUG c.g.j.b.v.SimpleBitfinexApiBroker - Sent: com.github.jnidzwetzki.bitfinex.v2.command.UnsubscribeChannelCommand@5eff3afc
08:42:26.600 [21] DEBUG c.g.j.b.v.SimpleBitfinexApiBroker - close() called
08:42:26.602 [21] DEBUG c.g.j.b.v.SimpleBitfinexApiBroker - Closing websocket: CloseReason[1000,Socket closed]
08:42:26.602 [28] DEBUG c.g.j.b.v.HeartbeatThread - Heartbeat thread was interrupted, exiting
08:42:26.615 [35] DEBUG c.g.j.b.v.SequenceNumberAuditor - Resetting sequence auditor
08:42:26.616 [35] DEBUG c.g.j.b.v.SimpleBitfinexApiBroker - connect() called
08:42:26.630 [35] DEBUG c.g.j.b.v.SequenceNumberAuditor - Resetting sequence auditor
08:42:26.847 [23] DEBUG c.g.j.b.v.SimpleBitfinexApiBroker - Websocket is now open
08:42:26.848 [35] DEBUG c.g.j.b.v.SimpleBitfinexApiBroker - Sent: com.github.jnidzwetzki.bitfinex.v2.command.SetConnectionFeaturesCommand@5c4be15a
08:42:26.849 [23] DEBUG c.g.j.b.v.SimpleBitfinexApiBroker - Recv: {"event":"info","version":2,"serverId":"b6ccf8d3-dbaf-4ce7-b3d1-ef6f1893858a","platform":{"status":1}}
08:42:26.852 [35] DEBUG c.g.j.b.v.SimpleBitfinexApiBroker - Sent: com.github.jnidzwetzki.bitfinex.v2.command.SubscribeTradesCommand@18a37352
08:42:26.853 [35] DEBUG c.g.j.b.v.SimpleBitfinexApiBroker - Sent: com.github.jnidzwetzki.bitfinex.v2.command.SubscribeTradesCommand@39739903
08:42:26.902 [34] DEBUG c.g.j.b.v.SimpleBitfinexApiBroker - Recv: {"event":"conf","status":"OK"}
08:42:26.920 [23] DEBUG c.g.j.b.v.SimpleBitfinexApiBroker - Recv: {"event":"subscribed","channel":"trades","chanId":44038,"symbol":"tBTCUSD","pair":"BTCUSD"}
08:42:26.924 [23] DEBUG c.g.j.b.v.SimpleBitfinexApiBroker - subscribed: BitfinexExecutedTradeSymbol [currencyPair=BitfinexCurrencyPair [currency1=BTC, currency2=USD, currencyType=CURRENCY, minimumOrderSize=2.0E-4]]
08:42:26.926 [23] DEBUG c.g.j.b.v.SimpleBitfinexApiBroker - Recv: [44038,[[613038541,1613378540694,0.00356,47462],[613038540,1613378540549,0.005,47462],[613038538,1613378537948,-0.209959,47456.9202956],[613038536,1613378537948,-0.11401,47463.24448215],[613038534,1613378537948,-0.000031,47470.8226041],[613038532,1613378534739,-0.157663,47470.8226041],[613038531,1613378534739,-0.315379,47477],[613038530,1613378534739,-0.000058,47477],[613038529,1613378528701,-0.3367,47477],[613038527,1613378525680,-0.3367,47463.24448215],[613038526,1613378519647,-0.3367,47474],[613038522,1613378516638,-0.01897272,47465.2616807],[613038521,1613378516638,-0.315427,47470],[613038519,1613378516638,-0.08410028,47475.628244],[613038515,1613378515455,-0.005,47477],[613038514,1613378515310,-0.013871,47477],[613038513,1613378511101,0.01,47478],[613038512,1613378510425,0.0007014,47478],[613038511,1613378507650,0.005,47478],[613038510,1613378507590,-0.3368,47477],[613038508,1613378504325,-0.00986389,47470],[613038507,1613378504191,-0.00985518,47470],[613038505,1613378501557,-0.4204,47475.38497185],[613038503,1613378499843,-0.010417,47482.66926567],[613038501,1613378497893,-0.00512854,47489.884904],[613038499,1613378497893,-0.00007146,47492.736236],[613038497,1613378492430,-0.084,47492.736236],[613038496,1613378484631,-0.005,47484],[613038494,1613378482942,0.0147,47502],[613038492,1613378482585,-0.001402,47494.80975537]]]
08:42:26.936 [23] DEBUG c.g.j.b.v.SimpleBitfinexApiBroker - Recv: {"event":"subscribed","channel":"trades","chanId":190890,"symbol":"tETHUSD","pair":"ETHUSD"}
08:42:26.936 [23] DEBUG c.g.j.b.v.SimpleBitfinexApiBroker - subscribed: BitfinexExecutedTradeSymbol [currencyPair=BitfinexCurrencyPair [currency1=ETH, currency2=USD, currencyType=CURRENCY, minimumOrderSize=0.006]]
08:42:26.937 [35] DEBUG c.g.j.b.v.SimpleBitfinexApiBroker - Calling unsubscribe for 2 channels
08:42:26.938 [35] DEBUG c.g.j.b.v.SimpleBitfinexApiBroker - Sent: com.github.jnidzwetzki.bitfinex.v2.command.UnsubscribeChannelCommand@45390a2e
08:42:26.940 [35] DEBUG c.g.j.b.v.SimpleBitfinexApiBroker - Sent: com.github.jnidzwetzki.bitfinex.v2.command.UnsubscribeChannelCommand@1112b864
08:42:26.941 [23] DEBUG c.g.j.b.v.SimpleBitfinexApiBroker - Recv: [190890,[[613027004,1613378544603,5.01,1761.34224568],[613026988,1613378502872,-6.36053,1762],[613026987,1613378502861,-0.54547,1762],[613026986,1613378502857,-0.2,1762],[613026985,1613378502853,-1.25,1762],[613026984,1613378502846,-3,1762],[613026982,1613378496925,1.1,1762.1],[613026981,1613378496414,0.15121021,1762.1],[613026979,1613378476716,0.05,1762],[613026976,1613378464897,0.05,1762],[613026975,1613378460687,0.1,1762],[613026974,1613378455115,-0.000002,1762.6],[613026972,1613378454074,-2.44239,1762.6],[613026971,1613378443301,0.01568002,1762.7],[613026970,1613378443301,0.02059199,1762.3],[613026969,1613378443301,0.01372799,1762.2],[613026968,1613378437931,0.00686514,1761.8],[613026967,1613378435051,0.23907,1761],[613026966,1613378435045,2.35,1761],[613026965,1613378435040,9.60343,1761],[613026964,1613378434750,5.6656,1761],[613026962,1613378434574,0.3965769,1760.9],[613026961,1613378434571,1.2,1760.9],[613026960,1613378434569,0.85,1760.9],[613026959,1613378434564,5.3,1760.9],[613026958,1613378434552,6,1760.9],[613026957,1613378434492,11.33162,1760.9],[613026956,1613378434367,1.18471036,1760.9],[613026955,1613378434364,1.13,1760.9],[613026954,1613378434120,0.5,1760.9]]]
08:42:26.997 [34] DEBUG c.g.j.b.v.SimpleBitfinexApiBroker - Recv: {"event":"unsubscribed","status":"OK","chanId":44038}
08:42:27.000 [34] DEBUG c.g.j.b.v.SimpleBitfinexApiBroker - unsubscribed: BitfinexExecutedTradeSymbol [currencyPair=BitfinexCurrencyPair [currency1=BTC, currency2=USD, currencyType=CURRENCY, minimumOrderSize=2.0E-4]]
08:42:27.009 [34] DEBUG c.g.j.b.v.SimpleBitfinexApiBroker - Recv: {"event":"unsubscribed","status":"OK","chanId":190890}
08:42:27.010 [35] DEBUG c.g.j.b.v.SimpleBitfinexApiBroker - close() called
08:42:27.011 [40] DEBUG c.g.j.b.v.HeartbeatThread - Heartbeat thread was interrupted, exiting
08:42:27.012 [35] DEBUG c.g.j.b.v.SimpleBitfinexApiBroker - Closing websocket: CloseReason[1000,Socket closed]
08:42:27.013 [34] DEBUG c.g.j.b.v.SimpleBitfinexApiBroker - unsubscribed: BitfinexExecutedTradeSymbol [currencyPair=BitfinexCurrencyPair [currency1=ETH, currency2=USD, currencyType=CURRENCY, minimumOrderSize=0.006]]
08:42:27.018 [48] DEBUG c.g.j.b.v.SequenceNumberAuditor - Resetting sequence auditor
08:42:27.019 [48] DEBUG c.g.j.b.v.SimpleBitfinexApiBroker - connect() called
08:42:27.019 [48] DEBUG c.g.j.b.v.SequenceNumberAuditor - Resetting sequence auditor
08:42:27.233 [24] DEBUG c.g.j.b.v.SimpleBitfinexApiBroker - Websocket is now open
08:42:27.234 [48] DEBUG c.g.j.b.v.SimpleBitfinexApiBroker - Sent: com.github.jnidzwetzki.bitfinex.v2.command.SetConnectionFeaturesCommand@6356b4ce
08:42:27.235 [24] DEBUG c.g.j.b.v.SimpleBitfinexApiBroker - Recv: {"event":"info","version":2,"serverId":"07f54ad2-1a0b-4b13-99e0-822f071d3c84","platform":{"status":1}}
08:42:27.245 [48] DEBUG c.g.j.b.v.SimpleBitfinexApiBroker - Sent: com.github.jnidzwetzki.bitfinex.v2.command.SubscribeCandlesCommand@16969c6
08:42:27.291 [23] DEBUG c.g.j.b.v.SimpleBitfinexApiBroker - Recv: {"event":"conf","status":"OK"}
08:42:27.319 [24] DEBUG c.g.j.b.v.SimpleBitfinexApiBroker - Recv: {"event":"subscribed","channel":"candles","chanId":812678,"key":"trade:1m:tBTCUSD"}
08:42:27.321 [24] DEBUG c.g.j.b.v.SimpleBitfinexApiBroker - subscribed: BitfinexCandlestickSymbol [currencyPair=BitfinexCurrencyPair [currency1=BTC, currency2=USD, currencyType=CURRENCY, minimumOrderSize=2.0E-4], timeframe=MINUTES_1]
08:42:27.342 [23] DEBUG c.g.j.b.v.SimpleBitfinexApiBroker - Recv: [812678,[[1613378520000,47463.24448215,47462,47477,47456.9202956,1.47906],[1613378460000,47493,47474,47506,47465.2616807,1.73714473],[1613378400000,47452,47506,47507,47439,7.1409306500000005],[1613378340000,47424,47447,47462.03043318,47419,1.56478924],[1613378280000,47450,47424,47452,47424,1.41825803],[1613378220000,47446,47438,47475,47425,0.32840381],[1613378160000,47459,47447,47475,47447,0.69397799],[1613378100000,47433,47446,47451,47433,0.47869739],[1613378040000,47471,47442,47471,47432,0.18813174],[1613377980000,47470.52877597,47458,47470.8226041,47442,0.86003272],[1613377920000,47443,47470.8226041,47485,47420,15.59077873],[1613377860000,47403,47464,47480,47403,0.50390356],[1613377800000,47402,47402,47402,47402,0.01241432],[1613377740000,47403,47403,47405,47402,0.5850539],[1613377680000,47393,47403,47403,47393,10.17727126],[1613377620000,47389.10578656,47394,47394,47360,1.7855632799999999],[1613377560000,47430,47390,47430,47355,12.76534881],[1613377500000,47458,47435,47459,47393,3.14168512],[1613377440000,47471.18532042,47484,47484,47457,0.73553924],[1613377380000,47448,47474,47495,47439,1.39187263],[1613377320000,47470,47439,47475,47439,0.16102571],[1613377260000,47440,47440,47475,47439,0.7528832],[1613377200000,47399.9838903,47428,47442,47399.9838903,5.27103004],[1613377140000,47400,47394,47400,47386,3.37443918],[1613377080000,47449,47399,47450,47399,3.05148468],[1613377020000,47449.77641975,47433,47478,47426,4.18338395],[1613376960000,47368,47449.77641975,47449.77641975,47368,12.28479644],[1613376900000,47288,47367,47367,47288,4.60649838],[1613376840000,47262,47286,47287,47262,0.45442600000000005],[1613376780000,47252,47243.31983901,47262,47242.1054677,0.08922701],[1613376720000,47228.33952933,47252,47288,47228.33952933,0.34765745000000003],[1613376660000,47258,47228,47260,47227,0.8436],[1613376600000,47171,47260,47260,47171,4.48700767],[1613376540000,47100,47177,47185,47100,3.28311981],[1613376480000,47189,47100,47189,47100,6.98597959],[1613376420000,47238.15092982,47183,47238.15092982,47151,5.29636522],[1613376360000,47251,47248,47287,47238.15092982,1.64297396],[1613376300000,47266,47251,47296,47250,1.14198837],[1613376240000,47250,47266,47322,47250,0.53586629],[1613376180000,47321.76969,47268,47322,47250,8.96997868],[1613376120000,47389.90895242,47320.55631129,47425,47248,15.9947749],[1613376060000,47416,47349,47495,47346,10.66067271],[1613376000000,47239,47415,47429,47239,24.86214761],[1613375940000,47255,47240,47256,47229,1.62475789],[1613375880000,47254,47256,47290,47254,1.29324189],[1613375820000,47266,47254,47266,47253,0.31679496],[1613375760000,47256,47266,47267,47256,0.48703488],[1613375700000,47280,47255.23372024,47280,47255.23372024,1.9743161900000001],[1613375640000,47232,47280,47281,47232,1.0431183800000001],[1613375580000,47252,47232,47252,47221,0.62258884],[1613375520000,47214,47251,47252,47214,4.14840239],[1613375460000,47211,47231,47232,47211,1.93463388],[1613375400000,47204,47178,47230,47175.544017,3.14457491],[1613375340000,47211,47204,47211,47200,0.59525141],[1613375280000,47205.965745,47211,47216,47200,0.60017639],[1613375220000,47230,47229,47260,47201,1.67543467],[1613375160000,47293,47207,47295,47206,6.81122974],[1613375100000,47288,47294,47311,47288,1.1900110000000002],[1613375040000,47255,47283.60845484,47289,47255,0.36696111],[1613374980000,47283.95990241,47257,47283.95990241,47244,1.5642134],[1613374920000,47272,47269,47290,47269,1.063781],[1613374860000,47319,47272,47324,47272,2.21455524],[1613374800000,47319,47317,47329,47311,0.54831753],[1613374740000,47250,47318,47319,47249,1.45341719],[1613374680000,47226,47249,47250,47218,1.37056987],[1613374620000,47235,47221,47236,47206,1.67582705],[1613374560000,47239,47236,47239,47235,1.0929818],[1613374500000,47236.133175,47236,47261,47218,4.31359367],[1613374440000,47191,47236,47236,47191,3.81183409],[1613374380000,47194,47196,47207,47178.9122832,0.24420122],[1613374320000,47214,47195,47218,47194,0.71312184],[1613374260000,47174,47245,47249.743956,47174,1.75481619],[1613374200000,47250,47173,47256,47173,34.76373969],[1613374140000,47261,47250,47261,47250,48.95765695],[1613374080000,47283.58637616,47266,47337,47261,2.43656981],[1613374020000,47186.946012,47288,47300,47186.946012,11.44833708],[1613373960000,47160,47186,47186,47160,26.24581061],[1613373900000,47140,47160,47164,47140,15.22053931],[1613373840000,47121,47141,47141,47104,8.1496072],[1613373780000,47070,47122,47162,47069,41.06608955],[1613373720000,47116,47070,47116,47069,15.36472786],[1613373660000,47124,47117,47125,47116,4.2662353],[1613373600000,47120,47124,47125,47119,12.76672819],[1613373540000,47140,47119,47140,47119,5.59992089],[1613373480000,47136,47140,47140,47136,0.56940168],[1613373420000,47131,47137,47145,47130,3.16792662],[1613373360000,47161,47132,47180,47132,10.9358702],[1613373300000,47180,47159,47180,47158,4.41346211],[1613373240000,47190,47179.11985852,47190,47179,6.8418821],[1613373180000,47189,47190,47190,47189,4.97193176],[1613373120000,47200,47181,47200,47181,11.42306897],[1613373060000,47220,47200,47220,47198,6.57968669],[1613373000000,47278.03062768,47220,47281,47211,26.97110408],[1613372940000,47205,47278,47296,47205,15.84423109],[1613372880000,47183,47195,47220.92459315,47183,0.57940041],[1613372820000,47162,47183,47183,47162,0.28922254000000003],[1613372760000,47179,47156,47179,47148,5.90255452],[1613372700000,47140,47179,47205.80589744,47140,2.8399343],[1613372640000,46959.412215,47139,47235,46959.412215,59.98355019],[1613372580000,46940,46959,46959,46940,1.94853669],[1613372520000,46933,46940,46940,46933,0.74968719],[1613372460000,46877,46932.64358414,46933,46877,3.65315326],[1613372400000,46846,46876.93170696,46876.93170696,46775,7.09331461],[1613372340000,46907.15913683,46847,46907.15913683,46847,2.34079303],[1613372280000,46937,46907.15913683,46938,46907.15913683,0.33182715],[1613372220000,46953,46937,46973,46937,5.94092582],[1613372160000,46928,46953,46963,46928,4.46650426],[1613372100000,46928,46928,46928,46927,0.05465562],[1613372040000,46935,46937,46963,46935,1.7317753],[1613371980000,46944,46935,46945,46935,0.83585203],[1613371920000,46927,46927,46927,46926,0.40753922000000004],[1613371860000,46966,46945,46966,46945,1.11539433],[1613371800000,46940,46966,46968,46940,0.69141395],[1613371740000,46911,46939,46986,46895,41.55336082],[1613371680000,46895,46911,46914,46895,1.03338155],[1613371620000,46902,46895,46919,46894,1.17612411],[1613371560000,46913,46902,46951,46902,5.16596039],[1613371500000,46851.198918,46912,46912,46851.198918,4.91418888],[1613371440000,46865,46852,46866,46851.198918,0.91226843],[1613371380000,46893,46865,46894,46865,0.50385126],[1613371320000,46866,46893,46894,46866,0.47208154999999996],[1613371260000,46884,46867,46902,46850,4.35561077],[1613371200000,46932,46883,46936,46883,5.94763359],[1613371140000,46989,46901,47019,46901,16.2200357],[1613371080000,46997,46989,47023,46981,1.49836178],[1613371020000,47008,46998,47053,46998,3.26537517],[1613370960000,46995,47007,47044,46990,2.58810302],[1613370900000,47048,46996,47048,46996,1.47769738],[1613370840000,47065,47047,47081,47047,3.44876702],[1613370780000,46969,47064,47065,46969,2.7153465],[1613370720000,46969,46970,46970,46969,0.209901],[1613370660000,46942,46973,46973,46941,2.30612922],[1613370600000,46976,46941,46977,46941,0.7778171899999999],[1613370540000,46977,46977,46989,46976,2.12180246],[1613370480000,46936,46977,46977,46904,3.74357777],[1613370420000,46989,46937,46989,46903,11.64788851],[1613370360000,46938,46989,46989,46936,1.56667541],[1613370300000,46975,46939,47002,46939,3.21663003],[1613370240000,46952,46966,47002,46952,3.38901215],[1613370180000,46938,46952,46999,46908,5.1911983600000005],[1613370120000,46893,46939,46939,46892,2.36463244],[1613370060000,46930,46892,46931,46891,8.64092533],[1613370000000,46913,46930,46943,46906,2.19114004],[1613369940000,46961,46916,46961,46914,2.68595543],[1613369880000,47046,46965,47047,46961,7.45846731],[1613369820000,46966,47046,47047,46952,3.4461085700000003],[1613369760000,46945,46966,46968,46945,1.20105087],[1613369700000,46946,46944,46947,46920,0.78751016],[1613369640000,46901,46946,46994,46901,5.53728404],[1613369580000,46877,46901,46916,46877,1.40709348],[1613369520000,46875,46868,46889,46868,1.27733815],[1613369460000,46889,46884,46906,46872,1.7627358],[1613369400000,46887,46888,46912,46887,0.91072173],[1613369340000,46878,46905,46912,46868,4.57153354],[1613369280000,46873,46878,46912,46873,2.50948115],[1613369220000,46848,46872,46876.889631,46847,1.31829388],[1613369160000,46831,46848,46848,46820,0.99582598],[1613369100000,46855,46804,46855,46800,0.8931012899999999],[1613369040000,46776,46855,46881,46776,4.19062479],[1613368980000,46818,46775,46818,46775,0.96044442],[1613368920000,46753,46817,46833,46752,3.44342739],[1613368860000,46717,46753,46753,46716,3.41128243],[1613368800000,46712,46717,46722,46673,2.74947323],[1613368740000,46723,46745,46748,46722,1.47044822],[1613368680000,46717,46733,46754,46706,2.50236728],[1613368620000,46745,46727,46805,46700,10.09812922],[1613368560000,46740,46741,46745,46740,1.11903435],[1613368500000,46627,46755,46768.61055484,46627,4.29607717],[1613368440000,46670,46628,46672,46611,5.22001805],[1613368380000,46690,46670,46697,46653,15.204297930000001],[1613368320000,46618,46737,46738,46618,12.47693662],[1613368260000,46601,46618,46625,46566,12.27303726],[1613368200000,46574,46600,46600,46561,4.7869167599999995],[1613368140000,46576,46584,46585.821835,46545,0.8492999999999999],[1613368080000,46525,46594,46594,46524,2.89090471],[1613368020000,46524,46525,46552,46524,2.72297373],[1613367960000,46542,46542,46560,46542,6.62643815],[1613367900000,46598,46542,46598,46511,6.0793253499999995],[1613367840000,46632,46591,46664,46591,0.849544],[1613367780000,46608,46669,46675,46580,4.20456768],[1613367720000,46562,46609,46685,46562,7.87381224],[1613367660000,46561,46578,46578,46533.95511576,4.61663896],[1613367600000,46553,46586,46608,46492,8.74757463],[1613367540000,46563.08511192,46558,46563.08511192,46458,2.92113821],[1613367480000,46583,46588,46678,46557.01636272,8.5739949],[1613367420000,46518,46583,46591,46512,6.72626684],[1613367360000,46509,46543,46560,46509,10.332345029999999],[1613367300000,46487,46517,46565,46487,4.07446704],[1613367240000,46401,46490,46495,46401,5.0586921799999995],[1613367180000,46447.77887712,46401,46479,46400,7.01730687],[1613367120000,46501,46448,46501,46448,9.7654243],[1613367060000,46528,46502,46577,46500,7.6423685699999995],[1613367000000,46554,46609,46639,46526.47413248,13.82145836],[1613366940000,46550,46555,46593,46550,3.39142047],[1613366880000,46665,46551,46696,46550,3.00359165],[1613366820000,46655,46665,46665,46648,1.6548918],[1613366760000,46755,46655.03593818,46755,46655.03593818,3.6111061700000002],[1613366700000,46818,46745,46819,46745,1.8706885500000001],[1613366640000,46725,46819,46858,46725,6.66645981],[1613366580000,46624,46725,46725,46624,7.3305843],[1613366520000,46785,46648,46811,46559,31.4565247],[1613366460000,46825,46784,46838,46784,2.42004392],[1613366400000,46825,46825,46825,46824,0.21548636],[1613366340000,46811,46829,46837.16845056,46811,1.06430317],[1613366280000,46786,46816,46816,46785,0.95194165],[1613366220000,46794,46787,46795,46785,0.5881],[1613366160000,46812.89545696,46795,46813,46795,5.43771597],[1613366100000,46835,46809,46835,46799.31347,0.8898323300000001],[1613366040000,46836,46852,46864,46836,5.50045555],[1613365980000,46888,46836,46888,46836,0.4691642],[1613365920000,46885,46889,46889,46854,1.47383848],[1613365860000,46798,46885,46891,46798,3.35794208],[1613365800000,46779,46802.154052,46812,46778,1.45132691],[1613365740000,46779,46779,46802,46778,1.85340005],[1613365680000,46804,46778,46804,46778,2.23789464],[1613365620000,46798,46805,46805,46798,1.5047454],[1613365560000,46776,46798,46829,46774,5.64924434],[1613365500000,46944,46777,46968,46777,10.75273511],[1613365440000,46817,46944,46952,46817,25.05641913],[1613365380000,46818,46818,46831,46817,1.4241715799999999],[1613365320000,46794,46818,46818,46794,3.11322566],[1613365260000,46812,46797,46828,46797,3.02399801],[1613365200000,46821,46823,46823,46774,25.94178306],[1613365140000,46809,46821,46834,46809,7.91604075],[1613365080000,46864,46809,46864,46759,30.98629443],[1613365020000,46859,46864,46876,46851,3.33935141],[1613364960000,46840,46859,46869,46837,5.90006966],[1613364900000,46793,46839,46872.0615881,46793,11.28963603],[1613364840000,46749,46807,46870.84838604,46749,9.86548954],[1613364780000,46745,46749,46788,46744,4.00088504],[1613364720000,46758,46744,46809,46744,8.4170135],[1613364660000,46792,46757,46792.1592684,46741,8.72085016],[1613364600000,46800,46792,46807,46758,6.62705623],[1613364540000,46708,46810,46850,46707,19.61829705],[1613364480000,46743,46708,46747,46677,8.92262192],[1613364420000,46671,46744,46750,46649,8.0110921],[1613364360000,46632.3404886,46675,46718,46610,19.69719185],[1613364300000,46462,46632,46632,46462,8.05727777],[1613364240000,46510,46455,46510,46423,13.93187783],[1613364180000,46400,46494,46545.37531846,46250,86.07098739999999]]]
08:42:27.376 [48] DEBUG c.g.j.b.v.SimpleBitfinexApiBroker - Sent: com.github.jnidzwetzki.bitfinex.v2.command.UnsubscribeChannelCommand@6027e03f
08:42:27.378 [48] DEBUG c.g.j.b.v.SimpleBitfinexApiBroker - Sent: com.github.jnidzwetzki.bitfinex.v2.command.SubscribeCandlesCommand@58f7b697
08:42:27.451 [24] DEBUG c.g.j.b.v.SimpleBitfinexApiBroker - Recv: {"event":"unsubscribed","status":"OK","chanId":812678}
08:42:27.452 [24] DEBUG c.g.j.b.v.SimpleBitfinexApiBroker - unsubscribed: BitfinexCandlestickSymbol [currencyPair=BitfinexCurrencyPair [currency1=BTC, currency2=USD, currencyType=CURRENCY, minimumOrderSize=2.0E-4], timeframe=MINUTES_1]
08:42:27.458 [23] DEBUG c.g.j.b.v.SimpleBitfinexApiBroker - Recv: {"event":"subscribed","channel":"candles","chanId":812679,"key":"trade:1D:tBTCUSD"}
08:42:27.459 [23] DEBUG c.g.j.b.v.SimpleBitfinexApiBroker - subscribed: BitfinexCandlestickSymbol [currencyPair=BitfinexCurrencyPair [currency1=BTC, currency2=USD, currencyType=CURRENCY, minimumOrderSize=2.0E-4], timeframe=DAY_1]
08:42:27.459 [23] DEBUG c.g.j.b.v.SimpleBitfinexApiBroker - Recv: [812679,[[1613347200000,48597,47507,48959,45730.50181348,6099.35470278],[1613260800000,47177.86105756,48584,49659,47030,7337.59067269],[1613174400000,47365,47177,48209,46255,5225.25062786],[1613088000000,48001,47397,48945,45851.95356552,10789.29878402],[1613001600000,44840,48008,48598,43917.41935602,10300.37521835],[1612915200000,46485.10574522,44841,47383,43777,10019.14961979],[1612828800000,46444,46488,48277,45060,15903.02396636],[1612742400000,38841,46444,46666,37947,24788.66402363],[1612656000000,39237,38837,39725.7155421,37350,7627.57627436],[1612569600000,38260.8799317,39234,40985,38205,10181.01728877],[1612483200000,36945,38260,38366,36571.55235544,4479.82317969],[1612396800000,37667,36951.548313,38750,36222,6419.65493792],[1612310400000,35576,37667,37677.35566244,35471,8806.86324689],[1612224000000,33569,35577,36053.96796779,33500,7006.15684092],[1612137600000,33117.79931925,33566,34707,32333,5300.53662691],[1612051200000,34333,33138,34407.005674,32228,5823.93157617],[1611964800000,34284,34341,34929,32827,7290.52856597],[1611878400000,33374,34253,38710.69632264,31987,28642.05232388],[1611792000000,30421.23654981,33373,33800,29918,9170.13127825],[1611705600000,32518.32570147,30421.23654981,32596,29283,14786.66598682],[1611619200000,32252,32519,32971,30867.0338669,8540.41106666],[1611532800000,32327,32285,34918,31966,9230.4487765],[1611446400000,32099,32320,33174,31011,5887.71106024],[1611360000000,33027,32099,33554,31439.4275088,7065.12704773],[1611273600000,30890.60960271,33058,33850,28989,15720.12650751],[1611187200000,35510,30872,35616,30196,22357.47974563],[1611100800000,35888,35516,36422,33303,14141.72101255],[1611014400000,36685,35890,37936.5743351,35863,9648.58184083],[1610928000000,35901,36699,37555,34842,8414.95402598],[1610841600000,36037,35900,36928,33868,9847.25162068],[1610755200000,36741,36041,37997,35418,10842.65506249],[1610668800000,39147.32923992,36741,39701,34500,15551.34410823],[1610582400000,37368,39136,40001,36666,12967.86884021],[1610496000000,34104,37358.07975004,37776,32436,14887.62558258],[1610409600000,35410,34123,36656,32427,22176.95211648],[1610323200000,38200,35408,38277,30635,48042.44420537],[1610236800000,40170,38200,41399,35260,19011.73685638],[1610150400000,40500,40168,41399,38700,8173.60836859],[1610064000000,39387,40509,41969,36555,21785.71626803],[1609977600000,36791,39401,40383.3509214,36123.590728,22112.80551057],[1609891200000,33978,36760,36932,33335,18619.39156055],[1609804800000,31991,33985,34493,29861,14483.02450249],[1609718400000,32990,31990,33593.61627648,28540,24687.17352109],[1609632000000,32185,32968,34873,31975,18908.90248876],[1609545600000,29349.83250154,32183,33292,29000,22012.92431526],[1609459200000,28939,29349,29620,28716,8332.17329653],[1609372800000,28886.8252941,28938.521869,29286,27557,12225.25361439],[1609286400000,27312,28880,28977,27312,10509.15264706],[1609200000000,27044,27316,27329,25859,8915.79570495],[1609113600000,26242,27053,27442,26068.0657198,7601.6736102],[1609027200000,26423,26241,28244,25813,17956.95047706],[1608940800000,24720.0882,26413,26723,24489,13149.6035219],[1608854400000,23743.467132,24720.0882,24802,22855,13780.78834019],[1608768000000,23207.87492762,23743.467132,23790,22701,4754.89447434],[1608681600000,23804,23208,24144,22655,12077.5823542],[1608595200000,22712.281776,23805.89700325,23812,22348,7416.0651705],[1608508800000,23427,22712.281776,24077,21884,14183.57832359],[1608422400000,23801,23427,24244,23101,9599.06945336],[1608336000000,23124,23808,24123,22768,9672.76187725],[1608249600000,22791,23124,23287,22362,7283.12188767],[1608163200000,21318,22786,23630,21197,22872.76691971],[1608076800000,19459,21318,21444,19317.800536,21075.87728373],[1607990400000,19282,19459,19607,19070,6927.28565056],[1607904000000,19180,19282,19350,19008.31354812,2534.66419808],[1607817600000,18818,19180,19416,18720.6972317,4831.24752681],[1607731200000,18050,18818,18944,18049.91181686,3683.18295895],[1607644800000,18263,18049.91181686,18299,17629,6573.35890074],[1607558400000,18558,18260,18568,17935,3655.53727913],[1607472000000,18329,18558,18630,17742,9767.76617124],[1607385600000,19196,18329,19322,18271,9623.14888923],[1607299200000,19410.03147,19196.06786536,19460,18925,2285.63253019],[1607212800000,19159,19410,19463,18905,4333.67926426],[1607126400000,18652,19159,19182,18498,3664.40593767],[1607040000000,19449,18652,19550,18600,8654.05198704],[1606953600000,19229.12373562,19449,19628,18900,5251.01732623],[1606867200000,18818.027865,19241,19344,18361,7634.3491635],[1606780800000,19697,18814,19956,18279,21947.30653528],[1606694400000,18196,19696.272384,19844,18196,14947.01505414],[1606608000000,17746,18195.987488,18344,17556,3986.26608474],[1606521600000,17171,17746,17910,16925,5750.22634211],[1606435200000,17213,17171,17531,16501,11217.91209845],[1606348800000,18726.475677,17211.69580098,18908,16317,34343.56146402],[1606262400000,19133.654712,18727,19497,18500,13477.60483221],[1606176000000,18364,19131,19400,18130,14937.35456899],[1606089600000,18390,18372,18724,18003,8765.27184524],[1606003200000,18659.98826325,18392,18732,17645,9098.86083786],[1605916800000,18659.98826325,18659.98826325,18945,18323,6619.77912017],[1605830400000,17813,18660,18810,17753,7974.20959348],[1605744000000,17774,17818,18166,17344,5575.43345482],[1605657600000,17674.53552004,17774,18450,17119,17517.60930774],[1605571200000,16719,17674.87558,17815,16535,12211.61192244],[1605484800000,15965,16719,16872,15874,6522.24231834],[1605398400000,16058.519784,15965,16151,15794,2564.5596865],[1605312000000,16308.5948109,16057,16315,15715,5090.22982759],[1605225600000,16296,16308.5948109,16481,15974,7699.72967138],[1605139200000,15709,16296.18794388,16325,15453,12299.29569523],[1605052800000,15311.53062117,15709.3042176,15981,15292,6940.97705853],[1604966400000,15336.88653372,15311.53062117,15474,15077,3741.90497043],[1604880000000,15501,15334.52194598,15844,14841,8947.1113553],[1604793600000,14849,15500,15650,14755,6475.28259478],[1604707200000,15573,14845,15740,14411,14370.83426036],[1604620800000,15568,15572.88385495,15888,15179,12097.89054039],[1604534400000,14152,15568,15723.55678179,14104.36241552,15897.90693691],[1604448000000,14029.5896356,14149,14245,13530,10098.33576646],[1604361600000,13560,14029.5896356,14066,13301,5811.86187544],[1604275200000,13755,13562,13836,13207,6586.08653832],[1604188800000,13778.27705844,13756,13892,13611,3107.60188947],[1604102400000,13567.94596627,13788,14055,13425,8953.45758111],[1604016000000,13450,13568,13673,13120,4659.29588008],[1603929600000,13266,13451,13629,12972,4074.37347985],[1603843200000,13626,13267,13839,12915,7113.94802481],[1603756800000,13059,13626,13769,13054,8976.07060578],[1603670400000,13036,13059,13244,12781,3675.05916084],[1603584000000,13127,13037,13358,12850,3631.47386568],[1603497600000,12930.56664423,13127.03663502,13178,12882,1971.8904909],[1603411200000,12982,12935,13032,12738,2904.13203062],[1603324800000,12811,12988,13188,12710,6090.19951202],[1603238400000,11924.12565284,12810,13220,11910,15400.96625616],[1603152000000,11757,11925,12044,11696,5422.99322297],[1603065600000,11517,11757,11828,11417,3767.98031874],[1602979200000,11376,11518,11520,11364.93369218,1321.88045131],[1602892800000,11324.8837331,11375,11418,11275,1037.69350326],[1602806400000,11511.9497064,11325,11547,11212,3461.9219345],[1602720000000,11440,11509,11632,11277,4263.98661429],[1602633600000,11442.72553612,11440,11564,11309,2693.05607564],[1602547200000,11560,11442,11574.90850243,11333,3905.22148627],[1602460800000,11384,11560,11739.97398,11111,6368.14562071],[1602374400000,11308,11385,11451,11279.45650736,1478.2348888],[1602288000000,11071,11308,11505,11071,4168.69088477],[1602201600000,10942.901982,11071,11133.99746703,10853.1165156,2570.0680234],[1602115200000,10687.32291769,10943,10971,10541,3641.24246027],[1602028800000,10613,10687,10691,10563,1669.91903423],[1601942400000,10807,10613.705256,10819.959108,10548,3219.16847587],[1601856000000,10687,10807,10816,10637,1783.47952643],[1601769600000,10558.00112605,10687,10713,10541,1628.85480833],[1601683200000,10586,10558.58697865,10616,10513,833.97060122],[1601596800000,10633,10586,10686,10391,3737.41568792],[1601510400000,10797,10634,10975.126364,10460,5682.15324545],[1601424000000,10857,10795,10866.00570211,10684,1504.4129717600001],[1601337600000,10713,10856,10889,10654,1793.01665211],[1601251200000,10804,10714,10986,10656.20638633,3793.66453162],[1601164800000,10750.90937072,10803,10824,10594,1754.82101234],[1601078400000,10708,10750,10841,10675,940.11544811],[1600992000000,10752,10708,10774,10580,2351.64280732],[1600905600000,10266,10754,10842,10222,3195.72207711],[1600819200000,10549.621726,10263,10555,10152,3093.16299583],[1600732800000,10435,10549,10597,10377,2412.76234461],[1600646400000,10935,10435,11000,10321,6012.77245251],[1600560000000,11098,10934.54183144,11098,10779,1818.9312364],[1600473600000,10957.05507792,11098,11185,10920,2467.83027967],[1600387200000,10959,10957.17348137,11064,10825,2255.78236859],[1600300800000,10971.45422468,10959,11069.17646505,10765.936272,2515.82301027],[1600214400000,10797.99361605,10971.25116264,11104.97665904,10682,4798.73427717],[1600128000000,10689.93207785,10797,10944,10645,4990.20947654],[1600041600000,10331,10690,10773,10259,3687.51051542],[1599955200000,10459,10331,10623,10231,4044.98562654],[1599868800000,10404.94752176,10458,10492,10287,1434.15294838],[1599782400000,10354,10405,10438,10197,2468.47916195],[1599696000000,10241,10355,10516,10233.0879672,3553.97517835],[1599609600000,10150,10240,10359,10010,2406.14739791],[1599523200000,10400,10148,10464,9882.4,6761.1383562],[1599436800000,10275.9676,10397,10430,9913.8,6301.95149206],[1599350400000,10197,10276,10365.07422046,10031,2755.66300115],[1599264000000,10484.07051575,10196.86489828,10593,9925.5,8507.11405664],[1599177600000,10166.13513,10484.74763252,10644,9965.7,13589.50529482],[1599091200000,11400.841462,10170,11460.98620262,9990.9,15884.01270037],[1599004800000,11942.89423579,11408,11975,11183,6191.79985751],[1598918400000,11671.23323392,11942,12067,11552,5020.38142016],[1598832000000,11729.89978204,11671,11790,11600,2242.98394163],[1598745600000,11492,11730,11730,11480,2102.9568569],[1598659200000,11544.621284,11492,11606.34239887,11450,1520.98782067],[1598572800000,11343,11545,11567,11303,2024.55122551],[1598486400000,11472,11343,11609,11145,4811.07166836],[1598400000000,11341,11471.10096,11546,11219.88888,2484.87645848],[1598313600000,11765,11341.4006669,11778,11137,6158.91793348],[1598227200000,11663,11768,11847,11605,1987.28075227],[1598140800000,11683,11663,11736,11538,1929.78739306],[1598054400000,11527,11685,11703,11390,3458.466714],[1597968000000,11884.677714,11531,11899,11500,6102.59595826],[1597881600000,11778.02622206,11884.677714,11902,11680,2734.22904121],[1597795200000,11961.83967646,11778,12025.25974,11608.59604692,6287.195758],[1597708800000,12303,11961.83967646,12405,11814,7179.55648352],[1597622400000,11924.02573127,12300,12490,11675,10122.6714163],[1597536000000,11873.41825354,11925,11944,11705,2717.98718733],[1597449600000,11762,11873.41825354,11997,11705,4038.10832313],[1597363200000,11793.16904862,11761,11869,11650.03890904,4652.45752198],[1597276800000,11583,11792.46007598,11822,11279,5779.6932746],[1597190400000,11379,11583,11613.97869844,11100,4309.29975682],[1597104000000,11893,11379,11943,11123,7105.92315064],[1597017600000,11675.32006989,11892,12065,11450,6575.26897597],[1596931200000,11763,11675.32006989,11788,11530,1571.87081403],[1596844800000,11580.04081238,11764,11796,11523,1874.37849071],[1596758400000,11759,11580.04081238,11900,11326,5093.55309175],[1596672000000,11735.93261188,11759,11890,11557,3901.71404458],[1596585600000,11187,11735.81391634,11800,11085,5786.68941182],[1596499200000,11226.99217374,11184,11396,11003,3256.06346449],[1596412800000,11058.83877657,11226.52172839,11456,10943,4085.5068594],[1596326400000,11805,11053.77256233,12097,10548,13217.6364586],[1596240000000,11350,11804.7440126,11843,11227,10574.54259436],[1596153600000,11122.78517118,11350,11440,10990,5830.1458832],[1596067200000,11117.39512086,11123,11189.20867739,10855.80732708,4251.00604941],[1595980800000,10931.55841463,11117,11355,10851,8823.29419803],[1595894400000,11044.32215834,10932,11263,10590,9878.58905271],[1595808000000,9948.4,11043.96287976,11379,9944.9,21575.30615722],[1595721600000,9714.9,9948.4,10190,9674.8,8945.66976492],[1595635200000,9559.00520597,9714.89020414,9754.5,9555.5,2562.7864653],[1595548800000,9615,9559.1,9644,9469.65964973,2262.02669659],[1595462400000,9557.7,9615,9685.43228684,9475,4698.40697756],[1595376000000,9402.1,9557.7,9642.4,9305,4152.34741625],[1595289600000,9179.2,9402,9457.2,9174.4179114,5398.71585906],[1595203200000,9231.2,9179.2,9238.2,9154.5,1402.35976776],[1595116800000,9189.1,9231.2,9299,9111.8,1440.22632243],[1595030400000,9167.32861157,9189.1,9217.1,9120.1,1172.10272826],[1594944000000,9149.6,9167.32861157,9194,9102.1,1064.21015788],[1594857600000,9210.1,9149.6,9227.2,9026.6,2873.49133989],[1594771200000,9263.7914,9210.1,9280,9179,897.57903844],[1594684800000,9251.6,9263.4,9287.3,9107,2196.282437],[1594598400000,9320.2,9252,9350,9220,1927.22488926],[1594512000000,9245.5,9315.8,9368.4,9175,1864.40441369],[1594425600000,9304.9,9246.3,9311.8,9200.1,812.83259594],[1594339200000,9248.9,9304.6,9324.6,9133.1,1420.69938721],[1594252800000,9447.1,9248.86416894,9451.7,9175,3709.08975826],[1594166400000,9267.57549347,9447,9497.2,9256,3814.77723032],[1594080000000,9361.12445025,9267.51494932,9389.40580899,9211.1,1632.42789733],[1593993600000,9089,9361.1,9389.58638306,9075.80199233,4261.04610108],[1593907200000,9146.79675146,9084.28473392,9152.30680224,8918,2084.26945357],[1593820800000,9073.2,9147.7,9204,9060,1130.89317765],[1593734400000,9100.1,9073.2,9135.5,9056.7,1087.11722411],[1593648000000,9239.4,9100,9266.2,8950,3791.70680325],[1593561600000,9150.6467222,9239.9,9298,9109.4,2192.65665227],[1593475200000,9194.43385096,9150.7,9206.45653809,9077,1833.03971963],[1593388800000,9125.366022,9194.43385096,9244,9018.12556046,3642.40403593],[1593302400000,9014.8,9125.366022,9193.187058,8946.6,2110.24642108],[1593216000000,9173.2,9015.3,9202.5,8855,3372.16006102],[1593129600000,9257.03466936,9173.1,9299,9054.1,3691.05093006],[1593043200000,9305.2,9257.03466936,9349,9011,5545.31009709],[1592956800000,9635.2,9312.1,9684.1,9212,5524.89802578],[1592870400000,9697.72816498,9635.2,9724,9589.7,3421.05102569],[1592784000000,9299.5,9697.72816498,9795,9285.2,5876.94315576],[1592697600000,9374.2,9301,9431.2,9292,1338.76911008]]]
08:42:27.464 [48] DEBUG c.g.j.b.v.SimpleBitfinexApiBroker - Sent: com.github.jnidzwetzki.bitfinex.v2.command.UnsubscribeChannelCommand@76a7d92f
08:42:27.464 [48] DEBUG c.g.j.b.v.SimpleBitfinexApiBroker - Sent: com.github.jnidzwetzki.bitfinex.v2.command.SubscribeCandlesCommand@43bd2b2c
08:42:27.528 [24] DEBUG c.g.j.b.v.SimpleBitfinexApiBroker - Recv: {"event":"unsubscribed","status":"OK","chanId":812679}
08:42:27.528 [24] DEBUG c.g.j.b.v.SimpleBitfinexApiBroker - unsubscribed: BitfinexCandlestickSymbol [currencyPair=BitfinexCurrencyPair [currency1=BTC, currency2=USD, currencyType=CURRENCY, minimumOrderSize=2.0E-4], timeframe=DAY_1]
08:42:27.531 [23] DEBUG c.g.j.b.v.SimpleBitfinexApiBroker - Recv: {"event":"subscribed","channel":"candles","chanId":812680,"key":"trade:1M:tBTCUSD"}
08:42:27.531 [23] DEBUG c.g.j.b.v.SimpleBitfinexApiBroker - subscribed: BitfinexCandlestickSymbol [currencyPair=BitfinexCurrencyPair [currency1=BTC, currency2=USD, currencyType=CURRENCY, minimumOrderSize=2.0E-4], timeframe=MONTH_1]
08:42:27.532 [23] DEBUG c.g.j.b.v.SimpleBitfinexApiBroker - Recv: [812680,[[1612137600000,33117.79931925,47458,49659,32333,140273.25644922],[1609459200000,28939,33138,41969,28540,479163.46903901],[1606780800000,19697,28938.521869,29286,17629,294441.56997901],[1604188800000,13778.27705844,19696.272384,19844,13207,294674.56751184],[1601510400000,10797,13788,14055,10391,130106.94375223],[1598918400000,11671.23323392,10795,12067,9882.4,128306.22094942],[1596240000000,11350,11671,12490,10548,145688.82284186],[1593561600000,9150.6467222,11350,11440,8918,119153.69189585],[1590969600000,9451.1,9150.7,10398,8855,146951.73093969],[1588291200000,8630.7,9451.1,10045,8101,274650.86988354],[1585699200000,6429,8631.81715292,9441.90721684,6180,310635.75804779],[1583020800000,8561.4,6427.68278638,9241.5,4000,647765.41339265],[1580515200000,9367.5,8561.5,10491,8455.09929552,215956.06536569],[1577836800000,7208.2,9367.4,9550,6909.3,192214.64898628],[1575158400000,7599.3,7208.3,7890,6477,162927.51190474],[1572566400000,9186.6,7599.8823169,9645,6618,174626.20339216],[1569888000000,8337.34811911,9185.6,10480,7333.4,203536.04079102],[1567296000000,9617.8,8331.13524644,10933,7733.3,208244.31885275],[1564617600000,10087.98969503,9623.9,12325,9358.2,267078.88491753],[1561939200000,10800,10088,13174,9084.7,500686.1921758427],[1559347200000,8533.11384961,10809,13764,7455,507726.6678070909],[1556668800000,5599.52273017,8532.66591125,9109,5577.5,492664.6563223],[1554076800000,4167.5,5599.52273017,5690,4124,412925.71302779],[1551398400000,3893.1,4167.5,4210,3767,206477.76704652],[1548979200000,3503.8,3894,4282.4,3405.32458599,376320.94903713],[1546300800000,3832.6286242,3503.8,4218,3422,435103.0975063],[1543622400000,4038.5,3830.5,4384,3215.2,970366.50190278],[1541030400000,6368.4,4039.5,6615,3657.6,959284.2620085],[1538352000000,6622.3,6368.3871592,7788,6220.3,412251.60554009],[1535760000000,7013.5,6622.4,7429.2,6100,650936.21035079],[1533081600000,7731.3,7014.6,7756.1,5858.6,920286.78625238],[1530403200000,6391.6,7731.3,8506.7,6079.9,794443.49149471],[1527811200000,7485.9,6391.5,7779,5755,704473.4750441],[1525132800000,9240.6,7485.8,9990,7040,820145.89167473],[1522540800000,6925.3,9240.6,9767.4,6425.1,1279736.01527961],[1519862400000,10314,6925.4,11700,6533,1782444.38699284],[1517443200000,10267,10315,11788,6000,1930205.0944203],[1514764800000,13769,10270,17252,9231.1,1615808.21308843],[1512086400000,9907,13759.38180575,19891,9370.1,2257991.87485614],[1509494400000,6455,9907.1,11441,5400.2,2119235.28146726],[1506816000000,4367.1,6455.1,6481.5,4133,1360463.07540069],[1504224000000,4718.2,4367.1,4970,2980.4,1504907.64436812],[1501545600000,2854.1,4718.3,4749.9,2604,951974.10640783],[1498867200000,2420.6,2854.3,2922,1826.2,942747.26396496],[1496275200000,2191.60075499,2420.6,3003,2046,649205.70821549],[1493596800000,1435.3,2191.82545389,2690,1432,744228.87662832],[1491004800000,1081.3,1435,1449.7,1070,422013.30744806],[1488326400000,1189.1,1081.5,1339.9,888.2,1043157.71188787],[1485907200000,966.2,1189.1,1222.4,936.34,477722.68791285],[1483228800000,966.61,966.19,1166,735,699569.83031469],[1480550400000,739,966.58,983,738.8,288299.86840255],[1477958400000,701.01,739,763.85,676,269794.47066441],[1475280000000,611.1,701.02,724,575,195726.51232612],[1472688000000,576.27,611.1,640,570.61,129753.78762195],[1470009600000,622.83,576.15,627.35,562.99,188031.63262607],[1467331200000,674.57,622.83,706.98,610.1,668094.8137598],[1464739200000,530.69,674.74,789.78,523.75,1677574.53640728],[1462060800000,446.79,530.69,570,433,604055.3210596],[1459468800000,416.34,446.6,471.99,412,366066.76801092],[1456790400000,439.53,416.02,442.79,389,416438.88559938],[1454284800000,365.58,438.99,451.6,363.23,643383.6576526],[1451606400000,429.17,365.52,465,352.5,893544.90337623],[1448928000000,376.89,429.02,475.04,346.13,1154260.67200562],[1446336000000,316,376.88,504,300.28,1638014.11041357],[1443657600000,236.72,316,336,236.19,568317.21742606],[1441065600000,231.06,236.49,248.48,224.25,295096.46053503],[1438387200000,284.45,231.35,287.05,162,706915.36640738],[1435708800000,262.9,284.45,316.23,252.11,825952.5849813],[1433116800000,228.38,263.07,269,219.71,591551.890802],[1430438400000,236.18,228.7,249.22,226.42,476460.12032387],[1427846400000,244.56,236.11,262.45,213.92,733206.86569282],[1425168000000,255.7,244.51,303.96,235.7,1239084.88798128],[1422748800000,215.91,255.7,268.54,210.12,1129858.87265137],[1420070400000,322.31,215.8,322.9,166.45,2054762.96101356],[1417392000000,379.67,322.3,387.99,302.32,527554.39398354],[1414800000000,336.72,379.89,475,315.54,955822.29008662],[1412121600000,386.93,336.82,414.42,275,857821.63053737],[1409529600000,477.84,387,497.24,365,392789.90864222],[1406851200000,579.49,477.81,605.72,443,362044.27874483],[1404172800000,642.26,580,665,561.47,158002.70311825],[1401580800000,627.01,640.79,685,522.15,354190.51030868],[1398902400000,449.0201,626.21,630,419.4,259639.15887623],[1396310400000,456.3,449.0201,547,340,433927.21116126],[1393632000000,552.26,456.9899,719.25,436.1,380091.47483896],[1391212800000,803.58,554.25,829,200,605938.35547569],[1388534400000,730.24,803.5,995,726.5,302141.34389555],[1385856000000,1119.8,729.99,1175,381.51,542655.4625532],[1383264000000,203.79,1119.52,1171.25,200.5,481751.60165456],[1380585600000,125.95,202.52,215,83.26,324327.86218018],[1377993600000,128.21,125.95,132.05,115,108619.73023121],[1375315200000,97.99,127.8,134.94,89.51,131902.78184768],[1372636800000,89.58,98.18,101.39,1,166897.27736797],[1370044800000,127.73,89.55,132.87,86.15,127105.48784731],[1367366400000,139.87,127.9,140.68,80,243951.3412451],[1364774400000,93.25,139.88,290,0.01,398067.27700542],[1362096000000,34.107576,93.033,95.5,1,147573.48154555],[1359676800000,21.0527796,34.05678,35.139,18.972,53673.71101293],[1356998400000,14.5373664,20.9406,21.726,14.4737898,18637.49519117]]]
08:42:27.535 [48] DEBUG c.g.j.b.v.SimpleBitfinexApiBroker - Sent: com.github.jnidzwetzki.bitfinex.v2.command.UnsubscribeChannelCommand@305dc306
08:42:27.535 [48] DEBUG c.g.j.b.v.SimpleBitfinexApiBroker - close() called
08:42:27.536 [48] DEBUG c.g.j.b.v.SimpleBitfinexApiBroker - Closing websocket: CloseReason[1000,Socket closed]
08:42:27.537 [52] DEBUG c.g.j.b.v.HeartbeatThread - Heartbeat thread was interrupted, exiting
08:42:27.538 [1] DEBUG c.g.j.b.v.SequenceNumberAuditor - Resetting sequence auditor
08:42:27.539 [1] DEBUG c.g.j.b.v.SimpleBitfinexApiBroker - connect() called
08:42:27.539 [1] DEBUG c.g.j.b.v.SequenceNumberAuditor - Resetting sequence auditor
08:42:27.762 [34] DEBUG c.g.j.b.v.SimpleBitfinexApiBroker - Websocket is now open
08:42:27.762 [1] DEBUG c.g.j.b.v.SimpleBitfinexApiBroker - Sent: com.github.jnidzwetzki.bitfinex.v2.command.SetConnectionFeaturesCommand@7e93e396
08:42:27.766 [1] DEBUG c.g.j.b.v.SimpleBitfinexApiBroker - Sent: com.github.jnidzwetzki.bitfinex.v2.command.SetConnectionFeaturesCommand@1ed763aa
08:42:27.768 [34] DEBUG c.g.j.b.v.SimpleBitfinexApiBroker - Recv: {"event":"info","version":2,"serverId":"5c759ff4-0002-4b7b-b459-71470bebcca1","platform":{"status":1}}
08:42:27.825 [23] DEBUG c.g.j.b.v.SimpleBitfinexApiBroker - Recv: {"event":"conf","status":"OK"}
08:42:27.826 [23] DEBUG c.g.j.b.v.SimpleBitfinexApiBroker - Recv: {"event":"conf","status":"OK","flags":65536}
08:42:28.772 [1] DEBUG c.g.j.b.v.SimpleBitfinexApiBroker - Sent: com.github.jnidzwetzki.bitfinex.v2.command.SubscribeTickerCommand@2acfd27b
08:42:28.774 [1] DEBUG c.g.j.b.v.SimpleBitfinexApiBroker - Sent: com.github.jnidzwetzki.bitfinex.v2.command.SubscribeTickerCommand@36b6802f
08:42:28.776 [1] DEBUG c.g.j.b.v.SimpleBitfinexApiBroker - Sent: com.github.jnidzwetzki.bitfinex.v2.command.SubscribeTickerCommand@29a51ff1
08:42:28.778 [1] DEBUG c.g.j.b.v.SimpleBitfinexApiBroker - Sent: com.github.jnidzwetzki.bitfinex.v2.command.SubscribeTickerCommand@6f999cf4
08:42:28.780 [1] DEBUG c.g.j.b.v.SimpleBitfinexApiBroker - Sent: com.github.jnidzwetzki.bitfinex.v2.command.SubscribeTickerCommand@79c9a128
08:42:28.857 [34] DEBUG c.g.j.b.v.SimpleBitfinexApiBroker - Recv: {"event":"subscribed","channel":"ticker","chanId":217629,"symbol":"tBTCUSD","pair":"BTCUSD"}
08:42:28.861 [34] DEBUG c.g.j.b.v.SimpleBitfinexApiBroker - subscribed: BitfinexTickerSymbol [currencyPair=BitfinexCurrencyPair [currency1=BTC, currency2=USD, currencyType=CURRENCY, minimumOrderSize=2.0E-4]]
08:42:28.861 [34] DEBUG c.g.j.b.v.SimpleBitfinexApiBroker - Recv: [217629,[47460,6.9005579899999985,47462,10.807786209999996,-1277,-0.0262,47462,10316.24809414,49659,45730.50181348],1]
08:42:28.862 [34] DEBUG c.g.j.b.v.SimpleBitfinexApiBroker - Recv: {"event":"subscribed","channel":"ticker","chanId":258979,"symbol":"tETHUSD","pair":"ETHUSD"}
08:42:28.863 [34] DEBUG c.g.j.b.v.SimpleBitfinexApiBroker - subscribed: BitfinexTickerSymbol [currencyPair=BitfinexCurrencyPair [currency1=ETH, currency2=USD, currencyType=CURRENCY, minimumOrderSize=0.006]]
08:42:28.863 [34] DEBUG c.g.j.b.v.SimpleBitfinexApiBroker - Recv: [258979,[1761.3,331.12278971999996,1761.4,1150.98303198,-71.9,-0.0392,1762,142606.14869818,1848.7,1649],2]
08:42:28.863 [34] DEBUG c.g.j.b.v.SimpleBitfinexApiBroker - Recv: {"event":"subscribed","channel":"ticker","chanId":365374,"symbol":"tEOSUSD","pair":"EOSUSD"}
08:42:28.863 [34] DEBUG c.g.j.b.v.SimpleBitfinexApiBroker - subscribed: BitfinexTickerSymbol [currencyPair=BitfinexCurrencyPair [currency1=EOS, currency2=USD, currencyType=CURRENCY, minimumOrderSize=0.8]]
08:42:28.864 [34] DEBUG c.g.j.b.v.SimpleBitfinexApiBroker - Recv: [365374,[4.7314,45714.984142639994,4.7377,44862.16594773,-0.692,-0.1274,4.7391,12752867.66132935,5.483,4.1],3]
08:42:28.864 [34] DEBUG c.g.j.b.v.SimpleBitfinexApiBroker - Recv: {"event":"subscribed","channel":"ticker","chanId":365763,"symbol":"tIOSUSD","pair":"IOSUSD"}
08:42:28.864 [34] DEBUG c.g.j.b.v.SimpleBitfinexApiBroker - subscribed: BitfinexTickerSymbol [currencyPair=BitfinexCurrencyPair [currency1=IOS, currency2=USD, currencyType=CURRENCY, minimumOrderSize=270.0]]
08:42:28.865 [34] DEBUG c.g.j.b.v.SimpleBitfinexApiBroker - Recv: [365763,[0.026005,412208.94640255003,0.029899,201267.28288943003,-0.003942,-0.115,0.030341,280862.85512262,0.034283,0.0253],4]
08:42:28.865 [34] DEBUG c.g.j.b.v.SimpleBitfinexApiBroker - Recv: {"event":"subscribed","channel":"ticker","chanId":333983,"symbol":"tNEOUSD","pair":"NEOUSD"}
08:42:28.865 [34] DEBUG c.g.j.b.v.SimpleBitfinexApiBroker - subscribed: BitfinexTickerSymbol [currencyPair=BitfinexCurrencyPair [currency1=NEO, currency2=USD, currencyType=CURRENCY, minimumOrderSize=0.2]]
08:42:28.865 [1] DEBUG c.g.j.b.v.SimpleBitfinexApiBroker - Sent: com.github.jnidzwetzki.bitfinex.v2.command.SetConnectionFeaturesCommand@729a98e9
08:42:28.866 [34] DEBUG c.g.j.b.v.SimpleBitfinexApiBroker - Recv: [333983,[42.249,9995.47669037,42.318,9788.24852109,0.002,0,42.332,308263.78718999,47.379,36.618],5]
08:42:28.926 [23] DEBUG c.g.j.b.v.SimpleBitfinexApiBroker - Recv: {"event":"conf","status":"OK"}
08:42:30.866 [1] DEBUG c.g.j.b.v.SimpleBitfinexApiBroker - close() called
08:42:30.866 [62] DEBUG c.g.j.b.v.HeartbeatThread - Heartbeat thread was interrupted, exiting
08:42:30.866 [1] DEBUG c.g.j.b.v.SimpleBitfinexApiBroker - Closing websocket: CloseReason[1000,Socket closed]
08:42:30.867 [1] DEBUG c.g.j.b.v.SequenceNumberAuditor - Resetting sequence auditor
08:42:30.867 [1] DEBUG c.g.j.b.v.SimpleBitfinexApiBroker - connect() called
08:42:30.867 [1] DEBUG c.g.j.b.v.SequenceNumberAuditor - Resetting sequence auditor
08:42:31.061 [23] DEBUG c.g.j.b.v.SimpleBitfinexApiBroker - Websocket is now open
08:42:31.061 [1] DEBUG c.g.j.b.v.SimpleBitfinexApiBroker - Sent: com.github.jnidzwetzki.bitfinex.v2.command.SetConnectionFeaturesCommand@21523e1b
08:42:31.063 [23] DEBUG c.g.j.b.v.SimpleBitfinexApiBroker - Recv: {"event":"info","version":2,"serverId":"c2cea83e-1d5a-41c0-9ab6-34a476f20212","platform":{"status":1}}
08:42:31.064 [1] DEBUG c.g.j.b.v.SimpleBitfinexApiBroker - close() called
08:42:31.066 [1] DEBUG c.g.j.b.v.SimpleBitfinexApiBroker - Closing websocket: CloseReason[1000,Socket closed]
08:42:31.069 [75] DEBUG c.g.j.b.v.SequenceNumberAuditor - Resetting sequence auditor
08:42:31.070 [75] DEBUG c.g.j.b.v.SimpleBitfinexApiBroker - connect() called
08:42:31.071 [75] DEBUG c.g.j.b.v.SequenceNumberAuditor - Resetting sequence auditor
08:42:31.305 [34] DEBUG c.g.j.b.v.SimpleBitfinexApiBroker - Websocket is now open
08:42:31.306 [75] DEBUG c.g.j.b.v.SimpleBitfinexApiBroker - Sent: com.github.jnidzwetzki.bitfinex.v2.command.SetConnectionFeaturesCommand@29b8191
08:42:31.308 [34] DEBUG c.g.j.b.v.SimpleBitfinexApiBroker - Recv: {"event":"info","version":2,"serverId":"8fe7d50d-765e-4d53-aa42-f64d07897af1","platform":{"status":1}}
08:42:31.312 [75] DEBUG c.g.j.b.v.SimpleBitfinexApiBroker - Sent: com.github.jnidzwetzki.bitfinex.v2.command.SubscribeOrderbookCommand@4e730ebf
08:42:31.363 [23] DEBUG c.g.j.b.v.SimpleBitfinexApiBroker - Recv: {"event":"conf","status":"OK"}
08:42:32.015 [34] DEBUG c.g.j.b.v.SimpleBitfinexApiBroker - Recv: {"event":"subscribed","channel":"book","chanId":803503,"symbol":"tBTCUSD","prec":"R0","freq":"F0","len":"25","pair":"BTCUSD"}
08:42:32.020 [34] DEBUG c.g.j.b.v.SimpleBitfinexApiBroker - subscribed: BitfinexOrderBookSymbol [currencyPair=BitfinexCurrencyPair [currency1=BTC, currency2=USD, currencyType=CURRENCY, minimumOrderSize=2.0E-4], orderBookPrecision=R0, frequency=null, pricePoints=null]
08:42:32.022 [34] DEBUG c.g.j.b.v.SimpleBitfinexApiBroker - Recv: [803503,[[58730951352,47450,0.420659],[58730949861,47449.88994348,0.157747],[58730536134,47448,0.00324044],[58730940726,47448,0.2],[58730957080,47440,0.33717089],[58730943903,47439,0.9194],[58730958617,47438.96350275,0.5],[58730951354,47438,0.420746],[58730957066,47438,0.42],[58730951911,47434,0.208],[58730944301,47432.8932579,0.1022],[58730887198,47432,0.9265],[58730958323,47432,0.01396894],[58730956272,47431,0.1247345],[58730951356,47430,0.420813],[58730928627,47429,0.6365],[58730955446,47429,0.02576917],[58730957505,47429,0.13686024],[58730210210,47427,0.1687],[58730875340,47426,0.2],[58730944788,47425,0.30809],[58730942227,47424.39491511,0.16204],[58730955450,47424.39491511,0.00105814],[58730954026,47423.5547552,0.1109],[58730946773,47423.353824,0.08522],[58730944104,47463,-0.00973985],[58730951353,47472,-0.315527],[58730536128,47477,-0.01796378],[58730953115,47478,-0.03],[58728499797,47479,-0.05],[58730951355,47479,-0.420681],[58730943739,47479.1639892,-0.7],[58730951331,47486,-0.525959],[58730907946,47488,-0.00253098],[58730894770,47489,-0.00379647],[58730942247,47489.95355949,-0.1216],[58730957077,47491,-0.06225599],[58730916761,47491.16760846,-0.31237766],[58730928625,47492,-0.6327],[58730949505,47492,-1.1812],[58730949763,47492,-0.2224211],[58730887197,47493,-0.9603],[58730743139,47495,-0.05061964],[58730956184,47495,-0.2108315],[58730922410,47495.8467594,-0.0002],[58730927213,47497.23699025,-0.0002],[58730918139,47498.4389,-0.0004],[58730949888,47498.6272211,-0.0002],[58730951357,47499,-0.525824],[58730946307,47499.389344,-0.0004]]]
08:42:32.028 [75] DEBUG c.g.j.b.v.SimpleBitfinexApiBroker - Sent: com.github.jnidzwetzki.bitfinex.v2.command.UnsubscribeChannelCommand@7a20096
08:42:32.032 [75] DEBUG c.g.j.b.v.SimpleBitfinexApiBroker - close() called
08:42:32.033 [79] DEBUG c.g.j.b.v.HeartbeatThread - Heartbeat thread was interrupted, exiting
08:42:32.034 [75] DEBUG c.g.j.b.v.SimpleBitfinexApiBroker - Closing websocket: CloseReason[1000,Socket closed]
08:42:32.043 [85] DEBUG c.g.j.b.v.SequenceNumberAuditor - Resetting sequence auditor
08:42:32.043 [85] DEBUG c.g.j.b.v.SimpleBitfinexApiBroker - connect() called
08:42:32.044 [85] DEBUG c.g.j.b.v.SequenceNumberAuditor - Resetting sequence auditor
08:42:32.259 [24] DEBUG c.g.j.b.v.SimpleBitfinexApiBroker - Websocket is now open
08:42:32.260 [85] DEBUG c.g.j.b.v.SimpleBitfinexApiBroker - Sent: com.github.jnidzwetzki.bitfinex.v2.command.SetConnectionFeaturesCommand@3f107d0e
08:42:32.262 [24] DEBUG c.g.j.b.v.SimpleBitfinexApiBroker - Recv: {"event":"info","version":2,"serverId":"6f2c95b4-d9f6-4b9f-b367-1697506ca514","platform":{"status":1}}
08:42:32.265 [85] DEBUG c.g.j.b.v.SimpleBitfinexApiBroker - Sent: com.github.jnidzwetzki.bitfinex.v2.command.SubscribeTradesCommand@1850b0f2
08:42:32.322 [23] DEBUG c.g.j.b.v.SimpleBitfinexApiBroker - Recv: {"event":"conf","status":"OK"}
08:42:32.343 [24] DEBUG c.g.j.b.v.SimpleBitfinexApiBroker - Recv: {"event":"subscribed","channel":"trades","chanId":8122,"symbol":"tBTCUSD","pair":"BTCUSD"}
08:42:32.343 [24] DEBUG c.g.j.b.v.SimpleBitfinexApiBroker - subscribed: BitfinexExecutedTradeSymbol [currencyPair=BitfinexCurrencyPair [currency1=BTC, currency2=USD, currencyType=CURRENCY, minimumOrderSize=2.0E-4]]
08:42:32.345 [24] DEBUG c.g.j.b.v.SimpleBitfinexApiBroker - Recv: [8122,[[613038574,1613378547857,-0.26412,47423],[613038573,1613378547857,-0.00022,47423],[613038572,1613378547857,-0.00022,47424],[613038571,1613378547857,-0.00022,47425],[613038570,1613378547857,-0.00022,47426],[613038568,1613378547857,-0.1022,47426.82301305],[613038567,1613378547857,-0.00022,47427],[613038566,1613378547857,-0.00022,47428],[613038565,1613378547857,-0.00022,47429],[613038564,1613378547857,-0.00022,47430],[613038563,1613378547857,-0.00022,47431],[613038562,1613378547857,-0.00022,47432],[613038561,1613378547857,-0.00022,47433],[613038560,1613378547857,-0.00022,47434],[613038559,1613378547857,-0.00022,47435],[613038558,1613378547857,-0.00022,47436],[613038557,1613378547857,-0.00022,47437],[613038556,1613378547857,-0.00022,47438],[613038555,1613378547857,-0.00022,47439],[613038554,1613378547857,-0.00022,47440],[613038553,1613378547857,-0.00022,47441],[613038552,1613378547857,-0.00022,47442],[613038551,1613378547857,-0.00022,47443],[613038550,1613378547857,-0.00022,47444],[613038549,1613378547857,-0.00022,47445],[613038548,1613378547857,-0.00002,47447],[613038547,1613378547449,0.0054264,47448],[613038546,1613378547449,0.0007386,47448],[613038545,1613378546998,-0.0002,47447],[613038544,1613378546986,0.005,47448]]]
08:42:32.347 [85] DEBUG c.g.j.b.v.SimpleBitfinexApiBroker - Sent: com.github.jnidzwetzki.bitfinex.v2.command.UnsubscribeChannelCommand@1aba66da
08:42:32.349 [85] DEBUG c.g.j.b.v.SimpleBitfinexApiBroker - close() called
08:42:32.350 [85] DEBUG c.g.j.b.v.SimpleBitfinexApiBroker - Closing websocket: CloseReason[1000,Socket closed]
08:42:32.352 [89] DEBUG c.g.j.b.v.HeartbeatThread - Heartbeat thread was interrupted, exiting
08:42:32.356 [95] DEBUG c.g.j.b.v.SequenceNumberAuditor - Resetting sequence auditor
08:42:32.357 [95] DEBUG c.g.j.b.v.SimpleBitfinexApiBroker - connect() called
08:42:32.357 [95] DEBUG c.g.j.b.v.SequenceNumberAuditor - Resetting sequence auditor
08:42:32.563 [24] DEBUG c.g.j.b.v.SimpleBitfinexApiBroker - Websocket is now open
08:42:32.564 [95] DEBUG c.g.j.b.v.SimpleBitfinexApiBroker - Sent: com.github.jnidzwetzki.bitfinex.v2.command.SetConnectionFeaturesCommand@7d0596ff
08:42:32.565 [24] DEBUG c.g.j.b.v.SimpleBitfinexApiBroker - Recv: {"event":"info","version":2,"serverId":"56639570-7896-400c-8ccf-771cfaf4e5de","platform":{"status":1}}
08:42:32.570 [95] DEBUG c.g.j.b.v.SimpleBitfinexApiBroker - Sent: com.github.jnidzwetzki.bitfinex.v2.command.SubscribeCandlesCommand@55cb6ddf
08:42:32.572 [95] DEBUG c.g.j.b.v.SimpleBitfinexApiBroker - Sent: com.github.jnidzwetzki.bitfinex.v2.command.SubscribeCandlesCommand@323865fa
08:42:32.620 [23] DEBUG c.g.j.b.v.SimpleBitfinexApiBroker - Recv: {"event":"conf","status":"OK"}
08:42:32.636 [24] DEBUG c.g.j.b.v.SimpleBitfinexApiBroker - Recv: {"channel":"candles","key":"trade:1m:tBTCUSD","event":"error","msg":"subscribe: dup","code":10301,"chanId":670276}
08:42:32.637 [24] ERROR c.g.j.b.v.c.c.ErrorCallback - Got error callback: {"msg":"subscribe: dup","code":10301,"channel":"candles","chanId":670276,"event":"error","key":"trade:1m:tBTCUSD"}
08:42:32.643 [23] DEBUG c.g.j.b.v.SimpleBitfinexApiBroker - Recv: {"event":"subscribed","channel":"candles","chanId":670276,"key":"trade:1m:tBTCUSD"}
08:42:32.644 [23] DEBUG c.g.j.b.v.SimpleBitfinexApiBroker - subscribed: BitfinexCandlestickSymbol [currencyPair=BitfinexCurrencyPair [currency1=BTC, currency2=USD, currencyType=CURRENCY, minimumOrderSize=2.0E-4], timeframe=MINUTES_1]
08:42:32.669 [24] DEBUG c.g.j.b.v.SimpleBitfinexApiBroker - Recv: [670276,[[1613378520000,47463.24448215,47447,47477,47447,1.48426],[1613378460000,47493,47474,47506,47465.2616807,1.73714473],[1613378400000,47452,47506,47507,47439,7.1409306500000005],[1613378340000,47424,47447,47462.03043318,47419,1.56478924],[1613378280000,47450,47424,47452,47424,1.41825803],[1613378220000,47446,47438,47475,47425,0.32840381],[1613378160000,47459,47447,47475,47447,0.69397799],[1613378100000,47433,47446,47451,47433,0.47869739],[1613378040000,47471,47442,47471,47432,0.18813174],[1613377980000,47470.52877597,47458,47470.8226041,47442,0.86003272],[1613377920000,47443,47470.8226041,47485,47420,15.59077873],[1613377860000,47403,47464,47480,47403,0.50390356],[1613377800000,47402,47402,47402,47402,0.01241432],[1613377740000,47403,47403,47405,47402,0.5850539],[1613377680000,47393,47403,47403,47393,10.17727126],[1613377620000,47389.10578656,47394,47394,47360,1.7855632799999999],[1613377560000,47430,47390,47430,47355,12.76534881],[1613377500000,47458,47435,47459,47393,3.14168512],[1613377440000,47471.18532042,47484,47484,47457,0.73553924],[1613377380000,47448,47474,47495,47439,1.39187263],[1613377320000,47470,47439,47475,47439,0.16102571],[1613377260000,47440,47440,47475,47439,0.7528832],[1613377200000,47399.9838903,47428,47442,47399.9838903,5.27103004],[1613377140000,47400,47394,47400,47386,3.37443918],[1613377080000,47449,47399,47450,47399,3.05148468],[1613377020000,47449.77641975,47433,47478,47426,4.18338395],[1613376960000,47368,47449.77641975,47449.77641975,47368,12.28479644],[1613376900000,47288,47367,47367,47288,4.60649838],[1613376840000,47262,47286,47287,47262,0.45442600000000005],[1613376780000,47252,47243.31983901,47262,47242.1054677,0.08922701],[1613376720000,47228.33952933,47252,47288,47228.33952933,0.34765745000000003],[1613376660000,47258,47228,47260,47227,0.8436],[1613376600000,47171,47260,47260,47171,4.48700767],[1613376540000,47100,47177,47185,47100,3.28311981],[1613376480000,47189,47100,47189,47100,6.98597959],[1613376420000,47238.15092982,47183,47238.15092982,47151,5.29636522],[1613376360000,47251,47248,47287,47238.15092982,1.64297396],[1613376300000,47266,47251,47296,47250,1.14198837],[1613376240000,47250,47266,47322,47250,0.53586629],[1613376180000,47321.76969,47268,47322,47250,8.96997868],[1613376120000,47389.90895242,47320.55631129,47425,47248,15.9947749],[1613376060000,47416,47349,47495,47346,10.66067271],[1613376000000,47239,47415,47429,47239,24.86214761],[1613375940000,47255,47240,47256,47229,1.62475789],[1613375880000,47254,47256,47290,47254,1.29324189],[1613375820000,47266,47254,47266,47253,0.31679496],[1613375760000,47256,47266,47267,47256,0.48703488],[1613375700000,47280,47255.23372024,47280,47255.23372024,1.9743161900000001],[1613375640000,47232,47280,47281,47232,1.0431183800000001],[1613375580000,47252,47232,47252,47221,0.62258884],[1613375520000,47214,47251,47252,47214,4.14840239],[1613375460000,47211,47231,47232,47211,1.93463388],[1613375400000,47204,47178,47230,47175.544017,3.14457491],[1613375340000,47211,47204,47211,47200,0.59525141],[1613375280000,47205.965745,47211,47216,47200,0.60017639],[1613375220000,47230,47229,47260,47201,1.67543467],[1613375160000,47293,47207,47295,47206,6.81122974],[1613375100000,47288,47294,47311,47288,1.1900110000000002],[1613375040000,47255,47283.60845484,47289,47255,0.36696111],[1613374980000,47283.95990241,47257,47283.95990241,47244,1.5642134],[1613374920000,47272,47269,47290,47269,1.063781],[1613374860000,47319,47272,47324,47272,2.21455524],[1613374800000,47319,47317,47329,47311,0.54831753],[1613374740000,47250,47318,47319,47249,1.45341719],[1613374680000,47226,47249,47250,47218,1.37056987],[1613374620000,47235,47221,47236,47206,1.67582705],[1613374560000,47239,47236,47239,47235,1.0929818],[1613374500000,47236.133175,47236,47261,47218,4.31359367],[1613374440000,47191,47236,47236,47191,3.81183409],[1613374380000,47194,47196,47207,47178.9122832,0.24420122],[1613374320000,47214,47195,47218,47194,0.71312184],[1613374260000,47174,47245,47249.743956,47174,1.75481619],[1613374200000,47250,47173,47256,47173,34.76373969],[1613374140000,47261,47250,47261,47250,48.95765695],[1613374080000,47283.58637616,47266,47337,47261,2.43656981],[1613374020000,47186.946012,47288,47300,47186.946012,11.44833708],[1613373960000,47160,47186,47186,47160,26.24581061],[1613373900000,47140,47160,47164,47140,15.22053931],[1613373840000,47121,47141,47141,47104,8.1496072],[1613373780000,47070,47122,47162,47069,41.06608955],[1613373720000,47116,47070,47116,47069,15.36472786],[1613373660000,47124,47117,47125,47116,4.2662353],[1613373600000,47120,47124,47125,47119,12.76672819],[1613373540000,47140,47119,47140,47119,5.59992089],[1613373480000,47136,47140,47140,47136,0.56940168],[1613373420000,47131,47137,47145,47130,3.16792662],[1613373360000,47161,47132,47180,47132,10.9358702],[1613373300000,47180,47159,47180,47158,4.41346211],[1613373240000,47190,47179.11985852,47190,47179,6.8418821],[1613373180000,47189,47190,47190,47189,4.97193176],[1613373120000,47200,47181,47200,47181,11.42306897],[1613373060000,47220,47200,47220,47198,6.57968669],[1613373000000,47278.03062768,47220,47281,47211,26.97110408],[1613372940000,47205,47278,47296,47205,15.84423109],[1613372880000,47183,47195,47220.92459315,47183,0.57940041],[1613372820000,47162,47183,47183,47162,0.28922254000000003],[1613372760000,47179,47156,47179,47148,5.90255452],[1613372700000,47140,47179,47205.80589744,47140,2.8399343],[1613372640000,46959.412215,47139,47235,46959.412215,59.98355019],[1613372580000,46940,46959,46959,46940,1.94853669],[1613372520000,46933,46940,46940,46933,0.74968719],[1613372460000,46877,46932.64358414,46933,46877,3.65315326],[1613372400000,46846,46876.93170696,46876.93170696,46775,7.09331461],[1613372340000,46907.15913683,46847,46907.15913683,46847,2.34079303],[1613372280000,46937,46907.15913683,46938,46907.15913683,0.33182715],[1613372220000,46953,46937,46973,46937,5.94092582],[1613372160000,46928,46953,46963,46928,4.46650426],[1613372100000,46928,46928,46928,46927,0.05465562],[1613372040000,46935,46937,46963,46935,1.7317753],[1613371980000,46944,46935,46945,46935,0.83585203],[1613371920000,46927,46927,46927,46926,0.40753922000000004],[1613371860000,46966,46945,46966,46945,1.11539433],[1613371800000,46940,46966,46968,46940,0.69141395],[1613371740000,46911,46939,46986,46895,41.55336082],[1613371680000,46895,46911,46914,46895,1.03338155],[1613371620000,46902,46895,46919,46894,1.17612411],[1613371560000,46913,46902,46951,46902,5.16596039],[1613371500000,46851.198918,46912,46912,46851.198918,4.91418888],[1613371440000,46865,46852,46866,46851.198918,0.91226843],[1613371380000,46893,46865,46894,46865,0.50385126],[1613371320000,46866,46893,46894,46866,0.47208154999999996],[1613371260000,46884,46867,46902,46850,4.35561077],[1613371200000,46932,46883,46936,46883,5.94763359],[1613371140000,46989,46901,47019,46901,16.2200357],[1613371080000,46997,46989,47023,46981,1.49836178],[1613371020000,47008,46998,47053,46998,3.26537517],[1613370960000,46995,47007,47044,46990,2.58810302],[1613370900000,47048,46996,47048,46996,1.47769738],[1613370840000,47065,47047,47081,47047,3.44876702],[1613370780000,46969,47064,47065,46969,2.7153465],[1613370720000,46969,46970,46970,46969,0.209901],[1613370660000,46942,46973,46973,46941,2.30612922],[1613370600000,46976,46941,46977,46941,0.7778171899999999],[1613370540000,46977,46977,46989,46976,2.12180246],[1613370480000,46936,46977,46977,46904,3.74357777],[1613370420000,46989,46937,46989,46903,11.64788851],[1613370360000,46938,46989,46989,46936,1.56667541],[1613370300000,46975,46939,47002,46939,3.21663003],[1613370240000,46952,46966,47002,46952,3.38901215],[1613370180000,46938,46952,46999,46908,5.1911983600000005],[1613370120000,46893,46939,46939,46892,2.36463244],[1613370060000,46930,46892,46931,46891,8.64092533],[1613370000000,46913,46930,46943,46906,2.19114004],[1613369940000,46961,46916,46961,46914,2.68595543],[1613369880000,47046,46965,47047,46961,7.45846731],[1613369820000,46966,47046,47047,46952,3.4461085700000003],[1613369760000,46945,46966,46968,46945,1.20105087],[1613369700000,46946,46944,46947,46920,0.78751016],[1613369640000,46901,46946,46994,46901,5.53728404],[1613369580000,46877,46901,46916,46877,1.40709348],[1613369520000,46875,46868,46889,46868,1.27733815],[1613369460000,46889,46884,46906,46872,1.7627358],[1613369400000,46887,46888,46912,46887,0.91072173],[1613369340000,46878,46905,46912,46868,4.57153354],[1613369280000,46873,46878,46912,46873,2.50948115],[1613369220000,46848,46872,46876.889631,46847,1.31829388],[1613369160000,46831,46848,46848,46820,0.99582598],[1613369100000,46855,46804,46855,46800,0.8931012899999999],[1613369040000,46776,46855,46881,46776,4.19062479],[1613368980000,46818,46775,46818,46775,0.96044442],[1613368920000,46753,46817,46833,46752,3.44342739],[1613368860000,46717,46753,46753,46716,3.41128243],[1613368800000,46712,46717,46722,46673,2.74947323],[1613368740000,46723,46745,46748,46722,1.47044822],[1613368680000,46717,46733,46754,46706,2.50236728],[1613368620000,46745,46727,46805,46700,10.09812922],[1613368560000,46740,46741,46745,46740,1.11903435],[1613368500000,46627,46755,46768.61055484,46627,4.29607717],[1613368440000,46670,46628,46672,46611,5.22001805],[1613368380000,46690,46670,46697,46653,15.204297930000001],[1613368320000,46618,46737,46738,46618,12.47693662],[1613368260000,46601,46618,46625,46566,12.27303726],[1613368200000,46574,46600,46600,46561,4.7869167599999995],[1613368140000,46576,46584,46585.821835,46545,0.8492999999999999],[1613368080000,46525,46594,46594,46524,2.89090471],[1613368020000,46524,46525,46552,46524,2.72297373],[1613367960000,46542,46542,46560,46542,6.62643815],[1613367900000,46598,46542,46598,46511,6.0793253499999995],[1613367840000,46632,46591,46664,46591,0.849544],[1613367780000,46608,46669,46675,46580,4.20456768],[1613367720000,46562,46609,46685,46562,7.87381224],[1613367660000,46561,46578,46578,46533.95511576,4.61663896],[1613367600000,46553,46586,46608,46492,8.74757463],[1613367540000,46563.08511192,46558,46563.08511192,46458,2.92113821],[1613367480000,46583,46588,46678,46557.01636272,8.5739949],[1613367420000,46518,46583,46591,46512,6.72626684],[1613367360000,46509,46543,46560,46509,10.332345029999999],[1613367300000,46487,46517,46565,46487,4.07446704],[1613367240000,46401,46490,46495,46401,5.0586921799999995],[1613367180000,46447.77887712,46401,46479,46400,7.01730687],[1613367120000,46501,46448,46501,46448,9.7654243],[1613367060000,46528,46502,46577,46500,7.6423685699999995],[1613367000000,46554,46609,46639,46526.47413248,13.82145836],[1613366940000,46550,46555,46593,46550,3.39142047],[1613366880000,46665,46551,46696,46550,3.00359165],[1613366820000,46655,46665,46665,46648,1.6548918],[1613366760000,46755,46655.03593818,46755,46655.03593818,3.6111061700000002],[1613366700000,46818,46745,46819,46745,1.8706885500000001],[1613366640000,46725,46819,46858,46725,6.66645981],[1613366580000,46624,46725,46725,46624,7.3305843],[1613366520000,46785,46648,46811,46559,31.4565247],[1613366460000,46825,46784,46838,46784,2.42004392],[1613366400000,46825,46825,46825,46824,0.21548636],[1613366340000,46811,46829,46837.16845056,46811,1.06430317],[1613366280000,46786,46816,46816,46785,0.95194165],[1613366220000,46794,46787,46795,46785,0.5881],[1613366160000,46812.89545696,46795,46813,46795,5.43771597],[1613366100000,46835,46809,46835,46799.31347,0.8898323300000001],[1613366040000,46836,46852,46864,46836,5.50045555],[1613365980000,46888,46836,46888,46836,0.4691642],[1613365920000,46885,46889,46889,46854,1.47383848],[1613365860000,46798,46885,46891,46798,3.35794208],[1613365800000,46779,46802.154052,46812,46778,1.45132691],[1613365740000,46779,46779,46802,46778,1.85340005],[1613365680000,46804,46778,46804,46778,2.23789464],[1613365620000,46798,46805,46805,46798,1.5047454],[1613365560000,46776,46798,46829,46774,5.64924434],[1613365500000,46944,46777,46968,46777,10.75273511],[1613365440000,46817,46944,46952,46817,25.05641913],[1613365380000,46818,46818,46831,46817,1.4241715799999999],[1613365320000,46794,46818,46818,46794,3.11322566],[1613365260000,46812,46797,46828,46797,3.02399801],[1613365200000,46821,46823,46823,46774,25.94178306],[1613365140000,46809,46821,46834,46809,7.91604075],[1613365080000,46864,46809,46864,46759,30.98629443],[1613365020000,46859,46864,46876,46851,3.33935141],[1613364960000,46840,46859,46869,46837,5.90006966],[1613364900000,46793,46839,46872.0615881,46793,11.28963603],[1613364840000,46749,46807,46870.84838604,46749,9.86548954],[1613364780000,46745,46749,46788,46744,4.00088504],[1613364720000,46758,46744,46809,46744,8.4170135],[1613364660000,46792,46757,46792.1592684,46741,8.72085016],[1613364600000,46800,46792,46807,46758,6.62705623],[1613364540000,46708,46810,46850,46707,19.61829705],[1613364480000,46743,46708,46747,46677,8.92262192],[1613364420000,46671,46744,46750,46649,8.0110921],[1613364360000,46632.3404886,46675,46718,46610,19.69719185],[1613364300000,46462,46632,46632,46462,8.05727777],[1613364240000,46510,46455,46510,46423,13.93187783],[1613364180000,46400,46494,46545.37531846,46250,86.07098739999999]]]
08:42:32.693 [95] DEBUG c.g.j.b.v.SimpleBitfinexApiBroker - Sent: com.github.jnidzwetzki.bitfinex.v2.command.UnsubscribeChannelCommand@55f321f8
08:42:32.694 [95] DEBUG c.g.j.b.v.SimpleBitfinexApiBroker - close() called
08:42:32.695 [99] DEBUG c.g.j.b.v.HeartbeatThread - Heartbeat thread was interrupted, exiting
08:42:32.695 [95] DEBUG c.g.j.b.v.SimpleBitfinexApiBroker - Closing websocket: CloseReason[1000,Socket closed]
08:42:32.699 [107] DEBUG c.g.j.b.v.SequenceNumberAuditor - Resetting sequence auditor
08:42:32.699 [107] DEBUG c.g.j.b.v.SimpleBitfinexApiBroker - connect() called
08:42:32.699 [107] DEBUG c.g.j.b.v.SequenceNumberAuditor - Resetting sequence auditor
08:42:32.906 [34] DEBUG c.g.j.b.v.SimpleBitfinexApiBroker - Websocket is now open
08:42:32.907 [107] DEBUG c.g.j.b.v.SimpleBitfinexApiBroker - Sent: com.github.jnidzwetzki.bitfinex.v2.command.SetConnectionFeaturesCommand@6a258732
08:42:32.910 [34] DEBUG c.g.j.b.v.SimpleBitfinexApiBroker - Recv: {"event":"info","version":2,"serverId":"cf2aea4b-890d-45ea-a294-9ed080ecf9ce","platform":{"status":1}}
08:42:32.943 [107] DEBUG c.g.j.b.v.SimpleBitfinexApiBroker - Sent: com.github.jnidzwetzki.bitfinex.v2.command.AuthCommand@4d3c3276
08:42:32.944 [107] DEBUG c.g.j.b.v.SimpleBitfinexApiBroker - Waiting for connection ready events
08:42:32.961 [23] DEBUG c.g.j.b.v.SimpleBitfinexApiBroker - Recv: {"event":"conf","status":"OK"}
08:42:32.999 [34] DEBUG c.g.j.b.v.SimpleBitfinexApiBroker - Recv: {"event":"auth","status":"FAILED","chanId":0,"code":10100,"msg":"apikey: digest invalid"}
08:42:32.999 [34] ERROR c.g.j.b.v.c.c.AuthCallback - Unable to authenticate: {"msg":"apikey: digest invalid","code":10100,"chanId":0,"event":"auth","status":"FAILED"}
08:42:33.000 [34] INFO  c.g.j.b.v.SimpleBitfinexApiBroker - authentication failed for key key
08:42:33.002 [114] DEBUG c.g.j.b.v.SequenceNumberAuditor - Resetting sequence auditor
08:42:33.003 [114] DEBUG c.g.j.b.v.SimpleBitfinexApiBroker - connect() called
08:42:33.003 [114] DEBUG c.g.j.b.v.SequenceNumberAuditor - Resetting sequence auditor
08:42:33.192 [23] DEBUG c.g.j.b.v.SimpleBitfinexApiBroker - Websocket is now open
08:42:33.192 [114] DEBUG c.g.j.b.v.SimpleBitfinexApiBroker - Sent: com.github.jnidzwetzki.bitfinex.v2.command.SetConnectionFeaturesCommand@3ac886a6
08:42:33.193 [23] DEBUG c.g.j.b.v.SimpleBitfinexApiBroker - Recv: {"event":"info","version":2,"serverId":"95c91232-9b37-405e-8f09-928aa4dbbfc8","platform":{"status":1}}
08:42:33.206 [114] DEBUG c.g.j.b.v.SimpleBitfinexApiBroker - Sent: com.github.jnidzwetzki.bitfinex.v2.command.SubscribeTickerCommand@5fcf2b7a
08:42:33.260 [34] DEBUG c.g.j.b.v.SimpleBitfinexApiBroker - Recv: {"event":"conf","status":"OK"}
08:42:33.265 [23] DEBUG c.g.j.b.v.SimpleBitfinexApiBroker - Recv: {"event":"subscribed","channel":"ticker","chanId":767790,"symbol":"tBTCUSD","pair":"BTCUSD"}
08:42:33.266 [23] DEBUG c.g.j.b.v.SimpleBitfinexApiBroker - subscribed: BitfinexTickerSymbol [currencyPair=BitfinexCurrencyPair [currency1=BTC, currency2=USD, currencyType=CURRENCY, minimumOrderSize=2.0E-4]]
08:42:33.266 [23] DEBUG c.g.j.b.v.SimpleBitfinexApiBroker - Recv: [767790,[47448,11.033816200000002,47463,9.71844432,-1316,-0.027,47423,10316.63085914,49659,45730.50181348]]
08:42:39.207 [118] DEBUG c.g.j.b.v.HeartbeatThread - Send heartbeat
08:42:39.209 [118] DEBUG c.g.j.b.v.SimpleBitfinexApiBroker - Sent: com.github.jnidzwetzki.bitfinex.v2.command.PingCommand@7eeee93b
08:42:39.266 [34] DEBUG c.g.j.b.v.SimpleBitfinexApiBroker - Recv: {"event":"pong","ts":1613378559241}
08:42:43.072 [23] DEBUG c.g.j.b.v.SimpleBitfinexApiBroker - Recv: [767790,[47427,15.012797369999998,47435,12.287918909999998,-1309,-0.0269,47430,10316.65085914,49659,45730.50181348]]
08:42:43.073 [114] DEBUG c.g.j.b.v.SimpleBitfinexApiBroker - Sent: com.github.jnidzwetzki.bitfinex.v2.command.UnsubscribeChannelCommand@5c6a136e
08:42:43.127 [34] DEBUG c.g.j.b.v.SimpleBitfinexApiBroker - Recv: {"event":"unsubscribed","status":"OK","chanId":767790}
08:42:43.128 [34] DEBUG c.g.j.b.v.SimpleBitfinexApiBroker - unsubscribed: BitfinexTickerSymbol [currencyPair=BitfinexCurrencyPair [currency1=BTC, currency2=USD, currencyType=CURRENCY, minimumOrderSize=2.0E-4]]
08:42:43.128 [114] DEBUG c.g.j.b.v.SimpleBitfinexApiBroker - close() called
08:42:43.128 [118] DEBUG c.g.j.b.v.HeartbeatThread - Heartbeat thread was interrupted, exiting
08:42:43.129 [114] DEBUG c.g.j.b.v.SimpleBitfinexApiBroker - Closing websocket: CloseReason[1000,Socket closed]
08:42:43.135 [127] DEBUG c.g.j.b.v.SequenceNumberAuditor - Resetting sequence auditor
08:42:43.136 [127] DEBUG c.g.j.b.v.SimpleBitfinexApiBroker - connect() called
08:42:43.136 [127] DEBUG c.g.j.b.v.SequenceNumberAuditor - Resetting sequence auditor
08:42:43.398 [126] DEBUG c.g.j.b.v.SimpleBitfinexApiBroker - Websocket is now open
08:42:43.399 [127] DEBUG c.g.j.b.v.SimpleBitfinexApiBroker - Sent: com.github.jnidzwetzki.bitfinex.v2.command.SetConnectionFeaturesCommand@728517d1
08:42:43.400 [126] DEBUG c.g.j.b.v.SimpleBitfinexApiBroker - Recv: {"event":"info","version":2,"serverId":"e868cc7b-f00c-48a1-a7cf-f01827936905","platform":{"status":1}}
08:42:43.409 [127] DEBUG c.g.j.b.v.SimpleBitfinexApiBroker - Sent: com.github.jnidzwetzki.bitfinex.v2.command.SubscribeTickerCommand@6d94dc66
08:42:43.471 [23] DEBUG c.g.j.b.v.SimpleBitfinexApiBroker - Recv: {"event":"conf","status":"OK"}
08:42:43.472 [23] DEBUG c.g.j.b.v.SimpleBitfinexApiBroker - Recv: {"event":"subscribed","channel":"ticker","chanId":469531,"symbol":"tBTCUSD","pair":"BTCUSD"}
08:42:43.473 [23] DEBUG c.g.j.b.v.SimpleBitfinexApiBroker - subscribed: BitfinexTickerSymbol [currencyPair=BitfinexCurrencyPair [currency1=BTC, currency2=USD, currencyType=CURRENCY, minimumOrderSize=2.0E-4]]
08:42:43.475 [23] DEBUG c.g.j.b.v.SimpleBitfinexApiBroker - Recv: [469531,[47427,15.012797369999998,47435,12.287918909999998,-1309,-0.0269,47430,10316.65085914,49659,45730.50181348]]
08:42:49.410 [131] DEBUG c.g.j.b.v.HeartbeatThread - Send heartbeat
08:42:49.410 [131] DEBUG c.g.j.b.v.SimpleBitfinexApiBroker - Sent: com.github.jnidzwetzki.bitfinex.v2.command.PingCommand@3c243775
08:42:49.466 [126] DEBUG c.g.j.b.v.SimpleBitfinexApiBroker - Recv: {"event":"pong","ts":1613378569442}
08:42:53.088 [126] DEBUG c.g.j.b.v.SimpleBitfinexApiBroker - Recv: [469531,[47425,13.47073597,47434,10.77485545,-1309,-0.0269,47430,10316.65085914,49659,45730.50181348]]
08:42:53.089 [127] DEBUG c.g.j.b.v.SimpleBitfinexApiBroker - reconnect() called
08:42:53.090 [127] DEBUG c.g.j.b.v.SimpleBitfinexApiBroker - Closing websocket: CloseReason[1000,Socket closed]
08:42:53.096 [127] DEBUG c.g.j.b.v.SequenceNumberAuditor - Resetting sequence auditor
08:42:53.330 [34] DEBUG c.g.j.b.v.SimpleBitfinexApiBroker - Websocket is now open
08:42:53.330 [127] DEBUG c.g.j.b.v.SimpleBitfinexApiBroker - Sent: com.github.jnidzwetzki.bitfinex.v2.command.SetConnectionFeaturesCommand@43dc8ab6
08:42:53.331 [34] DEBUG c.g.j.b.v.SimpleBitfinexApiBroker - Recv: {"event":"info","version":2,"serverId":"815f2405-95f9-4f92-bc0e-6723473db7be","platform":{"status":1}}
08:42:53.332 [127] DEBUG c.g.j.b.v.SimpleBitfinexApiBroker - Sent: com.github.jnidzwetzki.bitfinex.v2.command.SubscribeTickerCommand@7249ebd3
08:42:53.337 [127] INFO  c.g.j.b.v.SimpleBitfinexApiBroker - Waiting for streams to resubscribe (max wait time 180000 msec)
08:42:53.384 [23] DEBUG c.g.j.b.v.SimpleBitfinexApiBroker - Recv: {"event":"conf","status":"OK"}
08:42:53.386 [34] DEBUG c.g.j.b.v.SimpleBitfinexApiBroker - Recv: {"event":"subscribed","channel":"ticker","chanId":414082,"symbol":"tBTCUSD","pair":"BTCUSD"}
08:42:53.387 [34] DEBUG c.g.j.b.v.SimpleBitfinexApiBroker - subscribed: BitfinexTickerSymbol [currencyPair=BitfinexCurrencyPair [currency1=BTC, currency2=USD, currencyType=CURRENCY, minimumOrderSize=2.0E-4]]
08:42:53.398 [34] DEBUG c.g.j.b.v.SimpleBitfinexApiBroker - Recv: [414082,[47425,13.47073597,47434,10.77485545,-1309,-0.0269,47430,10316.65085914,49659,45730.50181348]]
08:42:58.413 [131] DEBUG c.g.j.b.v.HeartbeatThread - Send heartbeat
08:42:58.414 [131] DEBUG c.g.j.b.v.SimpleBitfinexApiBroker - Sent: com.github.jnidzwetzki.bitfinex.v2.command.PingCommand@36dc5c05
08:42:58.467 [34] DEBUG c.g.j.b.v.SimpleBitfinexApiBroker - Recv: {"event":"pong","ts":1613378578443}
08:43:03.062 [23] DEBUG c.g.j.b.v.SimpleBitfinexApiBroker - Recv: [414082,[47423,19.96493662,47435,10.560725749999998,-1311,-0.0269,47428,10316.67085214,49659,45730.50181348]]
08:43:03.064 [127] DEBUG c.g.j.b.v.SimpleBitfinexApiBroker - Sent: com.github.jnidzwetzki.bitfinex.v2.command.UnsubscribeChannelCommand@210db1b5
08:43:03.119 [34] DEBUG c.g.j.b.v.SimpleBitfinexApiBroker - Recv: {"event":"unsubscribed","status":"OK","chanId":414082}
08:43:03.120 [34] DEBUG c.g.j.b.v.SimpleBitfinexApiBroker - unsubscribed: BitfinexTickerSymbol [currencyPair=BitfinexCurrencyPair [currency1=BTC, currency2=USD, currencyType=CURRENCY, minimumOrderSize=2.0E-4]]
08:43:03.120 [127] DEBUG c.g.j.b.v.SimpleBitfinexApiBroker - close() called
08:43:03.121 [131] DEBUG c.g.j.b.v.HeartbeatThread - Heartbeat thread was interrupted, exiting
08:43:03.122 [127] DEBUG c.g.j.b.v.SimpleBitfinexApiBroker - Closing websocket: CloseReason[1000,Socket closed]
Tests run: 11, Failures: 0, Errors: 0, Skipped: 0, Time elapsed: 39.583 sec
Running com.github.jnidzwetzki.bitfinex.v2.test.BitfinexCurrencyPairTest
Tests run: 1, Failures: 0, Errors: 0, Skipped: 0, Time elapsed: 0.105 sec
Running com.github.jnidzwetzki.bitfinex.v2.test.handler.TickHandlerTest
Tests run: 1, Failures: 0, Errors: 0, Skipped: 0, Time elapsed: 0.002 sec
Running com.github.jnidzwetzki.bitfinex.v2.test.handler.BitfinexExecutedTradesHandlerTest
Tests run: 2, Failures: 0, Errors: 0, Skipped: 0, Time elapsed: 0.006 sec
Running com.github.jnidzwetzki.bitfinex.v2.test.handler.BitfinexWalletHandlerTest
Tests run: 2, Failures: 0, Errors: 0, Skipped: 0, Time elapsed: 0.038 sec
Running com.github.jnidzwetzki.bitfinex.v2.test.handler.CandlestickHandlerTest
Tests run: 5, Failures: 0, Errors: 0, Skipped: 0, Time elapsed: 0.004 sec
Running com.github.jnidzwetzki.bitfinex.v2.test.util.EventsInTimeslotTest
Tests run: 11, Failures: 0, Errors: 0, Skipped: 0, Time elapsed: 40.034 sec
Running com.github.jnidzwetzki.bitfinex.v2.test.BitfinexTickTest
Tests run: 4, Failures: 0, Errors: 0, Skipped: 0, Time elapsed: 0.015 sec
Running com.github.jnidzwetzki.bitfinex.v2.test.RawOrderbookTest
Tests run: 2, Failures: 0, Errors: 0, Skipped: 0, Time elapsed: 0.001 sec
Running com.github.jnidzwetzki.bitfinex.v2.test.HeartbeatManagerTest
08:43:46.392 [160] ERROR c.g.j.b.v.HeartbeatThread - We are not connected, reconnecting
08:43:46.395 [160] INFO  c.g.j.b.v.HeartbeatThread - Wait for next reconnect timeslot
08:43:46.395 [160] INFO  c.g.j.b.v.HeartbeatThread - Wait for next reconnect timeslot DONE
08:43:49.397 [160] ERROR c.g.j.b.v.HeartbeatThread - We are not connected, reconnecting
08:43:49.397 [160] INFO  c.g.j.b.v.HeartbeatThread - Wait for next reconnect timeslot
08:43:49.398 [160] INFO  c.g.j.b.v.HeartbeatThread - Wait for next reconnect timeslot DONE
08:43:49.450 [1] DEBUG c.g.j.b.v.c.c.HeartbeatHandler - Got connection heartbeat
08:43:49.452 [1] DEBUG c.g.j.b.v.HeartbeatThread - Symbol BitfinexTickerSymbol [currencyPair=BitfinexCurrencyPair [currency1=BTC, currency2=USD, currencyType=CURRENCY, minimumOrderSize=2.0E-4]] is outdated by 300010ms
Tests run: 5, Failures: 0, Errors: 0, Skipped: 0, Time elapsed: 6.111 sec
Running com.github.jnidzwetzki.bitfinex.v2.test.AccountInfoHandlerTest
08:43:49.453 [1] DEBUG c.g.j.b.v.c.c.HeartbeatHandler - Got connection heartbeat
08:43:49.453 [1] ERROR c.g.j.b.v.c.c.AccountInfoHandler - Got error message: ["ERROR"]
08:43:49.453 [1] DEBUG c.g.j.b.v.c.c.HeartbeatHandler - Got connection heartbeat
08:43:49.453 [1] DEBUG c.g.j.b.v.c.c.HeartbeatHandler - Got connection heartbeat
Tests run: 3, Failures: 0, Errors: 0, Skipped: 0, Time elapsed: 0.002 sec
Running com.github.jnidzwetzki.bitfinex.v2.test.BitfinexSymbolsTest
Tests run: 6, Failures: 0, Errors: 0, Skipped: 0, Time elapsed: 0.003 sec
Running com.github.jnidzwetzki.bitfinex.v2.test.OrderbookTest
Tests run: 2, Failures: 0, Errors: 0, Skipped: 0, Time elapsed: 0 sec
Running com.github.jnidzwetzki.bitfinex.v2.test.CommandsCallbackTest
08:43:49.467 [1] INFO  c.g.j.b.v.c.c.AuthCallback - authentication successful
08:43:49.468 [1] ERROR c.g.j.b.v.c.c.AuthCallback - Unable to authenticate: {"chanId":0,"event":"auth","status":"FAILED"}
Tests run: 4, Failures: 0, Errors: 0, Skipped: 0, Time elapsed: 0.008 sec
Running com.github.jnidzwetzki.bitfinex.v2.test.BitfinexCurrencyTest
Tests run: 6, Failures: 0, Errors: 0, Skipped: 0, Time elapsed: 0.002 sec
Running com.github.jnidzwetzki.bitfinex.v2.test.BitfinexPositionTest
08:43:49.473 [1] INFO  c.g.j.b.v.c.c.a.i.PositionHandler - Got position callback ["tETHUSD","ACTIVE",0.14,713.78,-0.00330012,0,null,null,null,null]
08:43:49.475 [1] INFO  c.g.j.b.v.c.c.a.i.PositionHandler - Got position callback ["tETHUSD","ACTIVE",0.14,713.78,-0.00330012,null,null,null,null,null]
08:43:49.476 [1] INFO  c.g.j.b.v.c.c.a.i.PositionHandler - Got position callback [["tETHUSD","ACTIVE",0.14,713.78,-0.00330012,0,null,null,null,null],["tBTCUSD","ACTIVE",0.14,713.78,-0.00330012,0,null,null,null,null]]
Tests run: 3, Failures: 0, Errors: 0, Skipped: 0, Time elapsed: 0.005 sec
Running com.github.jnidzwetzki.bitfinex.v2.test.CommandsTest
Tests run: 3, Failures: 0, Errors: 0, Skipped: 0, Time elapsed: 0.007 sec
Running com.github.jnidzwetzki.bitfinex.v2.test.SequenceNumberAuditorTest
08:43:49.485 [1] DEBUG c.g.j.b.v.SequenceNumberAuditor - Resetting sequence auditor
08:43:49.485 [1] DEBUG c.g.j.b.v.SequenceNumberAuditor - Resetting sequence auditor
08:43:49.486 [1] DEBUG c.g.j.b.v.SequenceNumberAuditor - Resetting sequence auditor
08:43:49.488 [1] ERROR c.g.j.b.v.SequenceNumberAuditor - Got 3 as next private sequence number, expected 1
08:43:49.488 [1] DEBUG c.g.j.b.v.SequenceNumberAuditor - Resetting sequence auditor
08:43:49.488 [1] DEBUG c.g.j.b.v.SequenceNumberAuditor - Resetting sequence auditor
08:43:49.488 [1] DEBUG c.g.j.b.v.SequenceNumberAuditor - Resetting sequence auditor
08:43:49.489 [1] ERROR c.g.j.b.v.SequenceNumberAuditor - Got 2 as next public sequence number, expected 1
08:43:49.489 [1] ERROR c.g.j.b.v.SequenceNumberAuditor - Got 2 as next public sequence number, expected 3
08:43:49.489 [1] DEBUG c.g.j.b.v.SequenceNumberAuditor - Resetting sequence auditor
08:43:49.489 [1] DEBUG c.g.j.b.v.SequenceNumberAuditor - Resetting sequence auditor
08:43:49.489 [1] DEBUG c.g.j.b.v.SequenceNumberAuditor - Resetting sequence auditor
08:43:49.489 [1] DEBUG c.g.j.b.v.SequenceNumberAuditor - Resetting sequence auditor
08:43:49.489 [1] DEBUG c.g.j.b.v.SequenceNumberAuditor - Resetting sequence auditor
08:43:49.490 [1] DEBUG c.g.j.b.v.SequenceNumberAuditor - Resetting sequence auditor
08:43:49.490 [1] ERROR c.g.j.b.v.SequenceNumberAuditor - Got 6 as next public sequence number, expected 5
08:43:49.490 [1] ERROR c.g.j.b.v.SequenceNumberAuditor - Got 6 as next public sequence number, expected 5
08:43:49.490 [1] DEBUG c.g.j.b.v.SequenceNumberAuditor - Resetting sequence auditor
Tests run: 9, Failures: 0, Errors: 0, Skipped: 0, Time elapsed: 0.005 sec

Results :

Tests run: 98, Failures: 0, Errors: 0, Skipped: 0

[INFO] 
[INFO] --- jacoco-maven-plugin:0.8.6:report (report) @ bitfinex-v2-wss-api ---
[INFO] Loading execution data file /workdir/bitfinex-v2-wss-api-java/target/jacoco.exec
[INFO] Analyzed bundle 'Bitfinex v2 WSS API' with 97 classes
[INFO] ------------------------------------------------------------------------
[INFO] BUILD SUCCESS
[INFO] ------------------------------------------------------------------------
[INFO] Total time:  01:40 min
[INFO] Finished at: 2021-02-15T08:43:50Z
[INFO] ------------------------------------------------------------------------
