[INFO] Scanning for projects...
[INFO] 
[INFO] -------------< com.github.jnidzwetzki:bitfinex-v2-wss-api >-------------
[INFO] Building Bitfinex v2 WSS API 0.7.7-snapshot
[INFO] --------------------------------[ jar ]---------------------------------
[INFO] 
[INFO] --- jacoco-maven-plugin:0.8.6:prepare-agent (default) @ bitfinex-v2-wss-api ---
[INFO] argLine set to -javaagent:/home/maven/.m2/repository/org/jacoco/org.jacoco.agent/0.8.6/org.jacoco.agent-0.8.6-runtime.jar=destfile=/workdir/bitfinex-v2-wss-api-java/target/jacoco.exec
[INFO] 
[INFO] --- maven-resources-plugin:2.6:resources (default-resources) @ bitfinex-v2-wss-api ---
[INFO] Using 'UTF-8' encoding to copy filtered resources.
[INFO] skip non existing resourceDirectory /workdir/bitfinex-v2-wss-api-java/src/main/resources
[INFO] 
[INFO] --- maven-compiler-plugin:3.8.1:compile (default-compile) @ bitfinex-v2-wss-api ---
[INFO] Nothing to compile - all classes are up to date
[INFO] 
[INFO] --- maven-resources-plugin:2.6:testResources (default-testResources) @ bitfinex-v2-wss-api ---
[INFO] Using 'UTF-8' encoding to copy filtered resources.
[INFO] Copying 1 resource
[INFO] 
[INFO] --- maven-compiler-plugin:3.8.1:testCompile (default-testCompile) @ bitfinex-v2-wss-api ---
[INFO] Nothing to compile - all classes are up to date
[INFO] 
[INFO] --- maven-surefire-plugin:2.12.4:test (default-test) @ bitfinex-v2-wss-api ---
[INFO] Surefire report directory: /workdir/bitfinex-v2-wss-api-java/target/surefire-reports

-------------------------------------------------------
 T E S T S
-------------------------------------------------------
Running com.github.jnidzwetzki.bitfinex.v2.test.BitfinexOrderTest
Tests run: 6, Failures: 0, Errors: 0, Skipped: 0, Time elapsed: 0.878 sec
Running com.github.jnidzwetzki.bitfinex.v2.test.manager.TradeManagerTest
08:28:23.725 [1] INFO  c.g.j.b.v.c.c.a.i.MyExecutedTradeHandler - Got trade callback [106655593,"tBTCUSD",1512247319827,5691690918,-0.002,10894,null,null,-1]
08:28:23.741 [1] INFO  c.g.j.b.v.c.c.a.i.MyExecutedTradeHandler - Got trade callback [106655593,"tBTCUSD",1512247319827,5691690918,-0.002,10894,"EXCHANGE MARKET",10894,-1,-0.0392184,"USD"]
Tests run: 2, Failures: 0, Errors: 0, Skipped: 0, Time elapsed: 1.203 sec
Running com.github.jnidzwetzki.bitfinex.v2.test.manager.OrderManagerTest
08:28:23.757 [1] DEBUG c.g.j.b.v.c.c.a.i.NotificationHandler - Got notification callback [null,"on-req",null,null,[null,null,1513970684865000,"tBTCUSD",null,null,0.001,0.001,"EXCHANGE MARKET",null,null,null,null,null,null,null,12940,null,null,null,null,null,null,0,null,null],null,"ERROR","Invalid order: minimum size for BTC/USD is 0.002"]
08:28:23.760 [1] ERROR c.g.j.b.v.c.c.a.i.NotificationHandler - State for order null is ERROR, reason is Invalid order: minimum size for BTC/USD is 0.002
08:28:23.766 [1] INFO  c.g.j.b.v.c.c.a.i.OrderHandler - Got order callback [6784335053,null,1514956504945000,"tIOTUSD",1514956505134,1514956505164,-24.175121,-24.175121,"EXCHANGE STOP",null,null,null,0,"ACTIVE",null,null,3.84,0,null,null,null,null,null,0,0,0]
08:28:23.771 [1] INFO  c.g.j.b.v.c.c.a.i.OrderHandler - Got order callback [[6784335053,null,1514956504945000,"tIOTUSD",1514956505134,1514956505164,-24.175121,-24.175121,"EXCHANGE STOP",null,null,null,0,"ACTIVE",null,null,3.84,0,null,null,null,null,null,0,0,0],[67843353243,null,1514956234945000,"tBTCUSD",1514956505134,1514956505164,-24.175121,-24.175121,"EXCHANGE STOP",null,null,null,0,"ACTIVE",null,null,3.84,0,null,null,null,null,null,0,0,0]]
08:28:23.773 [1] INFO  c.g.j.b.v.c.c.a.i.OrderHandler - Got order callback [6827301913,null,null,"tXRPUSD",1515069803530,1515069803530,-60,-60,"MARKET",null,null,null,0,"ACTIVE (note:POSCLOSE)",null,null,0,3.2041,null,null,null,null,null,0,0,0]
08:28:23.776 [1] INFO  c.g.j.b.v.c.c.a.i.OrderHandler - Got order callback [11291120775,null,null,"tNEOBTC",1524661302976,1524661303001,0,-0.41291886,"MARKET",null,null,null,0,"INSUFFICIENT BALANCE (G1) was: ACTIVE (note:POSCLOSE), PARTIALLY FILLED @ 0.008049(-0.41291886)",null,null,0,0.008049,null,null,null,null,null,0,0,0,null,null,"",null,null,null]
08:28:23.789 [17] INFO  c.g.j.b.v.m.OrderManager - Executing new order BitfinexNewOrder [clientId=1613377703782, clientGroupId=Optional.empty, currencyPair=BitfinexCurrencyPair [currency1=BTC, currency2=USD, currencyType=CURRENCY, minimumOrderSize=2.0E-4], amount=1.0, orderType=MARKET, price=null, priceTrailing=null, priceAuxLimit=null, priceOcoStop=null, orderFlags=[], apiKey=abc123]
08:28:28.801 [1] DEBUG c.g.j.b.v.c.c.a.i.NotificationHandler - Got notification callback [1523930407542,"on-req",null,null,[null,null,1523930407442000,null,null,null,0.0001,null,"LIMIT",null,null,null,null,null,null,null,6800,null,null,null,null,null,null,0,0,null,null,null,null,null,null,null],null,"ERROR","amount: invalid"]
08:28:28.802 [1] ERROR c.g.j.b.v.c.c.a.i.NotificationHandler - State for order null is ERROR, reason is amount: invalid
08:28:28.829 [19] INFO  c.g.j.b.v.m.OrderManager - Cancel order: 12
08:28:28.829 [19] INFO  c.g.j.b.v.m.OrderManager - Cancel order with id 12
Tests run: 10, Failures: 0, Errors: 0, Skipped: 0, Time elapsed: 10.074 sec
Running com.github.jnidzwetzki.bitfinex.v2.test.integration.IntegrationTest
08:28:33.844 [21] DEBUG c.g.j.b.v.SequenceNumberAuditor - Resetting sequence auditor
08:28:33.885 [21] DEBUG c.g.j.b.v.SimpleBitfinexApiBroker - connect() called
08:28:33.886 [21] DEBUG c.g.j.b.v.SequenceNumberAuditor - Resetting sequence auditor
08:28:34.333 [24] DEBUG c.g.j.b.v.SimpleBitfinexApiBroker - Websocket is now open
08:28:34.336 [21] DEBUG c.g.j.b.v.SimpleBitfinexApiBroker - Sent: com.github.jnidzwetzki.bitfinex.v2.command.SetConnectionFeaturesCommand@306fe4a6
08:28:34.367 [24] DEBUG c.g.j.b.v.SimpleBitfinexApiBroker - Recv: {"event":"info","version":2,"serverId":"879f4e69-8c6c-4303-a671-69e2ec53e83c","platform":{"status":1}}
08:28:34.404 [21] DEBUG c.g.j.b.v.SimpleBitfinexApiBroker - Sent: com.github.jnidzwetzki.bitfinex.v2.command.SubscribeOrderbookCommand@380b0c4e
08:28:34.422 [23] DEBUG c.g.j.b.v.SimpleBitfinexApiBroker - Recv: {"event":"conf","status":"OK"}
08:28:35.419 [28] DEBUG c.g.j.b.v.SimpleBitfinexApiBroker - Recv: {"event":"subscribed","channel":"book","chanId":51216,"symbol":"tBTCUSD","prec":"P0","freq":"F0","len":"25","pair":"BTCUSD"}
08:28:35.427 [28] DEBUG c.g.j.b.v.SimpleBitfinexApiBroker - subscribed: BitfinexOrderBookSymbol [currencyPair=BitfinexCurrencyPair [currency1=BTC, currency2=USD, currencyType=CURRENCY, minimumOrderSize=2.0E-4], orderBookPrecision=P0, frequency=F0, pricePoints=25]
08:28:35.433 [28] DEBUG c.g.j.b.v.SimpleBitfinexApiBroker - Recv: [51216,[[47402,1,11.92029981],[47393,1,0.00147803],[47389,2,0.705],[47375,1,0.10315427],[47374,1,0.421341],[47371,1,0.02120422],[47370,1,0.5],[47368,2,1.541407],[47367,1,0.08427911],[47365,1,0.07406355],[47364,1,0.2],[47359,1,0.02576917],[47358,1,0.21065],[47357,3,0.939866],[47356,3,1.65728515],[47355,1,0.19750281],[47354,1,0.00022],[47353,1,0.00022],[47352,1,0.00022],[47351,2,0.68232],[47350,5,2.19490278],[47349,4,0.60445688],[47348,5,1.52388],[47347,4,1.21066],[47346,1,0.00022],[47403,5,-0.96534483],[47404,1,-0.421385],[47405,1,-1.3857],[47406,2,-0.9204],[47408,2,-0.26337551],[47409,3,-0.61404378],[47410,1,-0.210711],[47411,1,-0.0002],[47412,1,-0.0002],[47413,2,-0.526932],[47414,2,-0.0004],[47415,2,-0.0004],[47416,2,-0.0004],[47417,2,-0.0004],[47418,6,-1.31500063],[47419,2,-0.0004],[47420,4,-0.28323],[47421,2,-0.0004],[47422,2,-0.0004],[47423,4,-1.222563],[47424,4,-0.15436963],[47425,3,-0.01140196],[47426,3,-0.06637821],[47427,3,-0.46565556],[47428,3,-0.20621078]]]
08:28:35.451 [21] DEBUG c.g.j.b.v.SimpleBitfinexApiBroker - Sent: com.github.jnidzwetzki.bitfinex.v2.command.UnsubscribeChannelCommand@f2a0e0b
08:28:35.452 [21] DEBUG c.g.j.b.v.SimpleBitfinexApiBroker - close() called
08:28:35.453 [29] DEBUG c.g.j.b.v.HeartbeatThread - Heartbeat thread was interrupted, exiting
08:28:35.455 [21] DEBUG c.g.j.b.v.SimpleBitfinexApiBroker - Closing websocket: CloseReason[1000,Socket closed]
08:28:35.460 [35] DEBUG c.g.j.b.v.SequenceNumberAuditor - Resetting sequence auditor
08:28:35.461 [35] DEBUG c.g.j.b.v.SimpleBitfinexApiBroker - connect() called
08:28:35.461 [35] DEBUG c.g.j.b.v.SequenceNumberAuditor - Resetting sequence auditor
08:28:35.684 [28] DEBUG c.g.j.b.v.SimpleBitfinexApiBroker - Websocket is now open
08:28:35.685 [35] DEBUG c.g.j.b.v.SimpleBitfinexApiBroker - Sent: com.github.jnidzwetzki.bitfinex.v2.command.SetConnectionFeaturesCommand@4875e093
08:28:35.687 [28] DEBUG c.g.j.b.v.SimpleBitfinexApiBroker - Recv: {"event":"info","version":2,"serverId":"96964217-4e90-4257-9559-ebdb694fda82","platform":{"status":1}}
08:28:35.692 [35] DEBUG c.g.j.b.v.SimpleBitfinexApiBroker - Sent: com.github.jnidzwetzki.bitfinex.v2.command.SubscribeTradesCommand@52964ee3
08:28:35.694 [35] DEBUG c.g.j.b.v.SimpleBitfinexApiBroker - Sent: com.github.jnidzwetzki.bitfinex.v2.command.SubscribeTradesCommand@76c6ec8d
08:28:35.746 [23] DEBUG c.g.j.b.v.SimpleBitfinexApiBroker - Recv: {"event":"conf","status":"OK"}
08:28:35.772 [24] DEBUG c.g.j.b.v.SimpleBitfinexApiBroker - Recv: {"event":"subscribed","channel":"trades","chanId":791827,"symbol":"tETHUSD","pair":"ETHUSD"}
08:28:35.779 [24] DEBUG c.g.j.b.v.SimpleBitfinexApiBroker - subscribed: BitfinexExecutedTradeSymbol [currencyPair=BitfinexCurrencyPair [currency1=ETH, currency2=USD, currencyType=CURRENCY, minimumOrderSize=0.006]]
08:28:35.781 [24] DEBUG c.g.j.b.v.SimpleBitfinexApiBroker - Recv: [791827,[[613026562,1613377707503,-0.73298998,1759.9],[613026560,1613377707503,-1.4159,1759.9013705],[613026558,1613377707503,-1.754,1759.97997095],[613026556,1613377707503,-5.66974,1759.97997095],[613026554,1613377707503,-2.8349991,1759.9964746],[613026553,1613377707503,-5.38245626,1760.1],[613026552,1613377707503,-0.14067076,1760.2],[613026550,1613377707503,-5.66879,1760.25820666],[613026549,1613377707503,-5.98,1760.3],[613026548,1613377707503,-11.34113,1760.3],[613026546,1613377707503,-3.3229,1760.30213242],[613026544,1613377707503,-1.3982,1760.376891],[613026542,1613377707503,-1.4924,1760.39732452],[613026540,1613377707503,-4.25231,1760.42356606],[613026538,1613377707503,-2.2678939,1760.4719951],[613026537,1613377707503,-11.33951,1760.5],[613026536,1613377707503,-11.4995,1760.6],[613026534,1613377707503,-3.2762,1760.66643335],[613026533,1613377707503,-5.01,1760.7],[613026532,1613377707503,-5.22041,1760.9],[613026530,1613377693552,0.01,1761],[613026528,1613377667743,-0.11489,1760.9],[613026526,1613377667735,-0.9343,1760.9],[613026524,1613377667733,-2.2,1760.9],[613026522,1613377667731,-1.4472,1760.9],[613026520,1613377667719,-1.4472,1760.9],[613026518,1613377653898,0.02938444,1761.6],[613026517,1613377653898,0.02061556,1761.3],[613026516,1613377653468,0.02938314,1761.6],[613026515,1613377653468,0.02061686,1761.3]]]
08:28:35.788 [24] DEBUG c.g.j.b.v.SimpleBitfinexApiBroker - Recv: {"event":"subscribed","channel":"trades","chanId":546099,"symbol":"tBTCUSD","pair":"BTCUSD"}
08:28:35.789 [24] DEBUG c.g.j.b.v.SimpleBitfinexApiBroker - subscribed: BitfinexExecutedTradeSymbol [currencyPair=BitfinexCurrencyPair [currency1=BTC, currency2=USD, currencyType=CURRENCY, minimumOrderSize=2.0E-4]]
08:28:35.791 [24] DEBUG c.g.j.b.v.SimpleBitfinexApiBroker - Recv: [546099,[[613024724,1613377714555,0.00382428,47402],[613024723,1613377714555,0.00254952,47402],[613024722,1613377714555,0.00127476,47402],[613024721,1613377714555,0.42132,47402],[613024719,1613377714555,0.158003,47401.62639342],[613024718,1613377714555,1.9773,47401],[613024717,1613377714555,0.175,47398],[613024716,1613377714555,0.316007,47395],[613024715,1613377714555,0.02442163,47395],[613024714,1613377708223,0.02557837,47395],[613024713,1613377708223,0.013412,47394],[613024712,1613377708223,0.00046632,47394],[613024710,1613377708223,0.00036131,47393.12336088],[613024709,1613377693113,-0.00099839,47394],[613024708,1613377692886,-0.00157738,47394],[613024707,1613377692743,-0.00060623,47394],[613024706,1613377690019,0.00152712,47395],[613024705,1613377684626,-0.00101403,47396],[613024704,1613377684601,-0.00169005,47396],[613024703,1613377682800,-0.00278323,47393],[613024702,1613377682748,-0.00357259,47393],[613024701,1613377682141,-0.00158491,47393],[613024700,1613377681702,-0.00169667,47393],[613024699,1613377681640,-0.00691457,47393],[613024698,1613377679225,0.19441573,47394],[613024697,1613377679225,0.04313152,47394],[613024695,1613377679225,0.06245275,47393.226153],[613024693,1613377678974,0.00458725,47393.226153],[613024691,1613377678974,0.00041275,47393.12336088],[613024690,1613377678297,-0.015,47393]]]
08:28:35.793 [35] DEBUG c.g.j.b.v.SimpleBitfinexApiBroker - Calling unsubscribe for 2 channels
08:28:35.797 [35] DEBUG c.g.j.b.v.SimpleBitfinexApiBroker - Sent: com.github.jnidzwetzki.bitfinex.v2.command.UnsubscribeChannelCommand@3f32de39
08:28:35.799 [35] DEBUG c.g.j.b.v.SimpleBitfinexApiBroker - Sent: com.github.jnidzwetzki.bitfinex.v2.command.UnsubscribeChannelCommand@32460fac
08:28:35.866 [23] DEBUG c.g.j.b.v.SimpleBitfinexApiBroker - Recv: {"event":"unsubscribed","status":"OK","chanId":546099}
08:28:35.868 [23] DEBUG c.g.j.b.v.SimpleBitfinexApiBroker - unsubscribed: BitfinexExecutedTradeSymbol [currencyPair=BitfinexCurrencyPair [currency1=BTC, currency2=USD, currencyType=CURRENCY, minimumOrderSize=2.0E-4]]
08:28:35.868 [23] DEBUG c.g.j.b.v.SimpleBitfinexApiBroker - Recv: {"event":"unsubscribed","status":"OK","chanId":791827}
08:28:35.869 [23] DEBUG c.g.j.b.v.SimpleBitfinexApiBroker - unsubscribed: BitfinexExecutedTradeSymbol [currencyPair=BitfinexCurrencyPair [currency1=ETH, currency2=USD, currencyType=CURRENCY, minimumOrderSize=0.006]]
08:28:35.869 [35] DEBUG c.g.j.b.v.SimpleBitfinexApiBroker - close() called
08:28:35.869 [40] DEBUG c.g.j.b.v.HeartbeatThread - Heartbeat thread was interrupted, exiting
08:28:35.870 [35] DEBUG c.g.j.b.v.SimpleBitfinexApiBroker - Closing websocket: CloseReason[1000,Socket closed]
08:28:35.879 [48] DEBUG c.g.j.b.v.SequenceNumberAuditor - Resetting sequence auditor
08:28:35.880 [48] DEBUG c.g.j.b.v.SimpleBitfinexApiBroker - connect() called
08:28:35.880 [48] DEBUG c.g.j.b.v.SequenceNumberAuditor - Resetting sequence auditor
08:28:36.104 [23] DEBUG c.g.j.b.v.SimpleBitfinexApiBroker - Websocket is now open
08:28:36.105 [48] DEBUG c.g.j.b.v.SimpleBitfinexApiBroker - Sent: com.github.jnidzwetzki.bitfinex.v2.command.SetConnectionFeaturesCommand@7bc7baa0
08:28:36.107 [23] DEBUG c.g.j.b.v.SimpleBitfinexApiBroker - Recv: {"event":"info","version":2,"serverId":"3450037f-00a3-4af5-ae5b-75a42ae21390","platform":{"status":1}}
08:28:36.114 [48] DEBUG c.g.j.b.v.SimpleBitfinexApiBroker - Sent: com.github.jnidzwetzki.bitfinex.v2.command.SubscribeCandlesCommand@628781dd
08:28:36.161 [28] DEBUG c.g.j.b.v.SimpleBitfinexApiBroker - Recv: {"event":"conf","status":"OK"}
08:28:36.180 [23] DEBUG c.g.j.b.v.SimpleBitfinexApiBroker - Recv: {"event":"subscribed","channel":"candles","chanId":128113,"key":"trade:1m:tBTCUSD"}
08:28:36.184 [23] DEBUG c.g.j.b.v.SimpleBitfinexApiBroker - subscribed: BitfinexCandlestickSymbol [currencyPair=BitfinexCurrencyPair [currency1=BTC, currency2=USD, currencyType=CURRENCY, minimumOrderSize=2.0E-4], timeframe=MINUTES_1]
08:28:36.208 [28] DEBUG c.g.j.b.v.SimpleBitfinexApiBroker - Recv: [128113,[[1613377680000,47393,47402,47402,47393,3.14348336],[1613377620000,47389.10578656,47394,47394,47360,1.7855632799999999],[1613377560000,47430,47390,47430,47355,12.76534881],[1613377500000,47458,47435,47459,47393,3.14168512],[1613377440000,47471.18532042,47484,47484,47457,0.73553924],[1613377380000,47448,47474,47495,47439,1.39187263],[1613377320000,47470,47439,47475,47439,0.16102571],[1613377260000,47440,47440,47475,47439,0.7528832],[1613377200000,47399.9838903,47428,47442,47399.9838903,5.27103004],[1613377140000,47400,47394,47400,47386,3.37443918],[1613377080000,47449,47399,47450,47399,3.05148468],[1613377020000,47449.77641975,47433,47478,47426,4.18338395],[1613376960000,47368,47449.77641975,47449.77641975,47368,12.28479644],[1613376900000,47288,47367,47367,47288,4.60649838],[1613376840000,47262,47286,47287,47262,0.45442600000000005],[1613376780000,47252,47243.31983901,47262,47242.1054677,0.08922701],[1613376720000,47228.33952933,47252,47288,47228.33952933,0.34765745000000003],[1613376660000,47258,47228,47260,47227,0.8436],[1613376600000,47171,47260,47260,47171,4.48700767],[1613376540000,47100,47177,47185,47100,3.28311981],[1613376480000,47189,47100,47189,47100,6.98597959],[1613376420000,47238.15092982,47183,47238.15092982,47151,5.29636522],[1613376360000,47251,47248,47287,47238.15092982,1.64297396],[1613376300000,47266,47251,47296,47250,1.14198837],[1613376240000,47250,47266,47322,47250,0.53586629],[1613376180000,47321.76969,47268,47322,47250,8.96997868],[1613376120000,47389.90895242,47320.55631129,47425,47248,15.9947749],[1613376060000,47416,47349,47495,47346,10.66067271],[1613376000000,47239,47415,47429,47239,24.86214761],[1613375940000,47255,47240,47256,47229,1.62475789],[1613375880000,47254,47256,47290,47254,1.29324189],[1613375820000,47266,47254,47266,47253,0.31679496],[1613375760000,47256,47266,47267,47256,0.48703488],[1613375700000,47280,47255.23372024,47280,47255.23372024,1.9743161900000001],[1613375640000,47232,47280,47281,47232,1.0431183800000001],[1613375580000,47252,47232,47252,47221,0.62258884],[1613375520000,47214,47251,47252,47214,4.14840239],[1613375460000,47211,47231,47232,47211,1.93463388],[1613375400000,47204,47178,47230,47175.544017,3.14457491],[1613375340000,47211,47204,47211,47200,0.59525141],[1613375280000,47205.965745,47211,47216,47200,0.60017639],[1613375220000,47230,47229,47260,47201,1.67543467],[1613375160000,47293,47207,47295,47206,6.81122974],[1613375100000,47288,47294,47311,47288,1.1900110000000002],[1613375040000,47255,47283.60845484,47289,47255,0.36696111],[1613374980000,47283.95990241,47257,47283.95990241,47244,1.5642134],[1613374920000,47272,47269,47290,47269,1.063781],[1613374860000,47319,47272,47324,47272,2.21455524],[1613374800000,47319,47317,47329,47311,0.54831753],[1613374740000,47250,47318,47319,47249,1.45341719],[1613374680000,47226,47249,47250,47218,1.37056987],[1613374620000,47235,47221,47236,47206,1.67582705],[1613374560000,47239,47236,47239,47235,1.0929818],[1613374500000,47236.133175,47236,47261,47218,4.31359367],[1613374440000,47191,47236,47236,47191,3.81183409],[1613374380000,47194,47196,47207,47178.9122832,0.24420122],[1613374320000,47214,47195,47218,47194,0.71312184],[1613374260000,47174,47245,47249.743956,47174,1.75481619],[1613374200000,47250,47173,47256,47173,34.76373969],[1613374140000,47261,47250,47261,47250,48.95765695],[1613374080000,47283.58637616,47266,47337,47261,2.43656981],[1613374020000,47186.946012,47288,47300,47186.946012,11.44833708],[1613373960000,47160,47186,47186,47160,26.24581061],[1613373900000,47140,47160,47164,47140,15.22053931],[1613373840000,47121,47141,47141,47104,8.1496072],[1613373780000,47070,47122,47162,47069,41.06608955],[1613373720000,47116,47070,47116,47069,15.36472786],[1613373660000,47124,47117,47125,47116,4.2662353],[1613373600000,47120,47124,47125,47119,12.76672819],[1613373540000,47140,47119,47140,47119,5.59992089],[1613373480000,47136,47140,47140,47136,0.56940168],[1613373420000,47131,47137,47145,47130,3.16792662],[1613373360000,47161,47132,47180,47132,10.9358702],[1613373300000,47180,47159,47180,47158,4.41346211],[1613373240000,47190,47179.11985852,47190,47179,6.8418821],[1613373180000,47189,47190,47190,47189,4.97193176],[1613373120000,47200,47181,47200,47181,11.42306897],[1613373060000,47220,47200,47220,47198,6.57968669],[1613373000000,47278.03062768,47220,47281,47211,26.97110408],[1613372940000,47205,47278,47296,47205,15.84423109],[1613372880000,47183,47195,47220.92459315,47183,0.57940041],[1613372820000,47162,47183,47183,47162,0.28922254000000003],[1613372760000,47179,47156,47179,47148,5.90255452],[1613372700000,47140,47179,47205.80589744,47140,2.8399343],[1613372640000,46959.412215,47139,47235,46959.412215,59.98355019],[1613372580000,46940,46959,46959,46940,1.94853669],[1613372520000,46933,46940,46940,46933,0.74968719],[1613372460000,46877,46932.64358414,46933,46877,3.65315326],[1613372400000,46846,46876.93170696,46876.93170696,46775,7.09331461],[1613372340000,46907.15913683,46847,46907.15913683,46847,2.34079303],[1613372280000,46937,46907.15913683,46938,46907.15913683,0.33182715],[1613372220000,46953,46937,46973,46937,5.94092582],[1613372160000,46928,46953,46963,46928,4.46650426],[1613372100000,46928,46928,46928,46927,0.05465562],[1613372040000,46935,46937,46963,46935,1.7317753],[1613371980000,46944,46935,46945,46935,0.83585203],[1613371920000,46927,46927,46927,46926,0.40753922000000004],[1613371860000,46966,46945,46966,46945,1.11539433],[1613371800000,46940,46966,46968,46940,0.69141395],[1613371740000,46911,46939,46986,46895,41.55336082],[1613371680000,46895,46911,46914,46895,1.03338155],[1613371620000,46902,46895,46919,46894,1.17612411],[1613371560000,46913,46902,46951,46902,5.16596039],[1613371500000,46851.198918,46912,46912,46851.198918,4.91418888],[1613371440000,46865,46852,46866,46851.198918,0.91226843],[1613371380000,46893,46865,46894,46865,0.50385126],[1613371320000,46866,46893,46894,46866,0.47208154999999996],[1613371260000,46884,46867,46902,46850,4.35561077],[1613371200000,46932,46883,46936,46883,5.94763359],[1613371140000,46989,46901,47019,46901,16.2200357],[1613371080000,46997,46989,47023,46981,1.49836178],[1613371020000,47008,46998,47053,46998,3.26537517],[1613370960000,46995,47007,47044,46990,2.58810302],[1613370900000,47048,46996,47048,46996,1.47769738],[1613370840000,47065,47047,47081,47047,3.44876702],[1613370780000,46969,47064,47065,46969,2.7153465],[1613370720000,46969,46970,46970,46969,0.209901],[1613370660000,46942,46973,46973,46941,2.30612922],[1613370600000,46976,46941,46977,46941,0.7778171899999999],[1613370540000,46977,46977,46989,46976,2.12180246],[1613370480000,46936,46977,46977,46904,3.74357777],[1613370420000,46989,46937,46989,46903,11.64788851],[1613370360000,46938,46989,46989,46936,1.56667541],[1613370300000,46975,46939,47002,46939,3.21663003],[1613370240000,46952,46966,47002,46952,3.38901215],[1613370180000,46938,46952,46999,46908,5.1911983600000005],[1613370120000,46893,46939,46939,46892,2.36463244],[1613370060000,46930,46892,46931,46891,8.64092533],[1613370000000,46913,46930,46943,46906,2.19114004],[1613369940000,46961,46916,46961,46914,2.68595543],[1613369880000,47046,46965,47047,46961,7.45846731],[1613369820000,46966,47046,47047,46952,3.4461085700000003],[1613369760000,46945,46966,46968,46945,1.20105087],[1613369700000,46946,46944,46947,46920,0.78751016],[1613369640000,46901,46946,46994,46901,5.53728404],[1613369580000,46877,46901,46916,46877,1.40709348],[1613369520000,46875,46868,46889,46868,1.27733815],[1613369460000,46889,46884,46906,46872,1.7627358],[1613369400000,46887,46888,46912,46887,0.91072173],[1613369340000,46878,46905,46912,46868,4.57153354],[1613369280000,46873,46878,46912,46873,2.50948115],[1613369220000,46848,46872,46876.889631,46847,1.31829388],[1613369160000,46831,46848,46848,46820,0.99582598],[1613369100000,46855,46804,46855,46800,0.8931012899999999],[1613369040000,46776,46855,46881,46776,4.19062479],[1613368980000,46818,46775,46818,46775,0.96044442],[1613368920000,46753,46817,46833,46752,3.44342739],[1613368860000,46717,46753,46753,46716,3.41128243],[1613368800000,46712,46717,46722,46673,2.74947323],[1613368740000,46723,46745,46748,46722,1.47044822],[1613368680000,46717,46733,46754,46706,2.50236728],[1613368620000,46745,46727,46805,46700,10.09812922],[1613368560000,46740,46741,46745,46740,1.11903435],[1613368500000,46627,46755,46768.61055484,46627,4.29607717],[1613368440000,46670,46628,46672,46611,5.22001805],[1613368380000,46690,46670,46697,46653,15.204297930000001],[1613368320000,46618,46737,46738,46618,12.47693662],[1613368260000,46601,46618,46625,46566,12.27303726],[1613368200000,46574,46600,46600,46561,4.7869167599999995],[1613368140000,46576,46584,46585.821835,46545,0.8492999999999999],[1613368080000,46525,46594,46594,46524,2.89090471],[1613368020000,46524,46525,46552,46524,2.72297373],[1613367960000,46542,46542,46560,46542,6.62643815],[1613367900000,46598,46542,46598,46511,6.0793253499999995],[1613367840000,46632,46591,46664,46591,0.849544],[1613367780000,46608,46669,46675,46580,4.20456768],[1613367720000,46562,46609,46685,46562,7.87381224],[1613367660000,46561,46578,46578,46533.95511576,4.61663896],[1613367600000,46553,46586,46608,46492,8.74757463],[1613367540000,46563.08511192,46558,46563.08511192,46458,2.92113821],[1613367480000,46583,46588,46678,46557.01636272,8.5739949],[1613367420000,46518,46583,46591,46512,6.72626684],[1613367360000,46509,46543,46560,46509,10.332345029999999],[1613367300000,46487,46517,46565,46487,4.07446704],[1613367240000,46401,46490,46495,46401,5.0586921799999995],[1613367180000,46447.77887712,46401,46479,46400,7.01730687],[1613367120000,46501,46448,46501,46448,9.7654243],[1613367060000,46528,46502,46577,46500,7.6423685699999995],[1613367000000,46554,46609,46639,46526.47413248,13.82145836],[1613366940000,46550,46555,46593,46550,3.39142047],[1613366880000,46665,46551,46696,46550,3.00359165],[1613366820000,46655,46665,46665,46648,1.6548918],[1613366760000,46755,46655.03593818,46755,46655.03593818,3.6111061700000002],[1613366700000,46818,46745,46819,46745,1.8706885500000001],[1613366640000,46725,46819,46858,46725,6.66645981],[1613366580000,46624,46725,46725,46624,7.3305843],[1613366520000,46785,46648,46811,46559,31.4565247],[1613366460000,46825,46784,46838,46784,2.42004392],[1613366400000,46825,46825,46825,46824,0.21548636],[1613366340000,46811,46829,46837.16845056,46811,1.06430317],[1613366280000,46786,46816,46816,46785,0.95194165],[1613366220000,46794,46787,46795,46785,0.5881],[1613366160000,46812.89545696,46795,46813,46795,5.43771597],[1613366100000,46835,46809,46835,46799.31347,0.8898323300000001],[1613366040000,46836,46852,46864,46836,5.50045555],[1613365980000,46888,46836,46888,46836,0.4691642],[1613365920000,46885,46889,46889,46854,1.47383848],[1613365860000,46798,46885,46891,46798,3.35794208],[1613365800000,46779,46802.154052,46812,46778,1.45132691],[1613365740000,46779,46779,46802,46778,1.85340005],[1613365680000,46804,46778,46804,46778,2.23789464],[1613365620000,46798,46805,46805,46798,1.5047454],[1613365560000,46776,46798,46829,46774,5.64924434],[1613365500000,46944,46777,46968,46777,10.75273511],[1613365440000,46817,46944,46952,46817,25.05641913],[1613365380000,46818,46818,46831,46817,1.4241715799999999],[1613365320000,46794,46818,46818,46794,3.11322566],[1613365260000,46812,46797,46828,46797,3.02399801],[1613365200000,46821,46823,46823,46774,25.94178306],[1613365140000,46809,46821,46834,46809,7.91604075],[1613365080000,46864,46809,46864,46759,30.98629443],[1613365020000,46859,46864,46876,46851,3.33935141],[1613364960000,46840,46859,46869,46837,5.90006966],[1613364900000,46793,46839,46872.0615881,46793,11.28963603],[1613364840000,46749,46807,46870.84838604,46749,9.86548954],[1613364780000,46745,46749,46788,46744,4.00088504],[1613364720000,46758,46744,46809,46744,8.4170135],[1613364660000,46792,46757,46792.1592684,46741,8.72085016],[1613364600000,46800,46792,46807,46758,6.62705623],[1613364540000,46708,46810,46850,46707,19.61829705],[1613364480000,46743,46708,46747,46677,8.92262192],[1613364420000,46671,46744,46750,46649,8.0110921],[1613364360000,46632.3404886,46675,46718,46610,19.69719185],[1613364300000,46462,46632,46632,46462,8.05727777],[1613364240000,46510,46455,46510,46423,13.93187783],[1613364180000,46400,46494,46545.37531846,46250,86.07098739999999],[1613364120000,46312,46387,46412,46194.0531,72.32871335],[1613364060000,46384,46312,46386,46261,27.75889653],[1613364000000,46466,46386,46466,46360.6468,26.28914363],[1613363940000,46461,46455,46496,46451,6.60056601],[1613363880000,46495,46461,46498.14052312,46451,6.2111437],[1613363820000,46544,46494.50065198,46623,46494.50065198,6.61251953],[1613363760000,46518,46544,46549,46502,3.67536151],[1613363700000,46491,46531,46548,46450,5.24055089],[1613363640000,46496,46501.78039426,46515,46450,5.65660298],[1613363580000,46485,46496,46538,46456.0419561,5.8442973],[1613363520000,46531,46485,46562,46468,4.5427031],[1613363460000,46619,46531,46620,46526.35793893,3.16438548],[1613363400000,46625.391846,46619,46678,46592,5.48762335],[1613363340000,46620,46626,46691,46614,2.07017387]]]
08:28:36.219 [48] DEBUG c.g.j.b.v.SimpleBitfinexApiBroker - Sent: com.github.jnidzwetzki.bitfinex.v2.command.UnsubscribeChannelCommand@7ff82114
08:28:36.238 [48] DEBUG c.g.j.b.v.SimpleBitfinexApiBroker - Sent: com.github.jnidzwetzki.bitfinex.v2.command.SubscribeCandlesCommand@18275fbe
08:28:36.294 [23] DEBUG c.g.j.b.v.SimpleBitfinexApiBroker - Recv: {"event":"unsubscribed","status":"OK","chanId":128113}
08:28:36.294 [23] DEBUG c.g.j.b.v.SimpleBitfinexApiBroker - unsubscribed: BitfinexCandlestickSymbol [currencyPair=BitfinexCurrencyPair [currency1=BTC, currency2=USD, currencyType=CURRENCY, minimumOrderSize=2.0E-4], timeframe=MINUTES_1]
08:28:36.304 [28] DEBUG c.g.j.b.v.SimpleBitfinexApiBroker - Recv: {"event":"subscribed","channel":"candles","chanId":129457,"key":"trade:1D:tBTCUSD"}
08:28:36.304 [28] DEBUG c.g.j.b.v.SimpleBitfinexApiBroker - subscribed: BitfinexCandlestickSymbol [currencyPair=BitfinexCurrencyPair [currency1=BTC, currency2=USD, currencyType=CURRENCY, minimumOrderSize=2.0E-4], timeframe=DAY_1]
08:28:36.305 [28] DEBUG c.g.j.b.v.SimpleBitfinexApiBroker - Recv: [129457,[[1613347200000,48597,47394,48959,45730.50181348,6060.47922461],[1613260800000,47177.86105756,48584,49659,47030,7337.59067269],[1613174400000,47365,47177,48209,46255,5225.25062786],[1613088000000,48001,47397,48945,45851.95356552,10789.29878402],[1613001600000,44840,48008,48598,43917.41935602,10300.37521835],[1612915200000,46485.10574522,44841,47383,43777,10019.14961979],[1612828800000,46444,46488,48277,45060,15903.02396636],[1612742400000,38841,46444,46666,37947,24788.66402363],[1612656000000,39237,38837,39725.7155421,37350,7627.57627436],[1612569600000,38260.8799317,39234,40985,38205,10181.01728877],[1612483200000,36945,38260,38366,36571.55235544,4479.82317969],[1612396800000,37667,36951.548313,38750,36222,6419.65493792],[1612310400000,35576,37667,37677.35566244,35471,8806.86324689],[1612224000000,33569,35577,36053.96796779,33500,7006.15684092],[1612137600000,33117.79931925,33566,34707,32333,5300.53662691],[1612051200000,34333,33138,34407.005674,32228,5823.93157617],[1611964800000,34284,34341,34929,32827,7290.52856597],[1611878400000,33374,34253,38710.69632264,31987,28642.05232388],[1611792000000,30421.23654981,33373,33800,29918,9170.13127825],[1611705600000,32518.32570147,30421.23654981,32596,29283,14786.66598682],[1611619200000,32252,32519,32971,30867.0338669,8540.41106666],[1611532800000,32327,32285,34918,31966,9230.4487765],[1611446400000,32099,32320,33174,31011,5887.71106024],[1611360000000,33027,32099,33554,31439.4275088,7065.12704773],[1611273600000,30890.60960271,33058,33850,28989,15720.12650751],[1611187200000,35510,30872,35616,30196,22357.47974563],[1611100800000,35888,35516,36422,33303,14141.72101255],[1611014400000,36685,35890,37936.5743351,35863,9648.58184083],[1610928000000,35901,36699,37555,34842,8414.95402598],[1610841600000,36037,35900,36928,33868,9847.25162068],[1610755200000,36741,36041,37997,35418,10842.65506249],[1610668800000,39147.32923992,36741,39701,34500,15551.34410823],[1610582400000,37368,39136,40001,36666,12967.86884021],[1610496000000,34104,37358.07975004,37776,32436,14887.62558258],[1610409600000,35410,34123,36656,32427,22176.95211648],[1610323200000,38200,35408,38277,30635,48042.44420537],[1610236800000,40170,38200,41399,35260,19011.73685638],[1610150400000,40500,40168,41399,38700,8173.60836859],[1610064000000,39387,40509,41969,36555,21785.71626803],[1609977600000,36791,39401,40383.3509214,36123.590728,22112.80551057],[1609891200000,33978,36760,36932,33335,18619.39156055],[1609804800000,31991,33985,34493,29861,14483.02450249],[1609718400000,32990,31990,33593.61627648,28540,24687.17352109],[1609632000000,32185,32968,34873,31975,18908.90248876],[1609545600000,29349.83250154,32183,33292,29000,22012.92431526],[1609459200000,28939,29349,29620,28716,8332.17329653],[1609372800000,28886.8252941,28938.521869,29286,27557,12225.25361439],[1609286400000,27312,28880,28977,27312,10509.15264706],[1609200000000,27044,27316,27329,25859,8915.79570495],[1609113600000,26242,27053,27442,26068.0657198,7601.6736102],[1609027200000,26423,26241,28244,25813,17956.95047706],[1608940800000,24720.0882,26413,26723,24489,13149.6035219],[1608854400000,23743.467132,24720.0882,24802,22855,13780.78834019],[1608768000000,23207.87492762,23743.467132,23790,22701,4754.89447434],[1608681600000,23804,23208,24144,22655,12077.5823542],[1608595200000,22712.281776,23805.89700325,23812,22348,7416.0651705],[1608508800000,23427,22712.281776,24077,21884,14183.57832359],[1608422400000,23801,23427,24244,23101,9599.06945336],[1608336000000,23124,23808,24123,22768,9672.76187725],[1608249600000,22791,23124,23287,22362,7283.12188767],[1608163200000,21318,22786,23630,21197,22872.76691971],[1608076800000,19459,21318,21444,19317.800536,21075.87728373],[1607990400000,19282,19459,19607,19070,6927.28565056],[1607904000000,19180,19282,19350,19008.31354812,2534.66419808],[1607817600000,18818,19180,19416,18720.6972317,4831.24752681],[1607731200000,18050,18818,18944,18049.91181686,3683.18295895],[1607644800000,18263,18049.91181686,18299,17629,6573.35890074],[1607558400000,18558,18260,18568,17935,3655.53727913],[1607472000000,18329,18558,18630,17742,9767.76617124],[1607385600000,19196,18329,19322,18271,9623.14888923],[1607299200000,19410.03147,19196.06786536,19460,18925,2285.63253019],[1607212800000,19159,19410,19463,18905,4333.67926426],[1607126400000,18652,19159,19182,18498,3664.40593767],[1607040000000,19449,18652,19550,18600,8654.05198704],[1606953600000,19229.12373562,19449,19628,18900,5251.01732623],[1606867200000,18818.027865,19241,19344,18361,7634.3491635],[1606780800000,19697,18814,19956,18279,21947.30653528],[1606694400000,18196,19696.272384,19844,18196,14947.01505414],[1606608000000,17746,18195.987488,18344,17556,3986.26608474],[1606521600000,17171,17746,17910,16925,5750.22634211],[1606435200000,17213,17171,17531,16501,11217.91209845],[1606348800000,18726.475677,17211.69580098,18908,16317,34343.56146402],[1606262400000,19133.654712,18727,19497,18500,13477.60483221],[1606176000000,18364,19131,19400,18130,14937.35456899],[1606089600000,18390,18372,18724,18003,8765.27184524],[1606003200000,18659.98826325,18392,18732,17645,9098.86083786],[1605916800000,18659.98826325,18659.98826325,18945,18323,6619.77912017],[1605830400000,17813,18660,18810,17753,7974.20959348],[1605744000000,17774,17818,18166,17344,5575.43345482],[1605657600000,17674.53552004,17774,18450,17119,17517.60930774],[1605571200000,16719,17674.87558,17815,16535,12211.61192244],[1605484800000,15965,16719,16872,15874,6522.24231834],[1605398400000,16058.519784,15965,16151,15794,2564.5596865],[1605312000000,16308.5948109,16057,16315,15715,5090.22982759],[1605225600000,16296,16308.5948109,16481,15974,7699.72967138],[1605139200000,15709,16296.18794388,16325,15453,12299.29569523],[1605052800000,15311.53062117,15709.3042176,15981,15292,6940.97705853],[1604966400000,15336.88653372,15311.53062117,15474,15077,3741.90497043],[1604880000000,15501,15334.52194598,15844,14841,8947.1113553],[1604793600000,14849,15500,15650,14755,6475.28259478],[1604707200000,15573,14845,15740,14411,14370.83426036],[1604620800000,15568,15572.88385495,15888,15179,12097.89054039],[1604534400000,14152,15568,15723.55678179,14104.36241552,15897.90693691],[1604448000000,14029.5896356,14149,14245,13530,10098.33576646],[1604361600000,13560,14029.5896356,14066,13301,5811.86187544],[1604275200000,13755,13562,13836,13207,6586.08653832],[1604188800000,13778.27705844,13756,13892,13611,3107.60188947],[1604102400000,13567.94596627,13788,14055,13425,8953.45758111],[1604016000000,13450,13568,13673,13120,4659.29588008],[1603929600000,13266,13451,13629,12972,4074.37347985],[1603843200000,13626,13267,13839,12915,7113.94802481],[1603756800000,13059,13626,13769,13054,8976.07060578],[1603670400000,13036,13059,13244,12781,3675.05916084],[1603584000000,13127,13037,13358,12850,3631.47386568],[1603497600000,12930.56664423,13127.03663502,13178,12882,1971.8904909],[1603411200000,12982,12935,13032,12738,2904.13203062],[1603324800000,12811,12988,13188,12710,6090.19951202],[1603238400000,11924.12565284,12810,13220,11910,15400.96625616],[1603152000000,11757,11925,12044,11696,5422.99322297],[1603065600000,11517,11757,11828,11417,3767.98031874],[1602979200000,11376,11518,11520,11364.93369218,1321.88045131],[1602892800000,11324.8837331,11375,11418,11275,1037.69350326],[1602806400000,11511.9497064,11325,11547,11212,3461.9219345],[1602720000000,11440,11509,11632,11277,4263.98661429],[1602633600000,11442.72553612,11440,11564,11309,2693.05607564],[1602547200000,11560,11442,11574.90850243,11333,3905.22148627],[1602460800000,11384,11560,11739.97398,11111,6368.14562071],[1602374400000,11308,11385,11451,11279.45650736,1478.2348888],[1602288000000,11071,11308,11505,11071,4168.69088477],[1602201600000,10942.901982,11071,11133.99746703,10853.1165156,2570.0680234],[1602115200000,10687.32291769,10943,10971,10541,3641.24246027],[1602028800000,10613,10687,10691,10563,1669.91903423],[1601942400000,10807,10613.705256,10819.959108,10548,3219.16847587],[1601856000000,10687,10807,10816,10637,1783.47952643],[1601769600000,10558.00112605,10687,10713,10541,1628.85480833],[1601683200000,10586,10558.58697865,10616,10513,833.97060122],[1601596800000,10633,10586,10686,10391,3737.41568792],[1601510400000,10797,10634,10975.126364,10460,5682.15324545],[1601424000000,10857,10795,10866.00570211,10684,1504.4129717600001],[1601337600000,10713,10856,10889,10654,1793.01665211],[1601251200000,10804,10714,10986,10656.20638633,3793.66453162],[1601164800000,10750.90937072,10803,10824,10594,1754.82101234],[1601078400000,10708,10750,10841,10675,940.11544811],[1600992000000,10752,10708,10774,10580,2351.64280732],[1600905600000,10266,10754,10842,10222,3195.72207711],[1600819200000,10549.621726,10263,10555,10152,3093.16299583],[1600732800000,10435,10549,10597,10377,2412.76234461],[1600646400000,10935,10435,11000,10321,6012.77245251],[1600560000000,11098,10934.54183144,11098,10779,1818.9312364],[1600473600000,10957.05507792,11098,11185,10920,2467.83027967],[1600387200000,10959,10957.17348137,11064,10825,2255.78236859],[1600300800000,10971.45422468,10959,11069.17646505,10765.936272,2515.82301027],[1600214400000,10797.99361605,10971.25116264,11104.97665904,10682,4798.73427717],[1600128000000,10689.93207785,10797,10944,10645,4990.20947654],[1600041600000,10331,10690,10773,10259,3687.51051542],[1599955200000,10459,10331,10623,10231,4044.98562654],[1599868800000,10404.94752176,10458,10492,10287,1434.15294838],[1599782400000,10354,10405,10438,10197,2468.47916195],[1599696000000,10241,10355,10516,10233.0879672,3553.97517835],[1599609600000,10150,10240,10359,10010,2406.14739791],[1599523200000,10400,10148,10464,9882.4,6761.1383562],[1599436800000,10275.9676,10397,10430,9913.8,6301.95149206],[1599350400000,10197,10276,10365.07422046,10031,2755.66300115],[1599264000000,10484.07051575,10196.86489828,10593,9925.5,8507.11405664],[1599177600000,10166.13513,10484.74763252,10644,9965.7,13589.50529482],[1599091200000,11400.841462,10170,11460.98620262,9990.9,15884.01270037],[1599004800000,11942.89423579,11408,11975,11183,6191.79985751],[1598918400000,11671.23323392,11942,12067,11552,5020.38142016],[1598832000000,11729.89978204,11671,11790,11600,2242.98394163],[1598745600000,11492,11730,11730,11480,2102.9568569],[1598659200000,11544.621284,11492,11606.34239887,11450,1520.98782067],[1598572800000,11343,11545,11567,11303,2024.55122551],[1598486400000,11472,11343,11609,11145,4811.07166836],[1598400000000,11341,11471.10096,11546,11219.88888,2484.87645848],[1598313600000,11765,11341.4006669,11778,11137,6158.91793348],[1598227200000,11663,11768,11847,11605,1987.28075227],[1598140800000,11683,11663,11736,11538,1929.78739306],[1598054400000,11527,11685,11703,11390,3458.466714],[1597968000000,11884.677714,11531,11899,11500,6102.59595826],[1597881600000,11778.02622206,11884.677714,11902,11680,2734.22904121],[1597795200000,11961.83967646,11778,12025.25974,11608.59604692,6287.195758],[1597708800000,12303,11961.83967646,12405,11814,7179.55648352],[1597622400000,11924.02573127,12300,12490,11675,10122.6714163],[1597536000000,11873.41825354,11925,11944,11705,2717.98718733],[1597449600000,11762,11873.41825354,11997,11705,4038.10832313],[1597363200000,11793.16904862,11761,11869,11650.03890904,4652.45752198],[1597276800000,11583,11792.46007598,11822,11279,5779.6932746],[1597190400000,11379,11583,11613.97869844,11100,4309.29975682],[1597104000000,11893,11379,11943,11123,7105.92315064],[1597017600000,11675.32006989,11892,12065,11450,6575.26897597],[1596931200000,11763,11675.32006989,11788,11530,1571.87081403],[1596844800000,11580.04081238,11764,11796,11523,1874.37849071],[1596758400000,11759,11580.04081238,11900,11326,5093.55309175],[1596672000000,11735.93261188,11759,11890,11557,3901.71404458],[1596585600000,11187,11735.81391634,11800,11085,5786.68941182],[1596499200000,11226.99217374,11184,11396,11003,3256.06346449],[1596412800000,11058.83877657,11226.52172839,11456,10943,4085.5068594],[1596326400000,11805,11053.77256233,12097,10548,13217.6364586],[1596240000000,11350,11804.7440126,11843,11227,10574.54259436],[1596153600000,11122.78517118,11350,11440,10990,5830.1458832],[1596067200000,11117.39512086,11123,11189.20867739,10855.80732708,4251.00604941],[1595980800000,10931.55841463,11117,11355,10851,8823.29419803],[1595894400000,11044.32215834,10932,11263,10590,9878.58905271],[1595808000000,9948.4,11043.96287976,11379,9944.9,21575.30615722],[1595721600000,9714.9,9948.4,10190,9674.8,8945.66976492],[1595635200000,9559.00520597,9714.89020414,9754.5,9555.5,2562.7864653],[1595548800000,9615,9559.1,9644,9469.65964973,2262.02669659],[1595462400000,9557.7,9615,9685.43228684,9475,4698.40697756],[1595376000000,9402.1,9557.7,9642.4,9305,4152.34741625],[1595289600000,9179.2,9402,9457.2,9174.4179114,5398.71585906],[1595203200000,9231.2,9179.2,9238.2,9154.5,1402.35976776],[1595116800000,9189.1,9231.2,9299,9111.8,1440.22632243],[1595030400000,9167.32861157,9189.1,9217.1,9120.1,1172.10272826],[1594944000000,9149.6,9167.32861157,9194,9102.1,1064.21015788],[1594857600000,9210.1,9149.6,9227.2,9026.6,2873.49133989],[1594771200000,9263.7914,9210.1,9280,9179,897.57903844],[1594684800000,9251.6,9263.4,9287.3,9107,2196.282437],[1594598400000,9320.2,9252,9350,9220,1927.22488926],[1594512000000,9245.5,9315.8,9368.4,9175,1864.40441369],[1594425600000,9304.9,9246.3,9311.8,9200.1,812.83259594],[1594339200000,9248.9,9304.6,9324.6,9133.1,1420.69938721],[1594252800000,9447.1,9248.86416894,9451.7,9175,3709.08975826],[1594166400000,9267.57549347,9447,9497.2,9256,3814.77723032],[1594080000000,9361.12445025,9267.51494932,9389.40580899,9211.1,1632.42789733],[1593993600000,9089,9361.1,9389.58638306,9075.80199233,4261.04610108],[1593907200000,9146.79675146,9084.28473392,9152.30680224,8918,2084.26945357],[1593820800000,9073.2,9147.7,9204,9060,1130.89317765],[1593734400000,9100.1,9073.2,9135.5,9056.7,1087.11722411],[1593648000000,9239.4,9100,9266.2,8950,3791.70680325],[1593561600000,9150.6467222,9239.9,9298,9109.4,2192.65665227],[1593475200000,9194.43385096,9150.7,9206.45653809,9077,1833.03971963],[1593388800000,9125.366022,9194.43385096,9244,9018.12556046,3642.40403593],[1593302400000,9014.8,9125.366022,9193.187058,8946.6,2110.24642108],[1593216000000,9173.2,9015.3,9202.5,8855,3372.16006102],[1593129600000,9257.03466936,9173.1,9299,9054.1,3691.05093006],[1593043200000,9305.2,9257.03466936,9349,9011,5545.31009709],[1592956800000,9635.2,9312.1,9684.1,9212,5524.89802578],[1592870400000,9697.72816498,9635.2,9724,9589.7,3421.05102569],[1592784000000,9299.5,9697.72816498,9795,9285.2,5876.94315576],[1592697600000,9374.2,9301,9431.2,9292,1338.76911008]]]
08:28:36.311 [48] DEBUG c.g.j.b.v.SimpleBitfinexApiBroker - Sent: com.github.jnidzwetzki.bitfinex.v2.command.UnsubscribeChannelCommand@6f05dbc7
08:28:36.312 [48] DEBUG c.g.j.b.v.SimpleBitfinexApiBroker - Sent: com.github.jnidzwetzki.bitfinex.v2.command.SubscribeCandlesCommand@653d4f67
08:28:36.368 [23] DEBUG c.g.j.b.v.SimpleBitfinexApiBroker - Recv: {"event":"unsubscribed","status":"OK","chanId":129457}
08:28:36.368 [23] DEBUG c.g.j.b.v.SimpleBitfinexApiBroker - unsubscribed: BitfinexCandlestickSymbol [currencyPair=BitfinexCurrencyPair [currency1=BTC, currency2=USD, currencyType=CURRENCY, minimumOrderSize=2.0E-4], timeframe=DAY_1]
08:28:36.371 [28] DEBUG c.g.j.b.v.SimpleBitfinexApiBroker - Recv: {"event":"subscribed","channel":"candles","chanId":129458,"key":"trade:1M:tBTCUSD"}
08:28:36.372 [28] DEBUG c.g.j.b.v.SimpleBitfinexApiBroker - subscribed: BitfinexCandlestickSymbol [currencyPair=BitfinexCurrencyPair [currency1=BTC, currency2=USD, currencyType=CURRENCY, minimumOrderSize=2.0E-4], timeframe=MONTH_1]
08:28:36.372 [28] DEBUG c.g.j.b.v.SimpleBitfinexApiBroker - Recv: [129458,[[1612137600000,33117.79931925,47400,49659,32333,140218.46962288],[1609459200000,28939,33138,41969,28540,479163.46903901],[1606780800000,19697,28938.521869,29286,17629,294441.56997901],[1604188800000,13778.27705844,19696.272384,19844,13207,294674.56751184],[1601510400000,10797,13788,14055,10391,130106.94375223],[1598918400000,11671.23323392,10795,12067,9882.4,128306.22094942],[1596240000000,11350,11671,12490,10548,145688.82284186],[1593561600000,9150.6467222,11350,11440,8918,119153.69189585],[1590969600000,9451.1,9150.7,10398,8855,146951.73093969],[1588291200000,8630.7,9451.1,10045,8101,274650.86988354],[1585699200000,6429,8631.81715292,9441.90721684,6180,310635.75804779],[1583020800000,8561.4,6427.68278638,9241.5,4000,647765.41339265],[1580515200000,9367.5,8561.5,10491,8455.09929552,215956.06536569],[1577836800000,7208.2,9367.4,9550,6909.3,192214.64898628],[1575158400000,7599.3,7208.3,7890,6477,162927.51190474],[1572566400000,9186.6,7599.8823169,9645,6618,174626.20339216],[1569888000000,8337.34811911,9185.6,10480,7333.4,203536.04079102],[1567296000000,9617.8,8331.13524644,10933,7733.3,208244.31885275],[1564617600000,10087.98969503,9623.9,12325,9358.2,267078.88491753],[1561939200000,10800,10088,13174,9084.7,500686.1921758427],[1559347200000,8533.11384961,10809,13764,7455,507726.6678070909],[1556668800000,5599.52273017,8532.66591125,9109,5577.5,492664.6563223],[1554076800000,4167.5,5599.52273017,5690,4124,412925.71302779],[1551398400000,3893.1,4167.5,4210,3767,206477.76704652],[1548979200000,3503.8,3894,4282.4,3405.32458599,376320.94903713],[1546300800000,3832.6286242,3503.8,4218,3422,435103.0975063],[1543622400000,4038.5,3830.5,4384,3215.2,970366.50190278],[1541030400000,6368.4,4039.5,6615,3657.6,959284.2620085],[1538352000000,6622.3,6368.3871592,7788,6220.3,412251.60554009],[1535760000000,7013.5,6622.4,7429.2,6100,650936.21035079],[1533081600000,7731.3,7014.6,7756.1,5858.6,920286.78625238],[1530403200000,6391.6,7731.3,8506.7,6079.9,794443.49149471],[1527811200000,7485.9,6391.5,7779,5755,704473.4750441],[1525132800000,9240.6,7485.8,9990,7040,820145.89167473],[1522540800000,6925.3,9240.6,9767.4,6425.1,1279736.01527961],[1519862400000,10314,6925.4,11700,6533,1782444.38699284],[1517443200000,10267,10315,11788,6000,1930205.0944203],[1514764800000,13769,10270,17252,9231.1,1615808.21308843],[1512086400000,9907,13759.38180575,19891,9370.1,2257991.87485614],[1509494400000,6455,9907.1,11441,5400.2,2119235.28146726],[1506816000000,4367.1,6455.1,6481.5,4133,1360463.07540069],[1504224000000,4718.2,4367.1,4970,2980.4,1504907.64436812],[1501545600000,2854.1,4718.3,4749.9,2604,951974.10640783],[1498867200000,2420.6,2854.3,2922,1826.2,942747.26396496],[1496275200000,2191.60075499,2420.6,3003,2046,649205.70821549],[1493596800000,1435.3,2191.82545389,2690,1432,744228.87662832],[1491004800000,1081.3,1435,1449.7,1070,422013.30744806],[1488326400000,1189.1,1081.5,1339.9,888.2,1043157.71188787],[1485907200000,966.2,1189.1,1222.4,936.34,477722.68791285],[1483228800000,966.61,966.19,1166,735,699569.83031469],[1480550400000,739,966.58,983,738.8,288299.86840255],[1477958400000,701.01,739,763.85,676,269794.47066441],[1475280000000,611.1,701.02,724,575,195726.51232612],[1472688000000,576.27,611.1,640,570.61,129753.78762195],[1470009600000,622.83,576.15,627.35,562.99,188031.63262607],[1467331200000,674.57,622.83,706.98,610.1,668094.8137598],[1464739200000,530.69,674.74,789.78,523.75,1677574.53640728],[1462060800000,446.79,530.69,570,433,604055.3210596],[1459468800000,416.34,446.6,471.99,412,366066.76801092],[1456790400000,439.53,416.02,442.79,389,416438.88559938],[1454284800000,365.58,438.99,451.6,363.23,643383.6576526],[1451606400000,429.17,365.52,465,352.5,893544.90337623],[1448928000000,376.89,429.02,475.04,346.13,1154260.67200562],[1446336000000,316,376.88,504,300.28,1638014.11041357],[1443657600000,236.72,316,336,236.19,568317.21742606],[1441065600000,231.06,236.49,248.48,224.25,295096.46053503],[1438387200000,284.45,231.35,287.05,162,706915.36640738],[1435708800000,262.9,284.45,316.23,252.11,825952.5849813],[1433116800000,228.38,263.07,269,219.71,591551.890802],[1430438400000,236.18,228.7,249.22,226.42,476460.12032387],[1427846400000,244.56,236.11,262.45,213.92,733206.86569282],[1425168000000,255.7,244.51,303.96,235.7,1239084.88798128],[1422748800000,215.91,255.7,268.54,210.12,1129858.87265137],[1420070400000,322.31,215.8,322.9,166.45,2054762.96101356],[1417392000000,379.67,322.3,387.99,302.32,527554.39398354],[1414800000000,336.72,379.89,475,315.54,955822.29008662],[1412121600000,386.93,336.82,414.42,275,857821.63053737],[1409529600000,477.84,387,497.24,365,392789.90864222],[1406851200000,579.49,477.81,605.72,443,362044.27874483],[1404172800000,642.26,580,665,561.47,158002.70311825],[1401580800000,627.01,640.79,685,522.15,354190.51030868],[1398902400000,449.0201,626.21,630,419.4,259639.15887623],[1396310400000,456.3,449.0201,547,340,433927.21116126],[1393632000000,552.26,456.9899,719.25,436.1,380091.47483896],[1391212800000,803.58,554.25,829,200,605938.35547569],[1388534400000,730.24,803.5,995,726.5,302141.34389555],[1385856000000,1119.8,729.99,1175,381.51,542655.4625532],[1383264000000,203.79,1119.52,1171.25,200.5,481751.60165456],[1380585600000,125.95,202.52,215,83.26,324327.86218018],[1377993600000,128.21,125.95,132.05,115,108619.73023121],[1375315200000,97.99,127.8,134.94,89.51,131902.78184768],[1372636800000,89.58,98.18,101.39,1,166897.27736797],[1370044800000,127.73,89.55,132.87,86.15,127105.48784731],[1367366400000,139.87,127.9,140.68,80,243951.3412451],[1364774400000,93.25,139.88,290,0.01,398067.27700542],[1362096000000,34.107576,93.033,95.5,1,147573.48154555],[1359676800000,21.0527796,34.05678,35.139,18.972,53673.71101293],[1356998400000,14.5373664,20.9406,21.726,14.4737898,18637.49519117]]]
08:28:36.376 [48] DEBUG c.g.j.b.v.SimpleBitfinexApiBroker - Sent: com.github.jnidzwetzki.bitfinex.v2.command.UnsubscribeChannelCommand@ad206ba
08:28:36.376 [48] DEBUG c.g.j.b.v.SimpleBitfinexApiBroker - close() called
08:28:36.377 [52] DEBUG c.g.j.b.v.HeartbeatThread - Heartbeat thread was interrupted, exiting
08:28:36.377 [48] DEBUG c.g.j.b.v.SimpleBitfinexApiBroker - Closing websocket: CloseReason[1000,Socket closed]
08:28:36.386 [1] DEBUG c.g.j.b.v.SequenceNumberAuditor - Resetting sequence auditor
08:28:36.386 [1] DEBUG c.g.j.b.v.SimpleBitfinexApiBroker - connect() called
08:28:36.386 [1] DEBUG c.g.j.b.v.SequenceNumberAuditor - Resetting sequence auditor
08:28:36.574 [24] DEBUG c.g.j.b.v.SimpleBitfinexApiBroker - Websocket is now open
08:28:36.575 [1] DEBUG c.g.j.b.v.SimpleBitfinexApiBroker - Sent: com.github.jnidzwetzki.bitfinex.v2.command.SetConnectionFeaturesCommand@7e93e396
08:28:36.580 [24] DEBUG c.g.j.b.v.SimpleBitfinexApiBroker - Recv: {"event":"info","version":2,"serverId":"4a0bf4ec-b20b-4672-a950-bf872a177e83","platform":{"status":1}}
08:28:36.582 [1] DEBUG c.g.j.b.v.SimpleBitfinexApiBroker - Sent: com.github.jnidzwetzki.bitfinex.v2.command.SetConnectionFeaturesCommand@1ed763aa
08:28:36.632 [23] DEBUG c.g.j.b.v.SimpleBitfinexApiBroker - Recv: {"event":"conf","status":"OK"}
08:28:36.636 [24] DEBUG c.g.j.b.v.SimpleBitfinexApiBroker - Recv: {"event":"conf","status":"OK","flags":65536}
08:28:37.587 [1] DEBUG c.g.j.b.v.SimpleBitfinexApiBroker - Sent: com.github.jnidzwetzki.bitfinex.v2.command.SubscribeTickerCommand@2acfd27b
08:28:37.589 [1] DEBUG c.g.j.b.v.SimpleBitfinexApiBroker - Sent: com.github.jnidzwetzki.bitfinex.v2.command.SubscribeTickerCommand@36b6802f
08:28:37.592 [1] DEBUG c.g.j.b.v.SimpleBitfinexApiBroker - Sent: com.github.jnidzwetzki.bitfinex.v2.command.SubscribeTickerCommand@29a51ff1
08:28:37.594 [1] DEBUG c.g.j.b.v.SimpleBitfinexApiBroker - Sent: com.github.jnidzwetzki.bitfinex.v2.command.SubscribeTickerCommand@6f999cf4
08:28:37.596 [1] DEBUG c.g.j.b.v.SimpleBitfinexApiBroker - Sent: com.github.jnidzwetzki.bitfinex.v2.command.SubscribeTickerCommand@79c9a128
08:28:37.645 [23] DEBUG c.g.j.b.v.SimpleBitfinexApiBroker - Recv: {"event":"subscribed","channel":"ticker","chanId":83736,"symbol":"tBTCUSD","pair":"BTCUSD"}
08:28:37.651 [23] DEBUG c.g.j.b.v.SimpleBitfinexApiBroker - subscribed: BitfinexTickerSymbol [currencyPair=BitfinexCurrencyPair [currency1=BTC, currency2=USD, currencyType=CURRENCY, minimumOrderSize=2.0E-4]]
08:28:37.652 [23] DEBUG c.g.j.b.v.SimpleBitfinexApiBroker - Recv: [83736,[47393,13.66463379,47394,8.49468142,-1481,-0.0303,47395,10318.83524976,49659,45730.50181348],1]
08:28:37.656 [23] DEBUG c.g.j.b.v.SimpleBitfinexApiBroker - Recv: {"event":"subscribed","channel":"ticker","chanId":87235,"symbol":"tETHUSD","pair":"ETHUSD"}
08:28:37.656 [23] DEBUG c.g.j.b.v.SimpleBitfinexApiBroker - subscribed: BitfinexTickerSymbol [currencyPair=BitfinexCurrencyPair [currency1=ETH, currency2=USD, currencyType=CURRENCY, minimumOrderSize=0.006]]
08:28:37.657 [23] DEBUG c.g.j.b.v.SimpleBitfinexApiBroker - Recv: [87235,[1760.3,599.35287892,1761,1071.5417578,-80.2,-0.0436,1759.9,142278.57363970001,1848.7,1649],2]
08:28:37.659 [23] DEBUG c.g.j.b.v.SimpleBitfinexApiBroker - Recv: {"event":"subscribed","channel":"ticker","chanId":87239,"symbol":"tEOSUSD","pair":"EOSUSD"}
08:28:37.660 [23] DEBUG c.g.j.b.v.SimpleBitfinexApiBroker - subscribed: BitfinexTickerSymbol [currencyPair=BitfinexCurrencyPair [currency1=EOS, currency2=USD, currencyType=CURRENCY, minimumOrderSize=0.8]]
08:28:37.661 [23] DEBUG c.g.j.b.v.SimpleBitfinexApiBroker - Recv: [87239,[4.74,19717.13468298,4.7401,48955.628099789996,-0.7023,-0.129,4.7407,12731870.05211594,5.483,4.1],3]
08:28:37.662 [23] DEBUG c.g.j.b.v.SimpleBitfinexApiBroker - Recv: {"event":"subscribed","channel":"ticker","chanId":83756,"symbol":"tIOSUSD","pair":"IOSUSD"}
08:28:37.663 [23] DEBUG c.g.j.b.v.SimpleBitfinexApiBroker - subscribed: BitfinexTickerSymbol [currencyPair=BitfinexCurrencyPair [currency1=IOS, currency2=USD, currencyType=CURRENCY, minimumOrderSize=270.0]]
08:28:37.664 [23] DEBUG c.g.j.b.v.SimpleBitfinexApiBroker - Recv: [83756,[0.026005,412208.94640255003,0.029899,201267.28288943003,-0.003942,-0.115,0.030341,280862.85512262,0.034283,0.0253],4]
08:28:37.666 [23] DEBUG c.g.j.b.v.SimpleBitfinexApiBroker - Recv: {"event":"subscribed","channel":"ticker","chanId":87377,"symbol":"tNEOUSD","pair":"NEOUSD"}
08:28:37.666 [23] DEBUG c.g.j.b.v.SimpleBitfinexApiBroker - subscribed: BitfinexTickerSymbol [currencyPair=BitfinexCurrencyPair [currency1=NEO, currency2=USD, currencyType=CURRENCY, minimumOrderSize=0.2]]
08:28:37.667 [1] DEBUG c.g.j.b.v.SimpleBitfinexApiBroker - Sent: com.github.jnidzwetzki.bitfinex.v2.command.SetConnectionFeaturesCommand@729a98e9
08:28:37.668 [23] DEBUG c.g.j.b.v.SimpleBitfinexApiBroker - Recv: [87377,[42.417,10340.73448134,42.471,6317.26240486,0.138,0.0033,42.471,308387.52412882,47.379,36.618],5]
08:28:37.723 [24] DEBUG c.g.j.b.v.SimpleBitfinexApiBroker - Recv: {"event":"conf","status":"OK"}
08:28:39.669 [1] DEBUG c.g.j.b.v.SimpleBitfinexApiBroker - close() called
08:28:39.669 [63] DEBUG c.g.j.b.v.HeartbeatThread - Heartbeat thread was interrupted, exiting
08:28:39.670 [1] DEBUG c.g.j.b.v.SimpleBitfinexApiBroker - Closing websocket: CloseReason[1000,Socket closed]
08:28:39.671 [1] DEBUG c.g.j.b.v.SequenceNumberAuditor - Resetting sequence auditor
08:28:39.672 [1] DEBUG c.g.j.b.v.SimpleBitfinexApiBroker - connect() called
08:28:39.672 [1] DEBUG c.g.j.b.v.SequenceNumberAuditor - Resetting sequence auditor
08:28:39.859 [24] DEBUG c.g.j.b.v.SimpleBitfinexApiBroker - Websocket is now open
08:28:39.860 [1] DEBUG c.g.j.b.v.SimpleBitfinexApiBroker - Sent: com.github.jnidzwetzki.bitfinex.v2.command.SetConnectionFeaturesCommand@21523e1b
08:28:39.861 [24] DEBUG c.g.j.b.v.SimpleBitfinexApiBroker - Recv: {"event":"info","version":2,"serverId":"101a44af-4f06-4be6-87b9-6bdb6270bf5b","platform":{"status":1}}
08:28:39.863 [1] DEBUG c.g.j.b.v.SimpleBitfinexApiBroker - close() called
08:28:39.864 [74] DEBUG c.g.j.b.v.HeartbeatThread - Heartbeat thread was interrupted, exiting
08:28:39.864 [1] DEBUG c.g.j.b.v.SimpleBitfinexApiBroker - Closing websocket: CloseReason[1000,Socket closed]
08:28:39.868 [75] DEBUG c.g.j.b.v.SequenceNumberAuditor - Resetting sequence auditor
08:28:39.869 [75] DEBUG c.g.j.b.v.SimpleBitfinexApiBroker - connect() called
08:28:39.870 [75] DEBUG c.g.j.b.v.SequenceNumberAuditor - Resetting sequence auditor
08:28:40.104 [23] DEBUG c.g.j.b.v.SimpleBitfinexApiBroker - Websocket is now open
08:28:40.104 [75] DEBUG c.g.j.b.v.SimpleBitfinexApiBroker - Sent: com.github.jnidzwetzki.bitfinex.v2.command.SetConnectionFeaturesCommand@43b038e0
08:28:40.105 [23] DEBUG c.g.j.b.v.SimpleBitfinexApiBroker - Recv: {"event":"info","version":2,"serverId":"7ecd1655-6819-440e-bc8a-7eb952a291ea","platform":{"status":1}}
08:28:40.106 [75] DEBUG c.g.j.b.v.SimpleBitfinexApiBroker - Sent: com.github.jnidzwetzki.bitfinex.v2.command.SubscribeOrderbookCommand@40ad0c4f
08:28:40.160 [28] DEBUG c.g.j.b.v.SimpleBitfinexApiBroker - Recv: {"event":"conf","status":"OK"}
08:28:41.323 [23] DEBUG c.g.j.b.v.SimpleBitfinexApiBroker - Recv: {"event":"subscribed","channel":"book","chanId":583721,"symbol":"tBTCUSD","prec":"R0","freq":"F0","len":"25","pair":"BTCUSD"}
08:28:41.331 [23] DEBUG c.g.j.b.v.SimpleBitfinexApiBroker - subscribed: BitfinexOrderBookSymbol [currencyPair=BitfinexCurrencyPair [currency1=BTC, currency2=USD, currencyType=CURRENCY, minimumOrderSize=2.0E-4], orderBookPrecision=R0, frequency=null, pricePoints=null]
08:28:41.335 [23] DEBUG c.g.j.b.v.SimpleBitfinexApiBroker - Recv: [583721,[[58728461671,47402,11.92029981],[58729969959,47394,0.02120422],[58730320360,47393,0.00147803],[58730335471,47389,0.005],[58730398483,47385.617825,0.08002],[58730396160,47385,0.40377],[58730381446,47384,0.10315427],[58730384061,47383.4086692,0.19319],[58730396145,47381,0.38],[58730391696,47380.75871532,0.08211],[58730394115,47374,0.421341],[58730396357,47371.2653046,1.12],[58730391022,47371,0.1],[58730358327,47370.05096814,0.5],[58730347054,47369,0.07400347],[58730370236,47368.83663168,1.12],[58730396994,47368.23810846,0.158005],[58730326588,47368,0.7421],[58730378888,47368,0.421407],[58730392778,47367.548046,0.08427911],[58730396118,47365,0.13710785],[58730379719,47364,0.2],[58730394825,47364,0.46907],[58730384050,47362.6733943,0.09646],[58730348672,47360,0.19734258],[58730394131,47404,-0.421385],[58730392838,47404.4087505,-0.15802],[58730375955,47405,-1.3857],[58730351302,47406,-0.9202],[58730356671,47406,-0.0002],[58730399304,47408,-0.205],[58730399506,47408,-0.145],[58730386580,47409,-0.526818],[58730319220,47411,-0.0002],[58730339177,47412,-0.0002],[58730396992,47412.55274424,-0.158002],[58730337274,47413,-0.0002],[58730395868,47413,-0.01161884],[58730249773,47413.198014,-0.0002],[58730308065,47414,-0.0002],[58730352120,47414,-0.07649267],[58730339699,47414.149055,-0.0002],[58730392856,47414.149055,-0.10534071],[58730350747,47415,-0.0002],[58730342650,47415.100096,-0.0002],[58730337786,47416,-0.0002],[58730295621,47416.051137,-0.0002],[58730326043,47417,-0.0002],[58730342136,47417.002178,-0.0002],[58730214370,47417.953219,-0.0002]]]
08:28:41.341 [75] DEBUG c.g.j.b.v.SimpleBitfinexApiBroker - Sent: com.github.jnidzwetzki.bitfinex.v2.command.UnsubscribeChannelCommand@2520e089
08:28:41.346 [75] DEBUG c.g.j.b.v.SimpleBitfinexApiBroker - close() called
08:28:41.347 [79] DEBUG c.g.j.b.v.HeartbeatThread - Heartbeat thread was interrupted, exiting
08:28:41.348 [75] DEBUG c.g.j.b.v.SimpleBitfinexApiBroker - Closing websocket: CloseReason[1000,Socket closed]
08:28:41.355 [85] DEBUG c.g.j.b.v.SequenceNumberAuditor - Resetting sequence auditor
08:28:41.355 [85] DEBUG c.g.j.b.v.SimpleBitfinexApiBroker - connect() called
08:28:41.356 [85] DEBUG c.g.j.b.v.SequenceNumberAuditor - Resetting sequence auditor
08:28:41.668 [23] DEBUG c.g.j.b.v.SimpleBitfinexApiBroker - Websocket is now open
08:28:41.669 [85] DEBUG c.g.j.b.v.SimpleBitfinexApiBroker - Sent: com.github.jnidzwetzki.bitfinex.v2.command.SetConnectionFeaturesCommand@3dbb93f2
08:28:41.672 [23] DEBUG c.g.j.b.v.SimpleBitfinexApiBroker - Recv: {"event":"info","version":2,"serverId":"101a44af-4f06-4be6-87b9-6bdb6270bf5b","platform":{"status":1}}
08:28:41.674 [85] DEBUG c.g.j.b.v.SimpleBitfinexApiBroker - Sent: com.github.jnidzwetzki.bitfinex.v2.command.SubscribeTradesCommand@47fae049
08:28:41.730 [28] DEBUG c.g.j.b.v.SimpleBitfinexApiBroker - Recv: {"event":"conf","status":"OK"}
08:28:41.738 [23] DEBUG c.g.j.b.v.SimpleBitfinexApiBroker - Recv: {"event":"subscribed","channel":"trades","chanId":411466,"symbol":"tBTCUSD","pair":"BTCUSD"}
08:28:41.740 [23] DEBUG c.g.j.b.v.SimpleBitfinexApiBroker - subscribed: BitfinexExecutedTradeSymbol [currencyPair=BitfinexCurrencyPair [currency1=BTC, currency2=USD, currencyType=CURRENCY, minimumOrderSize=2.0E-4]]
08:28:41.743 [23] DEBUG c.g.j.b.v.SimpleBitfinexApiBroker - Recv: [411466,[[613024729,1613377720092,0.00530533,47403],[613024727,1613377720092,0.00031621,47402.83805256],[613024724,1613377714555,0.00382428,47402],[613024723,1613377714555,0.00254952,47402],[613024722,1613377714555,0.00127476,47402],[613024721,1613377714555,0.42132,47402],[613024719,1613377714555,0.158003,47401.62639342],[613024718,1613377714555,1.9773,47401],[613024717,1613377714555,0.175,47398],[613024716,1613377714555,0.316007,47395],[613024715,1613377714555,0.02442163,47395],[613024714,1613377708223,0.02557837,47395],[613024713,1613377708223,0.013412,47394],[613024712,1613377708223,0.00046632,47394],[613024710,1613377708223,0.00036131,47393.12336088],[613024709,1613377693113,-0.00099839,47394],[613024708,1613377692886,-0.00157738,47394],[613024707,1613377692743,-0.00060623,47394],[613024706,1613377690019,0.00152712,47395],[613024705,1613377684626,-0.00101403,47396],[613024704,1613377684601,-0.00169005,47396],[613024703,1613377682800,-0.00278323,47393],[613024702,1613377682748,-0.00357259,47393],[613024701,1613377682141,-0.00158491,47393],[613024700,1613377681702,-0.00169667,47393],[613024699,1613377681640,-0.00691457,47393],[613024698,1613377679225,0.19441573,47394],[613024697,1613377679225,0.04313152,47394],[613024695,1613377679225,0.06245275,47393.226153],[613024693,1613377678974,0.00458725,47393.226153]]]
08:28:41.745 [85] DEBUG c.g.j.b.v.SimpleBitfinexApiBroker - Sent: com.github.jnidzwetzki.bitfinex.v2.command.UnsubscribeChannelCommand@7dea4846
08:28:41.747 [85] DEBUG c.g.j.b.v.SimpleBitfinexApiBroker - close() called
08:28:41.748 [89] DEBUG c.g.j.b.v.HeartbeatThread - Heartbeat thread was interrupted, exiting
08:28:41.748 [85] DEBUG c.g.j.b.v.SimpleBitfinexApiBroker - Closing websocket: CloseReason[1000,Socket closed]
08:28:41.753 [95] DEBUG c.g.j.b.v.SequenceNumberAuditor - Resetting sequence auditor
08:28:41.755 [95] DEBUG c.g.j.b.v.SimpleBitfinexApiBroker - connect() called
08:28:41.755 [95] DEBUG c.g.j.b.v.SequenceNumberAuditor - Resetting sequence auditor
08:28:41.986 [24] DEBUG c.g.j.b.v.SimpleBitfinexApiBroker - Websocket is now open
08:28:41.987 [95] DEBUG c.g.j.b.v.SimpleBitfinexApiBroker - Sent: com.github.jnidzwetzki.bitfinex.v2.command.SetConnectionFeaturesCommand@56f4249f
08:28:41.990 [24] DEBUG c.g.j.b.v.SimpleBitfinexApiBroker - Recv: {"event":"info","version":2,"serverId":"1fd51944-05f8-4fb8-bbd2-ca302dcbc99b","platform":{"status":1}}
08:28:41.992 [95] DEBUG c.g.j.b.v.SimpleBitfinexApiBroker - Sent: com.github.jnidzwetzki.bitfinex.v2.command.SubscribeCandlesCommand@174b6967
08:28:42.000 [95] DEBUG c.g.j.b.v.SimpleBitfinexApiBroker - Sent: com.github.jnidzwetzki.bitfinex.v2.command.SubscribeCandlesCommand@391f7ca1
08:28:42.043 [23] DEBUG c.g.j.b.v.SimpleBitfinexApiBroker - Recv: {"event":"conf","status":"OK"}
08:28:42.061 [24] DEBUG c.g.j.b.v.SimpleBitfinexApiBroker - Recv: {"channel":"candles","key":"trade:1m:tBTCUSD","event":"error","msg":"subscribe: dup","code":10301,"chanId":533337}
08:28:42.062 [24] ERROR c.g.j.b.v.c.c.ErrorCallback - Got error callback: {"msg":"subscribe: dup","code":10301,"channel":"candles","chanId":533337,"event":"error","key":"trade:1m:tBTCUSD"}
08:28:42.063 [24] DEBUG c.g.j.b.v.SimpleBitfinexApiBroker - Recv: {"event":"subscribed","channel":"candles","chanId":533337,"key":"trade:1m:tBTCUSD"}
08:28:42.064 [24] DEBUG c.g.j.b.v.SimpleBitfinexApiBroker - subscribed: BitfinexCandlestickSymbol [currencyPair=BitfinexCurrencyPair [currency1=BTC, currency2=USD, currencyType=CURRENCY, minimumOrderSize=2.0E-4], timeframe=MINUTES_1]
08:28:42.113 [23] DEBUG c.g.j.b.v.SimpleBitfinexApiBroker - Recv: [533337,[[1613377680000,47393,47403,47403,47393,3.1491049],[1613377620000,47389.10578656,47394,47394,47360,1.7855632799999999],[1613377560000,47430,47390,47430,47355,12.76534881],[1613377500000,47458,47435,47459,47393,3.14168512],[1613377440000,47471.18532042,47484,47484,47457,0.73553924],[1613377380000,47448,47474,47495,47439,1.39187263],[1613377320000,47470,47439,47475,47439,0.16102571],[1613377260000,47440,47440,47475,47439,0.7528832],[1613377200000,47399.9838903,47428,47442,47399.9838903,5.27103004],[1613377140000,47400,47394,47400,47386,3.37443918],[1613377080000,47449,47399,47450,47399,3.05148468],[1613377020000,47449.77641975,47433,47478,47426,4.18338395],[1613376960000,47368,47449.77641975,47449.77641975,47368,12.28479644],[1613376900000,47288,47367,47367,47288,4.60649838],[1613376840000,47262,47286,47287,47262,0.45442600000000005],[1613376780000,47252,47243.31983901,47262,47242.1054677,0.08922701],[1613376720000,47228.33952933,47252,47288,47228.33952933,0.34765745000000003],[1613376660000,47258,47228,47260,47227,0.8436],[1613376600000,47171,47260,47260,47171,4.48700767],[1613376540000,47100,47177,47185,47100,3.28311981],[1613376480000,47189,47100,47189,47100,6.98597959],[1613376420000,47238.15092982,47183,47238.15092982,47151,5.29636522],[1613376360000,47251,47248,47287,47238.15092982,1.64297396],[1613376300000,47266,47251,47296,47250,1.14198837],[1613376240000,47250,47266,47322,47250,0.53586629],[1613376180000,47321.76969,47268,47322,47250,8.96997868],[1613376120000,47389.90895242,47320.55631129,47425,47248,15.9947749],[1613376060000,47416,47349,47495,47346,10.66067271],[1613376000000,47239,47415,47429,47239,24.86214761],[1613375940000,47255,47240,47256,47229,1.62475789],[1613375880000,47254,47256,47290,47254,1.29324189],[1613375820000,47266,47254,47266,47253,0.31679496],[1613375760000,47256,47266,47267,47256,0.48703488],[1613375700000,47280,47255.23372024,47280,47255.23372024,1.9743161900000001],[1613375640000,47232,47280,47281,47232,1.0431183800000001],[1613375580000,47252,47232,47252,47221,0.62258884],[1613375520000,47214,47251,47252,47214,4.14840239],[1613375460000,47211,47231,47232,47211,1.93463388],[1613375400000,47204,47178,47230,47175.544017,3.14457491],[1613375340000,47211,47204,47211,47200,0.59525141],[1613375280000,47205.965745,47211,47216,47200,0.60017639],[1613375220000,47230,47229,47260,47201,1.67543467],[1613375160000,47293,47207,47295,47206,6.81122974],[1613375100000,47288,47294,47311,47288,1.1900110000000002],[1613375040000,47255,47283.60845484,47289,47255,0.36696111],[1613374980000,47283.95990241,47257,47283.95990241,47244,1.5642134],[1613374920000,47272,47269,47290,47269,1.063781],[1613374860000,47319,47272,47324,47272,2.21455524],[1613374800000,47319,47317,47329,47311,0.54831753],[1613374740000,47250,47318,47319,47249,1.45341719],[1613374680000,47226,47249,47250,47218,1.37056987],[1613374620000,47235,47221,47236,47206,1.67582705],[1613374560000,47239,47236,47239,47235,1.0929818],[1613374500000,47236.133175,47236,47261,47218,4.31359367],[1613374440000,47191,47236,47236,47191,3.81183409],[1613374380000,47194,47196,47207,47178.9122832,0.24420122],[1613374320000,47214,47195,47218,47194,0.71312184],[1613374260000,47174,47245,47249.743956,47174,1.75481619],[1613374200000,47250,47173,47256,47173,34.76373969],[1613374140000,47261,47250,47261,47250,48.95765695],[1613374080000,47283.58637616,47266,47337,47261,2.43656981],[1613374020000,47186.946012,47288,47300,47186.946012,11.44833708],[1613373960000,47160,47186,47186,47160,26.24581061],[1613373900000,47140,47160,47164,47140,15.22053931],[1613373840000,47121,47141,47141,47104,8.1496072],[1613373780000,47070,47122,47162,47069,41.06608955],[1613373720000,47116,47070,47116,47069,15.36472786],[1613373660000,47124,47117,47125,47116,4.2662353],[1613373600000,47120,47124,47125,47119,12.76672819],[1613373540000,47140,47119,47140,47119,5.59992089],[1613373480000,47136,47140,47140,47136,0.56940168],[1613373420000,47131,47137,47145,47130,3.16792662],[1613373360000,47161,47132,47180,47132,10.9358702],[1613373300000,47180,47159,47180,47158,4.41346211],[1613373240000,47190,47179.11985852,47190,47179,6.8418821],[1613373180000,47189,47190,47190,47189,4.97193176],[1613373120000,47200,47181,47200,47181,11.42306897],[1613373060000,47220,47200,47220,47198,6.57968669],[1613373000000,47278.03062768,47220,47281,47211,26.97110408],[1613372940000,47205,47278,47296,47205,15.84423109],[1613372880000,47183,47195,47220.92459315,47183,0.57940041],[1613372820000,47162,47183,47183,47162,0.28922254000000003],[1613372760000,47179,47156,47179,47148,5.90255452],[1613372700000,47140,47179,47205.80589744,47140,2.8399343],[1613372640000,46959.412215,47139,47235,46959.412215,59.98355019],[1613372580000,46940,46959,46959,46940,1.94853669],[1613372520000,46933,46940,46940,46933,0.74968719],[1613372460000,46877,46932.64358414,46933,46877,3.65315326],[1613372400000,46846,46876.93170696,46876.93170696,46775,7.09331461],[1613372340000,46907.15913683,46847,46907.15913683,46847,2.34079303],[1613372280000,46937,46907.15913683,46938,46907.15913683,0.33182715],[1613372220000,46953,46937,46973,46937,5.94092582],[1613372160000,46928,46953,46963,46928,4.46650426],[1613372100000,46928,46928,46928,46927,0.05465562],[1613372040000,46935,46937,46963,46935,1.7317753],[1613371980000,46944,46935,46945,46935,0.83585203],[1613371920000,46927,46927,46927,46926,0.40753922000000004],[1613371860000,46966,46945,46966,46945,1.11539433],[1613371800000,46940,46966,46968,46940,0.69141395],[1613371740000,46911,46939,46986,46895,41.55336082],[1613371680000,46895,46911,46914,46895,1.03338155],[1613371620000,46902,46895,46919,46894,1.17612411],[1613371560000,46913,46902,46951,46902,5.16596039],[1613371500000,46851.198918,46912,46912,46851.198918,4.91418888],[1613371440000,46865,46852,46866,46851.198918,0.91226843],[1613371380000,46893,46865,46894,46865,0.50385126],[1613371320000,46866,46893,46894,46866,0.47208154999999996],[1613371260000,46884,46867,46902,46850,4.35561077],[1613371200000,46932,46883,46936,46883,5.94763359],[1613371140000,46989,46901,47019,46901,16.2200357],[1613371080000,46997,46989,47023,46981,1.49836178],[1613371020000,47008,46998,47053,46998,3.26537517],[1613370960000,46995,47007,47044,46990,2.58810302],[1613370900000,47048,46996,47048,46996,1.47769738],[1613370840000,47065,47047,47081,47047,3.44876702],[1613370780000,46969,47064,47065,46969,2.7153465],[1613370720000,46969,46970,46970,46969,0.209901],[1613370660000,46942,46973,46973,46941,2.30612922],[1613370600000,46976,46941,46977,46941,0.7778171899999999],[1613370540000,46977,46977,46989,46976,2.12180246],[1613370480000,46936,46977,46977,46904,3.74357777],[1613370420000,46989,46937,46989,46903,11.64788851],[1613370360000,46938,46989,46989,46936,1.56667541],[1613370300000,46975,46939,47002,46939,3.21663003],[1613370240000,46952,46966,47002,46952,3.38901215],[1613370180000,46938,46952,46999,46908,5.1911983600000005],[1613370120000,46893,46939,46939,46892,2.36463244],[1613370060000,46930,46892,46931,46891,8.64092533],[1613370000000,46913,46930,46943,46906,2.19114004],[1613369940000,46961,46916,46961,46914,2.68595543],[1613369880000,47046,46965,47047,46961,7.45846731],[1613369820000,46966,47046,47047,46952,3.4461085700000003],[1613369760000,46945,46966,46968,46945,1.20105087],[1613369700000,46946,46944,46947,46920,0.78751016],[1613369640000,46901,46946,46994,46901,5.53728404],[1613369580000,46877,46901,46916,46877,1.40709348],[1613369520000,46875,46868,46889,46868,1.27733815],[1613369460000,46889,46884,46906,46872,1.7627358],[1613369400000,46887,46888,46912,46887,0.91072173],[1613369340000,46878,46905,46912,46868,4.57153354],[1613369280000,46873,46878,46912,46873,2.50948115],[1613369220000,46848,46872,46876.889631,46847,1.31829388],[1613369160000,46831,46848,46848,46820,0.99582598],[1613369100000,46855,46804,46855,46800,0.8931012899999999],[1613369040000,46776,46855,46881,46776,4.19062479],[1613368980000,46818,46775,46818,46775,0.96044442],[1613368920000,46753,46817,46833,46752,3.44342739],[1613368860000,46717,46753,46753,46716,3.41128243],[1613368800000,46712,46717,46722,46673,2.74947323],[1613368740000,46723,46745,46748,46722,1.47044822],[1613368680000,46717,46733,46754,46706,2.50236728],[1613368620000,46745,46727,46805,46700,10.09812922],[1613368560000,46740,46741,46745,46740,1.11903435],[1613368500000,46627,46755,46768.61055484,46627,4.29607717],[1613368440000,46670,46628,46672,46611,5.22001805],[1613368380000,46690,46670,46697,46653,15.204297930000001],[1613368320000,46618,46737,46738,46618,12.47693662],[1613368260000,46601,46618,46625,46566,12.27303726],[1613368200000,46574,46600,46600,46561,4.7869167599999995],[1613368140000,46576,46584,46585.821835,46545,0.8492999999999999],[1613368080000,46525,46594,46594,46524,2.89090471],[1613368020000,46524,46525,46552,46524,2.72297373],[1613367960000,46542,46542,46560,46542,6.62643815],[1613367900000,46598,46542,46598,46511,6.0793253499999995],[1613367840000,46632,46591,46664,46591,0.849544],[1613367780000,46608,46669,46675,46580,4.20456768],[1613367720000,46562,46609,46685,46562,7.87381224],[1613367660000,46561,46578,46578,46533.95511576,4.61663896],[1613367600000,46553,46586,46608,46492,8.74757463],[1613367540000,46563.08511192,46558,46563.08511192,46458,2.92113821],[1613367480000,46583,46588,46678,46557.01636272,8.5739949],[1613367420000,46518,46583,46591,46512,6.72626684],[1613367360000,46509,46543,46560,46509,10.332345029999999],[1613367300000,46487,46517,46565,46487,4.07446704],[1613367240000,46401,46490,46495,46401,5.0586921799999995],[1613367180000,46447.77887712,46401,46479,46400,7.01730687],[1613367120000,46501,46448,46501,46448,9.7654243],[1613367060000,46528,46502,46577,46500,7.6423685699999995],[1613367000000,46554,46609,46639,46526.47413248,13.82145836],[1613366940000,46550,46555,46593,46550,3.39142047],[1613366880000,46665,46551,46696,46550,3.00359165],[1613366820000,46655,46665,46665,46648,1.6548918],[1613366760000,46755,46655.03593818,46755,46655.03593818,3.6111061700000002],[1613366700000,46818,46745,46819,46745,1.8706885500000001],[1613366640000,46725,46819,46858,46725,6.66645981],[1613366580000,46624,46725,46725,46624,7.3305843],[1613366520000,46785,46648,46811,46559,31.4565247],[1613366460000,46825,46784,46838,46784,2.42004392],[1613366400000,46825,46825,46825,46824,0.21548636],[1613366340000,46811,46829,46837.16845056,46811,1.06430317],[1613366280000,46786,46816,46816,46785,0.95194165],[1613366220000,46794,46787,46795,46785,0.5881],[1613366160000,46812.89545696,46795,46813,46795,5.43771597],[1613366100000,46835,46809,46835,46799.31347,0.8898323300000001],[1613366040000,46836,46852,46864,46836,5.50045555],[1613365980000,46888,46836,46888,46836,0.4691642],[1613365920000,46885,46889,46889,46854,1.47383848],[1613365860000,46798,46885,46891,46798,3.35794208],[1613365800000,46779,46802.154052,46812,46778,1.45132691],[1613365740000,46779,46779,46802,46778,1.85340005],[1613365680000,46804,46778,46804,46778,2.23789464],[1613365620000,46798,46805,46805,46798,1.5047454],[1613365560000,46776,46798,46829,46774,5.64924434],[1613365500000,46944,46777,46968,46777,10.75273511],[1613365440000,46817,46944,46952,46817,25.05641913],[1613365380000,46818,46818,46831,46817,1.4241715799999999],[1613365320000,46794,46818,46818,46794,3.11322566],[1613365260000,46812,46797,46828,46797,3.02399801],[1613365200000,46821,46823,46823,46774,25.94178306],[1613365140000,46809,46821,46834,46809,7.91604075],[1613365080000,46864,46809,46864,46759,30.98629443],[1613365020000,46859,46864,46876,46851,3.33935141],[1613364960000,46840,46859,46869,46837,5.90006966],[1613364900000,46793,46839,46872.0615881,46793,11.28963603],[1613364840000,46749,46807,46870.84838604,46749,9.86548954],[1613364780000,46745,46749,46788,46744,4.00088504],[1613364720000,46758,46744,46809,46744,8.4170135],[1613364660000,46792,46757,46792.1592684,46741,8.72085016],[1613364600000,46800,46792,46807,46758,6.62705623],[1613364540000,46708,46810,46850,46707,19.61829705],[1613364480000,46743,46708,46747,46677,8.92262192],[1613364420000,46671,46744,46750,46649,8.0110921],[1613364360000,46632.3404886,46675,46718,46610,19.69719185],[1613364300000,46462,46632,46632,46462,8.05727777],[1613364240000,46510,46455,46510,46423,13.93187783],[1613364180000,46400,46494,46545.37531846,46250,86.07098739999999],[1613364120000,46312,46387,46412,46194.0531,72.32871335],[1613364060000,46384,46312,46386,46261,27.75889653],[1613364000000,46466,46386,46466,46360.6468,26.28914363],[1613363940000,46461,46455,46496,46451,6.60056601],[1613363880000,46495,46461,46498.14052312,46451,6.2111437],[1613363820000,46544,46494.50065198,46623,46494.50065198,6.61251953],[1613363760000,46518,46544,46549,46502,3.67536151],[1613363700000,46491,46531,46548,46450,5.24055089],[1613363640000,46496,46501.78039426,46515,46450,5.65660298],[1613363580000,46485,46496,46538,46456.0419561,5.8442973],[1613363520000,46531,46485,46562,46468,4.5427031],[1613363460000,46619,46531,46620,46526.35793893,3.16438548],[1613363400000,46625.391846,46619,46678,46592,5.48762335],[1613363340000,46620,46626,46691,46614,2.07017387]]]
08:28:42.136 [95] DEBUG c.g.j.b.v.SimpleBitfinexApiBroker - Sent: com.github.jnidzwetzki.bitfinex.v2.command.UnsubscribeChannelCommand@538a15d
08:28:42.138 [95] DEBUG c.g.j.b.v.SimpleBitfinexApiBroker - close() called
08:28:42.139 [95] DEBUG c.g.j.b.v.SimpleBitfinexApiBroker - Closing websocket: CloseReason[1000,Socket closed]
08:28:42.140 [99] DEBUG c.g.j.b.v.HeartbeatThread - Heartbeat thread was interrupted, exiting
08:28:42.143 [107] DEBUG c.g.j.b.v.SequenceNumberAuditor - Resetting sequence auditor
08:28:42.144 [107] DEBUG c.g.j.b.v.SimpleBitfinexApiBroker - connect() called
08:28:42.144 [107] DEBUG c.g.j.b.v.SequenceNumberAuditor - Resetting sequence auditor
08:28:42.337 [23] DEBUG c.g.j.b.v.SimpleBitfinexApiBroker - Websocket is now open
08:28:42.337 [107] DEBUG c.g.j.b.v.SimpleBitfinexApiBroker - Sent: com.github.jnidzwetzki.bitfinex.v2.command.SetConnectionFeaturesCommand@4786d983
08:28:42.347 [107] DEBUG c.g.j.b.v.SimpleBitfinexApiBroker - Sent: com.github.jnidzwetzki.bitfinex.v2.command.AuthCommand@255e503d
08:28:42.347 [23] DEBUG c.g.j.b.v.SimpleBitfinexApiBroker - Recv: {"event":"info","version":2,"serverId":"a84ba012-74c0-42a6-855c-34df81fc5b0f","platform":{"status":1}}
08:28:42.348 [107] DEBUG c.g.j.b.v.SimpleBitfinexApiBroker - Waiting for connection ready events
08:28:42.397 [24] DEBUG c.g.j.b.v.SimpleBitfinexApiBroker - Recv: {"event":"conf","status":"OK"}
08:28:42.403 [23] DEBUG c.g.j.b.v.SimpleBitfinexApiBroker - Recv: {"event":"auth","status":"FAILED","chanId":0,"code":10100,"msg":"apikey: digest invalid"}
08:28:42.404 [23] ERROR c.g.j.b.v.c.c.AuthCallback - Unable to authenticate: {"msg":"apikey: digest invalid","code":10100,"chanId":0,"event":"auth","status":"FAILED"}
08:28:42.404 [23] INFO  c.g.j.b.v.SimpleBitfinexApiBroker - authentication failed for key key
08:28:42.406 [114] DEBUG c.g.j.b.v.SequenceNumberAuditor - Resetting sequence auditor
08:28:42.407 [114] DEBUG c.g.j.b.v.SimpleBitfinexApiBroker - connect() called
08:28:42.408 [114] DEBUG c.g.j.b.v.SequenceNumberAuditor - Resetting sequence auditor
08:28:42.607 [24] DEBUG c.g.j.b.v.SimpleBitfinexApiBroker - Websocket is now open
08:28:42.608 [114] DEBUG c.g.j.b.v.SimpleBitfinexApiBroker - Sent: com.github.jnidzwetzki.bitfinex.v2.command.SetConnectionFeaturesCommand@43c4dcdf
08:28:42.613 [24] DEBUG c.g.j.b.v.SimpleBitfinexApiBroker - Recv: {"event":"info","version":2,"serverId":"4bb61237-1e6c-4af7-a4b6-9109ad24f57c","platform":{"status":1}}
08:28:42.614 [114] DEBUG c.g.j.b.v.SimpleBitfinexApiBroker - Sent: com.github.jnidzwetzki.bitfinex.v2.command.SubscribeTickerCommand@3d87d796
08:28:42.672 [23] DEBUG c.g.j.b.v.SimpleBitfinexApiBroker - Recv: {"event":"conf","status":"OK"}
08:28:42.675 [24] DEBUG c.g.j.b.v.SimpleBitfinexApiBroker - Recv: {"event":"subscribed","channel":"ticker","chanId":465145,"symbol":"tBTCUSD","pair":"BTCUSD"}
08:28:42.676 [24] DEBUG c.g.j.b.v.SimpleBitfinexApiBroker - subscribed: BitfinexTickerSymbol [currencyPair=BitfinexCurrencyPair [currency1=BTC, currency2=USD, currencyType=CURRENCY, minimumOrderSize=2.0E-4]]
08:28:42.676 [24] DEBUG c.g.j.b.v.SimpleBitfinexApiBroker - Recv: [465145,[47393,13.66463379,47394,8.49468142,-1481,-0.0303,47395,10318.83524976,49659,45730.50181348]]
08:28:43.114 [23] DEBUG c.g.j.b.v.SimpleBitfinexApiBroker - Recv: [465145,[47402,22.170906060000004,47404,10.463271369999998,-1474,-0.0302,47402,10321.92057149,49659,45730.50181348]]
08:28:43.115 [114] DEBUG c.g.j.b.v.SimpleBitfinexApiBroker - Sent: com.github.jnidzwetzki.bitfinex.v2.command.UnsubscribeChannelCommand@2b55d416
08:28:43.202 [24] DEBUG c.g.j.b.v.SimpleBitfinexApiBroker - Recv: {"event":"unsubscribed","status":"OK","chanId":465145}
08:28:43.203 [24] DEBUG c.g.j.b.v.SimpleBitfinexApiBroker - unsubscribed: BitfinexTickerSymbol [currencyPair=BitfinexCurrencyPair [currency1=BTC, currency2=USD, currencyType=CURRENCY, minimumOrderSize=2.0E-4]]
08:28:43.203 [114] DEBUG c.g.j.b.v.SimpleBitfinexApiBroker - close() called
08:28:43.204 [118] DEBUG c.g.j.b.v.HeartbeatThread - Heartbeat thread was interrupted, exiting
08:28:43.205 [114] DEBUG c.g.j.b.v.SimpleBitfinexApiBroker - Closing websocket: CloseReason[1000,Socket closed]
08:28:43.209 [126] DEBUG c.g.j.b.v.SequenceNumberAuditor - Resetting sequence auditor
08:28:43.210 [126] DEBUG c.g.j.b.v.SimpleBitfinexApiBroker - connect() called
08:28:43.211 [126] DEBUG c.g.j.b.v.SequenceNumberAuditor - Resetting sequence auditor
08:28:43.432 [23] DEBUG c.g.j.b.v.SimpleBitfinexApiBroker - Websocket is now open
08:28:43.433 [126] DEBUG c.g.j.b.v.SimpleBitfinexApiBroker - Sent: com.github.jnidzwetzki.bitfinex.v2.command.SetConnectionFeaturesCommand@3e0a7533
08:28:43.434 [23] DEBUG c.g.j.b.v.SimpleBitfinexApiBroker - Recv: {"event":"info","version":2,"serverId":"04faf471-424a-4ce0-a8b0-e7090a244c8a","platform":{"status":1}}
08:28:43.438 [126] DEBUG c.g.j.b.v.SimpleBitfinexApiBroker - Sent: com.github.jnidzwetzki.bitfinex.v2.command.SubscribeTickerCommand@963fdd2
08:28:43.496 [24] DEBUG c.g.j.b.v.SimpleBitfinexApiBroker - Recv: {"event":"conf","status":"OK"}
08:28:43.497 [24] DEBUG c.g.j.b.v.SimpleBitfinexApiBroker - Recv: {"event":"subscribed","channel":"ticker","chanId":387456,"symbol":"tBTCUSD","pair":"BTCUSD"}
08:28:43.498 [24] DEBUG c.g.j.b.v.SimpleBitfinexApiBroker - subscribed: BitfinexTickerSymbol [currencyPair=BitfinexCurrencyPair [currency1=BTC, currency2=USD, currencyType=CURRENCY, minimumOrderSize=2.0E-4]]
08:28:43.499 [24] DEBUG c.g.j.b.v.SimpleBitfinexApiBroker - Recv: [387456,[47402,22.170906060000004,47404,10.463271369999998,-1474,-0.0302,47402,10321.92057149,49659,45730.50181348]]
08:28:49.439 [130] DEBUG c.g.j.b.v.HeartbeatThread - Send heartbeat
08:28:49.441 [130] DEBUG c.g.j.b.v.SimpleBitfinexApiBroker - Sent: com.github.jnidzwetzki.bitfinex.v2.command.PingCommand@193d3290
08:28:49.500 [23] DEBUG c.g.j.b.v.SimpleBitfinexApiBroker - Recv: {"event":"pong","ts":1613377729472}
08:28:53.102 [24] DEBUG c.g.j.b.v.SimpleBitfinexApiBroker - Recv: [387456,[47402,15.812339650000002,47403,8.91928986,-1474,-0.0302,47402,10328.94373785,49659,45730.50181348]]
08:28:53.103 [126] DEBUG c.g.j.b.v.SimpleBitfinexApiBroker - reconnect() called
08:28:53.104 [126] DEBUG c.g.j.b.v.SimpleBitfinexApiBroker - Closing websocket: CloseReason[1000,Socket closed]
08:28:53.105 [126] DEBUG c.g.j.b.v.SequenceNumberAuditor - Resetting sequence auditor
08:28:53.365 [28] DEBUG c.g.j.b.v.SimpleBitfinexApiBroker - Websocket is now open
08:28:53.367 [126] DEBUG c.g.j.b.v.SimpleBitfinexApiBroker - Sent: com.github.jnidzwetzki.bitfinex.v2.command.SetConnectionFeaturesCommand@3ea0d227
08:28:53.372 [28] DEBUG c.g.j.b.v.SimpleBitfinexApiBroker - Recv: {"event":"info","version":2,"serverId":"a79b7feb-f294-40bb-b080-7ac0e5ff1e44","platform":{"status":1}}
08:28:53.373 [126] DEBUG c.g.j.b.v.SimpleBitfinexApiBroker - Sent: com.github.jnidzwetzki.bitfinex.v2.command.SubscribeTickerCommand@1dbfdb8b
08:28:53.381 [126] INFO  c.g.j.b.v.SimpleBitfinexApiBroker - Waiting for streams to resubscribe (max wait time 180000 msec)
08:28:53.441 [23] DEBUG c.g.j.b.v.SimpleBitfinexApiBroker - Recv: {"event":"conf","status":"OK"}
08:28:53.443 [23] DEBUG c.g.j.b.v.SimpleBitfinexApiBroker - Recv: {"event":"subscribed","channel":"ticker","chanId":426302,"symbol":"tBTCUSD","pair":"BTCUSD"}
08:28:53.443 [23] DEBUG c.g.j.b.v.SimpleBitfinexApiBroker - subscribed: BitfinexTickerSymbol [currencyPair=BitfinexCurrencyPair [currency1=BTC, currency2=USD, currencyType=CURRENCY, minimumOrderSize=2.0E-4]]
08:28:53.448 [23] DEBUG c.g.j.b.v.SimpleBitfinexApiBroker - Recv: [426302,[47402,15.812339650000002,47403,8.91928986,-1474,-0.0302,47402,10328.94373785,49659,45730.50181348]]
08:29:01.444 [130] DEBUG c.g.j.b.v.HeartbeatThread - Send heartbeat
08:29:01.444 [130] DEBUG c.g.j.b.v.SimpleBitfinexApiBroker - Sent: com.github.jnidzwetzki.bitfinex.v2.command.PingCommand@616610f5
08:29:01.503 [28] DEBUG c.g.j.b.v.SimpleBitfinexApiBroker - Recv: {"event":"pong","ts":1613377741479}
08:29:03.132 [23] DEBUG c.g.j.b.v.SimpleBitfinexApiBroker - Recv: [426302,[47402,13.780907970000001,47403,15.839101240000005,-1473,-0.0301,47403,10328.94873785,49659,45730.50181348]]
08:29:10.447 [130] DEBUG c.g.j.b.v.HeartbeatThread - Send heartbeat
08:29:10.448 [130] DEBUG c.g.j.b.v.SimpleBitfinexApiBroker - Sent: com.github.jnidzwetzki.bitfinex.v2.command.PingCommand@6b96d160
08:29:10.509 [28] DEBUG c.g.j.b.v.SimpleBitfinexApiBroker - Recv: {"event":"pong","ts":1613377750483}
08:29:16.450 [130] DEBUG c.g.j.b.v.HeartbeatThread - Send heartbeat
08:29:16.450 [130] DEBUG c.g.j.b.v.SimpleBitfinexApiBroker - Sent: com.github.jnidzwetzki.bitfinex.v2.command.PingCommand@2b526204
08:29:16.515 [23] DEBUG c.g.j.b.v.SimpleBitfinexApiBroker - Recv: {"event":"pong","ts":1613377756488}
08:29:19.415 [28] DEBUG c.g.j.b.v.SimpleBitfinexApiBroker - Recv: [426302,"hb"]
08:29:23.164 [28] DEBUG c.g.j.b.v.SimpleBitfinexApiBroker - Recv: [426302,[47402,16.46186602,47403,8.20092884,-1471,-0.0301,47405,10329.03673785,49659,45730.50181348]]
08:29:23.165 [126] DEBUG c.g.j.b.v.SimpleBitfinexApiBroker - Sent: com.github.jnidzwetzki.bitfinex.v2.command.UnsubscribeChannelCommand@31d6c005
08:29:23.224 [23] DEBUG c.g.j.b.v.SimpleBitfinexApiBroker - Recv: {"event":"unsubscribed","status":"OK","chanId":426302}
08:29:23.224 [23] DEBUG c.g.j.b.v.SimpleBitfinexApiBroker - unsubscribed: BitfinexTickerSymbol [currencyPair=BitfinexCurrencyPair [currency1=BTC, currency2=USD, currencyType=CURRENCY, minimumOrderSize=2.0E-4]]
08:29:23.225 [126] DEBUG c.g.j.b.v.SimpleBitfinexApiBroker - close() called
08:29:23.225 [130] DEBUG c.g.j.b.v.HeartbeatThread - Heartbeat thread was interrupted, exiting
08:29:23.226 [126] DEBUG c.g.j.b.v.SimpleBitfinexApiBroker - Closing websocket: CloseReason[1000,Socket closed]
Tests run: 11, Failures: 0, Errors: 0, Skipped: 0, Time elapsed: 49.402 sec
Running com.github.jnidzwetzki.bitfinex.v2.test.BitfinexCurrencyPairTest
Tests run: 1, Failures: 0, Errors: 0, Skipped: 0, Time elapsed: 0.13 sec
Running com.github.jnidzwetzki.bitfinex.v2.test.handler.TickHandlerTest
Tests run: 1, Failures: 0, Errors: 0, Skipped: 0, Time elapsed: 0.016 sec
Running com.github.jnidzwetzki.bitfinex.v2.test.handler.BitfinexExecutedTradesHandlerTest
Tests run: 2, Failures: 0, Errors: 0, Skipped: 0, Time elapsed: 0.008 sec
Running com.github.jnidzwetzki.bitfinex.v2.test.handler.BitfinexWalletHandlerTest
Tests run: 2, Failures: 0, Errors: 0, Skipped: 0, Time elapsed: 0.039 sec
Running com.github.jnidzwetzki.bitfinex.v2.test.handler.CandlestickHandlerTest
Tests run: 5, Failures: 0, Errors: 0, Skipped: 0, Time elapsed: 0.002 sec
Running com.github.jnidzwetzki.bitfinex.v2.test.util.EventsInTimeslotTest
Tests run: 11, Failures: 0, Errors: 0, Skipped: 0, Time elapsed: 40.032 sec
Running com.github.jnidzwetzki.bitfinex.v2.test.BitfinexTickTest
Tests run: 4, Failures: 0, Errors: 0, Skipped: 0, Time elapsed: 0.005 sec
Running com.github.jnidzwetzki.bitfinex.v2.test.RawOrderbookTest
Tests run: 2, Failures: 0, Errors: 0, Skipped: 0, Time elapsed: 0.001 sec
Running com.github.jnidzwetzki.bitfinex.v2.test.HeartbeatManagerTest
08:30:06.551 [159] ERROR c.g.j.b.v.HeartbeatThread - We are not connected, reconnecting
08:30:06.552 [159] INFO  c.g.j.b.v.HeartbeatThread - Wait for next reconnect timeslot
08:30:06.553 [159] INFO  c.g.j.b.v.HeartbeatThread - Wait for next reconnect timeslot DONE
08:30:09.554 [159] ERROR c.g.j.b.v.HeartbeatThread - We are not connected, reconnecting
08:30:09.555 [159] INFO  c.g.j.b.v.HeartbeatThread - Wait for next reconnect timeslot
08:30:09.555 [159] INFO  c.g.j.b.v.HeartbeatThread - Wait for next reconnect timeslot DONE
08:30:09.608 [1] DEBUG c.g.j.b.v.c.c.HeartbeatHandler - Got connection heartbeat
08:30:09.611 [1] DEBUG c.g.j.b.v.HeartbeatThread - Symbol BitfinexTickerSymbol [currencyPair=BitfinexCurrencyPair [currency1=BTC, currency2=USD, currencyType=CURRENCY, minimumOrderSize=2.0E-4]] is outdated by 300010ms
Tests run: 5, Failures: 0, Errors: 0, Skipped: 0, Time elapsed: 6.128 sec
Running com.github.jnidzwetzki.bitfinex.v2.test.AccountInfoHandlerTest
08:30:09.615 [1] DEBUG c.g.j.b.v.c.c.HeartbeatHandler - Got connection heartbeat
08:30:09.616 [1] ERROR c.g.j.b.v.c.c.AccountInfoHandler - Got error message: ["ERROR"]
08:30:09.616 [1] DEBUG c.g.j.b.v.c.c.HeartbeatHandler - Got connection heartbeat
08:30:09.618 [1] DEBUG c.g.j.b.v.c.c.HeartbeatHandler - Got connection heartbeat
Tests run: 3, Failures: 0, Errors: 0, Skipped: 0, Time elapsed: 0.009 sec
Running com.github.jnidzwetzki.bitfinex.v2.test.BitfinexSymbolsTest
Tests run: 6, Failures: 0, Errors: 0, Skipped: 0, Time elapsed: 0.011 sec
Running com.github.jnidzwetzki.bitfinex.v2.test.OrderbookTest
Tests run: 2, Failures: 0, Errors: 0, Skipped: 0, Time elapsed: 0.011 sec
Running com.github.jnidzwetzki.bitfinex.v2.test.CommandsCallbackTest
08:30:09.646 [1] INFO  c.g.j.b.v.c.c.AuthCallback - authentication successful
08:30:09.648 [1] ERROR c.g.j.b.v.c.c.AuthCallback - Unable to authenticate: {"chanId":0,"event":"auth","status":"FAILED"}
Tests run: 4, Failures: 0, Errors: 0, Skipped: 0, Time elapsed: 0.001 sec
Running com.github.jnidzwetzki.bitfinex.v2.test.BitfinexCurrencyTest
Tests run: 6, Failures: 0, Errors: 0, Skipped: 0, Time elapsed: 0.002 sec
Running com.github.jnidzwetzki.bitfinex.v2.test.BitfinexPositionTest
08:30:09.656 [1] INFO  c.g.j.b.v.c.c.a.i.PositionHandler - Got position callback ["tETHUSD","ACTIVE",0.14,713.78,-0.00330012,0,null,null,null,null]
08:30:09.659 [1] INFO  c.g.j.b.v.c.c.a.i.PositionHandler - Got position callback ["tETHUSD","ACTIVE",0.14,713.78,-0.00330012,null,null,null,null,null]
08:30:09.661 [1] INFO  c.g.j.b.v.c.c.a.i.PositionHandler - Got position callback [["tETHUSD","ACTIVE",0.14,713.78,-0.00330012,0,null,null,null,null],["tBTCUSD","ACTIVE",0.14,713.78,-0.00330012,0,null,null,null,null]]
Tests run: 3, Failures: 0, Errors: 0, Skipped: 0, Time elapsed: 0.005 sec
Running com.github.jnidzwetzki.bitfinex.v2.test.CommandsTest
Tests run: 3, Failures: 0, Errors: 0, Skipped: 0, Time elapsed: 0.01 sec
Running com.github.jnidzwetzki.bitfinex.v2.test.SequenceNumberAuditorTest
08:30:09.671 [1] DEBUG c.g.j.b.v.SequenceNumberAuditor - Resetting sequence auditor
08:30:09.672 [1] DEBUG c.g.j.b.v.SequenceNumberAuditor - Resetting sequence auditor
08:30:09.672 [1] DEBUG c.g.j.b.v.SequenceNumberAuditor - Resetting sequence auditor
08:30:09.673 [1] ERROR c.g.j.b.v.SequenceNumberAuditor - Got 3 as next private sequence number, expected 1
08:30:09.673 [1] DEBUG c.g.j.b.v.SequenceNumberAuditor - Resetting sequence auditor
08:30:09.673 [1] DEBUG c.g.j.b.v.SequenceNumberAuditor - Resetting sequence auditor
08:30:09.674 [1] DEBUG c.g.j.b.v.SequenceNumberAuditor - Resetting sequence auditor
08:30:09.674 [1] ERROR c.g.j.b.v.SequenceNumberAuditor - Got 2 as next public sequence number, expected 1
08:30:09.674 [1] ERROR c.g.j.b.v.SequenceNumberAuditor - Got 2 as next public sequence number, expected 3
08:30:09.674 [1] DEBUG c.g.j.b.v.SequenceNumberAuditor - Resetting sequence auditor
08:30:09.674 [1] DEBUG c.g.j.b.v.SequenceNumberAuditor - Resetting sequence auditor
08:30:09.675 [1] DEBUG c.g.j.b.v.SequenceNumberAuditor - Resetting sequence auditor
08:30:09.675 [1] DEBUG c.g.j.b.v.SequenceNumberAuditor - Resetting sequence auditor
08:30:09.675 [1] DEBUG c.g.j.b.v.SequenceNumberAuditor - Resetting sequence auditor
08:30:09.676 [1] DEBUG c.g.j.b.v.SequenceNumberAuditor - Resetting sequence auditor
08:30:09.676 [1] ERROR c.g.j.b.v.SequenceNumberAuditor - Got 6 as next public sequence number, expected 5
08:30:09.676 [1] ERROR c.g.j.b.v.SequenceNumberAuditor - Got 6 as next public sequence number, expected 5
08:30:09.676 [1] DEBUG c.g.j.b.v.SequenceNumberAuditor - Resetting sequence auditor
Tests run: 9, Failures: 0, Errors: 0, Skipped: 0, Time elapsed: 0.005 sec

Results :

Tests run: 98, Failures: 0, Errors: 0, Skipped: 0

[INFO] 
[INFO] --- jacoco-maven-plugin:0.8.6:report (report) @ bitfinex-v2-wss-api ---
[INFO] Loading execution data file /workdir/bitfinex-v2-wss-api-java/target/jacoco.exec
[INFO] Analyzed bundle 'Bitfinex v2 WSS API' with 97 classes
[INFO] ------------------------------------------------------------------------
[INFO] BUILD SUCCESS
[INFO] ------------------------------------------------------------------------
[INFO] Total time:  01:50 min
[INFO] Finished at: 2021-02-15T08:30:10Z
[INFO] ------------------------------------------------------------------------
