[INFO] Scanning for projects...
[INFO] 
[INFO] --------------< com.purbon.kafka:kafka-topology-builder >---------------
[INFO] Building A Kafka topology builder tool 2.0.0-b.0
[INFO] --------------------------------[ jar ]---------------------------------
[INFO] 
[INFO] --- jacoco-maven-plugin:0.8.5:prepare-agent (default) @ kafka-topology-builder ---
[INFO] argLine set to -javaagent:/home/maven/.m2/repository/org/jacoco/org.jacoco.agent/0.8.5/org.jacoco.agent-0.8.5-runtime.jar=destfile=/workdir/kafka-topology-builder/target/jacoco.exec
[INFO] 
[INFO] --- fmt-maven-plugin:2.9:format (default) @ kafka-topology-builder ---
[INFO] Processed 100 files (0 reformatted).
[INFO] Processed 123 files (0 reformatted).
[INFO] 
[INFO] --- maven-resources-plugin:2.6:resources (default-resources) @ kafka-topology-builder ---
[INFO] Using 'UTF-8' encoding to copy filtered resources.
[INFO] Copying 2 resources
[INFO] 
[INFO] --- maven-compiler-plugin:3.1:compile (default-compile) @ kafka-topology-builder ---
[INFO] Changes detected - recompiling the module!
[INFO] Compiling 95 source files to /workdir/kafka-topology-builder/target/classes
[WARNING] /workdir/kafka-topology-builder/src/main/java/com/purbon/kafka/topology/TopologyBuilderConfig.java: Some input files use unchecked or unsafe operations.
[WARNING] /workdir/kafka-topology-builder/src/main/java/com/purbon/kafka/topology/TopologyBuilderConfig.java: Recompile with -Xlint:unchecked for details.
[INFO] 
[INFO] --- maven-resources-plugin:2.6:testResources (default-testResources) @ kafka-topology-builder ---
[INFO] Using 'UTF-8' encoding to copy filtered resources.
[INFO] Copying 21 resources
[INFO] 
[INFO] --- maven-compiler-plugin:3.1:testCompile (default-testCompile) @ kafka-topology-builder ---
[INFO] Nothing to compile - all classes are up to date
[INFO] 
[INFO] --- maven-surefire-plugin:2.12.4:test (default-test) @ kafka-topology-builder ---
[INFO] Surefire report directory: /workdir/kafka-topology-builder/target/surefire-reports

-------------------------------------------------------
 T E S T S
-------------------------------------------------------
Running com.purbon.kafka.topology.TopologyBuilderAdminClientTest
[MockitoHint] TopologyBuilderAdminClientTest.newSchemaRegistryACLCreation (see javadoc for MockitoHint):
[MockitoHint] 1. Unused -> at com.purbon.kafka.topology.TopologyBuilderAdminClientTest.setup(TopologyBuilderAdminClientTest.java:79)
[MockitoHint] 2. Unused -> at com.purbon.kafka.topology.TopologyBuilderAdminClientTest.setup(TopologyBuilderAdminClientTest.java:80)
[MockitoHint] 3. Unused -> at com.purbon.kafka.topology.TopologyBuilderAdminClientTest.setup(TopologyBuilderAdminClientTest.java:81)

[MockitoHint] TopologyBuilderAdminClientTest.newProducerACLsCreation (see javadoc for MockitoHint):
[MockitoHint] 1. Unused -> at com.purbon.kafka.topology.TopologyBuilderAdminClientTest.setup(TopologyBuilderAdminClientTest.java:79)
[MockitoHint] 2. Unused -> at com.purbon.kafka.topology.TopologyBuilderAdminClientTest.setup(TopologyBuilderAdminClientTest.java:80)
[MockitoHint] 3. Unused -> at com.purbon.kafka.topology.TopologyBuilderAdminClientTest.setup(TopologyBuilderAdminClientTest.java:81)

[MockitoHint] TopologyBuilderAdminClientTest.newKafkaStreamsAppACLsCreation (see javadoc for MockitoHint):
[MockitoHint] 1. Unused -> at com.purbon.kafka.topology.TopologyBuilderAdminClientTest.setup(TopologyBuilderAdminClientTest.java:79)
[MockitoHint] 2. Unused -> at com.purbon.kafka.topology.TopologyBuilderAdminClientTest.setup(TopologyBuilderAdminClientTest.java:80)
[MockitoHint] 3. Unused -> at com.purbon.kafka.topology.TopologyBuilderAdminClientTest.setup(TopologyBuilderAdminClientTest.java:81)

[MockitoHint] TopologyBuilderAdminClientTest.newKafkaConnectACLsCreation (see javadoc for MockitoHint):
[MockitoHint] 1. Unused -> at com.purbon.kafka.topology.TopologyBuilderAdminClientTest.setup(TopologyBuilderAdminClientTest.java:79)
[MockitoHint] 2. Unused -> at com.purbon.kafka.topology.TopologyBuilderAdminClientTest.setup(TopologyBuilderAdminClientTest.java:80)
[MockitoHint] 3. Unused -> at com.purbon.kafka.topology.TopologyBuilderAdminClientTest.setup(TopologyBuilderAdminClientTest.java:81)

[MockitoHint] TopologyBuilderAdminClientTest.newConsumerACLsCreation (see javadoc for MockitoHint):
[MockitoHint] 1. Unused -> at com.purbon.kafka.topology.TopologyBuilderAdminClientTest.setup(TopologyBuilderAdminClientTest.java:79)
[MockitoHint] 2. Unused -> at com.purbon.kafka.topology.TopologyBuilderAdminClientTest.setup(TopologyBuilderAdminClientTest.java:80)
[MockitoHint] 3. Unused -> at com.purbon.kafka.topology.TopologyBuilderAdminClientTest.setup(TopologyBuilderAdminClientTest.java:81)

Tests run: 6, Failures: 0, Errors: 0, Skipped: 0, Time elapsed: 2.073 sec
Running com.purbon.kafka.topology.CLITest
Kafka Topology updated
Kafka Topology updated
Tests run: 2, Failures: 0, Errors: 0, Skipped: 0, Time elapsed: 0.015 sec
Running com.purbon.kafka.topology.AclsBindingsBuilderTest
Tests run: 6, Failures: 0, Errors: 0, Skipped: 0, Time elapsed: 0.088 sec
Running com.purbon.kafka.topology.ExecutionPlanTest
Tests run: 2, Failures: 0, Errors: 0, Skipped: 0, Time elapsed: 0.11 sec
Running com.purbon.kafka.topology.schemas.SchemaRegistryManagerTest
log4j:WARN No appenders could be found for logger (io.confluent.kafka.schemaregistry.client.MockSchemaRegistryClient).
log4j:WARN Please initialize the log4j system properly.
log4j:WARN See http://logging.apache.org/log4j/1.2/faq.html#noconfig for more info.
Tests run: 6, Failures: 0, Errors: 0, Skipped: 0, Time elapsed: 0.059 sec
Running com.purbon.kafka.topology.BackendControllerTest
Tests run: 2, Failures: 0, Errors: 0, Skipped: 0, Time elapsed: 0.02 sec
Running com.purbon.kafka.topology.TopologyObjectBuilderTest
Tests run: 3, Failures: 0, Errors: 0, Skipped: 0, Time elapsed: 0.262 sec
Running com.purbon.kafka.topology.ClusterLevelRoleBuilderTest
Tests run: 6, Failures: 0, Errors: 0, Skipped: 0, Time elapsed: 0.041 sec
Running com.purbon.kafka.topology.backend.RedisBackendTest
Tests run: 2, Failures: 0, Errors: 0, Skipped: 0, Time elapsed: 0.796 sec
Running com.purbon.kafka.topology.PlanMapSerdesTest
Tests run: 2, Failures: 0, Errors: 0, Skipped: 0, Time elapsed: 0.029 sec
Running com.purbon.kafka.topology.AccessControlProviderFactoryTest
[MockitoHint] AccessControlProviderFactoryTest.testWrongProviderConfig (see javadoc for MockitoHint):
[MockitoHint] 1. Unused -> at com.purbon.kafka.topology.AccessControlProviderFactoryTest.testWrongProviderConfig(AccessControlProviderFactoryTest.java:94)

Tests run: 3, Failures: 0, Errors: 0, Skipped: 0, Time elapsed: 0.033 sec
Running com.purbon.kafka.topology.TopicTest
Tests run: 5, Failures: 0, Errors: 0, Skipped: 0, Time elapsed: 0.209 sec
Running com.purbon.kafka.topology.RbacProviderTest
[MockitoHint] RbacProviderTest.newSchemaRegistryACLCreation (see javadoc for MockitoHint):
[MockitoHint] 1. Unused -> at com.purbon.kafka.topology.RbacProviderTest.newSchemaRegistryACLCreation(RbacProviderTest.java:242)

[MockitoHint] RbacProviderTest.newKafkaConnectACLsCreation (see javadoc for MockitoHint):
[MockitoHint] 1. Unused -> at com.purbon.kafka.topology.RbacProviderTest.newKafkaConnectACLsCreation(RbacProviderTest.java:301)

[MockitoHint] RbacProviderTest.newControlCenterACLCreation (see javadoc for MockitoHint):
[MockitoHint] 1. Unused -> at com.purbon.kafka.topology.RbacProviderTest.newControlCenterACLCreation(RbacProviderTest.java:272)

Tests run: 8, Failures: 0, Errors: 0, Skipped: 0, Time elapsed: 0.048 sec
Running com.purbon.kafka.topology.TopologySerdesTest
Tests run: 15, Failures: 0, Errors: 0, Skipped: 0, Time elapsed: 0.162 sec
Running com.purbon.kafka.topology.AccessControlWithRBACTest
Tests run: 1, Failures: 0, Errors: 0, Skipped: 0, Time elapsed: 0.026 sec
Running com.purbon.kafka.topology.AccessControlManagerTest
[MockitoHint] AccessControlManagerTest.testProducerAclsAtTopicLevel (see javadoc for MockitoHint):
[MockitoHint] 1. Unused -> at com.purbon.kafka.topology.AccessControlManagerTest.setup(AccessControlManagerTest.java:90)
[MockitoHint] 2. Unused -> at com.purbon.kafka.topology.AccessControlManagerTest.setup(AccessControlManagerTest.java:91)

[MockitoHint] AccessControlManagerTest.newConsumerOptimisedACLsCreation (see javadoc for MockitoHint):
[MockitoHint] 1. Unused -> at com.purbon.kafka.topology.AccessControlManagerTest.setup(AccessControlManagerTest.java:90)
[MockitoHint] 2. Unused -> at com.purbon.kafka.topology.AccessControlManagerTest.setup(AccessControlManagerTest.java:91)

[MockitoHint] AccessControlManagerTest.newSchemaRegistryACLCreation (see javadoc for MockitoHint):
[MockitoHint] 1. Unused -> at com.purbon.kafka.topology.AccessControlManagerTest.setup(AccessControlManagerTest.java:90)
[MockitoHint] 2. Unused -> at com.purbon.kafka.topology.AccessControlManagerTest.setup(AccessControlManagerTest.java:91)
[MockitoHint] 3. Unused -> at com.purbon.kafka.topology.AccessControlManagerTest.newSchemaRegistryACLCreation(AccessControlManagerTest.java:337)
[MockitoHint] 4. Unused -> at com.purbon.kafka.topology.AccessControlManagerTest.newSchemaRegistryACLCreation(AccessControlManagerTest.java:341)

WARNING: An illegal reflective access operation has occurred
WARNING: Illegal reflective access by org.mockito.internal.util.reflection.ReflectionMemberAccessor (file:/home/maven/.m2/repository/org/mockito/mockito-core/3.6.0/mockito-core-3.6.0.jar) to field java.util.ArrayList.size
WARNING: Please consider reporting this to the maintainers of org.mockito.internal.util.reflection.ReflectionMemberAccessor
WARNING: Use --illegal-access=warn to enable warnings of further illegal reflective access operations
WARNING: All illegal access operations will be denied in a future release
[MockitoHint] AccessControlManagerTest.testAclDeleteLogic (see javadoc for MockitoHint):
[MockitoHint] 1. Unused -> at com.purbon.kafka.topology.AccessControlManagerTest.setup(AccessControlManagerTest.java:90)
[MockitoHint] 2. Unused -> at com.purbon.kafka.topology.AccessControlManagerTest.setup(AccessControlManagerTest.java:91)

[MockitoHint] AccessControlManagerTest.testConsumerAclsAtTopicLevel (see javadoc for MockitoHint):
[MockitoHint] 1. Unused -> at com.purbon.kafka.topology.AccessControlManagerTest.setup(AccessControlManagerTest.java:90)
[MockitoHint] 2. Unused -> at com.purbon.kafka.topology.AccessControlManagerTest.setup(AccessControlManagerTest.java:91)

[MockitoHint] AccessControlManagerTest.newProducerACLsCreation (see javadoc for MockitoHint):
[MockitoHint] 1. Unused -> at com.purbon.kafka.topology.AccessControlManagerTest.setup(AccessControlManagerTest.java:90)
[MockitoHint] 2. Unused -> at com.purbon.kafka.topology.AccessControlManagerTest.setup(AccessControlManagerTest.java:91)

[MockitoHint] AccessControlManagerTest.newProducerOptimizedACLsCreation (see javadoc for MockitoHint):
[MockitoHint] 1. Unused -> at com.purbon.kafka.topology.AccessControlManagerTest.setup(AccessControlManagerTest.java:90)
[MockitoHint] 2. Unused -> at com.purbon.kafka.topology.AccessControlManagerTest.setup(AccessControlManagerTest.java:91)

[MockitoHint] AccessControlManagerTest.newKafkaStreamsAppACLsCreation (see javadoc for MockitoHint):
[MockitoHint] 1. Unused -> at com.purbon.kafka.topology.AccessControlManagerTest.setup(AccessControlManagerTest.java:90)
[MockitoHint] 2. Unused -> at com.purbon.kafka.topology.AccessControlManagerTest.setup(AccessControlManagerTest.java:91)
[MockitoHint] 3. Unused -> at com.purbon.kafka.topology.AccessControlManagerTest.newKafkaStreamsAppACLsCreation(AccessControlManagerTest.java:298)

[MockitoHint] AccessControlManagerTest.newKafkaConnectACLsCreation (see javadoc for MockitoHint):
[MockitoHint] 1. Unused -> at com.purbon.kafka.topology.AccessControlManagerTest.setup(AccessControlManagerTest.java:90)
[MockitoHint] 2. Unused -> at com.purbon.kafka.topology.AccessControlManagerTest.setup(AccessControlManagerTest.java:91)
[MockitoHint] 3. Unused -> at com.purbon.kafka.topology.AccessControlManagerTest.newKafkaConnectACLsCreation(AccessControlManagerTest.java:447)

[MockitoHint] AccessControlManagerTest.newKafkaConnectClusterRBACCreation (see javadoc for MockitoHint):
[MockitoHint] 1. Unused -> at com.purbon.kafka.topology.AccessControlManagerTest.setup(AccessControlManagerTest.java:90)
[MockitoHint] 2. Unused -> at com.purbon.kafka.topology.AccessControlManagerTest.setup(AccessControlManagerTest.java:91)
[MockitoHint] 3. Unused -> at com.purbon.kafka.topology.AccessControlManagerTest.newKafkaConnectClusterRBACCreation(AccessControlManagerTest.java:419)

[MockitoHint] AccessControlManagerTest.newConsumerACLsCreation (see javadoc for MockitoHint):
[MockitoHint] 1. Unused -> at com.purbon.kafka.topology.AccessControlManagerTest.setup(AccessControlManagerTest.java:90)
[MockitoHint] 2. Unused -> at com.purbon.kafka.topology.AccessControlManagerTest.setup(AccessControlManagerTest.java:91)

[MockitoHint] AccessControlManagerTest.newControlCenterACLCreation (see javadoc for MockitoHint):
[MockitoHint] 1. Unused -> at com.purbon.kafka.topology.AccessControlManagerTest.setup(AccessControlManagerTest.java:90)
[MockitoHint] 2. Unused -> at com.purbon.kafka.topology.AccessControlManagerTest.setup(AccessControlManagerTest.java:91)
[MockitoHint] 3. Unused -> at com.purbon.kafka.topology.AccessControlManagerTest.newControlCenterACLCreation(AccessControlManagerTest.java:370)

[MockitoHint] AccessControlManagerTest.newKafkaClusterRBACCreation (see javadoc for MockitoHint):
[MockitoHint] 1. Unused -> at com.purbon.kafka.topology.AccessControlManagerTest.setup(AccessControlManagerTest.java:90)
[MockitoHint] 2. Unused -> at com.purbon.kafka.topology.AccessControlManagerTest.setup(AccessControlManagerTest.java:91)
[MockitoHint] 3. Unused -> at com.purbon.kafka.topology.AccessControlManagerTest.newKafkaClusterRBACCreation(AccessControlManagerTest.java:394)

Tests run: 14, Failures: 0, Errors: 0, Skipped: 0, Time elapsed: 0.077 sec
Running com.purbon.kafka.topology.TopologyValidationTest
Tests run: 3, Failures: 0, Errors: 0, Skipped: 0, Time elapsed: 0.047 sec
Running com.purbon.kafka.topology.utils.JSONUtilsTest
Tests run: 3, Failures: 0, Errors: 0, Skipped: 0, Time elapsed: 0.003 sec
Running com.purbon.kafka.topology.TopologyBuilderConfigTest
Tests run: 10, Failures: 0, Errors: 0, Skipped: 0, Time elapsed: 0.015 sec
Running com.purbon.kafka.topology.TopicManagerTest
Tests run: 6, Failures: 0, Errors: 0, Skipped: 0, Time elapsed: 0.033 sec
Running com.purbon.kafka.topology.KafkaTopologyBuilderTest
[INFO ] 2021-02-15 10:20:09.348 [main] TopologyBuilderAdminClientBuilder - Connecting AdminClient to localhost:9092
[INFO ] 2021-02-15 10:20:09.348 [main] TopologyBuilderAdminClientBuilder - Connecting AdminClient to localhost:9092
[INFO ] 2021-02-15 10:20:09.540 [main] TopologyBuilderAdminClientBuilder - Connecting AdminClient to localhost:9092
[INFO ] 2021-02-15 10:20:09.540 [main] TopologyBuilderAdminClientBuilder - Connecting AdminClient to localhost:9092
Tests run: 7, Failures: 0, Errors: 0, Skipped: 0, Time elapsed: 0.337 sec

Results :

Tests run: 112, Failures: 0, Errors: 0, Skipped: 0

[INFO] 
[INFO] --- jacoco-maven-plugin:0.8.5:report (jacoco-report) @ kafka-topology-builder ---
[INFO] Loading execution data file /workdir/kafka-topology-builder/target/jacoco.exec
[INFO] Analyzed bundle 'A Kafka topology builder tool' with 93 classes
[INFO] ------------------------------------------------------------------------
[INFO] BUILD SUCCESS
[INFO] ------------------------------------------------------------------------
[INFO] Total time:  9.640 s
[INFO] Finished at: 2021-02-15T10:20:10Z
[INFO] ------------------------------------------------------------------------
