[INFO] Scanning for projects...
[INFO] ------------------------------------------------------------------------
[INFO] Reactor Build Order:
[INFO] 
[INFO] sisyphus                                                           [pom]
[INFO] sisyphus-api                                                       [jar]
[INFO] sisyphus-core                                                      [jar]
[INFO] sisyphus-annotation                                                [jar]
[INFO] sisyphus-spring                                                    [jar]
[INFO] sisyphus-springboot-starter                                        [jar]
[INFO] sisyphus-test                                                      [jar]
[INFO] 
[INFO] ---------------------< com.github.houbb:sisyphus >----------------------
[INFO] Building sisyphus 0.0.9                                            [1/7]
[INFO] --------------------------------[ pom ]---------------------------------
[INFO] 
[INFO] --- maven-enforcer-plugin:1.0:enforce (enforce-maven) @ sisyphus ---
[INFO] 
[INFO] -------------------< com.github.houbb:sisyphus-api >--------------------
[INFO] Building sisyphus-api 0.0.9                                        [2/7]
[INFO] --------------------------------[ jar ]---------------------------------
[INFO] 
[INFO] --- maven-enforcer-plugin:1.0:enforce (enforce-maven) @ sisyphus-api ---
[INFO] 
[INFO] --- maven-resources-plugin:2.6:resources (default-resources) @ sisyphus-api ---
[INFO] Using 'UTF-8' encoding to copy filtered resources.
[INFO] Copying 1 resource
[INFO] 
[INFO] --- maven-compiler-plugin:3.2:compile (default-compile) @ sisyphus-api ---
[INFO] Changes detected - recompiling the module!
[INFO] Compiling 15 source files to /workdir/sisyphus/sisyphus-api/target/classes
[INFO] 
[INFO] --- maven-resources-plugin:2.6:testResources (default-testResources) @ sisyphus-api ---
[INFO] Using 'UTF-8' encoding to copy filtered resources.
[INFO] skip non existing resourceDirectory /workdir/sisyphus/sisyphus-api/src/test/resources
[INFO] 
[INFO] --- maven-compiler-plugin:3.2:testCompile (default-testCompile) @ sisyphus-api ---
[INFO] No sources to compile
[INFO] 
[INFO] --- maven-surefire-plugin:2.18.1:test (default-test) @ sisyphus-api ---
[INFO] No tests to run.
[INFO] 
[INFO] -------------------< com.github.houbb:sisyphus-core >-------------------
[INFO] Building sisyphus-core 0.0.9                                       [3/7]
[INFO] --------------------------------[ jar ]---------------------------------
[INFO] 
[INFO] --- maven-enforcer-plugin:1.0:enforce (enforce-maven) @ sisyphus-core ---
[INFO] 
[INFO] --- maven-resources-plugin:2.6:resources (default-resources) @ sisyphus-core ---
[INFO] Using 'UTF-8' encoding to copy filtered resources.
[INFO] Copying 1 resource
[INFO] 
[INFO] --- maven-compiler-plugin:3.2:compile (default-compile) @ sisyphus-core ---
[INFO] Changes detected - recompiling the module!
[INFO] Compiling 37 source files to /workdir/sisyphus/sisyphus-core/target/classes
[INFO] /workdir/sisyphus/sisyphus-core/src/main/java/com/github/houbb/sisyphus/core/core/retry/DefaultRetry.java: Some input files use unchecked or unsafe operations.
[INFO] /workdir/sisyphus/sisyphus-core/src/main/java/com/github/houbb/sisyphus/core/core/retry/DefaultRetry.java: Recompile with -Xlint:unchecked for details.
[INFO] 
[INFO] --- maven-resources-plugin:2.6:testResources (default-testResources) @ sisyphus-core ---
[INFO] Using 'UTF-8' encoding to copy filtered resources.
[INFO] skip non existing resourceDirectory /workdir/sisyphus/sisyphus-core/src/test/resources
[INFO] 
[INFO] --- maven-compiler-plugin:3.2:testCompile (default-testCompile) @ sisyphus-core ---
[INFO] No sources to compile
[INFO] 
[INFO] --- maven-surefire-plugin:2.18.1:test (default-test) @ sisyphus-core ---
[INFO] No tests to run.
[INFO] 
[INFO] ----------------< com.github.houbb:sisyphus-annotation >----------------
[INFO] Building sisyphus-annotation 0.0.9                                 [4/7]
[INFO] --------------------------------[ jar ]---------------------------------
[INFO] 
[INFO] --- maven-enforcer-plugin:1.0:enforce (enforce-maven) @ sisyphus-annotation ---
[INFO] 
[INFO] --- maven-resources-plugin:2.6:resources (default-resources) @ sisyphus-annotation ---
[INFO] Using 'UTF-8' encoding to copy filtered resources.
[INFO] skip non existing resourceDirectory /workdir/sisyphus/sisyphus-annotation/src/main/resources
[INFO] 
[INFO] --- maven-compiler-plugin:3.2:compile (default-compile) @ sisyphus-annotation ---
[INFO] Changes detected - recompiling the module!
[INFO] Compiling 17 source files to /workdir/sisyphus/sisyphus-annotation/target/classes
[INFO] /workdir/sisyphus/sisyphus-annotation/src/main/java/com/github/houbb/sisyphus/annotation/handler/method/RetryMethodHandler.java: Some input files use unchecked or unsafe operations.
[INFO] /workdir/sisyphus/sisyphus-annotation/src/main/java/com/github/houbb/sisyphus/annotation/handler/method/RetryMethodHandler.java: Recompile with -Xlint:unchecked for details.
[INFO] 
[INFO] --- maven-resources-plugin:2.6:testResources (default-testResources) @ sisyphus-annotation ---
[INFO] Using 'UTF-8' encoding to copy filtered resources.
[INFO] skip non existing resourceDirectory /workdir/sisyphus/sisyphus-annotation/src/test/resources
[INFO] 
[INFO] --- maven-compiler-plugin:3.2:testCompile (default-testCompile) @ sisyphus-annotation ---
[INFO] No sources to compile
[INFO] 
[INFO] --- maven-surefire-plugin:2.18.1:test (default-test) @ sisyphus-annotation ---
[INFO] No tests to run.
[INFO] 
[INFO] ------------------< com.github.houbb:sisyphus-spring >------------------
[INFO] Building sisyphus-spring 0.0.9                                     [5/7]
[INFO] --------------------------------[ jar ]---------------------------------
[INFO] 
[INFO] --- maven-enforcer-plugin:1.0:enforce (enforce-maven) @ sisyphus-spring ---
[INFO] 
[INFO] --- maven-resources-plugin:2.6:resources (default-resources) @ sisyphus-spring ---
[INFO] Using 'UTF-8' encoding to copy filtered resources.
[INFO] skip non existing resourceDirectory /workdir/sisyphus/sisyphus-spring/src/main/resources
[INFO] 
[INFO] --- maven-compiler-plugin:3.2:compile (default-compile) @ sisyphus-spring ---
[INFO] Changes detected - recompiling the module!
[INFO] Compiling 4 source files to /workdir/sisyphus/sisyphus-spring/target/classes
[INFO] 
[INFO] --- maven-resources-plugin:2.6:testResources (default-testResources) @ sisyphus-spring ---
[INFO] Using 'UTF-8' encoding to copy filtered resources.
[INFO] skip non existing resourceDirectory /workdir/sisyphus/sisyphus-spring/src/test/resources
[INFO] 
[INFO] --- maven-compiler-plugin:3.2:testCompile (default-testCompile) @ sisyphus-spring ---
[INFO] No sources to compile
[INFO] 
[INFO] --- maven-surefire-plugin:2.18.1:test (default-test) @ sisyphus-spring ---
[INFO] No tests to run.
[INFO] 
[INFO] ------------< com.github.houbb:sisyphus-springboot-starter >------------
[INFO] Building sisyphus-springboot-starter 0.0.9                         [6/7]
[INFO] --------------------------------[ jar ]---------------------------------
[INFO] 
[INFO] --- maven-enforcer-plugin:1.0:enforce (enforce-maven) @ sisyphus-springboot-starter ---
[INFO] 
[INFO] --- maven-resources-plugin:2.6:resources (default-resources) @ sisyphus-springboot-starter ---
[INFO] Using 'UTF-8' encoding to copy filtered resources.
[INFO] Copying 1 resource
[INFO] 
[INFO] --- maven-compiler-plugin:3.2:compile (default-compile) @ sisyphus-springboot-starter ---
[INFO] Changes detected - recompiling the module!
[INFO] Compiling 2 source files to /workdir/sisyphus/sisyphus-springboot-starter/target/classes
[INFO] 
[INFO] --- maven-resources-plugin:2.6:testResources (default-testResources) @ sisyphus-springboot-starter ---
[INFO] Using 'UTF-8' encoding to copy filtered resources.
[INFO] skip non existing resourceDirectory /workdir/sisyphus/sisyphus-springboot-starter/src/test/resources
[INFO] 
[INFO] --- maven-compiler-plugin:3.2:testCompile (default-testCompile) @ sisyphus-springboot-starter ---
[INFO] No sources to compile
[INFO] 
[INFO] --- maven-surefire-plugin:2.18.1:test (default-test) @ sisyphus-springboot-starter ---
[INFO] No tests to run.
[INFO] 
[INFO] -------------------< com.github.houbb:sisyphus-test >-------------------
[INFO] Building sisyphus-test 0.0.9                                       [7/7]
[INFO] --------------------------------[ jar ]---------------------------------
[INFO] 
[INFO] --- maven-enforcer-plugin:1.0:enforce (enforce-maven) @ sisyphus-test ---
[INFO] 
[INFO] --- maven-resources-plugin:2.6:resources (default-resources) @ sisyphus-test ---
[INFO] Using 'UTF-8' encoding to copy filtered resources.
[INFO] skip non existing resourceDirectory /workdir/sisyphus/sisyphus-test/src/main/resources
[INFO] 
[INFO] --- maven-compiler-plugin:3.2:compile (default-compile) @ sisyphus-test ---
[INFO] Changes detected - recompiling the module!
[INFO] Compiling 5 source files to /workdir/sisyphus/sisyphus-test/target/classes
[INFO] 
[INFO] --- maven-resources-plugin:2.6:testResources (default-testResources) @ sisyphus-test ---
[INFO] Using 'UTF-8' encoding to copy filtered resources.
[INFO] skip non existing resourceDirectory /workdir/sisyphus/sisyphus-test/src/test/resources
[INFO] 
[INFO] --- maven-compiler-plugin:3.2:testCompile (default-testCompile) @ sisyphus-test ---
[INFO] Changes detected - recompiling the module!
[INFO] Compiling 11 source files to /workdir/sisyphus/sisyphus-test/target/test-classes
[INFO] /workdir/sisyphus/sisyphus-test/src/test/java/com/github/houbb/sispyhus/test/core/RetryerTest.java: /workdir/sisyphus/sisyphus-test/src/test/java/com/github/houbb/sispyhus/test/core/RetryerTest.java uses unchecked or unsafe operations.
[INFO] /workdir/sisyphus/sisyphus-test/src/test/java/com/github/houbb/sispyhus/test/core/RetryerTest.java: Recompile with -Xlint:unchecked for details.
[INFO] 
[INFO] --- maven-surefire-plugin:2.18.1:test (default-test) @ sisyphus-test ---
[INFO] Surefire report directory: /workdir/sisyphus/sisyphus-test/target/surefire-reports

-------------------------------------------------------
 T E S T S
-------------------------------------------------------
10:17:04.490 [main] DEBUG org.springframework.test.context.junit4.SpringJUnit4ClassRunner - SpringJUnit4ClassRunner constructor called with [class com.github.houbb.sispyhus.test.spring.SpringServiceTest]
10:17:04.497 [main] DEBUG org.springframework.test.context.BootstrapUtils - Instantiating CacheAwareContextLoaderDelegate from class [org.springframework.test.context.cache.DefaultCacheAwareContextLoaderDelegate]
10:17:04.502 [main] DEBUG org.springframework.test.context.BootstrapUtils - Instantiating BootstrapContext using constructor [public org.springframework.test.context.support.DefaultBootstrapContext(java.lang.Class,org.springframework.test.context.CacheAwareContextLoaderDelegate)]
10:17:04.508 [main] DEBUG org.springframework.test.context.BootstrapUtils - Instantiating TestContextBootstrapper for test class [com.github.houbb.sispyhus.test.spring.SpringServiceTest] from class [org.springframework.test.context.support.DefaultTestContextBootstrapper]
10:17:04.536 [main] DEBUG org.springframework.test.context.support.AbstractDelegatingSmartContextLoader - Delegating to AnnotationConfigContextLoader to process context configuration [ContextConfigurationAttributes@498d318c declaringClass = 'com.github.houbb.sispyhus.test.spring.SpringServiceTest', classes = '{class com.github.houbb.sisyphus.test.config.SpringConfig}', locations = '{}', inheritLocations = true, initializers = '{}', inheritInitializers = true, name = [null], contextLoaderClass = 'org.springframework.test.context.ContextLoader'].
10:17:04.558 [main] DEBUG org.springframework.test.context.support.ActiveProfilesUtils - Could not find an 'annotation declaring class' for annotation type [org.springframework.test.context.ActiveProfiles] and class [com.github.houbb.sispyhus.test.spring.SpringServiceTest]
10:17:04.560 [main] DEBUG org.springframework.test.context.support.DefaultTestContextBootstrapper - @TestExecutionListeners is not present for class [com.github.houbb.sispyhus.test.spring.SpringServiceTest]: using defaults.
10:17:04.562 [main] INFO org.springframework.test.context.support.DefaultTestContextBootstrapper - Loaded default TestExecutionListener class names from location [META-INF/spring.factories]: [org.springframework.test.context.web.ServletTestExecutionListener, org.springframework.test.context.support.DirtiesContextBeforeModesTestExecutionListener, org.springframework.test.context.support.DependencyInjectionTestExecutionListener, org.springframework.test.context.support.DirtiesContextTestExecutionListener, org.springframework.test.context.transaction.TransactionalTestExecutionListener, org.springframework.test.context.jdbc.SqlScriptsTestExecutionListener]
10:17:04.565 [main] DEBUG org.springframework.test.context.support.DefaultTestContextBootstrapper - Could not instantiate TestExecutionListener [org.springframework.test.context.web.ServletTestExecutionListener]. Specify custom listener classes or make the default listener classes (and their required dependencies) available. Offending class: [javax/servlet/ServletContext]
10:17:04.566 [main] DEBUG org.springframework.test.context.support.DefaultTestContextBootstrapper - Could not instantiate TestExecutionListener [org.springframework.test.context.transaction.TransactionalTestExecutionListener]. Specify custom listener classes or make the default listener classes (and their required dependencies) available. Offending class: [org/springframework/transaction/TransactionDefinition]
10:17:04.566 [main] DEBUG org.springframework.test.context.support.DefaultTestContextBootstrapper - Could not instantiate TestExecutionListener [org.springframework.test.context.jdbc.SqlScriptsTestExecutionListener]. Specify custom listener classes or make the default listener classes (and their required dependencies) available. Offending class: [org/springframework/transaction/interceptor/TransactionAttribute]
10:17:04.567 [main] INFO org.springframework.test.context.support.DefaultTestContextBootstrapper - Using TestExecutionListeners: [org.springframework.test.context.support.DirtiesContextBeforeModesTestExecutionListener@3023df74, org.springframework.test.context.support.DependencyInjectionTestExecutionListener@313ac989, org.springframework.test.context.support.DirtiesContextTestExecutionListener@4562e04d]
10:17:04.568 [main] DEBUG org.springframework.test.context.junit4.SpringJUnit4ClassRunner - SpringJUnit4ClassRunner constructor called with [class com.github.houbb.sispyhus.test.springboot.SisyphusApplicationTest]
10:17:04.568 [main] DEBUG org.springframework.test.context.BootstrapUtils - Instantiating CacheAwareContextLoaderDelegate from class [org.springframework.test.context.cache.DefaultCacheAwareContextLoaderDelegate]
10:17:04.568 [main] DEBUG org.springframework.test.context.BootstrapUtils - Instantiating BootstrapContext using constructor [public org.springframework.test.context.support.DefaultBootstrapContext(java.lang.Class,org.springframework.test.context.CacheAwareContextLoaderDelegate)]
10:17:04.568 [main] DEBUG org.springframework.test.context.BootstrapUtils - Instantiating TestContextBootstrapper for test class [com.github.houbb.sispyhus.test.springboot.SisyphusApplicationTest] from class [org.springframework.test.context.support.DefaultTestContextBootstrapper]
10:17:04.569 [main] DEBUG org.springframework.test.context.support.AbstractDelegatingSmartContextLoader - Delegating to AnnotationConfigContextLoader to process context configuration [ContextConfigurationAttributes@2a4fb17b declaringClass = 'com.github.houbb.sispyhus.test.springboot.SisyphusApplicationTest', classes = '{class com.github.houbb.sisyphus.test.SisyphusApplication}', locations = '{}', inheritLocations = true, initializers = '{}', inheritInitializers = true, name = [null], contextLoaderClass = 'org.springframework.test.context.ContextLoader'].
10:17:04.573 [main] DEBUG org.springframework.test.context.support.ActiveProfilesUtils - Could not find an 'annotation declaring class' for annotation type [org.springframework.test.context.ActiveProfiles] and class [com.github.houbb.sispyhus.test.springboot.SisyphusApplicationTest]
10:17:04.573 [main] DEBUG org.springframework.test.context.support.DefaultTestContextBootstrapper - @TestExecutionListeners is not present for class [com.github.houbb.sispyhus.test.springboot.SisyphusApplicationTest]: using defaults.
10:17:04.575 [main] INFO org.springframework.test.context.support.DefaultTestContextBootstrapper - Loaded default TestExecutionListener class names from location [META-INF/spring.factories]: [org.springframework.test.context.web.ServletTestExecutionListener, org.springframework.test.context.support.DirtiesContextBeforeModesTestExecutionListener, org.springframework.test.context.support.DependencyInjectionTestExecutionListener, org.springframework.test.context.support.DirtiesContextTestExecutionListener, org.springframework.test.context.transaction.TransactionalTestExecutionListener, org.springframework.test.context.jdbc.SqlScriptsTestExecutionListener]
10:17:04.576 [main] DEBUG org.springframework.test.context.support.DefaultTestContextBootstrapper - Could not instantiate TestExecutionListener [org.springframework.test.context.web.ServletTestExecutionListener]. Specify custom listener classes or make the default listener classes (and their required dependencies) available. Offending class: [javax/servlet/ServletContext]
10:17:04.576 [main] DEBUG org.springframework.test.context.support.DefaultTestContextBootstrapper - Could not instantiate TestExecutionListener [org.springframework.test.context.transaction.TransactionalTestExecutionListener]. Specify custom listener classes or make the default listener classes (and their required dependencies) available. Offending class: [org/springframework/transaction/TransactionDefinition]
10:17:04.577 [main] DEBUG org.springframework.test.context.support.DefaultTestContextBootstrapper - Could not instantiate TestExecutionListener [org.springframework.test.context.jdbc.SqlScriptsTestExecutionListener]. Specify custom listener classes or make the default listener classes (and their required dependencies) available. Offending class: [org/springframework/transaction/interceptor/TransactionAttribute]
10:17:04.577 [main] INFO org.springframework.test.context.support.DefaultTestContextBootstrapper - Using TestExecutionListeners: [org.springframework.test.context.support.DirtiesContextBeforeModesTestExecutionListener@5fe94a96, org.springframework.test.context.support.DependencyInjectionTestExecutionListener@443118b0, org.springframework.test.context.support.DirtiesContextTestExecutionListener@765d7657]
10:17:04.581 [main] DEBUG org.springframework.test.annotation.ProfileValueUtils - Retrieved @ProfileValueSourceConfiguration [null] for test class [com.github.houbb.sispyhus.test.spring.SpringServiceTest]
10:17:04.581 [main] DEBUG org.springframework.test.annotation.ProfileValueUtils - Retrieved ProfileValueSource type [class org.springframework.test.annotation.SystemProfileValueSource] for class [com.github.houbb.sispyhus.test.spring.SpringServiceTest]
10:17:04.582 [main] DEBUG org.springframework.test.annotation.ProfileValueUtils - Retrieved @ProfileValueSourceConfiguration [null] for test class [com.github.houbb.sispyhus.test.springboot.SisyphusApplicationTest]
10:17:04.582 [main] DEBUG org.springframework.test.annotation.ProfileValueUtils - Retrieved ProfileValueSource type [class org.springframework.test.annotation.SystemProfileValueSource] for class [com.github.houbb.sispyhus.test.springboot.SisyphusApplicationTest]
Running com.github.houbb.sispyhus.test.annotation.core.RetryTemplateTest
WARNING: An illegal reflective access operation has occurred
SUREFIRE-859: WARNING: Illegal reflective access by net.sf.cglib.core.ReflectUtils$2 (file:/home/maven/.m2/repository/cglib/cglib/3.1/cglib-3.1.jar) to method java.lang.ClassLoader.defineClass(java.lang.String,byte[],int,int,java.security.ProtectionDomain)
WARNING: Please consider reporting this to the maintainers of net.sf.cglib.core.ReflectUtils$2
WARNING: Use --illegal-access=warn to enable warnings of further illegal reflective access operations
WARNING: All illegal access operations will be denied in a future release
查询菜单...
查询菜单...
查询菜单...
查询菜单...
Tests run: 2, Failures: 0, Errors: 0, Skipped: 0, Time elapsed: 0.067 sec - in com.github.houbb.sispyhus.test.annotation.core.RetryTemplateTest
Running com.github.houbb.sispyhus.test.spring.SpringServiceTest
10:17:04.652 [main] DEBUG org.springframework.test.context.junit4.SpringJUnit4ClassRunner - SpringJUnit4ClassRunner constructor called with [class com.github.houbb.sispyhus.test.spring.SpringServiceTest]
10:17:04.653 [main] DEBUG org.springframework.test.context.BootstrapUtils - Instantiating CacheAwareContextLoaderDelegate from class [org.springframework.test.context.cache.DefaultCacheAwareContextLoaderDelegate]
10:17:04.653 [main] DEBUG org.springframework.test.context.BootstrapUtils - Instantiating BootstrapContext using constructor [public org.springframework.test.context.support.DefaultBootstrapContext(java.lang.Class,org.springframework.test.context.CacheAwareContextLoaderDelegate)]
10:17:04.653 [main] DEBUG org.springframework.test.context.BootstrapUtils - Instantiating TestContextBootstrapper for test class [com.github.houbb.sispyhus.test.spring.SpringServiceTest] from class [org.springframework.test.context.support.DefaultTestContextBootstrapper]
10:17:04.654 [main] DEBUG org.springframework.test.context.support.AbstractDelegatingSmartContextLoader - Delegating to AnnotationConfigContextLoader to process context configuration [ContextConfigurationAttributes@483f6d77 declaringClass = 'com.github.houbb.sispyhus.test.spring.SpringServiceTest', classes = '{class com.github.houbb.sisyphus.test.config.SpringConfig}', locations = '{}', inheritLocations = true, initializers = '{}', inheritInitializers = true, name = [null], contextLoaderClass = 'org.springframework.test.context.ContextLoader'].
10:17:04.670 [main] DEBUG org.springframework.test.context.support.ActiveProfilesUtils - Could not find an 'annotation declaring class' for annotation type [org.springframework.test.context.ActiveProfiles] and class [com.github.houbb.sispyhus.test.spring.SpringServiceTest]
10:17:04.670 [main] DEBUG org.springframework.test.context.support.DefaultTestContextBootstrapper - @TestExecutionListeners is not present for class [com.github.houbb.sispyhus.test.spring.SpringServiceTest]: using defaults.
10:17:04.672 [main] INFO org.springframework.test.context.support.DefaultTestContextBootstrapper - Loaded default TestExecutionListener class names from location [META-INF/spring.factories]: [org.springframework.test.context.web.ServletTestExecutionListener, org.springframework.test.context.support.DirtiesContextBeforeModesTestExecutionListener, org.springframework.test.context.support.DependencyInjectionTestExecutionListener, org.springframework.test.context.support.DirtiesContextTestExecutionListener, org.springframework.test.context.transaction.TransactionalTestExecutionListener, org.springframework.test.context.jdbc.SqlScriptsTestExecutionListener]
10:17:04.672 [main] DEBUG org.springframework.test.context.support.DefaultTestContextBootstrapper - Could not instantiate TestExecutionListener [org.springframework.test.context.web.ServletTestExecutionListener]. Specify custom listener classes or make the default listener classes (and their required dependencies) available. Offending class: [javax/servlet/ServletContext]
10:17:04.672 [main] DEBUG org.springframework.test.context.support.DefaultTestContextBootstrapper - Could not instantiate TestExecutionListener [org.springframework.test.context.transaction.TransactionalTestExecutionListener]. Specify custom listener classes or make the default listener classes (and their required dependencies) available. Offending class: [org/springframework/transaction/TransactionDefinition]
10:17:04.673 [main] DEBUG org.springframework.test.context.support.DefaultTestContextBootstrapper - Could not instantiate TestExecutionListener [org.springframework.test.context.jdbc.SqlScriptsTestExecutionListener]. Specify custom listener classes or make the default listener classes (and their required dependencies) available. Offending class: [org/springframework/transaction/interceptor/TransactionAttribute]
10:17:04.673 [main] INFO org.springframework.test.context.support.DefaultTestContextBootstrapper - Using TestExecutionListeners: [org.springframework.test.context.support.DirtiesContextBeforeModesTestExecutionListener@7fee8714, org.springframework.test.context.support.DependencyInjectionTestExecutionListener@4229bb3f, org.springframework.test.context.support.DirtiesContextTestExecutionListener@56cdfb3b]
10:17:04.673 [main] DEBUG org.springframework.test.annotation.ProfileValueUtils - Retrieved @ProfileValueSourceConfiguration [null] for test class [com.github.houbb.sispyhus.test.spring.SpringServiceTest]
10:17:04.673 [main] DEBUG org.springframework.test.annotation.ProfileValueUtils - Retrieved ProfileValueSource type [class org.springframework.test.annotation.SystemProfileValueSource] for class [com.github.houbb.sispyhus.test.spring.SpringServiceTest]
10:17:04.673 [main] DEBUG org.springframework.test.annotation.ProfileValueUtils - Retrieved @ProfileValueSourceConfiguration [null] for test class [com.github.houbb.sispyhus.test.spring.SpringServiceTest]
10:17:04.673 [main] DEBUG org.springframework.test.annotation.ProfileValueUtils - Retrieved ProfileValueSource type [class org.springframework.test.annotation.SystemProfileValueSource] for class [com.github.houbb.sispyhus.test.spring.SpringServiceTest]
10:17:04.674 [main] DEBUG org.springframework.test.context.support.AbstractDirtiesContextTestExecutionListener - Before test class: context [DefaultTestContext@22ef9844 testClass = SpringServiceTest, testInstance = [null], testMethod = [null], testException = [null], mergedContextConfiguration = [MergedContextConfiguration@6283d8b8 testClass = SpringServiceTest, locations = '{}', classes = '{class com.github.houbb.sisyphus.test.config.SpringConfig}', contextInitializerClasses = '[]', activeProfiles = '{}', propertySourceLocations = '{}', propertySourceProperties = '{}', contextCustomizers = set[[empty]], contextLoader = 'org.springframework.test.context.support.DelegatingSmartContextLoader', parent = [null]]], class annotated with @DirtiesContext [false] with mode [null].
10:17:04.674 [main] DEBUG org.springframework.test.annotation.ProfileValueUtils - Retrieved @ProfileValueSourceConfiguration [null] for test class [com.github.houbb.sispyhus.test.spring.SpringServiceTest]
10:17:04.674 [main] DEBUG org.springframework.test.annotation.ProfileValueUtils - Retrieved ProfileValueSource type [class org.springframework.test.annotation.SystemProfileValueSource] for class [com.github.houbb.sispyhus.test.spring.SpringServiceTest]
10:17:04.681 [main] DEBUG org.springframework.test.context.support.DependencyInjectionTestExecutionListener - Performing dependency injection for test context [[DefaultTestContext@22ef9844 testClass = SpringServiceTest, testInstance = com.github.houbb.sispyhus.test.spring.SpringServiceTest@1a18644, testMethod = [null], testException = [null], mergedContextConfiguration = [MergedContextConfiguration@6283d8b8 testClass = SpringServiceTest, locations = '{}', classes = '{class com.github.houbb.sisyphus.test.config.SpringConfig}', contextInitializerClasses = '[]', activeProfiles = '{}', propertySourceLocations = '{}', propertySourceProperties = '{}', contextCustomizers = set[[empty]], contextLoader = 'org.springframework.test.context.support.DelegatingSmartContextLoader', parent = [null]]]].
10:17:04.682 [main] DEBUG org.springframework.test.context.support.AbstractDelegatingSmartContextLoader - Delegating to AnnotationConfigContextLoader to load context from [MergedContextConfiguration@6283d8b8 testClass = SpringServiceTest, locations = '{}', classes = '{class com.github.houbb.sisyphus.test.config.SpringConfig}', contextInitializerClasses = '[]', activeProfiles = '{}', propertySourceLocations = '{}', propertySourceProperties = '{}', contextCustomizers = set[[empty]], contextLoader = 'org.springframework.test.context.support.DelegatingSmartContextLoader', parent = [null]].
10:17:04.682 [main] DEBUG org.springframework.test.context.support.AbstractGenericContextLoader - Loading ApplicationContext for merged context configuration [[MergedContextConfiguration@6283d8b8 testClass = SpringServiceTest, locations = '{}', classes = '{class com.github.houbb.sisyphus.test.config.SpringConfig}', contextInitializerClasses = '[]', activeProfiles = '{}', propertySourceLocations = '{}', propertySourceProperties = '{}', contextCustomizers = set[[empty]], contextLoader = 'org.springframework.test.context.support.DelegatingSmartContextLoader', parent = [null]]].
10:17:04.710 [main] DEBUG org.springframework.core.env.StandardEnvironment - Adding PropertySource 'systemProperties' with lowest search precedence
10:17:04.711 [main] DEBUG org.springframework.core.env.StandardEnvironment - Adding PropertySource 'systemEnvironment' with lowest search precedence
10:17:04.712 [main] DEBUG org.springframework.core.env.StandardEnvironment - Initialized StandardEnvironment with PropertySources [MapPropertySource@2045036434 {name='systemProperties', properties={awt.toolkit=sun.awt.X11.XToolkit, java.specification.version=11, sun.cpu.isalist=, sun.jnu.encoding=UTF-8, java.class.path=/workdir/sisyphus/sisyphus-test/target/test-classes:/workdir/sisyphus/sisyphus-test/target/classes:/workdir/sisyphus/sisyphus-core/target/classes:/workdir/sisyphus/sisyphus-api/target/classes:/home/maven/.m2/repository/com/github/houbb/heaven/0.1.76/heaven-0.1.76.jar:/home/maven/.m2/repository/org/apiguardian/apiguardian-api/1.0.0/apiguardian-api-1.0.0.jar:/workdir/sisyphus/sisyphus-annotation/target/classes:/home/maven/.m2/repository/cglib/cglib/3.1/cglib-3.1.jar:/home/maven/.m2/repository/org/ow2/asm/asm/4.2/asm-4.2.jar:/workdir/sisyphus/sisyphus-spring/target/classes:/home/maven/.m2/repository/org/springframework/spring-aop/4.3.24.RELEASE/spring-aop-4.3.24.RELEASE.jar:/home/maven/.m2/repository/org/springframework/spring-beans/4.3.24.RELEASE/spring-beans-4.3.24.RELEASE.jar:/home/maven/.m2/repository/org/springframework/spring-context/4.3.24.RELEASE/spring-context-4.3.24.RELEASE.jar:/home/maven/.m2/repository/org/springframework/spring-expression/4.3.24.RELEASE/spring-expression-4.3.24.RELEASE.jar:/home/maven/.m2/repository/org/aspectj/aspectjweaver/1.8.5/aspectjweaver-1.8.5.jar:/home/maven/.m2/repository/org/aspectj/aspectjrt/1.8.5/aspectjrt-1.8.5.jar:/workdir/sisyphus/sisyphus-springboot-starter/target/classes:/home/maven/.m2/repository/org/springframework/boot/spring-boot-starter/1.5.22.RELEASE/spring-boot-starter-1.5.22.RELEASE.jar:/home/maven/.m2/repository/org/springframework/boot/spring-boot/1.5.22.RELEASE/spring-boot-1.5.22.RELEASE.jar:/home/maven/.m2/repository/org/springframework/boot/spring-boot-autoconfigure/1.5.22.RELEASE/spring-boot-autoconfigure-1.5.22.RELEASE.jar:/home/maven/.m2/repository/org/springframework/boot/spring-boot-starter-logging/1.5.22.RELEASE/spring-boot-starter-logging-1.5.22.RELEASE.jar:/home/maven/.m2/repository/ch/qos/logback/logback-classic/1.1.11/logback-classic-1.1.11.jar:/home/maven/.m2/repository/ch/qos/logback/logback-core/1.1.11/logback-core-1.1.11.jar:/home/maven/.m2/repository/org/slf4j/slf4j-api/1.7.22/slf4j-api-1.7.22.jar:/home/maven/.m2/repository/org/slf4j/jcl-over-slf4j/1.7.26/jcl-over-slf4j-1.7.26.jar:/home/maven/.m2/repository/org/slf4j/jul-to-slf4j/1.7.26/jul-to-slf4j-1.7.26.jar:/home/maven/.m2/repository/org/slf4j/log4j-over-slf4j/1.7.26/log4j-over-slf4j-1.7.26.jar:/home/maven/.m2/repository/org/yaml/snakeyaml/1.17/snakeyaml-1.17.jar:/home/maven/.m2/repository/junit/junit/4.12/junit-4.12.jar:/home/maven/.m2/repository/org/hamcrest/hamcrest-core/1.3/hamcrest-core-1.3.jar:/home/maven/.m2/repository/org/springframework/spring-test/4.3.24.RELEASE/spring-test-4.3.24.RELEASE.jar:/home/maven/.m2/repository/org/springframework/spring-core/4.3.24.RELEASE/spring-core-4.3.24.RELEASE.jar:/home/maven/.m2/repository/commons-logging/commons-logging/1.2/commons-logging-1.2.jar:, java.vm.vendor=Oracle Corporation, sun.arch.data.model=64, java.vendor.url=https://openjdk.java.net/, user.timezone=Etc/UTC, os.name=Linux, java.vm.specification.version=11, sun.java.launcher=SUN_STANDARD, sun.boot.library.path=/usr/local/openjdk-11/lib, sun.java.command=/workdir/sisyphus/sisyphus-test/target/surefire/surefirebooter11812386708714334084.jar /workdir/sisyphus/sisyphus-test/target/surefire/surefire8292449164932653360tmp /workdir/sisyphus/sisyphus-test/target/surefire/surefire_016203097646791848844tmp, jdk.debug=release, surefire.test.class.path=/workdir/sisyphus/sisyphus-test/target/test-classes:/workdir/sisyphus/sisyphus-test/target/classes:/workdir/sisyphus/sisyphus-core/target/classes:/workdir/sisyphus/sisyphus-api/target/classes:/home/maven/.m2/repository/com/github/houbb/heaven/0.1.76/heaven-0.1.76.jar:/home/maven/.m2/repository/org/apiguardian/apiguardian-api/1.0.0/apiguardian-api-1.0.0.jar:/workdir/sisyphus/sisyphus-annotation/target/classes:/home/maven/.m2/repository/cglib/cglib/3.1/cglib-3.1.jar:/home/maven/.m2/repository/org/ow2/asm/asm/4.2/asm-4.2.jar:/workdir/sisyphus/sisyphus-spring/target/classes:/home/maven/.m2/repository/org/springframework/spring-aop/4.3.24.RELEASE/spring-aop-4.3.24.RELEASE.jar:/home/maven/.m2/repository/org/springframework/spring-beans/4.3.24.RELEASE/spring-beans-4.3.24.RELEASE.jar:/home/maven/.m2/repository/org/springframework/spring-context/4.3.24.RELEASE/spring-context-4.3.24.RELEASE.jar:/home/maven/.m2/repository/org/springframework/spring-expression/4.3.24.RELEASE/spring-expression-4.3.24.RELEASE.jar:/home/maven/.m2/repository/org/aspectj/aspectjweaver/1.8.5/aspectjweaver-1.8.5.jar:/home/maven/.m2/repository/org/aspectj/aspectjrt/1.8.5/aspectjrt-1.8.5.jar:/workdir/sisyphus/sisyphus-springboot-starter/target/classes:/home/maven/.m2/repository/org/springframework/boot/spring-boot-starter/1.5.22.RELEASE/spring-boot-starter-1.5.22.RELEASE.jar:/home/maven/.m2/repository/org/springframework/boot/spring-boot/1.5.22.RELEASE/spring-boot-1.5.22.RELEASE.jar:/home/maven/.m2/repository/org/springframework/boot/spring-boot-autoconfigure/1.5.22.RELEASE/spring-boot-autoconfigure-1.5.22.RELEASE.jar:/home/maven/.m2/repository/org/springframework/boot/spring-boot-starter-logging/1.5.22.RELEASE/spring-boot-starter-logging-1.5.22.RELEASE.jar:/home/maven/.m2/repository/ch/qos/logback/logback-classic/1.1.11/logback-classic-1.1.11.jar:/home/maven/.m2/repository/ch/qos/logback/logback-core/1.1.11/logback-core-1.1.11.jar:/home/maven/.m2/repository/org/slf4j/slf4j-api/1.7.22/slf4j-api-1.7.22.jar:/home/maven/.m2/repository/org/slf4j/jcl-over-slf4j/1.7.26/jcl-over-slf4j-1.7.26.jar:/home/maven/.m2/repository/org/slf4j/jul-to-slf4j/1.7.26/jul-to-slf4j-1.7.26.jar:/home/maven/.m2/repository/org/slf4j/log4j-over-slf4j/1.7.26/log4j-over-slf4j-1.7.26.jar:/home/maven/.m2/repository/org/yaml/snakeyaml/1.17/snakeyaml-1.17.jar:/home/maven/.m2/repository/junit/junit/4.12/junit-4.12.jar:/home/maven/.m2/repository/org/hamcrest/hamcrest-core/1.3/hamcrest-core-1.3.jar:/home/maven/.m2/repository/org/springframework/spring-test/4.3.24.RELEASE/spring-test-4.3.24.RELEASE.jar:/home/maven/.m2/repository/org/springframework/spring-core/4.3.24.RELEASE/spring-core-4.3.24.RELEASE.jar:/home/maven/.m2/repository/commons-logging/commons-logging/1.2/commons-logging-1.2.jar:, sun.cpu.endian=little, user.home=/home/maven, user.language=en, java.specification.vendor=Oracle Corporation, java.version.date=2020-07-14, java.home=/usr/local/openjdk-11, surefire.skipAfterFailureCount=1, file.separator=/, basedir=/workdir/sisyphus/sisyphus-test, java.vm.compressedOopsMode=Zero based, line.separator=
, java.specification.name=Java Platform API Specification, java.vm.specification.vendor=Oracle Corporation, java.awt.graphicsenv=sun.awt.X11GraphicsEnvironment, surefire.real.class.path=/workdir/sisyphus/sisyphus-test/target/surefire/surefirebooter11812386708714334084.jar, sun.management.compiler=HotSpot 64-Bit Tiered Compilers, java.runtime.version=11.0.8+10, user.name=maven, path.separator=:, os.version=4.15.0-135-generic, java.runtime.name=OpenJDK Runtime Environment, file.encoding=UTF-8, java.vm.name=OpenJDK 64-Bit Server VM, java.vendor.version=18.9, localRepository=/home/maven/.m2/repository, java.vendor.url.bug=https://bugreport.java.com/bugreport/, java.io.tmpdir=/tmp, java.version=11.0.8, user.dir=/workdir/sisyphus/sisyphus-test, os.arch=amd64, java.vm.specification.name=Java Virtual Machine Specification, java.awt.printerjob=sun.print.PSPrinterJob, sun.os.patch.level=unknown, java.library.path=/usr/java/packages/lib:/usr/lib64:/lib64:/lib:/usr/lib, java.vm.info=mixed mode, java.vendor=N/A, java.vm.version=11.0.8+10, sun.io.unicode.encoding=UnicodeLittle, java.class.version=55.0}}, SystemEnvironmentPropertySource@426394307 {name='systemEnvironment', properties={PATH=/usr/local/openjdk-11/bin:/usr/local/sbin:/usr/local/bin:/usr/sbin:/usr/bin:/sbin:/bin, JAVA_HOME=/usr/local/openjdk-11, MAVEN_PROJECTBASEDIR=/workdir/sisyphus, OLDPWD=/workdir/sisyphus/sisyphus-test, LANG=C.UTF-8, MAVEN_HOME=/usr/share/maven, HOSTNAME=workerName:Worker-0, PWD=/workdir/sisyphus/sisyphus-test, JAVA_VERSION=11.0.8, MAVEN_CMD_LINE_ARGS= test -Dsurefire.skipAfterFailureCount=1, HOME=/home/maven, SHLVL=2, _=/usr/bin/mvn}}]
10:17:04.713 [main] DEBUG org.springframework.core.env.StandardEnvironment - Activating profiles []
10:17:04.713 [main] DEBUG org.springframework.test.context.support.AnnotationConfigContextLoader - Registering annotated classes: {class com.github.houbb.sisyphus.test.config.SpringConfig}
10:17:04.738 [main] INFO org.springframework.context.support.GenericApplicationContext - Refreshing org.springframework.context.support.GenericApplicationContext@23c30a20: startup date [Mon Feb 15 10:17:04 UTC 2021]; root of context hierarchy
10:17:04.739 [main] DEBUG org.springframework.context.support.GenericApplicationContext - Bean factory for org.springframework.context.support.GenericApplicationContext@23c30a20: org.springframework.beans.factory.support.DefaultListableBeanFactory@34bde49d: defining beans [org.springframework.context.annotation.internalConfigurationAnnotationProcessor,org.springframework.context.annotation.internalAutowiredAnnotationProcessor,org.springframework.context.annotation.internalRequiredAnnotationProcessor,org.springframework.context.event.internalEventListenerProcessor,org.springframework.context.event.internalEventListenerFactory,springConfig]; root of factory hierarchy
10:17:04.747 [main] DEBUG org.springframework.beans.factory.support.DefaultListableBeanFactory - Creating shared instance of singleton bean 'org.springframework.context.annotation.internalConfigurationAnnotationProcessor'
10:17:04.747 [main] DEBUG org.springframework.beans.factory.support.DefaultListableBeanFactory - Creating instance of bean 'org.springframework.context.annotation.internalConfigurationAnnotationProcessor'
10:17:04.755 [main] DEBUG org.springframework.beans.factory.support.DefaultListableBeanFactory - Eagerly caching bean 'org.springframework.context.annotation.internalConfigurationAnnotationProcessor' to allow for resolving potential circular references
10:17:04.757 [main] DEBUG org.springframework.beans.factory.support.DefaultListableBeanFactory - Finished creating instance of bean 'org.springframework.context.annotation.internalConfigurationAnnotationProcessor'
10:17:04.770 [main] DEBUG org.springframework.core.io.support.PathMatchingResourcePatternResolver - Resolved classpath location [com/github/houbb/sisyphus/test/service/] to resources [URL [file:/workdir/sisyphus/sisyphus-test/target/classes/com/github/houbb/sisyphus/test/service/]]
10:17:04.770 [main] DEBUG org.springframework.core.io.support.PathMatchingResourcePatternResolver - Looking for matching resources in directory tree [/workdir/sisyphus/sisyphus-test/target/classes/com/github/houbb/sisyphus/test/service]
10:17:04.770 [main] DEBUG org.springframework.core.io.support.PathMatchingResourcePatternResolver - Searching directory [/workdir/sisyphus/sisyphus-test/target/classes/com/github/houbb/sisyphus/test/service] for files matching pattern [/workdir/sisyphus/sisyphus-test/target/classes/com/github/houbb/sisyphus/test/service/**/*.class]
10:17:04.771 [main] DEBUG org.springframework.core.io.support.PathMatchingResourcePatternResolver - Searching directory [/workdir/sisyphus/sisyphus-test/target/classes/com/github/houbb/sisyphus/test/service/impl] for files matching pattern [/workdir/sisyphus/sisyphus-test/target/classes/com/github/houbb/sisyphus/test/service/**/*.class]
10:17:04.772 [main] DEBUG org.springframework.core.io.support.PathMatchingResourcePatternResolver - Resolved location pattern [classpath*:com/github/houbb/sisyphus/test/service/**/*.class] to resources [file [/workdir/sisyphus/sisyphus-test/target/classes/com/github/houbb/sisyphus/test/service/SpringService.class], file [/workdir/sisyphus/sisyphus-test/target/classes/com/github/houbb/sisyphus/test/service/impl/SpringServiceImpl.class]]
10:17:04.784 [main] DEBUG org.springframework.context.annotation.ClassPathBeanDefinitionScanner - Identified candidate component class: file [/workdir/sisyphus/sisyphus-test/target/classes/com/github/houbb/sisyphus/test/service/impl/SpringServiceImpl.class]
10:17:04.792 [main] DEBUG org.springframework.core.io.support.PathMatchingResourcePatternResolver - Resolved classpath location [com/github/houbb/sisyphus/spring/] to resources [URL [file:/workdir/sisyphus/sisyphus-spring/target/classes/com/github/houbb/sisyphus/spring/]]
10:17:04.792 [main] DEBUG org.springframework.core.io.support.PathMatchingResourcePatternResolver - Looking for matching resources in directory tree [/workdir/sisyphus/sisyphus-spring/target/classes/com/github/houbb/sisyphus/spring]
10:17:04.792 [main] DEBUG org.springframework.core.io.support.PathMatchingResourcePatternResolver - Searching directory [/workdir/sisyphus/sisyphus-spring/target/classes/com/github/houbb/sisyphus/spring] for files matching pattern [/workdir/sisyphus/sisyphus-spring/target/classes/com/github/houbb/sisyphus/spring/**/*.class]
10:17:04.793 [main] DEBUG org.springframework.core.io.support.PathMatchingResourcePatternResolver - Searching directory [/workdir/sisyphus/sisyphus-spring/target/classes/com/github/houbb/sisyphus/spring/annotation] for files matching pattern [/workdir/sisyphus/sisyphus-spring/target/classes/com/github/houbb/sisyphus/spring/**/*.class]
10:17:04.793 [main] DEBUG org.springframework.core.io.support.PathMatchingResourcePatternResolver - Searching directory [/workdir/sisyphus/sisyphus-spring/target/classes/com/github/houbb/sisyphus/spring/aop] for files matching pattern [/workdir/sisyphus/sisyphus-spring/target/classes/com/github/houbb/sisyphus/spring/**/*.class]
10:17:04.793 [main] DEBUG org.springframework.core.io.support.PathMatchingResourcePatternResolver - Searching directory [/workdir/sisyphus/sisyphus-spring/target/classes/com/github/houbb/sisyphus/spring/config] for files matching pattern [/workdir/sisyphus/sisyphus-spring/target/classes/com/github/houbb/sisyphus/spring/**/*.class]
10:17:04.794 [main] DEBUG org.springframework.core.io.support.PathMatchingResourcePatternResolver - Resolved location pattern [classpath*:com/github/houbb/sisyphus/spring/**/*.class] to resources [file [/workdir/sisyphus/sisyphus-spring/target/classes/com/github/houbb/sisyphus/spring/annotation/EnableRetry.class], file [/workdir/sisyphus/sisyphus-spring/target/classes/com/github/houbb/sisyphus/spring/aop/RetryAop$1.class], file [/workdir/sisyphus/sisyphus-spring/target/classes/com/github/houbb/sisyphus/spring/aop/RetryAop.class], file [/workdir/sisyphus/sisyphus-spring/target/classes/com/github/houbb/sisyphus/spring/config/RetryAopConfig.class]]
10:17:04.796 [main] DEBUG org.springframework.context.annotation.ClassPathBeanDefinitionScanner - Identified candidate component class: file [/workdir/sisyphus/sisyphus-spring/target/classes/com/github/houbb/sisyphus/spring/aop/RetryAop.class]
10:17:04.799 [main] DEBUG org.springframework.context.annotation.ConfigurationClassBeanDefinitionReader - Registered bean definition for imported class 'com.github.houbb.sisyphus.spring.config.RetryAopConfig'
10:17:04.848 [main] DEBUG org.springframework.context.annotation.ConfigurationClassEnhancer - Successfully enhanced com.github.houbb.sisyphus.spring.config.RetryAopConfig; enhanced class name is: com.github.houbb.sisyphus.spring.config.RetryAopConfig$$EnhancerBySpringCGLIB$$fb45267f
10:17:04.848 [main] DEBUG org.springframework.context.annotation.ConfigurationClassPostProcessor - Replacing bean definition 'com.github.houbb.sisyphus.spring.config.RetryAopConfig' existing class 'com.github.houbb.sisyphus.spring.config.RetryAopConfig' with enhanced class 'com.github.houbb.sisyphus.spring.config.RetryAopConfig$$EnhancerBySpringCGLIB$$fb45267f'
10:17:04.849 [main] DEBUG org.springframework.beans.factory.support.DefaultListableBeanFactory - Creating shared instance of singleton bean 'org.springframework.context.annotation.internalAutowiredAnnotationProcessor'
10:17:04.849 [main] DEBUG org.springframework.beans.factory.support.DefaultListableBeanFactory - Creating instance of bean 'org.springframework.context.annotation.internalAutowiredAnnotationProcessor'
10:17:04.850 [main] DEBUG org.springframework.beans.factory.support.DefaultListableBeanFactory - Eagerly caching bean 'org.springframework.context.annotation.internalAutowiredAnnotationProcessor' to allow for resolving potential circular references
10:17:04.894 [main] DEBUG org.springframework.beans.factory.support.DefaultListableBeanFactory - Finished creating instance of bean 'org.springframework.context.annotation.internalAutowiredAnnotationProcessor'
10:17:04.894 [main] DEBUG org.springframework.beans.factory.support.DefaultListableBeanFactory - Creating shared instance of singleton bean 'org.springframework.context.annotation.internalRequiredAnnotationProcessor'
10:17:04.895 [main] DEBUG org.springframework.beans.factory.support.DefaultListableBeanFactory - Creating instance of bean 'org.springframework.context.annotation.internalRequiredAnnotationProcessor'
10:17:04.895 [main] DEBUG org.springframework.beans.factory.support.DefaultListableBeanFactory - Eagerly caching bean 'org.springframework.context.annotation.internalRequiredAnnotationProcessor' to allow for resolving potential circular references
10:17:04.897 [main] DEBUG org.springframework.beans.factory.support.DefaultListableBeanFactory - Finished creating instance of bean 'org.springframework.context.annotation.internalRequiredAnnotationProcessor'
10:17:04.897 [main] DEBUG org.springframework.beans.factory.support.DefaultListableBeanFactory - Creating shared instance of singleton bean 'org.springframework.aop.config.internalAutoProxyCreator'
10:17:04.897 [main] DEBUG org.springframework.beans.factory.support.DefaultListableBeanFactory - Creating instance of bean 'org.springframework.aop.config.internalAutoProxyCreator'
10:17:04.902 [main] DEBUG org.springframework.beans.factory.support.DefaultListableBeanFactory - Eagerly caching bean 'org.springframework.aop.config.internalAutoProxyCreator' to allow for resolving potential circular references
10:17:04.919 [main] DEBUG org.springframework.beans.factory.support.DefaultListableBeanFactory - Finished creating instance of bean 'org.springframework.aop.config.internalAutoProxyCreator'
10:17:04.920 [main] DEBUG org.springframework.context.support.GenericApplicationContext - Unable to locate MessageSource with name 'messageSource': using default [org.springframework.context.support.DelegatingMessageSource@34f7234e]
10:17:04.921 [main] DEBUG org.springframework.context.support.GenericApplicationContext - Unable to locate ApplicationEventMulticaster with name 'applicationEventMulticaster': using default [org.springframework.context.event.SimpleApplicationEventMulticaster@3724af13]
10:17:04.922 [main] DEBUG org.springframework.beans.factory.support.DefaultListableBeanFactory - Pre-instantiating singletons in org.springframework.beans.factory.support.DefaultListableBeanFactory@34bde49d: defining beans [org.springframework.context.annotation.internalConfigurationAnnotationProcessor,org.springframework.context.annotation.internalAutowiredAnnotationProcessor,org.springframework.context.annotation.internalRequiredAnnotationProcessor,org.springframework.context.event.internalEventListenerProcessor,org.springframework.context.event.internalEventListenerFactory,springConfig,springServiceImpl,retryAop,com.github.houbb.sisyphus.spring.config.RetryAopConfig,org.springframework.aop.config.internalAutoProxyCreator]; root of factory hierarchy
10:17:04.922 [main] DEBUG org.springframework.beans.factory.support.DefaultListableBeanFactory - Returning cached instance of singleton bean 'org.springframework.context.annotation.internalConfigurationAnnotationProcessor'
10:17:04.922 [main] DEBUG org.springframework.beans.factory.support.DefaultListableBeanFactory - Returning cached instance of singleton bean 'org.springframework.context.annotation.internalAutowiredAnnotationProcessor'
10:17:04.922 [main] DEBUG org.springframework.beans.factory.support.DefaultListableBeanFactory - Returning cached instance of singleton bean 'org.springframework.context.annotation.internalRequiredAnnotationProcessor'
10:17:04.922 [main] DEBUG org.springframework.beans.factory.support.DefaultListableBeanFactory - Creating shared instance of singleton bean 'org.springframework.context.event.internalEventListenerProcessor'
10:17:04.922 [main] DEBUG org.springframework.beans.factory.support.DefaultListableBeanFactory - Creating instance of bean 'org.springframework.context.event.internalEventListenerProcessor'
10:17:04.936 [main] DEBUG org.springframework.aop.aspectj.annotation.ReflectiveAspectJAdvisorFactory - Found AspectJ method: public java.lang.Object com.github.houbb.sisyphus.spring.aop.RetryAop.around(org.aspectj.lang.ProceedingJoinPoint) throws java.lang.Throwable
10:17:04.939 [main] DEBUG org.springframework.beans.factory.support.DefaultListableBeanFactory - Eagerly caching bean 'org.springframework.context.event.internalEventListenerProcessor' to allow for resolving potential circular references
10:17:05.045 [main] DEBUG org.springframework.beans.factory.support.DefaultListableBeanFactory - Finished creating instance of bean 'org.springframework.context.event.internalEventListenerProcessor'
10:17:05.045 [main] DEBUG org.springframework.beans.factory.support.DefaultListableBeanFactory - Creating shared instance of singleton bean 'org.springframework.context.event.internalEventListenerFactory'
10:17:05.045 [main] DEBUG org.springframework.beans.factory.support.DefaultListableBeanFactory - Creating instance of bean 'org.springframework.context.event.internalEventListenerFactory'
10:17:05.045 [main] DEBUG org.springframework.beans.factory.support.DefaultListableBeanFactory - Eagerly caching bean 'org.springframework.context.event.internalEventListenerFactory' to allow for resolving potential circular references
10:17:05.049 [main] DEBUG org.springframework.beans.factory.support.DefaultListableBeanFactory - Finished creating instance of bean 'org.springframework.context.event.internalEventListenerFactory'
10:17:05.049 [main] DEBUG org.springframework.beans.factory.support.DefaultListableBeanFactory - Creating shared instance of singleton bean 'springConfig'
10:17:05.049 [main] DEBUG org.springframework.beans.factory.support.DefaultListableBeanFactory - Creating instance of bean 'springConfig'
10:17:05.049 [main] DEBUG org.springframework.beans.factory.support.DefaultListableBeanFactory - Eagerly caching bean 'springConfig' to allow for resolving potential circular references
10:17:05.050 [main] DEBUG org.springframework.beans.factory.support.DefaultListableBeanFactory - Finished creating instance of bean 'springConfig'
10:17:05.051 [main] DEBUG org.springframework.beans.factory.support.DefaultListableBeanFactory - Creating shared instance of singleton bean 'springServiceImpl'
10:17:05.051 [main] DEBUG org.springframework.beans.factory.support.DefaultListableBeanFactory - Creating instance of bean 'springServiceImpl'
10:17:05.051 [main] DEBUG org.springframework.beans.factory.support.DefaultListableBeanFactory - Eagerly caching bean 'springServiceImpl' to allow for resolving potential circular references
10:17:05.056 [main] DEBUG org.springframework.aop.aspectj.annotation.AnnotationAwareAspectJAutoProxyCreator - Creating implicit proxy for bean 'springServiceImpl' with 0 common interceptors and 2 specific interceptors
10:17:05.057 [main] DEBUG org.springframework.aop.framework.JdkDynamicAopProxy - Creating JDK dynamic proxy: target source is SingletonTargetSource for target object [com.github.houbb.sisyphus.test.service.impl.SpringServiceImpl@a1217f9]
10:17:05.060 [main] DEBUG org.springframework.beans.factory.support.DefaultListableBeanFactory - Finished creating instance of bean 'springServiceImpl'
10:17:05.060 [main] DEBUG org.springframework.beans.factory.support.DefaultListableBeanFactory - Creating shared instance of singleton bean 'retryAop'
10:17:05.060 [main] DEBUG org.springframework.beans.factory.support.DefaultListableBeanFactory - Creating instance of bean 'retryAop'
10:17:05.061 [main] DEBUG org.springframework.beans.factory.support.DefaultListableBeanFactory - Eagerly caching bean 'retryAop' to allow for resolving potential circular references
10:17:05.061 [main] DEBUG org.springframework.beans.factory.support.DefaultListableBeanFactory - Finished creating instance of bean 'retryAop'
10:17:05.062 [main] DEBUG org.springframework.beans.factory.support.DefaultListableBeanFactory - Creating shared instance of singleton bean 'com.github.houbb.sisyphus.spring.config.RetryAopConfig'
10:17:05.062 [main] DEBUG org.springframework.beans.factory.support.DefaultListableBeanFactory - Creating instance of bean 'com.github.houbb.sisyphus.spring.config.RetryAopConfig'
10:17:05.062 [main] DEBUG org.springframework.beans.factory.support.DefaultListableBeanFactory - Eagerly caching bean 'com.github.houbb.sisyphus.spring.config.RetryAopConfig' to allow for resolving potential circular references
10:17:05.065 [main] DEBUG org.springframework.beans.factory.support.DefaultListableBeanFactory - Finished creating instance of bean 'com.github.houbb.sisyphus.spring.config.RetryAopConfig'
10:17:05.066 [main] DEBUG org.springframework.beans.factory.support.DefaultListableBeanFactory - Returning cached instance of singleton bean 'org.springframework.aop.config.internalAutoProxyCreator'
10:17:05.066 [main] DEBUG org.springframework.beans.factory.support.DefaultListableBeanFactory - Returning cached instance of singleton bean 'org.springframework.context.event.internalEventListenerFactory'
10:17:05.081 [main] DEBUG org.springframework.context.support.GenericApplicationContext - Unable to locate LifecycleProcessor with name 'lifecycleProcessor': using default [org.springframework.context.support.DefaultLifecycleProcessor@9cd25ff]
10:17:05.082 [main] DEBUG org.springframework.beans.factory.support.DefaultListableBeanFactory - Returning cached instance of singleton bean 'lifecycleProcessor'
10:17:05.083 [main] DEBUG org.springframework.core.env.PropertySourcesPropertyResolver - Could not find key 'spring.liveBeansView.mbeanDomain' in any property source
10:17:05.084 [main] DEBUG org.springframework.test.context.cache.DefaultCacheAwareContextLoaderDelegate - Storing ApplicationContext in cache under key [[MergedContextConfiguration@6283d8b8 testClass = SpringServiceTest, locations = '{}', classes = '{class com.github.houbb.sisyphus.test.config.SpringConfig}', contextInitializerClasses = '[]', activeProfiles = '{}', propertySourceLocations = '{}', propertySourceProperties = '{}', contextCustomizers = set[[empty]], contextLoader = 'org.springframework.test.context.support.DelegatingSmartContextLoader', parent = [null]]]
10:17:05.084 [main] DEBUG org.springframework.test.context.cache - Spring test ApplicationContext cache statistics: [DefaultContextCache@724bade8 size = 1, maxSize = 32, parentContextCount = 0, hitCount = 0, missCount = 1]
10:17:05.087 [main] DEBUG org.springframework.beans.factory.annotation.InjectionMetadata - Processing injected element of bean 'com.github.houbb.sispyhus.test.spring.SpringServiceTest': AutowiredFieldElement for private com.github.houbb.sisyphus.test.service.SpringService com.github.houbb.sispyhus.test.spring.SpringServiceTest.springService
10:17:05.089 [main] DEBUG org.springframework.beans.factory.support.DefaultListableBeanFactory - Returning cached instance of singleton bean 'springServiceImpl'
10:17:05.089 [main] DEBUG org.springframework.beans.factory.annotation.AutowiredAnnotationBeanPostProcessor - Autowiring by type from bean name 'com.github.houbb.sispyhus.test.spring.SpringServiceTest' to bean named 'springServiceImpl'
10:17:05.092 [main] DEBUG org.springframework.test.context.support.AbstractDirtiesContextTestExecutionListener - Before test method: context [DefaultTestContext@22ef9844 testClass = SpringServiceTest, testInstance = com.github.houbb.sispyhus.test.spring.SpringServiceTest@1a18644, testMethod = queryTest@SpringServiceTest, testException = [null], mergedContextConfiguration = [MergedContextConfiguration@6283d8b8 testClass = SpringServiceTest, locations = '{}', classes = '{class com.github.houbb.sisyphus.test.config.SpringConfig}', contextInitializerClasses = '[]', activeProfiles = '{}', propertySourceLocations = '{}', propertySourceProperties = '{}', contextCustomizers = set[[empty]], contextLoader = 'org.springframework.test.context.support.DelegatingSmartContextLoader', parent = [null]]], class annotated with @DirtiesContext [false] with mode [null], method annotated with @DirtiesContext [false] with mode [null].
10:17:05.096 [main] DEBUG org.springframework.beans.factory.support.DefaultListableBeanFactory - Returning cached instance of singleton bean 'retryAop'
spring service query...
spring service query...
spring service query...
10:17:05.098 [main] DEBUG org.springframework.test.context.support.AbstractDirtiesContextTestExecutionListener - After test method: context [DefaultTestContext@22ef9844 testClass = SpringServiceTest, testInstance = com.github.houbb.sispyhus.test.spring.SpringServiceTest@1a18644, testMethod = queryTest@SpringServiceTest, testException = [null], mergedContextConfiguration = [MergedContextConfiguration@6283d8b8 testClass = SpringServiceTest, locations = '{}', classes = '{class com.github.houbb.sisyphus.test.config.SpringConfig}', contextInitializerClasses = '[]', activeProfiles = '{}', propertySourceLocations = '{}', propertySourceProperties = '{}', contextCustomizers = set[[empty]], contextLoader = 'org.springframework.test.context.support.DelegatingSmartContextLoader', parent = [null]]], class annotated with @DirtiesContext [false] with mode [null], method annotated with @DirtiesContext [false] with mode [null].
10:17:05.099 [main] DEBUG org.springframework.test.context.support.AbstractDirtiesContextTestExecutionListener - After test class: context [DefaultTestContext@22ef9844 testClass = SpringServiceTest, testInstance = [null], testMethod = [null], testException = [null], mergedContextConfiguration = [MergedContextConfiguration@6283d8b8 testClass = SpringServiceTest, locations = '{}', classes = '{class com.github.houbb.sisyphus.test.config.SpringConfig}', contextInitializerClasses = '[]', activeProfiles = '{}', propertySourceLocations = '{}', propertySourceProperties = '{}', contextCustomizers = set[[empty]], contextLoader = 'org.springframework.test.context.support.DelegatingSmartContextLoader', parent = [null]]], class annotated with @DirtiesContext [false] with mode [null].
Tests run: 1, Failures: 0, Errors: 0, Skipped: 0, Time elapsed: 0.44 sec - in com.github.houbb.sispyhus.test.spring.SpringServiceTest
Running com.github.houbb.sispyhus.test.springboot.SisyphusApplicationTest
10:17:05.099 [main] DEBUG org.springframework.test.context.junit4.SpringJUnit4ClassRunner - SpringJUnit4ClassRunner constructor called with [class com.github.houbb.sispyhus.test.springboot.SisyphusApplicationTest]
10:17:05.100 [main] DEBUG org.springframework.test.context.BootstrapUtils - Instantiating CacheAwareContextLoaderDelegate from class [org.springframework.test.context.cache.DefaultCacheAwareContextLoaderDelegate]
10:17:05.100 [main] DEBUG org.springframework.test.context.BootstrapUtils - Instantiating BootstrapContext using constructor [public org.springframework.test.context.support.DefaultBootstrapContext(java.lang.Class,org.springframework.test.context.CacheAwareContextLoaderDelegate)]
10:17:05.100 [main] DEBUG org.springframework.test.context.BootstrapUtils - Instantiating TestContextBootstrapper for test class [com.github.houbb.sispyhus.test.springboot.SisyphusApplicationTest] from class [org.springframework.test.context.support.DefaultTestContextBootstrapper]
10:17:05.100 [main] DEBUG org.springframework.test.context.support.AbstractDelegatingSmartContextLoader - Delegating to AnnotationConfigContextLoader to process context configuration [ContextConfigurationAttributes@37fbe4a8 declaringClass = 'com.github.houbb.sispyhus.test.springboot.SisyphusApplicationTest', classes = '{class com.github.houbb.sisyphus.test.SisyphusApplication}', locations = '{}', inheritLocations = true, initializers = '{}', inheritInitializers = true, name = [null], contextLoaderClass = 'org.springframework.test.context.ContextLoader'].
10:17:05.102 [main] DEBUG org.springframework.test.context.support.ActiveProfilesUtils - Could not find an 'annotation declaring class' for annotation type [org.springframework.test.context.ActiveProfiles] and class [com.github.houbb.sispyhus.test.springboot.SisyphusApplicationTest]
10:17:05.102 [main] DEBUG org.springframework.test.context.support.DefaultTestContextBootstrapper - @TestExecutionListeners is not present for class [com.github.houbb.sispyhus.test.springboot.SisyphusApplicationTest]: using defaults.
10:17:05.104 [main] INFO org.springframework.test.context.support.DefaultTestContextBootstrapper - Loaded default TestExecutionListener class names from location [META-INF/spring.factories]: [org.springframework.test.context.web.ServletTestExecutionListener, org.springframework.test.context.support.DirtiesContextBeforeModesTestExecutionListener, org.springframework.test.context.support.DependencyInjectionTestExecutionListener, org.springframework.test.context.support.DirtiesContextTestExecutionListener, org.springframework.test.context.transaction.TransactionalTestExecutionListener, org.springframework.test.context.jdbc.SqlScriptsTestExecutionListener]
10:17:05.104 [main] DEBUG org.springframework.test.context.support.DefaultTestContextBootstrapper - Could not instantiate TestExecutionListener [org.springframework.test.context.web.ServletTestExecutionListener]. Specify custom listener classes or make the default listener classes (and their required dependencies) available. Offending class: [javax/servlet/ServletContext]
10:17:05.104 [main] DEBUG org.springframework.test.context.support.DefaultTestContextBootstrapper - Could not instantiate TestExecutionListener [org.springframework.test.context.transaction.TransactionalTestExecutionListener]. Specify custom listener classes or make the default listener classes (and their required dependencies) available. Offending class: [org/springframework/transaction/TransactionDefinition]
10:17:05.105 [main] DEBUG org.springframework.test.context.support.DefaultTestContextBootstrapper - Could not instantiate TestExecutionListener [org.springframework.test.context.jdbc.SqlScriptsTestExecutionListener]. Specify custom listener classes or make the default listener classes (and their required dependencies) available. Offending class: [org/springframework/transaction/interceptor/TransactionAttribute]
10:17:05.105 [main] INFO org.springframework.test.context.support.DefaultTestContextBootstrapper - Using TestExecutionListeners: [org.springframework.test.context.support.DirtiesContextBeforeModesTestExecutionListener@35038141, org.springframework.test.context.support.DependencyInjectionTestExecutionListener@ecf9049, org.springframework.test.context.support.DirtiesContextTestExecutionListener@672f11c2]
10:17:05.105 [main] DEBUG org.springframework.test.annotation.ProfileValueUtils - Retrieved @ProfileValueSourceConfiguration [null] for test class [com.github.houbb.sispyhus.test.springboot.SisyphusApplicationTest]
10:17:05.105 [main] DEBUG org.springframework.test.annotation.ProfileValueUtils - Retrieved ProfileValueSource type [class org.springframework.test.annotation.SystemProfileValueSource] for class [com.github.houbb.sispyhus.test.springboot.SisyphusApplicationTest]
10:17:05.105 [main] DEBUG org.springframework.test.annotation.ProfileValueUtils - Retrieved @ProfileValueSourceConfiguration [null] for test class [com.github.houbb.sispyhus.test.springboot.SisyphusApplicationTest]
10:17:05.105 [main] DEBUG org.springframework.test.annotation.ProfileValueUtils - Retrieved ProfileValueSource type [class org.springframework.test.annotation.SystemProfileValueSource] for class [com.github.houbb.sispyhus.test.springboot.SisyphusApplicationTest]
10:17:05.106 [main] DEBUG org.springframework.test.context.support.AbstractDirtiesContextTestExecutionListener - Before test class: context [DefaultTestContext@2970a5bc testClass = SisyphusApplicationTest, testInstance = [null], testMethod = [null], testException = [null], mergedContextConfiguration = [MergedContextConfiguration@50305a testClass = SisyphusApplicationTest, locations = '{}', classes = '{class com.github.houbb.sisyphus.test.SisyphusApplication}', contextInitializerClasses = '[]', activeProfiles = '{}', propertySourceLocations = '{}', propertySourceProperties = '{}', contextCustomizers = set[[empty]], contextLoader = 'org.springframework.test.context.support.DelegatingSmartContextLoader', parent = [null]]], class annotated with @DirtiesContext [false] with mode [null].
10:17:05.106 [main] DEBUG org.springframework.test.annotation.ProfileValueUtils - Retrieved @ProfileValueSourceConfiguration [null] for test class [com.github.houbb.sispyhus.test.springboot.SisyphusApplicationTest]
10:17:05.106 [main] DEBUG org.springframework.test.annotation.ProfileValueUtils - Retrieved ProfileValueSource type [class org.springframework.test.annotation.SystemProfileValueSource] for class [com.github.houbb.sispyhus.test.springboot.SisyphusApplicationTest]
10:17:05.106 [main] DEBUG org.springframework.test.context.support.DependencyInjectionTestExecutionListener - Performing dependency injection for test context [[DefaultTestContext@2970a5bc testClass = SisyphusApplicationTest, testInstance = com.github.houbb.sispyhus.test.springboot.SisyphusApplicationTest@72efb5c1, testMethod = [null], testException = [null], mergedContextConfiguration = [MergedContextConfiguration@50305a testClass = SisyphusApplicationTest, locations = '{}', classes = '{class com.github.houbb.sisyphus.test.SisyphusApplication}', contextInitializerClasses = '[]', activeProfiles = '{}', propertySourceLocations = '{}', propertySourceProperties = '{}', contextCustomizers = set[[empty]], contextLoader = 'org.springframework.test.context.support.DelegatingSmartContextLoader', parent = [null]]]].
10:17:05.106 [main] DEBUG org.springframework.test.context.support.AbstractDelegatingSmartContextLoader - Delegating to AnnotationConfigContextLoader to load context from [MergedContextConfiguration@50305a testClass = SisyphusApplicationTest, locations = '{}', classes = '{class com.github.houbb.sisyphus.test.SisyphusApplication}', contextInitializerClasses = '[]', activeProfiles = '{}', propertySourceLocations = '{}', propertySourceProperties = '{}', contextCustomizers = set[[empty]], contextLoader = 'org.springframework.test.context.support.DelegatingSmartContextLoader', parent = [null]].
10:17:05.106 [main] DEBUG org.springframework.test.context.support.AbstractGenericContextLoader - Loading ApplicationContext for merged context configuration [[MergedContextConfiguration@50305a testClass = SisyphusApplicationTest, locations = '{}', classes = '{class com.github.houbb.sisyphus.test.SisyphusApplication}', contextInitializerClasses = '[]', activeProfiles = '{}', propertySourceLocations = '{}', propertySourceProperties = '{}', contextCustomizers = set[[empty]], contextLoader = 'org.springframework.test.context.support.DelegatingSmartContextLoader', parent = [null]]].
10:17:05.106 [main] DEBUG org.springframework.core.env.StandardEnvironment - Adding PropertySource 'systemProperties' with lowest search precedence
10:17:05.106 [main] DEBUG org.springframework.core.env.StandardEnvironment - Adding PropertySource 'systemEnvironment' with lowest search precedence
10:17:05.107 [main] DEBUG org.springframework.core.env.StandardEnvironment - Initialized StandardEnvironment with PropertySources [MapPropertySource@1092619788 {name='systemProperties', properties={awt.toolkit=sun.awt.X11.XToolkit, java.specification.version=11, sun.cpu.isalist=, sun.jnu.encoding=UTF-8, java.class.path=/workdir/sisyphus/sisyphus-test/target/test-classes:/workdir/sisyphus/sisyphus-test/target/classes:/workdir/sisyphus/sisyphus-core/target/classes:/workdir/sisyphus/sisyphus-api/target/classes:/home/maven/.m2/repository/com/github/houbb/heaven/0.1.76/heaven-0.1.76.jar:/home/maven/.m2/repository/org/apiguardian/apiguardian-api/1.0.0/apiguardian-api-1.0.0.jar:/workdir/sisyphus/sisyphus-annotation/target/classes:/home/maven/.m2/repository/cglib/cglib/3.1/cglib-3.1.jar:/home/maven/.m2/repository/org/ow2/asm/asm/4.2/asm-4.2.jar:/workdir/sisyphus/sisyphus-spring/target/classes:/home/maven/.m2/repository/org/springframework/spring-aop/4.3.24.RELEASE/spring-aop-4.3.24.RELEASE.jar:/home/maven/.m2/repository/org/springframework/spring-beans/4.3.24.RELEASE/spring-beans-4.3.24.RELEASE.jar:/home/maven/.m2/repository/org/springframework/spring-context/4.3.24.RELEASE/spring-context-4.3.24.RELEASE.jar:/home/maven/.m2/repository/org/springframework/spring-expression/4.3.24.RELEASE/spring-expression-4.3.24.RELEASE.jar:/home/maven/.m2/repository/org/aspectj/aspectjweaver/1.8.5/aspectjweaver-1.8.5.jar:/home/maven/.m2/repository/org/aspectj/aspectjrt/1.8.5/aspectjrt-1.8.5.jar:/workdir/sisyphus/sisyphus-springboot-starter/target/classes:/home/maven/.m2/repository/org/springframework/boot/spring-boot-starter/1.5.22.RELEASE/spring-boot-starter-1.5.22.RELEASE.jar:/home/maven/.m2/repository/org/springframework/boot/spring-boot/1.5.22.RELEASE/spring-boot-1.5.22.RELEASE.jar:/home/maven/.m2/repository/org/springframework/boot/spring-boot-autoconfigure/1.5.22.RELEASE/spring-boot-autoconfigure-1.5.22.RELEASE.jar:/home/maven/.m2/repository/org/springframework/boot/spring-boot-starter-logging/1.5.22.RELEASE/spring-boot-starter-logging-1.5.22.RELEASE.jar:/home/maven/.m2/repository/ch/qos/logback/logback-classic/1.1.11/logback-classic-1.1.11.jar:/home/maven/.m2/repository/ch/qos/logback/logback-core/1.1.11/logback-core-1.1.11.jar:/home/maven/.m2/repository/org/slf4j/slf4j-api/1.7.22/slf4j-api-1.7.22.jar:/home/maven/.m2/repository/org/slf4j/jcl-over-slf4j/1.7.26/jcl-over-slf4j-1.7.26.jar:/home/maven/.m2/repository/org/slf4j/jul-to-slf4j/1.7.26/jul-to-slf4j-1.7.26.jar:/home/maven/.m2/repository/org/slf4j/log4j-over-slf4j/1.7.26/log4j-over-slf4j-1.7.26.jar:/home/maven/.m2/repository/org/yaml/snakeyaml/1.17/snakeyaml-1.17.jar:/home/maven/.m2/repository/junit/junit/4.12/junit-4.12.jar:/home/maven/.m2/repository/org/hamcrest/hamcrest-core/1.3/hamcrest-core-1.3.jar:/home/maven/.m2/repository/org/springframework/spring-test/4.3.24.RELEASE/spring-test-4.3.24.RELEASE.jar:/home/maven/.m2/repository/org/springframework/spring-core/4.3.24.RELEASE/spring-core-4.3.24.RELEASE.jar:/home/maven/.m2/repository/commons-logging/commons-logging/1.2/commons-logging-1.2.jar:, java.vm.vendor=Oracle Corporation, sun.arch.data.model=64, java.vendor.url=https://openjdk.java.net/, user.timezone=Etc/UTC, os.name=Linux, java.vm.specification.version=11, sun.java.launcher=SUN_STANDARD, sun.boot.library.path=/usr/local/openjdk-11/lib, sun.java.command=/workdir/sisyphus/sisyphus-test/target/surefire/surefirebooter11812386708714334084.jar /workdir/sisyphus/sisyphus-test/target/surefire/surefire8292449164932653360tmp /workdir/sisyphus/sisyphus-test/target/surefire/surefire_016203097646791848844tmp, jdk.debug=release, surefire.test.class.path=/workdir/sisyphus/sisyphus-test/target/test-classes:/workdir/sisyphus/sisyphus-test/target/classes:/workdir/sisyphus/sisyphus-core/target/classes:/workdir/sisyphus/sisyphus-api/target/classes:/home/maven/.m2/repository/com/github/houbb/heaven/0.1.76/heaven-0.1.76.jar:/home/maven/.m2/repository/org/apiguardian/apiguardian-api/1.0.0/apiguardian-api-1.0.0.jar:/workdir/sisyphus/sisyphus-annotation/target/classes:/home/maven/.m2/repository/cglib/cglib/3.1/cglib-3.1.jar:/home/maven/.m2/repository/org/ow2/asm/asm/4.2/asm-4.2.jar:/workdir/sisyphus/sisyphus-spring/target/classes:/home/maven/.m2/repository/org/springframework/spring-aop/4.3.24.RELEASE/spring-aop-4.3.24.RELEASE.jar:/home/maven/.m2/repository/org/springframework/spring-beans/4.3.24.RELEASE/spring-beans-4.3.24.RELEASE.jar:/home/maven/.m2/repository/org/springframework/spring-context/4.3.24.RELEASE/spring-context-4.3.24.RELEASE.jar:/home/maven/.m2/repository/org/springframework/spring-expression/4.3.24.RELEASE/spring-expression-4.3.24.RELEASE.jar:/home/maven/.m2/repository/org/aspectj/aspectjweaver/1.8.5/aspectjweaver-1.8.5.jar:/home/maven/.m2/repository/org/aspectj/aspectjrt/1.8.5/aspectjrt-1.8.5.jar:/workdir/sisyphus/sisyphus-springboot-starter/target/classes:/home/maven/.m2/repository/org/springframework/boot/spring-boot-starter/1.5.22.RELEASE/spring-boot-starter-1.5.22.RELEASE.jar:/home/maven/.m2/repository/org/springframework/boot/spring-boot/1.5.22.RELEASE/spring-boot-1.5.22.RELEASE.jar:/home/maven/.m2/repository/org/springframework/boot/spring-boot-autoconfigure/1.5.22.RELEASE/spring-boot-autoconfigure-1.5.22.RELEASE.jar:/home/maven/.m2/repository/org/springframework/boot/spring-boot-starter-logging/1.5.22.RELEASE/spring-boot-starter-logging-1.5.22.RELEASE.jar:/home/maven/.m2/repository/ch/qos/logback/logback-classic/1.1.11/logback-classic-1.1.11.jar:/home/maven/.m2/repository/ch/qos/logback/logback-core/1.1.11/logback-core-1.1.11.jar:/home/maven/.m2/repository/org/slf4j/slf4j-api/1.7.22/slf4j-api-1.7.22.jar:/home/maven/.m2/repository/org/slf4j/jcl-over-slf4j/1.7.26/jcl-over-slf4j-1.7.26.jar:/home/maven/.m2/repository/org/slf4j/jul-to-slf4j/1.7.26/jul-to-slf4j-1.7.26.jar:/home/maven/.m2/repository/org/slf4j/log4j-over-slf4j/1.7.26/log4j-over-slf4j-1.7.26.jar:/home/maven/.m2/repository/org/yaml/snakeyaml/1.17/snakeyaml-1.17.jar:/home/maven/.m2/repository/junit/junit/4.12/junit-4.12.jar:/home/maven/.m2/repository/org/hamcrest/hamcrest-core/1.3/hamcrest-core-1.3.jar:/home/maven/.m2/repository/org/springframework/spring-test/4.3.24.RELEASE/spring-test-4.3.24.RELEASE.jar:/home/maven/.m2/repository/org/springframework/spring-core/4.3.24.RELEASE/spring-core-4.3.24.RELEASE.jar:/home/maven/.m2/repository/commons-logging/commons-logging/1.2/commons-logging-1.2.jar:, sun.cpu.endian=little, user.home=/home/maven, user.language=en, java.specification.vendor=Oracle Corporation, java.version.date=2020-07-14, java.home=/usr/local/openjdk-11, surefire.skipAfterFailureCount=1, file.separator=/, basedir=/workdir/sisyphus/sisyphus-test, java.vm.compressedOopsMode=Zero based, line.separator=
, java.specification.name=Java Platform API Specification, java.vm.specification.vendor=Oracle Corporation, java.awt.graphicsenv=sun.awt.X11GraphicsEnvironment, surefire.real.class.path=/workdir/sisyphus/sisyphus-test/target/surefire/surefirebooter11812386708714334084.jar, sun.management.compiler=HotSpot 64-Bit Tiered Compilers, java.runtime.version=11.0.8+10, user.name=maven, path.separator=:, os.version=4.15.0-135-generic, java.runtime.name=OpenJDK Runtime Environment, file.encoding=UTF-8, java.vm.name=OpenJDK 64-Bit Server VM, java.vendor.version=18.9, localRepository=/home/maven/.m2/repository, java.vendor.url.bug=https://bugreport.java.com/bugreport/, java.io.tmpdir=/tmp, java.version=11.0.8, user.dir=/workdir/sisyphus/sisyphus-test, os.arch=amd64, java.vm.specification.name=Java Virtual Machine Specification, java.awt.printerjob=sun.print.PSPrinterJob, sun.os.patch.level=unknown, java.library.path=/usr/java/packages/lib:/usr/lib64:/lib64:/lib:/usr/lib, java.vm.info=mixed mode, java.vendor=N/A, java.vm.version=11.0.8+10, sun.io.unicode.encoding=UnicodeLittle, java.class.version=55.0}}, SystemEnvironmentPropertySource@1089680530 {name='systemEnvironment', properties={PATH=/usr/local/openjdk-11/bin:/usr/local/sbin:/usr/local/bin:/usr/sbin:/usr/bin:/sbin:/bin, JAVA_HOME=/usr/local/openjdk-11, MAVEN_PROJECTBASEDIR=/workdir/sisyphus, OLDPWD=/workdir/sisyphus/sisyphus-test, LANG=C.UTF-8, MAVEN_HOME=/usr/share/maven, HOSTNAME=workerName:Worker-0, PWD=/workdir/sisyphus/sisyphus-test, JAVA_VERSION=11.0.8, MAVEN_CMD_LINE_ARGS= test -Dsurefire.skipAfterFailureCount=1, HOME=/home/maven, SHLVL=2, _=/usr/bin/mvn}}]
10:17:05.107 [main] DEBUG org.springframework.core.env.StandardEnvironment - Activating profiles []
10:17:05.107 [main] DEBUG org.springframework.test.context.support.AnnotationConfigContextLoader - Registering annotated classes: {class com.github.houbb.sisyphus.test.SisyphusApplication}
10:17:05.115 [main] INFO org.springframework.context.support.GenericApplicationContext - Refreshing org.springframework.context.support.GenericApplicationContext@6d511b5f: startup date [Mon Feb 15 10:17:05 UTC 2021]; root of context hierarchy
10:17:05.115 [main] DEBUG org.springframework.context.support.GenericApplicationContext - Bean factory for org.springframework.context.support.GenericApplicationContext@6d511b5f: org.springframework.beans.factory.support.DefaultListableBeanFactory@c1fca1e: defining beans [org.springframework.context.annotation.internalConfigurationAnnotationProcessor,org.springframework.context.annotation.internalAutowiredAnnotationProcessor,org.springframework.context.annotation.internalRequiredAnnotationProcessor,org.springframework.context.event.internalEventListenerProcessor,org.springframework.context.event.internalEventListenerFactory,sisyphusApplication]; root of factory hierarchy
10:17:05.115 [main] DEBUG org.springframework.beans.factory.support.DefaultListableBeanFactory - Creating shared instance of singleton bean 'org.springframework.context.annotation.internalConfigurationAnnotationProcessor'
10:17:05.116 [main] DEBUG org.springframework.beans.factory.support.DefaultListableBeanFactory - Creating instance of bean 'org.springframework.context.annotation.internalConfigurationAnnotationProcessor'
10:17:05.116 [main] DEBUG org.springframework.beans.factory.support.DefaultListableBeanFactory - Eagerly caching bean 'org.springframework.context.annotation.internalConfigurationAnnotationProcessor' to allow for resolving potential circular references
10:17:05.116 [main] DEBUG org.springframework.beans.factory.support.DefaultListableBeanFactory - Finished creating instance of bean 'org.springframework.context.annotation.internalConfigurationAnnotationProcessor'
10:17:05.117 [main] DEBUG org.springframework.core.io.support.PathMatchingResourcePatternResolver - Resolved classpath location [com/github/houbb/sisyphus/test/service/] to resources [URL [file:/workdir/sisyphus/sisyphus-test/target/classes/com/github/houbb/sisyphus/test/service/]]
10:17:05.117 [main] DEBUG org.springframework.core.io.support.PathMatchingResourcePatternResolver - Looking for matching resources in directory tree [/workdir/sisyphus/sisyphus-test/target/classes/com/github/houbb/sisyphus/test/service]
10:17:05.117 [main] DEBUG org.springframework.core.io.support.PathMatchingResourcePatternResolver - Searching directory [/workdir/sisyphus/sisyphus-test/target/classes/com/github/houbb/sisyphus/test/service] for files matching pattern [/workdir/sisyphus/sisyphus-test/target/classes/com/github/houbb/sisyphus/test/service/**/*.class]
10:17:05.118 [main] DEBUG org.springframework.core.io.support.PathMatchingResourcePatternResolver - Searching directory [/workdir/sisyphus/sisyphus-test/target/classes/com/github/houbb/sisyphus/test/service/impl] for files matching pattern [/workdir/sisyphus/sisyphus-test/target/classes/com/github/houbb/sisyphus/test/service/**/*.class]
10:17:05.118 [main] DEBUG org.springframework.core.io.support.PathMatchingResourcePatternResolver - Resolved location pattern [classpath*:com/github/houbb/sisyphus/test/service/**/*.class] to resources [file [/workdir/sisyphus/sisyphus-test/target/classes/com/github/houbb/sisyphus/test/service/SpringService.class], file [/workdir/sisyphus/sisyphus-test/target/classes/com/github/houbb/sisyphus/test/service/impl/SpringServiceImpl.class]]
10:17:05.119 [main] DEBUG org.springframework.context.annotation.ClassPathBeanDefinitionScanner - Identified candidate component class: file [/workdir/sisyphus/sisyphus-test/target/classes/com/github/houbb/sisyphus/test/service/impl/SpringServiceImpl.class]
10:17:05.122 [main] DEBUG org.springframework.core.env.PropertySourcesPropertyResolver - Could not find key 'spring.boot.enableautoconfiguration' in any property source
10:17:05.160 [main] DEBUG org.springframework.beans.factory.support.DefaultListableBeanFactory - Returning cached instance of singleton bean 'autoConfigurationReport'
10:17:05.175 [main] DEBUG org.springframework.core.env.PropertySourcesPropertyResolver - Could not find key 'spring.messages.basename' in any property source
10:17:05.176 [main] DEBUG org.springframework.core.io.support.PathMatchingResourcePatternResolver - Resolved classpath location [messages.properties] to resources []
10:17:05.176 [main] DEBUG org.springframework.beans.factory.support.DefaultListableBeanFactory - Returning cached instance of singleton bean 'autoConfigurationReport'
10:17:05.178 [main] DEBUG org.springframework.beans.factory.support.DefaultListableBeanFactory - Returning cached instance of singleton bean 'autoConfigurationReport'
10:17:05.178 [main] DEBUG org.springframework.beans.factory.support.DefaultListableBeanFactory - Returning cached instance of singleton bean 'autoConfigurationReport'
10:17:05.182 [main] DEBUG org.springframework.core.io.support.PathMatchingResourcePatternResolver - Resolved classpath location [com/github/houbb/sisyphus/spring/] to resources [URL [file:/workdir/sisyphus/sisyphus-spring/target/classes/com/github/houbb/sisyphus/spring/]]
10:17:05.182 [main] DEBUG org.springframework.core.io.support.PathMatchingResourcePatternResolver - Looking for matching resources in directory tree [/workdir/sisyphus/sisyphus-spring/target/classes/com/github/houbb/sisyphus/spring]
10:17:05.183 [main] DEBUG org.springframework.core.io.support.PathMatchingResourcePatternResolver - Searching directory [/workdir/sisyphus/sisyphus-spring/target/classes/com/github/houbb/sisyphus/spring] for files matching pattern [/workdir/sisyphus/sisyphus-spring/target/classes/com/github/houbb/sisyphus/spring/**/*.class]
10:17:05.183 [main] DEBUG org.springframework.core.io.support.PathMatchingResourcePatternResolver - Searching directory [/workdir/sisyphus/sisyphus-spring/target/classes/com/github/houbb/sisyphus/spring/annotation] for files matching pattern [/workdir/sisyphus/sisyphus-spring/target/classes/com/github/houbb/sisyphus/spring/**/*.class]
10:17:05.183 [main] DEBUG org.springframework.core.io.support.PathMatchingResourcePatternResolver - Searching directory [/workdir/sisyphus/sisyphus-spring/target/classes/com/github/houbb/sisyphus/spring/aop] for files matching pattern [/workdir/sisyphus/sisyphus-spring/target/classes/com/github/houbb/sisyphus/spring/**/*.class]
10:17:05.183 [main] DEBUG org.springframework.core.io.support.PathMatchingResourcePatternResolver - Searching directory [/workdir/sisyphus/sisyphus-spring/target/classes/com/github/houbb/sisyphus/spring/config] for files matching pattern [/workdir/sisyphus/sisyphus-spring/target/classes/com/github/houbb/sisyphus/spring/**/*.class]
10:17:05.183 [main] DEBUG org.springframework.core.io.support.PathMatchingResourcePatternResolver - Resolved location pattern [classpath*:com/github/houbb/sisyphus/spring/**/*.class] to resources [file [/workdir/sisyphus/sisyphus-spring/target/classes/com/github/houbb/sisyphus/spring/annotation/EnableRetry.class], file [/workdir/sisyphus/sisyphus-spring/target/classes/com/github/houbb/sisyphus/spring/aop/RetryAop$1.class], file [/workdir/sisyphus/sisyphus-spring/target/classes/com/github/houbb/sisyphus/spring/aop/RetryAop.class], file [/workdir/sisyphus/sisyphus-spring/target/classes/com/github/houbb/sisyphus/spring/config/RetryAopConfig.class]]
10:17:05.184 [main] DEBUG org.springframework.context.annotation.ClassPathBeanDefinitionScanner - Identified candidate component class: file [/workdir/sisyphus/sisyphus-spring/target/classes/com/github/houbb/sisyphus/spring/aop/RetryAop.class]
10:17:05.187 [main] DEBUG org.springframework.beans.factory.support.DefaultListableBeanFactory - Returning cached instance of singleton bean 'autoConfigurationReport'
10:17:05.188 [main] DEBUG org.springframework.beans.factory.support.DefaultListableBeanFactory - Returning cached instance of singleton bean 'autoConfigurationReport'
10:17:05.189 [main] DEBUG org.springframework.beans.factory.support.DefaultListableBeanFactory - Returning cached instance of singleton bean 'autoConfigurationReport'
10:17:05.190 [main] DEBUG org.springframework.beans.factory.support.DefaultListableBeanFactory - Returning cached instance of singleton bean 'autoConfigurationReport'
10:17:05.190 [main] DEBUG org.springframework.beans.factory.support.DefaultListableBeanFactory - Returning cached instance of singleton bean 'autoConfigurationReport'
10:17:05.191 [main] DEBUG org.springframework.beans.factory.support.DefaultListableBeanFactory - Returning cached instance of singleton bean 'autoConfigurationReport'
10:17:05.192 [main] DEBUG org.springframework.beans.factory.support.DefaultListableBeanFactory - Returning cached instance of singleton bean 'autoConfigurationReport'
10:17:05.193 [main] DEBUG org.springframework.beans.factory.support.DefaultListableBeanFactory - Returning cached instance of singleton bean 'autoConfigurationReport'
10:17:05.194 [main] DEBUG org.springframework.beans.factory.support.DefaultListableBeanFactory - Returning cached instance of singleton bean 'autoConfigurationReport'
10:17:05.208 [main] DEBUG org.springframework.beans.factory.support.DefaultListableBeanFactory - Returning cached instance of singleton bean 'autoConfigurationReport'
10:17:05.210 [main] DEBUG org.springframework.beans.factory.support.DefaultListableBeanFactory - Returning cached instance of singleton bean 'autoConfigurationReport'
10:17:05.211 [main] DEBUG org.springframework.beans.factory.support.DefaultListableBeanFactory - Returning cached instance of singleton bean 'autoConfigurationReport'
10:17:05.211 [main] DEBUG org.springframework.beans.factory.support.DefaultListableBeanFactory - Returning cached instance of singleton bean 'autoConfigurationReport'
10:17:05.211 [main] DEBUG org.springframework.beans.factory.support.DefaultListableBeanFactory - Returning cached instance of singleton bean 'autoConfigurationReport'
10:17:05.212 [main] DEBUG org.springframework.beans.factory.support.DefaultListableBeanFactory - Returning cached instance of singleton bean 'autoConfigurationReport'
10:17:05.212 [main] DEBUG org.springframework.beans.factory.support.DefaultListableBeanFactory - Returning cached instance of singleton bean 'autoConfigurationReport'
10:17:05.213 [main] DEBUG org.springframework.beans.factory.support.DefaultListableBeanFactory - Returning cached instance of singleton bean 'autoConfigurationReport'
10:17:05.213 [main] DEBUG org.springframework.beans.factory.support.DefaultListableBeanFactory - Returning cached instance of singleton bean 'autoConfigurationReport'
10:17:05.214 [main] DEBUG org.springframework.beans.factory.support.DefaultListableBeanFactory - Returning cached instance of singleton bean 'autoConfigurationReport'
10:17:05.214 [main] DEBUG org.springframework.beans.factory.support.DefaultListableBeanFactory - Returning cached instance of singleton bean 'autoConfigurationReport'
10:17:05.216 [main] DEBUG org.springframework.beans.factory.support.DefaultListableBeanFactory - Returning cached instance of singleton bean 'autoConfigurationReport'
10:17:05.216 [main] DEBUG org.springframework.beans.factory.support.DefaultListableBeanFactory - Returning cached instance of singleton bean 'autoConfigurationReport'
10:17:05.217 [main] DEBUG org.springframework.beans.factory.support.DefaultListableBeanFactory - Returning cached instance of singleton bean 'autoConfigurationReport'
10:17:05.219 [main] DEBUG org.springframework.context.annotation.ConfigurationClassBeanDefinitionReader - Registered bean definition for imported class 'org.springframework.boot.autoconfigure.context.PropertyPlaceholderAutoConfiguration'
10:17:05.221 [main] DEBUG org.springframework.beans.factory.support.DefaultListableBeanFactory - Creating shared instance of singleton bean 'org.springframework.boot.autoconfigure.condition.BeanTypeRegistry'
10:17:05.221 [main] DEBUG org.springframework.beans.factory.support.DefaultListableBeanFactory - Creating instance of bean 'org.springframework.boot.autoconfigure.condition.BeanTypeRegistry'
10:17:05.224 [main] DEBUG org.springframework.beans.factory.support.DefaultListableBeanFactory - Eagerly caching bean 'org.springframework.boot.autoconfigure.condition.BeanTypeRegistry' to allow for resolving potential circular references
10:17:05.224 [main] DEBUG org.springframework.beans.factory.support.DefaultListableBeanFactory - Finished creating instance of bean 'org.springframework.boot.autoconfigure.condition.BeanTypeRegistry'
10:17:05.225 [main] DEBUG org.springframework.beans.factory.support.DefaultListableBeanFactory - Returning cached instance of singleton bean 'autoConfigurationReport'
10:17:05.226 [main] DEBUG org.springframework.context.annotation.ConfigurationClassBeanDefinitionReader - Registering bean definition for @Bean method org.springframework.boot.autoconfigure.context.PropertyPlaceholderAutoConfiguration.propertySourcesPlaceholderConfigurer()
10:17:05.226 [main] DEBUG org.springframework.beans.factory.support.DefaultListableBeanFactory - Returning cached instance of singleton bean 'autoConfigurationReport'
10:17:05.227 [main] DEBUG org.springframework.context.annotation.ConfigurationClassBeanDefinitionReader - Registered bean definition for imported class 'com.github.houbb.sisyphus.spring.config.RetryAopConfig'
10:17:05.227 [main] DEBUG org.springframework.context.annotation.ConfigurationClassBeanDefinitionReader - Registered bean definition for imported class 'com.github.houbb.sisyphus.springboot.starter.config.SisyphusAutoConfig'
10:17:05.227 [main] DEBUG org.springframework.beans.factory.support.DefaultListableBeanFactory - Returning cached instance of singleton bean 'autoConfigurationReport'
10:17:05.228 [main] DEBUG org.springframework.beans.factory.support.DefaultListableBeanFactory - Returning cached instance of singleton bean 'autoConfigurationReport'
10:17:05.228 [main] DEBUG org.springframework.context.annotation.ConfigurationClassBeanDefinitionReader - Registered bean definition for imported class 'org.springframework.boot.autoconfigure.jmx.JmxAutoConfiguration'
10:17:05.228 [main] DEBUG org.springframework.beans.factory.support.DefaultListableBeanFactory - Returning cached instance of singleton bean 'org.springframework.boot.autoconfigure.condition.BeanTypeRegistry'
10:17:05.232 [main] DEBUG org.springframework.beans.factory.support.DefaultListableBeanFactory - Returning cached instance of singleton bean 'autoConfigurationReport'
10:17:05.232 [main] DEBUG org.springframework.context.annotation.ConfigurationClassBeanDefinitionReader - Registering bean definition for @Bean method org.springframework.boot.autoconfigure.jmx.JmxAutoConfiguration.mbeanExporter()
10:17:05.232 [main] DEBUG org.springframework.beans.factory.support.DefaultListableBeanFactory - Returning cached instance of singleton bean 'org.springframework.boot.autoconfigure.condition.BeanTypeRegistry'
10:17:05.234 [main] DEBUG org.springframework.beans.factory.support.DefaultListableBeanFactory - Returning cached instance of singleton bean 'autoConfigurationReport'
10:17:05.235 [main] DEBUG org.springframework.context.annotation.ConfigurationClassBeanDefinitionReader - Registering bean definition for @Bean method org.springframework.boot.autoconfigure.jmx.JmxAutoConfiguration.objectNamingStrategy()
10:17:05.235 [main] DEBUG org.springframework.beans.factory.support.DefaultListableBeanFactory - Returning cached instance of singleton bean 'org.springframework.boot.autoconfigure.condition.BeanTypeRegistry'
10:17:05.235 [main] DEBUG org.springframework.beans.factory.support.DefaultListableBeanFactory - Returning cached instance of singleton bean 'autoConfigurationReport'
10:17:05.235 [main] DEBUG org.springframework.context.annotation.ConfigurationClassBeanDefinitionReader - Registering bean definition for @Bean method org.springframework.boot.autoconfigure.jmx.JmxAutoConfiguration.mbeanServer()
10:17:05.235 [main] DEBUG org.springframework.beans.factory.support.DefaultListableBeanFactory - Returning cached instance of singleton bean 'autoConfigurationReport'
10:17:05.236 [main] DEBUG org.springframework.beans.factory.support.DefaultListableBeanFactory - Returning cached instance of singleton bean 'autoConfigurationReport'
10:17:05.236 [main] DEBUG org.springframework.beans.factory.support.DefaultListableBeanFactory - Returning cached instance of singleton bean 'autoConfigurationReport'
10:17:05.236 [main] DEBUG org.springframework.context.annotation.ConfigurationClassBeanDefinitionReader - Registered bean definition for imported class 'org.springframework.boot.autoconfigure.aop.AopAutoConfiguration$JdkDynamicAutoProxyConfiguration'
10:17:05.236 [main] DEBUG org.springframework.context.annotation.ConfigurationClassBeanDefinitionReader - Registered bean definition for imported class 'org.springframework.boot.autoconfigure.aop.AopAutoConfiguration'
10:17:05.236 [main] DEBUG org.springframework.beans.factory.support.DefaultListableBeanFactory - Returning cached instance of singleton bean 'autoConfigurationReport'
10:17:05.237 [main] DEBUG org.springframework.beans.factory.support.DefaultListableBeanFactory - Returning cached instance of singleton bean 'org.springframework.boot.autoconfigure.condition.BeanTypeRegistry'
10:17:05.238 [main] DEBUG org.springframework.beans.factory.support.DefaultListableBeanFactory - Returning cached instance of singleton bean 'autoConfigurationReport'
10:17:05.238 [main] DEBUG org.springframework.context.annotation.ConfigurationClassBeanDefinitionReader - Registered bean definition for imported class 'org.springframework.boot.autoconfigure.context.ConfigurationPropertiesAutoConfiguration'
10:17:05.239 [main] DEBUG org.springframework.context.annotation.ConfigurationClassBeanDefinitionReader - Registered bean definition for imported class 'org.springframework.boot.autoconfigure.info.ProjectInfoAutoConfiguration'
10:17:05.240 [main] DEBUG org.springframework.beans.factory.support.DefaultListableBeanFactory - Returning cached instance of singleton bean 'autoConfigurationReport'
10:17:05.241 [main] DEBUG org.springframework.core.env.PropertySourcesPropertyResolver - Could not find key 'spring.info.build.location:classpath:META-INF/build-info.properties' in any property source
10:17:05.241 [main] DEBUG org.springframework.core.env.PropertySourcesPropertyResolver - Could not find key 'spring.info.build.location' in any property source
10:17:05.241 [main] DEBUG org.springframework.beans.factory.support.DefaultListableBeanFactory - Returning cached instance of singleton bean 'autoConfigurationReport'
10:17:05.243 [main] DEBUG org.springframework.context.annotation.ConfigurationClassBeanDefinitionReader - Registered bean definition for imported class 'org.springframework.boot.autoconfigure.web.WebClientAutoConfiguration'
10:17:05.249 [main] DEBUG org.springframework.context.annotation.ConfigurationClassEnhancer - Successfully enhanced com.github.houbb.sisyphus.test.SisyphusApplication; enhanced class name is: com.github.houbb.sisyphus.test.SisyphusApplication$$EnhancerBySpringCGLIB$$55d7b3a
10:17:05.249 [main] DEBUG org.springframework.context.annotation.ConfigurationClassPostProcessor - Replacing bean definition 'sisyphusApplication' existing class 'com.github.houbb.sisyphus.test.SisyphusApplication' with enhanced class 'com.github.houbb.sisyphus.test.SisyphusApplication$$EnhancerBySpringCGLIB$$55d7b3a'
10:17:05.251 [main] DEBUG org.springframework.context.annotation.ConfigurationClassEnhancer - Successfully enhanced org.springframework.boot.autoconfigure.context.PropertyPlaceholderAutoConfiguration; enhanced class name is: org.springframework.boot.autoconfigure.context.PropertyPlaceholderAutoConfiguration$$EnhancerBySpringCGLIB$$81b9ccae
10:17:05.251 [main] DEBUG org.springframework.context.annotation.ConfigurationClassPostProcessor - Replacing bean definition 'org.springframework.boot.autoconfigure.context.PropertyPlaceholderAutoConfiguration' existing class 'org.springframework.boot.autoconfigure.context.PropertyPlaceholderAutoConfiguration' with enhanced class 'org.springframework.boot.autoconfigure.context.PropertyPlaceholderAutoConfiguration$$EnhancerBySpringCGLIB$$81b9ccae'
10:17:05.251 [main] DEBUG org.springframework.context.annotation.ConfigurationClassEnhancer - Successfully enhanced com.github.houbb.sisyphus.spring.config.RetryAopConfig; enhanced class name is: com.github.houbb.sisyphus.spring.config.RetryAopConfig$$EnhancerBySpringCGLIB$$fb45267f
10:17:05.252 [main] DEBUG org.springframework.context.annotation.ConfigurationClassPostProcessor - Replacing bean definition 'com.github.houbb.sisyphus.spring.config.RetryAopConfig' existing class 'com.github.houbb.sisyphus.spring.config.RetryAopConfig' with enhanced class 'com.github.houbb.sisyphus.spring.config.RetryAopConfig$$EnhancerBySpringCGLIB$$fb45267f'
10:17:05.253 [main] DEBUG org.springframework.context.annotation.ConfigurationClassEnhancer - Successfully enhanced com.github.houbb.sisyphus.springboot.starter.config.SisyphusAutoConfig; enhanced class name is: com.github.houbb.sisyphus.springboot.starter.config.SisyphusAutoConfig$$EnhancerBySpringCGLIB$$b56667b9
10:17:05.254 [main] DEBUG org.springframework.context.annotation.ConfigurationClassPostProcessor - Replacing bean definition 'com.github.houbb.sisyphus.springboot.starter.config.SisyphusAutoConfig' existing class 'com.github.houbb.sisyphus.springboot.starter.config.SisyphusAutoConfig' with enhanced class 'com.github.houbb.sisyphus.springboot.starter.config.SisyphusAutoConfig$$EnhancerBySpringCGLIB$$b56667b9'
10:17:05.256 [main] DEBUG org.springframework.context.annotation.ConfigurationClassEnhancer - Successfully enhanced org.springframework.boot.autoconfigure.jmx.JmxAutoConfiguration; enhanced class name is: org.springframework.boot.autoconfigure.jmx.JmxAutoConfiguration$$EnhancerBySpringCGLIB$$6ec991
10:17:05.256 [main] DEBUG org.springframework.context.annotation.ConfigurationClassPostProcessor - Replacing bean definition 'org.springframework.boot.autoconfigure.jmx.JmxAutoConfiguration' existing class 'org.springframework.boot.autoconfigure.jmx.JmxAutoConfiguration' with enhanced class 'org.springframework.boot.autoconfigure.jmx.JmxAutoConfiguration$$EnhancerBySpringCGLIB$$6ec991'
10:17:05.258 [main] DEBUG org.springframework.context.annotation.ConfigurationClassEnhancer - Successfully enhanced org.springframework.boot.autoconfigure.aop.AopAutoConfiguration$JdkDynamicAutoProxyConfiguration; enhanced class name is: org.springframework.boot.autoconfigure.aop.AopAutoConfiguration$JdkDynamicAutoProxyConfiguration$$EnhancerBySpringCGLIB$$1074a1e6
10:17:05.258 [main] DEBUG org.springframework.context.annotation.ConfigurationClassPostProcessor - Replacing bean definition 'org.springframework.boot.autoconfigure.aop.AopAutoConfiguration$JdkDynamicAutoProxyConfiguration' existing class 'org.springframework.boot.autoconfigure.aop.AopAutoConfiguration$JdkDynamicAutoProxyConfiguration' with enhanced class 'org.springframework.boot.autoconfigure.aop.AopAutoConfiguration$JdkDynamicAutoProxyConfiguration$$EnhancerBySpringCGLIB$$1074a1e6'
10:17:05.260 [main] DEBUG org.springframework.context.annotation.ConfigurationClassEnhancer - Successfully enhanced org.springframework.boot.autoconfigure.aop.AopAutoConfiguration; enhanced class name is: org.springframework.boot.autoconfigure.aop.AopAutoConfiguration$$EnhancerBySpringCGLIB$$cc59d937
10:17:05.260 [main] DEBUG org.springframework.context.annotation.ConfigurationClassPostProcessor - Replacing bean definition 'org.springframework.boot.autoconfigure.aop.AopAutoConfiguration' existing class 'org.springframework.boot.autoconfigure.aop.AopAutoConfiguration' with enhanced class 'org.springframework.boot.autoconfigure.aop.AopAutoConfiguration$$EnhancerBySpringCGLIB$$cc59d937'
10:17:05.262 [main] DEBUG org.springframework.context.annotation.ConfigurationClassEnhancer - Successfully enhanced org.springframework.boot.autoconfigure.context.ConfigurationPropertiesAutoConfiguration; enhanced class name is: org.springframework.boot.autoconfigure.context.ConfigurationPropertiesAutoConfiguration$$EnhancerBySpringCGLIB$$708ce5c3
10:17:05.262 [main] DEBUG org.springframework.context.annotation.ConfigurationClassPostProcessor - Replacing bean definition 'org.springframework.boot.autoconfigure.context.ConfigurationPropertiesAutoConfiguration' existing class 'org.springframework.boot.autoconfigure.context.ConfigurationPropertiesAutoConfiguration' with enhanced class 'org.springframework.boot.autoconfigure.context.ConfigurationPropertiesAutoConfiguration$$EnhancerBySpringCGLIB$$708ce5c3'
10:17:05.265 [main] DEBUG org.springframework.context.annotation.ConfigurationClassEnhancer - Successfully enhanced org.springframework.boot.autoconfigure.info.ProjectInfoAutoConfiguration; enhanced class name is: org.springframework.boot.autoconfigure.info.ProjectInfoAutoConfiguration$$EnhancerBySpringCGLIB$$bcfd678e
10:17:05.266 [main] DEBUG org.springframework.context.annotation.ConfigurationClassPostProcessor - Replacing bean definition 'org.springframework.boot.autoconfigure.info.ProjectInfoAutoConfiguration' existing class 'org.springframework.boot.autoconfigure.info.ProjectInfoAutoConfiguration' with enhanced class 'org.springframework.boot.autoconfigure.info.ProjectInfoAutoConfiguration$$EnhancerBySpringCGLIB$$bcfd678e'
10:17:05.267 [main] DEBUG org.springframework.context.annotation.ConfigurationClassEnhancer - Successfully enhanced org.springframework.boot.autoconfigure.web.WebClientAutoConfiguration; enhanced class name is: org.springframework.boot.autoconfigure.web.WebClientAutoConfiguration$$EnhancerBySpringCGLIB$$91a27f28
10:17:05.268 [main] DEBUG org.springframework.context.annotation.ConfigurationClassPostProcessor - Replacing bean definition 'org.springframework.boot.autoconfigure.web.WebClientAutoConfiguration' existing class 'org.springframework.boot.autoconfigure.web.WebClientAutoConfiguration' with enhanced class 'org.springframework.boot.autoconfigure.web.WebClientAutoConfiguration$$EnhancerBySpringCGLIB$$91a27f28'
10:17:05.268 [main] DEBUG org.springframework.beans.factory.support.DefaultListableBeanFactory - Creating shared instance of singleton bean 'propertySourcesPlaceholderConfigurer'
10:17:05.268 [main] DEBUG org.springframework.beans.factory.support.DefaultListableBeanFactory - Creating instance of bean 'propertySourcesPlaceholderConfigurer'
10:17:05.269 [main] DEBUG org.springframework.beans.factory.support.DefaultListableBeanFactory - Eagerly caching bean 'propertySourcesPlaceholderConfigurer' to allow for resolving potential circular references
10:17:05.274 [main] DEBUG org.springframework.beans.factory.support.DefaultListableBeanFactory - Finished creating instance of bean 'propertySourcesPlaceholderConfigurer'
10:17:05.274 [main] DEBUG org.springframework.core.env.MutablePropertySources - Adding PropertySource 'environmentProperties' with lowest search precedence
10:17:05.275 [main] DEBUG org.springframework.core.env.MutablePropertySources - Adding PropertySource 'localProperties' with lowest search precedence
10:17:05.276 [main] DEBUG org.springframework.beans.factory.support.DefaultListableBeanFactory - Creating shared instance of singleton bean 'org.springframework.boot.context.properties.ConfigurationPropertiesBindingPostProcessor.store'
10:17:05.276 [main] DEBUG org.springframework.beans.factory.support.DefaultListableBeanFactory - Creating instance of bean 'org.springframework.boot.context.properties.ConfigurationPropertiesBindingPostProcessor.store'
10:17:05.276 [main] DEBUG org.springframework.beans.factory.support.DefaultListableBeanFactory - Eagerly caching bean 'org.springframework.boot.context.properties.ConfigurationPropertiesBindingPostProcessor.store' to allow for resolving potential circular references
10:17:05.278 [main] DEBUG org.springframework.beans.factory.support.DefaultListableBeanFactory - Finished creating instance of bean 'org.springframework.boot.context.properties.ConfigurationPropertiesBindingPostProcessor.store'
10:17:05.279 [main] DEBUG org.springframework.beans.factory.support.DefaultListableBeanFactory - Creating shared instance of singleton bean 'org.springframework.context.annotation.internalAutowiredAnnotationProcessor'
10:17:05.279 [main] DEBUG org.springframework.beans.factory.support.DefaultListableBeanFactory - Creating instance of bean 'org.springframework.context.annotation.internalAutowiredAnnotationProcessor'
10:17:05.279 [main] DEBUG org.springframework.beans.factory.support.DefaultListableBeanFactory - Eagerly caching bean 'org.springframework.context.annotation.internalAutowiredAnnotationProcessor' to allow for resolving potential circular references
10:17:05.280 [main] DEBUG org.springframework.beans.factory.support.DefaultListableBeanFactory - Finished creating instance of bean 'org.springframework.context.annotation.internalAutowiredAnnotationProcessor'
10:17:05.280 [main] DEBUG org.springframework.beans.factory.support.DefaultListableBeanFactory - Creating shared instance of singleton bean 'org.springframework.context.annotation.internalRequiredAnnotationProcessor'
10:17:05.281 [main] DEBUG org.springframework.beans.factory.support.DefaultListableBeanFactory - Creating instance of bean 'org.springframework.context.annotation.internalRequiredAnnotationProcessor'
10:17:05.281 [main] DEBUG org.springframework.beans.factory.support.DefaultListableBeanFactory - Eagerly caching bean 'org.springframework.context.annotation.internalRequiredAnnotationProcessor' to allow for resolving potential circular references
10:17:05.282 [main] DEBUG org.springframework.beans.factory.support.DefaultListableBeanFactory - Finished creating instance of bean 'org.springframework.context.annotation.internalRequiredAnnotationProcessor'
10:17:05.282 [main] DEBUG org.springframework.beans.factory.support.DefaultListableBeanFactory - Creating shared instance of singleton bean 'org.springframework.boot.context.properties.ConfigurationPropertiesBindingPostProcessor'
10:17:05.282 [main] DEBUG org.springframework.beans.factory.support.DefaultListableBeanFactory - Creating instance of bean 'org.springframework.boot.context.properties.ConfigurationPropertiesBindingPostProcessor'
10:17:05.282 [main] DEBUG org.springframework.core.env.StandardEnvironment - Adding PropertySource 'systemProperties' with lowest search precedence
10:17:05.282 [main] DEBUG org.springframework.core.env.StandardEnvironment - Adding PropertySource 'systemEnvironment' with lowest search precedence
10:17:05.282 [main] DEBUG org.springframework.core.env.StandardEnvironment - Initialized StandardEnvironment with PropertySources [MapPropertySource@1677984391 {name='systemProperties', properties={awt.toolkit=sun.awt.X11.XToolkit, java.specification.version=11, sun.cpu.isalist=, sun.jnu.encoding=UTF-8, java.class.path=/workdir/sisyphus/sisyphus-test/target/test-classes:/workdir/sisyphus/sisyphus-test/target/classes:/workdir/sisyphus/sisyphus-core/target/classes:/workdir/sisyphus/sisyphus-api/target/classes:/home/maven/.m2/repository/com/github/houbb/heaven/0.1.76/heaven-0.1.76.jar:/home/maven/.m2/repository/org/apiguardian/apiguardian-api/1.0.0/apiguardian-api-1.0.0.jar:/workdir/sisyphus/sisyphus-annotation/target/classes:/home/maven/.m2/repository/cglib/cglib/3.1/cglib-3.1.jar:/home/maven/.m2/repository/org/ow2/asm/asm/4.2/asm-4.2.jar:/workdir/sisyphus/sisyphus-spring/target/classes:/home/maven/.m2/repository/org/springframework/spring-aop/4.3.24.RELEASE/spring-aop-4.3.24.RELEASE.jar:/home/maven/.m2/repository/org/springframework/spring-beans/4.3.24.RELEASE/spring-beans-4.3.24.RELEASE.jar:/home/maven/.m2/repository/org/springframework/spring-context/4.3.24.RELEASE/spring-context-4.3.24.RELEASE.jar:/home/maven/.m2/repository/org/springframework/spring-expression/4.3.24.RELEASE/spring-expression-4.3.24.RELEASE.jar:/home/maven/.m2/repository/org/aspectj/aspectjweaver/1.8.5/aspectjweaver-1.8.5.jar:/home/maven/.m2/repository/org/aspectj/aspectjrt/1.8.5/aspectjrt-1.8.5.jar:/workdir/sisyphus/sisyphus-springboot-starter/target/classes:/home/maven/.m2/repository/org/springframework/boot/spring-boot-starter/1.5.22.RELEASE/spring-boot-starter-1.5.22.RELEASE.jar:/home/maven/.m2/repository/org/springframework/boot/spring-boot/1.5.22.RELEASE/spring-boot-1.5.22.RELEASE.jar:/home/maven/.m2/repository/org/springframework/boot/spring-boot-autoconfigure/1.5.22.RELEASE/spring-boot-autoconfigure-1.5.22.RELEASE.jar:/home/maven/.m2/repository/org/springframework/boot/spring-boot-starter-logging/1.5.22.RELEASE/spring-boot-starter-logging-1.5.22.RELEASE.jar:/home/maven/.m2/repository/ch/qos/logback/logback-classic/1.1.11/logback-classic-1.1.11.jar:/home/maven/.m2/repository/ch/qos/logback/logback-core/1.1.11/logback-core-1.1.11.jar:/home/maven/.m2/repository/org/slf4j/slf4j-api/1.7.22/slf4j-api-1.7.22.jar:/home/maven/.m2/repository/org/slf4j/jcl-over-slf4j/1.7.26/jcl-over-slf4j-1.7.26.jar:/home/maven/.m2/repository/org/slf4j/jul-to-slf4j/1.7.26/jul-to-slf4j-1.7.26.jar:/home/maven/.m2/repository/org/slf4j/log4j-over-slf4j/1.7.26/log4j-over-slf4j-1.7.26.jar:/home/maven/.m2/repository/org/yaml/snakeyaml/1.17/snakeyaml-1.17.jar:/home/maven/.m2/repository/junit/junit/4.12/junit-4.12.jar:/home/maven/.m2/repository/org/hamcrest/hamcrest-core/1.3/hamcrest-core-1.3.jar:/home/maven/.m2/repository/org/springframework/spring-test/4.3.24.RELEASE/spring-test-4.3.24.RELEASE.jar:/home/maven/.m2/repository/org/springframework/spring-core/4.3.24.RELEASE/spring-core-4.3.24.RELEASE.jar:/home/maven/.m2/repository/commons-logging/commons-logging/1.2/commons-logging-1.2.jar:, java.vm.vendor=Oracle Corporation, sun.arch.data.model=64, java.vendor.url=https://openjdk.java.net/, user.timezone=Etc/UTC, os.name=Linux, java.vm.specification.version=11, sun.java.launcher=SUN_STANDARD, sun.boot.library.path=/usr/local/openjdk-11/lib, sun.java.command=/workdir/sisyphus/sisyphus-test/target/surefire/surefirebooter11812386708714334084.jar /workdir/sisyphus/sisyphus-test/target/surefire/surefire8292449164932653360tmp /workdir/sisyphus/sisyphus-test/target/surefire/surefire_016203097646791848844tmp, jdk.debug=release, surefire.test.class.path=/workdir/sisyphus/sisyphus-test/target/test-classes:/workdir/sisyphus/sisyphus-test/target/classes:/workdir/sisyphus/sisyphus-core/target/classes:/workdir/sisyphus/sisyphus-api/target/classes:/home/maven/.m2/repository/com/github/houbb/heaven/0.1.76/heaven-0.1.76.jar:/home/maven/.m2/repository/org/apiguardian/apiguardian-api/1.0.0/apiguardian-api-1.0.0.jar:/workdir/sisyphus/sisyphus-annotation/target/classes:/home/maven/.m2/repository/cglib/cglib/3.1/cglib-3.1.jar:/home/maven/.m2/repository/org/ow2/asm/asm/4.2/asm-4.2.jar:/workdir/sisyphus/sisyphus-spring/target/classes:/home/maven/.m2/repository/org/springframework/spring-aop/4.3.24.RELEASE/spring-aop-4.3.24.RELEASE.jar:/home/maven/.m2/repository/org/springframework/spring-beans/4.3.24.RELEASE/spring-beans-4.3.24.RELEASE.jar:/home/maven/.m2/repository/org/springframework/spring-context/4.3.24.RELEASE/spring-context-4.3.24.RELEASE.jar:/home/maven/.m2/repository/org/springframework/spring-expression/4.3.24.RELEASE/spring-expression-4.3.24.RELEASE.jar:/home/maven/.m2/repository/org/aspectj/aspectjweaver/1.8.5/aspectjweaver-1.8.5.jar:/home/maven/.m2/repository/org/aspectj/aspectjrt/1.8.5/aspectjrt-1.8.5.jar:/workdir/sisyphus/sisyphus-springboot-starter/target/classes:/home/maven/.m2/repository/org/springframework/boot/spring-boot-starter/1.5.22.RELEASE/spring-boot-starter-1.5.22.RELEASE.jar:/home/maven/.m2/repository/org/springframework/boot/spring-boot/1.5.22.RELEASE/spring-boot-1.5.22.RELEASE.jar:/home/maven/.m2/repository/org/springframework/boot/spring-boot-autoconfigure/1.5.22.RELEASE/spring-boot-autoconfigure-1.5.22.RELEASE.jar:/home/maven/.m2/repository/org/springframework/boot/spring-boot-starter-logging/1.5.22.RELEASE/spring-boot-starter-logging-1.5.22.RELEASE.jar:/home/maven/.m2/repository/ch/qos/logback/logback-classic/1.1.11/logback-classic-1.1.11.jar:/home/maven/.m2/repository/ch/qos/logback/logback-core/1.1.11/logback-core-1.1.11.jar:/home/maven/.m2/repository/org/slf4j/slf4j-api/1.7.22/slf4j-api-1.7.22.jar:/home/maven/.m2/repository/org/slf4j/jcl-over-slf4j/1.7.26/jcl-over-slf4j-1.7.26.jar:/home/maven/.m2/repository/org/slf4j/jul-to-slf4j/1.7.26/jul-to-slf4j-1.7.26.jar:/home/maven/.m2/repository/org/slf4j/log4j-over-slf4j/1.7.26/log4j-over-slf4j-1.7.26.jar:/home/maven/.m2/repository/org/yaml/snakeyaml/1.17/snakeyaml-1.17.jar:/home/maven/.m2/repository/junit/junit/4.12/junit-4.12.jar:/home/maven/.m2/repository/org/hamcrest/hamcrest-core/1.3/hamcrest-core-1.3.jar:/home/maven/.m2/repository/org/springframework/spring-test/4.3.24.RELEASE/spring-test-4.3.24.RELEASE.jar:/home/maven/.m2/repository/org/springframework/spring-core/4.3.24.RELEASE/spring-core-4.3.24.RELEASE.jar:/home/maven/.m2/repository/commons-logging/commons-logging/1.2/commons-logging-1.2.jar:, sun.cpu.endian=little, user.home=/home/maven, user.language=en, java.specification.vendor=Oracle Corporation, java.version.date=2020-07-14, java.home=/usr/local/openjdk-11, surefire.skipAfterFailureCount=1, file.separator=/, basedir=/workdir/sisyphus/sisyphus-test, java.vm.compressedOopsMode=Zero based, line.separator=
, java.specification.name=Java Platform API Specification, java.vm.specification.vendor=Oracle Corporation, java.awt.graphicsenv=sun.awt.X11GraphicsEnvironment, surefire.real.class.path=/workdir/sisyphus/sisyphus-test/target/surefire/surefirebooter11812386708714334084.jar, sun.management.compiler=HotSpot 64-Bit Tiered Compilers, java.runtime.version=11.0.8+10, user.name=maven, path.separator=:, os.version=4.15.0-135-generic, java.runtime.name=OpenJDK Runtime Environment, file.encoding=UTF-8, java.vm.name=OpenJDK 64-Bit Server VM, java.vendor.version=18.9, localRepository=/home/maven/.m2/repository, java.vendor.url.bug=https://bugreport.java.com/bugreport/, java.io.tmpdir=/tmp, java.version=11.0.8, user.dir=/workdir/sisyphus/sisyphus-test, os.arch=amd64, java.vm.specification.name=Java Virtual Machine Specification, java.awt.printerjob=sun.print.PSPrinterJob, sun.os.patch.level=unknown, java.library.path=/usr/java/packages/lib:/usr/lib64:/lib64:/lib:/usr/lib, java.vm.info=mixed mode, java.vendor=N/A, java.vm.version=11.0.8+10, sun.io.unicode.encoding=UnicodeLittle, java.class.version=55.0}}, SystemEnvironmentPropertySource@285754614 {name='systemEnvironment', properties={PATH=/usr/local/openjdk-11/bin:/usr/local/sbin:/usr/local/bin:/usr/sbin:/usr/bin:/sbin:/bin, JAVA_HOME=/usr/local/openjdk-11, MAVEN_PROJECTBASEDIR=/workdir/sisyphus, OLDPWD=/workdir/sisyphus/sisyphus-test, LANG=C.UTF-8, MAVEN_HOME=/usr/share/maven, HOSTNAME=workerName:Worker-0, PWD=/workdir/sisyphus/sisyphus-test, JAVA_VERSION=11.0.8, MAVEN_CMD_LINE_ARGS= test -Dsurefire.skipAfterFailureCount=1, HOME=/home/maven, SHLVL=2, _=/usr/bin/mvn}}]
10:17:05.283 [main] DEBUG org.springframework.beans.factory.support.DefaultListableBeanFactory - Eagerly caching bean 'org.springframework.boot.context.properties.ConfigurationPropertiesBindingPostProcessor' to allow for resolving potential circular references
10:17:05.288 [main] DEBUG org.springframework.beans.factory.support.DefaultListableBeanFactory - Returning cached instance of singleton bean 'org.springframework.boot.context.properties.ConfigurationPropertiesBindingPostProcessor.store'
10:17:05.289 [main] DEBUG org.springframework.beans.factory.support.DefaultListableBeanFactory - Invoking afterPropertiesSet() on bean with name 'org.springframework.boot.context.properties.ConfigurationPropertiesBindingPostProcessor'
10:17:05.289 [main] DEBUG org.springframework.beans.factory.support.DefaultListableBeanFactory - Returning cached instance of singleton bean 'propertySourcesPlaceholderConfigurer'
10:17:05.290 [main] DEBUG org.springframework.beans.factory.support.DefaultListableBeanFactory - Finished creating instance of bean 'org.springframework.boot.context.properties.ConfigurationPropertiesBindingPostProcessor'
10:17:05.290 [main] DEBUG org.springframework.beans.factory.support.DefaultListableBeanFactory - Creating shared instance of singleton bean 'org.springframework.aop.config.internalAutoProxyCreator'
10:17:05.290 [main] DEBUG org.springframework.beans.factory.support.DefaultListableBeanFactory - Creating instance of bean 'org.springframework.aop.config.internalAutoProxyCreator'
10:17:05.290 [main] DEBUG org.springframework.beans.factory.support.DefaultListableBeanFactory - Eagerly caching bean 'org.springframework.aop.config.internalAutoProxyCreator' to allow for resolving potential circular references
10:17:05.293 [main] DEBUG org.springframework.beans.factory.support.DefaultListableBeanFactory - Finished creating instance of bean 'org.springframework.aop.config.internalAutoProxyCreator'
10:17:05.293 [main] DEBUG org.springframework.context.support.GenericApplicationContext - Unable to locate MessageSource with name 'messageSource': using default [org.springframework.context.support.DelegatingMessageSource@470a9030]
10:17:05.293 [main] DEBUG org.springframework.context.support.GenericApplicationContext - Unable to locate ApplicationEventMulticaster with name 'applicationEventMulticaster': using default [org.springframework.context.event.SimpleApplicationEventMulticaster@66d57c1b]
10:17:05.293 [main] DEBUG org.springframework.beans.factory.support.DefaultListableBeanFactory - Pre-instantiating singletons in org.springframework.beans.factory.support.DefaultListableBeanFactory@c1fca1e: defining beans [org.springframework.context.annotation.internalConfigurationAnnotationProcessor,org.springframework.context.annotation.internalAutowiredAnnotationProcessor,org.springframework.context.annotation.internalRequiredAnnotationProcessor,org.springframework.context.event.internalEventListenerProcessor,org.springframework.context.event.internalEventListenerFactory,sisyphusApplication,springServiceImpl,retryAop,org.springframework.boot.autoconfigure.AutoConfigurationPackages,org.springframework.boot.autoconfigure.context.PropertyPlaceholderAutoConfiguration,org.springframework.boot.autoconfigure.condition.BeanTypeRegistry,propertySourcesPlaceholderConfigurer,com.github.houbb.sisyphus.spring.config.RetryAopConfig,com.github.houbb.sisyphus.springboot.starter.config.SisyphusAutoConfig,org.springframework.aop.config.internalAutoProxyCreator,org.springframework.boot.autoconfigure.jmx.JmxAutoConfiguration,mbeanExporter,objectNamingStrategy,mbeanServer,org.springframework.boot.autoconfigure.aop.AopAutoConfiguration$JdkDynamicAutoProxyConfiguration,org.springframework.boot.autoconfigure.aop.AopAutoConfiguration,org.springframework.boot.autoconfigure.context.ConfigurationPropertiesAutoConfiguration,org.springframework.boot.context.properties.ConfigurationPropertiesBindingPostProcessor,org.springframework.boot.context.properties.ConfigurationPropertiesBindingPostProcessor.store,org.springframework.boot.autoconfigure.info.ProjectInfoAutoConfiguration,spring.info-org.springframework.boot.autoconfigure.info.ProjectInfoProperties,org.springframework.boot.autoconfigure.web.WebClientAutoConfiguration]; root of factory hierarchy
10:17:05.293 [main] DEBUG org.springframework.beans.factory.support.DefaultListableBeanFactory - Returning cached instance of singleton bean 'org.springframework.context.annotation.internalConfigurationAnnotationProcessor'
10:17:05.293 [main] DEBUG org.springframework.beans.factory.support.DefaultListableBeanFactory - Returning cached instance of singleton bean 'org.springframework.context.annotation.internalAutowiredAnnotationProcessor'
10:17:05.293 [main] DEBUG org.springframework.beans.factory.support.DefaultListableBeanFactory - Returning cached instance of singleton bean 'org.springframework.context.annotation.internalRequiredAnnotationProcessor'
10:17:05.293 [main] DEBUG org.springframework.beans.factory.support.DefaultListableBeanFactory - Creating shared instance of singleton bean 'org.springframework.context.event.internalEventListenerProcessor'
10:17:05.293 [main] DEBUG org.springframework.beans.factory.support.DefaultListableBeanFactory - Creating instance of bean 'org.springframework.context.event.internalEventListenerProcessor'
10:17:05.295 [main] DEBUG org.springframework.aop.aspectj.annotation.ReflectiveAspectJAdvisorFactory - Found AspectJ method: public java.lang.Object com.github.houbb.sisyphus.spring.aop.RetryAop.around(org.aspectj.lang.ProceedingJoinPoint) throws java.lang.Throwable
10:17:05.299 [main] DEBUG org.springframework.beans.factory.support.DefaultListableBeanFactory - Eagerly caching bean 'org.springframework.context.event.internalEventListenerProcessor' to allow for resolving potential circular references
10:17:05.304 [main] DEBUG org.springframework.beans.factory.support.DefaultListableBeanFactory - Finished creating instance of bean 'org.springframework.context.event.internalEventListenerProcessor'
10:17:05.305 [main] DEBUG org.springframework.beans.factory.support.DefaultListableBeanFactory - Creating shared instance of singleton bean 'org.springframework.context.event.internalEventListenerFactory'
10:17:05.305 [main] DEBUG org.springframework.beans.factory.support.DefaultListableBeanFactory - Creating instance of bean 'org.springframework.context.event.internalEventListenerFactory'
10:17:05.305 [main] DEBUG org.springframework.beans.factory.support.DefaultListableBeanFactory - Eagerly caching bean 'org.springframework.context.event.internalEventListenerFactory' to allow for resolving potential circular references
10:17:05.307 [main] DEBUG org.springframework.beans.factory.support.DefaultListableBeanFactory - Finished creating instance of bean 'org.springframework.context.event.internalEventListenerFactory'
10:17:05.307 [main] DEBUG org.springframework.beans.factory.support.DefaultListableBeanFactory - Creating shared instance of singleton bean 'sisyphusApplication'
10:17:05.307 [main] DEBUG org.springframework.beans.factory.support.DefaultListableBeanFactory - Creating instance of bean 'sisyphusApplication'
10:17:05.307 [main] DEBUG org.springframework.beans.factory.support.DefaultListableBeanFactory - Eagerly caching bean 'sisyphusApplication' to allow for resolving potential circular references
10:17:05.310 [main] DEBUG org.springframework.beans.factory.support.DefaultListableBeanFactory - Finished creating instance of bean 'sisyphusApplication'
10:17:05.310 [main] DEBUG org.springframework.beans.factory.support.DefaultListableBeanFactory - Creating shared instance of singleton bean 'springServiceImpl'
10:17:05.311 [main] DEBUG org.springframework.beans.factory.support.DefaultListableBeanFactory - Creating instance of bean 'springServiceImpl'
10:17:05.311 [main] DEBUG org.springframework.beans.factory.support.DefaultListableBeanFactory - Eagerly caching bean 'springServiceImpl' to allow for resolving potential circular references
10:17:05.312 [main] DEBUG org.springframework.aop.aspectj.annotation.AnnotationAwareAspectJAutoProxyCreator - Creating implicit proxy for bean 'springServiceImpl' with 0 common interceptors and 2 specific interceptors
10:17:05.312 [main] DEBUG org.springframework.aop.framework.JdkDynamicAopProxy - Creating JDK dynamic proxy: target source is SingletonTargetSource for target object [com.github.houbb.sisyphus.test.service.impl.SpringServiceImpl@111610e6]
10:17:05.312 [main] DEBUG org.springframework.beans.factory.support.DefaultListableBeanFactory - Finished creating instance of bean 'springServiceImpl'
10:17:05.312 [main] DEBUG org.springframework.beans.factory.support.DefaultListableBeanFactory - Creating shared instance of singleton bean 'retryAop'
10:17:05.312 [main] DEBUG org.springframework.beans.factory.support.DefaultListableBeanFactory - Creating instance of bean 'retryAop'
10:17:05.312 [main] DEBUG org.springframework.beans.factory.support.DefaultListableBeanFactory - Eagerly caching bean 'retryAop' to allow for resolving potential circular references
10:17:05.313 [main] DEBUG org.springframework.beans.factory.support.DefaultListableBeanFactory - Finished creating instance of bean 'retryAop'
10:17:05.313 [main] DEBUG org.springframework.beans.factory.support.DefaultListableBeanFactory - Creating shared instance of singleton bean 'org.springframework.boot.autoconfigure.AutoConfigurationPackages'
10:17:05.313 [main] DEBUG org.springframework.beans.factory.support.DefaultListableBeanFactory - Creating instance of bean 'org.springframework.boot.autoconfigure.AutoConfigurationPackages'
10:17:05.313 [main] DEBUG org.springframework.beans.factory.support.DefaultListableBeanFactory - Eagerly caching bean 'org.springframework.boot.autoconfigure.AutoConfigurationPackages' to allow for resolving potential circular references
10:17:05.315 [main] DEBUG org.springframework.beans.factory.support.DefaultListableBeanFactory - Finished creating instance of bean 'org.springframework.boot.autoconfigure.AutoConfigurationPackages'
10:17:05.315 [main] DEBUG org.springframework.beans.factory.support.DefaultListableBeanFactory - Creating shared instance of singleton bean 'org.springframework.boot.autoconfigure.context.PropertyPlaceholderAutoConfiguration'
10:17:05.315 [main] DEBUG org.springframework.beans.factory.support.DefaultListableBeanFactory - Creating instance of bean 'org.springframework.boot.autoconfigure.context.PropertyPlaceholderAutoConfiguration'
10:17:05.315 [main] DEBUG org.springframework.beans.factory.support.DefaultListableBeanFactory - Eagerly caching bean 'org.springframework.boot.autoconfigure.context.PropertyPlaceholderAutoConfiguration' to allow for resolving potential circular references
10:17:05.318 [main] DEBUG org.springframework.beans.factory.support.DefaultListableBeanFactory - Finished creating instance of bean 'org.springframework.boot.autoconfigure.context.PropertyPlaceholderAutoConfiguration'
10:17:05.318 [main] DEBUG org.springframework.beans.factory.support.DefaultListableBeanFactory - Returning cached instance of singleton bean 'org.springframework.boot.autoconfigure.condition.BeanTypeRegistry'
10:17:05.318 [main] DEBUG org.springframework.beans.factory.support.DefaultListableBeanFactory - Returning cached instance of singleton bean 'propertySourcesPlaceholderConfigurer'
10:17:05.318 [main] DEBUG org.springframework.beans.factory.support.DefaultListableBeanFactory - Creating shared instance of singleton bean 'com.github.houbb.sisyphus.spring.config.RetryAopConfig'
10:17:05.318 [main] DEBUG org.springframework.beans.factory.support.DefaultListableBeanFactory - Creating instance of bean 'com.github.houbb.sisyphus.spring.config.RetryAopConfig'
10:17:05.319 [main] DEBUG org.springframework.beans.factory.support.DefaultListableBeanFactory - Eagerly caching bean 'com.github.houbb.sisyphus.spring.config.RetryAopConfig' to allow for resolving potential circular references
10:17:05.320 [main] DEBUG org.springframework.beans.factory.support.DefaultListableBeanFactory - Finished creating instance of bean 'com.github.houbb.sisyphus.spring.config.RetryAopConfig'
10:17:05.320 [main] DEBUG org.springframework.beans.factory.support.DefaultListableBeanFactory - Creating shared instance of singleton bean 'com.github.houbb.sisyphus.springboot.starter.config.SisyphusAutoConfig'
10:17:05.321 [main] DEBUG org.springframework.beans.factory.support.DefaultListableBeanFactory - Creating instance of bean 'com.github.houbb.sisyphus.springboot.starter.config.SisyphusAutoConfig'
10:17:05.321 [main] DEBUG org.springframework.beans.factory.support.DefaultListableBeanFactory - Eagerly caching bean 'com.github.houbb.sisyphus.springboot.starter.config.SisyphusAutoConfig' to allow for resolving potential circular references
10:17:05.323 [main] DEBUG org.springframework.beans.factory.support.DefaultListableBeanFactory - Finished creating instance of bean 'com.github.houbb.sisyphus.springboot.starter.config.SisyphusAutoConfig'
10:17:05.324 [main] DEBUG org.springframework.beans.factory.support.DefaultListableBeanFactory - Returning cached instance of singleton bean 'org.springframework.aop.config.internalAutoProxyCreator'
10:17:05.324 [main] DEBUG org.springframework.beans.factory.support.DefaultListableBeanFactory - Creating shared instance of singleton bean 'org.springframework.boot.autoconfigure.jmx.JmxAutoConfiguration'
10:17:05.324 [main] DEBUG org.springframework.beans.factory.support.DefaultListableBeanFactory - Creating instance of bean 'org.springframework.boot.autoconfigure.jmx.JmxAutoConfiguration'
10:17:05.324 [main] DEBUG org.springframework.beans.factory.support.DefaultListableBeanFactory - Eagerly caching bean 'org.springframework.boot.autoconfigure.jmx.JmxAutoConfiguration' to allow for resolving potential circular references
10:17:05.336 [main] DEBUG org.springframework.beans.factory.support.DefaultListableBeanFactory - Finished creating instance of bean 'org.springframework.boot.autoconfigure.jmx.JmxAutoConfiguration'
10:17:05.337 [main] DEBUG org.springframework.beans.factory.support.DefaultListableBeanFactory - Creating shared instance of singleton bean 'mbeanExporter'
10:17:05.337 [main] DEBUG org.springframework.beans.factory.support.DefaultListableBeanFactory - Creating instance of bean 'mbeanExporter'
10:17:05.337 [main] DEBUG org.springframework.beans.factory.support.DefaultListableBeanFactory - Returning cached instance of singleton bean 'org.springframework.boot.autoconfigure.jmx.JmxAutoConfiguration'
10:17:05.338 [main] DEBUG org.springframework.beans.factory.support.DefaultListableBeanFactory - Creating shared instance of singleton bean 'objectNamingStrategy'
10:17:05.338 [main] DEBUG org.springframework.beans.factory.support.DefaultListableBeanFactory - Creating instance of bean 'objectNamingStrategy'
10:17:05.338 [main] DEBUG org.springframework.beans.factory.support.DefaultListableBeanFactory - Returning cached instance of singleton bean 'org.springframework.boot.autoconfigure.jmx.JmxAutoConfiguration'
10:17:05.351 [main] DEBUG org.springframework.beans.factory.support.DefaultListableBeanFactory - Eagerly caching bean 'objectNamingStrategy' to allow for resolving potential circular references
10:17:05.363 [main] DEBUG org.springframework.beans.factory.support.DefaultListableBeanFactory - Invoking afterPropertiesSet() on bean with name 'objectNamingStrategy'
10:17:05.366 [main] DEBUG org.springframework.beans.factory.support.DefaultListableBeanFactory - Finished creating instance of bean 'objectNamingStrategy'
10:17:05.366 [main] DEBUG org.springframework.beans.factory.support.DefaultListableBeanFactory - Autowiring by type from bean name 'mbeanExporter' via factory method to bean named 'objectNamingStrategy'
10:17:05.372 [main] DEBUG org.springframework.beans.factory.support.DefaultListableBeanFactory - Creating shared instance of singleton bean 'mbeanServer'
10:17:05.372 [main] DEBUG org.springframework.beans.factory.support.DefaultListableBeanFactory - Creating instance of bean 'mbeanServer'
10:17:05.373 [main] DEBUG org.springframework.beans.factory.support.DefaultListableBeanFactory - Returning cached instance of singleton bean 'org.springframework.boot.autoconfigure.jmx.JmxAutoConfiguration'
10:17:05.438 [main] DEBUG org.springframework.jmx.support.JmxUtils - Found MBeanServer: com.sun.jmx.mbeanserver.JmxMBeanServer@57bd802b
10:17:05.439 [main] DEBUG org.springframework.beans.factory.support.DefaultListableBeanFactory - Eagerly caching bean 'mbeanServer' to allow for resolving potential circular references
10:17:05.473 [main] DEBUG org.springframework.beans.factory.support.DefaultListableBeanFactory - Finished creating instance of bean 'mbeanServer'
10:17:05.475 [main] DEBUG org.springframework.beans.factory.support.DefaultListableBeanFactory - Eagerly caching bean 'mbeanExporter' to allow for resolving potential circular references
10:17:05.479 [main] DEBUG org.springframework.beans.factory.support.DefaultListableBeanFactory - Invoking afterPropertiesSet() on bean with name 'mbeanExporter'
10:17:05.526 [main] DEBUG org.springframework.beans.factory.support.DefaultListableBeanFactory - Finished creating instance of bean 'mbeanExporter'
10:17:05.526 [main] DEBUG org.springframework.beans.factory.support.DefaultListableBeanFactory - Returning cached instance of singleton bean 'objectNamingStrategy'
10:17:05.526 [main] DEBUG org.springframework.beans.factory.support.DefaultListableBeanFactory - Returning cached instance of singleton bean 'mbeanServer'
10:17:05.526 [main] DEBUG org.springframework.beans.factory.support.DefaultListableBeanFactory - Creating shared instance of singleton bean 'org.springframework.boot.autoconfigure.aop.AopAutoConfiguration$JdkDynamicAutoProxyConfiguration'
10:17:05.527 [main] DEBUG org.springframework.beans.factory.support.DefaultListableBeanFactory - Creating instance of bean 'org.springframework.boot.autoconfigure.aop.AopAutoConfiguration$JdkDynamicAutoProxyConfiguration'
10:17:05.527 [main] DEBUG org.springframework.beans.factory.support.DefaultListableBeanFactory - Eagerly caching bean 'org.springframework.boot.autoconfigure.aop.AopAutoConfiguration$JdkDynamicAutoProxyConfiguration' to allow for resolving potential circular references
10:17:05.530 [main] DEBUG org.springframework.beans.factory.support.DefaultListableBeanFactory - Finished creating instance of bean 'org.springframework.boot.autoconfigure.aop.AopAutoConfiguration$JdkDynamicAutoProxyConfiguration'
10:17:05.530 [main] DEBUG org.springframework.beans.factory.support.DefaultListableBeanFactory - Creating shared instance of singleton bean 'org.springframework.boot.autoconfigure.aop.AopAutoConfiguration'
10:17:05.530 [main] DEBUG org.springframework.beans.factory.support.DefaultListableBeanFactory - Creating instance of bean 'org.springframework.boot.autoconfigure.aop.AopAutoConfiguration'
10:17:05.531 [main] DEBUG org.springframework.beans.factory.support.DefaultListableBeanFactory - Eagerly caching bean 'org.springframework.boot.autoconfigure.aop.AopAutoConfiguration' to allow for resolving potential circular references
10:17:05.533 [main] DEBUG org.springframework.beans.factory.support.DefaultListableBeanFactory - Finished creating instance of bean 'org.springframework.boot.autoconfigure.aop.AopAutoConfiguration'
10:17:05.533 [main] DEBUG org.springframework.beans.factory.support.DefaultListableBeanFactory - Creating shared instance of singleton bean 'org.springframework.boot.autoconfigure.context.ConfigurationPropertiesAutoConfiguration'
10:17:05.533 [main] DEBUG org.springframework.beans.factory.support.DefaultListableBeanFactory - Creating instance of bean 'org.springframework.boot.autoconfigure.context.ConfigurationPropertiesAutoConfiguration'
10:17:05.533 [main] DEBUG org.springframework.beans.factory.support.DefaultListableBeanFactory - Eagerly caching bean 'org.springframework.boot.autoconfigure.context.ConfigurationPropertiesAutoConfiguration' to allow for resolving potential circular references
10:17:05.536 [main] DEBUG org.springframework.beans.factory.support.DefaultListableBeanFactory - Finished creating instance of bean 'org.springframework.boot.autoconfigure.context.ConfigurationPropertiesAutoConfiguration'
10:17:05.536 [main] DEBUG org.springframework.beans.factory.support.DefaultListableBeanFactory - Returning cached instance of singleton bean 'org.springframework.boot.context.properties.ConfigurationPropertiesBindingPostProcessor'
10:17:05.536 [main] DEBUG org.springframework.beans.factory.support.DefaultListableBeanFactory - Returning cached instance of singleton bean 'org.springframework.boot.context.properties.ConfigurationPropertiesBindingPostProcessor.store'
10:17:05.536 [main] DEBUG org.springframework.beans.factory.support.DefaultListableBeanFactory - Creating shared instance of singleton bean 'org.springframework.boot.autoconfigure.info.ProjectInfoAutoConfiguration'
10:17:05.536 [main] DEBUG org.springframework.beans.factory.support.DefaultListableBeanFactory - Creating instance of bean 'org.springframework.boot.autoconfigure.info.ProjectInfoAutoConfiguration'
10:17:05.537 [main] DEBUG org.springframework.core.LocalVariableTableParameterNameDiscoverer - Cannot find '.class' file for class [class org.springframework.boot.autoconfigure.info.ProjectInfoAutoConfiguration$$EnhancerBySpringCGLIB$$bcfd678e] - unable to determine constructor/method parameter names
10:17:05.537 [main] DEBUG org.springframework.beans.factory.support.DefaultListableBeanFactory - Creating shared instance of singleton bean 'spring.info-org.springframework.boot.autoconfigure.info.ProjectInfoProperties'
10:17:05.537 [main] DEBUG org.springframework.beans.factory.support.DefaultListableBeanFactory - Creating instance of bean 'spring.info-org.springframework.boot.autoconfigure.info.ProjectInfoProperties'
10:17:05.538 [main] DEBUG org.springframework.beans.factory.annotation.InjectionMetadata - Registered injected element on class [org.springframework.boot.autoconfigure.info.ProjectInfoProperties]: AutowiredMethodElement for void org.springframework.boot.autoconfigure.info.ProjectInfoProperties.setDefaultGitLocation(org.springframework.core.io.Resource)
10:17:05.538 [main] DEBUG org.springframework.beans.factory.support.DefaultListableBeanFactory - Eagerly caching bean 'spring.info-org.springframework.boot.autoconfigure.info.ProjectInfoProperties' to allow for resolving potential circular references
10:17:05.538 [main] DEBUG org.springframework.beans.factory.annotation.InjectionMetadata - Processing injected element of bean 'spring.info-org.springframework.boot.autoconfigure.info.ProjectInfoProperties': AutowiredMethodElement for void org.springframework.boot.autoconfigure.info.ProjectInfoProperties.setDefaultGitLocation(org.springframework.core.io.Resource)
10:17:05.540 [main] DEBUG org.springframework.core.env.PropertySourcesPropertyResolver - Could not find key 'spring.git.properties:classpath:git.properties' in any property source
10:17:05.540 [main] DEBUG org.springframework.core.env.PropertySourcesPropertyResolver - Could not find key 'spring.git.properties:classpath:git.properties' in any property source
10:17:05.540 [main] DEBUG org.springframework.core.env.PropertySourcesPropertyResolver - Could not find key 'spring.git.properties' in any property source
10:17:05.540 [main] DEBUG org.springframework.core.env.PropertySourcesPropertyResolver - Could not find key 'spring.git.properties' in any property source
10:17:05.556 [main] DEBUG org.springframework.beans.factory.annotation.InjectionMetadata - Processing injected element of bean 'org.springframework.boot.context.properties.ConfigurationPropertiesBindingPostProcessor': AutowiredMethodElement for public void org.springframework.boot.context.properties.ConfigurationPropertiesBindingPostProcessor.setConverters(java.util.List)
10:17:05.558 [main] DEBUG org.springframework.beans.factory.annotation.InjectionMetadata - Processing injected element of bean 'org.springframework.boot.context.properties.ConfigurationPropertiesBindingPostProcessor': AutowiredMethodElement for public void org.springframework.boot.context.properties.ConfigurationPropertiesBindingPostProcessor.setGenericConverters(java.util.List)
10:17:05.573 [main] DEBUG org.springframework.core.env.MutablePropertySources - Adding PropertySource 'systemProperties' with lowest search precedence
10:17:05.573 [main] DEBUG org.springframework.core.env.MutablePropertySources - Adding PropertySource 'systemEnvironment' with lowest search precedence
10:17:05.573 [main] DEBUG org.springframework.core.env.MutablePropertySources - Adding PropertySource 'localProperties' with lowest search precedence
10:17:05.576 [main] DEBUG org.springframework.beans.factory.support.DefaultListableBeanFactory - Finished creating instance of bean 'spring.info-org.springframework.boot.autoconfigure.info.ProjectInfoProperties'
10:17:05.576 [main] DEBUG org.springframework.beans.factory.support.DefaultListableBeanFactory - Autowiring by type from bean name 'org.springframework.boot.autoconfigure.info.ProjectInfoAutoConfiguration' via constructor to bean named 'spring.info-org.springframework.boot.autoconfigure.info.ProjectInfoProperties'
10:17:05.576 [main] DEBUG org.springframework.beans.factory.support.DefaultListableBeanFactory - Eagerly caching bean 'org.springframework.boot.autoconfigure.info.ProjectInfoAutoConfiguration' to allow for resolving potential circular references
10:17:05.579 [main] DEBUG org.springframework.beans.factory.support.DefaultListableBeanFactory - Finished creating instance of bean 'org.springframework.boot.autoconfigure.info.ProjectInfoAutoConfiguration'
10:17:05.580 [main] DEBUG org.springframework.beans.factory.support.DefaultListableBeanFactory - Returning cached instance of singleton bean 'spring.info-org.springframework.boot.autoconfigure.info.ProjectInfoProperties'
10:17:05.580 [main] DEBUG org.springframework.beans.factory.support.DefaultListableBeanFactory - Creating shared instance of singleton bean 'org.springframework.boot.autoconfigure.web.WebClientAutoConfiguration'
10:17:05.580 [main] DEBUG org.springframework.beans.factory.support.DefaultListableBeanFactory - Creating instance of bean 'org.springframework.boot.autoconfigure.web.WebClientAutoConfiguration'
10:17:05.580 [main] DEBUG org.springframework.beans.factory.support.DefaultListableBeanFactory - Eagerly caching bean 'org.springframework.boot.autoconfigure.web.WebClientAutoConfiguration' to allow for resolving potential circular references
10:17:05.582 [main] DEBUG org.springframework.beans.factory.support.DefaultListableBeanFactory - Finished creating instance of bean 'org.springframework.boot.autoconfigure.web.WebClientAutoConfiguration'
10:17:05.583 [main] DEBUG org.springframework.beans.factory.support.DefaultListableBeanFactory - Returning cached instance of singleton bean 'org.springframework.context.event.internalEventListenerFactory'
10:17:05.591 [main] INFO org.springframework.jmx.export.annotation.AnnotationMBeanExporter - Registering beans for JMX exposure on startup
10:17:05.591 [main] DEBUG org.springframework.jmx.export.annotation.AnnotationMBeanExporter - Autodetecting user-defined JMX MBeans
10:17:05.592 [main] DEBUG org.springframework.context.support.GenericApplicationContext - Unable to locate LifecycleProcessor with name 'lifecycleProcessor': using default [org.springframework.context.support.DefaultLifecycleProcessor@3bb8aabc]
10:17:05.593 [main] DEBUG org.springframework.beans.factory.support.DefaultListableBeanFactory - Returning cached instance of singleton bean 'lifecycleProcessor'
10:17:05.593 [main] DEBUG org.springframework.beans.factory.support.DefaultListableBeanFactory - Returning cached instance of singleton bean 'org.springframework.boot.context.properties.ConfigurationPropertiesBindingPostProcessor'
10:17:05.594 [main] DEBUG org.springframework.core.env.PropertySourcesPropertyResolver - Could not find key 'spring.liveBeansView.mbeanDomain' in any property source
10:17:05.594 [main] DEBUG org.springframework.test.context.cache.DefaultCacheAwareContextLoaderDelegate - Storing ApplicationContext in cache under key [[MergedContextConfiguration@50305a testClass = SisyphusApplicationTest, locations = '{}', classes = '{class com.github.houbb.sisyphus.test.SisyphusApplication}', contextInitializerClasses = '[]', activeProfiles = '{}', propertySourceLocations = '{}', propertySourceProperties = '{}', contextCustomizers = set[[empty]], contextLoader = 'org.springframework.test.context.support.DelegatingSmartContextLoader', parent = [null]]]
10:17:05.594 [main] DEBUG org.springframework.test.context.cache - Spring test ApplicationContext cache statistics: [DefaultContextCache@724bade8 size = 2, maxSize = 32, parentContextCount = 0, hitCount = 0, missCount = 2]
10:17:05.595 [main] DEBUG org.springframework.beans.factory.annotation.InjectionMetadata - Processing injected element of bean 'com.github.houbb.sispyhus.test.springboot.SisyphusApplicationTest': AutowiredFieldElement for private com.github.houbb.sisyphus.test.service.SpringService com.github.houbb.sispyhus.test.springboot.SisyphusApplicationTest.springService
10:17:05.595 [main] DEBUG org.springframework.beans.factory.support.DefaultListableBeanFactory - Returning cached instance of singleton bean 'springServiceImpl'
10:17:05.595 [main] DEBUG org.springframework.beans.factory.annotation.AutowiredAnnotationBeanPostProcessor - Autowiring by type from bean name 'com.github.houbb.sispyhus.test.springboot.SisyphusApplicationTest' to bean named 'springServiceImpl'
10:17:05.595 [main] DEBUG org.springframework.beans.factory.annotation.InjectionMetadata - Processing injected element of bean 'com.github.houbb.sispyhus.test.springboot.SisyphusApplicationTest': AutowiredFieldElement for private org.springframework.context.ApplicationContext com.github.houbb.sispyhus.test.springboot.SisyphusApplicationTest.applicationContext
10:17:05.595 [main] DEBUG org.springframework.beans.factory.annotation.AutowiredAnnotationBeanPostProcessor - Autowiring by type from bean name 'com.github.houbb.sispyhus.test.springboot.SisyphusApplicationTest' to bean named 'org.springframework.context.support.GenericApplicationContext@6d511b5f'
10:17:05.596 [main] DEBUG org.springframework.test.context.support.AbstractDirtiesContextTestExecutionListener - Before test method: context [DefaultTestContext@2970a5bc testClass = SisyphusApplicationTest, testInstance = com.github.houbb.sispyhus.test.springboot.SisyphusApplicationTest@72efb5c1, testMethod = queryTest@SisyphusApplicationTest, testException = [null], mergedContextConfiguration = [MergedContextConfiguration@50305a testClass = SisyphusApplicationTest, locations = '{}', classes = '{class com.github.houbb.sisyphus.test.SisyphusApplication}', contextInitializerClasses = '[]', activeProfiles = '{}', propertySourceLocations = '{}', propertySourceProperties = '{}', contextCustomizers = set[[empty]], contextLoader = 'org.springframework.test.context.support.DelegatingSmartContextLoader', parent = [null]]], class annotated with @DirtiesContext [false] with mode [null], method annotated with @DirtiesContext [false] with mode [null].
10:17:05.597 [main] DEBUG org.springframework.beans.factory.support.DefaultListableBeanFactory - Returning cached instance of singleton bean 'retryAop'
spring service query...
spring service query...
spring service query...
10:17:05.597 [main] DEBUG org.springframework.test.context.support.AbstractDirtiesContextTestExecutionListener - After test method: context [DefaultTestContext@2970a5bc testClass = SisyphusApplicationTest, testInstance = com.github.houbb.sispyhus.test.springboot.SisyphusApplicationTest@72efb5c1, testMethod = queryTest@SisyphusApplicationTest, testException = [null], mergedContextConfiguration = [MergedContextConfiguration@50305a testClass = SisyphusApplicationTest, locations = '{}', classes = '{class com.github.houbb.sisyphus.test.SisyphusApplication}', contextInitializerClasses = '[]', activeProfiles = '{}', propertySourceLocations = '{}', propertySourceProperties = '{}', contextCustomizers = set[[empty]], contextLoader = 'org.springframework.test.context.support.DelegatingSmartContextLoader', parent = [null]]], class annotated with @DirtiesContext [false] with mode [null], method annotated with @DirtiesContext [false] with mode [null].
10:17:05.597 [main] DEBUG org.springframework.test.annotation.ProfileValueUtils - Retrieved @ProfileValueSourceConfiguration [null] for test class [com.github.houbb.sispyhus.test.springboot.SisyphusApplicationTest]
10:17:05.597 [main] DEBUG org.springframework.test.annotation.ProfileValueUtils - Retrieved ProfileValueSource type [class org.springframework.test.annotation.SystemProfileValueSource] for class [com.github.houbb.sispyhus.test.springboot.SisyphusApplicationTest]
10:17:05.597 [main] DEBUG org.springframework.test.context.support.DependencyInjectionTestExecutionListener - Performing dependency injection for test context [[DefaultTestContext@2970a5bc testClass = SisyphusApplicationTest, testInstance = com.github.houbb.sispyhus.test.springboot.SisyphusApplicationTest@1f52eb6f, testMethod = [null], testException = [null], mergedContextConfiguration = [MergedContextConfiguration@50305a testClass = SisyphusApplicationTest, locations = '{}', classes = '{class com.github.houbb.sisyphus.test.SisyphusApplication}', contextInitializerClasses = '[]', activeProfiles = '{}', propertySourceLocations = '{}', propertySourceProperties = '{}', contextCustomizers = set[[empty]], contextLoader = 'org.springframework.test.context.support.DelegatingSmartContextLoader', parent = [null]]]].
10:17:05.597 [main] DEBUG org.springframework.test.context.cache.DefaultCacheAwareContextLoaderDelegate - Retrieved ApplicationContext from cache with key [[MergedContextConfiguration@50305a testClass = SisyphusApplicationTest, locations = '{}', classes = '{class com.github.houbb.sisyphus.test.SisyphusApplication}', contextInitializerClasses = '[]', activeProfiles = '{}', propertySourceLocations = '{}', propertySourceProperties = '{}', contextCustomizers = set[[empty]], contextLoader = 'org.springframework.test.context.support.DelegatingSmartContextLoader', parent = [null]]]
10:17:05.597 [main] DEBUG org.springframework.test.context.cache - Spring test ApplicationContext cache statistics: [DefaultContextCache@724bade8 size = 2, maxSize = 32, parentContextCount = 0, hitCount = 1, missCount = 2]
10:17:05.597 [main] DEBUG org.springframework.beans.factory.annotation.InjectionMetadata - Processing injected element of bean 'com.github.houbb.sispyhus.test.springboot.SisyphusApplicationTest': AutowiredFieldElement for private com.github.houbb.sisyphus.test.service.SpringService com.github.houbb.sispyhus.test.springboot.SisyphusApplicationTest.springService
10:17:05.598 [main] DEBUG org.springframework.beans.factory.support.DefaultListableBeanFactory - Returning cached instance of singleton bean 'springServiceImpl'
10:17:05.598 [main] DEBUG org.springframework.beans.factory.annotation.InjectionMetadata - Processing injected element of bean 'com.github.houbb.sispyhus.test.springboot.SisyphusApplicationTest': AutowiredFieldElement for private org.springframework.context.ApplicationContext com.github.houbb.sispyhus.test.springboot.SisyphusApplicationTest.applicationContext
10:17:05.598 [main] DEBUG org.springframework.test.context.support.AbstractDirtiesContextTestExecutionListener - Before test method: context [DefaultTestContext@2970a5bc testClass = SisyphusApplicationTest, testInstance = com.github.houbb.sispyhus.test.springboot.SisyphusApplicationTest@1f52eb6f, testMethod = beanTest@SisyphusApplicationTest, testException = [null], mergedContextConfiguration = [MergedContextConfiguration@50305a testClass = SisyphusApplicationTest, locations = '{}', classes = '{class com.github.houbb.sisyphus.test.SisyphusApplication}', contextInitializerClasses = '[]', activeProfiles = '{}', propertySourceLocations = '{}', propertySourceProperties = '{}', contextCustomizers = set[[empty]], contextLoader = 'org.springframework.test.context.support.DelegatingSmartContextLoader', parent = [null]]], class annotated with @DirtiesContext [false] with mode [null], method annotated with @DirtiesContext [false] with mode [null].
10:17:05.598 [main] DEBUG org.springframework.test.context.support.AbstractDirtiesContextTestExecutionListener - After test method: context [DefaultTestContext@2970a5bc testClass = SisyphusApplicationTest, testInstance = com.github.houbb.sispyhus.test.springboot.SisyphusApplicationTest@1f52eb6f, testMethod = beanTest@SisyphusApplicationTest, testException = [null], mergedContextConfiguration = [MergedContextConfiguration@50305a testClass = SisyphusApplicationTest, locations = '{}', classes = '{class com.github.houbb.sisyphus.test.SisyphusApplication}', contextInitializerClasses = '[]', activeProfiles = '{}', propertySourceLocations = '{}', propertySourceProperties = '{}', contextCustomizers = set[[empty]], contextLoader = 'org.springframework.test.context.support.DelegatingSmartContextLoader', parent = [null]]], class annotated with @DirtiesContext [false] with mode [null], method annotated with @DirtiesContext [false] with mode [null].
10:17:05.598 [main] DEBUG org.springframework.test.context.support.AbstractDirtiesContextTestExecutionListener - After test class: context [DefaultTestContext@2970a5bc testClass = SisyphusApplicationTest, testInstance = [null], testMethod = [null], testException = [null], mergedContextConfiguration = [MergedContextConfiguration@50305a testClass = SisyphusApplicationTest, locations = '{}', classes = '{class com.github.houbb.sisyphus.test.SisyphusApplication}', contextInitializerClasses = '[]', activeProfiles = '{}', propertySourceLocations = '{}', propertySourceProperties = '{}', contextCustomizers = set[[empty]], contextLoader = 'org.springframework.test.context.support.DelegatingSmartContextLoader', parent = [null]]], class annotated with @DirtiesContext [false] with mode [null].
Tests run: 2, Failures: 0, Errors: 0, Skipped: 0, Time elapsed: 0.497 sec - in com.github.houbb.sispyhus.test.springboot.SisyphusApplicationTest
Running com.github.houbb.sispyhus.test.core.RetryerTest
called...
called...
called...
called...
called...
called...
called...
Tests run: 3, Failures: 0, Errors: 0, Skipped: 0, Time elapsed: 0 sec - in com.github.houbb.sispyhus.test.core.RetryerTest
Running com.github.houbb.sispyhus.test.core.TimeUnitTest
0
60000
Tests run: 1, Failures: 0, Errors: 0, Skipped: 0, Time elapsed: 0 sec - in com.github.houbb.sispyhus.test.core.TimeUnitTest
10:17:05.606 [Thread-0] INFO org.springframework.context.support.GenericApplicationContext - Closing org.springframework.context.support.GenericApplicationContext@23c30a20: startup date [Mon Feb 15 10:17:04 UTC 2021]; root of context hierarchy
10:17:05.607 [Thread-2] INFO org.springframework.context.support.GenericApplicationContext - Closing org.springframework.context.support.GenericApplicationContext@6d511b5f: startup date [Mon Feb 15 10:17:05 UTC 2021]; root of context hierarchy
10:17:05.609 [Thread-2] DEBUG org.springframework.beans.factory.support.DefaultListableBeanFactory - Returning cached instance of singleton bean 'lifecycleProcessor'
10:17:05.609 [Thread-2] DEBUG org.springframework.beans.factory.support.DefaultListableBeanFactory - Destroying singletons in org.springframework.beans.factory.support.DefaultListableBeanFactory@c1fca1e: defining beans [org.springframework.context.annotation.internalConfigurationAnnotationProcessor,org.springframework.context.annotation.internalAutowiredAnnotationProcessor,org.springframework.context.annotation.internalRequiredAnnotationProcessor,org.springframework.context.event.internalEventListenerProcessor,org.springframework.context.event.internalEventListenerFactory,sisyphusApplication,springServiceImpl,retryAop,org.springframework.boot.autoconfigure.AutoConfigurationPackages,org.springframework.boot.autoconfigure.context.PropertyPlaceholderAutoConfiguration,org.springframework.boot.autoconfigure.condition.BeanTypeRegistry,propertySourcesPlaceholderConfigurer,com.github.houbb.sisyphus.spring.config.RetryAopConfig,com.github.houbb.sisyphus.springboot.starter.config.SisyphusAutoConfig,org.springframework.aop.config.internalAutoProxyCreator,org.springframework.boot.autoconfigure.jmx.JmxAutoConfiguration,mbeanExporter,objectNamingStrategy,mbeanServer,org.springframework.boot.autoconfigure.aop.AopAutoConfiguration$JdkDynamicAutoProxyConfiguration,org.springframework.boot.autoconfigure.aop.AopAutoConfiguration,org.springframework.boot.autoconfigure.context.ConfigurationPropertiesAutoConfiguration,org.springframework.boot.context.properties.ConfigurationPropertiesBindingPostProcessor,org.springframework.boot.context.properties.ConfigurationPropertiesBindingPostProcessor.store,org.springframework.boot.autoconfigure.info.ProjectInfoAutoConfiguration,spring.info-org.springframework.boot.autoconfigure.info.ProjectInfoProperties,org.springframework.boot.autoconfigure.web.WebClientAutoConfiguration]; root of factory hierarchy
10:17:05.613 [Thread-2] DEBUG org.springframework.beans.factory.support.DisposableBeanAdapter - Invoking destroy() on bean with name 'mbeanExporter'
10:17:05.613 [Thread-2] INFO org.springframework.jmx.export.annotation.AnnotationMBeanExporter - Unregistering JMX-exposed beans on shutdown
10:17:05.613 [Thread-0] DEBUG org.springframework.beans.factory.support.DefaultListableBeanFactory - Returning cached instance of singleton bean 'lifecycleProcessor'
10:17:05.613 [Thread-2] DEBUG org.springframework.beans.factory.support.DisposableBeanAdapter - Invoking destroy() on bean with name 'org.springframework.boot.context.properties.ConfigurationPropertiesBindingPostProcessor'
10:17:05.613 [Thread-0] DEBUG org.springframework.beans.factory.support.DefaultListableBeanFactory - Destroying singletons in org.springframework.beans.factory.support.DefaultListableBeanFactory@34bde49d: defining beans [org.springframework.context.annotation.internalConfigurationAnnotationProcessor,org.springframework.context.annotation.internalAutowiredAnnotationProcessor,org.springframework.context.annotation.internalRequiredAnnotationProcessor,org.springframework.context.event.internalEventListenerProcessor,org.springframework.context.event.internalEventListenerFactory,springConfig,springServiceImpl,retryAop,com.github.houbb.sisyphus.spring.config.RetryAopConfig,org.springframework.aop.config.internalAutoProxyCreator]; root of factory hierarchy

Results :

Tests run: 9, Failures: 0, Errors: 0, Skipped: 0

[INFO] ------------------------------------------------------------------------
[INFO] Reactor Summary for sisyphus 0.0.9:
[INFO] 
[INFO] sisyphus ........................................... SUCCESS [  0.199 s]
[INFO] sisyphus-api ....................................... SUCCESS [  0.701 s]
[INFO] sisyphus-core ...................................... SUCCESS [  0.318 s]
[INFO] sisyphus-annotation ................................ SUCCESS [  0.130 s]
[INFO] sisyphus-spring .................................... SUCCESS [  0.083 s]
[INFO] sisyphus-springboot-starter ........................ SUCCESS [  0.123 s]
[INFO] sisyphus-test ...................................... SUCCESS [  1.690 s]
[INFO] ------------------------------------------------------------------------
[INFO] BUILD SUCCESS
[INFO] ------------------------------------------------------------------------
[INFO] Total time:  3.358 s
[INFO] Finished at: 2021-02-15T10:17:05Z
[INFO] ------------------------------------------------------------------------
