[INFO] Scanning for projects...
[INFO] Inspecting build with total of 1 modules...
[INFO] Installing Nexus Staging features:
[INFO]   ... total of 1 executions of maven-deploy-plugin replaced with nexus-staging-maven-plugin
[INFO] 
[INFO] ----------------< com.github.davidmoten:rxjava2-extras >----------------
[INFO] Building rxjava2-extras 0.1.39-SNAPSHOT
[INFO] --------------------------------[ jar ]---------------------------------
[INFO] 
[INFO] --- jacoco-maven-plugin:0.8.2:prepare-agent (default) @ rxjava2-extras ---
[INFO] argLine set to -javaagent:/home/maven/.m2/repository/org/jacoco/org.jacoco.agent/0.8.2/org.jacoco.agent-0.8.2-runtime.jar=destfile=/workdir/rxjava2-extras/target/jacoco.exec
[INFO] 
[INFO] --- maven-resources-plugin:2.6:resources (default-resources) @ rxjava2-extras ---
[INFO] Using 'UTF-8' encoding to copy filtered resources.
[INFO] skip non existing resourceDirectory /workdir/rxjava2-extras/src/main/resources
[INFO] 
[INFO] --- maven-compiler-plugin:3.8.0:compile (default-compile) @ rxjava2-extras ---
[INFO] Changes detected - recompiling the module!
[INFO] Compiling 70 source files to /workdir/rxjava2-extras/target/classes
[WARNING] /workdir/rxjava2-extras/src/main/java/com/github/davidmoten/rx2/internal/flowable/buffertofile/MemoryMappedFile.java:[11,16] sun.misc.Unsafe is internal proprietary API and may be removed in a future release
[WARNING] /workdir/rxjava2-extras/src/main/java/com/github/davidmoten/rx2/internal/flowable/buffertofile/MemoryMappedFile.java:[12,18] sun.nio.ch.FileChannelImpl is internal proprietary API and may be removed in a future release
[WARNING] /workdir/rxjava2-extras/src/main/java/com/github/davidmoten/rx2/internal/flowable/buffertofile/UnsafeAccess.java:[5,16] sun.misc.Unsafe is internal proprietary API and may be removed in a future release
[WARNING] /workdir/rxjava2-extras/src/main/java/com/github/davidmoten/rx2/internal/flowable/buffertofile/MemoryMappedFile.java:[17,26] sun.misc.Unsafe is internal proprietary API and may be removed in a future release
[WARNING] /workdir/rxjava2-extras/src/main/java/com/github/davidmoten/rx2/internal/flowable/buffertofile/MemoryMappedFile.java:[28,26] sun.nio.ch.FileChannelImpl is internal proprietary API and may be removed in a future release
[WARNING] /workdir/rxjava2-extras/src/main/java/com/github/davidmoten/rx2/internal/flowable/buffertofile/MemoryMappedFile.java:[29,28] sun.nio.ch.FileChannelImpl is internal proprietary API and may be removed in a future release
[WARNING] /workdir/rxjava2-extras/src/main/java/com/github/davidmoten/rx2/internal/flowable/buffertofile/UnsafeAccess.java:[14,20] sun.misc.Unsafe is internal proprietary API and may be removed in a future release
[WARNING] /workdir/rxjava2-extras/src/main/java/com/github/davidmoten/rx2/internal/flowable/buffertofile/UnsafeAccess.java:[18,44] sun.misc.Unsafe is internal proprietary API and may be removed in a future release
[WARNING] /workdir/rxjava2-extras/src/main/java/com/github/davidmoten/rx2/internal/flowable/buffertofile/UnsafeAccess.java:[20,23] sun.misc.Unsafe is internal proprietary API and may be removed in a future release
[WARNING] /workdir/rxjava2-extras/src/main/java/com/github/davidmoten/rx2/internal/flowable/buffertofile/UnsafeAccess.java:[26,19] sun.misc.Unsafe is internal proprietary API and may be removed in a future release
[INFO] /workdir/rxjava2-extras/src/main/java/com/github/davidmoten/rx2/internal/flowable/TransformerStateMachine.java: /workdir/rxjava2-extras/src/main/java/com/github/davidmoten/rx2/internal/flowable/TransformerStateMachine.java uses or overrides a deprecated API.
[INFO] /workdir/rxjava2-extras/src/main/java/com/github/davidmoten/rx2/internal/flowable/TransformerStateMachine.java: Recompile with -Xlint:deprecation for details.
[INFO] 
[INFO] --- maven-resources-plugin:2.6:testResources (default-testResources) @ rxjava2-extras ---
[INFO] Using 'UTF-8' encoding to copy filtered resources.
[INFO] Copying 4 resources
[INFO] 
[INFO] --- maven-compiler-plugin:3.8.0:testCompile (default-testCompile) @ rxjava2-extras ---
[INFO] Nothing to compile - all classes are up to date
[INFO] 
[INFO] --- maven-surefire-plugin:2.19.1:test (default-test) @ rxjava2-extras ---

-------------------------------------------------------
 T E S T S
-------------------------------------------------------
Running com.github.davidmoten.util.RingBufferTest
Tests run: 4, Failures: 0, Errors: 0, Skipped: 0, Time elapsed: 0.054 sec - in com.github.davidmoten.util.RingBufferTest
Running com.github.davidmoten.rx2.ConsumersTest
Tests run: 6, Failures: 0, Errors: 0, Skipped: 0, Time elapsed: 0.009 sec - in com.github.davidmoten.rx2.ConsumersTest
Running com.github.davidmoten.rx2.BiFunctionsTest
Tests run: 3, Failures: 0, Errors: 0, Skipped: 0, Time elapsed: 0 sec - in com.github.davidmoten.rx2.BiFunctionsTest
Running com.github.davidmoten.rx2.BiPredicatesTest
Tests run: 3, Failures: 0, Errors: 0, Skipped: 0, Time elapsed: 0 sec - in com.github.davidmoten.rx2.BiPredicatesTest
Running com.github.davidmoten.rx2.FunctionsTest
Tests run: 2, Failures: 0, Errors: 0, Skipped: 0, Time elapsed: 0 sec - in com.github.davidmoten.rx2.FunctionsTest
Running com.github.davidmoten.rx2.ObservablesTest
Tests run: 2, Failures: 0, Errors: 0, Skipped: 0, Time elapsed: 5.177 sec - in com.github.davidmoten.rx2.ObservablesTest
Running com.github.davidmoten.rx2.StringsTest
Tests run: 18, Failures: 0, Errors: 0, Skipped: 0, Time elapsed: 0.11 sec - in com.github.davidmoten.rx2.StringsTest
Running com.github.davidmoten.rx2.buffertofile.FlowableOnBackpressureBufferToFileTest
WARNING: An illegal reflective access operation has occurred
WARNING: Illegal reflective access by com.github.davidmoten.rx2.internal.flowable.buffertofile.MemoryMappedFile (file:/workdir/rxjava2-extras/target/classes/) to method sun.nio.ch.FileChannelImpl.map0(int,long,long)
WARNING: Please consider reporting this to the maintainers of com.github.davidmoten.rx2.internal.flowable.buffertofile.MemoryMappedFile
WARNING: Use --illegal-access=warn to enable warnings of further illegal reflective access operations
WARNING: All illegal access operations will be denied in a future release
testCancel
testCancelObservable
testing fragments sync
LITTLE_ENDIAN
byte arrays sync rate = 41.667MB/s
65536
byte arrays async 1K rate = 761.905MB/s, msgs/sec = 780190.476
byte arrays async rate = 58.140MB/s, msgs/sec = 1524093.023
byte arrays async rebatched rate = 36.232MB/s, msgs/sec=949797.101
byte arrays async rate obs = 45.455MB/s, msgs/sec = 1191563.636
Tests run: 29, Failures: 0, Errors: 0, Skipped: 1, Time elapsed: 3.262 sec - in com.github.davidmoten.rx2.buffertofile.FlowableOnBackpressureBufferToFileTest
Running com.github.davidmoten.rx2.buffertofile.SerializersTest
Tests run: 4, Failures: 0, Errors: 0, Skipped: 0, Time elapsed: 0.003 sec - in com.github.davidmoten.rx2.buffertofile.SerializersTest
Running com.github.davidmoten.rx2.StateMachineTest
Tests run: 3, Failures: 0, Errors: 0, Skipped: 0, Time elapsed: 0.012 sec - in com.github.davidmoten.rx2.StateMachineTest
Running com.github.davidmoten.rx2.ActionsTest
Tests run: 2, Failures: 0, Errors: 0, Skipped: 0, Time elapsed: 0 sec - in com.github.davidmoten.rx2.ActionsTest
Running com.github.davidmoten.rx2.BytesTest
Tests run: 12, Failures: 0, Errors: 0, Skipped: 0, Time elapsed: 0.015 sec - in com.github.davidmoten.rx2.BytesTest
Running com.github.davidmoten.rx2.internal.flowable.FlowableMergeInterleavedTest
Tests run: 18, Failures: 0, Errors: 0, Skipped: 0, Time elapsed: 0.967 sec - in com.github.davidmoten.rx2.internal.flowable.FlowableMergeInterleavedTest
Running com.github.davidmoten.rx2.internal.flowable.FlowableMinRequestTest
Tests run: 12, Failures: 0, Errors: 0, Skipped: 0, Time elapsed: 0.009 sec - in com.github.davidmoten.rx2.internal.flowable.FlowableMinRequestTest
Running com.github.davidmoten.rx2.internal.flowable.FlowableRepeatingTest
Tests run: 3, Failures: 0, Errors: 0, Skipped: 0, Time elapsed: 0 sec - in com.github.davidmoten.rx2.internal.flowable.FlowableRepeatingTest
Running com.github.davidmoten.rx2.internal.flowable.FlowableStateMachineTest
Tests run: 23, Failures: 0, Errors: 0, Skipped: 0, Time elapsed: 0.322 sec - in com.github.davidmoten.rx2.internal.flowable.FlowableStateMachineTest
Running com.github.davidmoten.rx2.internal.flowable.FlowableDoOnEmptyTest
Tests run: 9, Failures: 0, Errors: 0, Skipped: 0, Time elapsed: 0.024 sec - in com.github.davidmoten.rx2.internal.flowable.FlowableDoOnEmptyTest
Running com.github.davidmoten.rx2.internal.flowable.buffertofile.PageTest
main: boo
Tests run: 3, Failures: 0, Errors: 0, Skipped: 0, Time elapsed: 0 sec - in com.github.davidmoten.rx2.internal.flowable.buffertofile.PageTest
Running com.github.davidmoten.rx2.internal.flowable.buffertofile.UnsafeAccessTest
Tests run: 1, Failures: 0, Errors: 0, Skipped: 0, Time elapsed: 0 sec - in com.github.davidmoten.rx2.internal.flowable.buffertofile.UnsafeAccessTest
Running com.github.davidmoten.rx2.internal.flowable.buffertofile.PageListTest
Tests run: 5, Failures: 0, Errors: 0, Skipped: 0, Time elapsed: 0.002 sec - in com.github.davidmoten.rx2.internal.flowable.buffertofile.PageListTest
Running com.github.davidmoten.rx2.internal.flowable.buffertofile.MemoryMappedFileTest
Tests run: 1, Failures: 0, Errors: 0, Skipped: 0, Time elapsed: 0 sec - in com.github.davidmoten.rx2.internal.flowable.buffertofile.MemoryMappedFileTest
Running com.github.davidmoten.rx2.internal.flowable.FlowableCollectWhileTest
io.reactivex.exceptions.UndeliverableException: The exception could not be delivered to the consumer because it has already canceled/disposed the flow or the exception has nowhere to go to begin with. Further reading: https://github.com/ReactiveX/RxJava/wiki/What's-different-in-2.0#error-handling | com.github.davidmoten.rx2.exceptions.ThrowingException
Tests run: 16, Failures: 0, Errors: 0, Skipped: 0, Time elapsed: 0.024 sec - in com.github.davidmoten.rx2.internal.flowable.FlowableCollectWhileTest
Running com.github.davidmoten.rx2.internal.flowable.FlowableStringInputStreamTest
Tests run: 8, Failures: 0, Errors: 0, Skipped: 0, Time elapsed: 1.051 sec - in com.github.davidmoten.rx2.internal.flowable.FlowableStringInputStreamTest
Running com.github.davidmoten.rx2.internal.flowable.DelimitedStringLinkedListTest
Tests run: 18, Failures: 0, Errors: 0, Skipped: 0, Time elapsed: 0.015 sec - in com.github.davidmoten.rx2.internal.flowable.DelimitedStringLinkedListTest
Running com.github.davidmoten.rx2.internal.flowable.FlowableReverseTest
Tests run: 4, Failures: 0, Errors: 0, Skipped: 0, Time elapsed: 0.007 sec - in com.github.davidmoten.rx2.internal.flowable.FlowableReverseTest
Running com.github.davidmoten.rx2.internal.flowable.FlowableRepeatingTransformTest
Tests run: 26, Failures: 0, Errors: 0, Skipped: 2, Time elapsed: 0.358 sec - in com.github.davidmoten.rx2.internal.flowable.FlowableRepeatingTransformTest
Running com.github.davidmoten.rx2.internal.flowable.FlowableWindowMinMaxTest
Tests run: 10, Failures: 0, Errors: 0, Skipped: 0, Time elapsed: 0 sec - in com.github.davidmoten.rx2.internal.flowable.FlowableWindowMinMaxTest
Running com.github.davidmoten.rx2.internal.flowable.FlowableMaxRequestTest
Tests run: 17, Failures: 0, Errors: 0, Skipped: 0, Time elapsed: 9.562 sec - in com.github.davidmoten.rx2.internal.flowable.FlowableMaxRequestTest
Running com.github.davidmoten.rx2.internal.flowable.FlowableServerSocketTest
pool-2-thread-2: a
loop 0
pool-2-thread-4: hello there
pool-2-thread-5: hello there
pool-2-thread-8: hell
pool-2-thread-2: 1234
pool-2-thread-4: 
pool-2-thread-7: hello there
Tests run: 15, Failures: 0, Errors: 0, Skipped: 0, Time elapsed: 26.284 sec - in com.github.davidmoten.rx2.internal.flowable.FlowableServerSocketTest
Running com.github.davidmoten.rx2.internal.flowable.TransformerStringSplitTest
Tests run: 1, Failures: 0, Errors: 0, Skipped: 0, Time elapsed: 0 sec - in com.github.davidmoten.rx2.internal.flowable.TransformerStringSplitTest
Running com.github.davidmoten.rx2.internal.flowable.FlowableMapLastTest
Tests run: 4, Failures: 0, Errors: 0, Skipped: 0, Time elapsed: 0.012 sec - in com.github.davidmoten.rx2.internal.flowable.FlowableMapLastTest
Running com.github.davidmoten.rx2.internal.flowable.FlowablePassThroughTest
1
2
3
1
2
3
Tests run: 2, Failures: 0, Errors: 0, Skipped: 0, Time elapsed: 0.009 sec - in com.github.davidmoten.rx2.internal.flowable.FlowablePassThroughTest
Running com.github.davidmoten.rx2.internal.flowable.FlowableMatchTest
5
Tests run: 31, Failures: 0, Errors: 0, Skipped: 0, Time elapsed: 1.21 sec - in com.github.davidmoten.rx2.internal.flowable.FlowableMatchTest
Running com.github.davidmoten.rx2.internal.flowable.TransformerDecodeTest
Tests run: 1, Failures: 0, Errors: 0, Skipped: 0, Time elapsed: 0 sec - in com.github.davidmoten.rx2.internal.flowable.TransformerDecodeTest
Running com.github.davidmoten.rx2.internal.flowable.SerializerJavaIOTest
Tests run: 2, Failures: 0, Errors: 0, Skipped: 0, Time elapsed: 0 sec - in com.github.davidmoten.rx2.internal.flowable.SerializerJavaIOTest
Running com.github.davidmoten.rx2.internal.flowable.FlowableFetchPagesByRequestTest
Tests run: 6, Failures: 0, Errors: 0, Skipped: 0, Time elapsed: 0.008 sec - in com.github.davidmoten.rx2.internal.flowable.FlowableFetchPagesByRequestTest
Running com.github.davidmoten.rx2.util.PairTest
Tests run: 5, Failures: 0, Errors: 0, Skipped: 0, Time elapsed: 0.001 sec - in com.github.davidmoten.rx2.util.PairTest
Running com.github.davidmoten.rx2.SpecializedMspcLinkedQueueTest
Tests run: 1, Failures: 0, Errors: 0, Skipped: 1, Time elapsed: 0 sec - in com.github.davidmoten.rx2.SpecializedMspcLinkedQueueTest
Running com.github.davidmoten.rx2.flowable.SerializedTest
Tests run: 7, Failures: 0, Errors: 0, Skipped: 0, Time elapsed: 0.106 sec - in com.github.davidmoten.rx2.flowable.SerializedTest
Running com.github.davidmoten.rx2.flowable.TransformersTest
io.reactivex.exceptions.UndeliverableException: The exception could not be delivered to the consumer because it has already canceled/disposed the flow or the exception has nowhere to go to begin with. Further reading: https://github.com/ReactiveX/RxJava/wiki/What's-different-in-2.0#error-handling | java.io.IOException: boo
	at io.reactivex.plugins.RxJavaPlugins.onError(RxJavaPlugins.java:367)
	at com.github.davidmoten.rx2.internal.flowable.FlowableInsertMaybe$InsertSubscriber.onError(FlowableInsertMaybe.java:115)
	at com.github.davidmoten.rx2.flowable.TransformersTest$2$1.request(TransformersTest.java:231)
	at com.github.davidmoten.rx2.internal.flowable.FlowableInsertMaybe$InsertSubscriber.request(FlowableInsertMaybe.java:204)
	at io.reactivex.subscribers.TestSubscriber.onSubscribe(TestSubscriber.java:174)
	at com.github.davidmoten.rx2.internal.flowable.FlowableInsertMaybe$InsertSubscriber.onSubscribe(FlowableInsertMaybe.java:81)
	at com.github.davidmoten.rx2.flowable.TransformersTest$2.subscribeActual(TransformersTest.java:222)
	at io.reactivex.Flowable.subscribe(Flowable.java:14935)
	at com.github.davidmoten.rx2.internal.flowable.FlowableInsertMaybe.subscribeActual(FlowableInsertMaybe.java:39)
	at io.reactivex.Flowable.subscribe(Flowable.java:14935)
	at io.reactivex.Flowable.test(Flowable.java:18639)
	at com.github.davidmoten.rx2.flowable.TransformersTest.countMapperCalls(TransformersTest.java:243)
	at com.github.davidmoten.rx2.flowable.TransformersTest.testInsertNoOnNextOrErrorEventsProcessedAfterMapperError(TransformersTest.java:204)
	at java.base/jdk.internal.reflect.NativeMethodAccessorImpl.invoke0(Native Method)
	at java.base/jdk.internal.reflect.NativeMethodAccessorImpl.invoke(NativeMethodAccessorImpl.java:62)
	at java.base/jdk.internal.reflect.DelegatingMethodAccessorImpl.invoke(DelegatingMethodAccessorImpl.java:43)
	at java.base/java.lang.reflect.Method.invoke(Method.java:566)
	at org.junit.runners.model.FrameworkMethod$1.runReflectiveCall(FrameworkMethod.java:59)
	at org.junit.internal.runners.model.ReflectiveCallable.run(ReflectiveCallable.java:12)
	at org.junit.runners.model.FrameworkMethod.invokeExplosively(FrameworkMethod.java:56)
	at org.junit.internal.runners.statements.InvokeMethod.evaluate(InvokeMethod.java:17)
	at org.junit.runners.ParentRunner$3.evaluate(ParentRunner.java:306)
	at org.junit.runners.BlockJUnit4ClassRunner$1.evaluate(BlockJUnit4ClassRunner.java:100)
	at org.junit.runners.ParentRunner.runLeaf(ParentRunner.java:366)
	at org.junit.runners.BlockJUnit4ClassRunner.runChild(BlockJUnit4ClassRunner.java:103)
	at org.junit.runners.BlockJUnit4ClassRunner.runChild(BlockJUnit4ClassRunner.java:63)
	at org.junit.runners.ParentRunner$4.run(ParentRunner.java:331)
	at org.junit.runners.ParentRunner$1.schedule(ParentRunner.java:79)
	at org.junit.runners.ParentRunner.runChildren(ParentRunner.java:329)
	at org.junit.runners.ParentRunner.access$100(ParentRunner.java:66)
	at org.junit.runners.ParentRunner$2.evaluate(ParentRunner.java:293)
	at org.junit.runners.ParentRunner$3.evaluate(ParentRunner.java:306)
	at org.junit.runners.ParentRunner.run(ParentRunner.java:413)
	at org.apache.maven.surefire.junit4.JUnit4Provider.execute(JUnit4Provider.java:367)
	at org.apache.maven.surefire.junit4.JUnit4Provider.executeWithRerun(JUnit4Provider.java:274)
	at org.apache.maven.surefire.junit4.JUnit4Provider.executeTestSet(JUnit4Provider.java:238)
	at org.apache.maven.surefire.junit4.JUnit4Provider.invoke(JUnit4Provider.java:161)
	at org.apache.maven.surefire.booter.ForkedBooter.invokeProviderInSameClassLoader(ForkedBooter.java:290)
	at org.apache.maven.surefire.booter.ForkedBooter.runSuitesInProcess(ForkedBooter.java:242)
	at org.apache.maven.surefire.booter.ForkedBooter.main(ForkedBooter.java:121)
Caused by: java.io.IOException: boo
	... 38 more
Exception in thread "main" io.reactivex.exceptions.UndeliverableException: The exception could not be delivered to the consumer because it has already canceled/disposed the flow or the exception has nowhere to go to begin with. Further reading: https://github.com/ReactiveX/RxJava/wiki/What's-different-in-2.0#error-handling | java.io.IOException: boo
	at io.reactivex.plugins.RxJavaPlugins.onError(RxJavaPlugins.java:367)
	at com.github.davidmoten.rx2.internal.flowable.FlowableInsertMaybe$InsertSubscriber.onError(FlowableInsertMaybe.java:115)
	at com.github.davidmoten.rx2.flowable.TransformersTest$2$1.request(TransformersTest.java:231)
	at com.github.davidmoten.rx2.internal.flowable.FlowableInsertMaybe$InsertSubscriber.request(FlowableInsertMaybe.java:204)
	at io.reactivex.subscribers.TestSubscriber.onSubscribe(TestSubscriber.java:174)
	at com.github.davidmoten.rx2.internal.flowable.FlowableInsertMaybe$InsertSubscriber.onSubscribe(FlowableInsertMaybe.java:81)
	at com.github.davidmoten.rx2.flowable.TransformersTest$2.subscribeActual(TransformersTest.java:222)
	at io.reactivex.Flowable.subscribe(Flowable.java:14935)
	at com.github.davidmoten.rx2.internal.flowable.FlowableInsertMaybe.subscribeActual(FlowableInsertMaybe.java:39)
	at io.reactivex.Flowable.subscribe(Flowable.java:14935)
	at io.reactivex.Flowable.test(Flowable.java:18639)
	at com.github.davidmoten.rx2.flowable.TransformersTest.countMapperCalls(TransformersTest.java:243)
	at com.github.davidmoten.rx2.flowable.TransformersTest.testInsertNoOnNextOrErrorEventsProcessedAfterMapperError(TransformersTest.java:204)
	at java.base/jdk.internal.reflect.NativeMethodAccessorImpl.invoke0(Native Method)
	at java.base/jdk.internal.reflect.NativeMethodAccessorImpl.invoke(NativeMethodAccessorImpl.java:62)
	at java.base/jdk.internal.reflect.DelegatingMethodAccessorImpl.invoke(DelegatingMethodAccessorImpl.java:43)
	at java.base/java.lang.reflect.Method.invoke(Method.java:566)
	at org.junit.runners.model.FrameworkMethod$1.runReflectiveCall(FrameworkMethod.java:59)
	at org.junit.internal.runners.model.ReflectiveCallable.run(ReflectiveCallable.java:12)
	at org.junit.runners.model.FrameworkMethod.invokeExplosively(FrameworkMethod.java:56)
	at org.junit.internal.runners.statements.InvokeMethod.evaluate(InvokeMethod.java:17)
	at org.junit.runners.ParentRunner$3.evaluate(ParentRunner.java:306)
	at org.junit.runners.BlockJUnit4ClassRunner$1.evaluate(BlockJUnit4ClassRunner.java:100)
	at org.junit.runners.ParentRunner.runLeaf(ParentRunner.java:366)
	at org.junit.runners.BlockJUnit4ClassRunner.runChild(BlockJUnit4ClassRunner.java:103)
	at org.junit.runners.BlockJUnit4ClassRunner.runChild(BlockJUnit4ClassRunner.java:63)
	at org.junit.runners.ParentRunner$4.run(ParentRunner.java:331)
	at org.junit.runners.ParentRunner$1.schedule(ParentRunner.java:79)
	at org.junit.runners.ParentRunner.runChildren(ParentRunner.java:329)
	at org.junit.runners.ParentRunner.access$100(ParentRunner.java:66)
	at org.junit.runners.ParentRunner$2.evaluate(ParentRunner.java:293)
	at org.junit.runners.ParentRunner$3.evaluate(ParentRunner.java:306)
	at org.junit.runners.ParentRunner.run(ParentRunner.java:413)
	at org.apache.maven.surefire.junit4.JUnit4Provider.execute(JUnit4Provider.java:367)
	at org.apache.maven.surefire.junit4.JUnit4Provider.executeWithRerun(JUnit4Provider.java:274)
	at org.apache.maven.surefire.junit4.JUnit4Provider.executeTestSet(JUnit4Provider.java:238)
	at org.apache.maven.surefire.junit4.JUnit4Provider.invoke(JUnit4Provider.java:161)
	at org.apache.maven.surefire.booter.ForkedBooter.invokeProviderInSameClassLoader(ForkedBooter.java:290)
	at org.apache.maven.surefire.booter.ForkedBooter.runSuitesInProcess(ForkedBooter.java:242)
	at org.apache.maven.surefire.booter.ForkedBooter.main(ForkedBooter.java:121)
Caused by: java.io.IOException: boo
	... 38 more
Tests run: 24, Failures: 0, Errors: 0, Skipped: 0, Time elapsed: 1.073 sec - in com.github.davidmoten.rx2.flowable.TransformersTest
Running com.github.davidmoten.rx2.MaybesTest
Tests run: 3, Failures: 0, Errors: 0, Skipped: 0, Time elapsed: 0 sec - in com.github.davidmoten.rx2.MaybesTest
Running com.github.davidmoten.rx2.StringsSplitTest
Tests run: 22, Failures: 0, Errors: 0, Skipped: 1, Time elapsed: 0.053 sec - in com.github.davidmoten.rx2.StringsSplitTest
Running com.github.davidmoten.rx2.RetryWhenTest
WARN: boo
waiting for 60000ms
WARN: boo
waiting for 120000ms
WARN: boo
waiting for 60000ms
WARN: boo
waiting for 60000ms
WARN: boo
waiting for 10ms
WARN: boo
waiting for 20ms
WARN: boo
waiting for 40ms
WARN: boo
waiting for 80ms
WARN: boo
waiting for 160ms
Tests run: 10, Failures: 0, Errors: 0, Skipped: 0, Time elapsed: 0.326 sec - in com.github.davidmoten.rx2.RetryWhenTest
Running com.github.davidmoten.rx2.CallablesTest
Tests run: 1, Failures: 0, Errors: 0, Skipped: 0, Time elapsed: 0 sec - in com.github.davidmoten.rx2.CallablesTest
Running com.github.davidmoten.rx2.PredicatesTest
Tests run: 3, Failures: 0, Errors: 0, Skipped: 0, Time elapsed: 0.001 sec - in com.github.davidmoten.rx2.PredicatesTest
Running com.github.davidmoten.rx2.FlowablesTest
Tests run: 2, Failures: 0, Errors: 0, Skipped: 0, Time elapsed: 5.006 sec - in com.github.davidmoten.rx2.FlowablesTest
Running com.github.davidmoten.rx2.SchedulerHelperTest
main|schedId=[com.github.davidmoten.rx2.SchedulerHelperTest:testWithCallSite:47]
Tests run: 4, Failures: 0, Errors: 0, Skipped: 0, Time elapsed: 0.004 sec - in com.github.davidmoten.rx2.SchedulerHelperTest
Running com.github.davidmoten.rx2.observable.TransformersTest
Tests run: 1, Failures: 0, Errors: 0, Skipped: 0, Time elapsed: 0 sec - in com.github.davidmoten.rx2.observable.TransformersTest

Results :

Tests run: 407, Failures: 0, Errors: 0, Skipped: 5

[INFO] 
[INFO] --- jacoco-maven-plugin:0.8.2:report (report) @ rxjava2-extras ---
[INFO] Loading execution data file /workdir/rxjava2-extras/target/jacoco.exec
[INFO] Analyzed bundle 'rxjava2-extras' with 306 classes
[INFO] ------------------------------------------------------------------------
[INFO] BUILD SUCCESS
[INFO] ------------------------------------------------------------------------
[INFO] Total time:  59.469 s
[INFO] Finished at: 2021-02-15T06:09:52Z
[INFO] ------------------------------------------------------------------------
