[INFO] Scanning for projects...
[INFO] ------------------------------------------------------------------------
[INFO] Reactor Build Order:
[INFO] 
[INFO] T-digest Parent                                                    [pom]
[INFO] T-Digest                                                           [jar]
[INFO] t-digest-quality                                                   [jar]
[INFO] t-digest-benchmark                                                 [jar]
[INFO] 
[INFO] --------------------< com.tdunning:t-digest-parent >--------------------
[INFO] Building T-digest Parent 3.3-SNAPSHOT                              [1/4]
[INFO] --------------------------------[ pom ]---------------------------------
[INFO] 
[INFO] -----------------------< com.tdunning:t-digest >------------------------
[INFO] Building T-Digest 3.3-SNAPSHOT                                     [2/4]
[INFO] --------------------------------[ jar ]---------------------------------
[INFO] 
[INFO] --- maven-resources-plugin:2.6:resources (default-resources) @ t-digest ---
[INFO] Using 'UTF-8' encoding to copy filtered resources.
[INFO] skip non existing resourceDirectory /workdir/t-digest/core/src/main/resources
[INFO] 
[INFO] --- maven-compiler-plugin:3.3:compile (default-compile) @ t-digest ---
[INFO] Nothing to compile - all classes are up to date
[INFO] 
[INFO] --- maven-resources-plugin:2.6:testResources (default-testResources) @ t-digest ---
[INFO] Using 'UTF-8' encoding to copy filtered resources.
[INFO] skip non existing resourceDirectory /workdir/t-digest/core/src/test/resources
[INFO] 
[INFO] --- maven-compiler-plugin:3.3:testCompile (default-testCompile) @ t-digest ---
[INFO] Nothing to compile - all classes are up to date
[INFO] 
[INFO] --- maven-surefire-plugin:2.18.1:test (default-test) @ t-digest ---
[INFO] Tests are skipped.
[INFO] 
[INFO] --- junit4-maven-plugin:2.1.11:junit4 (tests) @ t-digest ---
WARNING: An illegal reflective access operation has occurred
WARNING: Illegal reflective access by org.dom4j.io.SAXContentHandler (file:/home/maven/.m2/repository/dom4j/dom4j/1.6.1/dom4j-1.6.1.jar) to method com.sun.org.apache.xerces.internal.parsers.AbstractSAXParser$LocatorProxy.getEncoding()
WARNING: Please consider reporting this to the maintainers of org.dom4j.io.SAXContentHandler
WARNING: Use --illegal-access=warn to enable warnings of further illegal reflective access operations
WARNING: All illegal access operations will be denied in a future release
[INFO] <JUnit4> says مرحبا! Master seed: E39376B1530C921D
Executing 16 suites with 1 JVM.

Started J0 PID(17545@605b8309f1f8).
Suite: com.tdunning.math.stats.TDigestUtilTest
Completed in 0.10s, 1 test

Suite: com.tdunning.math.stats.SortTest
Completed in 0.11s, 11 tests

Suite: com.tdunning.math.stats.IntAVLTreeTest
Completed in 0.28s, 2 tests

Suite: com.tdunning.math.stats.SerializationTest
Completed in 0.01s, 1 test

Suite: com.tdunning.math.stats.MegaMergeTest
IGNOR/A 0.03s | MegaMergeTest.megaMerge
   > Assumption #1: got: <false>, expected: is <true>
IGNOR/A 0.00s | MegaMergeTest.testLargeMerge
   > Assumption #1: got: <false>, expected: is <true>
Completed in 0.04s, 2 tests, 2 skipped

Suite: com.tdunning.math.stats.AVLTreeDigestTest
  1> delta, q, x1, x2, q1, q2, error_x, error_q
  1> 20,0.500000,50.500449,50.500323,0.500001,0.500126,0.000251,0.000250
  1> 20,0.900000,50.900089,50.900106,0.900001,0.899982,0.000176,0.000180
  1> 20,0.990000,50.990030,50.990007,0.990001,0.990023,0.002289,0.002241
  1> 20,0.999000,50.999015,50.999000,0.999001,0.999016,0.015647,0.015160
  1> 20,0.999900,50.999904,50.999899,0.999901,0.999905,0.053496,0.048541
  1> 20,0.999990,50.999991,50.999989,0.999991,0.999992,0.201261,0.151433
  1> 20,0.999999,50.999998,50.999998,1.000000,1.000000,0.000000,0.000000
  1> 50,0.500000,50.499440,50.499449,0.500001,0.499990,0.000019,0.000020
  1> 50,0.900000,50.900153,50.900113,0.900001,0.900041,0.000399,0.000402
  1> 50,0.990000,50.989729,50.989774,0.990001,0.989956,0.004412,0.004432
  1> 50,0.999000,50.999013,50.998976,0.999001,0.999037,0.037710,0.036316
  1> 50,0.999900,50.999898,50.999897,0.999901,0.999900,0.003854,0.001237
  1> 50,0.999990,50.999983,50.999990,0.999991,0.999984,0.641278,0.676088
  1> 50,0.999999,50.999999,50.999999,1.000000,1.000000,0.000000,0.000000
  1> 100,0.500000,50.499904,50.499862,0.500001,0.500042,0.000084,0.000083
  1> 100,0.900000,50.899799,50.899831,0.900001,0.899967,0.000326,0.000332
  1> 100,0.990000,50.989900,50.989902,0.990001,0.989998,0.000177,0.000226
  1> 100,0.999000,50.998981,50.998975,0.999001,0.999006,0.005697,0.005065
  1> 100,0.999900,50.999897,50.999897,0.999901,0.999901,0.006120,0.000979
  1> 100,0.999990,50.999988,50.999989,0.999991,0.999989,0.059089,0.107728
  1> 100,0.999999,50.999998,50.999998,1.000000,1.000000,0.000000,0.000000
  1> 200,0.500000,50.499734,50.499723,0.500001,0.500011,0.000023,0.000022
  1> 200,0.900000,50.899888,50.899909,0.900001,0.899979,0.000208,0.000212
  1> 200,0.990000,50.990012,50.990045,0.990001,0.989966,0.003348,0.003444
  1> 200,0.999000,50.998969,50.998976,0.999001,0.998993,0.007172,0.007527
  1> 200,0.999900,50.999909,50.999895,0.999901,0.999913,0.135412,0.127666
  1> 200,0.999990,50.999991,50.999987,0.999991,0.999994,0.453642,0.394444
  1> 200,0.999999,50.999996,50.999996,1.000000,1.000000,0.000000,0.000000
  1> # 0.464371us per point
  1> # 613 centroids
  1> Starting 0,10
  1> Starting 0,100
  1> Starting 0,1000
  1>                    0,10 (2 live threads, 19 pending tasks)
  1> Starting 0,10000
  1> Starting 1,10
  1> Starting 1,1000
  1> Starting 1,100
  1>                    1,10 (5 live threads, 18 pending tasks)
  1> Starting 1,10000
  1>                    0,100 (5 live threads, 17 pending tasks)
  1> Starting 2,10
  1>                    2,10 (5 live threads, 16 pending tasks)
  1> Starting 2,100
  1>                    1,100 (5 live threads, 15 pending tasks)
  1> Starting 2,1000
  1>                    2,100 (5 live threads, 14 pending tasks)
  1> Starting 2,10000
  1>                    0,1000 (5 live threads, 13 pending tasks)
  1> Starting 3,10
  1>                    3,10 (5 live threads, 12 pending tasks)
  1> Starting 3,100
  1>                    3,100 (5 live threads, 11 pending tasks)
  1> Starting 3,1000
  1>                    1,1000 (5 live threads, 10 pending tasks)
  1> Starting 3,10000
  1>                    2,1000 (5 live threads, 9 pending tasks)
  1> Starting 4,10
  1>                    4,10 (5 live threads, 8 pending tasks)
  1> Starting 4,100
  1>                    4,100 (5 live threads, 7 pending tasks)
  1> Starting 4,1000
  1>                    3,1000 (5 live threads, 6 pending tasks)
  1> Starting 4,10000
  1>                    4,1000 (5 live threads, 5 pending tasks)
  1>                    1,10000 (4 live threads, 4 pending tasks)
  1>                    3,10000 (3 live threads, 3 pending tasks)
  1>                    0,10000 (2 live threads, 2 pending tasks)
  1>                    2,10000 (1 live threads, 1 pending tasks)
  1>                    4,10000 (0 live threads, 0 pending tasks)
  1> # 0.420406us per point
  1> # 323 centroids
  1> i, q, mean, count, dk
  1> 0,0.0000005,-5.0623544,1,1.0000000
  1> 1,0.0000015,-4.9879520,1,1.0000000
  1> 2,0.0000025,-4.8033205,1,1.0000000
  1> 3,0.0000035,-4.6940169,1,1.0000000
  1> 4,0.0000045,-4.6092445,1,1.0000000
  1> 5,0.0000055,-4.5929335,1,1.0000000
  1> 6,0.0000065,-4.4937806,1,1.0000000
  1> 7,0.0000075,-4.4881214,1,1.0000000
  1> 8,0.0000085,-4.4671295,1,1.0000000
  1> 9,0.0000095,-4.4607139,1,1.0000000
  1> 10,0.0000105,-4.4606687,1,1.0000000
  1> 11,0.0000120,-4.3503287,2,0.8878577
  1> 12,0.0000140,-4.2734134,2,0.7605527
  1> 13,0.0000160,-4.2155808,2,0.6652187
  1> 14,0.0000185,-4.1337013,3,0.8637599
  1> 15,0.0000215,-4.1191610,3,0.7428127
  1> 16,0.0000245,-4.1018157,3,0.6516140
  1> 17,0.0000280,-4.0826064,4,0.7605634
  1> 18,0.0000325,-4.0551739,5,0.8192955
  1> 19,0.0000375,-4.0227889,5,0.7097096
  1> 20,0.0000430,-4.0023785,6,0.7428286
  1> 21,0.0000495,-3.9772125,7,0.7528712
  1> 22,0.0000575,-3.9417381,9,0.8336230
  1> 23,0.0000675,-3.8894698,11,0.8680868
  1> 24,0.0000775,-3.8593391,9,0.6179371
  1> 25,0.0000870,-3.8287119,10,0.6116154
  1> 26,0.0000980,-3.7858273,12,0.6516618
  1> 27,0.0001125,-3.7313501,17,0.8047383
  1> 28,0.0001310,-3.6778442,20,0.8130968
  1> 29,0.0001480,-3.6369834,14,0.5031944
  1> 30,0.0001660,-3.6096504,22,0.7055122
  1> 31,0.0001920,-3.5632543,30,0.8322815
  1> 32,0.0002215,-3.5217257,29,0.6969842
  1> 33,0.0002565,-3.4910500,41,0.8515614
  1> 34,0.0002995,-3.4520395,45,0.8002867
  1> 35,0.0003445,-3.4099821,45,0.6954605
  1> 36,0.0003985,-3.3688231,63,0.8423121
  1> 37,0.0004635,-3.3242256,67,0.7699545
  1> 38,0.0005315,-3.2836282,69,0.6913031
  1> 39,0.0006090,-3.2476606,86,0.7522282
  1> 40,0.0007125,-3.1978354,121,0.9053936
  1> 41,0.0008275,-3.1500474,109,0.7016616
  1> 42,0.0009470,-3.1095935,130,0.7314231
  1> 43,0.0010785,-3.0709490,133,0.6569494
  1> 44,0.0012135,-3.0351781,137,0.6013822
  1> 45,0.0013705,-2.9974738,177,0.6882953
  1> 46,0.0015575,-2.9575705,197,0.6741791
  1> 47,0.0018055,-2.9131314,299,0.8837579
  1> 48,0.0021295,-2.8610715,349,0.8748377
  1> 49,0.0025015,-2.8071475,395,0.8430784
  1> 50,0.0028720,-2.7615943,346,0.6429044
  1> 51,0.0032780,-2.7185795,466,0.7593021
  1> 52,0.0037725,-2.6689250,523,0.7407802
  1> 53,0.0043540,-2.6198960,640,0.7860462
  1> 54,0.0049615,-2.5765981,575,0.6196984
  1> 55,0.0055750,-2.5364853,652,0.6257556
  1> 56,0.0064525,-2.4843316,1103,0.9166299
  1> 57,0.0075625,-2.4263645,1117,0.7924121
  1> 58,0.0087140,-2.3715488,1186,0.7308279
  1> 59,0.0099865,-2.3222927,1359,0.7316628
  1> 60,0.0114855,-2.2724372,1639,0.7685236
  1> 61,0.0132385,-2.2204844,1867,0.7608275
  1> 62,0.0153890,-2.1606541,2434,0.8555008
  1> 63,0.0180335,-2.0976971,2855,0.8586253
  1> 64,0.0210695,-2.0336156,3217,0.8305276
  1> 65,0.0244370,-1.9715218,3518,0.7856102
  1> 66,0.0283675,-1.9072179,4343,0.8390236
  1> 67,0.0328115,-1.8420646,4545,0.7623437
  1> 68,0.0379020,-1.7777256,5636,0.8228912
  1> 69,0.0437825,-1.7097657,6125,0.7787691
  1> 70,0.0501380,-1.6441593,6586,0.7359862
  1> 71,0.0569620,-1.5811887,7062,0.6995519
  1> 72,0.0651050,-1.5131041,9224,0.8066852
  1> 73,0.0747005,-1.4420972,9967,0.7674275
  1> 74,0.0848955,-1.3728219,10423,0.7138696
  1> 75,0.0963540,-1.3028478,12494,0.7636003
  1> 76,0.1101610,-1.2251822,15120,0.8209235
  1> 77,0.1251895,-1.1482426,14937,0.7256302
  1> 78,0.1415700,-1.0700555,17824,0.7803792
  1> 79,0.1616950,-0.9848801,22426,0.8804877
  1> 80,0.1848080,-0.8946447,23800,0.8405688
  1> 81,0.2089890,-0.8079543,24562,0.7903914
  1> 82,0.2344880,-0.7214923,26436,0.7833700
  1> 83,0.2639250,-0.6283626,32438,0.8882889
  1> 84,0.2973620,-0.5292512,34436,0.8766860
  1> 85,0.3308150,-0.4352057,32470,0.7799984
  1> 86,0.3628770,-0.3482509,31654,0.7280060
  1> 87,0.3959270,-0.2617219,34446,0.7658215
  1> 88,0.4312345,-0.1717455,36169,0.7841134
  1> 89,0.4668475,-0.0822882,35057,0.7488784
  1> 90,0.5077240,0.0202447,46696,0.9936667
  1> 91,0.5495875,0.1253279,37031,0.7954407
  1> 92,0.5860550,0.2190086,35904,0.7869712
  1> 93,0.6211805,0.3101954,34347,0.7761518
  1> 94,0.6546690,0.4000196,32630,0.7675092
  1> 95,0.6865890,0.4879669,31210,0.7713188
  1> 96,0.7169915,0.5764178,29595,0.7756888
  1> 97,0.7463075,0.6652834,29037,0.8157849
  1> 98,0.7747635,0.7575437,27875,0.8498236
  1> 99,0.8014850,0.8493290,25568,0.8550244
  1> 100,0.8253900,0.9381641,22242,0.8211392
  1> 101,0.8460535,1.0203550,19085,0.7796144
  1> 102,0.8649200,1.1039105,18648,0.8494669
  1> 103,0.8814185,1.1826409,14349,0.7304199
  1> 104,0.8955605,1.2579341,13935,0.7928799
  1> 105,0.9093030,1.3365507,13550,0.8746935
  1> 106,0.9216735,1.4162818,11191,0.8251769
  1> 107,0.9320685,1.4909122,9599,0.8069810
  1> 108,0.9409760,1.5627475,8216,0.7874006
  1> 109,0.9484770,1.6298171,6786,0.7390327
  1> 110,0.9553595,1.6993784,6979,0.8714166
  1> 111,0.9616810,1.7704344,5664,0.8183167
  1> 112,0.9670215,1.8375889,5017,0.8376647
  1> 113,0.9715380,1.9037240,4016,0.7731275
  1> 114,0.9754360,1.9687676,3780,0.8400655
  1> 115,0.9790710,2.0340315,3490,0.9072608
  1> 116,0.9818935,2.0915322,2155,0.6449612
  1> 117,0.9842625,2.1473234,2583,0.8882214
  1> 118,0.9866400,2.2132365,2172,0.8776517
  1> 119,0.9886670,2.2758475,1882,0.8947372
  1> 120,0.9904195,2.3380713,1623,0.9112219
  1> 121,0.9917275,2.3935462,993,0.6440494
  1> 122,0.9927000,2.4386482,952,0.6991804
  1> 123,0.9936610,2.4887010,970,0.8200456
  1> 124,0.9945985,2.5458085,905,0.8973896
  1> 125,0.9953440,2.6017071,586,0.6729210
  1> 126,0.9959620,2.6513295,650,0.8608390
  1> 127,0.9965710,2.7072663,568,0.8854137
  1> 128,0.9970995,2.7645867,489,0.9007565
  1> 129,0.9975365,2.8187576,385,0.8343428
  1> 130,0.9979015,2.8699887,345,0.8775715
  1> 131,0.9981910,2.9171248,234,0.6896842
  1> 132,0.9984130,2.9569816,210,0.7054189
  1> 133,0.9986280,3.0046402,220,0.8552198
  1> 134,0.9988170,3.0474106,158,0.7117272
  1> 135,0.9989650,3.0837962,138,0.7104173
  1> 136,0.9991075,3.1268787,147,0.8781360
  1> 137,0.9992365,3.1686014,111,0.7746274
  1> 138,0.9993365,3.2091322,89,0.7144477
  1> 139,0.9994230,3.2474552,84,0.7755388
  1> 140,0.9995045,3.2874455,79,0.8495751
  1> 141,0.9995780,3.3373516,68,0.8586236
  1> 142,0.9996370,3.3816543,50,0.7334828
  1> 143,0.9996825,3.4202896,41,0.6874854
  1> 144,0.9997205,3.4478722,35,0.6665873
  1> 145,0.9997550,3.4870609,34,0.7389220
  1> 146,0.9997890,3.5347512,34,0.8584428
  1> 147,0.9998180,3.5680475,24,0.7019891
  1> 148,0.9998430,3.6077166,26,0.8823041
  1> 149,0.9998670,3.6472429,22,0.8812577
  1> 150,0.9998860,3.6775174,16,0.7472399
  1> 151,0.9999010,3.7201793,14,0.7529084
  1> 152,0.9999140,3.7555121,12,0.7428605
  1> 153,0.9999245,3.7826953,9,0.6343434
  1> 154,0.9999330,3.8257990,8,0.6353925
  1> 155,0.9999410,3.8563666,8,0.7217908
  1> 156,0.9999475,3.8817106,5,0.5065743
  1> 157,0.9999535,3.8975483,7,0.8016199
  1> 158,0.9999600,3.9281499,6,0.7987410
  1> 159,0.9999650,3.9455013,4,0.6080812
  1> 160,0.9999690,3.9701727,4,0.6867465
  1> 161,0.9999730,3.9993825,4,0.7888333
  1> 162,0.9999765,4.0328758,3,0.6794156
  1> 163,0.9999795,4.0659310,3,0.7791736
  1> 164,0.9999825,4.0963109,3,0.9133534
  1> 165,0.9999850,4.1682509,2,0.7096937
  1> 166,0.9999870,4.1940505,2,0.8192796
  1> 167,0.9999885,4.2068221,1,1.0000000
  1> 168,0.9999895,4.2098784,1,1.0000000
  1> 169,0.9999905,4.2227781,1,1.0000000
  1> 170,0.9999915,4.2299310,1,1.0000000
  1> 171,0.9999925,4.2618063,1,1.0000000
  1> 172,0.9999935,4.2840432,1,1.0000000
  1> 173,0.9999945,4.2873679,1,1.0000000
  1> 174,0.9999955,4.4168810,1,1.0000000
  1> 175,0.9999965,4.4836084,1,1.0000000
  1> 176,0.9999975,4.6105587,1,1.0000000
  1> 177,0.9999985,4.8143100,1,1.0000000
  1> 178,0.9999995,5.4159825,1,1.0000000
  1> # 0.290632us per point
  1> # 380 centroids
  1> # 0.252821us per point
  1> # 191 centroids
  1> # big 716 bytes
  1> # small 342 bytes
Completed in 21.55s, 30 tests

Suite: com.tdunning.scale.ScaleTest
IGNOR/A 0.00s | ScaleTest.testGrowth
   > Assumption #1: got: <false>, expected: is <true>
Completed in 0.00s, 1 test, 1 skipped

Suite: com.tdunning.math.stats.ComparisonTest
  1> 269.22119 0.64503
Completed in 16.47s, 5 tests

Suite: com.tdunning.math.stats.FloatHistogramTest
  1> Failed 0 times (up to 5 acceptable)Checking χ^2 = 165.4006 ± 17.6 against expected 165.4000 ± 18.0
Completed in 1.68s, 6 tests

Suite: com.tdunning.math.stats.AlternativeMergeTest
Completed in 0.27s, 1 test

Suite: com.tdunning.math.stats.TDigestSerializationTest
Completed in 0.05s, 2 tests

Suite: com.tdunning.math.stats.AbstractTest
Suite: com.tdunning.math.stats.AVLGroupTreeTest
Completed in 0.02s, 5 tests

Suite: com.tdunning.math.stats.LogHistogramTest
  1> Checking χ^2 = 147.1203 ± 16.4 against expected 146.0000 ± 17.0
Completed in 1.83s, 8 tests

Suite: com.tdunning.math.stats.MergingDigestTest
  1> delta, q, x1, x2, q1, q2, error_x, error_q
  1> 20,0.500000,50.499992,50.501013,0.500001,0.499021,0.002043,0.001958
  1> 20,0.900000,50.899964,50.899220,0.900001,0.900762,0.007434,0.007617
  1> 20,0.990000,50.990182,50.986679,0.990001,0.992630,0.350345,0.262934
  1> 20,0.999000,50.999043,50.998668,0.999001,0.999281,0.374856,0.280883
  1> 20,0.999900,50.999899,50.999867,0.999901,0.999924,0.317820,0.233569
  1> 20,0.999990,50.999988,50.999987,0.999991,0.999990,0.047918,0.014030
  1> 20,0.999999,50.999999,50.999999,1.000000,1.000000,0.000000,0.000000
  1> 50,0.500000,50.499138,50.499324,0.500001,0.499815,0.000373,0.000370
  1> 50,0.900000,50.899840,50.899790,0.900001,0.900050,0.000506,0.000499
  1> 50,0.990000,50.990037,50.988763,0.990001,0.991389,0.127451,0.138899
  1> 50,0.999000,50.998988,50.998826,0.999001,0.999138,0.162448,0.137787
  1> 50,0.999900,50.999902,50.999883,0.999901,0.999916,0.191104,0.157681
  1> 50,0.999990,50.999990,50.999989,0.999991,0.999991,0.152722,0.080007
  1> 50,0.999999,50.999999,50.999999,1.000000,1.000000,0.000000,0.000000
  1> 100,0.500000,50.500181,50.500115,0.500001,0.500067,0.000133,0.000133
  1> 100,0.900000,50.900260,50.900107,0.900001,0.900154,0.001533,0.001536
  1> 100,0.990000,50.990001,50.989683,0.990001,0.990354,0.031793,0.035379
  1> 100,0.999000,50.998966,50.998815,0.999001,0.999127,0.150855,0.126738
  1> 100,0.999900,50.999881,50.999882,0.999901,0.999899,0.014217,0.016991
  1> 100,0.999990,50.999986,50.999989,0.999991,0.999987,0.343025,0.339323
  1> 100,0.999999,51.000000,51.000000,1.000000,1.000000,0.000000,0.000000
  1> 200,0.500000,50.500040,50.499986,0.500001,0.500055,0.000109,0.000109
  1> 200,0.900000,50.899929,50.899878,0.900001,0.900052,0.000512,0.000513
  1> 200,0.990000,50.989840,50.989839,0.990001,0.990001,0.000118,0.000068
  1> 200,0.999000,50.998957,50.998802,0.999001,0.999129,0.154677,0.128478
  1> 200,0.999900,50.999896,50.999881,0.999901,0.999913,0.152705,0.122334
  1> 200,0.999990,50.999987,50.999989,0.999991,0.999989,0.174709,0.195682
  1> 200,0.999999,51.000000,51.000000,1.000000,1.000000,0.000000,0.000000
  1> # 0.158575us per point
  1> # 226 centroids
  1> # 0.058973us per point
  1> # 105 centroids
  1> Starting 0,10
  1>                    0,10 (0 live threads, 19 pending tasks)
  1> Starting 0,100
  1> Starting 0,10000
  1> Starting 0,1000
  1> Starting 1,10
  1> Starting 1,1000
  1> Starting 1,100
  1>                    1,10 (5 live threads, 18 pending tasks)
  1> Starting 1,10000
  1>                    0,100 (5 live threads, 17 pending tasks)
  1> Starting 2,10
  1>                    2,10 (5 live threads, 16 pending tasks)
  1> Starting 2,100
  1>                    1,100 (5 live threads, 15 pending tasks)
  1> Starting 2,1000
  1>                    2,100 (5 live threads, 14 pending tasks)
  1> Starting 2,10000
  1>                    0,1000 (5 live threads, 13 pending tasks)
  1> Starting 3,10
  1>                    3,10 (5 live threads, 12 pending tasks)
  1> Starting 3,100
  1>                    3,100 (5 live threads, 11 pending tasks)
  1> Starting 3,1000
  1>                    1,1000 (5 live threads, 10 pending tasks)
  1> Starting 3,10000
  1>                    2,1000 (5 live threads, 9 pending tasks)
  1> Starting 4,10
  1>                    4,10 (5 live threads, 8 pending tasks)
  1> Starting 4,100
  1>                    4,100 (5 live threads, 7 pending tasks)
  1> Starting 4,1000
  1>                    3,1000 (5 live threads, 6 pending tasks)
  1> Starting 4,10000
  1>                    4,1000 (5 live threads, 5 pending tasks)
  1>                    0,10000 (4 live threads, 4 pending tasks)
  1>                    1,10000 (3 live threads, 3 pending tasks)
  1>                    2,10000 (2 live threads, 2 pending tasks)
  1>                    3,10000 (1 live threads, 1 pending tasks)
  1>                    4,10000 (0 live threads, 0 pending tasks)
  1> # 0.476310us per point
  1> # 118 centroids
  1>    q	 estimated	    actual	 error_cdf	   error_q
  1> ====	==========	==========	==========	==========
  1> 0.01	      0.00	      0.00	      0.00	      0.04
  1> 0.05	      0.00	      0.00	      0.00	      0.00
  1> 0.10	      2.77	      0.00	      2.77	      0.05
  1> 0.25	     17.46	     20.00	      2.54	      0.03
  1> 0.50	     39.95	     40.00	      0.05	      0.00
  1> 0.75	     62.63	     60.00	      2.63	      0.03
  1> 0.90	     76.75	     80.00	      3.25	      0.06
  1> 0.95	     80.00	     80.00	      0.00	      0.01
  1> 0.99	     80.00	     80.00	      0.00	      0.03
  1> i, q, mean, count, dk
  1> 0,0.0000005,-4.8498717,1,1.0000000
  1> 1,0.0000015,-4.6716045,1,1.0000000
  1> 2,0.0000025,-4.5499885,1,1.0000000
  1> 3,0.0000035,-4.4248458,1,1.0000000
  1> 4,0.0000045,-4.4215686,1,1.0000000
  1> 5,0.0000055,-4.3620645,1,1.0000000
  1> 6,0.0000065,-4.3558502,1,1.0000000
  1> 7,0.0000075,-4.2886986,1,1.0000000
  1> 8,0.0000085,-4.2856194,1,1.0000000
  1> 9,0.0000095,-4.2546938,1,1.0000000
  1> 10,0.0000105,-4.2535964,1,1.0000000
  1> 11,0.0000120,-4.2336207,2,0.8878577
  1> 12,0.0000140,-4.1835755,2,0.7605527
  1> 13,0.0000160,-4.1507705,2,0.6652187
  1> 14,0.0000185,-4.1279494,3,0.8637599
  1> 15,0.0000215,-4.1139584,3,0.7428127
  1> 16,0.0000245,-4.0723256,3,0.6516140
  1> 17,0.0000275,-4.0450790,3,0.5803805
  1> 18,0.0000315,-4.0038216,5,0.8454122
  1> 19,0.0000370,-3.9607041,6,0.8637758
  1> 20,0.0000435,-3.9149042,7,0.8571336
  1> 21,0.0000510,-3.8642734,8,0.8354412
  1> 22,0.0000590,-3.8466555,8,0.7217908
  1> 23,0.0000680,-3.8191909,10,0.7830440
  1> 24,0.0000785,-3.7978814,11,0.7460197
  1> 25,0.0000910,-3.7647326,14,0.8193434
  1> 26,0.0001045,-3.7257863,13,0.6620861
  1> 27,0.0001200,-3.6809733,18,0.7988047
  1> 28,0.0001385,-3.6341644,19,0.7303440
  1> 29,0.0001570,-3.6044547,18,0.6100964
  1> 30,0.0001795,-3.5693490,27,0.8010858
  1> 31,0.0002085,-3.5300388,31,0.7918247
  1> 32,0.0002405,-3.4890395,33,0.7305787
  1> 33,0.0002740,-3.4593744,34,0.6605208
  1> 34,0.0003085,-3.4316038,35,0.6038016
  1> 35,0.0003540,-3.3969654,56,0.8428056
  1> 36,0.0004030,-3.3524882,42,0.5546177
  1> 37,0.0004600,-3.3165446,72,0.8339580
  1> 38,0.0005300,-3.2791701,68,0.6831890
  1> 39,0.0005965,-3.2455264,65,0.5800603
  1> 40,0.0006720,-3.2086625,86,0.6815466
  1> 41,0.0007585,-3.1708700,87,0.6107321
  1> 42,0.0008735,-3.1296372,143,0.8727817
  1> 43,0.0010320,-3.0820959,174,0.8991455
  1> 44,0.0011935,-3.0396921,149,0.6651627
  1> 45,0.0013495,-3.0027264,163,0.6435916
  1> 46,0.0015525,-2.9610825,243,0.8348686
  1> 47,0.0018295,-2.9108729,311,0.9073012
  1> 48,0.0021300,-2.8670085,290,0.7262670
  1> 49,0.0024040,-2.8272545,258,0.5723056
  1> 50,0.0027135,-2.7869772,361,0.7100330
  1> 51,0.0030755,-2.7464485,363,0.6299602
  1> 52,0.0034625,-2.7083386,411,0.6337944
  1> 53,0.0039095,-2.6687015,483,0.6600234
  1> 54,0.0044960,-2.6197686,690,0.8209403
  1> 55,0.0052380,-2.5630183,794,0.8114209
  1> 56,0.0061595,-2.5064304,1049,0.9129373
  1> 57,0.0072345,-2.4498210,1101,0.8162956
  1> 58,0.0084725,-2.3938757,1375,0.8717968
  1> 59,0.0099350,-2.3317414,1550,0.8391810
  1> 60,0.0115790,-2.2741147,1738,0.8085851
  1> 61,0.0132890,-2.2206510,1682,0.6826496
  1> 62,0.0152470,-2.1662421,2234,0.7921719
  1> 63,0.0177495,-2.1038691,2771,0.8464045
  1> 64,0.0207245,-2.0387645,3179,0.8341011
  1> 65,0.0242785,-1.9725930,3929,0.8833704
  1> 66,0.0283760,-1.9070507,4266,0.8238521
  1> 67,0.0328870,-1.8419846,4756,0.7960771
  1> 68,0.0379025,-1.7770323,5275,0.7700031
  1> 69,0.0436705,-1.7107307,6261,0.7980721
  1> 70,0.0501315,-1.6451930,6661,0.7444825
  1> 71,0.0581455,-1.5730234,9367,0.9108965
  1> 72,0.0670225,-1.5003552,8387,0.7137166
  1> 73,0.0759105,-1.4343585,9389,0.7121923
  1> 74,0.0869430,-1.3615303,12676,0.8500324
  1> 75,0.0999480,-1.2842682,13334,0.7888265
  1> 76,0.1136610,-1.2094335,14092,0.7442817
  1> 77,0.1283770,-1.1355467,15340,0.7293619
  1> 78,0.1464655,-1.0534841,20837,0.8871349
  1> 79,0.1665235,-0.9697908,19279,0.7389326
  1> 80,0.1878240,-0.8881815,23322,0.8134020
  1> 81,0.2119700,-0.8017313,24970,0.7952187
  1> 82,0.2373915,-0.7158368,25873,0.7601499
  1> 83,0.2647675,-0.6293941,28879,0.7890520
  1> 84,0.2948855,-0.5402208,31357,0.8020705
  1> 85,0.3267380,-0.4495052,32348,0.7820079
  1> 86,0.3601925,-0.3581286,34561,0.7975076
  1> 87,0.3954090,-0.2652199,35872,0.7979195
  1> 88,0.4309315,-0.1732237,35173,0.7626313
  1> 89,0.4667775,-0.0823788,36519,0.7801517
  1> 90,0.5044865,0.0117190,38899,0.8274347
  1> 91,0.5426315,0.1075799,37391,0.8011003
  1> 92,0.5783725,0.1988869,34091,0.7433173
  1> 93,0.6133430,0.2897926,35850,0.8038588
  1> 94,0.6486000,0.3835492,34664,0.8088091
  1> 95,0.6824795,0.4767549,33095,0.8122277
  1> 96,0.7144240,0.5678723,30794,0.8027673
  1> 97,0.7434705,0.6555420,27299,0.7612799
  1> 98,0.7700150,0.7413212,25790,0.7746294
  1> 99,0.7949915,0.8262921,24163,0.7886871
  1> 100,0.8180730,0.9102562,22000,0.7864172
  1> 101,0.8391335,0.9928330,20121,0.7930732
  1> 102,0.8582625,1.0740657,18137,0.7933292
  1> 103,0.8753345,1.1536932,16007,0.7805405
  1> 104,0.8903165,1.2313543,13957,0.7605208
  1> 105,0.9035785,1.3047868,12567,0.7675915
  1> 106,0.9153935,1.3774874,11063,0.7601694
  1> 107,0.9257130,1.4466854,9576,0.7410270
  1> 108,0.9348415,1.5142516,8681,0.7584792
  1> 109,0.9429625,1.5810183,7561,0.7481805
  1> 110,0.9500170,1.6447437,6548,0.7338838
  1> 111,0.9562295,1.7078022,5877,0.7473401
  1> 112,0.9621760,1.7762255,6016,0.8803398
  1> 113,0.9678015,1.8492016,5235,0.8947556
  1> 114,0.9720445,1.9097028,3251,0.6365333
  1> 115,0.9751075,1.9587920,2875,0.6301869
  1> 116,0.9782170,2.0151526,3344,0.8356625
  1> 117,0.9811480,2.0748125,2518,0.7245687
  1> 118,0.9837285,2.1350051,2643,0.8794627
  1> 119,0.9861685,2.1993339,2237,0.8735000
  1> 120,0.9882060,2.2596087,1838,0.8398251
  1> 121,0.9897380,2.3115549,1226,0.6422903
  1> 122,0.9911045,2.3647392,1507,0.9106200
  1> 123,0.9924595,2.4278517,1203,0.8561513
  1> 124,0.9935855,2.4852039,1049,0.8767040
  1> 125,0.9945670,2.5432907,914,0.9011049
  1> 126,0.9953105,2.5934753,573,0.6532648
  1> 127,0.9958595,2.6369204,525,0.6775947
  1> 128,0.9963775,2.6829819,511,0.7536831
  1> 129,0.9968965,2.7319278,527,0.9074725
  1> 130,0.9973810,2.7882742,442,0.9014425
  1> 131,0.9977755,2.8385425,347,0.8325806
  1> 132,0.9980600,2.8823414,222,0.6100274
  1> 133,0.9982840,2.9218807,226,0.7021760
  1> 134,0.9985235,2.9700301,253,0.9142696
  1> 135,0.9987385,3.0209740,177,0.7478739
  1> 136,0.9988960,3.0644699,138,0.6659423
  1> 137,0.9990275,3.1017263,125,0.6847349
  1> 138,0.9991500,3.1416554,120,0.7522028
  1> 139,0.9992525,3.1765058,85,0.6054549
  1> 140,0.9993440,3.2082156,98,0.7959713
  1> 141,0.9994265,3.2430913,67,0.6219651
  1> 142,0.9994905,3.2802205,61,0.6373931
  1> 143,0.9995480,3.3145674,54,0.6359894
  1> 144,0.9996045,3.3508103,59,0.7946308
  1> 145,0.9996595,3.3872581,51,0.7978030
  1> 146,0.9997025,3.4149077,35,0.6261709
  1> 147,0.9997385,3.4487547,37,0.7534434
  1> 148,0.9997735,3.4842470,33,0.7758808
  1> 149,0.9998025,3.5172362,25,0.6737838
  1> 150,0.9998270,3.5457617,24,0.7386168
  1> 151,0.9998485,3.5822541,19,0.6675103
  1> 152,0.9998690,3.6177962,22,0.8947734
  1> 153,0.9998895,3.6677889,19,0.9162072
  1> 154,0.9999060,3.7046177,14,0.7930978
  1> 155,0.9999180,3.7348056,10,0.6489958
  1> 156,0.9999280,3.7630563,10,0.7393999
  1> 157,0.9999375,3.7999861,9,0.7666953
  1> 158,0.9999465,3.8347331,9,0.8962317
  1> 159,0.9999535,3.8650556,5,0.5720543
  1> 160,0.9999585,3.8935776,5,0.6411316
  1> 161,0.9999635,3.9235239,5,0.7292133
  1> 162,0.9999680,3.9440080,4,0.6652294
  1> 163,0.9999720,3.9763368,4,0.7605634
  1> 164,0.9999760,4.0030368,4,0.8878683
  1> 165,0.9999795,4.0328619,3,0.7791736
  1> 166,0.9999825,4.0584310,3,0.9133534
  1> 167,0.9999850,4.0817500,2,0.7096937
  1> 168,0.9999870,4.1236233,2,0.8192796
  1> 169,0.9999885,4.1838232,1,1.0000000
  1> 170,0.9999895,4.2508556,1,1.0000000
  1> 171,0.9999905,4.2557910,1,1.0000000
  1> 172,0.9999915,4.2612240,1,1.0000000
  1> 173,0.9999925,4.2646459,1,1.0000000
  1> 174,0.9999935,4.2999621,1,1.0000000
  1> 175,0.9999945,4.3161063,1,1.0000000
  1> 176,0.9999955,4.3398712,1,1.0000000
  1> 177,0.9999965,4.5351978,1,1.0000000
  1> 178,0.9999975,4.6091739,1,1.0000000
  1> 179,0.9999985,4.7623358,1,1.0000000
  1> 180,0.9999995,4.8300771,1,1.0000000
  1> # 0.208324us per point
  1> # 64 centroids
  1> # 0.215509us per point
  1> # 65 centroids
  1> # big 944 bytes
  1> # small 486 bytes
Completed in 11.41s, 30 tests

Suite: com.tdunning.math.stats.TDigestTest
[INFO] JVM J0:     0.37 ..    55.12 =    54.75s
[INFO] Execution time total: 55 seconds
[INFO] Tests summary: 16 suites, 105 tests, 3 ignored (3 assumptions)
[INFO] 
[INFO] -------------------< com.tdunning:t-digest-quality >--------------------
[INFO] Building t-digest-quality 3.3-SNAPSHOT                             [3/4]
[INFO] --------------------------------[ jar ]---------------------------------
[INFO] 
[INFO] --- maven-resources-plugin:2.6:resources (default-resources) @ t-digest-quality ---
[WARNING] Using platform encoding (UTF-8 actually) to copy filtered resources, i.e. build is platform dependent!
[INFO] skip non existing resourceDirectory /workdir/t-digest/quality/src/main/resources
[INFO] 
[INFO] --- maven-compiler-plugin:3.3:compile (default-compile) @ t-digest-quality ---
[INFO] No sources to compile
[INFO] 
[INFO] --- maven-resources-plugin:2.6:testResources (default-testResources) @ t-digest-quality ---
[WARNING] Using platform encoding (UTF-8 actually) to copy filtered resources, i.e. build is platform dependent!
[INFO] skip non existing resourceDirectory /workdir/t-digest/quality/src/test/resources
[INFO] 
[INFO] --- maven-compiler-plugin:3.3:testCompile (default-testCompile) @ t-digest-quality ---
[INFO] Changes detected - recompiling the module!
[WARNING] File encoding has not been set, using platform encoding UTF-8, i.e. build is platform dependent!
[INFO] Compiling 8 source files to /workdir/t-digest/quality/target/test-classes
[parsing started SimpleFileObject[/workdir/t-digest/quality/src/test/java/com/tdunning/tdigest/quality/Util.java]]
[parsing completed 17ms]
[parsing started SimpleFileObject[/workdir/t-digest/quality/src/test/java/com/tdunning/tdigest/quality/ScalingTest.java]]
[parsing completed 0ms]
[parsing started SimpleFileObject[/workdir/t-digest/quality/src/test/java/com/tdunning/tdigest/quality/ComparisonTest.java]]
[parsing completed 4ms]
[parsing started SimpleFileObject[/workdir/t-digest/quality/src/test/java/com/tdunning/tdigest/quality/AccuracyTest.java]]
[parsing completed 14ms]
[parsing started SimpleFileObject[/workdir/t-digest/quality/src/test/java/com/tdunning/tdigest/quality/BinFill.java]]
[parsing completed 3ms]
[parsing started SimpleFileObject[/workdir/t-digest/quality/src/test/java/com/tdunning/tdigest/quality/Git.java]]
[parsing completed 1ms]
[parsing started SimpleFileObject[/workdir/t-digest/quality/src/test/java/com/tdunning/tdigest/quality/SinglePassTest.java]]
[parsing completed 3ms]
[parsing started SimpleFileObject[/workdir/t-digest/quality/src/test/java/com/tdunning/math/stats/QuantileEstimator.java]]
[parsing completed 4ms]
[search path for source files: /workdir/t-digest/quality/src/test/java,/workdir/t-digest/quality/target/generated-test-sources/test-annotations]
[search path for class files: /usr/local/openjdk-11/lib/modules,/workdir/t-digest/quality/target/test-classes,/workdir/t-digest/quality/target/classes,/home/maven/.m2/repository/junit/junit/4.13.1/junit-4.13.1.jar,/home/maven/.m2/repository/org/hamcrest/hamcrest-core/1.3/hamcrest-core-1.3.jar,/home/maven/.m2/repository/org/apache/mahout/mahout-math/0.9/mahout-math-0.9.jar,/home/maven/.m2/repository/org/apache/commons/commons-math3/3.2/commons-math3-3.2.jar,/home/maven/.m2/repository/org/slf4j/slf4j-api/1.7.5/slf4j-api-1.7.5.jar,/home/maven/.m2/repository/com/google/guava/guava/29.0-jre/guava-29.0-jre.jar,/home/maven/.m2/repository/com/google/guava/failureaccess/1.0.1/failureaccess-1.0.1.jar,/home/maven/.m2/repository/com/google/guava/listenablefuture/9999.0-empty-to-avoid-conflict-with-guava/listenablefuture-9999.0-empty-to-avoid-conflict-with-guava.jar,/home/maven/.m2/repository/com/google/code/findbugs/jsr305/3.0.2/jsr305-3.0.2.jar,/home/maven/.m2/repository/org/checkerframework/checker-qual/2.11.1/checker-qual-2.11.1.jar,/home/maven/.m2/repository/com/google/errorprone/error_prone_annotations/2.3.4/error_prone_annotations-2.3.4.jar,/home/maven/.m2/repository/com/google/j2objc/j2objc-annotations/1.3/j2objc-annotations-1.3.jar,/home/maven/.m2/repository/com/clearspring/analytics/stream/2.5.2/stream-2.5.2.jar,/home/maven/.m2/repository/it/unimi/dsi/fastutil/6.5.7/fastutil-6.5.7.jar,/workdir/t-digest/core/target/classes,.]
[loading /workdir/t-digest/core/target/classes/com/tdunning/math/stats/AVLTreeDigest.class]
[loading /workdir/t-digest/core/target/classes/com/tdunning/math/stats/MergingDigest.class]
[loading /workdir/t-digest/core/target/classes/com/tdunning/math/stats/TDigest.class]
[loading /home/maven/.m2/repository/org/apache/mahout/mahout-math/0.9/mahout-math-0.9.jar(/org/apache/mahout/math/jet/random/AbstractContinousDistribution.class)]
[loading /home/maven/.m2/repository/org/apache/mahout/mahout-math/0.9/mahout-math-0.9.jar(/org/apache/mahout/math/jet/random/Gamma.class)]
[loading /home/maven/.m2/repository/org/apache/mahout/mahout-math/0.9/mahout-math-0.9.jar(/org/apache/mahout/math/jet/random/Uniform.class)]
[loading /modules/java.base/java/util/Random.class]
[loading /modules/java.base/java/lang/Object.class]
[loading /modules/java.base/java/lang/Enum.class]
[loading /modules/java.base/java/lang/Comparable.class]
[loading /modules/java.base/java/io/Serializable.class]
[loading /modules/java.base/java/lang/String.class]
[loading /home/maven/.m2/repository/com/clearspring/analytics/stream/2.5.2/stream-2.5.2.jar(/com/clearspring/analytics/stream/quantile/QDigest.class)]
[loading /workdir/t-digest/core/target/classes/com/tdunning/math/stats/Dist.class]
[loading /home/maven/.m2/repository/junit/junit/4.13.1/junit-4.13.1.jar(/org/junit/Test.class)]
[loading /modules/java.base/java/io/FileNotFoundException.class]
[loading /modules/java.base/java/io/FileOutputStream.class]
[loading /modules/java.base/java/io/PrintWriter.class]
[loading /modules/java.base/java/util/Arrays.class]
[loading /modules/java.base/java/util/List.class]
[loading /home/maven/.m2/repository/com/google/guava/guava/29.0-jre/guava-29.0-jre.jar(/com/google/common/collect/Iterables.class)]
[loading /home/maven/.m2/repository/com/google/guava/guava/29.0-jre/guava-29.0-jre.jar(/com/google/common/collect/Lists.class)]
[loading /home/maven/.m2/repository/junit/junit/4.13.1/junit-4.13.1.jar(/org/junit/Assert.class)]
[loading /modules/java.base/java/util/concurrent/atomic/AtomicInteger.class]
[loading /modules/java.base/java/io/IOException.class]
[loading /modules/java.base/java/lang/InterruptedException.class]
[loading /workdir/t-digest/core/target/classes/com/tdunning/math/stats/Centroid.class]
[loading /workdir/t-digest/core/target/classes/com/tdunning/math/stats/ScaleFunction.class]
[loading /home/maven/.m2/repository/org/apache/mahout/mahout-math/0.9/mahout-math-0.9.jar(/org/apache/mahout/math/jet/random/AbstractDistribution.class)]
[loading /modules/java.base/java/io/BufferedReader.class]
[loading /modules/java.base/java/io/File.class]
[loading /modules/java.base/java/io/InputStreamReader.class]
[loading /modules/java.base/java/util/ArrayList.class]
[loading /modules/java.base/java/util/Collections.class]
[loading /modules/java.base/java/lang/Double.class]
[loading /modules/java.base/java/lang/Deprecated.class]
[loading /modules/java.base/java/lang/annotation/Retention.class]
[loading /modules/java.base/java/lang/annotation/RetentionPolicy.class]
[loading /modules/java.base/java/lang/annotation/Target.class]
[loading /modules/java.base/java/lang/annotation/ElementType.class]
[loading /modules/java.base/java/lang/annotation/Annotation.class]
[loading /home/maven/.m2/repository/com/google/guava/guava/29.0-jre/guava-29.0-jre.jar(/com/google/common/annotations/GwtCompatible.class)]
[loading /modules/java.base/java/lang/SuppressWarnings.class]
[loading /modules/java.base/java/lang/Class.class]
[checking com.tdunning.tdigest.quality.Util]
[loading /modules/java.base/java/lang/AutoCloseable.class]
[loading /modules/java.base/java/lang/CloneNotSupportedException.class]
[loading /workdir/t-digest/core/target/classes/com/tdunning/math/stats/AbstractTDigest.class]
[loading /modules/java.base/java/lang/Override.class]
[wrote /workdir/t-digest/quality/target/test-classes/com/tdunning/tdigest/quality/Util$Factory$1.class]
[wrote /workdir/t-digest/quality/target/test-classes/com/tdunning/tdigest/quality/Util$Factory$2.class]
[wrote /workdir/t-digest/quality/target/test-classes/com/tdunning/tdigest/quality/Util$Factory$3.class]
[wrote /workdir/t-digest/quality/target/test-classes/com/tdunning/tdigest/quality/Util$Factory.class]
[wrote /workdir/t-digest/quality/target/test-classes/com/tdunning/tdigest/quality/Util$Distribution$1.class]
[wrote /workdir/t-digest/quality/target/test-classes/com/tdunning/tdigest/quality/Util$Distribution$2.class]
[wrote /workdir/t-digest/quality/target/test-classes/com/tdunning/tdigest/quality/Util$Distribution.class]
[wrote /workdir/t-digest/quality/target/test-classes/com/tdunning/tdigest/quality/Util$1.class]
[wrote /workdir/t-digest/quality/target/test-classes/com/tdunning/tdigest/quality/Util.class]
[checking com.tdunning.tdigest.quality.ScalingTest]
[wrote /workdir/t-digest/quality/target/test-classes/com/tdunning/tdigest/quality/ScalingTest.class]
[checking com.tdunning.tdigest.quality.ComparisonTest]
[loading /modules/java.base/java/lang/Exception.class]
[loading /modules/java.base/java/lang/Throwable.class]
[loading /modules/java.base/java/io/FileDescriptor.class]
[loading /modules/java.base/java/io/OutputStream.class]
[loading /modules/java.base/java/io/Writer.class]
[loading /modules/java.base/java/lang/Appendable.class]
[loading /modules/java.base/java/io/Closeable.class]
[loading /modules/java.base/java/io/Flushable.class]
[loading /modules/java.base/java/lang/Error.class]
[loading /modules/java.base/java/lang/RuntimeException.class]
[loading /modules/java.base/java/util/Locale.class]
[loading /home/maven/.m2/repository/org/apache/mahout/mahout-math/0.9/mahout-math-0.9.jar(/org/apache/mahout/math/function/IntFunction.class)]
[loading /home/maven/.m2/repository/org/apache/mahout/mahout-math/0.9/mahout-math-0.9.jar(/org/apache/mahout/math/function/DoubleFunction.class)]
[loading /home/maven/.m2/repository/com/clearspring/analytics/stream/2.5.2/stream-2.5.2.jar(/com/clearspring/analytics/stream/quantile/IQuantileEstimator.class)]
[loading /modules/java.base/java/util/Comparator.class]
[loading /modules/java.base/java/util/Collection.class]
[loading /modules/java.base/java/lang/Integer.class]
[loading /modules/java.base/java/lang/Iterable.class]
[loading /modules/java.base/java/lang/Number.class]
[loading /modules/java.base/java/lang/Byte.class]
[loading /modules/java.base/java/lang/Character.class]
[loading /modules/java.base/java/lang/Short.class]
[loading /modules/java.base/java/lang/Long.class]
[loading /modules/java.base/java/lang/Float.class]
[loading /modules/java.base/java/lang/Boolean.class]
[loading /modules/java.base/java/lang/Void.class]
[wrote /workdir/t-digest/quality/target/test-classes/com/tdunning/tdigest/quality/ComparisonTest.class]
[checking com.tdunning.tdigest.quality.AccuracyTest]
[loading /modules/java.base/java/net/URI.class]
[loading /modules/java.base/java/util/concurrent/Callable.class]
[loading /modules/java.base/java/util/Iterator.class]
[loading /modules/java.base/java/util/AbstractList.class]
[loading /modules/java.base/java/util/AbstractCollection.class]
[loading /modules/java.base/java/io/StringWriter.class]
[loading /modules/java.base/java/lang/System.class]
[loading /modules/java.base/java/io/PrintStream.class]
[loading /modules/java.base/java/io/FilterOutputStream.class]
[loading /modules/java.base/java/util/RandomAccess.class]
[loading /modules/java.base/java/lang/Cloneable.class]
[loading /modules/java.base/java/lang/CharSequence.class]
[loading /modules/java.base/java/lang/Math.class]
[loading /modules/java.base/java/util/concurrent/ExecutorService.class]
[loading /modules/java.base/java/lang/Runtime.class]
[loading /modules/java.base/java/util/concurrent/Executors.class]
[loading /modules/java.base/java/util/concurrent/Executor.class]
[loading /modules/java.base/java/util/concurrent/Future.class]
[loading /modules/java.base/java/util/concurrent/ExecutionException.class]
[loading /modules/java.base/java/util/concurrent/TimeoutException.class]
[loading /modules/java.base/java/util/concurrent/TimeUnit.class]
[loading /modules/java.base/java/util/Set.class]
[loading /modules/java.base/java/lang/IllegalArgumentException.class]
[loading /modules/java.base/java/lang/invoke/LambdaMetafactory.class]
[loading /modules/java.base/java/lang/invoke/MethodHandles.class]
[loading /modules/java.base/java/lang/invoke/MethodHandles$Lookup.class]
[loading /modules/java.base/java/lang/invoke/MethodType.class]
[loading /modules/java.base/java/lang/invoke/MethodHandle.class]
[wrote /workdir/t-digest/quality/target/test-classes/com/tdunning/tdigest/quality/AccuracyTest$1.class]
[loading /modules/java.base/java/lang/invoke/CallSite.class]
[wrote /workdir/t-digest/quality/target/test-classes/com/tdunning/tdigest/quality/AccuracyTest.class]
[checking com.tdunning.tdigest.quality.BinFill]
[wrote /workdir/t-digest/quality/target/test-classes/com/tdunning/tdigest/quality/BinFill.class]
[checking com.tdunning.tdigest.quality.Git]
[loading /modules/java.base/java/lang/ProcessBuilder.class]
[loading /modules/java.base/java/lang/ProcessBuilder$Redirect.class]
[loading /modules/java.base/java/lang/Process.class]
[loading /modules/java.base/java/io/InputStream.class]
[loading /modules/java.base/java/io/Reader.class]
[loading /modules/java.base/java/lang/Readable.class]
[wrote /workdir/t-digest/quality/target/test-classes/com/tdunning/tdigest/quality/Git.class]
[checking com.tdunning.tdigest.quality.SinglePassTest]
[wrote /workdir/t-digest/quality/target/test-classes/com/tdunning/tdigest/quality/SinglePassTest.class]
[checking com.tdunning.math.stats.QuantileEstimator]
[wrote /workdir/t-digest/quality/target/test-classes/com/tdunning/math/stats/QuantileEstimator.class]
[total 613ms]
[INFO] 
[INFO] --- maven-surefire-plugin:2.12.4:test (default-test) @ t-digest-quality ---
[INFO] Surefire report directory: /workdir/t-digest/quality/target/surefire-reports

-------------------------------------------------------
 T E S T S
-------------------------------------------------------
Running com.tdunning.tdigest.quality.SinglePassTest
0
1
2
3
4
5
6
7
8
9
10
11
12
13
14
15
16
17
18
19
20
21
22
23
24
25
26
27
28
29
30
31
32
33
34
35
36
37
38
39
40
41
42
43
44
45
46
47
48
49
Tests run: 1, Failures: 0, Errors: 0, Skipped: 0, Time elapsed: 118.371 sec
Running com.tdunning.tdigest.quality.ComparisonTest
Tests run: 2, Failures: 0, Errors: 0, Skipped: 0, Time elapsed: 64.892 sec
Running com.tdunning.tdigest.quality.AccuracyTest
Starting 1
Starting 2
Starting 0
Starting 3
Starting 4
Starting 5
    Finishing 6
Starting 6
    Finishing 4
Starting 7
    Finishing 1
    Finishing 2
Starting 8
Starting 9
    Finishing 3
Starting 10
    Finishing 5
Starting 11
    Finishing 7
Starting 12
    Finishing 8
Starting 13
    Finishing 9
Starting 14
    Finishing 10
Starting 15
    Finishing 12
Starting 16
    Finishing 11
Starting 17
    Finishing 13
Starting 18
    Finishing 17
Starting 19
    Finishing 14
    Finishing 16
    Finishing 15
    Finishing 18
    Finishing 19
    Finishing 20
java.lang.ArrayIndexOutOfBoundsException: Index 1010 out of bounds for length 1010
	at com.tdunning.math.stats.MergingDigest.merge(MergingDigest.java:453)
	at com.tdunning.math.stats.MergingDigest.mergeNewValues(MergingDigest.java:363)
	at com.tdunning.math.stats.MergingDigest.mergeNewValues(MergingDigest.java:353)
	at com.tdunning.math.stats.MergingDigest.add(MergingDigest.java:259)
	at com.tdunning.math.stats.MergingDigest.add(MergingDigest.java:251)
	at com.tdunning.math.stats.AbstractTDigest.add(AbstractTDigest.java:131)
	at com.tdunning.tdigest.quality.AccuracyTest.lambda$testAccuracyVersusCompression$1(AccuracyTest.java:290)
	at java.base/java.util.concurrent.FutureTask.run(FutureTask.java:264)
	at java.base/java.util.concurrent.ThreadPoolExecutor.runWorker(ThreadPoolExecutor.java:1128)
	at java.base/java.util.concurrent.ThreadPoolExecutor$Worker.run(ThreadPoolExecutor.java:628)
	at java.base/java.lang.Thread.run(Thread.java:834)
java.lang.ArrayIndexOutOfBoundsException: Index 1010 out of bounds for length 1010
	at com.tdunning.math.stats.MergingDigest.merge(MergingDigest.java:453)
	at com.tdunning.math.stats.MergingDigest.mergeNewValues(MergingDigest.java:363)
	at com.tdunning.math.stats.MergingDigest.mergeNewValues(MergingDigest.java:353)
	at com.tdunning.math.stats.MergingDigest.add(MergingDigest.java:259)
	at com.tdunning.math.stats.MergingDigest.add(MergingDigest.java:251)
	at com.tdunning.math.stats.AbstractTDigest.add(AbstractTDigest.java:131)
	at com.tdunning.tdigest.quality.AccuracyTest.lambda$testAccuracyVersusCompression$1(AccuracyTest.java:290)
	at java.base/java.util.concurrent.FutureTask.run(FutureTask.java:264)
	at java.base/java.util.concurrent.ThreadPoolExecutor.runWorker(ThreadPoolExecutor.java:1128)
	at java.base/java.util.concurrent.ThreadPoolExecutor$Worker.run(ThreadPoolExecutor.java:628)
	at java.base/java.lang.Thread.run(Thread.java:834)
java.lang.ArrayIndexOutOfBoundsException: Index 1010 out of bounds for length 1010
	at com.tdunning.math.stats.MergingDigest.merge(MergingDigest.java:453)
	at com.tdunning.math.stats.MergingDigest.mergeNewValues(MergingDigest.java:363)
	at com.tdunning.math.stats.MergingDigest.mergeNewValues(MergingDigest.java:353)
	at com.tdunning.math.stats.MergingDigest.add(MergingDigest.java:259)
	at com.tdunning.math.stats.MergingDigest.add(MergingDigest.java:251)
	at com.tdunning.math.stats.AbstractTDigest.add(AbstractTDigest.java:131)
	at com.tdunning.tdigest.quality.AccuracyTest.lambda$testAccuracyVersusCompression$1(AccuracyTest.java:290)
	at java.base/java.util.concurrent.FutureTask.run(FutureTask.java:264)
	at java.base/java.util.concurrent.ThreadPoolExecutor.runWorker(ThreadPoolExecutor.java:1128)
	at java.base/java.util.concurrent.ThreadPoolExecutor$Worker.run(ThreadPoolExecutor.java:628)
	at java.base/java.lang.Thread.run(Thread.java:834)
java.lang.ArrayIndexOutOfBoundsException: Index 1010 out of bounds for length 1010
	at com.tdunning.math.stats.MergingDigest.merge(MergingDigest.java:453)
	at com.tdunning.math.stats.MergingDigest.mergeNewValues(MergingDigest.java:363)
	at com.tdunning.math.stats.MergingDigest.mergeNewValues(MergingDigest.java:353)
	at com.tdunning.math.stats.MergingDigest.add(MergingDigest.java:259)
	at com.tdunning.math.stats.MergingDigest.add(MergingDigest.java:251)
	at com.tdunning.math.stats.AbstractTDigest.add(AbstractTDigest.java:131)
	at com.tdunning.tdigest.quality.AccuracyTest.lambda$testAccuracyVersusCompression$1(AccuracyTest.java:290)
	at java.base/java.util.concurrent.FutureTask.run(FutureTask.java:264)
	at java.base/java.util.concurrent.ThreadPoolExecutor.runWorker(ThreadPoolExecutor.java:1128)
	at java.base/java.util.concurrent.ThreadPoolExecutor$Worker.run(ThreadPoolExecutor.java:628)
	at java.base/java.lang.Thread.run(Thread.java:834)
java.lang.ArrayIndexOutOfBoundsException: Index 1010 out of bounds for length 1010
	at com.tdunning.math.stats.MergingDigest.merge(MergingDigest.java:453)
	at com.tdunning.math.stats.MergingDigest.mergeNewValues(MergingDigest.java:363)
	at com.tdunning.math.stats.MergingDigest.mergeNewValues(MergingDigest.java:353)
	at com.tdunning.math.stats.MergingDigest.add(MergingDigest.java:259)
	at com.tdunning.math.stats.MergingDigest.add(MergingDigest.java:251)
	at com.tdunning.math.stats.AbstractTDigest.add(AbstractTDigest.java:131)
	at com.tdunning.tdigest.quality.AccuracyTest.lambda$testAccuracyVersusCompression$1(AccuracyTest.java:290)
	at java.base/java.util.concurrent.FutureTask.run(FutureTask.java:264)
	at java.base/java.util.concurrent.ThreadPoolExecutor.runWorker(ThreadPoolExecutor.java:1128)
	at java.base/java.util.concurrent.ThreadPoolExecutor$Worker.run(ThreadPoolExecutor.java:628)
	at java.base/java.lang.Thread.run(Thread.java:834)
java.lang.ArrayIndexOutOfBoundsException: Index 2010 out of bounds for length 2010
	at com.tdunning.math.stats.MergingDigest.merge(MergingDigest.java:453)
	at com.tdunning.math.stats.MergingDigest.mergeNewValues(MergingDigest.java:363)
	at com.tdunning.math.stats.MergingDigest.mergeNewValues(MergingDigest.java:353)
	at com.tdunning.math.stats.MergingDigest.add(MergingDigest.java:259)
	at com.tdunning.math.stats.MergingDigest.add(MergingDigest.java:251)
	at com.tdunning.math.stats.AbstractTDigest.add(AbstractTDigest.java:131)
	at com.tdunning.tdigest.quality.AccuracyTest.lambda$testAccuracyVersusCompression$1(AccuracyTest.java:290)
	at java.base/java.util.concurrent.FutureTask.run(FutureTask.java:264)
	at java.base/java.util.concurrent.ThreadPoolExecutor.runWorker(ThreadPoolExecutor.java:1128)
	at java.base/java.util.concurrent.ThreadPoolExecutor$Worker.run(ThreadPoolExecutor.java:628)
	at java.base/java.lang.Thread.run(Thread.java:834)
java.lang.ArrayIndexOutOfBoundsException
java.lang.ArrayIndexOutOfBoundsException
java.lang.ArrayIndexOutOfBoundsException
java.lang.ArrayIndexOutOfBoundsException
java.lang.ArrayIndexOutOfBoundsException
java.lang.ArrayIndexOutOfBoundsException
java.lang.ArrayIndexOutOfBoundsException
java.lang.ArrayIndexOutOfBoundsException
java.lang.ArrayIndexOutOfBoundsException
java.lang.ArrayIndexOutOfBoundsException
java.lang.ArrayIndexOutOfBoundsException
java.lang.ArrayIndexOutOfBoundsException
java.lang.ArrayIndexOutOfBoundsException
java.lang.ArrayIndexOutOfBoundsException
java.lang.ArrayIndexOutOfBoundsException
java.lang.ArrayIndexOutOfBoundsException
java.lang.ArrayIndexOutOfBoundsException
java.lang.ArrayIndexOutOfBoundsException
java.lang.ArrayIndexOutOfBoundsException
java.lang.ArrayIndexOutOfBoundsException
java.lang.ArrayIndexOutOfBoundsException
java.lang.ArrayIndexOutOfBoundsException
java.lang.ArrayIndexOutOfBoundsException
java.lang.ArrayIndexOutOfBoundsException
java.lang.ArrayIndexOutOfBoundsException
java.lang.ArrayIndexOutOfBoundsException
java.lang.ArrayIndexOutOfBoundsException
java.lang.ArrayIndexOutOfBoundsException
java.lang.ArrayIndexOutOfBoundsException
java.lang.ArrayIndexOutOfBoundsException
java.lang.ArrayIndexOutOfBoundsException
java.lang.ArrayIndexOutOfBoundsException
java.lang.ArrayIndexOutOfBoundsException
java.lang.ArrayIndexOutOfBoundsException
java.lang.ArrayIndexOutOfBoundsException
java.lang.ArrayIndexOutOfBoundsException
java.lang.ArrayIndexOutOfBoundsException
java.lang.ArrayIndexOutOfBoundsException
java.lang.ArrayIndexOutOfBoundsException
java.lang.ArrayIndexOutOfBoundsException
java.lang.ArrayIndexOutOfBoundsException
java.lang.ArrayIndexOutOfBoundsException
java.lang.ArrayIndexOutOfBoundsException
45, 1, 37.17, 0.027
4, 1, 4.91, 0.203
5, 2, 5.30, 0.377
0, 3, 5.57, 0.538
3, 4, 5.93, 0.674
6, 5, 6.13, 0.816
2, 6, 6.14, 0.977
1, 7, 6.20, 1.129
7, 8, 6.29, 1.272
11, 9, 9.80, 0.918
9, 10, 9.82, 1.018
8, 11, 10.20, 1.078
10, 12, 10.44, 1.149
13, 13, 10.49, 1.239
15, 14, 10.82, 1.294
14, 15, 10.88, 1.378
12, 16, 11.04, 1.449
16, 17, 12.32, 1.379
17, 18, 12.50, 1.440
18, 19, 12.78, 1.486
19, 20, 12.84, 1.558
Tests run: 4, Failures: 0, Errors: 0, Skipped: 0, Time elapsed: 83.335 sec

Results :

Tests run: 7, Failures: 0, Errors: 0, Skipped: 0

[INFO] 
[INFO] ------------------< com.tdunning:t-digest-benchmark >-------------------
[INFO] Building t-digest-benchmark 3.3-SNAPSHOT                           [4/4]
[INFO] --------------------------------[ jar ]---------------------------------
[INFO] 
[INFO] --- maven-resources-plugin:2.6:resources (default-resources) @ t-digest-benchmark ---
[WARNING] Using platform encoding (UTF-8 actually) to copy filtered resources, i.e. build is platform dependent!
[INFO] skip non existing resourceDirectory /workdir/t-digest/benchmark/src/main/resources
[INFO] 
[INFO] --- maven-compiler-plugin:3.0:compile (default-compile) @ t-digest-benchmark ---
[INFO] Nothing to compile - all classes are up to date
[INFO] 
[INFO] --- maven-resources-plugin:2.6:testResources (default-testResources) @ t-digest-benchmark ---
[WARNING] Using platform encoding (UTF-8 actually) to copy filtered resources, i.e. build is platform dependent!
[INFO] skip non existing resourceDirectory /workdir/t-digest/benchmark/src/test/resources
[INFO] 
[INFO] --- maven-compiler-plugin:3.0:testCompile (default-testCompile) @ t-digest-benchmark ---
[INFO] No sources to compile
[INFO] 
[INFO] --- maven-surefire-plugin:2.12.4:test (default-test) @ t-digest-benchmark ---
[INFO] No tests to run.
[INFO] ------------------------------------------------------------------------
[INFO] Reactor Summary for T-digest Parent 3.3-SNAPSHOT:
[INFO] 
[INFO] T-digest Parent .................................... SUCCESS [  0.049 s]
[INFO] T-Digest ........................................... SUCCESS [ 56.145 s]
[INFO] t-digest-quality ................................... SUCCESS [04:27 min]
[INFO] t-digest-benchmark ................................. SUCCESS [  0.078 s]
[INFO] ------------------------------------------------------------------------
[INFO] BUILD SUCCESS
[INFO] ------------------------------------------------------------------------
[INFO] Total time:  05:24 min
[INFO] Finished at: 2021-02-14T21:10:40Z
[INFO] ------------------------------------------------------------------------
