[INFO] Scanning for projects...
[INFO] ------------------------------------------------------------------------
[INFO] Reactor Build Order:
[INFO] 
[INFO] T-digest Parent                                                    [pom]
[INFO] T-Digest                                                           [jar]
[INFO] t-digest-quality                                                   [jar]
[INFO] t-digest-benchmark                                                 [jar]
[INFO] 
[INFO] --------------------< com.tdunning:t-digest-parent >--------------------
[INFO] Building T-digest Parent 3.3-SNAPSHOT                              [1/4]
[INFO] --------------------------------[ pom ]---------------------------------
[INFO] 
[INFO] -----------------------< com.tdunning:t-digest >------------------------
[INFO] Building T-Digest 3.3-SNAPSHOT                                     [2/4]
[INFO] --------------------------------[ jar ]---------------------------------
[INFO] 
[INFO] --- maven-resources-plugin:2.6:resources (default-resources) @ t-digest ---
[INFO] Using 'UTF-8' encoding to copy filtered resources.
[INFO] skip non existing resourceDirectory /workdir/t-digest/core/src/main/resources
[INFO] 
[INFO] --- maven-compiler-plugin:3.3:compile (default-compile) @ t-digest ---
[INFO] Nothing to compile - all classes are up to date
[INFO] 
[INFO] --- maven-resources-plugin:2.6:testResources (default-testResources) @ t-digest ---
[INFO] Using 'UTF-8' encoding to copy filtered resources.
[INFO] skip non existing resourceDirectory /workdir/t-digest/core/src/test/resources
[INFO] 
[INFO] --- maven-compiler-plugin:3.3:testCompile (default-testCompile) @ t-digest ---
[INFO] Nothing to compile - all classes are up to date
[INFO] 
[INFO] --- maven-surefire-plugin:2.18.1:test (default-test) @ t-digest ---
[INFO] Tests are skipped.
[INFO] 
[INFO] --- junit4-maven-plugin:2.1.11:junit4 (tests) @ t-digest ---
WARNING: An illegal reflective access operation has occurred
WARNING: Illegal reflective access by org.dom4j.io.SAXContentHandler (file:/home/maven/.m2/repository/dom4j/dom4j/1.6.1/dom4j-1.6.1.jar) to method com.sun.org.apache.xerces.internal.parsers.AbstractSAXParser$LocatorProxy.getEncoding()
WARNING: Please consider reporting this to the maintainers of org.dom4j.io.SAXContentHandler
WARNING: Use --illegal-access=warn to enable warnings of further illegal reflective access operations
WARNING: All illegal access operations will be denied in a future release
[INFO] <JUnit4> says 今日は! Master seed: 602294874C0FC2CE
Executing 16 suites with 1 JVM.

Started J0 PID(18975@605b8309f1f8).
Suite: com.tdunning.math.stats.TDigestTest
Suite: com.tdunning.scale.ScaleTest
IGNOR/A 0.04s | ScaleTest.testGrowth
   > Assumption #1: got: <false>, expected: is <true>
Completed in 0.04s, 1 test, 1 skipped

Suite: com.tdunning.math.stats.TDigestUtilTest
Completed in 0.14s, 1 test

Suite: com.tdunning.math.stats.AVLGroupTreeTest
Completed in 0.07s, 5 tests

Suite: com.tdunning.math.stats.AbstractTest
Suite: com.tdunning.math.stats.MergingDigestTest
  1> delta, q, x1, x2, q1, q2, error_x, error_q
  1> 20,0.500000,50.500356,50.500353,0.500001,0.500003,0.000007,0.000006
  1> 20,0.900000,50.900259,50.899882,0.900001,0.900376,0.003770,0.003751
  1> 20,0.990000,50.989912,50.988245,0.990001,0.991417,0.166631,0.141694
  1> 20,0.999000,50.999021,50.998826,0.999001,0.999166,0.195464,0.165772
  1> 20,0.999900,50.999907,50.999884,0.999901,0.999920,0.229724,0.190415
  1> 20,0.999990,50.999989,50.999989,0.999991,0.999990,0.025331,0.071548
  1> 20,0.999999,51.000000,51.000000,1.000000,1.000000,0.000000,0.000000
  1> 50,0.500000,50.499461,50.499503,0.500001,0.499958,0.000084,0.000084
  1> 50,0.900000,50.899375,50.899514,0.900001,0.899861,0.001387,0.001397
  1> 50,0.990000,50.989946,50.988811,0.990001,0.991208,0.113503,0.120774
  1> 50,0.999000,50.999001,50.998805,0.999001,0.999164,0.195533,0.163065
  1> 50,0.999900,50.999888,50.999881,0.999901,0.999906,0.068752,0.052511
  1> 50,0.999990,50.999989,50.999989,0.999991,0.999990,0.015893,0.063294
  1> 50,0.999999,51.000000,51.000000,1.000000,1.000000,0.000000,0.000000
  1> 100,0.500000,50.499648,50.499591,0.500001,0.500057,0.000115,0.000113
  1> 100,0.900000,50.899722,50.899725,0.900001,0.899997,0.000029,0.000034
  1> 100,0.990000,50.989953,50.989724,0.990001,0.990249,0.022993,0.024803
  1> 100,0.999000,50.999025,50.998801,0.999001,0.999187,0.224340,0.186668
  1> 100,0.999900,50.999908,50.999879,0.999901,0.999924,0.283205,0.231279
  1> 100,0.999990,50.999993,50.999987,0.999991,0.999994,0.525223,0.388195
  1> 100,0.999999,50.999998,50.999998,1.000000,1.000000,0.000000,0.000000
  1> 200,0.500000,50.500111,50.500047,0.500001,0.500064,0.000127,0.000127
  1> 200,0.900000,50.899453,50.899433,0.900001,0.900020,0.000204,0.000197
  1> 200,0.990000,50.990020,50.989990,0.990001,0.990031,0.003014,0.003067
  1> 200,0.999000,50.998985,50.998798,0.999001,0.999155,0.186933,0.154852
  1> 200,0.999900,50.999907,50.999881,0.999901,0.999922,0.266244,0.216264
  1> 200,0.999990,50.999994,50.999989,0.999991,0.999994,0.460515,0.332714
  1> 200,0.999999,51.000000,51.000000,1.000000,1.000000,0.000000,0.000000
  1> # big 944 bytes
  1> # small 486 bytes
  1> # 0.575065us per point
  1> # 65 centroids
  1> # 0.385679us per point
  1> # 118 centroids
  1> # 0.467836us per point
  1> # 64 centroids
  1> # 0.073338us per point
  1> # 145 centroids
  1> i, q, mean, count, dk
  1> 0,0.0000005,-4.4807991,1,1.0000000
  1> 1,0.0000015,-4.4513777,1,1.0000000
  1> 2,0.0000025,-4.3146104,1,1.0000000
  1> 3,0.0000035,-4.2646078,1,1.0000000
  1> 4,0.0000045,-4.2130557,1,1.0000000
  1> 5,0.0000055,-4.2102206,1,1.0000000
  1> 6,0.0000065,-4.2079791,1,1.0000000
  1> 7,0.0000075,-4.1968804,1,1.0000000
  1> 8,0.0000085,-4.1869061,1,1.0000000
  1> 9,0.0000095,-4.1782328,1,1.0000000
  1> 10,0.0000105,-4.1771897,1,1.0000000
  1> 11,0.0000120,-4.1461958,2,0.8878577
  1> 12,0.0000140,-4.1326698,2,0.7605527
  1> 13,0.0000160,-4.1143720,2,0.6652187
  1> 14,0.0000185,-4.0947617,3,0.8637599
  1> 15,0.0000215,-4.0711771,3,0.7428127
  1> 16,0.0000250,-4.0409713,4,0.8521989
  1> 17,0.0000295,-4.0113826,5,0.9029938
  1> 18,0.0000350,-3.9772809,6,0.9133693
  1> 19,0.0000410,-3.9223947,6,0.7791895
  1> 20,0.0000470,-3.8797835,6,0.6794315
  1> 21,0.0000530,-3.8583918,6,0.6023431
  1> 22,0.0000610,-3.8250177,10,0.8732792
  1> 23,0.0000715,-3.7825645,11,0.8193274
  1> 24,0.0000840,-3.7404358,14,0.8879215
  1> 25,0.0000960,-3.7129681,10,0.5541721
  1> 26,0.0001105,-3.6672900,19,0.9162072
  1> 27,0.0001300,-3.6214504,20,0.8193753
  1> 28,0.0001505,-3.5823589,21,0.7429084
  1> 29,0.0001730,-3.5479748,24,0.7386168
  1> 30,0.0001980,-3.5125353,26,0.6990372
  1> 31,0.0002230,-3.4799246,24,0.5726693
  1> 32,0.0002525,-3.4433796,35,0.7380640
  1> 33,0.0002895,-3.4119104,39,0.7172668
  1> 34,0.0003360,-3.3711914,54,0.8562855
  1> 35,0.0003855,-3.3364170,45,0.6213415
  1> 36,0.0004460,-3.3017586,76,0.9082539
  1> 37,0.0005150,-3.2658368,62,0.6409355
  1> 38,0.0005895,-3.2251131,87,0.7862529
  1> 39,0.0006785,-3.1881592,91,0.7143634
  1> 40,0.0007785,-3.1466526,109,0.7459292
  1> 41,0.0008940,-3.1049579,122,0.7270538
  1> 42,0.0010440,-3.0580020,178,0.9093027
  1> 43,0.0012135,-3.0152790,161,0.7070205
  1> 44,0.0013820,-2.9770373,176,0.6786932
  1> 45,0.0015985,-2.9351476,257,0.8576952
  1> 46,0.0018710,-2.8874138,288,0.8212421
  1> 47,0.0021415,-2.8452415,253,0.6299693
  1> 48,0.0024245,-2.8070080,313,0.6887478
  1> 49,0.0027620,-2.7647789,362,0.6995009
  1> 50,0.0031685,-2.7210453,451,0.7601769
  1> 51,0.0037040,-2.6705223,620,0.8950076
  1> 52,0.0043820,-2.6125939,736,0.8986972
  1> 53,0.0051920,-2.5577202,884,0.9118143
  1> 54,0.0061425,-2.5027053,1017,0.8874046
  1> 55,0.0070805,-2.4513641,859,0.6501686
  1> 56,0.0080230,-2.4055677,1026,0.6860854
  1> 57,0.0092680,-2.3532136,1464,0.8491356
  1> 58,0.0108595,-2.2925335,1719,0.8522923
  1> 59,0.0126450,-2.2338099,1852,0.7897656
  1> 60,0.0146760,-2.1751877,2210,0.8137616
  1> 61,0.0171730,-2.1126426,2784,0.8785461
  1> 62,0.0197085,-2.0573195,2287,0.6298206
  1> 63,0.0226465,-1.9989443,3589,0.8635602
  1> 64,0.0264935,-1.9318031,4105,0.8475477
  1> 65,0.0305935,-1.8686577,4095,0.7349025
  1> 66,0.0350140,-1.8088228,4746,0.7476340
  1> 67,0.0401295,-1.7474208,5485,0.7579345
  1> 68,0.0462920,-1.6815807,6840,0.8248429
  1> 69,0.0533990,-1.6123699,7374,0.7764954
  1> 70,0.0610405,-1.5457488,7909,0.7343607
  1> 71,0.0695450,-1.4784725,9100,0.7484091
  1> 72,0.0792780,-1.4087896,10366,0.7557571
  1> 73,0.0909125,-1.3351485,12903,0.8310122
  1> 74,0.1042625,-1.2581310,13797,0.7861882
  1> 75,0.1190210,-1.1800436,15720,0.7978167
  1> 76,0.1348170,-1.1033669,15872,0.7239297
  1> 77,0.1524630,-1.0254910,19420,0.7996660
  1> 78,0.1740300,-0.9384153,23714,0.8779280
  1> 79,0.1982570,-0.8487415,24740,0.8280881
  1> 80,0.2226925,-0.7639693,24131,0.7414749
  1> 81,0.2477530,-0.6815131,25990,0.7416835
  1> 82,0.2746275,-0.5986712,27759,0.7410762
  1> 83,0.3070975,-0.5045730,37181,0.9295098
  1> 84,0.3418210,-0.4073771,32266,0.7626506
  1> 85,0.3763205,-0.3150682,36733,0.8323015
  1> 86,0.4138300,-0.2174426,38286,0.8393076
  1> 87,0.4522465,-0.1193771,38547,0.8274400
  1> 88,0.4903270,-0.0236757,37614,0.8003104
  1> 89,0.5312855,0.0790373,44303,0.9461671
  1> 90,0.5711175,0.1807591,35361,0.7676123
  1> 91,0.6078295,0.2750255,38063,0.8491619
  1> 92,0.6450525,0.3730716,36383,0.8450976
  1> 93,0.6795195,0.4669836,32551,0.7949183
  1> 94,0.7099305,0.5542899,28271,0.7300714
  1> 95,0.7374065,0.6364676,26681,0.7327917
  1> 96,0.7636085,0.7195269,25723,0.7579446
  1> 97,0.7891350,0.8051525,25330,0.8098062
  1> 98,0.8131400,0.8904908,22680,0.7941124
  1> 99,0.8341270,0.9716325,19294,0.7418357
  1> 100,0.8537095,1.0535977,19871,0.8467373
  1> 101,0.8727475,1.1397651,18205,0.8725027
  1> 102,0.8887695,1.2197058,13839,0.7448563
  1> 103,0.9015905,1.2915739,11803,0.7077793
  1> 104,0.9128860,1.3593474,10788,0.7218143
  1> 105,0.9234675,1.4286909,10375,0.7812994
  1> 106,0.9331645,1.5000438,9019,0.7696451
  1> 107,0.9415440,1.5675605,7740,0.7484297
  1> 108,0.9490865,1.6348880,7345,0.8091904
  1> 109,0.9559900,1.7044404,6462,0.8176945
  1> 110,0.9621315,1.7760254,5821,0.8507287
  1> 111,0.9675105,1.8457751,4937,0.8362884
  1> 112,0.9719685,1.9117553,3979,0.7774399
  1> 113,0.9758150,1.9758621,3714,0.8380007
  1> 114,0.9792020,2.0399725,3060,0.7999772
  1> 115,0.9818835,2.0965148,2303,0.6889949
  1> 116,0.9842395,2.1524936,2409,0.8269542
  1> 117,0.9864525,2.2123122,2017,0.8036092
  1> 118,0.9884055,2.2717447,1889,0.8779668
  1> 119,0.9901370,2.3309277,1574,0.8584137
  1> 120,0.9914045,2.3820871,961,0.5999728
  1> 121,0.9925230,2.4323397,1276,0.9160375
  1> 122,0.9936915,2.4934006,1061,0.9016524
  1> 123,0.9945495,2.5456086,655,0.6429545
  1> 124,0.9952705,2.5941957,787,0.8906351
  1> 125,0.9959200,2.6433399,512,0.6705559
  1> 126,0.9964160,2.6853144,480,0.7154210
  1> 127,0.9968810,2.7319141,450,0.7705265
  1> 128,0.9972615,2.7773518,311,0.6058789
  1> 129,0.9975645,2.8145291,295,0.6461071
  1> 130,0.9978325,2.8513138,241,0.5928276
  1> 131,0.9980755,2.8888585,245,0.6788163
  1> 132,0.9983215,2.9358390,247,0.7848208
  1> 133,0.9985355,2.9784181,181,0.6586576
  1> 134,0.9986960,3.0136946,140,0.5718937
  1> 135,0.9988510,3.0539525,170,0.7886830
  1> 136,0.9989995,3.0950700,127,0.6762169
  1> 137,0.9991130,3.1298301,100,0.6003480
  1> 138,0.9992145,3.1708780,103,0.6984516
  1> 139,0.9993165,3.2176834,101,0.7873221
  1> 140,0.9994110,3.2625252,88,0.7960011
  1> 141,0.9994825,3.2986630,55,0.5656754
  1> 142,0.9995385,3.3306409,57,0.6575631
  1> 143,0.9995895,3.3612387,45,0.5834371
  1> 144,0.9996365,3.3923516,49,0.7177766
  1> 145,0.9996825,3.4286627,43,0.7211218
  1> 146,0.9997210,3.4610985,34,0.6486571
  1> 147,0.9997545,3.4952333,33,0.7156574
  1> 148,0.9997850,3.5321115,28,0.6932803
  1> 149,0.9998125,3.5716527,27,0.7667910
  1> 150,0.9998395,3.6051104,27,0.8963274
  1> 151,0.9998640,3.6489785,22,0.8617346
  1> 152,0.9998845,3.6919007,19,0.8763649
  1> 153,0.9999015,3.7422019,15,0.8109988
  1> 154,0.9999155,3.7747847,13,0.8193381
  1> 155,0.9999280,3.8069214,12,0.8879108
  1> 156,0.9999385,3.8487532,9,0.7792055
  1> 157,0.9999460,3.8767749,6,0.5911659
  1> 158,0.9999530,3.9226406,8,0.9068708
  1> 159,0.9999595,3.9695059,5,0.6570012
  1> 160,0.9999645,3.9986749,5,0.7498210
  1> 161,0.9999690,4.0259977,4,0.6867465
  1> 162,0.9999730,4.0573466,4,0.7888333
  1> 163,0.9999765,4.1012264,3,0.6794156
  1> 164,0.9999795,4.1337004,3,0.7791736
  1> 165,0.9999825,4.1803960,3,0.9133534
  1> 166,0.9999850,4.2939197,2,0.7096937
  1> 167,0.9999870,4.3323223,2,0.8192796
  1> 168,0.9999885,4.3708658,1,1.0000000
  1> 169,0.9999895,4.3716012,1,1.0000000
  1> 170,0.9999905,4.4074001,1,1.0000000
  1> 171,0.9999915,4.4080085,1,1.0000000
  1> 172,0.9999925,4.4108115,1,1.0000000
  1> 173,0.9999935,4.4415846,1,1.0000000
  1> 174,0.9999945,4.4520914,1,1.0000000
  1> 175,0.9999955,4.4813421,1,1.0000000
  1> 176,0.9999965,4.5233317,1,1.0000000
  1> 177,0.9999975,4.5765581,1,1.0000000
  1> 178,0.9999985,4.7681013,1,1.0000000
  1> 179,0.9999995,4.9643265,1,1.0000000
  1> Starting 0,10
  1> Starting 0,100
  1> Starting 0,1000
  1> Starting 0,10000
  1> Starting 1,10
  1> Starting 1,100
  1>                    0,10 (5 live threads, 19 pending tasks)
  1> Starting 1,1000
  1>                    1,10 (5 live threads, 18 pending tasks)
  1> Starting 1,10000
  1>                    0,100 (5 live threads, 17 pending tasks)
  1> Starting 2,10
  1>                    2,10 (5 live threads, 16 pending tasks)
  1> Starting 2,100
  1>                    1,100 (5 live threads, 15 pending tasks)
  1> Starting 2,1000
  1>                    2,100 (5 live threads, 14 pending tasks)
  1> Starting 2,10000
  1>                    0,1000 (5 live threads, 13 pending tasks)
  1> Starting 3,10
  1>                    2,1000 (4 live threads, 12 pending tasks)
  1> Starting 3,100
  1>                    3,10 (5 live threads, 11 pending tasks)
  1> Starting 3,1000
  1>                    1,1000 (5 live threads, 10 pending tasks)
  1> Starting 3,10000
  1>                    3,100 (5 live threads, 9 pending tasks)
  1> Starting 4,10
  1>                    4,10 (5 live threads, 8 pending tasks)
  1> Starting 4,100
  1>                    4,100 (5 live threads, 7 pending tasks)
  1> Starting 4,1000
  1>                    3,1000 (5 live threads, 6 pending tasks)
  1> Starting 4,10000
  1>                    4,1000 (5 live threads, 5 pending tasks)
  1>                    2,10000 (4 live threads, 4 pending tasks)
  1>                    0,10000 (3 live threads, 3 pending tasks)
  1>                    1,10000 (2 live threads, 2 pending tasks)
  1>                    3,10000 (1 live threads, 1 pending tasks)
  1>                    4,10000 (0 live threads, 0 pending tasks)
  1>    q	 estimated	    actual	 error_cdf	   error_q
  1> ====	==========	==========	==========	==========
  1> 0.01	      0.00	      0.00	      0.00	      0.04
  1> 0.05	      0.00	      0.00	      0.00	      0.00
  1> 0.10	      2.77	      0.00	      2.77	      0.05
  1> 0.25	     17.46	     20.00	      2.54	      0.03
  1> 0.50	     39.95	     40.00	      0.05	      0.00
  1> 0.75	     62.63	     60.00	      2.63	      0.03
  1> 0.90	     76.75	     80.00	      3.25	      0.06
  1> 0.95	     80.00	     80.00	      0.00	      0.01
  1> 0.99	     80.00	     80.00	      0.00	      0.03
  1> # 0.194766us per point
  1> # 226 centroids
Completed in 13.15s, 30 tests

Suite: com.tdunning.math.stats.MegaMergeTest
IGNOR/A 0.00s | MegaMergeTest.megaMerge
   > Assumption #1: got: <false>, expected: is <true>
IGNOR/A 0.00s | MegaMergeTest.testLargeMerge
   > Assumption #1: got: <false>, expected: is <true>
Completed in 0.01s, 2 tests, 2 skipped

Suite: com.tdunning.math.stats.FloatHistogramTest
  1> Checking χ^2 = 165.3339 ± 16.6 against expected 165.4000 ± 18.0
Completed in 2.98s, 6 tests

Suite: com.tdunning.math.stats.LogHistogramTest
  1> Checking χ^2 = 146.6080 ± 16.6 against expected 146.0000 ± 17.0
Completed in 2.12s, 8 tests

Suite: com.tdunning.math.stats.IntAVLTreeTest
Completed in 0.21s, 2 tests

Suite: com.tdunning.math.stats.TDigestSerializationTest
Completed in 0.12s, 2 tests

Suite: com.tdunning.math.stats.ComparisonTest
  1> 269.11017 0.58785
Completed in 18.20s, 5 tests

Suite: com.tdunning.math.stats.AVLTreeDigestTest
  1> Failed 0 times (up to 5 acceptable)delta, q, x1, x2, q1, q2, error_x, error_q
  1> 20,0.500000,50.499416,50.499461,0.500001,0.499955,0.000090,0.000090
  1> 20,0.900000,50.899988,50.899994,0.900001,0.899993,0.000066,0.000071
  1> 20,0.990000,50.990187,50.990047,0.990001,0.990141,0.014003,0.014020
  1> 20,0.999000,50.999014,50.999004,0.999001,0.999010,0.010221,0.009771
  1> 20,0.999900,50.999912,50.999900,0.999901,0.999912,0.123095,0.118689
  1> 20,0.999990,50.999995,50.999989,0.999991,0.999996,0.596916,0.549798
  1> 20,0.999999,50.999998,50.999998,1.000000,1.000000,0.000000,0.000000
  1> 50,0.500000,50.500255,50.500240,0.500001,0.500015,0.000029,0.000028
  1> 50,0.900000,50.900077,50.900079,0.900001,0.899998,0.000022,0.000027
  1> 50,0.990000,50.990135,50.990096,0.990001,0.990039,0.003879,0.003850
  1> 50,0.999000,50.998951,50.999014,0.999001,0.998937,0.062610,0.063974
  1> 50,0.999900,50.999901,50.999902,0.999901,0.999899,0.006951,0.012047
  1> 50,0.999990,50.999992,50.999990,0.999991,0.999992,0.194542,0.147225
  1> 50,0.999999,50.999999,50.999999,1.000000,1.000000,0.000000,0.000000
  1> 100,0.500000,50.499972,50.499948,0.500001,0.500024,0.000049,0.000048
  1> 100,0.900000,50.900028,50.899997,0.900001,0.900032,0.000315,0.000316
  1> 100,0.990000,50.990020,50.990026,0.990001,0.989994,0.000621,0.000670
  1> 100,0.999000,50.999077,50.999014,0.999001,0.999064,0.062520,0.063008
  1> 100,0.999900,50.999914,50.999900,0.999901,0.999914,0.137561,0.134734
  1> 100,0.999990,50.999991,50.999989,0.999991,0.999992,0.217327,0.170759
  1> 100,0.999999,50.999998,50.999998,1.000000,1.000000,0.000000,0.000000
  1> 200,0.500000,50.499818,50.499797,0.500001,0.500021,0.000042,0.000041
  1> 200,0.900000,50.899964,50.899960,0.900001,0.900004,0.000043,0.000038
  1> 200,0.990000,50.989934,50.989947,0.990001,0.989987,0.001303,0.001349
  1> 200,0.999000,50.998989,50.998997,0.999001,0.998993,0.007488,0.007967
  1> 200,0.999900,50.999910,50.999899,0.999901,0.999911,0.108800,0.103489
  1> 200,0.999990,50.999990,50.999989,0.999991,0.999991,0.060874,0.010700
  1> 200,0.999999,50.999998,50.999998,1.000000,1.000000,0.000000,0.000000
  1> # big 548 bytes
  1> # small 268 bytes
  1> # 0.350231us per point
  1> # 194 centroids
  1> # 0.387120us per point
  1> # 326 centroids
  1> # 0.209929us per point
  1> # 380 centroids
  1> i, q, mean, count, dk
  1> 0,0.0000005,-4.7409512,1,1.0000000
  1> 1,0.0000015,-4.5432043,1,1.0000000
  1> 2,0.0000025,-4.4774603,1,1.0000000
  1> 3,0.0000035,-4.4620356,1,1.0000000
  1> 4,0.0000045,-4.4532681,1,1.0000000
  1> 5,0.0000055,-4.4311369,1,1.0000000
  1> 6,0.0000065,-4.4302456,1,1.0000000
  1> 7,0.0000075,-4.4084717,1,1.0000000
  1> 8,0.0000085,-4.3473186,1,1.0000000
  1> 9,0.0000095,-4.3249633,1,1.0000000
  1> 10,0.0000105,-4.3213743,1,1.0000000
  1> 11,0.0000120,-4.2865138,2,0.8878577
  1> 12,0.0000140,-4.2351495,2,0.7605527
  1> 13,0.0000160,-4.2201780,2,0.6652187
  1> 14,0.0000185,-4.1858301,3,0.8637599
  1> 15,0.0000215,-4.1360854,3,0.7428127
  1> 16,0.0000245,-4.1012507,3,0.6516140
  1> 17,0.0000280,-4.0750536,4,0.7605634
  1> 18,0.0000320,-4.0280534,4,0.6652294
  1> 19,0.0000365,-4.0074742,5,0.7292133
  1> 20,0.0000425,-3.9779083,7,0.8773912
  1> 21,0.0000500,-3.9343165,8,0.8522201
  1> 22,0.0000590,-3.8725320,10,0.9030204
  1> 23,0.0000700,-3.8280898,12,0.9134012
  1> 24,0.0000810,-3.7940259,10,0.6570277
  1> 25,0.0000940,-3.7543973,16,0.9069133
  1> 26,0.0001095,-3.7157977,15,0.7292664
  1> 27,0.0001280,-3.6552504,22,0.9158446
  1> 28,0.0001500,-3.6195045,22,0.7810123
  1> 29,0.0001715,-3.5920889,21,0.6517097
  1> 30,0.0001945,-3.5623863,25,0.6842028
  1> 31,0.0002250,-3.5297818,36,0.8523690
  1> 32,0.0002590,-3.4991116,32,0.6576533
  1> 33,0.0002940,-3.4662944,38,0.6880984
  1> 34,0.0003405,-3.4247666,55,0.8606393
  1> 35,0.0003955,-3.3847328,55,0.7405769
  1> 36,0.0004525,-3.3430855,59,0.6942681
  1> 37,0.0005200,-3.3054523,76,0.7785593
  1> 38,0.0005955,-3.2658689,75,0.6706470
  1> 39,0.0006730,-3.2328175,80,0.6329366
  1> 40,0.0007565,-3.1961051,87,0.6123490
  1> 41,0.0008735,-3.1475547,147,0.8973095
  1> 42,0.0010195,-3.0917600,145,0.7579451
  1> 43,0.0011800,-3.0466605,176,0.7951162
  1> 44,0.0013645,-3.0018913,193,0.7540193
  1> 45,0.0015930,-2.9533625,264,0.8842131
  1> 46,0.0018795,-2.8991017,309,0.8773916
  1> 47,0.0022060,-2.8505622,344,0.8322878
  1> 48,0.0025665,-2.8014694,377,0.7841117
  1> 49,0.0029940,-2.7512707,478,0.8528677
  1> 50,0.0035045,-2.7006418,543,0.8280329
  1> 51,0.0040650,-2.6514010,578,0.7600597
  1> 52,0.0047595,-2.5973830,811,0.9121403
  1> 53,0.0055040,-2.5479093,678,0.6591380
  1> 54,0.0062080,-2.5049327,730,0.6295856
  1> 55,0.0069815,-2.4635480,817,0.6270323
  1> 56,0.0080570,-2.4134150,1334,0.8891272
  1> 57,0.0093960,-2.3535861,1344,0.7687275
  1> 58,0.0109395,-2.2951006,1743,0.8579646
  1> 59,0.0125795,-2.2433324,1537,0.6584515
  1> 60,0.0144820,-2.1890027,2268,0.8462684
  1> 61,0.0169280,-2.1275449,2624,0.8396747
  1> 62,0.0198245,-2.0633822,3169,0.8685728
  1> 63,0.0231775,-1.9963732,3537,0.8318773
  1> 64,0.0270465,-1.9294049,4201,0.8501242
  1> 65,0.0312390,-1.8659002,4184,0.7358498
  1> 66,0.0358140,-1.8022453,4966,0.7655023
  1> 67,0.0406000,-1.7441285,4606,0.6291103
  1> 68,0.0456940,-1.6899852,5582,0.6811463
  1> 69,0.0513805,-1.6342670,5791,0.6320931
  1> 70,0.0586215,-1.5702295,8691,0.8384564
  1> 71,0.0676505,-1.4962906,9367,0.7904609
  1> 72,0.0775705,-1.4238804,10473,0.7789912
  1> 73,0.0885290,-1.3516891,11444,0.7547155
  1> 74,0.1006325,-1.2809363,12763,0.7503841
  1> 75,0.1136115,-1.2107230,13195,0.6970731
  1> 76,0.1286285,-1.1350326,16839,0.7994661
  1> 77,0.1468275,-1.0521251,19559,0.8308742
  1> 78,0.1675230,-0.9656018,21832,0.8329996
  1> 79,0.1902845,-0.8779738,23691,0.8180683
  1> 80,0.2146475,-0.7918549,25035,0.7900114
  1> 81,0.2414925,-0.7029223,28655,0.8321806
  1> 82,0.2708930,-0.6109018,30146,0.8118312
  1> 83,0.3021770,-0.5188077,32422,0.8177658
  1> 84,0.3354220,-0.4252552,34068,0.8127753
  1> 85,0.3703280,-0.3312735,35744,0.8151528
  1> 86,0.4053865,-0.2398195,34373,0.7582254
  1> 87,0.4407255,-0.1488139,36305,0.7831753
  1> 88,0.4771800,-0.0567343,36604,0.7801377
  1> 89,0.5133945,0.0346069,35825,0.7624750
  1> 90,0.5494250,0.1253761,36236,0.7782972
  1> 91,0.5853950,0.2162912,35704,0.7822174
  1> 92,0.6215755,0.3103718,36657,0.8287505
  1> 93,0.6570000,0.4049181,34192,0.8068936
  1> 94,0.6903020,0.4964188,32412,0.8063212
  1> 95,0.7220435,0.5882142,31071,0.8234585
  1> 96,0.7512355,0.6778886,27313,0.7773670
  1> 97,0.7801475,0.7719573,30511,0.9466437
  1> 98,0.8069190,0.8653239,23032,0.7864392
  1> 99,0.8283255,0.9462353,19781,0.7399879
  1> 100,0.8470850,1.0234898,17738,0.7284910
  1> 101,0.8652660,1.1037155,18624,0.8502156
  1> 102,0.8821115,1.1848060,15067,0.7709685
  1> 103,0.8974800,1.2670093,15670,0.9067314
  1> 104,0.9106750,1.3440899,10720,0.7011571
  1> 105,0.9210825,1.4121665,10095,0.7390305
  1> 106,0.9307355,1.4804806,9211,0.7604103
  1> 107,0.9393125,1.5487409,7943,0.7415491
  1> 108,0.9469620,1.6156373,7356,0.7795857
  1> 109,0.9542790,1.6865265,7278,0.8883410
  1> 110,0.9603830,1.7542547,4930,0.6895109
  1> 111,0.9650035,1.8106941,4311,0.6792606
  1> 112,0.9694290,1.8714177,4540,0.8156182
  1> 113,0.9733995,1.9330488,3401,0.6990105
  1> 114,0.9769765,1.9949207,3753,0.8886821
  1> 115,0.9804110,2.0626065,3116,0.8640888
  1> 116,0.9832610,2.1263422,2584,0.8360369
  1> 117,0.9857165,2.1890071,2327,0.8803196
  1> 118,0.9876255,2.2446022,1491,0.6491701
  1> 119,0.9890210,2.2898346,1300,0.6370283
  1> 120,0.9904285,2.3440452,1515,0.8511205
  1> 121,0.9917880,2.4024570,1204,0.7870696
  1> 122,0.9928285,2.4516269,877,0.6554426
  1> 123,0.9937625,2.5018982,991,0.8514750
  1> 124,0.9946565,2.5572369,797,0.7984417
  1> 125,0.9953745,2.6070961,639,0.7387979
  1> 126,0.9959255,2.6486697,463,0.6070535
  1> 127,0.9963770,2.6857851,440,0.6485962
  1> 128,0.9968440,2.7311615,494,0.8362384
  1> 129,0.9972610,2.7776239,340,0.6623937
  1> 130,0.9975795,2.8141186,297,0.6545297
  1> 131,0.9978570,2.8514970,258,0.6419993
  1> 132,0.9981050,2.8886419,238,0.6696430
  1> 133,0.9983430,2.9286391,238,0.7659542
  1> 134,0.9985550,2.9702154,186,0.6860472
  1> 135,0.9987340,3.0085100,172,0.7240932
  1> 136,0.9989110,3.0560981,182,0.8912727
  1> 137,0.9990640,3.1025069,124,0.7057801
  1> 138,0.9991875,3.1440339,123,0.8067642
  1> 139,0.9993035,3.1880211,109,0.8340213
  1> 140,0.9993935,3.2293816,71,0.6232589
  1> 141,0.9994645,3.2702802,71,0.7060731
  1> 142,0.9995295,3.3170480,59,0.6676481
  1> 143,0.9995875,3.3496629,57,0.7358738
  1> 144,0.9996370,3.3837325,42,0.6158379
  1> 145,0.9996805,3.4179857,45,0.7500337
  1> 146,0.9997220,3.4522752,38,0.7278100
  1> 147,0.9997580,3.4853167,34,0.7481100
  1> 148,0.9997860,3.5250048,22,0.5469728
  1> 149,0.9998075,3.5548634,21,0.5804762
  1> 150,0.9998300,3.5847380,24,0.7516921
  1> 151,0.9998520,3.6158403,20,0.7194088
  1> 152,0.9998720,3.6497601,20,0.8322283
  1> 153,0.9998910,3.6743852,18,0.8797599
  1> 154,0.9999075,3.7154948,15,0.8638237
  1> 155,0.9999195,3.7362877,9,0.5948611
  1> 156,0.9999290,3.7806266,10,0.7498476
  1> 157,0.9999380,3.8231620,8,0.6867678
  1> 158,0.9999465,3.8692153,9,0.8962317
  1> 159,0.9999545,3.9103199,7,0.8193062
  1> 160,0.9999600,3.9540515,4,0.5319376
  1> 161,0.9999650,3.9716074,6,0.9133693
  1> 162,0.9999700,4.0167686,4,0.7097043
  1> 163,0.9999740,4.0552703,4,0.8192902
  1> 164,0.9999775,4.0715752,3,0.7096990
  1> 165,0.9999805,4.0944782,3,0.8192849
  1> 166,0.9999830,4.1169703,2,0.6259955
  1> 167,0.9999850,4.1315724,2,0.7096937
  1> 168,0.9999870,4.1705441,2,0.8192796
  1> 169,0.9999885,4.1737356,1,1.0000000
  1> 170,0.9999895,4.1894435,1,1.0000000
  1> 171,0.9999905,4.1957501,1,1.0000000
  1> 172,0.9999915,4.2172966,1,1.0000000
  1> 173,0.9999925,4.2756729,1,1.0000000
  1> 174,0.9999935,4.3616482,1,1.0000000
  1> 175,0.9999945,4.3978364,1,1.0000000
  1> 176,0.9999955,4.4971278,1,1.0000000
  1> 177,0.9999965,4.5180162,1,1.0000000
  1> 178,0.9999975,4.5396859,1,1.0000000
  1> 179,0.9999985,4.5880504,1,1.0000000
  1> 180,0.9999995,4.7460499,1,1.0000000
  1> Starting 0,10
  1> Starting 0,100
  1> Starting 0,1000
  1> Starting 0,10000
  1> Starting 1,10
  1> Starting 1,100
  1>                    0,10 (5 live threads, 19 pending tasks)
  1> Starting 1,1000
  1>                    1,10 (5 live threads, 18 pending tasks)
  1> Starting 1,10000
  1>                    0,100 (5 live threads, 17 pending tasks)
  1> Starting 2,10
  1>                    1,100 (5 live threads, 16 pending tasks)
  1> Starting 2,100
  1>                    2,10 (5 live threads, 15 pending tasks)
  1> Starting 2,1000
  1>                    2,100 (5 live threads, 14 pending tasks)
  1> Starting 2,10000
  1>                    0,1000 (5 live threads, 13 pending tasks)
  1> Starting 3,10
  1>                    3,10 (5 live threads, 12 pending tasks)
  1> Starting 3,100
  1>                    3,100 (5 live threads, 11 pending tasks)
  1> Starting 3,1000
  1>                    1,1000 (5 live threads, 10 pending tasks)
  1> Starting 3,10000
  1>                    2,1000 (5 live threads, 9 pending tasks)
  1> Starting 4,10
  1>                    4,10 (5 live threads, 8 pending tasks)
  1> Starting 4,100
  1>                    4,100 (5 live threads, 7 pending tasks)
  1> Starting 4,1000
  1>                    3,1000 (5 live threads, 6 pending tasks)
  1> Starting 4,10000
  1>                    4,1000 (5 live threads, 5 pending tasks)
  1>                    2,10000 (4 live threads, 4 pending tasks)
  1>                    1,10000 (3 live threads, 3 pending tasks)
  1>                    0,10000 (2 live threads, 2 pending tasks)
  1>                    3,10000 (1 live threads, 1 pending tasks)
  1>                    4,10000 (0 live threads, 0 pending tasks)
  1> # 0.260997us per point
  1> # 595 centroids
Completed in 22.26s, 30 tests

Suite: com.tdunning.math.stats.AlternativeMergeTest
Completed in 0.30s, 1 test

Suite: com.tdunning.math.stats.SerializationTest
Completed in 0.00s, 1 test

Suite: com.tdunning.math.stats.SortTest
Completed in 0.04s, 11 tests

[INFO] JVM J0:     0.37 ..    61.15 =    60.78s
[INFO] Execution time total: 1 minute 1 second
[INFO] Tests summary: 16 suites, 105 tests, 3 ignored (3 assumptions)
[INFO] 
[INFO] -------------------< com.tdunning:t-digest-quality >--------------------
[INFO] Building t-digest-quality 3.3-SNAPSHOT                             [3/4]
[INFO] --------------------------------[ jar ]---------------------------------
[INFO] 
[INFO] --- maven-resources-plugin:2.6:resources (default-resources) @ t-digest-quality ---
[WARNING] Using platform encoding (UTF-8 actually) to copy filtered resources, i.e. build is platform dependent!
[INFO] skip non existing resourceDirectory /workdir/t-digest/quality/src/main/resources
[INFO] 
[INFO] --- maven-compiler-plugin:3.3:compile (default-compile) @ t-digest-quality ---
[INFO] No sources to compile
[INFO] 
[INFO] --- maven-resources-plugin:2.6:testResources (default-testResources) @ t-digest-quality ---
[WARNING] Using platform encoding (UTF-8 actually) to copy filtered resources, i.e. build is platform dependent!
[INFO] skip non existing resourceDirectory /workdir/t-digest/quality/src/test/resources
[INFO] 
[INFO] --- maven-compiler-plugin:3.3:testCompile (default-testCompile) @ t-digest-quality ---
[INFO] Changes detected - recompiling the module!
[WARNING] File encoding has not been set, using platform encoding UTF-8, i.e. build is platform dependent!
[INFO] Compiling 8 source files to /workdir/t-digest/quality/target/test-classes
[parsing started SimpleFileObject[/workdir/t-digest/quality/src/test/java/com/tdunning/tdigest/quality/Util.java]]
[parsing completed 17ms]
[parsing started SimpleFileObject[/workdir/t-digest/quality/src/test/java/com/tdunning/tdigest/quality/ScalingTest.java]]
[parsing completed 0ms]
[parsing started SimpleFileObject[/workdir/t-digest/quality/src/test/java/com/tdunning/tdigest/quality/ComparisonTest.java]]
[parsing completed 5ms]
[parsing started SimpleFileObject[/workdir/t-digest/quality/src/test/java/com/tdunning/tdigest/quality/AccuracyTest.java]]
[parsing completed 18ms]
[parsing started SimpleFileObject[/workdir/t-digest/quality/src/test/java/com/tdunning/tdigest/quality/BinFill.java]]
[parsing completed 3ms]
[parsing started SimpleFileObject[/workdir/t-digest/quality/src/test/java/com/tdunning/tdigest/quality/Git.java]]
[parsing completed 1ms]
[parsing started SimpleFileObject[/workdir/t-digest/quality/src/test/java/com/tdunning/tdigest/quality/SinglePassTest.java]]
[parsing completed 2ms]
[parsing started SimpleFileObject[/workdir/t-digest/quality/src/test/java/com/tdunning/math/stats/QuantileEstimator.java]]
[parsing completed 4ms]
[search path for source files: /workdir/t-digest/quality/src/test/java,/workdir/t-digest/quality/target/generated-test-sources/test-annotations]
[search path for class files: /usr/local/openjdk-11/lib/modules,/workdir/t-digest/quality/target/test-classes,/workdir/t-digest/quality/target/classes,/home/maven/.m2/repository/junit/junit/4.13.1/junit-4.13.1.jar,/home/maven/.m2/repository/org/hamcrest/hamcrest-core/1.3/hamcrest-core-1.3.jar,/home/maven/.m2/repository/org/apache/mahout/mahout-math/0.9/mahout-math-0.9.jar,/home/maven/.m2/repository/org/apache/commons/commons-math3/3.2/commons-math3-3.2.jar,/home/maven/.m2/repository/org/slf4j/slf4j-api/1.7.5/slf4j-api-1.7.5.jar,/home/maven/.m2/repository/com/google/guava/guava/29.0-jre/guava-29.0-jre.jar,/home/maven/.m2/repository/com/google/guava/failureaccess/1.0.1/failureaccess-1.0.1.jar,/home/maven/.m2/repository/com/google/guava/listenablefuture/9999.0-empty-to-avoid-conflict-with-guava/listenablefuture-9999.0-empty-to-avoid-conflict-with-guava.jar,/home/maven/.m2/repository/com/google/code/findbugs/jsr305/3.0.2/jsr305-3.0.2.jar,/home/maven/.m2/repository/org/checkerframework/checker-qual/2.11.1/checker-qual-2.11.1.jar,/home/maven/.m2/repository/com/google/errorprone/error_prone_annotations/2.3.4/error_prone_annotations-2.3.4.jar,/home/maven/.m2/repository/com/google/j2objc/j2objc-annotations/1.3/j2objc-annotations-1.3.jar,/home/maven/.m2/repository/com/clearspring/analytics/stream/2.5.2/stream-2.5.2.jar,/home/maven/.m2/repository/it/unimi/dsi/fastutil/6.5.7/fastutil-6.5.7.jar,/workdir/t-digest/core/target/classes,.]
[loading /workdir/t-digest/core/target/classes/com/tdunning/math/stats/AVLTreeDigest.class]
[loading /workdir/t-digest/core/target/classes/com/tdunning/math/stats/MergingDigest.class]
[loading /workdir/t-digest/core/target/classes/com/tdunning/math/stats/TDigest.class]
[loading /home/maven/.m2/repository/org/apache/mahout/mahout-math/0.9/mahout-math-0.9.jar(/org/apache/mahout/math/jet/random/AbstractContinousDistribution.class)]
[loading /home/maven/.m2/repository/org/apache/mahout/mahout-math/0.9/mahout-math-0.9.jar(/org/apache/mahout/math/jet/random/Gamma.class)]
[loading /home/maven/.m2/repository/org/apache/mahout/mahout-math/0.9/mahout-math-0.9.jar(/org/apache/mahout/math/jet/random/Uniform.class)]
[loading /modules/java.base/java/util/Random.class]
[loading /modules/java.base/java/lang/Object.class]
[loading /modules/java.base/java/lang/Enum.class]
[loading /modules/java.base/java/lang/Comparable.class]
[loading /modules/java.base/java/io/Serializable.class]
[loading /modules/java.base/java/lang/String.class]
[loading /home/maven/.m2/repository/com/clearspring/analytics/stream/2.5.2/stream-2.5.2.jar(/com/clearspring/analytics/stream/quantile/QDigest.class)]
[loading /workdir/t-digest/core/target/classes/com/tdunning/math/stats/Dist.class]
[loading /home/maven/.m2/repository/junit/junit/4.13.1/junit-4.13.1.jar(/org/junit/Test.class)]
[loading /modules/java.base/java/io/FileNotFoundException.class]
[loading /modules/java.base/java/io/FileOutputStream.class]
[loading /modules/java.base/java/io/PrintWriter.class]
[loading /modules/java.base/java/util/Arrays.class]
[loading /modules/java.base/java/util/List.class]
[loading /home/maven/.m2/repository/com/google/guava/guava/29.0-jre/guava-29.0-jre.jar(/com/google/common/collect/Iterables.class)]
[loading /home/maven/.m2/repository/com/google/guava/guava/29.0-jre/guava-29.0-jre.jar(/com/google/common/collect/Lists.class)]
[loading /home/maven/.m2/repository/junit/junit/4.13.1/junit-4.13.1.jar(/org/junit/Assert.class)]
[loading /modules/java.base/java/util/concurrent/atomic/AtomicInteger.class]
[loading /modules/java.base/java/io/IOException.class]
[loading /modules/java.base/java/lang/InterruptedException.class]
[loading /workdir/t-digest/core/target/classes/com/tdunning/math/stats/Centroid.class]
[loading /workdir/t-digest/core/target/classes/com/tdunning/math/stats/ScaleFunction.class]
[loading /home/maven/.m2/repository/org/apache/mahout/mahout-math/0.9/mahout-math-0.9.jar(/org/apache/mahout/math/jet/random/AbstractDistribution.class)]
[loading /modules/java.base/java/io/BufferedReader.class]
[loading /modules/java.base/java/io/File.class]
[loading /modules/java.base/java/io/InputStreamReader.class]
[loading /modules/java.base/java/util/ArrayList.class]
[loading /modules/java.base/java/util/Collections.class]
[loading /modules/java.base/java/lang/Double.class]
[loading /modules/java.base/java/lang/Deprecated.class]
[loading /modules/java.base/java/lang/annotation/Retention.class]
[loading /modules/java.base/java/lang/annotation/RetentionPolicy.class]
[loading /modules/java.base/java/lang/annotation/Target.class]
[loading /modules/java.base/java/lang/annotation/ElementType.class]
[loading /modules/java.base/java/lang/annotation/Annotation.class]
[loading /home/maven/.m2/repository/com/google/guava/guava/29.0-jre/guava-29.0-jre.jar(/com/google/common/annotations/GwtCompatible.class)]
[loading /modules/java.base/java/lang/SuppressWarnings.class]
[loading /modules/java.base/java/lang/Class.class]
[checking com.tdunning.tdigest.quality.Util]
[loading /modules/java.base/java/lang/AutoCloseable.class]
[loading /modules/java.base/java/lang/CloneNotSupportedException.class]
[loading /workdir/t-digest/core/target/classes/com/tdunning/math/stats/AbstractTDigest.class]
[loading /modules/java.base/java/lang/Override.class]
[wrote /workdir/t-digest/quality/target/test-classes/com/tdunning/tdigest/quality/Util$Factory$1.class]
[wrote /workdir/t-digest/quality/target/test-classes/com/tdunning/tdigest/quality/Util$Factory$2.class]
[wrote /workdir/t-digest/quality/target/test-classes/com/tdunning/tdigest/quality/Util$Factory$3.class]
[wrote /workdir/t-digest/quality/target/test-classes/com/tdunning/tdigest/quality/Util$Factory.class]
[wrote /workdir/t-digest/quality/target/test-classes/com/tdunning/tdigest/quality/Util$Distribution$1.class]
[wrote /workdir/t-digest/quality/target/test-classes/com/tdunning/tdigest/quality/Util$Distribution$2.class]
[wrote /workdir/t-digest/quality/target/test-classes/com/tdunning/tdigest/quality/Util$Distribution.class]
[wrote /workdir/t-digest/quality/target/test-classes/com/tdunning/tdigest/quality/Util$1.class]
[wrote /workdir/t-digest/quality/target/test-classes/com/tdunning/tdigest/quality/Util.class]
[checking com.tdunning.tdigest.quality.ScalingTest]
[wrote /workdir/t-digest/quality/target/test-classes/com/tdunning/tdigest/quality/ScalingTest.class]
[checking com.tdunning.tdigest.quality.ComparisonTest]
[loading /modules/java.base/java/lang/Exception.class]
[loading /modules/java.base/java/lang/Throwable.class]
[loading /modules/java.base/java/io/FileDescriptor.class]
[loading /modules/java.base/java/io/OutputStream.class]
[loading /modules/java.base/java/io/Writer.class]
[loading /modules/java.base/java/lang/Appendable.class]
[loading /modules/java.base/java/io/Closeable.class]
[loading /modules/java.base/java/io/Flushable.class]
[loading /modules/java.base/java/lang/Error.class]
[loading /modules/java.base/java/lang/RuntimeException.class]
[loading /modules/java.base/java/util/Locale.class]
[loading /home/maven/.m2/repository/org/apache/mahout/mahout-math/0.9/mahout-math-0.9.jar(/org/apache/mahout/math/function/IntFunction.class)]
[loading /home/maven/.m2/repository/org/apache/mahout/mahout-math/0.9/mahout-math-0.9.jar(/org/apache/mahout/math/function/DoubleFunction.class)]
[loading /home/maven/.m2/repository/com/clearspring/analytics/stream/2.5.2/stream-2.5.2.jar(/com/clearspring/analytics/stream/quantile/IQuantileEstimator.class)]
[loading /modules/java.base/java/util/Comparator.class]
[loading /modules/java.base/java/util/Collection.class]
[loading /modules/java.base/java/lang/Integer.class]
[loading /modules/java.base/java/lang/Iterable.class]
[loading /modules/java.base/java/lang/Number.class]
[loading /modules/java.base/java/lang/Byte.class]
[loading /modules/java.base/java/lang/Character.class]
[loading /modules/java.base/java/lang/Short.class]
[loading /modules/java.base/java/lang/Long.class]
[loading /modules/java.base/java/lang/Float.class]
[loading /modules/java.base/java/lang/Boolean.class]
[loading /modules/java.base/java/lang/Void.class]
[wrote /workdir/t-digest/quality/target/test-classes/com/tdunning/tdigest/quality/ComparisonTest.class]
[checking com.tdunning.tdigest.quality.AccuracyTest]
[loading /modules/java.base/java/net/URI.class]
[loading /modules/java.base/java/util/concurrent/Callable.class]
[loading /modules/java.base/java/util/Iterator.class]
[loading /modules/java.base/java/util/AbstractList.class]
[loading /modules/java.base/java/util/AbstractCollection.class]
[loading /modules/java.base/java/io/StringWriter.class]
[loading /modules/java.base/java/lang/System.class]
[loading /modules/java.base/java/io/PrintStream.class]
[loading /modules/java.base/java/io/FilterOutputStream.class]
[loading /modules/java.base/java/util/RandomAccess.class]
[loading /modules/java.base/java/lang/Cloneable.class]
[loading /modules/java.base/java/lang/CharSequence.class]
[loading /modules/java.base/java/lang/Math.class]
[loading /modules/java.base/java/util/concurrent/ExecutorService.class]
[loading /modules/java.base/java/lang/Runtime.class]
[loading /modules/java.base/java/util/concurrent/Executors.class]
[loading /modules/java.base/java/util/concurrent/Executor.class]
[loading /modules/java.base/java/util/concurrent/Future.class]
[loading /modules/java.base/java/util/concurrent/ExecutionException.class]
[loading /modules/java.base/java/util/concurrent/TimeoutException.class]
[loading /modules/java.base/java/util/concurrent/TimeUnit.class]
[loading /modules/java.base/java/util/Set.class]
[loading /modules/java.base/java/lang/IllegalArgumentException.class]
[loading /modules/java.base/java/lang/invoke/LambdaMetafactory.class]
[loading /modules/java.base/java/lang/invoke/MethodHandles.class]
[loading /modules/java.base/java/lang/invoke/MethodHandles$Lookup.class]
[loading /modules/java.base/java/lang/invoke/MethodType.class]
[loading /modules/java.base/java/lang/invoke/MethodHandle.class]
[wrote /workdir/t-digest/quality/target/test-classes/com/tdunning/tdigest/quality/AccuracyTest$1.class]
[loading /modules/java.base/java/lang/invoke/CallSite.class]
[wrote /workdir/t-digest/quality/target/test-classes/com/tdunning/tdigest/quality/AccuracyTest.class]
[checking com.tdunning.tdigest.quality.BinFill]
[wrote /workdir/t-digest/quality/target/test-classes/com/tdunning/tdigest/quality/BinFill.class]
[checking com.tdunning.tdigest.quality.Git]
[loading /modules/java.base/java/lang/ProcessBuilder.class]
[loading /modules/java.base/java/lang/ProcessBuilder$Redirect.class]
[loading /modules/java.base/java/lang/Process.class]
[loading /modules/java.base/java/io/InputStream.class]
[loading /modules/java.base/java/io/Reader.class]
[loading /modules/java.base/java/lang/Readable.class]
[wrote /workdir/t-digest/quality/target/test-classes/com/tdunning/tdigest/quality/Git.class]
[checking com.tdunning.tdigest.quality.SinglePassTest]
[wrote /workdir/t-digest/quality/target/test-classes/com/tdunning/tdigest/quality/SinglePassTest.class]
[checking com.tdunning.math.stats.QuantileEstimator]
[wrote /workdir/t-digest/quality/target/test-classes/com/tdunning/math/stats/QuantileEstimator.class]
[total 632ms]
[INFO] 
[INFO] --- maven-surefire-plugin:2.12.4:test (default-test) @ t-digest-quality ---
[INFO] Surefire report directory: /workdir/t-digest/quality/target/surefire-reports

-------------------------------------------------------
 T E S T S
-------------------------------------------------------
Running com.tdunning.tdigest.quality.SinglePassTest
0
1
2
3
4
5
6
7
8
9
10
11
12
13
14
15
16
17
18
19
20
21
22
23
24
25
26
27
28
29
30
31
32
33
34
35
36
37
38
39
40
41
42
43
44
45
46
47
48
49
Tests run: 1, Failures: 0, Errors: 0, Skipped: 0, Time elapsed: 127.605 sec
Running com.tdunning.tdigest.quality.ComparisonTest
Tests run: 2, Failures: 0, Errors: 0, Skipped: 0, Time elapsed: 68.697 sec
Running com.tdunning.tdigest.quality.AccuracyTest
Starting 0
Starting 2
Starting 1
Starting 3
Starting 4
Starting 5
    Finishing 4
Starting 6
    Finishing 1
Starting 7
    Finishing 3
Starting 8
    Finishing 5
Starting 9
    Finishing 2
Starting 10
    Finishing 6
Starting 11
    Finishing 7
Starting 12
    Finishing 10
Starting 13
    Finishing 8
Starting 14
    Finishing 9
Starting 15
    Finishing 12
Starting 16
    Finishing 11
Starting 17
    Finishing 14
Starting 18
    Finishing 13
Starting 19
    Finishing 16
    Finishing 15
    Finishing 17
    Finishing 18
    Finishing 19
    Finishing 20
java.lang.ArrayIndexOutOfBoundsException: Index 1010 out of bounds for length 1010
	at com.tdunning.math.stats.MergingDigest.merge(MergingDigest.java:453)
	at com.tdunning.math.stats.MergingDigest.mergeNewValues(MergingDigest.java:363)
	at com.tdunning.math.stats.MergingDigest.mergeNewValues(MergingDigest.java:353)
	at com.tdunning.math.stats.MergingDigest.add(MergingDigest.java:259)
	at com.tdunning.math.stats.MergingDigest.add(MergingDigest.java:251)
	at com.tdunning.math.stats.AbstractTDigest.add(AbstractTDigest.java:131)
	at com.tdunning.tdigest.quality.AccuracyTest.lambda$testAccuracyVersusCompression$1(AccuracyTest.java:290)
	at java.base/java.util.concurrent.FutureTask.run(FutureTask.java:264)
	at java.base/java.util.concurrent.ThreadPoolExecutor.runWorker(ThreadPoolExecutor.java:1128)
	at java.base/java.util.concurrent.ThreadPoolExecutor$Worker.run(ThreadPoolExecutor.java:628)
	at java.base/java.lang.Thread.run(Thread.java:834)
java.lang.ArrayIndexOutOfBoundsException: Index 1010 out of bounds for length 1010
	at com.tdunning.math.stats.MergingDigest.merge(MergingDigest.java:453)
	at com.tdunning.math.stats.MergingDigest.mergeNewValues(MergingDigest.java:363)
	at com.tdunning.math.stats.MergingDigest.mergeNewValues(MergingDigest.java:353)
	at com.tdunning.math.stats.MergingDigest.add(MergingDigest.java:259)
	at com.tdunning.math.stats.MergingDigest.add(MergingDigest.java:251)
	at com.tdunning.math.stats.AbstractTDigest.add(AbstractTDigest.java:131)
	at com.tdunning.tdigest.quality.AccuracyTest.lambda$testAccuracyVersusCompression$1(AccuracyTest.java:290)
	at java.base/java.util.concurrent.FutureTask.run(FutureTask.java:264)
	at java.base/java.util.concurrent.ThreadPoolExecutor.runWorker(ThreadPoolExecutor.java:1128)
	at java.base/java.util.concurrent.ThreadPoolExecutor$Worker.run(ThreadPoolExecutor.java:628)
	at java.base/java.lang.Thread.run(Thread.java:834)
java.lang.ArrayIndexOutOfBoundsException: Index 1010 out of bounds for length 1010
	at com.tdunning.math.stats.MergingDigest.merge(MergingDigest.java:453)
	at com.tdunning.math.stats.MergingDigest.mergeNewValues(MergingDigest.java:363)
	at com.tdunning.math.stats.MergingDigest.mergeNewValues(MergingDigest.java:353)
	at com.tdunning.math.stats.MergingDigest.add(MergingDigest.java:259)
	at com.tdunning.math.stats.MergingDigest.add(MergingDigest.java:251)
	at com.tdunning.math.stats.AbstractTDigest.add(AbstractTDigest.java:131)
	at com.tdunning.tdigest.quality.AccuracyTest.lambda$testAccuracyVersusCompression$1(AccuracyTest.java:290)
	at java.base/java.util.concurrent.FutureTask.run(FutureTask.java:264)
	at java.base/java.util.concurrent.ThreadPoolExecutor.runWorker(ThreadPoolExecutor.java:1128)
	at java.base/java.util.concurrent.ThreadPoolExecutor$Worker.run(ThreadPoolExecutor.java:628)
	at java.base/java.lang.Thread.run(Thread.java:834)
java.lang.ArrayIndexOutOfBoundsException: Index 1010 out of bounds for length 1010
	at com.tdunning.math.stats.MergingDigest.merge(MergingDigest.java:453)
	at com.tdunning.math.stats.MergingDigest.mergeNewValues(MergingDigest.java:363)
	at com.tdunning.math.stats.MergingDigest.mergeNewValues(MergingDigest.java:353)
	at com.tdunning.math.stats.MergingDigest.add(MergingDigest.java:259)
	at com.tdunning.math.stats.MergingDigest.add(MergingDigest.java:251)
	at com.tdunning.math.stats.AbstractTDigest.add(AbstractTDigest.java:131)
	at com.tdunning.tdigest.quality.AccuracyTest.lambda$testAccuracyVersusCompression$1(AccuracyTest.java:290)
	at java.base/java.util.concurrent.FutureTask.run(FutureTask.java:264)
	at java.base/java.util.concurrent.ThreadPoolExecutor.runWorker(ThreadPoolExecutor.java:1128)
	at java.base/java.util.concurrent.ThreadPoolExecutor$Worker.run(ThreadPoolExecutor.java:628)
	at java.base/java.lang.Thread.run(Thread.java:834)
java.lang.ArrayIndexOutOfBoundsException: Index 1010 out of bounds for length 1010
	at com.tdunning.math.stats.MergingDigest.merge(MergingDigest.java:453)
	at com.tdunning.math.stats.MergingDigest.mergeNewValues(MergingDigest.java:363)
	at com.tdunning.math.stats.MergingDigest.mergeNewValues(MergingDigest.java:353)
	at com.tdunning.math.stats.MergingDigest.add(MergingDigest.java:259)
	at com.tdunning.math.stats.MergingDigest.add(MergingDigest.java:251)
	at com.tdunning.math.stats.AbstractTDigest.add(AbstractTDigest.java:131)
	at com.tdunning.tdigest.quality.AccuracyTest.lambda$testAccuracyVersusCompression$1(AccuracyTest.java:290)
	at java.base/java.util.concurrent.FutureTask.run(FutureTask.java:264)
	at java.base/java.util.concurrent.ThreadPoolExecutor.runWorker(ThreadPoolExecutor.java:1128)
	at java.base/java.util.concurrent.ThreadPoolExecutor$Worker.run(ThreadPoolExecutor.java:628)
	at java.base/java.lang.Thread.run(Thread.java:834)
java.lang.ArrayIndexOutOfBoundsException
java.lang.ArrayIndexOutOfBoundsException
java.lang.ArrayIndexOutOfBoundsException
java.lang.ArrayIndexOutOfBoundsException
java.lang.ArrayIndexOutOfBoundsException
java.lang.ArrayIndexOutOfBoundsException
java.lang.ArrayIndexOutOfBoundsException
java.lang.ArrayIndexOutOfBoundsException
java.lang.ArrayIndexOutOfBoundsException
java.lang.ArrayIndexOutOfBoundsException
java.lang.ArrayIndexOutOfBoundsException
java.lang.ArrayIndexOutOfBoundsException
java.lang.ArrayIndexOutOfBoundsException
java.lang.ArrayIndexOutOfBoundsException
java.lang.ArrayIndexOutOfBoundsException
java.lang.ArrayIndexOutOfBoundsException
java.lang.ArrayIndexOutOfBoundsException
java.lang.ArrayIndexOutOfBoundsException
java.lang.ArrayIndexOutOfBoundsException
java.lang.ArrayIndexOutOfBoundsException
java.lang.ArrayIndexOutOfBoundsException
java.lang.ArrayIndexOutOfBoundsException
java.lang.ArrayIndexOutOfBoundsException
java.lang.ArrayIndexOutOfBoundsException
java.lang.ArrayIndexOutOfBoundsException
java.lang.ArrayIndexOutOfBoundsException
java.lang.ArrayIndexOutOfBoundsException
java.lang.ArrayIndexOutOfBoundsException
java.lang.ArrayIndexOutOfBoundsException
java.lang.ArrayIndexOutOfBoundsException
java.lang.ArrayIndexOutOfBoundsException
java.lang.ArrayIndexOutOfBoundsException
java.lang.ArrayIndexOutOfBoundsException
java.lang.ArrayIndexOutOfBoundsException
java.lang.ArrayIndexOutOfBoundsException
java.lang.ArrayIndexOutOfBoundsException
java.lang.ArrayIndexOutOfBoundsException
java.lang.ArrayIndexOutOfBoundsException
java.lang.ArrayIndexOutOfBoundsException
java.lang.ArrayIndexOutOfBoundsException
java.lang.ArrayIndexOutOfBoundsException
java.lang.ArrayIndexOutOfBoundsException
java.lang.ArrayIndexOutOfBoundsException
java.lang.ArrayIndexOutOfBoundsException
44, 1, 42.64, 0.023
5, 1, 6.40, 0.156
1, 2, 6.89, 0.290
6, 3, 7.02, 0.428
3, 4, 7.04, 0.569
2, 5, 7.27, 0.688
4, 6, 7.47, 0.803
0, 7, 7.51, 0.932
7, 8, 7.54, 1.061
8, 9, 11.78, 0.764
12, 10, 12.13, 0.825
9, 11, 12.24, 0.899
11, 12, 12.54, 0.957
10, 13, 12.59, 1.033
13, 15, 12.59, 1.191
15, 14, 12.59, 1.112
14, 16, 12.60, 1.270
16, 17, 14.79, 1.149
17, 18, 14.89, 1.209
18, 19, 15.22, 1.248
19, 20, 15.22, 1.314
Tests run: 4, Failures: 0, Errors: 0, Skipped: 0, Time elapsed: 86.547 sec

Results :

Tests run: 7, Failures: 0, Errors: 0, Skipped: 0

[INFO] 
[INFO] ------------------< com.tdunning:t-digest-benchmark >-------------------
[INFO] Building t-digest-benchmark 3.3-SNAPSHOT                           [4/4]
[INFO] --------------------------------[ jar ]---------------------------------
[INFO] 
[INFO] --- maven-resources-plugin:2.6:resources (default-resources) @ t-digest-benchmark ---
[WARNING] Using platform encoding (UTF-8 actually) to copy filtered resources, i.e. build is platform dependent!
[INFO] skip non existing resourceDirectory /workdir/t-digest/benchmark/src/main/resources
[INFO] 
[INFO] --- maven-compiler-plugin:3.0:compile (default-compile) @ t-digest-benchmark ---
[INFO] Nothing to compile - all classes are up to date
[INFO] 
[INFO] --- maven-resources-plugin:2.6:testResources (default-testResources) @ t-digest-benchmark ---
[WARNING] Using platform encoding (UTF-8 actually) to copy filtered resources, i.e. build is platform dependent!
[INFO] skip non existing resourceDirectory /workdir/t-digest/benchmark/src/test/resources
[INFO] 
[INFO] --- maven-compiler-plugin:3.0:testCompile (default-testCompile) @ t-digest-benchmark ---
[INFO] No sources to compile
[INFO] 
[INFO] --- maven-surefire-plugin:2.12.4:test (default-test) @ t-digest-benchmark ---
[INFO] No tests to run.
[INFO] ------------------------------------------------------------------------
[INFO] Reactor Summary for T-digest Parent 3.3-SNAPSHOT:
[INFO] 
[INFO] T-digest Parent .................................... SUCCESS [  0.050 s]
[INFO] T-Digest ........................................... SUCCESS [01:02 min]
[INFO] t-digest-quality ................................... SUCCESS [04:44 min]
[INFO] t-digest-benchmark ................................. SUCCESS [  0.110 s]
[INFO] ------------------------------------------------------------------------
[INFO] BUILD SUCCESS
[INFO] ------------------------------------------------------------------------
[INFO] Total time:  05:46 min
[INFO] Finished at: 2021-02-14T21:34:34Z
[INFO] ------------------------------------------------------------------------
