[INFO] Scanning for projects...
[INFO] ------------------------------------------------------------------------
[INFO] Reactor Build Order:
[INFO] 
[INFO] T-digest Parent                                                    [pom]
[INFO] T-Digest                                                           [jar]
[INFO] t-digest-quality                                                   [jar]
[INFO] t-digest-benchmark                                                 [jar]
[INFO] 
[INFO] --------------------< com.tdunning:t-digest-parent >--------------------
[INFO] Building T-digest Parent 3.3-SNAPSHOT                              [1/4]
[INFO] --------------------------------[ pom ]---------------------------------
[INFO] 
[INFO] -----------------------< com.tdunning:t-digest >------------------------
[INFO] Building T-Digest 3.3-SNAPSHOT                                     [2/4]
[INFO] --------------------------------[ jar ]---------------------------------
[INFO] 
[INFO] --- maven-resources-plugin:2.6:resources (default-resources) @ t-digest ---
[INFO] Using 'UTF-8' encoding to copy filtered resources.
[INFO] skip non existing resourceDirectory /workdir/t-digest/core/src/main/resources
[INFO] 
[INFO] --- maven-compiler-plugin:3.3:compile (default-compile) @ t-digest ---
[INFO] Changes detected - recompiling the module!
[INFO] Compiling 15 source files to /workdir/t-digest/core/target/classes
[parsing started SimpleFileObject[/workdir/t-digest/core/src/main/java/com/tdunning/math/stats/AbstractTDigest.java]]
[parsing completed 24ms]
[parsing started SimpleFileObject[/workdir/t-digest/core/src/main/java/com/tdunning/math/stats/ScaleFunction.java]]
[parsing completed 18ms]
[parsing started SimpleFileObject[/workdir/t-digest/core/src/main/java/com/tdunning/math/stats/Sort.java]]
[parsing completed 8ms]
[parsing started SimpleFileObject[/workdir/t-digest/core/src/main/java/com/tdunning/math/stats/Simple64.java]]
[parsing completed 32ms]
[parsing started SimpleFileObject[/workdir/t-digest/core/src/main/java/com/tdunning/math/stats/AVLTreeDigest.java]]
[parsing completed 8ms]
[parsing started SimpleFileObject[/workdir/t-digest/core/src/main/java/com/tdunning/math/stats/Dist.java]]
[parsing completed 1ms]
[parsing started SimpleFileObject[/workdir/t-digest/core/src/main/java/com/tdunning/math/stats/AVLGroupTree.java]]
[parsing completed 3ms]
[parsing started SimpleFileObject[/workdir/t-digest/core/src/main/java/com/tdunning/math/stats/Comparison.java]]
[parsing completed 5ms]
[parsing started SimpleFileObject[/workdir/t-digest/core/src/main/java/com/tdunning/math/stats/IntAVLTree.java]]
[parsing completed 5ms]
[parsing started SimpleFileObject[/workdir/t-digest/core/src/main/java/com/tdunning/math/stats/Centroid.java]]
[parsing completed 5ms]
[parsing started SimpleFileObject[/workdir/t-digest/core/src/main/java/com/tdunning/math/stats/Histogram.java]]
[parsing completed 1ms]
[parsing started SimpleFileObject[/workdir/t-digest/core/src/main/java/com/tdunning/math/stats/TDigest.java]]
[parsing completed 2ms]
[parsing started SimpleFileObject[/workdir/t-digest/core/src/main/java/com/tdunning/math/stats/LogHistogram.java]]
[parsing completed 2ms]
[parsing started SimpleFileObject[/workdir/t-digest/core/src/main/java/com/tdunning/math/stats/MergingDigest.java]]
[parsing completed 11ms]
[parsing started SimpleFileObject[/workdir/t-digest/core/src/main/java/com/tdunning/math/stats/FloatHistogram.java]]
[parsing completed 1ms]
[search path for source files: /workdir/t-digest/core/src/main/java,/workdir/t-digest/core/target/generated-sources/annotations]
[search path for class files: /usr/local/openjdk-11/lib/modules,/workdir/t-digest/core/target/classes,.]
[loading /modules/java.base/java/nio/ByteBuffer.class]
[loading /modules/java.base/java/util/ArrayList.class]
[loading /modules/java.base/java/util/Collections.class]
[loading /modules/java.base/java/util/List.class]
[loading /modules/java.base/java/util/Random.class]
[loading /modules/java.base/java/io/Serializable.class]
[loading /modules/java.base/java/util/Collection.class]
[loading /modules/java.base/java/lang/Object.class]
[loading /modules/java.base/java/io/IOException.class]
[loading /modules/java.base/java/io/ObjectInputStream.class]
[loading /modules/java.base/java/util/concurrent/atomic/AtomicInteger.class]
[loading /modules/java.base/java/lang/Comparable.class]
[loading /modules/java.base/java/lang/Double.class]
[loading /modules/java.base/java/lang/String.class]
[loading /modules/java.base/java/lang/Iterable.class]
[loading /modules/java.base/java/lang/ClassNotFoundException.class]
[loading /modules/java.base/java/lang/Enum.class]
[loading /modules/java.base/java/nio/LongBuffer.class]
[loading /modules/java.base/java/util/Iterator.class]
[loading /modules/java.base/java/util/AbstractCollection.class]
[loading /modules/java.base/java/util/Arrays.class]
[loading /modules/java.base/java/lang/SuppressWarnings.class]
[loading /modules/java.base/java/io/ObjectOutputStream.class]
[loading /modules/java.base/java/lang/Math.class]
[loading /modules/java.base/java/io/InvalidObjectException.class]
[loading /modules/java.base/java/io/ObjectStreamException.class]
[loading /modules/java.base/java/lang/Deprecated.class]
[loading /modules/java.base/java/lang/Override.class]
[loading /modules/java.base/java/lang/annotation/Annotation.class]
[loading /modules/java.base/java/lang/annotation/Target.class]
[loading /modules/java.base/java/lang/annotation/ElementType.class]
[loading /modules/java.base/java/lang/annotation/Retention.class]
[loading /modules/java.base/java/lang/annotation/RetentionPolicy.class]
[checking com.tdunning.math.stats.AbstractTDigest]
[loading /modules/java.base/java/lang/AutoCloseable.class]
[loading /modules/java.base/java/lang/Number.class]
[loading /modules/java.base/java/lang/IllegalArgumentException.class]
[loading /modules/java.base/java/lang/Throwable.class]
[loading /modules/java.base/java/lang/RuntimeException.class]
[loading /modules/java.base/java/lang/Exception.class]
[loading /modules/java.base/java/lang/CharSequence.class]
[loading /modules/java.base/java/lang/Class.class]
[loading /modules/java.base/java/util/Locale.class]
[loading /modules/java.base/java/nio/Buffer.class]
[loading /modules/java.base/java/lang/IllegalStateException.class]
[loading /modules/java.base/java/util/AbstractList.class]
[loading /modules/java.base/java/lang/Error.class]
[checking com.tdunning.math.stats.TDigest]
[loading /modules/java.base/java/lang/reflect/GenericDeclaration.class]
[loading /modules/java.base/java/lang/reflect/AnnotatedElement.class]
[loading /modules/java.base/java/lang/reflect/Type.class]
[loading /modules/java.base/java/lang/AssertionError.class]
[wrote /workdir/t-digest/core/target/classes/com/tdunning/math/stats/AbstractTDigest.class]
[wrote /workdir/t-digest/core/target/classes/com/tdunning/math/stats/TDigest.class]
[checking com.tdunning.math.stats.Centroid]
[loading /modules/java.base/java/lang/Byte.class]
[loading /modules/java.base/java/lang/Character.class]
[loading /modules/java.base/java/lang/Short.class]
[loading /modules/java.base/java/lang/Long.class]
[loading /modules/java.base/java/lang/Float.class]
[loading /modules/java.base/java/lang/Integer.class]
[loading /modules/java.base/java/lang/Boolean.class]
[loading /modules/java.base/java/lang/Void.class]
[loading /modules/java.base/java/lang/ReflectiveOperationException.class]
[loading /modules/java.base/java/io/ObjectInput.class]
[loading /modules/java.base/java/io/DataInput.class]
[loading /modules/java.base/java/io/ObjectStreamConstants.class]
[loading /modules/java.base/java/io/InputStream.class]
[loading /modules/java.base/java/io/Closeable.class]
[loading /modules/java.base/java/lang/StringBuilder.class]
[loading /modules/java.base/java/lang/AbstractStringBuilder.class]
[loading /modules/java.base/java/lang/Appendable.class]
[loading /modules/java.base/java/lang/StringBuffer.class]
[wrote /workdir/t-digest/core/target/classes/com/tdunning/math/stats/Centroid.class]
[checking com.tdunning.math.stats.ScaleFunction]
[loading /modules/java.base/java/lang/CloneNotSupportedException.class]
[wrote /workdir/t-digest/core/target/classes/com/tdunning/math/stats/ScaleFunction$1.class]
[wrote /workdir/t-digest/core/target/classes/com/tdunning/math/stats/ScaleFunction$2.class]
[wrote /workdir/t-digest/core/target/classes/com/tdunning/math/stats/ScaleFunction$3.class]
[wrote /workdir/t-digest/core/target/classes/com/tdunning/math/stats/ScaleFunction$4.class]
[wrote /workdir/t-digest/core/target/classes/com/tdunning/math/stats/ScaleFunction$5.class]
[wrote /workdir/t-digest/core/target/classes/com/tdunning/math/stats/ScaleFunction$6.class]
[wrote /workdir/t-digest/core/target/classes/com/tdunning/math/stats/ScaleFunction$7.class]
[wrote /workdir/t-digest/core/target/classes/com/tdunning/math/stats/ScaleFunction.class]
[checking com.tdunning.math.stats.Sort]
[loading /modules/java.base/java/lang/System.class]
[wrote /workdir/t-digest/core/target/classes/com/tdunning/math/stats/Sort.class]
[checking com.tdunning.math.stats.Simple64]
[wrote /workdir/t-digest/core/target/classes/com/tdunning/math/stats/Simple64.class]
[checking com.tdunning.math.stats.AVLTreeDigest]
[wrote /workdir/t-digest/core/target/classes/com/tdunning/math/stats/AVLTreeDigest.class]
[checking com.tdunning.math.stats.AVLGroupTree]
[loading /modules/java.base/java/util/Spliterator.class]
[loading /modules/java.base/java/util/function/IntFunction.class]
[loading /modules/java.base/java/lang/UnsupportedOperationException.class]
[checking com.tdunning.math.stats.IntAVLTree]
[wrote /workdir/t-digest/core/target/classes/com/tdunning/math/stats/AVLGroupTree$1.class]
[wrote /workdir/t-digest/core/target/classes/com/tdunning/math/stats/AVLGroupTree$2.class]
[wrote /workdir/t-digest/core/target/classes/com/tdunning/math/stats/AVLGroupTree.class]
[wrote /workdir/t-digest/core/target/classes/com/tdunning/math/stats/IntAVLTree$IntStack.class]
[wrote /workdir/t-digest/core/target/classes/com/tdunning/math/stats/IntAVLTree$NodeAllocator.class]
[wrote /workdir/t-digest/core/target/classes/com/tdunning/math/stats/IntAVLTree.class]
[checking com.tdunning.math.stats.Dist]
[wrote /workdir/t-digest/core/target/classes/com/tdunning/math/stats/Dist.class]
[checking com.tdunning.math.stats.Comparison]
[wrote /workdir/t-digest/core/target/classes/com/tdunning/math/stats/Comparison.class]
[checking com.tdunning.math.stats.Histogram]
[wrote /workdir/t-digest/core/target/classes/com/tdunning/math/stats/Histogram.class]
[checking com.tdunning.math.stats.LogHistogram]
[wrote /workdir/t-digest/core/target/classes/com/tdunning/math/stats/LogHistogram.class]
[checking com.tdunning.math.stats.MergingDigest]
[loading /modules/java.base/java/io/PrintStream.class]
[loading /modules/java.base/java/io/FilterOutputStream.class]
[loading /modules/java.base/java/io/OutputStream.class]
[loading /modules/java.base/java/io/Flushable.class]
[wrote /workdir/t-digest/core/target/classes/com/tdunning/math/stats/MergingDigest$1$1.class]
[wrote /workdir/t-digest/core/target/classes/com/tdunning/math/stats/MergingDigest$1.class]
[wrote /workdir/t-digest/core/target/classes/com/tdunning/math/stats/MergingDigest$Encoding.class]
[wrote /workdir/t-digest/core/target/classes/com/tdunning/math/stats/MergingDigest.class]
[checking com.tdunning.math.stats.FloatHistogram]
[loading /modules/java.base/java/io/ObjectOutput.class]
[loading /modules/java.base/java/io/DataOutput.class]
[wrote /workdir/t-digest/core/target/classes/com/tdunning/math/stats/FloatHistogram.class]
[total 783ms]
[INFO] 
[INFO] --- maven-resources-plugin:2.6:testResources (default-testResources) @ t-digest ---
[INFO] Using 'UTF-8' encoding to copy filtered resources.
[INFO] skip non existing resourceDirectory /workdir/t-digest/core/src/test/resources
[INFO] 
[INFO] --- maven-compiler-plugin:3.3:testCompile (default-testCompile) @ t-digest ---
[INFO] Changes detected - recompiling the module!
[INFO] Compiling 23 source files to /workdir/t-digest/core/target/test-classes
[parsing started SimpleFileObject[/workdir/t-digest/core/src/test/java/com/tdunning/math/stats/SerializationTest.java]]
[parsing completed 1ms]
[parsing started SimpleFileObject[/workdir/t-digest/core/src/test/java/com/tdunning/math/stats/BigCountTreeDigest.java]]
[parsing completed 1ms]
[parsing started SimpleFileObject[/workdir/t-digest/core/src/test/java/com/tdunning/math/stats/DigestFactory.java]]
[parsing completed 0ms]
[parsing started SimpleFileObject[/workdir/t-digest/core/src/test/java/com/tdunning/math/stats/LogHistogramTest.java]]
[parsing completed 1ms]
[parsing started SimpleFileObject[/workdir/t-digest/core/src/test/java/com/tdunning/math/stats/AbstractTest.java]]
[parsing completed 0ms]
[parsing started SimpleFileObject[/workdir/t-digest/core/src/test/java/com/tdunning/math/stats/TDigestUtilTest.java]]
[parsing completed 0ms]
[parsing started SimpleFileObject[/workdir/t-digest/core/src/test/java/com/tdunning/math/stats/MegaMergeTest.java]]
[parsing completed 1ms]
[parsing started SimpleFileObject[/workdir/t-digest/core/src/test/java/com/tdunning/math/stats/SortTest.java]]
[parsing completed 3ms]
[parsing started SimpleFileObject[/workdir/t-digest/core/src/test/java/com/tdunning/math/stats/ScaleFunctionTests.java]]
[parsing completed 2ms]
[parsing started SimpleFileObject[/workdir/t-digest/core/src/test/java/com/tdunning/math/stats/AVLGroupTreeTest.java]]
[parsing completed 2ms]
[parsing started SimpleFileObject[/workdir/t-digest/core/src/test/java/com/tdunning/math/stats/ReproduceInfoPrinterRunListener.java]]
[parsing completed 0ms]
[parsing started SimpleFileObject[/workdir/t-digest/core/src/test/java/com/tdunning/math/stats/AlternativeMergeTest.java]]
[parsing completed 1ms]
[parsing started SimpleFileObject[/workdir/t-digest/core/src/test/java/com/tdunning/math/stats/MergingDigestTest.java]]
[parsing completed 1ms]
[parsing started SimpleFileObject[/workdir/t-digest/core/src/test/java/com/tdunning/math/stats/AVLTreeDigestTest.java]]
[parsing completed 0ms]
[parsing started SimpleFileObject[/workdir/t-digest/core/src/test/java/com/tdunning/math/stats/BigCount.java]]
[parsing completed 1ms]
[parsing started SimpleFileObject[/workdir/t-digest/core/src/test/java/com/tdunning/math/stats/FloatHistogramTest.java]]
[parsing completed 0ms]
[parsing started SimpleFileObject[/workdir/t-digest/core/src/test/java/com/tdunning/math/stats/BigCountMergingDigest.java]]
[parsing completed 0ms]
[parsing started SimpleFileObject[/workdir/t-digest/core/src/test/java/com/tdunning/scale/ScaleTest.java]]
[parsing completed 1ms]
[parsing started SimpleFileObject[/workdir/t-digest/core/src/test/java/com/tdunning/math/stats/TDigestSerializationTest.java]]
[parsing completed 1ms]
[parsing started SimpleFileObject[/workdir/t-digest/core/src/test/java/com/tdunning/math/stats/HistogramTestCases.java]]
[parsing completed 2ms]
[parsing started SimpleFileObject[/workdir/t-digest/core/src/test/java/com/tdunning/math/stats/TDigestTest.java]]
[parsing completed 8ms]
[parsing started SimpleFileObject[/workdir/t-digest/core/src/test/java/com/tdunning/math/stats/IntAVLTreeTest.java]]
[parsing completed 1ms]
[parsing started SimpleFileObject[/workdir/t-digest/core/src/test/java/com/tdunning/math/stats/ComparisonTest.java]]
[parsing completed 3ms]
[search path for source files: /workdir/t-digest/core/src/test/java,/workdir/t-digest/core/target/generated-test-sources/test-annotations]
[search path for class files: /usr/local/openjdk-11/lib/modules,/workdir/t-digest/core/target/test-classes,/workdir/t-digest/core/target/classes,/home/maven/.m2/repository/org/apache/mahout/mahout-math/0.9/mahout-math-0.9.jar,/home/maven/.m2/repository/org/apache/commons/commons-math3/3.2/commons-math3-3.2.jar,/home/maven/.m2/repository/org/slf4j/slf4j-api/1.7.5/slf4j-api-1.7.5.jar,/home/maven/.m2/repository/com/carrotsearch/randomizedtesting/randomizedtesting-runner/2.1.11/randomizedtesting-runner-2.1.11.jar,/home/maven/.m2/repository/junit/junit/4.10/junit-4.10.jar,/home/maven/.m2/repository/com/carrotsearch/java-sizeof/0.0.5/java-sizeof-0.0.5.jar,/home/maven/.m2/repository/com/google/guava/guava/29.0-jre/guava-29.0-jre.jar,/home/maven/.m2/repository/com/google/guava/failureaccess/1.0.1/failureaccess-1.0.1.jar,/home/maven/.m2/repository/com/google/guava/listenablefuture/9999.0-empty-to-avoid-conflict-with-guava/listenablefuture-9999.0-empty-to-avoid-conflict-with-guava.jar,/home/maven/.m2/repository/com/google/code/findbugs/jsr305/3.0.2/jsr305-3.0.2.jar,/home/maven/.m2/repository/org/checkerframework/checker-qual/2.11.1/checker-qual-2.11.1.jar,/home/maven/.m2/repository/com/google/errorprone/error_prone_annotations/2.3.4/error_prone_annotations-2.3.4.jar,/home/maven/.m2/repository/com/google/j2objc/j2objc-annotations/1.3/j2objc-annotations-1.3.jar,.]
[loading /home/maven/.m2/repository/junit/junit/4.10/junit-4.10.jar(/org/junit/Test.class)]
[loading /modules/java.base/java/nio/BufferUnderflowException.class]
[loading /modules/java.base/java/nio/ByteBuffer.class]
[loading /modules/java.base/java/util/Iterator.class]
[loading /home/maven/.m2/repository/junit/junit/4.10/junit-4.10.jar(/org/junit/Assert.class)]
[loading /modules/java.base/java/lang/Object.class]
[loading /home/maven/.m2/repository/junit/junit/4.10/junit-4.10.jar(/org/junit/Ignore.class)]
[loading /home/maven/.m2/repository/junit/junit/4.10/junit-4.10.jar(/org/junit/runner/RunWith.class)]
[loading /home/maven/.m2/repository/com/carrotsearch/randomizedtesting/randomizedtesting-runner/2.1.11/randomizedtesting-runner-2.1.11.jar(/com/carrotsearch/randomizedtesting/JUnit3MethodProvider.class)]
[loading /home/maven/.m2/repository/com/carrotsearch/randomizedtesting/randomizedtesting-runner/2.1.11/randomizedtesting-runner-2.1.11.jar(/com/carrotsearch/randomizedtesting/JUnit4MethodProvider.class)]
[loading /home/maven/.m2/repository/com/carrotsearch/randomizedtesting/randomizedtesting-runner/2.1.11/randomizedtesting-runner-2.1.11.jar(/com/carrotsearch/randomizedtesting/RandomizedTest.class)]
[loading /home/maven/.m2/repository/com/carrotsearch/randomizedtesting/randomizedtesting-runner/2.1.11/randomizedtesting-runner-2.1.11.jar(/com/carrotsearch/randomizedtesting/annotations/Listeners.class)]
[loading /home/maven/.m2/repository/com/carrotsearch/randomizedtesting/randomizedtesting-runner/2.1.11/randomizedtesting-runner-2.1.11.jar(/com/carrotsearch/randomizedtesting/annotations/TestMethodProviders.class)]
[loading /workdir/t-digest/core/target/classes/com/tdunning/math/stats/TDigest.class]
[loading /home/maven/.m2/repository/junit/junit/4.10/junit-4.10.jar(/org/junit/Before.class)]
[loading /modules/java.base/java/io/FileNotFoundException.class]
[loading /modules/java.base/java/io/IOException.class]
[loading /modules/java.base/java/nio/LongBuffer.class]
[loading /modules/java.base/java/util/Arrays.class]
[loading /modules/java.base/java/util/Random.class]
[loading /workdir/t-digest/core/target/classes/com/tdunning/math/stats/Histogram.class]
[loading /modules/java.base/java/lang/ClassNotFoundException.class]
[loading /modules/java.base/java/util/List.class]
[loading /home/maven/.m2/repository/com/google/guava/guava/29.0-jre/guava-29.0-jre.jar(/com/google/common/collect/Lists.class)]
[loading /modules/java.base/java/util/ArrayList.class]
[loading /home/maven/.m2/repository/junit/junit/4.10/junit-4.10.jar(/org/junit/Assume.class)]
[loading /modules/java.base/java/lang/InterruptedException.class]
[loading /modules/java.base/java/util/concurrent/ExecutionException.class]
[loading /home/maven/.m2/repository/com/google/guava/guava/29.0-jre/guava-29.0-jre.jar(/com/google/common/collect/HashMultiset.class)]
[loading /home/maven/.m2/repository/com/google/guava/guava/29.0-jre/guava-29.0-jre.jar(/com/google/common/collect/Multiset.class)]
[loading /modules/java.base/java/io/PrintWriter.class]
[loading /modules/java.base/java/util/HashMap.class]
[loading /modules/java.base/java/util/Map.class]
[loading /modules/java.base/java/lang/Math.class]
[loading /home/maven/.m2/repository/org/apache/mahout/mahout-math/0.9/mahout-math-0.9.jar(/org/apache/mahout/common/RandomUtils.class)]
[loading /home/maven/.m2/repository/junit/junit/4.10/junit-4.10.jar(/org/junit/runner/Result.class)]
[loading /home/maven/.m2/repository/junit/junit/4.10/junit-4.10.jar(/org/junit/runner/notification/Failure.class)]
[loading /home/maven/.m2/repository/junit/junit/4.10/junit-4.10.jar(/org/junit/runner/notification/RunListener.class)]
[loading /home/maven/.m2/repository/com/carrotsearch/randomizedtesting/randomizedtesting-runner/2.1.11/randomizedtesting-runner-2.1.11.jar(/com/carrotsearch/randomizedtesting/RandomizedContext.class)]
[loading /modules/java.base/java/io/PrintStream.class]
[loading /modules/java.base/java/io/UnsupportedEncodingException.class]
[loading /home/maven/.m2/repository/junit/junit/4.10/junit-4.10.jar(/junit/framework/Assert.class)]
[loading /home/maven/.m2/repository/com/carrotsearch/randomizedtesting/randomizedtesting-runner/2.1.11/randomizedtesting-runner-2.1.11.jar(/com/carrotsearch/randomizedtesting/annotations/Seed.class)]
[loading /home/maven/.m2/repository/junit/junit/4.10/junit-4.10.jar(/org/junit/BeforeClass.class)]
[loading /modules/java.base/java/util/Collections.class]
[loading /home/maven/.m2/repository/org/apache/mahout/mahout-math/0.9/mahout-math-0.9.jar(/org/apache/mahout/math/jet/random/AbstractContinousDistribution.class)]
[loading /home/maven/.m2/repository/org/apache/mahout/mahout-math/0.9/mahout-math-0.9.jar(/org/apache/mahout/math/jet/random/Gamma.class)]
[loading /home/maven/.m2/repository/org/apache/mahout/mahout-math/0.9/mahout-math-0.9.jar(/org/apache/mahout/math/jet/random/Normal.class)]
[loading /home/maven/.m2/repository/org/apache/mahout/mahout-math/0.9/mahout-math-0.9.jar(/org/apache/mahout/math/jet/random/Uniform.class)]
[loading /modules/java.base/java/util/concurrent/atomic/AtomicInteger.class]
[loading /modules/java.base/java/lang/Integer.class]
[loading /modules/java.base/java/lang/String.class]
[loading /modules/java.base/java/io/ByteArrayInputStream.class]
[loading /modules/java.base/java/io/ByteArrayOutputStream.class]
[loading /modules/java.base/java/io/ObjectInputStream.class]
[loading /modules/java.base/java/io/ObjectOutputStream.class]
[loading /modules/java.base/java/io/Serializable.class]
[loading /workdir/t-digest/core/target/classes/com/tdunning/math/stats/IntAVLTree.class]
[loading /workdir/t-digest/core/target/classes/com/tdunning/math/stats/LogHistogram.class]
[loading /modules/java.base/java/lang/annotation/Retention.class]
[loading /modules/java.base/java/lang/annotation/RetentionPolicy.class]
[loading /modules/java.base/java/lang/annotation/Target.class]
[loading /modules/java.base/java/lang/annotation/ElementType.class]
[loading /modules/java.base/java/lang/Deprecated.class]
[loading /modules/java.base/java/lang/annotation/Annotation.class]
[loading /modules/java.base/java/lang/Class.class]
[loading /home/maven/.m2/repository/com/carrotsearch/randomizedtesting/randomizedtesting-runner/2.1.11/randomizedtesting-runner-2.1.11.jar(/com/carrotsearch/randomizedtesting/TestMethodProvider.class)]
[loading /home/maven/.m2/repository/com/carrotsearch/randomizedtesting/randomizedtesting-runner/2.1.11/randomizedtesting-runner-2.1.11.jar(/com/carrotsearch/randomizedtesting/AnnotatedMethodProvider.class)]
[loading /home/maven/.m2/repository/com/carrotsearch/randomizedtesting/randomizedtesting-runner/2.1.11/randomizedtesting-runner-2.1.11.jar(/com/carrotsearch/randomizedtesting/RandomizedRunner.class)]
[loading /modules/java.base/java/lang/Override.class]
[loading /home/maven/.m2/repository/com/google/guava/guava/29.0-jre/guava-29.0-jre.jar(/com/google/common/annotations/GwtCompatible.class)]
[loading /home/maven/.m2/repository/com/google/errorprone/error_prone_annotations/2.3.4/error_prone_annotations-2.3.4.jar(/com/google/errorprone/annotations/CompatibleWith.class)]
[loading /home/maven/.m2/repository/junit/junit/4.10/junit-4.10.jar(/org/junit/After.class)]
[loading /home/maven/.m2/repository/junit/junit/4.10/junit-4.10.jar(/org/junit/AfterClass.class)]
[loading /modules/java.base/java/lang/SuppressWarnings.class]
[checking com.tdunning.math.stats.SerializationTest]
[loading /modules/java.base/java/lang/AutoCloseable.class]
[loading /workdir/t-digest/core/target/classes/com/tdunning/math/stats/MergingDigest.class]
[loading /workdir/t-digest/core/target/classes/com/tdunning/math/stats/AbstractTDigest.class]
[loading /modules/java.base/java/lang/Comparable.class]
[loading /modules/java.base/java/nio/Buffer.class]
[loading /workdir/t-digest/core/target/classes/com/tdunning/math/stats/Centroid.class]
[loading /modules/java.base/java/util/Collection.class]
[loading /modules/java.base/java/lang/Iterable.class]
[loading /modules/java.base/java/lang/RuntimeException.class]
[loading /modules/java.base/java/lang/Exception.class]
[loading /modules/java.base/java/lang/Throwable.class]
[loading /modules/java.base/java/lang/System.class]
[loading /modules/java.base/java/lang/Appendable.class]
[loading /modules/java.base/java/io/Closeable.class]
[loading /modules/java.base/java/io/FilterOutputStream.class]
[loading /modules/java.base/java/io/OutputStream.class]
[loading /modules/java.base/java/io/Flushable.class]
[loading /modules/java.base/java/lang/Error.class]
[wrote /workdir/t-digest/core/target/test-classes/com/tdunning/math/stats/SerializationTest.class]
[checking com.tdunning.math.stats.BigCountTreeDigest]
[loading /modules/java.base/java/lang/Byte.class]
[loading /modules/java.base/java/lang/Character.class]
[loading /modules/java.base/java/lang/Short.class]
[loading /modules/java.base/java/lang/Long.class]
[loading /modules/java.base/java/lang/Float.class]
[loading /modules/java.base/java/lang/Double.class]
[loading /modules/java.base/java/lang/Boolean.class]
[loading /modules/java.base/java/lang/Void.class]
[loading /modules/java.base/java/lang/IllegalStateException.class]
[loading /workdir/t-digest/core/target/classes/com/tdunning/math/stats/AVLTreeDigest.class]
[checking com.tdunning.math.stats.BigCount]
[checking com.tdunning.math.stats.AbstractTest]
[wrote /workdir/t-digest/core/target/test-classes/com/tdunning/math/stats/BigCountTreeDigest.class]
[loading /modules/java.base/java/lang/StringBuilder.class]
[loading /modules/java.base/java/lang/CharSequence.class]
[loading /modules/java.base/java/lang/AbstractStringBuilder.class]
[loading /modules/java.base/java/lang/StringBuffer.class]
[wrote /workdir/t-digest/core/target/test-classes/com/tdunning/math/stats/BigCount.class]
[wrote /workdir/t-digest/core/target/test-classes/com/tdunning/math/stats/AbstractTest.class]
[checking com.tdunning.math.stats.DigestFactory]
[wrote /workdir/t-digest/core/target/test-classes/com/tdunning/math/stats/DigestFactory.class]
[checking com.tdunning.math.stats.LogHistogramTest]
[loading /modules/java.base/java/io/File.class]
[loading /modules/java.base/java/io/Writer.class]
[loading /modules/java.base/java/util/Locale.class]
[loading /modules/java.base/java/lang/Number.class]
[loading /workdir/t-digest/core/target/classes/com/tdunning/math/stats/Simple64.class]
[loading /modules/java.base/java/lang/ReflectiveOperationException.class]
[loading /modules/java.base/java/io/ObjectOutput.class]
[loading /modules/java.base/java/io/DataOutput.class]
[loading /modules/java.base/java/io/ObjectStreamConstants.class]
[checking com.tdunning.math.stats.HistogramTestCases]
[wrote /workdir/t-digest/core/target/test-classes/com/tdunning/math/stats/LogHistogramTest$1.class]
[wrote /workdir/t-digest/core/target/test-classes/com/tdunning/math/stats/LogHistogramTest.class]
[wrote /workdir/t-digest/core/target/test-classes/com/tdunning/math/stats/HistogramTestCases$HistogramFactory.class]
[loading /modules/java.base/java/io/InputStream.class]
[wrote /workdir/t-digest/core/target/test-classes/com/tdunning/math/stats/HistogramTestCases.class]
[checking com.tdunning.math.stats.TDigestUtilTest]
[loading /modules/java.base/java/util/AbstractList.class]
[loading /modules/java.base/java/util/AbstractCollection.class]
[wrote /workdir/t-digest/core/target/test-classes/com/tdunning/math/stats/TDigestUtilTest.class]
[checking com.tdunning.math.stats.MegaMergeTest]
[loading /modules/java.base/java/lang/Runtime.class]
[loading /modules/java.base/java/util/concurrent/Callable.class]
[loading /modules/java.base/java/util/concurrent/ExecutorService.class]
[loading /modules/java.base/java/util/concurrent/Executors.class]
[loading /modules/java.base/java/util/concurrent/Future.class]
[loading /modules/java.base/java/util/concurrent/Executor.class]
[loading /modules/java.base/java/util/concurrent/TimeoutException.class]
[loading /modules/java.base/java/util/concurrent/TimeUnit.class]
[wrote /workdir/t-digest/core/target/test-classes/com/tdunning/math/stats/MegaMergeTest$1.class]
[wrote /workdir/t-digest/core/target/test-classes/com/tdunning/math/stats/MegaMergeTest.class]
[checking com.tdunning.math.stats.SortTest]
[loading /workdir/t-digest/core/target/classes/com/tdunning/math/stats/Sort.class]
[loading /home/maven/.m2/repository/com/google/guava/guava/29.0-jre/guava-29.0-jre.jar(/com/google/common/collect/AbstractMapBasedMultiset.class)]
[loading /home/maven/.m2/repository/com/google/guava/guava/29.0-jre/guava-29.0-jre.jar(/com/google/common/collect/AbstractMultiset.class)]
[loading /modules/java.base/java/lang/IllegalArgumentException.class]
[loading /modules/java.base/java/lang/reflect/GenericDeclaration.class]
[loading /modules/java.base/java/lang/reflect/AnnotatedElement.class]
[loading /modules/java.base/java/lang/reflect/Type.class]
[loading /modules/java.base/java/lang/AssertionError.class]
[wrote /workdir/t-digest/core/target/test-classes/com/tdunning/math/stats/SortTest.class]
[checking com.tdunning.math.stats.ScaleFunctionTests]
[loading /workdir/t-digest/core/target/classes/com/tdunning/math/stats/ScaleFunction.class]
[loading /modules/java.base/java/lang/Enum.class]
[loading /modules/java.base/java/util/AbstractMap.class]
[wrote /workdir/t-digest/core/target/test-classes/com/tdunning/math/stats/ScaleFunctionTests.class]
[checking com.tdunning.math.stats.AVLGroupTreeTest]
[loading /workdir/t-digest/core/target/classes/com/tdunning/math/stats/AVLGroupTree.class]
[wrote /workdir/t-digest/core/target/test-classes/com/tdunning/math/stats/AVLGroupTreeTest.class]
[checking com.tdunning.math.stats.ReproduceInfoPrinterRunListener]
[wrote /workdir/t-digest/core/target/test-classes/com/tdunning/math/stats/ReproduceInfoPrinterRunListener.class]
[checking com.tdunning.math.stats.AlternativeMergeTest]
[loading /modules/java.base/java/util/Comparator.class]
[wrote /workdir/t-digest/core/target/test-classes/com/tdunning/math/stats/AlternativeMergeTest.class]
[checking com.tdunning.math.stats.MergingDigestTest]
[loading /modules/java.base/java/io/FileWriter.class]
[loading /modules/java.base/java/io/FileDescriptor.class]
[loading /modules/java.base/java/io/OutputStreamWriter.class]
[loading /home/maven/.m2/repository/org/apache/mahout/mahout-math/0.9/mahout-math-0.9.jar(/org/apache/mahout/math/jet/random/AbstractDistribution.class)]
[loading /home/maven/.m2/repository/org/apache/mahout/mahout-math/0.9/mahout-math-0.9.jar(/org/apache/mahout/math/function/IntFunction.class)]
[loading /home/maven/.m2/repository/org/apache/mahout/mahout-math/0.9/mahout-math-0.9.jar(/org/apache/mahout/math/function/DoubleFunction.class)]
[loading /workdir/t-digest/core/target/classes/com/tdunning/math/stats/Dist.class]
[loading /modules/java.base/java/lang/Cloneable.class]
[loading /modules/java.base/java/io/FileOutputStream.class]
[loading /modules/java.base/java/io/StringWriter.class]
[checking com.tdunning.math.stats.TDigestTest]
[wrote /workdir/t-digest/core/target/test-classes/com/tdunning/math/stats/MergingDigestTest$1.class]
[wrote /workdir/t-digest/core/target/test-classes/com/tdunning/math/stats/MergingDigestTest.class]
[wrote /workdir/t-digest/core/target/test-classes/com/tdunning/math/stats/TDigestTest$DigestFactory.class]
[wrote /workdir/t-digest/core/target/test-classes/com/tdunning/math/stats/TDigestTest$1.class]
[wrote /workdir/t-digest/core/target/test-classes/com/tdunning/math/stats/TDigestTest$2.class]
[wrote /workdir/t-digest/core/target/test-classes/com/tdunning/math/stats/TDigestTest$3.class]
[wrote /workdir/t-digest/core/target/test-classes/com/tdunning/math/stats/TDigestTest$4.class]
[wrote /workdir/t-digest/core/target/test-classes/com/tdunning/math/stats/TDigestTest.class]
[checking com.tdunning.math.stats.AVLTreeDigestTest]
[wrote /workdir/t-digest/core/target/test-classes/com/tdunning/math/stats/AVLTreeDigestTest$1.class]
[wrote /workdir/t-digest/core/target/test-classes/com/tdunning/math/stats/AVLTreeDigestTest.class]
[checking com.tdunning.math.stats.FloatHistogramTest]
[loading /workdir/t-digest/core/target/classes/com/tdunning/math/stats/FloatHistogram.class]
[wrote /workdir/t-digest/core/target/test-classes/com/tdunning/math/stats/FloatHistogramTest$1.class]
[wrote /workdir/t-digest/core/target/test-classes/com/tdunning/math/stats/FloatHistogramTest.class]
[checking com.tdunning.math.stats.BigCountMergingDigest]
[wrote /workdir/t-digest/core/target/test-classes/com/tdunning/math/stats/BigCountMergingDigest.class]
[checking com.tdunning.scale.ScaleTest]
[wrote /workdir/t-digest/core/target/test-classes/com/tdunning/scale/ScaleTest$Centroid.class]
[wrote /workdir/t-digest/core/target/test-classes/com/tdunning/scale/ScaleTest$Limit.class]
[wrote /workdir/t-digest/core/target/test-classes/com/tdunning/scale/ScaleTest$StandardLimit.class]
[wrote /workdir/t-digest/core/target/test-classes/com/tdunning/scale/ScaleTest$RootLimit.class]
[wrote /workdir/t-digest/core/target/test-classes/com/tdunning/scale/ScaleTest$LinearLimit.class]
[wrote /workdir/t-digest/core/target/test-classes/com/tdunning/scale/ScaleTest$RootLinearLimit.class]
[wrote /workdir/t-digest/core/target/test-classes/com/tdunning/scale/ScaleTest$PowerLinearLimit.class]
[wrote /workdir/t-digest/core/target/test-classes/com/tdunning/scale/ScaleTest$PiecewiseLinearLimit.class]
[wrote /workdir/t-digest/core/target/test-classes/com/tdunning/scale/ScaleTest.class]
[checking com.tdunning.math.stats.TDigestSerializationTest]
[loading /modules/java.base/java/io/ObjectInput.class]
[loading /modules/java.base/java/io/DataInput.class]
[loading /modules/java.base/java/lang/ClassCastException.class]
[wrote /workdir/t-digest/core/target/test-classes/com/tdunning/math/stats/TDigestSerializationTest.class]
[checking com.tdunning.math.stats.IntAVLTreeTest]
[loading /modules/java.base/java/util/TreeMap.class]
[loading /modules/java.base/java/util/SortedMap.class]
[loading /modules/java.base/java/util/NavigableMap.class]
[loading /modules/java.base/java/util/Map$Entry.class]
[loading /modules/java.base/java/util/Set.class]
[wrote /workdir/t-digest/core/target/test-classes/com/tdunning/math/stats/IntAVLTreeTest$IntBag.class]
[wrote /workdir/t-digest/core/target/test-classes/com/tdunning/math/stats/IntAVLTreeTest.class]
[checking com.tdunning.math.stats.ComparisonTest]
[loading /workdir/t-digest/core/target/classes/com/tdunning/math/stats/Comparison.class]
[wrote /workdir/t-digest/core/target/test-classes/com/tdunning/math/stats/ComparisonTest$Detector.class]
[wrote /workdir/t-digest/core/target/test-classes/com/tdunning/math/stats/ComparisonTest$TdigestDetector.class]
[wrote /workdir/t-digest/core/target/test-classes/com/tdunning/math/stats/ComparisonTest$LogHistogramDetector.class]
[wrote /workdir/t-digest/core/target/test-classes/com/tdunning/math/stats/ComparisonTest$1.class]
[wrote /workdir/t-digest/core/target/test-classes/com/tdunning/math/stats/ComparisonTest.class]
[total 418ms]
[INFO] /workdir/t-digest/core/src/test/java/com/tdunning/math/stats/TDigestSerializationTest.java: /workdir/t-digest/core/src/test/java/com/tdunning/math/stats/TDigestSerializationTest.java uses unchecked or unsafe operations.
[INFO] /workdir/t-digest/core/src/test/java/com/tdunning/math/stats/TDigestSerializationTest.java: Recompile with -Xlint:unchecked for details.
[INFO] 
[INFO] --- maven-surefire-plugin:2.18.1:test (default-test) @ t-digest ---
[INFO] Tests are skipped.
[INFO] 
[INFO] --- junit4-maven-plugin:2.1.11:junit4 (tests) @ t-digest ---
WARNING: An illegal reflective access operation has occurred
WARNING: Illegal reflective access by org.dom4j.io.SAXContentHandler (file:/home/maven/.m2/repository/dom4j/dom4j/1.6.1/dom4j-1.6.1.jar) to method com.sun.org.apache.xerces.internal.parsers.AbstractSAXParser$LocatorProxy.getEncoding()
WARNING: Please consider reporting this to the maintainers of org.dom4j.io.SAXContentHandler
WARNING: Use --illegal-access=warn to enable warnings of further illegal reflective access operations
WARNING: All illegal access operations will be denied in a future release
[INFO] <JUnit4> says ahoj! Master seed: BBAEE65C12C960CF
Executing 16 suites with 1 JVM.

Started J0 PID(18610@605b8309f1f8).
Suite: com.tdunning.math.stats.TDigestTest
Suite: com.tdunning.math.stats.SerializationTest
Completed in 0.01s, 1 test

Suite: com.tdunning.math.stats.FloatHistogramTest
  1> Checking χ^2 = 165.4331 ± 17.8 against expected 165.4000 ± 18.0
Completed in 2.80s, 6 tests

Suite: com.tdunning.math.stats.AlternativeMergeTest
Completed in 0.47s, 1 test

Suite: com.tdunning.math.stats.TDigestUtilTest
Completed in 0.05s, 1 test

Suite: com.tdunning.math.stats.ComparisonTest
  1> 269.36142 0.63952
Completed in 17.97s, 5 tests

Suite: com.tdunning.scale.ScaleTest
  1> Failed 1 times (up to 5 acceptable)
IGNOR/A 0.03s | ScaleTest.testGrowth
   > Assumption #1: got: <false>, expected: is <true>
Completed in 0.03s, 1 test, 1 skipped

Suite: com.tdunning.math.stats.LogHistogramTest
  1> Checking χ^2 = 146.4067 ± 16.5 against expected 146.0000 ± 17.0
Completed in 1.81s, 8 tests

Suite: com.tdunning.math.stats.IntAVLTreeTest
Completed in 0.24s, 2 tests

Suite: com.tdunning.math.stats.TDigestSerializationTest
Completed in 0.13s, 2 tests

Suite: com.tdunning.math.stats.AVLTreeDigestTest
  1> # 0.746757us per point
  1> # 380 centroids
  1> # 0.269213us per point
  1> # 616 centroids
  1> # big 404 bytes
  1> # small 205 bytes
  1> delta, q, x1, x2, q1, q2, error_x, error_q
  1> 20,0.500000,50.500261,50.500198,0.500001,0.500064,0.000126,0.000126
  1> 20,0.900000,50.899485,50.899467,0.900001,0.900018,0.000183,0.000178
  1> 20,0.990000,50.990076,50.989912,0.990001,0.990163,0.016401,0.016207
  1> 20,0.999000,50.998989,50.998992,0.999001,0.998997,0.002932,0.003406
  1> 20,0.999900,50.999888,50.999900,0.999901,0.999888,0.120950,0.124890
  1> 20,0.999990,50.999992,50.999991,0.999991,0.999992,0.158085,0.106700
  1> 20,0.999999,51.000000,51.000000,1.000000,1.000000,0.000000,0.000000
  1> 50,0.500000,50.499233,50.499322,0.500001,0.499912,0.000178,0.000178
  1> 50,0.900000,50.899947,50.899956,0.900001,0.899991,0.000094,0.000098
  1> 50,0.990000,50.990024,50.989996,0.990001,0.990028,0.002774,0.002737
  1> 50,0.999000,50.998996,50.998995,0.999001,0.999001,0.001114,0.000611
  1> 50,0.999900,50.999895,50.999897,0.999901,0.999899,0.012178,0.017151
  1> 50,0.999990,50.999990,50.999987,0.999991,0.999993,0.343839,0.293087
  1> 50,0.999999,50.999996,50.999996,1.000000,1.000000,0.000000,0.000000
  1> 100,0.500000,50.500632,50.500680,0.500001,0.499952,0.000096,0.000096
  1> 100,0.900000,50.900158,50.900150,0.900001,0.900008,0.000082,0.000077
  1> 100,0.990000,50.990142,50.990133,0.990001,0.990009,0.000885,0.000845
  1> 100,0.999000,50.999001,50.999016,0.999001,0.998985,0.014805,0.015536
  1> 100,0.999900,50.999906,50.999902,0.999901,0.999904,0.035210,0.030760
  1> 100,0.999990,50.999993,50.999991,0.999991,0.999993,0.274542,0.228829
  1> 100,0.999999,51.000000,51.000000,1.000000,1.000000,0.000000,0.000000
  1> 200,0.500000,50.499825,50.499809,0.500001,0.500016,0.000032,0.000031
  1> 200,0.900000,50.900180,50.900185,0.900001,0.899995,0.000049,0.000057
  1> 200,0.990000,50.990013,50.989993,0.990001,0.990020,0.001998,0.001939
  1> 200,0.999000,50.999032,50.999010,0.999001,0.999022,0.022169,0.021870
  1> 200,0.999900,50.999922,50.999902,0.999901,0.999921,0.204393,0.201246
  1> 200,0.999990,50.999995,50.999991,0.999991,0.999994,0.374708,0.328106
  1> 200,0.999999,51.000000,51.000000,1.000000,1.000000,0.000000,0.000000
  1> # 0.237155us per point
  1> # 178 centroids
  1> # 0.265555us per point
  1> # 312 centroids
  1> i, q, mean, count, dk
  1> 0,0.0000005,-4.4516825,1,1.0000000
  1> 1,0.0000015,-4.4407751,1,1.0000000
  1> 2,0.0000025,-4.4325338,1,1.0000000
  1> 3,0.0000035,-4.4156580,1,1.0000000
  1> 4,0.0000045,-4.4065527,1,1.0000000
  1> 5,0.0000055,-4.3933716,1,1.0000000
  1> 6,0.0000065,-4.3331727,1,1.0000000
  1> 7,0.0000075,-4.3310606,1,1.0000000
  1> 8,0.0000085,-4.2794550,1,1.0000000
  1> 9,0.0000095,-4.2735380,1,1.0000000
  1> 10,0.0000105,-4.2653104,1,1.0000000
  1> 11,0.0000115,-4.2480609,1,1.0000000
  1> 12,0.0000130,-4.1790956,2,0.8192796
  1> 13,0.0000150,-4.1629740,2,0.7096937
  1> 14,0.0000175,-4.1373134,3,0.9133534
  1> 15,0.0000205,-4.1107381,3,0.7791736
  1> 16,0.0000235,-4.0807051,3,0.6794156
  1> 17,0.0000270,-4.0588003,4,0.7888333
  1> 18,0.0000310,-4.0266202,4,0.6867465
  1> 19,0.0000355,-3.9695833,5,0.7498210
  1> 20,0.0000415,-3.9387465,7,0.8986320
  1> 21,0.0000485,-3.8975667,7,0.7684471
  1> 22,0.0000550,-3.8634896,6,0.5803965
  1> 23,0.0000620,-3.8368790,8,0.6867678
  1> 24,0.0000715,-3.7965804,11,0.8193274
  1> 25,0.0000825,-3.7662161,11,0.7097415
  1> 26,0.0000950,-3.7233229,14,0.7847196
  1> 27,0.0001090,-3.6821034,14,0.6836408
  1> 28,0.0001265,-3.6345518,21,0.8844332
  1> 29,0.0001460,-3.5985032,18,0.6561680
  1> 30,0.0001660,-3.5713509,22,0.7055122
  1> 31,0.0001895,-3.5370965,25,0.7023040
  1> 32,0.0002140,-3.5077128,24,0.5967978
  1> 33,0.0002425,-3.4810108,33,0.7245360
  1> 34,0.0002760,-3.4512319,34,0.6557235
  1> 35,0.0003140,-3.4229093,42,0.7121732
  1> 36,0.0003600,-3.3873048,50,0.7396126
  1> 37,0.0004070,-3.3572760,44,0.5753597
  1> 38,0.0004600,-3.3285962,62,0.7177500
  1> 39,0.0005190,-3.2987824,56,0.5743133
  1> 40,0.0005820,-3.2622435,70,0.6403730
  1> 41,0.0006570,-3.2170320,80,0.6483779
  1> 42,0.0007455,-3.1785661,97,0.6930146
  1> 43,0.0008425,-3.1399598,97,0.6130967
  1> 44,0.0009530,-3.1053438,124,0.6931659
  1> 45,0.0010775,-3.0727892,125,0.6179157
  1> 46,0.0012295,-3.0350938,179,0.7760823
  1> 47,0.0014380,-2.9881196,238,0.8829112
  1> 48,0.0016905,-2.9352318,267,0.8425888
  1> 49,0.0019515,-2.8828902,255,0.6968173
  1> 50,0.0022065,-2.8424307,255,0.6162538
  1> 51,0.0024980,-2.8031302,328,0.7006035
  1> 52,0.0028510,-2.7611360,378,0.7077032
  1> 53,0.0032320,-2.7206166,384,0.6342447
  1> 54,0.0036520,-2.6826028,456,0.6669100
  1> 55,0.0041460,-2.6413570,532,0.6857443
  1> 56,0.0047225,-2.5993951,621,0.7032027
  1> 57,0.0053530,-2.5554176,640,0.6396025
  1> 58,0.0060785,-2.5117362,811,0.7144881
  1> 59,0.0070130,-2.4607554,1058,0.8089828
  1> 60,0.0081740,-2.4040166,1264,0.8302686
  1> 61,0.0095875,-2.3443010,1563,0.8767463
  1> 62,0.0112085,-2.2851964,1679,0.8066488
  1> 63,0.0131085,-2.2242730,2121,0.8732470
  1> 64,0.0154780,-2.1574763,2618,0.9152358
  1> 65,0.0178445,-2.1001385,2115,0.6421063
  1> 66,0.0205790,-2.0419912,3354,0.8863286
  1> 67,0.0241065,-1.9744708,3701,0.8377187
  1> 68,0.0282435,-1.9064071,4573,0.8874236
  1> 69,0.0327430,-1.8413865,4426,0.7438289
  1> 70,0.0373310,-1.7798639,4750,0.7033851
  1> 71,0.0423145,-1.7216962,5217,0.6850426
  1> 72,0.0482055,-1.6596221,6565,0.7615813
  1> 73,0.0554390,-1.5911389,7902,0.8032836
  1> 74,0.0644935,-1.5155123,10207,0.9008803
  1> 75,0.0747340,-1.4391726,10274,0.7908067
  1> 76,0.0850395,-1.3693885,10337,0.7068756
  1> 77,0.0968965,-1.2970992,13377,0.8136155
  1> 78,0.1107730,-1.2206915,14376,0.7766345
  1> 79,0.1275960,-1.1369205,19270,0.9215785
  1> 80,0.1464850,-1.0502417,18508,0.7876490
  1> 81,0.1674980,-0.9622161,23518,0.8976080
  1> 82,0.1921885,-0.8685359,25863,0.8864622
  1> 83,0.2173130,-0.7806875,24386,0.7626279
  1> 84,0.2418975,-0.7000488,24783,0.7187425
  1> 85,0.2675965,-0.6201055,26615,0.7221909
  1> 86,0.2955270,-0.5376507,29246,0.7470582
  1> 87,0.3297380,-0.4407147,39176,0.9429123
  1> 88,0.3654610,-0.3441260,32270,0.7399359
  1> 89,0.4032745,-0.2455258,43357,0.9582790
  1> 90,0.4430360,-0.1438284,36166,0.7793229
  1> 91,0.4812650,-0.0476305,40292,0.8582363
  1> 92,0.5216825,0.0542294,40543,0.8640021
  1> 93,0.5606475,0.1534541,37387,0.8070798
  1> 94,0.5971730,0.2467997,35664,0.7883407
  1> 95,0.6313345,0.3363351,32659,0.7461173
  1> 96,0.6660690,0.4295263,36810,0.8802401
  1> 97,0.6993175,0.5232725,29687,0.7508124
  1> 98,0.7283000,0.6086975,28278,0.7600296
  1> 99,0.7566965,0.6972484,28515,0.8238983
  1> 100,0.7840240,0.7872343,26140,0.8212528
  1> 101,0.8081195,0.8724569,22051,0.7564756
  1> 102,0.8295690,0.9544828,20848,0.7845096
  1> 103,0.8500050,1.0377497,20024,0.8357685
  1> 104,0.8688755,1.1218389,17717,0.8275745
  1> 105,0.8858995,1.2060922,16331,0.8599666
  1> 106,0.9016250,1.2917492,15120,0.9076033
  1> 107,0.9149995,1.3719454,11629,0.7957978
  1> 108,0.9257785,1.4443036,9929,0.7690434
  1> 109,0.9349075,1.5110970,8329,0.7283322
  1> 110,0.9436685,1.5842778,9193,0.9210432
  1> 111,0.9518175,1.6595632,7105,0.8248084
  1> 112,0.9586515,1.7315576,6563,0.8817379
  1> 113,0.9645850,1.8025351,5304,0.8266884
  1> 114,0.9695085,1.8700084,4543,0.8182278
  1> 115,0.9736815,1.9340190,3803,0.7900723
  1> 116,0.9771980,1.9942854,3230,0.7716836
  1> 117,0.9803565,2.0557452,3087,0.8536767
  1> 118,0.9832320,2.1189640,2664,0.8605551
  1> 119,0.9856250,2.1807951,2122,0.7974180
  1> 120,0.9875390,2.2373819,1706,0.7379454
  1> 121,0.9891805,2.2923215,1577,0.7844989
  1> 122,0.9905475,2.3433238,1157,0.6575525
  1> 123,0.9916155,2.3883132,979,0.6265176
  1> 124,0.9926925,2.4395401,1175,0.8627140
  1> 125,0.9936885,2.4932079,817,0.6933044
  1> 126,0.9944095,2.5330677,625,0.5981300
  1> 127,0.9951335,2.5805775,823,0.9053491
  1> 128,0.9958785,2.6387639,667,0.8655494
  1> 129,0.9965105,2.6948452,597,0.9146802
  1> 130,0.9969865,2.7445071,355,0.6287101
  1> 131,0.9973395,2.7821575,351,0.7040627
  1> 132,0.9976560,2.8227266,282,0.6416751
  1> 133,0.9979195,2.8614143,245,0.6278928
  1> 134,0.9981635,2.9025162,243,0.7055510
  1> 135,0.9983855,2.9458025,201,0.6635930
  1> 136,0.9985705,2.9814470,169,0.6299568
  1> 137,0.9987560,3.0267566,202,0.8659812
  1> 138,0.9989310,3.0693865,148,0.7377751
  1> 139,0.9990670,3.1081592,124,0.7080540
  1> 140,0.9991760,3.1407691,94,0.6074506
  1> 141,0.9992700,3.1805252,94,0.6858102
  1> 142,0.9993535,3.2128616,73,0.6011433
  1> 143,0.9994275,3.2535298,75,0.6976498
  1> 144,0.9995015,3.2886331,73,0.7800687
  1> 145,0.9995665,3.3303851,57,0.7001349
  1> 146,0.9996200,3.3704361,50,0.7005837
  1> 147,0.9996660,3.4072607,42,0.6694252
  1> 148,0.9997060,3.4402454,38,0.6880984
  1> 149,0.9997460,3.4809164,42,0.8810472
  1> 150,0.9997840,3.5272347,34,0.8384921
  1> 151,0.9998145,3.5788385,27,0.7750859
  1> 152,0.9998410,3.6275582,26,0.8711576
  1> 153,0.9998635,3.6724245,19,0.7410779
  1> 154,0.9998820,3.7045231,18,0.8123945
  1> 155,0.9998980,3.7406855,14,0.7306954
  1> 156,0.9999105,3.7629918,11,0.6540894
  1> 157,0.9999220,3.7844010,12,0.8193328
  1> 158,0.9999330,3.8270128,10,0.7947737
  1> 159,0.9999415,3.8606149,7,0.6367480
  1> 160,0.9999485,3.8977339,7,0.7235427
  1> 161,0.9999545,3.9356961,5,0.5846514
  1> 162,0.9999595,3.9734605,5,0.6570012
  1> 163,0.9999650,4.0366040,6,0.9133693
  1> 164,0.9999705,4.0668194,5,0.9029938
  1> 165,0.9999750,4.0898259,4,0.8521989
  1> 166,0.9999785,4.0967263,3,0.7428127
  1> 167,0.9999815,4.1175714,3,0.8637599
  1> 168,0.9999840,4.1286140,2,0.6652187
  1> 169,0.9999860,4.1546536,2,0.7605527
  1> 170,0.9999880,4.2164170,2,0.8878577
  1> 171,0.9999895,4.2691878,1,1.0000000
  1> 172,0.9999905,4.3111524,1,1.0000000
  1> 173,0.9999915,4.3388895,1,1.0000000
  1> 174,0.9999925,4.3403536,1,1.0000000
  1> 175,0.9999935,4.3607044,1,1.0000000
  1> 176,0.9999945,4.3675830,1,1.0000000
  1> 177,0.9999955,4.4009251,1,1.0000000
  1> 178,0.9999965,4.4854806,1,1.0000000
  1> 179,0.9999975,4.6044282,1,1.0000000
  1> 180,0.9999985,4.6985045,1,1.0000000
  1> 181,0.9999995,4.7049829,1,1.0000000
  1> Starting 0,100
  1> Starting 0,10
  1> Starting 0,10000
  1> Starting 1,10
  1> Starting 0,1000
  1> Starting 1,100
  1>                    0,10 (5 live threads, 19 pending tasks)
  1> Starting 1,1000
  1>                    1,10 (5 live threads, 18 pending tasks)
  1> Starting 1,10000
  1>                    1,100 (5 live threads, 17 pending tasks)
  1> Starting 2,10
  1>                    0,100 (5 live threads, 16 pending tasks)
  1>                    2,10 (4 live threads, 15 pending tasks)
  1> Starting 2,1000
  1> Starting 2,100
  1>                    2,100 (5 live threads, 14 pending tasks)
  1> Starting 2,10000
  1>                    1,1000 (5 live threads, 13 pending tasks)
  1> Starting 3,10
  1>                    3,10 (5 live threads, 12 pending tasks)
  1> Starting 3,100
  1>                    3,100 (5 live threads, 11 pending tasks)
  1> Starting 3,1000
  1>                    0,1000 (5 live threads, 10 pending tasks)
  1> Starting 3,10000
  1>                    2,1000 (5 live threads, 9 pending tasks)
  1> Starting 4,10
  1>                    4,10 (5 live threads, 8 pending tasks)
  1> Starting 4,100
  1>                    4,100 (5 live threads, 7 pending tasks)
  1> Starting 4,1000
  1>                    3,1000 (5 live threads, 6 pending tasks)
  1> Starting 4,10000
  1>                    4,1000 (5 live threads, 5 pending tasks)
  1>                    2,10000 (4 live threads, 4 pending tasks)
  1>                    0,10000 (3 live threads, 3 pending tasks)
  1>                    1,10000 (2 live threads, 2 pending tasks)
  1>                    3,10000 (1 live threads, 1 pending tasks)
  1>                    4,10000 (0 live threads, 0 pending tasks)
Completed in 24.85s, 30 tests

Suite: com.tdunning.math.stats.AVLGroupTreeTest
Completed in 0.07s, 5 tests

Suite: com.tdunning.math.stats.AbstractTest
Suite: com.tdunning.math.stats.MegaMergeTest
IGNOR/A 0.01s | MegaMergeTest.megaMerge
   > Assumption #1: got: <false>, expected: is <true>
IGNOR/A 0.01s | MegaMergeTest.testLargeMerge
   > Assumption #1: got: <false>, expected: is <true>
Completed in 0.01s, 2 tests, 2 skipped

Suite: com.tdunning.math.stats.MergingDigestTest
  1> # 0.821766us per point
  1> # 64 centroids
  1> # 0.162034us per point
  1> # 226 centroids
  1> # big 944 bytes
  1> # small 486 bytes
  1> # 0.106237us per point
  1> # 138 centroids
  1> delta, q, x1, x2, q1, q2, error_x, error_q
  1> 20,0.500000,50.499912,50.499708,0.500001,0.500205,0.000409,0.000409
  1> 20,0.900000,50.899586,50.898911,0.900001,0.900687,0.006752,0.006860
  1> 20,0.990000,50.989895,50.987012,0.990001,0.992219,0.288234,0.221858
  1> 20,0.999000,50.998965,50.998702,0.999001,0.999202,0.262569,0.201649
  1> 20,0.999900,50.999890,50.999871,0.999901,0.999914,0.185260,0.137630
  1> 20,0.999990,50.999994,50.999988,0.999991,0.999994,0.557436,0.379164
  1> 20,0.999999,51.000000,51.000000,1.000000,1.000000,0.000000,0.000000
  1> 50,0.500000,50.501527,50.501336,0.500001,0.500192,0.000382,0.000382
  1> 50,0.900000,50.900144,50.900060,0.900001,0.900083,0.000840,0.000828
  1> 50,0.990000,50.990029,50.988340,0.990001,0.991470,0.168897,0.146952
  1> 50,0.999000,50.998939,50.998830,0.999001,0.999093,0.108409,0.092248
  1> 50,0.999900,50.999902,50.999882,0.999901,0.999917,0.195371,0.162147
  1> 50,0.999990,50.999990,50.999987,0.999991,0.999992,0.282803,0.191949
  1> 50,0.999999,50.999998,50.999998,1.000000,1.000000,0.000000,0.000000
  1> 100,0.500000,50.500091,50.500090,0.500001,0.500002,0.000003,0.000002
  1> 100,0.900000,50.899950,50.900023,0.900001,0.899926,0.000737,0.000748
  1> 100,0.990000,50.990045,50.989766,0.990001,0.990310,0.027817,0.030962
  1> 100,0.999000,50.998983,50.998827,0.999001,0.999133,0.156492,0.132889
  1> 100,0.999900,50.999909,50.999883,0.999901,0.999923,0.267181,0.222737
  1> 100,0.999990,50.999994,50.999988,0.999991,0.999995,0.594021,0.456324
  1> 100,0.999999,50.999999,50.999999,1.000000,1.000000,0.000000,0.000000
  1> 200,0.500000,50.499178,50.499212,0.500001,0.499965,0.000069,0.000071
  1> 200,0.900000,50.899761,50.899690,0.900001,0.900069,0.000707,0.000684
  1> 200,0.990000,50.990040,50.989952,0.990001,0.990090,0.008831,0.008903
  1> 200,0.999000,50.998942,50.998819,0.999001,0.999104,0.123104,0.103626
  1> 200,0.999900,50.999898,50.999883,0.999901,0.999913,0.152449,0.123947
  1> 200,0.999990,50.999994,50.999989,0.999991,0.999994,0.464230,0.342664
  1> 200,0.999999,51.000000,51.000000,1.000000,1.000000,0.000000,0.000000
  1> # 0.218538us per point
  1> # 65 centroids
  1> # 0.231450us per point
  1> # 118 centroids
  1> i, q, mean, count, dk
  1> 0,0.0000005,-4.7080679,1,1.0000000
  1> 1,0.0000015,-4.5641907,1,1.0000000
  1> 2,0.0000025,-4.5338215,1,1.0000000
  1> 3,0.0000035,-4.4140325,1,1.0000000
  1> 4,0.0000045,-4.3434371,1,1.0000000
  1> 5,0.0000055,-4.3287957,1,1.0000000
  1> 6,0.0000065,-4.3148047,1,1.0000000
  1> 7,0.0000075,-4.2992537,1,1.0000000
  1> 8,0.0000085,-4.2733730,1,1.0000000
  1> 9,0.0000095,-4.2673572,1,1.0000000
  1> 10,0.0000105,-4.2543155,1,1.0000000
  1> 11,0.0000120,-4.2379711,2,0.8878577
  1> 12,0.0000140,-4.2080457,2,0.7605527
  1> 13,0.0000160,-4.1661881,2,0.6652187
  1> 14,0.0000185,-4.1342728,3,0.8637599
  1> 15,0.0000215,-4.0772164,3,0.7428127
  1> 16,0.0000245,-4.0283588,3,0.6516140
  1> 17,0.0000280,-3.9994613,4,0.7605634
  1> 18,0.0000320,-3.9730787,4,0.6652294
  1> 19,0.0000365,-3.9283336,5,0.7292133
  1> 20,0.0000420,-3.8862847,6,0.7605740
  1> 21,0.0000485,-3.8492755,7,0.7684471
  1> 22,0.0000550,-3.8242804,6,0.5803965
  1> 23,0.0000620,-3.7998935,8,0.6867678
  1> 24,0.0000710,-3.7699290,10,0.7498476
  1> 25,0.0000820,-3.7411675,12,0.7792214
  1> 26,0.0000960,-3.7159523,16,0.8879321
  1> 27,0.0001120,-3.6720077,16,0.7606271
  1> 28,0.0001310,-3.6351186,22,0.8947734
  1> 29,0.0001500,-3.5904256,16,0.5675278
  1> 30,0.0001700,-3.5444150,24,0.7516921
  1> 31,0.0001990,-3.5097093,34,0.9104434
  1> 32,0.0002345,-3.4718326,37,0.8405141
  1> 33,0.0002700,-3.4360156,34,0.6703293
  1> 34,0.0003080,-3.4058682,42,0.7260851
  1> 35,0.0003500,-3.3691246,42,0.6387577
  1> 36,0.0003950,-3.3368554,48,0.6468921
  1> 37,0.0004505,-3.3090480,63,0.7447859
  1> 38,0.0005085,-3.2764046,53,0.5547283
  1> 39,0.0005745,-3.2437855,79,0.7324080
  1> 40,0.0006670,-3.1988735,106,0.8469676
  1> 41,0.0007770,-3.1503923,114,0.7817768
  1> 42,0.0008805,-3.1131276,93,0.5623686
  1> 43,0.0010000,-3.0730453,146,0.7781098
  1> 44,0.0011435,-3.0335908,141,0.6569184
  1> 45,0.0012940,-2.9995899,160,0.6588441
  1> 46,0.0014915,-2.9615723,235,0.8403756
  1> 47,0.0017030,-2.9220314,188,0.5883089
  1> 48,0.0019200,-2.8851820,246,0.6831933
  1> 49,0.0021865,-2.8460022,287,0.7001441
  1> 50,0.0024865,-2.8060185,313,0.6715699
  1> 51,0.0028650,-2.7618831,444,0.8276647
  1> 52,0.0033540,-2.7094740,534,0.8508151
  1> 53,0.0038515,-2.6627475,461,0.6393598
  1> 54,0.0043415,-2.6216468,519,0.6388722
  1> 55,0.0050255,-2.5715797,849,0.9045414
  1> 56,0.0057875,-2.5209131,675,0.6241727
  1> 57,0.0064975,-2.4787916,745,0.6140383
  1> 58,0.0073065,-2.4363129,873,0.6404488
  1> 59,0.0082340,-2.3945641,982,0.6398583
  1> 60,0.0094390,-2.3443528,1428,0.8132510
  1> 61,0.0110280,-2.2851157,1750,0.8545592
  1> 62,0.0127755,-2.2280482,1745,0.7364624
  1> 63,0.0148000,-2.1703800,2304,0.8414800
  1> 64,0.0171210,-2.1117880,2338,0.7395390
  1> 65,0.0196965,-2.0554220,2813,0.7755797
  1> 66,0.0226755,-1.9960044,3145,0.7554190
  1> 67,0.0260525,-1.9385371,3609,0.7571133
  1> 68,0.0298010,-1.8802779,3888,0.7156727
  1> 69,0.0339330,-1.8223137,4376,0.7104139
  1> 70,0.0389695,-1.7595247,5697,0.8098609
  1> 71,0.0449430,-1.6938225,6250,0.7750678
  1> 72,0.0512675,-1.6319319,6399,0.7000728
  1> 73,0.0581835,-1.5697901,7433,0.7218326
  1> 74,0.0664210,-1.5015325,9042,0.7760983
  1> 75,0.0758205,-1.4312633,9757,0.7409853
  1> 76,0.0860065,-1.3632847,10615,0.7185084
  1> 77,0.0976740,-1.2915478,12720,0.7680356
  1> 78,0.1119175,-1.2131154,15767,0.8443440
  1> 79,0.1282950,-1.1310274,16988,0.8083511
  1> 80,0.1451255,-1.0543324,16673,0.7149237
  1> 81,0.1635665,-0.9773831,20209,0.7858985
  1> 82,0.1846675,-0.8954277,21993,0.7770776
  1> 83,0.2069260,-0.8146269,22524,0.7300362
  1> 84,0.2313955,-0.7313967,26415,0.7900358
  1> 85,0.2599045,-0.6402221,30603,0.8463140
  1> 86,0.2919060,-0.5446634,33400,0.8595143
  1> 87,0.3251310,-0.4502334,33050,0.8010425
  1> 88,0.3583855,-0.3594744,33459,0.7737618
  1> 89,0.3962270,-0.2602466,42224,0.9387313
  1> 90,0.4344960,-0.1619745,34314,0.7425344
  1> 91,0.4698785,-0.0722747,36451,0.7780822
  1> 92,0.5063525,0.0188432,36497,0.7763569
  1> 93,0.5430360,0.1111561,36870,0.7900379
  1> 94,0.5835955,0.2140157,44249,0.9684622
  1> 95,0.6271620,0.3273802,42884,0.9755293
  1> 96,0.6645420,0.4278994,31876,0.7603781
  1> 97,0.6964645,0.5166173,31969,0.8042753
  1> 98,0.7277495,0.6081007,30601,0.8215174
  1> 99,0.7560470,0.6953790,25994,0.7495847
  1> 100,0.7814550,0.7792812,24822,0.7731190
  1> 101,0.8058205,0.8645705,23909,0.8129239
  1> 102,0.8287420,0.9506607,21934,0.8222918
  1> 103,0.8495540,1.0360758,19690,0.8197582
  1> 104,0.8674290,1.1164523,16060,0.7430316
  1> 105,0.8826355,1.1909731,14353,0.7371999
  1> 106,0.8963415,1.2624479,13059,0.7478752
  1> 107,0.9087265,1.3345301,11711,0.7513462
  1> 108,0.9197570,1.4051069,10350,0.7462706
  1> 109,0.9301420,1.4782378,10420,0.8537575
  1> 110,0.9399900,1.5561359,9276,0.8756089
  1> 111,0.9482265,1.6300481,7197,0.7803288
  1> 112,0.9551010,1.6995064,6552,0.8134051
  1> 113,0.9613745,1.7697596,5995,0.8596942
  1> 114,0.9669895,1.8405629,5235,0.8733866
  1> 115,0.9716915,1.9079173,4169,0.8069233
  1> 116,0.9755605,1.9709087,3569,0.7969587
  1> 117,0.9790030,2.0351644,3316,0.8590935
  1> 118,0.9817145,2.0929968,2107,0.6244907
  1> 119,0.9840725,2.1469570,2609,0.8866227
  1> 120,0.9862260,2.2056170,1698,0.6651591
  1> 121,0.9878155,2.2530995,1481,0.6547592
  1> 122,0.9894470,2.3073876,1782,0.9091689
  1> 123,0.9909320,2.3636618,1188,0.7036535
  1> 124,0.9921620,2.4173768,1272,0.8712218
  1> 125,0.9933020,2.4728981,1008,0.8067358
  1> 126,0.9942715,2.5275311,931,0.8706388
  1> 127,0.9951395,2.5868594,805,0.8865493
  1> 128,0.9957795,2.6390509,475,0.6013187
  1> 129,0.9962520,2.6796121,470,0.6698508
  1> 130,0.9967330,2.7293861,492,0.8045227
  1> 131,0.9972125,2.7825520,467,0.8949761
  1> 132,0.9975935,2.8304626,295,0.6538935
  1> 133,0.9978715,2.8701824,261,0.6539088
  1> 134,0.9981540,2.9164175,304,0.8788363
  1> 135,0.9984320,2.9639569,252,0.8573398
  1> 136,0.9986320,3.0045852,148,0.5763347
  1> 137,0.9987875,3.0373181,163,0.7164211
  1> 138,0.9989470,3.0799509,156,0.7896420
  1> 139,0.9990800,3.1197898,110,0.6368005
  1> 140,0.9991815,3.1572876,93,0.6050182
  1> 141,0.9992705,3.1945895,85,0.6204165
  1> 142,0.9993595,3.2305711,93,0.7735482
  1> 143,0.9994520,3.2756488,92,0.8948474
  1> 144,0.9995365,3.3186813,77,0.8853699
  1> 145,0.9995995,3.3531285,49,0.6513149
  1> 146,0.9996440,3.3867842,40,0.5980026
  1> 147,0.9996845,3.4229646,41,0.6918544
  1> 148,0.9997215,3.4564293,33,0.6306662
  1> 149,0.9997535,3.4886936,31,0.6694315
  1> 150,0.9997830,3.5158670,28,0.6868741
  1> 151,0.9998100,3.5550034,26,0.7285549
  1> 152,0.9998365,3.5944545,27,0.8798078
  1> 153,0.9998585,3.6256602,17,0.6393786
  1> 154,0.9998760,3.6665723,18,0.7729475
  1> 155,0.9998915,3.7055892,13,0.6376203
  1> 156,0.9999035,3.7501323,11,0.6065397
  1> 157,0.9999150,3.7842390,12,0.7516283
  1> 158,0.9999260,3.8187322,10,0.7193556
  1> 159,0.9999355,3.8511263,9,0.7428446
  1> 160,0.9999435,3.8813566,7,0.6593433
  1> 161,0.9999505,3.9056158,7,0.7528712
  1> 162,0.9999570,3.9253230,6,0.7428286
  1> 163,0.9999630,3.9530074,6,0.8637758
  1> 164,0.9999680,3.9862763,4,0.6652294
  1> 165,0.9999720,4.0157325,4,0.7605634
  1> 166,0.9999760,4.0451516,4,0.8878683
  1> 167,0.9999795,4.0644190,3,0.7791736
  1> 168,0.9999825,4.0845212,3,0.9133534
  1> 169,0.9999850,4.1063503,2,0.7096937
  1> 170,0.9999870,4.1226832,2,0.8192796
  1> 171,0.9999885,4.1513256,1,1.0000000
  1> 172,0.9999895,4.1530395,1,1.0000000
  1> 173,0.9999905,4.1681882,1,1.0000000
  1> 174,0.9999915,4.1905131,1,1.0000000
  1> 175,0.9999925,4.1912038,1,1.0000000
  1> 176,0.9999935,4.1957163,1,1.0000000
  1> 177,0.9999945,4.2796094,1,1.0000000
  1> 178,0.9999955,4.2931954,1,1.0000000
  1> 179,0.9999965,4.3072395,1,1.0000000
  1> 180,0.9999975,4.3147354,1,1.0000000
  1> 181,0.9999985,4.5295595,1,1.0000000
  1> 182,0.9999995,5.0490759,1,1.0000000
  1>    q	 estimated	    actual	 error_cdf	   error_q
  1> ====	==========	==========	==========	==========
  1> 0.01	      0.00	      0.00	      0.00	      0.04
  1> 0.05	      0.00	      0.00	      0.00	      0.00
  1> 0.10	      2.77	      0.00	      2.77	      0.05
  1> 0.25	     17.46	     20.00	      2.54	      0.03
  1> 0.50	     39.95	     40.00	      0.05	      0.00
  1> 0.75	     62.63	     60.00	      2.63	      0.03
  1> 0.90	     76.75	     80.00	      3.25	      0.06
  1> 0.95	     80.00	     80.00	      0.00	      0.01
  1> 0.99	     80.00	     80.00	      0.00	      0.03
  1> Starting 0,10
  1> Starting 0,100
  1> Starting 0,1000
  1> Starting 0,10000
  1> Starting 1,10
  1> Starting 1,100
  1>                    0,10 (5 live threads, 19 pending tasks)
  1> Starting 1,1000
  1>                    1,10 (5 live threads, 18 pending tasks)
  1> Starting 1,10000
  1>                    1,100 (5 live threads, 17 pending tasks)
  1> Starting 2,10
  1>                    2,10 (5 live threads, 16 pending tasks)
  1> Starting 2,100
  1>                    0,100 (5 live threads, 15 pending tasks)
  1> Starting 2,1000
  1>                    2,100 (5 live threads, 14 pending tasks)
  1> Starting 2,10000
  1>                    1,1000 (5 live threads, 13 pending tasks)
  1> Starting 3,10
  1>                    3,10 (5 live threads, 12 pending tasks)
  1> Starting 3,100
  1>                    3,100 (5 live threads, 11 pending tasks)
  1> Starting 3,1000
  1>                    0,1000 (5 live threads, 10 pending tasks)
  1> Starting 3,10000
  1>                    2,1000 (5 live threads, 9 pending tasks)
  1> Starting 4,10
  1>                    4,10 (5 live threads, 8 pending tasks)
  1> Starting 4,100
  1>                    4,100 (5 live threads, 7 pending tasks)
  1> Starting 4,1000
  1>                    3,1000 (5 live threads, 6 pending tasks)
  1> Starting 4,10000
  1>                    4,1000 (5 live threads, 5 pending tasks)
  1>                    0,10000 (4 live threads, 4 pending tasks)
  1>                    1,10000 (3 live threads, 3 pending tasks)
  1>                    3,10000 (2 live threads, 2 pending tasks)
  1>                    2,10000 (1 live threads, 1 pending tasks)
  1>                    4,10000 (0 live threads, 0 pending tasks)
Completed in 13.41s, 30 tests

Suite: com.tdunning.math.stats.SortTest
Completed in 0.05s, 11 tests

[INFO] JVM J0:     0.39 ..    63.02 =    62.63s
[INFO] Execution time total: 1 minute 3 seconds
[INFO] Tests summary: 16 suites, 105 tests, 3 ignored (3 assumptions)
[INFO] 
[INFO] -------------------< com.tdunning:t-digest-quality >--------------------
[INFO] Building t-digest-quality 3.3-SNAPSHOT                             [3/4]
[INFO] --------------------------------[ jar ]---------------------------------
[INFO] 
[INFO] --- maven-resources-plugin:2.6:resources (default-resources) @ t-digest-quality ---
[WARNING] Using platform encoding (UTF-8 actually) to copy filtered resources, i.e. build is platform dependent!
[INFO] skip non existing resourceDirectory /workdir/t-digest/quality/src/main/resources
[INFO] 
[INFO] --- maven-compiler-plugin:3.3:compile (default-compile) @ t-digest-quality ---
[INFO] No sources to compile
[INFO] 
[INFO] --- maven-resources-plugin:2.6:testResources (default-testResources) @ t-digest-quality ---
[WARNING] Using platform encoding (UTF-8 actually) to copy filtered resources, i.e. build is platform dependent!
[INFO] skip non existing resourceDirectory /workdir/t-digest/quality/src/test/resources
[INFO] 
[INFO] --- maven-compiler-plugin:3.3:testCompile (default-testCompile) @ t-digest-quality ---
[INFO] Nothing to compile - all classes are up to date
[INFO] 
[INFO] --- maven-surefire-plugin:2.12.4:test (default-test) @ t-digest-quality ---
[INFO] Surefire report directory: /workdir/t-digest/quality/target/surefire-reports

-------------------------------------------------------
 T E S T S
-------------------------------------------------------
Running com.tdunning.tdigest.quality.SinglePassTest
0
1
2
3
4
5
6
7
8
9
10
11
12
13
14
15
16
17
18
19
20
21
22
23
24
25
26
27
28
29
30
31
32
33
34
35
36
37
38
39
40
41
42
43
44
45
46
47
48
49
Tests run: 1, Failures: 0, Errors: 0, Skipped: 0, Time elapsed: 131.005 sec
Running com.tdunning.tdigest.quality.ComparisonTest
Tests run: 2, Failures: 0, Errors: 0, Skipped: 0, Time elapsed: 68.482 sec
Running com.tdunning.tdigest.quality.AccuracyTest
Starting 0
Starting 1
Starting 2
Starting 3
Starting 4
Starting 5
    Finishing 6
Starting 6
    Finishing 3
Starting 7
    Finishing 1
Starting 8
    Finishing 5
Starting 9
    Finishing 2
Starting 10
    Finishing 4
Starting 11
    Finishing 7
Starting 12
    Finishing 12
Starting 13
    Finishing 9
Starting 14
    Finishing 8
Starting 15
    Finishing 11
Starting 16
    Finishing 10
Starting 17
    Finishing 14
Starting 18
    Finishing 13
Starting 19
    Finishing 15
    Finishing 17
    Finishing 18
    Finishing 16
    Finishing 19
    Finishing 20
java.lang.ArrayIndexOutOfBoundsException: Index 1010 out of bounds for length 1010
	at com.tdunning.math.stats.MergingDigest.merge(MergingDigest.java:453)
	at com.tdunning.math.stats.MergingDigest.mergeNewValues(MergingDigest.java:363)
	at com.tdunning.math.stats.MergingDigest.mergeNewValues(MergingDigest.java:353)
	at com.tdunning.math.stats.MergingDigest.add(MergingDigest.java:259)
	at com.tdunning.math.stats.MergingDigest.add(MergingDigest.java:251)
	at com.tdunning.math.stats.AbstractTDigest.add(AbstractTDigest.java:131)
	at com.tdunning.tdigest.quality.AccuracyTest.lambda$testAccuracyVersusCompression$1(AccuracyTest.java:290)
	at java.base/java.util.concurrent.FutureTask.run(FutureTask.java:264)
	at java.base/java.util.concurrent.ThreadPoolExecutor.runWorker(ThreadPoolExecutor.java:1128)
	at java.base/java.util.concurrent.ThreadPoolExecutor$Worker.run(ThreadPoolExecutor.java:628)
	at java.base/java.lang.Thread.run(Thread.java:834)
java.lang.ArrayIndexOutOfBoundsException: Index 2010 out of bounds for length 2010
	at com.tdunning.math.stats.MergingDigest.merge(MergingDigest.java:453)
	at com.tdunning.math.stats.MergingDigest.mergeNewValues(MergingDigest.java:363)
	at com.tdunning.math.stats.MergingDigest.mergeNewValues(MergingDigest.java:353)
	at com.tdunning.math.stats.MergingDigest.add(MergingDigest.java:259)
	at com.tdunning.math.stats.MergingDigest.add(MergingDigest.java:251)
	at com.tdunning.math.stats.AbstractTDigest.add(AbstractTDigest.java:131)
	at com.tdunning.tdigest.quality.AccuracyTest.lambda$testAccuracyVersusCompression$1(AccuracyTest.java:290)
	at java.base/java.util.concurrent.FutureTask.run(FutureTask.java:264)
	at java.base/java.util.concurrent.ThreadPoolExecutor.runWorker(ThreadPoolExecutor.java:1128)
	at java.base/java.util.concurrent.ThreadPoolExecutor$Worker.run(ThreadPoolExecutor.java:628)
	at java.base/java.lang.Thread.run(Thread.java:834)
java.lang.ArrayIndexOutOfBoundsException: Index 2010 out of bounds for length 2010
	at com.tdunning.math.stats.MergingDigest.merge(MergingDigest.java:453)
	at com.tdunning.math.stats.MergingDigest.mergeNewValues(MergingDigest.java:363)
	at com.tdunning.math.stats.MergingDigest.mergeNewValues(MergingDigest.java:353)
	at com.tdunning.math.stats.MergingDigest.add(MergingDigest.java:259)
	at com.tdunning.math.stats.MergingDigest.add(MergingDigest.java:251)
	at com.tdunning.math.stats.AbstractTDigest.add(AbstractTDigest.java:131)
	at com.tdunning.tdigest.quality.AccuracyTest.lambda$testAccuracyVersusCompression$1(AccuracyTest.java:290)
	at java.base/java.util.concurrent.FutureTask.run(FutureTask.java:264)
	at java.base/java.util.concurrent.ThreadPoolExecutor.runWorker(ThreadPoolExecutor.java:1128)
	at java.base/java.util.concurrent.ThreadPoolExecutor$Worker.run(ThreadPoolExecutor.java:628)
	at java.base/java.lang.Thread.run(Thread.java:834)
java.lang.ArrayIndexOutOfBoundsException: Index 1010 out of bounds for length 1010
	at com.tdunning.math.stats.MergingDigest.merge(MergingDigest.java:453)
	at com.tdunning.math.stats.MergingDigest.mergeNewValues(MergingDigest.java:363)
	at com.tdunning.math.stats.MergingDigest.mergeNewValues(MergingDigest.java:353)
	at com.tdunning.math.stats.MergingDigest.add(MergingDigest.java:259)
	at com.tdunning.math.stats.MergingDigest.add(MergingDigest.java:251)
	at com.tdunning.math.stats.AbstractTDigest.add(AbstractTDigest.java:131)
	at com.tdunning.tdigest.quality.AccuracyTest.lambda$testAccuracyVersusCompression$1(AccuracyTest.java:290)
	at java.base/java.util.concurrent.FutureTask.run(FutureTask.java:264)
	at java.base/java.util.concurrent.ThreadPoolExecutor.runWorker(ThreadPoolExecutor.java:1128)
	at java.base/java.util.concurrent.ThreadPoolExecutor$Worker.run(ThreadPoolExecutor.java:628)
	at java.base/java.lang.Thread.run(Thread.java:834)
java.lang.ArrayIndexOutOfBoundsException: Index 1010 out of bounds for length 1010
	at com.tdunning.math.stats.MergingDigest.merge(MergingDigest.java:453)
	at com.tdunning.math.stats.MergingDigest.mergeNewValues(MergingDigest.java:363)
	at com.tdunning.math.stats.MergingDigest.mergeNewValues(MergingDigest.java:353)
	at com.tdunning.math.stats.MergingDigest.add(MergingDigest.java:259)
	at com.tdunning.math.stats.MergingDigest.add(MergingDigest.java:251)
	at com.tdunning.math.stats.AbstractTDigest.add(AbstractTDigest.java:131)
	at com.tdunning.tdigest.quality.AccuracyTest.lambda$testAccuracyVersusCompression$1(AccuracyTest.java:290)
	at java.base/java.util.concurrent.FutureTask.run(FutureTask.java:264)
	at java.base/java.util.concurrent.ThreadPoolExecutor.runWorker(ThreadPoolExecutor.java:1128)
	at java.base/java.util.concurrent.ThreadPoolExecutor$Worker.run(ThreadPoolExecutor.java:628)
	at java.base/java.lang.Thread.run(Thread.java:834)
java.lang.ArrayIndexOutOfBoundsException: Index 1010 out of bounds for length 1010
	at com.tdunning.math.stats.MergingDigest.merge(MergingDigest.java:453)
	at com.tdunning.math.stats.MergingDigest.mergeNewValues(MergingDigest.java:363)
	at com.tdunning.math.stats.MergingDigest.mergeNewValues(MergingDigest.java:353)
	at com.tdunning.math.stats.MergingDigest.add(MergingDigest.java:259)
	at com.tdunning.math.stats.MergingDigest.add(MergingDigest.java:251)
	at com.tdunning.math.stats.AbstractTDigest.add(AbstractTDigest.java:131)
	at com.tdunning.tdigest.quality.AccuracyTest.lambda$testAccuracyVersusCompression$1(AccuracyTest.java:290)
	at java.base/java.util.concurrent.FutureTask.run(FutureTask.java:264)
	at java.base/java.util.concurrent.ThreadPoolExecutor.runWorker(ThreadPoolExecutor.java:1128)
	at java.base/java.util.concurrent.ThreadPoolExecutor$Worker.run(ThreadPoolExecutor.java:628)
	at java.base/java.lang.Thread.run(Thread.java:834)
java.lang.ArrayIndexOutOfBoundsException: Index 1010 out of bounds for length 1010
	at com.tdunning.math.stats.MergingDigest.merge(MergingDigest.java:453)
	at com.tdunning.math.stats.MergingDigest.mergeNewValues(MergingDigest.java:363)
	at com.tdunning.math.stats.MergingDigest.mergeNewValues(MergingDigest.java:353)
	at com.tdunning.math.stats.MergingDigest.add(MergingDigest.java:259)
	at com.tdunning.math.stats.MergingDigest.add(MergingDigest.java:251)
	at com.tdunning.math.stats.AbstractTDigest.add(AbstractTDigest.java:131)
	at com.tdunning.tdigest.quality.AccuracyTest.lambda$testAccuracyVersusCompression$1(AccuracyTest.java:290)
	at java.base/java.util.concurrent.FutureTask.run(FutureTask.java:264)
	at java.base/java.util.concurrent.ThreadPoolExecutor.runWorker(ThreadPoolExecutor.java:1128)
	at java.base/java.util.concurrent.ThreadPoolExecutor$Worker.run(ThreadPoolExecutor.java:628)
	at java.base/java.lang.Thread.run(Thread.java:834)
java.lang.ArrayIndexOutOfBoundsException
java.lang.ArrayIndexOutOfBoundsException
java.lang.ArrayIndexOutOfBoundsException
java.lang.ArrayIndexOutOfBoundsException
java.lang.ArrayIndexOutOfBoundsException
java.lang.ArrayIndexOutOfBoundsException
java.lang.ArrayIndexOutOfBoundsException
java.lang.ArrayIndexOutOfBoundsException
java.lang.ArrayIndexOutOfBoundsException
java.lang.ArrayIndexOutOfBoundsException
java.lang.ArrayIndexOutOfBoundsException
java.lang.ArrayIndexOutOfBoundsException
java.lang.ArrayIndexOutOfBoundsException
java.lang.ArrayIndexOutOfBoundsException
java.lang.ArrayIndexOutOfBoundsException
java.lang.ArrayIndexOutOfBoundsException
java.lang.ArrayIndexOutOfBoundsException
java.lang.ArrayIndexOutOfBoundsException
java.lang.ArrayIndexOutOfBoundsException
java.lang.ArrayIndexOutOfBoundsException
java.lang.ArrayIndexOutOfBoundsException
java.lang.ArrayIndexOutOfBoundsException
java.lang.ArrayIndexOutOfBoundsException
java.lang.ArrayIndexOutOfBoundsException
java.lang.ArrayIndexOutOfBoundsException
java.lang.ArrayIndexOutOfBoundsException
java.lang.ArrayIndexOutOfBoundsException
java.lang.ArrayIndexOutOfBoundsException
java.lang.ArrayIndexOutOfBoundsException
java.lang.ArrayIndexOutOfBoundsException
java.lang.ArrayIndexOutOfBoundsException
java.lang.ArrayIndexOutOfBoundsException
java.lang.ArrayIndexOutOfBoundsException
java.lang.ArrayIndexOutOfBoundsException
java.lang.ArrayIndexOutOfBoundsException
java.lang.ArrayIndexOutOfBoundsException
java.lang.ArrayIndexOutOfBoundsException
java.lang.ArrayIndexOutOfBoundsException
java.lang.ArrayIndexOutOfBoundsException
java.lang.ArrayIndexOutOfBoundsException
java.lang.ArrayIndexOutOfBoundsException
java.lang.ArrayIndexOutOfBoundsException
43, 1, 40.68, 0.025
1, 1, 6.59, 0.152
3, 2, 6.63, 0.302
6, 3, 6.75, 0.444
4, 4, 6.84, 0.585
0, 5, 7.12, 0.702
5, 6, 7.26, 0.826
2, 7, 7.26, 0.964
7, 8, 7.27, 1.101
10, 9, 11.27, 0.799
8, 10, 11.51, 0.869
11, 11, 11.88, 0.926
9, 12, 12.11, 0.991
13, 13, 12.13, 1.072
12, 14, 12.15, 1.152
14, 15, 12.31, 1.218
15, 16, 12.31, 1.299
16, 17, 14.23, 1.195
17, 18, 14.29, 1.260
18, 19, 14.49, 1.311
19, 20, 14.64, 1.366
Tests run: 4, Failures: 0, Errors: 0, Skipped: 0, Time elapsed: 90.413 sec

Results :

Tests run: 7, Failures: 0, Errors: 0, Skipped: 0

[INFO] 
[INFO] ------------------< com.tdunning:t-digest-benchmark >-------------------
[INFO] Building t-digest-benchmark 3.3-SNAPSHOT                           [4/4]
[INFO] --------------------------------[ jar ]---------------------------------
[INFO] 
[INFO] --- maven-resources-plugin:2.6:resources (default-resources) @ t-digest-benchmark ---
[WARNING] Using platform encoding (UTF-8 actually) to copy filtered resources, i.e. build is platform dependent!
[INFO] skip non existing resourceDirectory /workdir/t-digest/benchmark/src/main/resources
[INFO] 
[INFO] --- maven-compiler-plugin:3.0:compile (default-compile) @ t-digest-benchmark ---
[INFO] Changes detected - recompiling the module!
[WARNING] File encoding has not been set, using platform encoding UTF-8, i.e. build is platform dependent!
[INFO] Compiling 6 source files to /workdir/t-digest/benchmark/target/classes
[INFO] 
[INFO] --- maven-resources-plugin:2.6:testResources (default-testResources) @ t-digest-benchmark ---
[WARNING] Using platform encoding (UTF-8 actually) to copy filtered resources, i.e. build is platform dependent!
[INFO] skip non existing resourceDirectory /workdir/t-digest/benchmark/src/test/resources
[INFO] 
[INFO] --- maven-compiler-plugin:3.0:testCompile (default-testCompile) @ t-digest-benchmark ---
[INFO] No sources to compile
[INFO] 
[INFO] --- maven-surefire-plugin:2.12.4:test (default-test) @ t-digest-benchmark ---
[INFO] No tests to run.
[INFO] ------------------------------------------------------------------------
[INFO] Reactor Summary for T-digest Parent 3.3-SNAPSHOT:
[INFO] 
[INFO] T-digest Parent .................................... SUCCESS [  0.095 s]
[INFO] T-Digest ........................................... SUCCESS [01:05 min]
[INFO] t-digest-quality ................................... SUCCESS [04:50 min]
[INFO] t-digest-benchmark ................................. SUCCESS [  0.550 s]
[INFO] ------------------------------------------------------------------------
[INFO] BUILD SUCCESS
[INFO] ------------------------------------------------------------------------
[INFO] Total time:  05:56 min
[INFO] Finished at: 2021-02-14T21:28:23Z
[INFO] ------------------------------------------------------------------------
