[INFO] Scanning for projects...
[INFO] ------------------------------------------------------------------------
[INFO] Reactor Build Order:
[INFO] 
[INFO] T-digest Parent                                                    [pom]
[INFO] T-Digest                                                           [jar]
[INFO] t-digest-quality                                                   [jar]
[INFO] t-digest-benchmark                                                 [jar]
[INFO] 
[INFO] --------------------< com.tdunning:t-digest-parent >--------------------
[INFO] Building T-digest Parent 3.3-SNAPSHOT                              [1/4]
[INFO] --------------------------------[ pom ]---------------------------------
[INFO] 
[INFO] -----------------------< com.tdunning:t-digest >------------------------
[INFO] Building T-Digest 3.3-SNAPSHOT                                     [2/4]
[INFO] --------------------------------[ jar ]---------------------------------
[INFO] 
[INFO] --- maven-resources-plugin:2.6:resources (default-resources) @ t-digest ---
[INFO] Using 'UTF-8' encoding to copy filtered resources.
[INFO] skip non existing resourceDirectory /workdir/t-digest/core/src/main/resources
[INFO] 
[INFO] --- maven-compiler-plugin:3.3:compile (default-compile) @ t-digest ---
[INFO] Nothing to compile - all classes are up to date
[INFO] 
[INFO] --- maven-resources-plugin:2.6:testResources (default-testResources) @ t-digest ---
[INFO] Using 'UTF-8' encoding to copy filtered resources.
[INFO] skip non existing resourceDirectory /workdir/t-digest/core/src/test/resources
[INFO] 
[INFO] --- maven-compiler-plugin:3.3:testCompile (default-testCompile) @ t-digest ---
[INFO] Nothing to compile - all classes are up to date
[INFO] 
[INFO] --- maven-surefire-plugin:2.18.1:test (default-test) @ t-digest ---
[INFO] Tests are skipped.
[INFO] 
[INFO] --- junit4-maven-plugin:2.1.11:junit4 (tests) @ t-digest ---
WARNING: An illegal reflective access operation has occurred
WARNING: Illegal reflective access by org.dom4j.io.SAXContentHandler (file:/home/maven/.m2/repository/dom4j/dom4j/1.6.1/dom4j-1.6.1.jar) to method com.sun.org.apache.xerces.internal.parsers.AbstractSAXParser$LocatorProxy.getEncoding()
WARNING: Please consider reporting this to the maintainers of org.dom4j.io.SAXContentHandler
WARNING: Use --illegal-access=warn to enable warnings of further illegal reflective access operations
WARNING: All illegal access operations will be denied in a future release
[INFO] <JUnit4> says ahoj! Master seed: 452016130BAA4504
Executing 16 suites with 1 JVM.

Started J0 PID(20342@605b8309f1f8).
Suite: com.tdunning.math.stats.TDigestSerializationTest
Completed in 0.13s, 2 tests

Suite: com.tdunning.math.stats.MergingDigestTest
  1> # 0.526705us per point
  1> # 118 centroids
  1> delta, q, x1, x2, q1, q2, error_x, error_q
  1> 20,0.500000,50.499268,50.499305,0.500001,0.499963,0.000073,0.000074
  1> 20,0.900000,50.899460,50.899766,0.900001,0.899691,0.003064,0.003093
  1> 20,0.990000,50.989959,50.988168,0.990001,0.991514,0.179151,0.151363
  1> 20,0.999000,50.999011,50.998816,0.999001,0.999165,0.194903,0.164226
  1> 20,0.999900,50.999898,50.999881,0.999901,0.999914,0.165637,0.134991
  1> 20,0.999990,50.999989,50.999988,0.999991,0.999991,0.119983,0.051406
  1> 20,0.999999,50.999998,50.999998,1.000000,1.000000,0.000000,0.000000
  1> 50,0.500000,50.500050,50.499911,0.500001,0.500139,0.000278,0.000276
  1> 50,0.900000,50.899793,50.899929,0.900001,0.899864,0.001361,0.001365
  1> 50,0.990000,50.989996,50.988642,0.990001,0.991485,0.135419,0.148447
  1> 50,0.999000,50.998987,50.998816,0.999001,0.999144,0.170283,0.143387
  1> 50,0.999900,50.999894,50.999881,0.999901,0.999911,0.126333,0.101750
  1> 50,0.999990,50.999992,50.999988,0.999991,0.999993,0.360699,0.254787
  1> 50,0.999999,50.999999,50.999999,1.000000,1.000000,0.000000,0.000000
  1> 100,0.500000,50.499090,50.499055,0.500001,0.500034,0.000069,0.000067
  1> 100,0.900000,50.899953,50.899944,0.900001,0.900009,0.000092,0.000087
  1> 100,0.990000,50.990110,50.989860,0.990001,0.990273,0.025034,0.027240
  1> 100,0.999000,50.999061,50.998835,0.999001,0.999194,0.225738,0.193248
  1> 100,0.999900,50.999911,50.999884,0.999901,0.999924,0.274644,0.230724
  1> 100,0.999990,50.999990,50.999989,0.999991,0.999991,0.112252,0.046345
  1> 100,0.999999,50.999999,50.999999,1.000000,1.000000,0.000000,0.000000
  1> 200,0.500000,50.500326,50.500284,0.500001,0.500043,0.000084,0.000085
  1> 200,0.900000,50.899660,50.899776,0.900001,0.899884,0.001155,0.001161
  1> 200,0.990000,50.989973,50.989876,0.990001,0.990096,0.009679,0.009591
  1> 200,0.999000,50.999014,50.998830,0.999001,0.999158,0.184250,0.157060
  1> 200,0.999900,50.999897,50.999882,0.999901,0.999913,0.148317,0.121832
  1> 200,0.999990,50.999984,50.999988,0.999991,0.999987,0.332807,0.334597
  1> 200,0.999999,50.999998,50.999998,1.000000,1.000000,0.000000,0.000000
  1> # 0.154766us per point
  1> # 226 centroids
  1> # 0.059732us per point
  1> # 145 centroids
  1> # 0.550487us per point
  1> # 64 centroids
  1> # big 944 bytes
  1> # small 486 bytes
  1> Starting 0,10
  1> Starting 0,100
  1> Starting 0,10000
  1> Starting 0,1000
  1> Starting 1,10
  1> Starting 1,100
  1>                    1,10 (5 live threads, 19 pending tasks)
  1> Starting 1,1000
  1>                    0,10 (5 live threads, 18 pending tasks)
  1> Starting 1,10000
  1>                    0,100 (5 live threads, 17 pending tasks)
  1> Starting 2,10
  1>                    2,10 (5 live threads, 16 pending tasks)
  1> Starting 2,100
  1>                    1,100 (5 live threads, 15 pending tasks)
  1> Starting 2,1000
  1>                    2,100 (5 live threads, 14 pending tasks)
  1> Starting 2,10000
  1>                    0,1000 (5 live threads, 13 pending tasks)
  1> Starting 3,10
  1>                    3,10 (5 live threads, 12 pending tasks)
  1> Starting 3,100
  1>                    3,100 (5 live threads, 11 pending tasks)
  1> Starting 3,1000
  1>                    1,1000 (5 live threads, 10 pending tasks)
  1> Starting 3,10000
  1>                    2,1000 (5 live threads, 9 pending tasks)
  1> Starting 4,10
  1>                    4,10 (5 live threads, 8 pending tasks)
  1> Starting 4,100
  1>                    4,100 (5 live threads, 7 pending tasks)
  1> Starting 4,1000
  1>                    3,1000 (5 live threads, 6 pending tasks)
  1> Starting 4,10000
  1>                    4,1000 (5 live threads, 5 pending tasks)
  1>                    1,10000 (4 live threads, 4 pending tasks)
  1>                    0,10000 (3 live threads, 3 pending tasks)
  1>                    3,10000 (2 live threads, 2 pending tasks)
  1>                    2,10000 (1 live threads, 1 pending tasks)
  1>                    4,10000 (0 live threads, 0 pending tasks)
  1> i, q, mean, count, dk
  1> 0,0.0000005,-4.7079402,1,1.0000000
  1> 1,0.0000015,-4.6105693,1,1.0000000
  1> 2,0.0000025,-4.5964105,1,1.0000000
  1> 3,0.0000035,-4.5354495,1,1.0000000
  1> 4,0.0000045,-4.4620557,1,1.0000000
  1> 5,0.0000055,-4.4250921,1,1.0000000
  1> 6,0.0000065,-4.4022112,1,1.0000000
  1> 7,0.0000075,-4.3831247,1,1.0000000
  1> 8,0.0000085,-4.3361489,1,1.0000000
  1> 9,0.0000095,-4.3316621,1,1.0000000
  1> 10,0.0000105,-4.3244245,1,1.0000000
  1> 11,0.0000120,-4.2978356,2,0.8878577
  1> 12,0.0000140,-4.2490069,2,0.7605527
  1> 13,0.0000160,-4.2301905,2,0.6652187
  1> 14,0.0000185,-4.1625772,3,0.8637599
  1> 15,0.0000215,-4.1199282,3,0.7428127
  1> 16,0.0000245,-4.0518814,3,0.6516140
  1> 17,0.0000275,-4.0263353,3,0.5803805
  1> 18,0.0000310,-3.9916791,4,0.6867465
  1> 19,0.0000355,-3.9603235,5,0.7498210
  1> 20,0.0000405,-3.9287164,5,0.6570012
  1> 21,0.0000470,-3.8929112,8,0.9068708
  1> 22,0.0000540,-3.8600569,6,0.5911659
  1> 23,0.0000615,-3.8322667,9,0.7792055
  1> 24,0.0000715,-3.8024731,11,0.8193274
  1> 25,0.0000840,-3.7764468,14,0.8879215
  1> 26,0.0000985,-3.7414753,15,0.8109988
  1> 27,0.0001130,-3.6983240,14,0.6593805
  1> 28,0.0001295,-3.6550758,19,0.7812714
  1> 29,0.0001500,-3.6152144,22,0.7810123
  1> 30,0.0001735,-3.5754321,25,0.7672730
  1> 31,0.0002020,-3.5283858,32,0.8438747
  1> 32,0.0002350,-3.4889125,34,0.7704657
  1> 33,0.0002690,-3.4550653,34,0.6728272
  1> 34,0.0003055,-3.4250534,39,0.6796070
  1> 35,0.0003500,-3.3900776,50,0.7608079
  1> 36,0.0004020,-3.3542783,54,0.7152822
  1> 37,0.0004620,-3.3186417,66,0.7608930
  1> 38,0.0005385,-3.2697663,87,0.8609846
  1> 39,0.0006225,-3.2342973,81,0.6929640
  1> 40,0.0007185,-3.1887601,111,0.8232937
  1> 41,0.0008335,-3.1395924,119,0.7607173
  1> 42,0.0009535,-3.0984256,121,0.6759947
  1> 43,0.0010870,-3.0563693,146,0.7156986
  1> 44,0.0012420,-3.0137842,164,0.7036788
  1> 45,0.0014325,-2.9667026,217,0.8077930
  1> 46,0.0016615,-2.9247413,241,0.7735384
  1> 47,0.0019285,-2.8839631,293,0.8105938
  1> 48,0.0022035,-2.8431183,257,0.6219438
  1> 49,0.0025360,-2.8011884,408,0.8590763
  1> 50,0.0028980,-2.7557245,316,0.5817813
  1> 51,0.0032735,-2.7183657,435,0.7096107
  1> 52,0.0037310,-2.6768319,480,0.6872556
  1> 53,0.0042885,-2.6324229,635,0.7917860
  1> 54,0.0049240,-2.5864265,636,0.6908214
  1> 55,0.0056485,-2.5369154,813,0.7706297
  1> 56,0.0066105,-2.4794037,1111,0.9012803
  1> 57,0.0077860,-2.4211472,1240,0.8548626
  1> 58,0.0091305,-2.3623719,1449,0.8529903
  1> 59,0.0106980,-2.3009533,1686,0.8483965
  1> 60,0.0124820,-2.2423745,1882,0.8129915
  1> 61,0.0145405,-2.1832245,2235,0.8305873
  1> 62,0.0168730,-2.1238604,2430,0.7798751
  1> 63,0.0195620,-2.0646897,2948,0.8184328
  1> 64,0.0229235,-1.9999447,3775,0.8977395
  1> 65,0.0265950,-1.9355132,3568,0.7335804
  1> 66,0.0306900,-1.8727861,4622,0.8272735
  1> 67,0.0356115,-1.8060964,5221,0.8093651
  1> 68,0.0412350,-1.7382693,6026,0.8114745
  1> 69,0.0474915,-1.6725303,6487,0.7632816
  1> 70,0.0543215,-1.6060872,7173,0.7431298
  1> 71,0.0624820,-1.5344439,9148,0.8313846
  1> 72,0.0729320,-1.4542071,11752,0.9256296
  1> 73,0.0833350,-1.3834026,9054,0.6304866
  1> 74,0.0952510,-1.3092167,14778,0.9130410
  1> 75,0.1099135,-1.2271053,14547,0.7912937
  1> 76,0.1247235,-1.1508387,15073,0.7346018
  1> 77,0.1415465,-1.0722691,18573,0.8133652
  1> 78,0.1614080,-0.9885481,21150,0.8314603
  1> 79,0.1826765,-0.9051953,21387,0.7620174
  1> 80,0.2043575,-0.8266939,21975,0.7188536
  1> 81,0.2284985,-0.7443548,26307,0.7938027
  1> 82,0.2559370,-0.6573531,28570,0.7979914
  1> 83,0.2855795,-0.5675514,30715,0.8006989
  1> 84,0.3169100,-0.4773398,31946,0.7848023
  1> 85,0.3498100,-0.3864128,33854,0.7915412
  1> 86,0.3841585,-0.2950970,34843,0.7831505
  1> 87,0.4201890,-0.2018224,37218,0.8123261
  1> 88,0.4570410,-0.1080334,36486,0.7817811
  1> 89,0.4969310,-0.0068253,43294,0.9209939
  1> 90,0.5415995,0.1054484,46043,0.9863687
  1> 91,0.5819605,0.2079055,34679,0.7579413
  1> 92,0.6167605,0.2979368,34921,0.7856171
  1> 93,0.6511080,0.3908042,33774,0.7906323
  1> 94,0.6849310,0.4839201,33872,0.8348034
  1> 95,0.7170710,0.5763424,30408,0.7971644
  1> 96,0.7462645,0.6651857,27979,0.7859248
  1> 97,0.7738780,0.7538280,27248,0.8283577
  1> 98,0.7993920,0.8411602,23780,0.7888574
  1> 99,0.8220850,0.9254290,21606,0.7859051
  1> 100,0.8437440,1.0124289,21712,0.8764520
  1> 101,0.8639080,1.1003033,18616,0.8426668
  1> 102,0.8813200,1.1838817,16208,0.8247018
  1> 103,0.8937985,1.2497016,8749,0.4901052
  1> 104,0.9038450,1.3059374,11344,0.6944452
  1> 105,0.9151790,1.3755503,11324,0.7763606
  1> 106,0.9260560,1.4480983,10430,0.8107628
  1> 107,0.9355925,1.5189767,8643,0.7633673
  1> 108,0.9437710,1.5872736,7714,0.7737097
  1> 109,0.9509435,1.6533206,6631,0.7565524
  1> 110,0.9573790,1.7196942,6240,0.8141466
  1> 111,0.9631960,1.7885140,5394,0.8100893
  1> 112,0.9682210,1.8540208,4656,0.8056257
  1> 113,0.9725985,1.9201169,4099,0.8189185
  1> 114,0.9764470,1.9848356,3598,0.8330558
  1> 115,0.9797090,2.0475898,2926,0.7835989
  1> 116,0.9823815,2.1050193,2419,0.7439426
  1> 117,0.9846970,2.1618520,2212,0.7815078
  1> 118,0.9865590,2.2130372,1512,0.6066395
  1> 119,0.9880565,2.2590255,1483,0.6687458
  1> 120,0.9894390,2.3059079,1282,0.6528352
  1> 121,0.9906230,2.3509310,1086,0.6220426
  1> 122,0.9918240,2.4019389,1316,0.8643588
  1> 123,0.9930590,2.4619276,1154,0.8918385
  1> 124,0.9940060,2.5140759,740,0.6609312
  1> 125,0.9947015,2.5582030,651,0.6572955
  1> 126,0.9954150,2.6060076,776,0.9058044
  1> 127,0.9961145,2.6592986,623,0.8573188
  1> 128,0.9966420,2.7081870,432,0.6869782
  1> 129,0.9970440,2.7530085,372,0.6717036
  1> 130,0.9973995,2.7968447,339,0.6956156
  1> 131,0.9977585,2.8423306,379,0.9028002
  1> 132,0.9981095,2.8949925,323,0.9119826
  1> 133,0.9983845,2.9437476,227,0.7492333
  1> 134,0.9986085,2.9878795,221,0.8470499
  1> 135,0.9987985,3.0306501,159,0.7051975
  1> 136,0.9989420,3.0694174,128,0.6444587
  1> 137,0.9990830,3.1139280,154,0.8954757
  1> 138,0.9992255,3.1594401,131,0.9017896
  1> 139,0.9993425,3.2059732,103,0.8348301
  1> 140,0.9994360,3.2501815,84,0.7934700
  1> 141,0.9995155,3.2974464,75,0.8247609
  1> 142,0.9995845,3.3389175,63,0.8077274
  1> 143,0.9996450,3.3827878,58,0.8705695
  1> 144,0.9996950,3.4300138,42,0.7332473
  1> 145,0.9997365,3.4749829,41,0.8288521
  1> 146,0.9997740,3.5227445,34,0.8012548
  1> 147,0.9998055,3.5630110,29,0.7940545
  1> 148,0.9998335,3.5977415,27,0.8638875
  1> 149,0.9998570,3.6443455,20,0.7446402
  1> 150,0.9998750,3.6768075,16,0.6813014
  1> 151,0.9998900,3.7207655,14,0.6774097
  1> 152,0.9999040,3.7523592,14,0.7765170
  1> 153,0.9999175,3.7913864,13,0.8392808
  1> 154,0.9999285,3.8265228,9,0.6699200
  1> 155,0.9999370,3.8539404,8,0.6758377
  1> 156,0.9999445,3.8905752,7,0.6712540
  1> 157,0.9999515,3.9150120,7,0.7684471
  1> 158,0.9999575,3.9667440,5,0.6260114
  1> 159,0.9999625,3.9861510,5,0.7097096
  1> 160,0.9999675,4.0094910,5,0.8192955
  1> 161,0.9999720,4.0380587,4,0.7605634
  1> 162,0.9999760,4.0838887,4,0.8878683
  1> 163,0.9999795,4.1111236,3,0.7791736
  1> 164,0.9999825,4.1466630,3,0.9133534
  1> 165,0.9999850,4.1868607,2,0.7096937
  1> 166,0.9999870,4.2135628,2,0.8192796
  1> 167,0.9999885,4.2489574,1,1.0000000
  1> 168,0.9999895,4.2999697,1,1.0000000
  1> 169,0.9999905,4.3428331,1,1.0000000
  1> 170,0.9999915,4.3648399,1,1.0000000
  1> 171,0.9999925,4.4054822,1,1.0000000
  1> 172,0.9999935,4.4141703,1,1.0000000
  1> 173,0.9999945,4.4210591,1,1.0000000
  1> 174,0.9999955,4.4357169,1,1.0000000
  1> 175,0.9999965,4.4878202,1,1.0000000
  1> 176,0.9999975,4.5996941,1,1.0000000
  1> 177,0.9999985,4.6192917,1,1.0000000
  1> 178,0.9999995,4.7090047,1,1.0000000
  1> # 0.228619us per point
  1> # 65 centroids
  1>    q	 estimated	    actual	 error_cdf	   error_q
  1> ====	==========	==========	==========	==========
  1> 0.01	      0.00	      0.00	      0.00	      0.04
  1> 0.05	      0.00	      0.00	      0.00	      0.00
  1> 0.10	      2.77	      0.00	      2.77	      0.05
  1> 0.25	     17.46	     20.00	      2.54	      0.03
  1> 0.50	     39.95	     40.00	      0.05	      0.00
  1> 0.75	     62.63	     60.00	      2.63	      0.03
  1> 0.90	     76.75	     80.00	      3.25	      0.06
  1> 0.95	     80.00	     80.00	      0.00	      0.01
  1> 0.99	     80.00	     80.00	      0.00	      0.03
Completed in 12.63s, 30 tests

Suite: com.tdunning.math.stats.LogHistogramTest
  1> Checking χ^2 = 147.2479 ± 16.9 against expected 146.0000 ± 17.0
Completed in 1.73s, 8 tests

Suite: com.tdunning.math.stats.TDigestUtilTest
Completed in 0.01s, 1 test

Suite: com.tdunning.math.stats.MegaMergeTest
IGNOR/A 0.02s | MegaMergeTest.testLargeMerge
   > Assumption #1: got: <false>, expected: is <true>
IGNOR/A 0.00s | MegaMergeTest.megaMerge
   > Assumption #1: got: <false>, expected: is <true>
Completed in 0.02s, 2 tests, 2 skipped

Suite: com.tdunning.math.stats.ComparisonTest
  1> Failed 1 times (up to 5 acceptable)269.54898 0.51596
Completed in 17.35s, 5 tests

Suite: com.tdunning.math.stats.SortTest
Completed in 0.03s, 11 tests

Suite: com.tdunning.math.stats.SerializationTest
Completed in 0.00s, 1 test

Suite: com.tdunning.math.stats.TDigestTest
Suite: com.tdunning.math.stats.AlternativeMergeTest
Completed in 0.31s, 1 test

Suite: com.tdunning.math.stats.FloatHistogramTest
  1> Checking χ^2 = 165.8617 ± 17.7 against expected 165.4000 ± 18.0
Completed in 1.71s, 6 tests

Suite: com.tdunning.math.stats.AVLGroupTreeTest
Completed in 0.02s, 5 tests

Suite: com.tdunning.math.stats.AVLTreeDigestTest
  1> # 0.511647us per point
  1> # 336 centroids
  1> delta, q, x1, x2, q1, q2, error_x, error_q
  1> 20,0.500000,50.500058,50.500155,0.500001,0.499902,0.000195,0.000197
  1> 20,0.900000,50.900278,50.900184,0.900001,0.900094,0.000943,0.000936
  1> 20,0.990000,50.990032,50.990006,0.990001,0.990025,0.002542,0.002494
  1> 20,0.999000,50.999054,50.998998,0.999001,0.999057,0.056852,0.056407
  1> 20,0.999900,50.999902,50.999897,0.999901,0.999905,0.051774,0.046824
  1> 20,0.999990,50.999985,50.999987,0.999991,0.999988,0.158056,0.208209
  1> 20,0.999999,50.999996,50.999996,1.000000,1.000000,0.000000,0.000000
  1> 50,0.500000,50.500479,50.500431,0.500001,0.500048,0.000097,0.000095
  1> 50,0.900000,50.900255,50.900329,0.900001,0.899926,0.000738,0.000749
  1> 50,0.990000,50.990088,50.990022,0.990001,0.990066,0.006595,0.006576
  1> 50,0.999000,50.998983,50.998998,0.999001,0.998985,0.014900,0.015372
  1> 50,0.999900,50.999902,50.999900,0.999901,0.999902,0.021998,0.016957
  1> 50,0.999990,50.999990,50.999990,0.999991,0.999990,0.021806,0.028235
  1> 50,0.999999,50.999999,50.999999,1.000000,1.000000,0.000000,0.000000
  1> 100,0.500000,50.499344,50.499347,0.500001,0.499997,0.000005,0.000006
  1> 100,0.900000,50.899809,50.899771,0.900001,0.900038,0.000381,0.000379
  1> 100,0.990000,50.990000,50.989945,0.990001,0.990054,0.005449,0.005383
  1> 100,0.999000,50.998976,50.998993,0.999001,0.998983,0.016685,0.017053
  1> 100,0.999900,50.999895,50.999900,0.999901,0.999895,0.053245,0.057822
  1> 100,0.999990,50.999990,50.999991,0.999991,0.999990,0.031365,0.081116
  1> 100,0.999999,51.000000,51.000000,1.000000,1.000000,0.000000,0.000000
  1> 200,0.500000,50.500320,50.500330,0.500001,0.499990,0.000020,0.000021
  1> 200,0.900000,50.900198,50.900216,0.900001,0.899981,0.000184,0.000191
  1> 200,0.990000,50.989969,50.989986,0.990001,0.989983,0.001678,0.001722
  1> 200,0.999000,50.999016,50.999002,0.999001,0.999014,0.013679,0.013202
  1> 200,0.999900,50.999909,50.999901,0.999901,0.999908,0.082526,0.077664
  1> 200,0.999990,50.999993,50.999991,0.999991,0.999992,0.189156,0.139472
  1> 200,0.999999,51.000000,51.000000,1.000000,1.000000,0.000000,0.000000
  1> # 0.246191us per point
  1> # 652 centroids
  1> # 0.712904us per point
  1> # 380 centroids
  1> # big 476 bytes
  1> # small 236 bytes
  1> Starting 0,10
  1> Starting 0,100
  1> Starting 0,1000
  1>                    0,10 (2 live threads, 19 pending tasks)
  1> Starting 1,10
  1> Starting 0,10000
  1> Starting 1,1000
  1> Starting 1,100
  1>                    1,10 (5 live threads, 18 pending tasks)
  1> Starting 1,10000
  1>                    0,100 (5 live threads, 17 pending tasks)
  1> Starting 2,10
  1>                    2,10 (5 live threads, 16 pending tasks)
  1> Starting 2,100
  1>                    1,100 (5 live threads, 15 pending tasks)
  1> Starting 2,1000
  1>                    2,100 (5 live threads, 14 pending tasks)
  1> Starting 2,10000
  1>                    1,1000 (5 live threads, 13 pending tasks)
  1> Starting 3,10
  1>                    3,10 (5 live threads, 12 pending tasks)
  1> Starting 3,100
  1>                    3,100 (5 live threads, 11 pending tasks)
  1> Starting 3,1000
  1>                    0,1000 (5 live threads, 10 pending tasks)
  1> Starting 3,10000
  1>                    2,1000 (5 live threads, 9 pending tasks)
  1> Starting 4,10
  1>                    4,10 (5 live threads, 8 pending tasks)
  1> Starting 4,100
  1>                    4,100 (5 live threads, 7 pending tasks)
  1> Starting 4,1000
  1>                    3,1000 (5 live threads, 6 pending tasks)
  1> Starting 4,10000
  1>                    4,1000 (5 live threads, 5 pending tasks)
  1>                    0,10000 (4 live threads, 4 pending tasks)
  1>                    2,10000 (3 live threads, 3 pending tasks)
  1>                    1,10000 (2 live threads, 2 pending tasks)
  1>                    3,10000 (1 live threads, 1 pending tasks)
  1>                    4,10000 (0 live threads, 0 pending tasks)
  1> i, q, mean, count, dk
  1> 0,0.0000005,-4.5659342,1,1.0000000
  1> 1,0.0000015,-4.4743745,1,1.0000000
  1> 2,0.0000025,-4.4297438,1,1.0000000
  1> 3,0.0000035,-4.3444996,1,1.0000000
  1> 4,0.0000045,-4.3206899,1,1.0000000
  1> 5,0.0000055,-4.2624047,1,1.0000000
  1> 6,0.0000065,-4.2459627,1,1.0000000
  1> 7,0.0000075,-4.2281047,1,1.0000000
  1> 8,0.0000085,-4.2214044,1,1.0000000
  1> 9,0.0000095,-4.2163911,1,1.0000000
  1> 10,0.0000105,-4.1921624,1,1.0000000
  1> 11,0.0000115,-4.1653876,1,1.0000000
  1> 12,0.0000130,-4.1056215,2,0.8192796
  1> 13,0.0000150,-4.0666224,2,0.7096937
  1> 14,0.0000170,-4.0528695,2,0.6259955
  1> 15,0.0000195,-4.0282340,3,0.8192849
  1> 16,0.0000225,-4.0015423,3,0.7096990
  1> 17,0.0000260,-3.9905359,4,0.8192902
  1> 18,0.0000305,-3.9811489,5,0.8732526
  1> 19,0.0000360,-3.9533892,6,0.8878790
  1> 20,0.0000420,-3.9213115,6,0.7605740
  1> 21,0.0000480,-3.8865869,6,0.6652400
  1> 22,0.0000545,-3.8434074,7,0.6836036
  1> 23,0.0000630,-3.8001617,10,0.8454388
  1> 24,0.0000740,-3.7681830,12,0.8638077
  1> 25,0.0000850,-3.7438131,10,0.6260380
  1> 26,0.0000965,-3.7134511,13,0.7171286
  1> 27,0.0001105,-3.6789231,15,0.7226470
  1> 28,0.0001290,-3.6426314,22,0.9087112
  1> 29,0.0001515,-3.6088060,23,0.8085338
  1> 30,0.0001775,-3.5753141,29,0.8704152
  1> 31,0.0002055,-3.5327872,27,0.6994361
  1> 32,0.0002380,-3.4915362,38,0.8505817
  1> 33,0.0002780,-3.4564534,42,0.8047003
  1> 34,0.0003260,-3.4093511,54,0.8826621
  1> 35,0.0003810,-3.3648472,56,0.7828761
  1> 36,0.0004325,-3.3251476,47,0.5783736
  1> 37,0.0004840,-3.2925201,56,0.6159124
  1> 38,0.0005495,-3.2599213,75,0.7269232
  1> 39,0.0006285,-3.2292686,83,0.7033296
  1> 40,0.0007200,-3.1959797,100,0.7398786
  1> 41,0.0008340,-3.1503235,128,0.8179774
  1> 42,0.0009715,-3.1028345,147,0.8065060
  1> 43,0.0011145,-3.0624424,139,0.6644516
  1> 44,0.0012515,-3.0291600,135,0.5745780
  1> 45,0.0014095,-2.9905190,181,0.6843908
  1> 46,0.0015940,-2.9546699,188,0.6285601
  1> 47,0.0017995,-2.9146289,223,0.6606509
  1> 48,0.0020335,-2.8762212,245,0.6424097
  1> 49,0.0022905,-2.8380409,269,0.6263221
  1> 50,0.0025825,-2.7965541,315,0.6507471
  1> 51,0.0029310,-2.7578489,382,0.6956927
  1> 52,0.0033055,-2.7212339,367,0.5926430
  1> 53,0.0038145,-2.6755900,651,0.9127202
  1> 54,0.0043970,-2.6271913,514,0.6247333
  1> 55,0.0049655,-2.5868818,623,0.6710206
  1> 56,0.0055845,-2.5448067,615,0.5891706
  1> 57,0.0063560,-2.4955533,928,0.7823169
  1> 58,0.0073600,-2.4419446,1080,0.7870650
  1> 59,0.0086120,-2.3859547,1424,0.8884383
  1> 60,0.0100945,-2.3269796,1541,0.8211872
  1> 61,0.0116070,-2.2736051,1484,0.6884162
  1> 62,0.0134515,-2.2168129,2205,0.8850396
  1> 63,0.0154455,-2.1628524,1783,0.6238299
  1> 64,0.0177965,-2.1070028,2919,0.8894842
  1> 65,0.0208165,-2.0428500,3121,0.8152703
  1> 66,0.0241955,-1.9804349,3637,0.8202135
  1> 67,0.0279435,-1.9179728,3859,0.7562335
  1> 68,0.0319860,-1.8577585,4226,0.7264098
  1> 69,0.0367750,-1.7938989,5352,0.8043718
  1> 70,0.0424720,-1.7274322,6042,0.7908799
  1> 71,0.0490435,-1.6593705,7101,0.8105536
  1> 72,0.0563785,-1.5907676,7569,0.7572253
  1> 73,0.0646965,-1.5206203,9067,0.7975866
  1> 74,0.0742105,-1.4483344,9961,0.7716344
  1> 75,0.0858980,-1.3684362,13414,0.9096437
  1> 76,0.0997645,-1.2847064,14319,0.8486629
  1> 77,0.1145055,-1.2035069,15163,0.7958263
  1> 78,0.1308430,-1.1230414,17512,0.8194730
  1> 79,0.1482935,-1.0440805,17389,0.7324371
  1> 80,0.1671070,-0.9664941,20238,0.7735907
  1> 81,0.1891425,-0.8811024,23833,0.8267969
  1> 82,0.2133870,-0.7946228,24656,0.7813810
  1> 83,0.2385570,-0.7110783,25684,0.7520450
  1> 84,0.2652565,-0.6277164,27715,0.7563076
  1> 85,0.2945095,-0.5407559,30791,0.7881595
  1> 86,0.3271250,-0.4483761,34440,0.8321419
  1> 87,0.3626045,-0.3521750,36519,0.8403014
  1> 88,0.3995010,-0.2558149,37274,0.8262320
  1> 89,0.4371770,-0.1590796,38078,0.8229116
  1> 90,0.4746490,-0.0644559,36866,0.7861119
  1> 91,0.5153060,0.0377345,44448,0.9464290
  1> 92,0.5546980,0.1377847,34336,0.7390958
  1> 93,0.5898225,0.2281908,35913,0.7893296
  1> 94,0.6260525,0.3226199,36547,0.8301837
  1> 95,0.6609580,0.4167019,33264,0.7893866
  1> 96,0.6955570,0.5133331,35934,0.9026691
  1> 97,0.7277460,0.6082427,28444,0.7635202
  1> 98,0.7572735,0.6999728,30611,0.8860122
  1> 99,0.7860670,0.7943731,26976,0.8534608
  1> 100,0.8107425,0.8823348,22375,0.7757541
  1> 101,0.8319160,0.9639510,19972,0.7598468
  1> 102,0.8510585,1.0424208,18313,0.7686601
  1> 103,0.8681605,1.1192235,15891,0.7386616
  1> 104,0.8829820,1.1919837,13752,0.7080851
  1> 105,0.8965020,1.2639356,13288,0.7620687
  1> 106,0.9098345,1.3416688,13377,0.8680890
  1> 107,0.9218445,1.4190584,10643,0.7862275
  1> 108,0.9315595,1.4890743,8787,0.7334236
  1> 109,0.9402140,1.5585892,8522,0.8070297
  1> 110,0.9480760,1.6283936,7202,0.7787257
  1> 111,0.9550220,1.6972418,6690,0.8292019
  1> 112,0.9606245,1.7601554,4515,0.6350631
  1> 113,0.9655390,1.8216305,5314,0.8504290
  1> 114,0.9701825,1.8879944,3973,0.7309700
  1> 115,0.9742180,1.9506300,4098,0.8689075
  1> 116,0.9780060,2.0160107,3478,0.8610977
  1> 117,0.9812645,2.0810790,3039,0.8804353
  1> 118,0.9840380,2.1450889,2508,0.8503369
  1> 119,0.9862790,2.2050901,1974,0.7765745
  1> 120,0.9881725,2.2621158,1813,0.8260296
  1> 121,0.9898700,2.3209903,1582,0.8401871
  1> 122,0.9913105,2.3802556,1299,0.8029517
  1> 123,0.9924340,2.4319037,948,0.6718716
  1> 124,0.9933140,2.4754439,812,0.6506018
  1> 125,0.9940600,2.5170768,680,0.6127214
  1> 126,0.9947235,2.5574427,647,0.6559628
  1> 127,0.9954100,2.6040043,726,0.8462657
  1> 128,0.9960130,2.6523420,480,0.6431827
  1> 129,0.9964705,2.6967106,435,0.6581750
  1> 130,0.9968720,2.7402136,368,0.6279468
  1> 131,0.9972415,2.7828225,371,0.7178534
  1> 132,0.9975635,2.8224422,273,0.5975725
  1> 133,0.9978565,2.8656560,313,0.7791223
  1> 134,0.9981405,2.9113147,255,0.7313312
  1> 135,0.9983745,2.9548427,213,0.6985569
  1> 136,0.9985790,2.9957618,196,0.7352747
  1> 137,0.9987595,3.0386198,165,0.7088397
  1> 138,0.9989325,3.0838524,181,0.9042702
  1> 139,0.9990795,3.1250400,113,0.6538550
  1> 140,0.9991870,3.1602090,102,0.6682117
  1> 141,0.9992805,3.1925522,85,0.6290531
  1> 142,0.9993700,3.2324496,94,0.7949672
  1> 143,0.9994580,3.2772851,82,0.8060483
  1> 144,0.9995275,3.3177165,57,0.6422241
  1> 145,0.9995910,3.3596096,70,0.9122135
  1> 146,0.9996485,3.4091280,45,0.6815770
  1> 147,0.9996910,3.4452122,40,0.6891665
  1> 148,0.9997300,3.4815374,38,0.7494392
  1> 149,0.9997650,3.5271280,32,0.7249992
  1> 150,0.9997950,3.5580413,28,0.7271946
  1> 151,0.9998210,3.5949163,24,0.7137872
  1> 152,0.9998425,3.6304777,19,0.6420221
  1> 153,0.9998605,3.6543365,17,0.6485667
  1> 154,0.9998780,3.6851834,18,0.7856630
  1> 155,0.9998935,3.7122070,13,0.6496226
  1> 156,0.9999055,3.7439661,11,0.6194040
  1> 157,0.9999170,3.7757179,12,0.7698009
  1> 158,0.9999280,3.8003741,10,0.7393999
  1> 159,0.9999370,3.8231368,8,0.6758377
  1> 160,0.9999445,3.8391119,7,0.6712540
  1> 161,0.9999510,3.8554317,6,0.6516299
  1> 162,0.9999560,3.8733861,4,0.4835115
  1> 163,0.9999605,3.9103284,5,0.6736774
  1> 164,0.9999655,3.9536893,5,0.7716295
  1> 165,0.9999705,3.9888644,5,0.9029938
  1> 166,0.9999750,4.0178654,4,0.8521989
  1> 167,0.9999785,4.0344204,3,0.7428127
  1> 168,0.9999815,4.0579985,3,0.8637599
  1> 169,0.9999840,4.0816729,2,0.6652187
  1> 170,0.9999860,4.1511105,2,0.7605527
  1> 171,0.9999880,4.1635049,2,0.8878577
  1> 172,0.9999895,4.2120129,1,1.0000000
  1> 173,0.9999905,4.2239183,1,1.0000000
  1> 174,0.9999915,4.2565481,1,1.0000000
  1> 175,0.9999925,4.3802214,1,1.0000000
  1> 176,0.9999935,4.3814006,1,1.0000000
  1> 177,0.9999945,4.3910989,1,1.0000000
  1> 178,0.9999955,4.4260017,1,1.0000000
  1> 179,0.9999965,4.4308808,1,1.0000000
  1> 180,0.9999975,4.4860429,1,1.0000000
  1> 181,0.9999985,4.6133173,1,1.0000000
  1> 182,0.9999995,4.7851702,1,1.0000000
  1> # 0.198469us per point
  1> # 174 centroids
Completed in 20.13s, 30 tests

Suite: com.tdunning.math.stats.AbstractTest
Suite: com.tdunning.math.stats.IntAVLTreeTest
Completed in 0.39s, 2 tests

Suite: com.tdunning.scale.ScaleTest
IGNOR/A 0.00s | ScaleTest.testGrowth
   > Assumption #1: got: <false>, expected: is <true>
Completed in 0.00s, 1 test, 1 skipped

[INFO] JVM J0:     0.37 ..    55.57 =    55.20s
[INFO] Execution time total: 55 seconds
[INFO] Tests summary: 16 suites, 105 tests, 3 ignored (3 assumptions)
[INFO] 
[INFO] -------------------< com.tdunning:t-digest-quality >--------------------
[INFO] Building t-digest-quality 3.3-SNAPSHOT                             [3/4]
[INFO] --------------------------------[ jar ]---------------------------------
[INFO] 
[INFO] --- maven-resources-plugin:2.6:resources (default-resources) @ t-digest-quality ---
[WARNING] Using platform encoding (UTF-8 actually) to copy filtered resources, i.e. build is platform dependent!
[INFO] skip non existing resourceDirectory /workdir/t-digest/quality/src/main/resources
[INFO] 
[INFO] --- maven-compiler-plugin:3.3:compile (default-compile) @ t-digest-quality ---
[INFO] No sources to compile
[INFO] 
[INFO] --- maven-resources-plugin:2.6:testResources (default-testResources) @ t-digest-quality ---
[WARNING] Using platform encoding (UTF-8 actually) to copy filtered resources, i.e. build is platform dependent!
[INFO] skip non existing resourceDirectory /workdir/t-digest/quality/src/test/resources
[INFO] 
[INFO] --- maven-compiler-plugin:3.3:testCompile (default-testCompile) @ t-digest-quality ---
[INFO] Nothing to compile - all classes are up to date
[INFO] 
[INFO] --- maven-surefire-plugin:2.12.4:test (default-test) @ t-digest-quality ---
[INFO] Surefire report directory: /workdir/t-digest/quality/target/surefire-reports

-------------------------------------------------------
 T E S T S
-------------------------------------------------------
Running com.tdunning.tdigest.quality.SinglePassTest
0
1
2
3
4
5
6
7
8
9
10
11
12
13
14
15
16
17
18
19
20
21
22
23
24
25
26
27
28
29
30
31
32
33
34
35
36
37
38
39
40
41
42
43
44
45
46
47
48
49
Tests run: 1, Failures: 0, Errors: 0, Skipped: 0, Time elapsed: 121.018 sec
Running com.tdunning.tdigest.quality.ComparisonTest
Tests run: 2, Failures: 0, Errors: 0, Skipped: 0, Time elapsed: 65.91 sec
Running com.tdunning.tdigest.quality.AccuracyTest
Starting 2
Starting 5
Starting 3
Starting 4
Starting 0
Starting 1
    Finishing 4
Starting 6
    Finishing 1
    Finishing 6
Starting 8
Starting 7
    Finishing 5
Starting 9
    Finishing 2
Starting 10
    Finishing 3
Starting 11
    Finishing 7
Starting 12
    Finishing 9
Starting 13
    Finishing 8
Starting 14
    Finishing 10
Starting 15
    Finishing 12
Starting 16
    Finishing 11
Starting 17
    Finishing 15
Starting 18
    Finishing 14
Starting 19
    Finishing 13
    Finishing 18
    Finishing 17
    Finishing 16
    Finishing 20
    Finishing 19
java.lang.ArrayIndexOutOfBoundsException: Index 2010 out of bounds for length 2010
	at com.tdunning.math.stats.MergingDigest.merge(MergingDigest.java:453)
	at com.tdunning.math.stats.MergingDigest.mergeNewValues(MergingDigest.java:363)
	at com.tdunning.math.stats.MergingDigest.mergeNewValues(MergingDigest.java:353)
	at com.tdunning.math.stats.MergingDigest.add(MergingDigest.java:259)
	at com.tdunning.math.stats.MergingDigest.add(MergingDigest.java:251)
	at com.tdunning.math.stats.AbstractTDigest.add(AbstractTDigest.java:131)
	at com.tdunning.tdigest.quality.AccuracyTest.lambda$testAccuracyVersusCompression$1(AccuracyTest.java:290)
	at java.base/java.util.concurrent.FutureTask.run(FutureTask.java:264)
	at java.base/java.util.concurrent.ThreadPoolExecutor.runWorker(ThreadPoolExecutor.java:1128)
	at java.base/java.util.concurrent.ThreadPoolExecutor$Worker.run(ThreadPoolExecutor.java:628)
	at java.base/java.lang.Thread.run(Thread.java:834)
java.lang.ArrayIndexOutOfBoundsException: Index 1010 out of bounds for length 1010
	at com.tdunning.math.stats.MergingDigest.merge(MergingDigest.java:453)
	at com.tdunning.math.stats.MergingDigest.mergeNewValues(MergingDigest.java:363)
	at com.tdunning.math.stats.MergingDigest.mergeNewValues(MergingDigest.java:353)
	at com.tdunning.math.stats.MergingDigest.add(MergingDigest.java:259)
	at com.tdunning.math.stats.MergingDigest.add(MergingDigest.java:251)
	at com.tdunning.math.stats.AbstractTDigest.add(AbstractTDigest.java:131)
	at com.tdunning.tdigest.quality.AccuracyTest.lambda$testAccuracyVersusCompression$1(AccuracyTest.java:290)
	at java.base/java.util.concurrent.FutureTask.run(FutureTask.java:264)
	at java.base/java.util.concurrent.ThreadPoolExecutor.runWorker(ThreadPoolExecutor.java:1128)
	at java.base/java.util.concurrent.ThreadPoolExecutor$Worker.run(ThreadPoolExecutor.java:628)
	at java.base/java.lang.Thread.run(Thread.java:834)
java.lang.ArrayIndexOutOfBoundsException: Index 2010 out of bounds for length 2010
	at com.tdunning.math.stats.MergingDigest.merge(MergingDigest.java:453)
	at com.tdunning.math.stats.MergingDigest.mergeNewValues(MergingDigest.java:363)
	at com.tdunning.math.stats.MergingDigest.mergeNewValues(MergingDigest.java:353)
	at com.tdunning.math.stats.MergingDigest.add(MergingDigest.java:259)
	at com.tdunning.math.stats.MergingDigest.add(MergingDigest.java:251)
	at com.tdunning.math.stats.AbstractTDigest.add(AbstractTDigest.java:131)
	at com.tdunning.tdigest.quality.AccuracyTest.lambda$testAccuracyVersusCompression$1(AccuracyTest.java:290)
	at java.base/java.util.concurrent.FutureTask.run(FutureTask.java:264)
	at java.base/java.util.concurrent.ThreadPoolExecutor.runWorker(ThreadPoolExecutor.java:1128)
	at java.base/java.util.concurrent.ThreadPoolExecutor$Worker.run(ThreadPoolExecutor.java:628)
	at java.base/java.lang.Thread.run(Thread.java:834)
java.lang.ArrayIndexOutOfBoundsException: Index 410 out of bounds for length 410
	at com.tdunning.math.stats.MergingDigest.merge(MergingDigest.java:453)
	at com.tdunning.math.stats.MergingDigest.mergeNewValues(MergingDigest.java:363)
	at com.tdunning.math.stats.MergingDigest.mergeNewValues(MergingDigest.java:353)
	at com.tdunning.math.stats.MergingDigest.add(MergingDigest.java:259)
	at com.tdunning.math.stats.MergingDigest.add(MergingDigest.java:251)
	at com.tdunning.math.stats.AbstractTDigest.add(AbstractTDigest.java:131)
	at com.tdunning.tdigest.quality.AccuracyTest.lambda$testAccuracyVersusCompression$1(AccuracyTest.java:290)
	at java.base/java.util.concurrent.FutureTask.run(FutureTask.java:264)
	at java.base/java.util.concurrent.ThreadPoolExecutor.runWorker(ThreadPoolExecutor.java:1128)
	at java.base/java.util.concurrent.ThreadPoolExecutor$Worker.run(ThreadPoolExecutor.java:628)
	at java.base/java.lang.Thread.run(Thread.java:834)
java.lang.ArrayIndexOutOfBoundsException: Index 2010 out of bounds for length 2010
	at com.tdunning.math.stats.MergingDigest.merge(MergingDigest.java:453)
	at com.tdunning.math.stats.MergingDigest.mergeNewValues(MergingDigest.java:363)
	at com.tdunning.math.stats.MergingDigest.mergeNewValues(MergingDigest.java:353)
	at com.tdunning.math.stats.MergingDigest.add(MergingDigest.java:259)
	at com.tdunning.math.stats.MergingDigest.add(MergingDigest.java:251)
	at com.tdunning.math.stats.AbstractTDigest.add(AbstractTDigest.java:131)
	at com.tdunning.tdigest.quality.AccuracyTest.lambda$testAccuracyVersusCompression$1(AccuracyTest.java:290)
	at java.base/java.util.concurrent.FutureTask.run(FutureTask.java:264)
	at java.base/java.util.concurrent.ThreadPoolExecutor.runWorker(ThreadPoolExecutor.java:1128)
	at java.base/java.util.concurrent.ThreadPoolExecutor$Worker.run(ThreadPoolExecutor.java:628)
	at java.base/java.lang.Thread.run(Thread.java:834)
java.lang.ArrayIndexOutOfBoundsException: Index 1010 out of bounds for length 1010
	at com.tdunning.math.stats.MergingDigest.merge(MergingDigest.java:453)
	at com.tdunning.math.stats.MergingDigest.mergeNewValues(MergingDigest.java:363)
	at com.tdunning.math.stats.MergingDigest.mergeNewValues(MergingDigest.java:353)
	at com.tdunning.math.stats.MergingDigest.add(MergingDigest.java:259)
	at com.tdunning.math.stats.MergingDigest.add(MergingDigest.java:251)
	at com.tdunning.math.stats.AbstractTDigest.add(AbstractTDigest.java:131)
	at com.tdunning.tdigest.quality.AccuracyTest.lambda$testAccuracyVersusCompression$1(AccuracyTest.java:290)
	at java.base/java.util.concurrent.FutureTask.run(FutureTask.java:264)
	at java.base/java.util.concurrent.ThreadPoolExecutor.runWorker(ThreadPoolExecutor.java:1128)
	at java.base/java.util.concurrent.ThreadPoolExecutor$Worker.run(ThreadPoolExecutor.java:628)
	at java.base/java.lang.Thread.run(Thread.java:834)
java.lang.ArrayIndexOutOfBoundsException
java.lang.ArrayIndexOutOfBoundsException
java.lang.ArrayIndexOutOfBoundsException
java.lang.ArrayIndexOutOfBoundsException
java.lang.ArrayIndexOutOfBoundsException
java.lang.ArrayIndexOutOfBoundsException
java.lang.ArrayIndexOutOfBoundsException
java.lang.ArrayIndexOutOfBoundsException
java.lang.ArrayIndexOutOfBoundsException
java.lang.ArrayIndexOutOfBoundsException
java.lang.ArrayIndexOutOfBoundsException
java.lang.ArrayIndexOutOfBoundsException
java.lang.ArrayIndexOutOfBoundsException
java.lang.ArrayIndexOutOfBoundsException
java.lang.ArrayIndexOutOfBoundsException
java.lang.ArrayIndexOutOfBoundsException
java.lang.ArrayIndexOutOfBoundsException
java.lang.ArrayIndexOutOfBoundsException
java.lang.ArrayIndexOutOfBoundsException
java.lang.ArrayIndexOutOfBoundsException
java.lang.ArrayIndexOutOfBoundsException
java.lang.ArrayIndexOutOfBoundsException
java.lang.ArrayIndexOutOfBoundsException
java.lang.ArrayIndexOutOfBoundsException
java.lang.ArrayIndexOutOfBoundsException
java.lang.ArrayIndexOutOfBoundsException
java.lang.ArrayIndexOutOfBoundsException
java.lang.ArrayIndexOutOfBoundsException
java.lang.ArrayIndexOutOfBoundsException
java.lang.ArrayIndexOutOfBoundsException
java.lang.ArrayIndexOutOfBoundsException
java.lang.ArrayIndexOutOfBoundsException
java.lang.ArrayIndexOutOfBoundsException
java.lang.ArrayIndexOutOfBoundsException
java.lang.ArrayIndexOutOfBoundsException
java.lang.ArrayIndexOutOfBoundsException
java.lang.ArrayIndexOutOfBoundsException
java.lang.ArrayIndexOutOfBoundsException
java.lang.ArrayIndexOutOfBoundsException
java.lang.ArrayIndexOutOfBoundsException
java.lang.ArrayIndexOutOfBoundsException
java.lang.ArrayIndexOutOfBoundsException
java.lang.ArrayIndexOutOfBoundsException
45, 1, 41.14, 0.024
6, 1, 6.23, 0.160
2, 2, 6.37, 0.314
5, 3, 6.59, 0.456
1, 4, 6.62, 0.604
4, 5, 6.67, 0.750
3, 6, 6.73, 0.892
7, 7, 6.77, 1.034
0, 8, 7.08, 1.130
13, 9, 10.85, 0.829
14, 10, 10.91, 0.917
8, 11, 11.10, 0.991
12, 12, 11.39, 1.053
9, 13, 11.44, 1.136
10, 14, 11.47, 1.220
11, 15, 11.50, 1.305
15, 16, 11.71, 1.367
17, 17, 13.36, 1.273
16, 18, 13.62, 1.322
18, 19, 13.67, 1.390
19, 20, 13.75, 1.455
Tests run: 4, Failures: 0, Errors: 0, Skipped: 0, Time elapsed: 85.743 sec

Results :

Tests run: 7, Failures: 0, Errors: 0, Skipped: 0

[INFO] 
[INFO] ------------------< com.tdunning:t-digest-benchmark >-------------------
[INFO] Building t-digest-benchmark 3.3-SNAPSHOT                           [4/4]
[INFO] --------------------------------[ jar ]---------------------------------
[INFO] 
[INFO] --- maven-resources-plugin:2.6:resources (default-resources) @ t-digest-benchmark ---
[WARNING] Using platform encoding (UTF-8 actually) to copy filtered resources, i.e. build is platform dependent!
[INFO] skip non existing resourceDirectory /workdir/t-digest/benchmark/src/main/resources
[INFO] 
[INFO] --- maven-compiler-plugin:3.0:compile (default-compile) @ t-digest-benchmark ---
[INFO] Nothing to compile - all classes are up to date
[INFO] 
[INFO] --- maven-resources-plugin:2.6:testResources (default-testResources) @ t-digest-benchmark ---
[WARNING] Using platform encoding (UTF-8 actually) to copy filtered resources, i.e. build is platform dependent!
[INFO] skip non existing resourceDirectory /workdir/t-digest/benchmark/src/test/resources
[INFO] 
[INFO] --- maven-compiler-plugin:3.0:testCompile (default-testCompile) @ t-digest-benchmark ---
[INFO] No sources to compile
[INFO] 
[INFO] --- maven-surefire-plugin:2.12.4:test (default-test) @ t-digest-benchmark ---
[INFO] No tests to run.
[INFO] ------------------------------------------------------------------------
[INFO] Reactor Summary for T-digest Parent 3.3-SNAPSHOT:
[INFO] 
[INFO] T-digest Parent .................................... SUCCESS [  0.050 s]
[INFO] T-Digest ........................................... SUCCESS [ 56.589 s]
[INFO] t-digest-quality ................................... SUCCESS [04:33 min]
[INFO] t-digest-benchmark ................................. SUCCESS [  0.061 s]
[INFO] ------------------------------------------------------------------------
[INFO] BUILD SUCCESS
[INFO] ------------------------------------------------------------------------
[INFO] Total time:  05:29 min
[INFO] Finished at: 2021-02-14T21:57:26Z
[INFO] ------------------------------------------------------------------------
