[INFO] Scanning for projects...
[INFO] ------------------------------------------------------------------------
[INFO] Reactor Build Order:
[INFO] 
[INFO] T-digest Parent                                                    [pom]
[INFO] T-Digest                                                           [jar]
[INFO] t-digest-quality                                                   [jar]
[INFO] t-digest-benchmark                                                 [jar]
[INFO] 
[INFO] --------------------< com.tdunning:t-digest-parent >--------------------
[INFO] Building T-digest Parent 3.3-SNAPSHOT                              [1/4]
[INFO] --------------------------------[ pom ]---------------------------------
[INFO] 
[INFO] -----------------------< com.tdunning:t-digest >------------------------
[INFO] Building T-Digest 3.3-SNAPSHOT                                     [2/4]
[INFO] --------------------------------[ jar ]---------------------------------
[INFO] 
[INFO] --- maven-resources-plugin:2.6:resources (default-resources) @ t-digest ---
[INFO] Using 'UTF-8' encoding to copy filtered resources.
[INFO] skip non existing resourceDirectory /workdir/t-digest/core/src/main/resources
[INFO] 
[INFO] --- maven-compiler-plugin:3.3:compile (default-compile) @ t-digest ---
[INFO] Changes detected - recompiling the module!
[INFO] Compiling 15 source files to /workdir/t-digest/core/target/classes
[parsing started SimpleFileObject[/workdir/t-digest/core/src/main/java/com/tdunning/math/stats/AbstractTDigest.java]]
[parsing completed 18ms]
[parsing started SimpleFileObject[/workdir/t-digest/core/src/main/java/com/tdunning/math/stats/ScaleFunction.java]]
[parsing completed 14ms]
[parsing started SimpleFileObject[/workdir/t-digest/core/src/main/java/com/tdunning/math/stats/Sort.java]]
[parsing completed 7ms]
[parsing started SimpleFileObject[/workdir/t-digest/core/src/main/java/com/tdunning/math/stats/Simple64.java]]
[parsing completed 22ms]
[parsing started SimpleFileObject[/workdir/t-digest/core/src/main/java/com/tdunning/math/stats/AVLTreeDigest.java]]
[parsing completed 6ms]
[parsing started SimpleFileObject[/workdir/t-digest/core/src/main/java/com/tdunning/math/stats/Dist.java]]
[parsing completed 1ms]
[parsing started SimpleFileObject[/workdir/t-digest/core/src/main/java/com/tdunning/math/stats/AVLGroupTree.java]]
[parsing completed 3ms]
[parsing started SimpleFileObject[/workdir/t-digest/core/src/main/java/com/tdunning/math/stats/Comparison.java]]
[parsing completed 3ms]
[parsing started SimpleFileObject[/workdir/t-digest/core/src/main/java/com/tdunning/math/stats/IntAVLTree.java]]
[parsing completed 5ms]
[parsing started SimpleFileObject[/workdir/t-digest/core/src/main/java/com/tdunning/math/stats/Centroid.java]]
[parsing completed 3ms]
[parsing started SimpleFileObject[/workdir/t-digest/core/src/main/java/com/tdunning/math/stats/Histogram.java]]
[parsing completed 1ms]
[parsing started SimpleFileObject[/workdir/t-digest/core/src/main/java/com/tdunning/math/stats/TDigest.java]]
[parsing completed 1ms]
[parsing started SimpleFileObject[/workdir/t-digest/core/src/main/java/com/tdunning/math/stats/LogHistogram.java]]
[parsing completed 1ms]
[parsing started SimpleFileObject[/workdir/t-digest/core/src/main/java/com/tdunning/math/stats/MergingDigest.java]]
[parsing completed 8ms]
[parsing started SimpleFileObject[/workdir/t-digest/core/src/main/java/com/tdunning/math/stats/FloatHistogram.java]]
[parsing completed 2ms]
[search path for source files: /workdir/t-digest/core/src/main/java,/workdir/t-digest/core/target/generated-sources/annotations]
[search path for class files: /usr/local/openjdk-11/lib/modules,/workdir/t-digest/core/target/classes,.]
[loading /modules/java.base/java/nio/ByteBuffer.class]
[loading /modules/java.base/java/util/ArrayList.class]
[loading /modules/java.base/java/util/Collections.class]
[loading /modules/java.base/java/util/List.class]
[loading /modules/java.base/java/util/Random.class]
[loading /modules/java.base/java/io/Serializable.class]
[loading /modules/java.base/java/util/Collection.class]
[loading /modules/java.base/java/lang/Object.class]
[loading /modules/java.base/java/io/IOException.class]
[loading /modules/java.base/java/io/ObjectInputStream.class]
[loading /modules/java.base/java/util/concurrent/atomic/AtomicInteger.class]
[loading /modules/java.base/java/lang/Comparable.class]
[loading /modules/java.base/java/lang/Double.class]
[loading /modules/java.base/java/lang/String.class]
[loading /modules/java.base/java/lang/Iterable.class]
[loading /modules/java.base/java/lang/ClassNotFoundException.class]
[loading /modules/java.base/java/lang/Enum.class]
[loading /modules/java.base/java/nio/LongBuffer.class]
[loading /modules/java.base/java/util/Iterator.class]
[loading /modules/java.base/java/util/AbstractCollection.class]
[loading /modules/java.base/java/util/Arrays.class]
[loading /modules/java.base/java/lang/SuppressWarnings.class]
[loading /modules/java.base/java/io/ObjectOutputStream.class]
[loading /modules/java.base/java/lang/Math.class]
[loading /modules/java.base/java/io/InvalidObjectException.class]
[loading /modules/java.base/java/io/ObjectStreamException.class]
[loading /modules/java.base/java/lang/Deprecated.class]
[loading /modules/java.base/java/lang/Override.class]
[loading /modules/java.base/java/lang/annotation/Annotation.class]
[loading /modules/java.base/java/lang/annotation/Target.class]
[loading /modules/java.base/java/lang/annotation/ElementType.class]
[loading /modules/java.base/java/lang/annotation/Retention.class]
[loading /modules/java.base/java/lang/annotation/RetentionPolicy.class]
[checking com.tdunning.math.stats.AbstractTDigest]
[loading /modules/java.base/java/lang/AutoCloseable.class]
[loading /modules/java.base/java/lang/Number.class]
[loading /modules/java.base/java/lang/IllegalArgumentException.class]
[loading /modules/java.base/java/lang/Throwable.class]
[loading /modules/java.base/java/lang/RuntimeException.class]
[loading /modules/java.base/java/lang/Exception.class]
[loading /modules/java.base/java/lang/CharSequence.class]
[loading /modules/java.base/java/lang/Class.class]
[loading /modules/java.base/java/util/Locale.class]
[loading /modules/java.base/java/nio/Buffer.class]
[loading /modules/java.base/java/lang/IllegalStateException.class]
[loading /modules/java.base/java/util/AbstractList.class]
[loading /modules/java.base/java/lang/Error.class]
[checking com.tdunning.math.stats.TDigest]
[loading /modules/java.base/java/lang/reflect/GenericDeclaration.class]
[loading /modules/java.base/java/lang/reflect/AnnotatedElement.class]
[loading /modules/java.base/java/lang/reflect/Type.class]
[loading /modules/java.base/java/lang/AssertionError.class]
[wrote /workdir/t-digest/core/target/classes/com/tdunning/math/stats/AbstractTDigest.class]
[wrote /workdir/t-digest/core/target/classes/com/tdunning/math/stats/TDigest.class]
[checking com.tdunning.math.stats.Centroid]
[loading /modules/java.base/java/lang/Byte.class]
[loading /modules/java.base/java/lang/Character.class]
[loading /modules/java.base/java/lang/Short.class]
[loading /modules/java.base/java/lang/Long.class]
[loading /modules/java.base/java/lang/Float.class]
[loading /modules/java.base/java/lang/Integer.class]
[loading /modules/java.base/java/lang/Boolean.class]
[loading /modules/java.base/java/lang/Void.class]
[loading /modules/java.base/java/lang/ReflectiveOperationException.class]
[loading /modules/java.base/java/io/ObjectInput.class]
[loading /modules/java.base/java/io/DataInput.class]
[loading /modules/java.base/java/io/ObjectStreamConstants.class]
[loading /modules/java.base/java/io/InputStream.class]
[loading /modules/java.base/java/io/Closeable.class]
[loading /modules/java.base/java/lang/StringBuilder.class]
[loading /modules/java.base/java/lang/AbstractStringBuilder.class]
[loading /modules/java.base/java/lang/Appendable.class]
[loading /modules/java.base/java/lang/StringBuffer.class]
[wrote /workdir/t-digest/core/target/classes/com/tdunning/math/stats/Centroid.class]
[checking com.tdunning.math.stats.ScaleFunction]
[loading /modules/java.base/java/lang/CloneNotSupportedException.class]
[wrote /workdir/t-digest/core/target/classes/com/tdunning/math/stats/ScaleFunction$1.class]
[wrote /workdir/t-digest/core/target/classes/com/tdunning/math/stats/ScaleFunction$2.class]
[wrote /workdir/t-digest/core/target/classes/com/tdunning/math/stats/ScaleFunction$3.class]
[wrote /workdir/t-digest/core/target/classes/com/tdunning/math/stats/ScaleFunction$4.class]
[wrote /workdir/t-digest/core/target/classes/com/tdunning/math/stats/ScaleFunction$5.class]
[wrote /workdir/t-digest/core/target/classes/com/tdunning/math/stats/ScaleFunction$6.class]
[wrote /workdir/t-digest/core/target/classes/com/tdunning/math/stats/ScaleFunction$7.class]
[wrote /workdir/t-digest/core/target/classes/com/tdunning/math/stats/ScaleFunction.class]
[checking com.tdunning.math.stats.Sort]
[loading /modules/java.base/java/lang/System.class]
[wrote /workdir/t-digest/core/target/classes/com/tdunning/math/stats/Sort.class]
[checking com.tdunning.math.stats.Simple64]
[wrote /workdir/t-digest/core/target/classes/com/tdunning/math/stats/Simple64.class]
[checking com.tdunning.math.stats.AVLTreeDigest]
[wrote /workdir/t-digest/core/target/classes/com/tdunning/math/stats/AVLTreeDigest.class]
[checking com.tdunning.math.stats.AVLGroupTree]
[loading /modules/java.base/java/util/Spliterator.class]
[loading /modules/java.base/java/util/function/IntFunction.class]
[loading /modules/java.base/java/lang/UnsupportedOperationException.class]
[checking com.tdunning.math.stats.IntAVLTree]
[wrote /workdir/t-digest/core/target/classes/com/tdunning/math/stats/AVLGroupTree$1.class]
[wrote /workdir/t-digest/core/target/classes/com/tdunning/math/stats/AVLGroupTree$2.class]
[wrote /workdir/t-digest/core/target/classes/com/tdunning/math/stats/AVLGroupTree.class]
[wrote /workdir/t-digest/core/target/classes/com/tdunning/math/stats/IntAVLTree$IntStack.class]
[wrote /workdir/t-digest/core/target/classes/com/tdunning/math/stats/IntAVLTree$NodeAllocator.class]
[wrote /workdir/t-digest/core/target/classes/com/tdunning/math/stats/IntAVLTree.class]
[checking com.tdunning.math.stats.Dist]
[wrote /workdir/t-digest/core/target/classes/com/tdunning/math/stats/Dist.class]
[checking com.tdunning.math.stats.Comparison]
[wrote /workdir/t-digest/core/target/classes/com/tdunning/math/stats/Comparison.class]
[checking com.tdunning.math.stats.Histogram]
[wrote /workdir/t-digest/core/target/classes/com/tdunning/math/stats/Histogram.class]
[checking com.tdunning.math.stats.LogHistogram]
[wrote /workdir/t-digest/core/target/classes/com/tdunning/math/stats/LogHistogram.class]
[checking com.tdunning.math.stats.MergingDigest]
[loading /modules/java.base/java/io/PrintStream.class]
[loading /modules/java.base/java/io/FilterOutputStream.class]
[loading /modules/java.base/java/io/OutputStream.class]
[loading /modules/java.base/java/io/Flushable.class]
[wrote /workdir/t-digest/core/target/classes/com/tdunning/math/stats/MergingDigest$1$1.class]
[wrote /workdir/t-digest/core/target/classes/com/tdunning/math/stats/MergingDigest$1.class]
[wrote /workdir/t-digest/core/target/classes/com/tdunning/math/stats/MergingDigest$Encoding.class]
[wrote /workdir/t-digest/core/target/classes/com/tdunning/math/stats/MergingDigest.class]
[checking com.tdunning.math.stats.FloatHistogram]
[loading /modules/java.base/java/io/ObjectOutput.class]
[loading /modules/java.base/java/io/DataOutput.class]
[wrote /workdir/t-digest/core/target/classes/com/tdunning/math/stats/FloatHistogram.class]
[total 648ms]
[INFO] 
[INFO] --- maven-resources-plugin:2.6:testResources (default-testResources) @ t-digest ---
[INFO] Using 'UTF-8' encoding to copy filtered resources.
[INFO] skip non existing resourceDirectory /workdir/t-digest/core/src/test/resources
[INFO] 
[INFO] --- maven-compiler-plugin:3.3:testCompile (default-testCompile) @ t-digest ---
[INFO] Nothing to compile - all classes are up to date
[INFO] 
[INFO] --- maven-surefire-plugin:2.18.1:test (default-test) @ t-digest ---
[INFO] Tests are skipped.
[INFO] 
[INFO] --- junit4-maven-plugin:2.1.11:junit4 (tests) @ t-digest ---
WARNING: An illegal reflective access operation has occurred
WARNING: Illegal reflective access by org.dom4j.io.SAXContentHandler (file:/home/maven/.m2/repository/dom4j/dom4j/1.6.1/dom4j-1.6.1.jar) to method com.sun.org.apache.xerces.internal.parsers.AbstractSAXParser$LocatorProxy.getEncoding()
WARNING: Please consider reporting this to the maintainers of org.dom4j.io.SAXContentHandler
WARNING: Use --illegal-access=warn to enable warnings of further illegal reflective access operations
WARNING: All illegal access operations will be denied in a future release
[INFO] <JUnit4> says ᐊᐃ! Master seed: 2A169268D30C269E
Executing 16 suites with 1 JVM.

Started J0 PID(17908@605b8309f1f8).
Suite: com.tdunning.math.stats.AVLGroupTreeTest
Completed in 0.08s, 5 tests

Suite: com.tdunning.math.stats.TDigestUtilTest
Completed in 0.05s, 1 test

Suite: com.tdunning.math.stats.SortTest
Completed in 0.10s, 11 tests

Suite: com.tdunning.math.stats.MergingDigestTest
  1> Starting 0,10
  1> Starting 0,100
  1> Starting 0,1000
  1> Starting 1,10
  1> Starting 0,10000
  1> Starting 1,100
  1>                    1,10 (5 live threads, 19 pending tasks)
  1> Starting 1,1000
  1>                    0,10 (5 live threads, 18 pending tasks)
  1> Starting 1,10000
  1>                    1,100 (5 live threads, 17 pending tasks)
  1> Starting 2,10
  1>                    2,10 (5 live threads, 16 pending tasks)
  1> Starting 2,100
  1>                    0,100 (5 live threads, 15 pending tasks)
  1> Starting 2,1000
  1>                    2,100 (5 live threads, 14 pending tasks)
  1> Starting 2,10000
  1>                    1,1000 (5 live threads, 13 pending tasks)
  1> Starting 3,10
  1>                    3,10 (5 live threads, 12 pending tasks)
  1> Starting 3,100
  1>                    2,1000 (5 live threads, 11 pending tasks)
  1> Starting 3,1000
  1>                    0,1000 (5 live threads, 10 pending tasks)
  1> Starting 3,10000
  1>                    3,100 (5 live threads, 9 pending tasks)
  1> Starting 4,10
  1>                    4,10 (5 live threads, 8 pending tasks)
  1> Starting 4,100
  1>                    4,100 (5 live threads, 7 pending tasks)
  1> Starting 4,1000
  1>                    4,1000 (5 live threads, 6 pending tasks)
  1> Starting 4,10000
  1>                    3,1000 (5 live threads, 5 pending tasks)
  1>                    2,10000 (4 live threads, 4 pending tasks)
  1>                    0,10000 (3 live threads, 3 pending tasks)
  1>                    1,10000 (2 live threads, 2 pending tasks)
  1>                    3,10000 (1 live threads, 1 pending tasks)
  1>                    4,10000 (0 live threads, 0 pending tasks)
  1>    q	 estimated	    actual	 error_cdf	   error_q
  1> ====	==========	==========	==========	==========
  1> 0.01	      0.00	      0.00	      0.00	      0.04
  1> 0.05	      0.00	      0.00	      0.00	      0.00
  1> 0.10	      2.77	      0.00	      2.77	      0.05
  1> 0.25	     17.46	     20.00	      2.54	      0.03
  1> 0.50	     39.95	     40.00	      0.05	      0.00
  1> 0.75	     62.63	     60.00	      2.63	      0.03
  1> 0.90	     76.75	     80.00	      3.25	      0.06
  1> 0.95	     80.00	     80.00	      0.00	      0.01
  1> 0.99	     80.00	     80.00	      0.00	      0.03
  1> i, q, mean, count, dk
  1> 0,0.0000005,-5.2730523,1,1.0000000
  1> 1,0.0000015,-5.2317297,1,1.0000000
  1> 2,0.0000025,-5.0288539,1,1.0000000
  1> 3,0.0000035,-4.5168998,1,1.0000000
  1> 4,0.0000045,-4.4954395,1,1.0000000
  1> 5,0.0000055,-4.4604348,1,1.0000000
  1> 6,0.0000065,-4.4603232,1,1.0000000
  1> 7,0.0000075,-4.3770401,1,1.0000000
  1> 8,0.0000085,-4.3596526,1,1.0000000
  1> 9,0.0000095,-4.3501529,1,1.0000000
  1> 10,0.0000105,-4.3398995,1,1.0000000
  1> 11,0.0000120,-4.3186325,2,0.8878577
  1> 12,0.0000140,-4.2804624,2,0.7605527
  1> 13,0.0000160,-4.2425621,2,0.6652187
  1> 14,0.0000185,-4.1803489,3,0.8637599
  1> 15,0.0000215,-4.1494233,3,0.7428127
  1> 16,0.0000250,-4.1184149,4,0.8521989
  1> 17,0.0000285,-4.0786216,3,0.5599785
  1> 18,0.0000325,-4.0554036,5,0.8192955
  1> 19,0.0000375,-4.0098173,5,0.7097096
  1> 20,0.0000420,-3.9545105,4,0.5065690
  1> 21,0.0000470,-3.9114990,6,0.6794315
  1> 22,0.0000535,-3.8732599,7,0.6964168
  1> 23,0.0000600,-3.8469713,6,0.5319483
  1> 24,0.0000680,-3.8126125,10,0.7830440
  1> 25,0.0000785,-3.7793097,11,0.7460197
  1> 26,0.0000890,-3.7491910,10,0.5978431
  1> 27,0.0001005,-3.7294185,13,0.6885074
  1> 28,0.0001140,-3.6981979,14,0.6535825
  1> 29,0.0001310,-3.6591304,20,0.8130968
  1> 30,0.0001535,-3.6115710,25,0.8676448
  1> 31,0.0001760,-3.5826685,20,0.6047039
  1> 32,0.0002020,-3.5497971,32,0.8438747
  1> 33,0.0002370,-3.5113912,38,0.8541852
  1> 34,0.0002700,-3.4754187,28,0.5518006
  1> 35,0.0003010,-3.4487727,34,0.6011551
  1> 36,0.0003405,-3.4130113,45,0.7036512
  1> 37,0.0003890,-3.3713190,52,0.7117894
  1> 38,0.0004440,-3.3310817,58,0.6955645
  1> 39,0.0005030,-3.2922620,60,0.6350360
  1> 40,0.0005680,-3.2600099,70,0.6561872
  1> 41,0.0006545,-3.2199132,103,0.8386700
  1> 42,0.0007710,-3.1754807,130,0.8989516
  1> 43,0.0008880,-3.1299287,104,0.6237118
  1> 44,0.0010015,-3.0947831,123,0.6542092
  1> 45,0.0011270,-3.0608491,128,0.6049560
  1> 46,0.0012935,-3.0166238,205,0.8451639
  1> 47,0.0015200,-2.9661739,248,0.8703913
  1> 48,0.0017940,-2.9172730,300,0.8924276
  1> 49,0.0020945,-2.8691152,301,0.7666998
  1> 50,0.0024385,-2.8209938,387,0.8473082
  1> 51,0.0028270,-2.7735905,390,0.7364404
  1> 52,0.0032570,-2.7275710,470,0.7707807
  1> 53,0.0038050,-2.6733284,626,0.8797011
  1> 54,0.0043960,-2.6234501,556,0.6760658
  1> 55,0.0049535,-2.5810593,559,0.6033879
  1> 56,0.0055645,-2.5406875,663,0.6375343
  1> 57,0.0064060,-2.4905798,1020,0.8534922
  1> 58,0.0074715,-2.4352152,1111,0.7977017
  1> 59,0.0087680,-2.3766760,1482,0.9084091
  1> 60,0.0102955,-2.3178070,1573,0.8220440
  1> 61,0.0119070,-2.2635169,1650,0.7465398
  1> 62,0.0137655,-2.2075138,2067,0.8106925
  1> 63,0.0157350,-2.1549232,1872,0.6431512
  1> 64,0.0177465,-2.1070867,2151,0.6566112
  1> 65,0.0203270,-2.0514414,3010,0.8047713
  1> 66,0.0236650,-1.9871897,3666,0.8449254
  1> 67,0.0276695,-1.9193471,4343,0.8596566
  1> 68,0.0323815,-1.8500791,5081,0.8635624
  1> 69,0.0377030,-1.7804012,5562,0.8161816
  1> 70,0.0430075,-1.7194440,5047,0.6524382
  1> 71,0.0488725,-1.6585907,6683,0.7652341
  1> 72,0.0567665,-1.5844927,9105,0.9055879
  1> 73,0.0658880,-1.5084243,9138,0.7902761
  1> 74,0.0756055,-1.4361435,10297,0.7841573
  1> 75,0.0869570,-1.3597009,12406,0.8317480
  1> 76,0.1000675,-1.2807426,13815,0.8164920
  1> 77,0.1150225,-1.1999879,16095,0.8415635
  1> 78,0.1319425,-1.1179029,17745,0.8245088
  1> 79,0.1506315,-1.0342966,19633,0.8165484
  1> 80,0.1712880,-0.9499423,21680,0.8126347
  1> 81,0.1936305,-0.8653929,23005,0.7838153
  1> 82,0.2172835,-0.7819018,24301,0.7600399
  1> 83,0.2427650,-0.6976748,26662,0.7714343
  1> 84,0.2713115,-0.6096455,30431,0.8187222
  1> 85,0.3009930,-0.5225358,28932,0.7312641
  1> 86,0.3357745,-0.4241451,40631,0.9691107
  1> 87,0.3732200,-0.3232119,34260,0.7787895
  1> 88,0.4094900,-0.2290123,38280,0.8418441
  1> 89,0.4480410,-0.1307918,38822,0.8347660
  1> 90,0.4858860,-0.0349771,36868,0.7847557
  1> 91,0.5232110,0.0584785,37782,0.8053264
  1> 92,0.5610580,0.1540258,37912,0.8185911
  1> 93,0.6000540,0.2539151,40080,0.8881781
  1> 94,0.6392155,0.3565910,38243,0.8819518
  1> 95,0.6752390,0.4548212,33804,0.8198272
  1> 96,0.7070265,0.5453842,29771,0.7643527
  1> 97,0.7372015,0.6350897,30579,0.8396019
  1> 98,0.7660925,0.7257923,27203,0.8075302
  1> 99,0.7910110,0.8100952,22634,0.7282473
  1> 100,0.8152560,0.8971279,25856,0.9136167
  1> 101,0.8376335,0.9842335,18899,0.7392371
  1> 102,0.8557480,1.0605980,17330,0.7468988
  1> 103,0.8718860,1.1344006,14946,0.7118381
  1> 104,0.8872520,1.2113878,15786,0.8399037
  1> 105,0.9027725,1.2967413,15255,0.9254083
  1> 106,0.9161345,1.3791742,11469,0.7944853
  1> 107,0.9269680,1.4535835,10198,0.8018147
  1> 108,0.9367905,1.5295130,9447,0.8493947
  1> 109,0.9453840,1.6032216,7740,0.7979629
  1> 110,0.9525475,1.6709688,6587,0.7756910
  1> 111,0.9587280,1.7374212,5774,0.7767612
  1> 112,0.9640800,1.8012776,4930,0.7577697
  1> 113,0.9688110,1.8642344,4532,0.7984956
  1> 114,0.9731755,1.9301738,4197,0.8561735
  1> 115,0.9769800,1.9962740,3412,0.8077515
  1> 116,0.9802770,2.0617491,3182,0.8765678
  1> 117,0.9831375,2.1250560,2539,0.8154855
  1> 118,0.9856080,2.1864476,2402,0.9020390
  1> 119,0.9876695,2.2453748,1721,0.7522590
  1> 120,0.9893995,2.3034596,1739,0.8831797
  1> 121,0.9910010,2.3652993,1464,0.8743912
  1> 122,0.9921865,2.4170285,907,0.6224923
  1> 123,0.9931310,2.4632720,982,0.7663528
  1> 124,0.9939760,2.5105110,708,0.6291455
  1> 125,0.9947445,2.5587780,829,0.8445166
  1> 126,0.9954975,2.6126292,677,0.8042524
  1> 127,0.9961355,2.6659550,599,0.8286375
  1> 128,0.9967025,2.7178480,535,0.8670352
  1> 129,0.9971390,2.7632632,338,0.6304181
  1> 130,0.9975155,2.8071630,415,0.8920328
  1> 131,0.9978570,2.8550645,268,0.6669467
  1> 132,0.9981015,2.8961081,221,0.6205521
  1> 133,0.9983160,2.9326812,208,0.6583948
  1> 134,0.9985240,2.9714462,208,0.7513093
  1> 135,0.9987240,3.0114556,192,0.8022441
  1> 136,0.9988930,3.0501048,146,0.7027443
  1> 137,0.9990465,3.0961242,161,0.9003982
  1> 138,0.9991850,3.1453359,116,0.7583501
  1> 139,0.9992860,3.1840055,86,0.6413824
  1> 140,0.9993785,3.2265235,99,0.8489173
  1> 141,0.9994655,3.2690634,75,0.7473784
  1> 142,0.9995305,3.3066697,55,0.6236045
  1> 143,0.9995835,3.3416183,51,0.6518692
  1> 144,0.9996365,3.3775791,55,0.8059861
  1> 145,0.9996860,3.4208557,44,0.7461951
  1> 146,0.9997285,3.4567623,41,0.8043409
  1> 147,0.9997685,3.4978866,39,0.8976878
  1> 148,0.9998040,3.5404053,32,0.8698160
  1> 149,0.9998300,3.5816305,20,0.6260911
  1> 150,0.9998500,3.6268700,20,0.7097894
  1> 151,0.9998685,3.6745148,17,0.6881248
  1> 152,0.9998855,3.7007353,17,0.7906310
  1> 153,0.9999015,3.7277356,15,0.8109988
  1> 154,0.9999160,3.7718400,14,0.8879215
  1> 155,0.9999280,3.8217525,10,0.7393999
  1> 156,0.9999370,3.8515778,8,0.6758377
  1> 157,0.9999450,3.8931235,8,0.7744612
  1> 158,0.9999515,3.9209344,5,0.5484228
  1> 159,0.9999570,3.9511541,6,0.7428286
  1> 160,0.9999630,3.9908751,6,0.8637758
  1> 161,0.9999685,4.0483871,5,0.8454122
  1> 162,0.9999725,4.0856794,3,0.5803805
  1> 163,0.9999755,4.1162096,3,0.6516140
  1> 164,0.9999785,4.1350461,3,0.7428127
  1> 165,0.9999815,4.1836291,3,0.8637599
  1> 166,0.9999840,4.1953745,2,0.6652187
  1> 167,0.9999860,4.2083111,2,0.7605527
  1> 168,0.9999880,4.2173516,2,0.8878577
  1> 169,0.9999895,4.2458773,1,1.0000000
  1> 170,0.9999905,4.3085192,1,1.0000000
  1> 171,0.9999915,4.3246429,1,1.0000000
  1> 172,0.9999925,4.3596068,1,1.0000000
  1> 173,0.9999935,4.3641384,1,1.0000000
  1> 174,0.9999945,4.4225126,1,1.0000000
  1> 175,0.9999955,4.4327340,1,1.0000000
  1> 176,0.9999965,4.4650265,1,1.0000000
  1> 177,0.9999975,4.5549681,1,1.0000000
  1> 178,0.9999985,4.5884983,1,1.0000000
  1> 179,0.9999995,4.9161359,1,1.0000000
  1> # 0.836992us per point
  1> # 65 centroids
  1> # 0.312775us per point
  1> # 64 centroids
  1> delta, q, x1, x2, q1, q2, error_x, error_q
  1> 20,0.500000,50.500192,50.500119,0.500001,0.500073,0.000146,0.000145
  1> 20,0.900000,50.900087,50.899729,0.900001,0.900364,0.003580,0.003637
  1> 20,0.990000,50.989955,50.988244,0.990001,0.991455,0.171091,0.145472
  1> 20,0.999000,50.999012,50.998825,0.999001,0.999159,0.187044,0.158592
  1> 20,0.999900,50.999917,50.999883,0.999901,0.999928,0.333844,0.278953
  1> 20,0.999990,50.999994,50.999989,0.999991,0.999994,0.519030,0.391464
  1> 20,0.999999,51.000000,51.000000,1.000000,1.000000,0.000000,0.000000
  1> 50,0.500000,50.499404,50.499349,0.500001,0.500056,0.000112,0.000111
  1> 50,0.900000,50.899771,50.899688,0.900001,0.900083,0.000834,0.000830
  1> 50,0.990000,50.990037,50.988625,0.990001,0.991466,0.141212,0.146557
  1> 50,0.999000,50.998984,50.998833,0.999001,0.999129,0.150309,0.128232
  1> 50,0.999900,50.999901,50.999884,0.999901,0.999914,0.167672,0.138603
  1> 50,0.999990,50.999991,50.999989,0.999991,0.999991,0.133627,0.064445
  1> 50,0.999999,51.000000,51.000000,1.000000,1.000000,0.000000,0.000000
  1> 100,0.500000,50.499743,50.499717,0.500001,0.500026,0.000053,0.000051
  1> 100,0.900000,50.899873,50.900006,0.900001,0.899866,0.001333,0.001343
  1> 100,0.990000,50.990100,50.989733,0.990001,0.990397,0.036723,0.039631
  1> 100,0.999000,50.999009,50.998816,0.999001,0.999163,0.192829,0.162257
  1> 100,0.999900,50.999916,50.999882,0.999901,0.999929,0.339350,0.281427
  1> 100,0.999990,50.999991,50.999989,0.999991,0.999991,0.177282,0.099634
  1> 100,0.999999,51.000000,51.000000,1.000000,1.000000,0.000000,0.000000
  1> 200,0.500000,50.500797,50.500778,0.500001,0.500018,0.000038,0.000036
  1> 200,0.900000,50.900120,50.900143,0.900001,0.899977,0.000232,0.000236
  1> 200,0.990000,50.989899,50.989852,0.990001,0.990046,0.004671,0.004592
  1> 200,0.999000,50.999031,50.998812,0.999001,0.999185,0.219587,0.184104
  1> 200,0.999900,50.999914,50.999882,0.999901,0.999927,0.322703,0.266292
  1> 200,0.999990,50.999989,50.999989,0.999991,0.999990,0.054731,0.096011
  1> 200,0.999999,51.000000,51.000000,1.000000,1.000000,0.000000,0.000000
  1> # 0.117285us per point
  1> # 226 centroids
  1> # big 944 bytes
  1> # small 486 bytes
  1> # 0.052181us per point
  1> # 114 centroids
  1> # 0.220617us per point
  1> # 118 centroids
Completed in 12.67s, 30 tests

Suite: com.tdunning.math.stats.AbstractTest
Suite: com.tdunning.math.stats.AlternativeMergeTest
Completed in 0.36s, 1 test

Suite: com.tdunning.math.stats.ComparisonTest
  1> 269.47146 0.59368
Completed in 17.03s, 5 tests

Suite: com.tdunning.scale.ScaleTest
  1> Failed 0 times (up to 5 acceptable)
IGNOR/A 0.02s | ScaleTest.testGrowth
   > Assumption #1: got: <false>, expected: is <true>
Completed in 0.03s, 1 test, 1 skipped

Suite: com.tdunning.math.stats.TDigestTest
Suite: com.tdunning.math.stats.MegaMergeTest
IGNOR/A 0.00s | MegaMergeTest.megaMerge
   > Assumption #1: got: <false>, expected: is <true>
IGNOR/A 0.00s | MegaMergeTest.testLargeMerge
   > Assumption #1: got: <false>, expected: is <true>
Completed in 0.00s, 2 tests, 2 skipped

Suite: com.tdunning.math.stats.AVLTreeDigestTest
  1> Starting 0,10
  1> Starting 0,1000
  1> Starting 0,10000
  1> Starting 0,100
  1> Starting 1,10
  1>                    0,10 (4 live threads, 19 pending tasks)
  1> Starting 1,1000
  1> Starting 1,100
  1>                    1,10 (5 live threads, 18 pending tasks)
  1> Starting 1,10000
  1>                    0,100 (5 live threads, 17 pending tasks)
  1> Starting 2,10
  1>                    1,100 (5 live threads, 16 pending tasks)
  1> Starting 2,100
  1>                    2,10 (5 live threads, 15 pending tasks)
  1> Starting 2,1000
  1>                    2,100 (5 live threads, 14 pending tasks)
  1> Starting 2,10000
  1>                    0,1000 (5 live threads, 13 pending tasks)
  1> Starting 3,10
  1>                    3,10 (5 live threads, 12 pending tasks)
  1> Starting 3,100
  1>                    3,100 (5 live threads, 11 pending tasks)
  1> Starting 3,1000
  1>                    2,1000 (5 live threads, 10 pending tasks)
  1> Starting 3,10000
  1>                    1,1000 (5 live threads, 9 pending tasks)
  1> Starting 4,10
  1>                    4,10 (5 live threads, 8 pending tasks)
  1> Starting 4,100
  1>                    4,100 (5 live threads, 7 pending tasks)
  1> Starting 4,1000
  1>                    3,1000 (5 live threads, 6 pending tasks)
  1> Starting 4,10000
  1>                    4,1000 (5 live threads, 5 pending tasks)
  1>                    0,10000 (4 live threads, 4 pending tasks)
  1>                    1,10000 (3 live threads, 3 pending tasks)
  1>                    2,10000 (2 live threads, 2 pending tasks)
  1>                    3,10000 (1 live threads, 1 pending tasks)
  1>                    4,10000 (0 live threads, 0 pending tasks)
  1> i, q, mean, count, dk
  1> 0,0.0000005,-5.1138263,1,1.0000000
  1> 1,0.0000015,-5.0833090,1,1.0000000
  1> 2,0.0000025,-4.4692973,1,1.0000000
  1> 3,0.0000035,-4.4645222,1,1.0000000
  1> 4,0.0000045,-4.3802434,1,1.0000000
  1> 5,0.0000055,-4.3579956,1,1.0000000
  1> 6,0.0000065,-4.3454554,1,1.0000000
  1> 7,0.0000075,-4.3445517,1,1.0000000
  1> 8,0.0000085,-4.2876525,1,1.0000000
  1> 9,0.0000095,-4.2776444,1,1.0000000
  1> 10,0.0000105,-4.2704900,1,1.0000000
  1> 11,0.0000120,-4.2491272,2,0.8878577
  1> 12,0.0000140,-4.1868103,2,0.7605527
  1> 13,0.0000160,-4.1521289,2,0.6652187
  1> 14,0.0000185,-4.1209857,3,0.8637599
  1> 15,0.0000215,-4.0941866,3,0.7428127
  1> 16,0.0000245,-4.0820671,3,0.6516140
  1> 17,0.0000280,-4.0336477,4,0.7605634
  1> 18,0.0000320,-3.9996875,4,0.6652294
  1> 19,0.0000365,-3.9747943,5,0.7292133
  1> 20,0.0000420,-3.9451439,6,0.7605740
  1> 21,0.0000480,-3.9238854,6,0.6652400
  1> 22,0.0000540,-3.9012039,6,0.5911659
  1> 23,0.0000610,-3.8649570,8,0.6980577
  1> 24,0.0000700,-3.8276686,10,0.7605952
  1> 25,0.0000810,-3.7986048,12,0.7888758
  1> 26,0.0000925,-3.7718187,11,0.6328266
  1> 27,0.0001030,-3.7398475,10,0.5164521
  1> 28,0.0001175,-3.6956120,19,0.8613838
  1> 29,0.0001375,-3.6561670,21,0.8133989
  1> 30,0.0001555,-3.6135101,15,0.5131526
  1> 31,0.0001770,-3.5722689,28,0.8426567
  1> 32,0.0002060,-3.5169377,30,0.7755213
  1> 33,0.0002385,-3.4848308,35,0.7815295
  1> 34,0.0002785,-3.4495888,45,0.8608682
  1> 35,0.0003280,-3.4087908,54,0.8772572
  1> 36,0.0003770,-3.3763929,44,0.6212261
  1> 37,0.0004325,-3.3401349,67,0.8253308
  1> 38,0.0005020,-3.3003145,72,0.7639654
  1> 39,0.0005740,-3.2604902,72,0.6679149
  1> 40,0.0006640,-3.2174367,108,0.8669315
  1> 41,0.0007685,-3.1766467,101,0.7000326
  1> 42,0.0008785,-3.1411031,119,0.7216602
  1> 43,0.0010025,-3.1039747,129,0.6855225
  1> 44,0.0011415,-3.0640275,149,0.6955118
  1> 45,0.0012885,-3.0249042,145,0.5994914
  1> 46,0.0014860,-2.9843537,250,0.8975819
  1> 47,0.0017065,-2.9397990,191,0.5964899
  1> 48,0.0019185,-2.9010473,233,0.6475045
  1> 49,0.0022095,-2.8547771,349,0.8430950
  1> 50,0.0025385,-2.8065536,309,0.6493846
  1> 51,0.0028765,-2.7655566,367,0.6809610
  1> 52,0.0032715,-2.7223274,423,0.6904016
  1> 53,0.0037865,-2.6736006,607,0.8570546
  1> 54,0.0044035,-2.6215887,627,0.7613763
  1> 55,0.0051190,-2.5703651,804,0.8407588
  1> 56,0.0060070,-2.5133397,972,0.8670636
  1> 57,0.0069030,-2.4633934,820,0.6364632
  1> 58,0.0079265,-2.4116643,1227,0.8309271
  1> 59,0.0091935,-2.3574383,1307,0.7638591
  1> 60,0.0106245,-2.3022686,1555,0.7876089
  1> 61,0.0123960,-2.2434995,1988,0.8648781
  1> 62,0.0145905,-2.1809506,2401,0.8895184
  1> 63,0.0169745,-2.1215314,2367,0.7551110
  1> 64,0.0195855,-2.0636669,2855,0.7915868
  1> 65,0.0228230,-1.9991139,3620,0.8644420
  1> 66,0.0266435,-1.9342081,4021,0.8255745
  1> 67,0.0306080,-1.8727023,3908,0.7009293
  1> 68,0.0350420,-1.8100615,4960,0.7808484
  1> 69,0.0405540,-1.7436847,6064,0.8297827
  1> 70,0.0470285,-1.6745907,6885,0.8178714
  1> 71,0.0546100,-1.6031199,8278,0.8537125
  1> 72,0.0638750,-1.5251083,10252,0.9130624
  1> 73,0.0743630,-1.4478331,10724,0.8293521
  1> 74,0.0851160,-1.3752758,10782,0.7367766
  1> 75,0.0975335,-1.2989251,14053,0.8498567
  1> 76,0.1130710,-1.2132161,17022,0.9036129
  1> 77,0.1308755,-1.1251035,18587,0.8697373
  1> 78,0.1495555,-1.0406483,18773,0.7853348
  1> 79,0.1695780,-0.9575478,21272,0.8037090
  1> 80,0.1918675,-0.8722182,23307,0.7996898
  1> 81,0.2165470,-0.7843573,26052,0.8169148
  1> 82,0.2427665,-0.6981522,26387,0.7634619
  1> 83,0.2706290,-0.6118383,29338,0.7905243
  1> 84,0.3015120,-0.5211893,32428,0.8189436
  1> 85,0.3353720,-0.4273128,35292,0.8420790
  1> 86,0.3695905,-0.3358616,33145,0.7564430
  1> 87,0.4027080,-0.2478452,33090,0.7314619
  1> 88,0.4372095,-0.1586139,35913,0.7760655
  1> 89,0.4730435,-0.0680706,35755,0.7626581
  1> 90,0.5084315,0.0202963,35021,0.7450253
  1> 91,0.5439250,0.1092676,35966,0.7708904
  1> 92,0.5836355,0.2100294,43455,0.9510851
  1> 93,0.6267915,0.3215700,42857,0.9745205
  1> 94,0.6646115,0.4229534,32783,0.7821199
  1> 95,0.6963850,0.5113251,30764,0.7738054
  1> 96,0.7259045,0.5982177,28275,0.7557832
  1> 97,0.7538825,0.6839663,27681,0.7935501
  1> 98,0.7807980,0.7723354,26150,0.8127955
  1> 99,0.8058195,0.8601447,23893,0.8123756
  1> 100,0.8294585,0.9499204,23385,0.8797601
  1> 101,0.8502310,1.0353801,18160,0.7587412
  1> 102,0.8676925,1.1136285,16763,0.7769432
  1> 103,0.8849230,1.1977896,17698,0.9252784
  1> 104,0.9002490,1.2804926,12954,0.7676377
  1> 105,0.9123095,1.3524928,11167,0.7427792
  1> 106,0.9229805,1.4227325,10175,0.7617399
  1> 107,0.9329835,1.4953064,9831,0.8370506
  1> 108,0.9421250,1.5705915,8452,0.8252207
  1> 109,0.9497730,1.6396103,6844,0.7636136
  1> 110,0.9559945,1.7038098,5599,0.7082561
  1> 111,0.9617565,1.7686191,5925,0.8577967
  1> 112,0.9671605,1.8376604,4883,0.8185562
  1> 113,0.9715375,1.9011483,3871,0.7451150
  1> 114,0.9750855,1.9575837,3225,0.7064937
  1> 115,0.9782520,2.0137675,3108,0.7777082
  1> 116,0.9812165,2.0734492,2821,0.8149777
  1> 117,0.9838200,2.1340181,2386,0.7980562
  1> 118,0.9861410,2.1940588,2256,0.8792203
  1> 119,0.9881640,2.2552172,1790,0.8149296
  1> 120,0.9896355,2.3061917,1153,0.5980405
  1> 121,0.9909795,2.3593487,1535,0.9148207
  1> 122,0.9923815,2.4217137,1269,0.8941164
  1> 123,0.9934865,2.4785969,941,0.7741880
  1> 124,0.9944110,2.5338358,908,0.8702009
  1> 125,0.9952235,2.5895491,717,0.8031255
  1> 126,0.9958030,2.6355544,442,0.5625889
  1> 127,0.9962950,2.6793027,542,0.7817675
  1> 128,0.9967740,2.7290740,416,0.6885164
  1> 129,0.9971565,2.7699217,349,0.6549897
  1> 130,0.9974875,2.8086863,313,0.6646195
  1> 131,0.9978215,2.8546288,355,0.8698828
  1> 132,0.9981560,2.9076708,314,0.9088708
  1> 133,0.9984225,2.9570667,219,0.7401834
  1> 134,0.9986120,2.9971011,160,0.6141801
  1> 135,0.9987750,3.0333809,166,0.7221884
  1> 136,0.9989255,3.0691902,135,0.6693403
  1> 137,0.9990470,3.1028297,108,0.6035191
  1> 138,0.9991515,3.1374682,101,0.6339170
  1> 139,0.9992545,3.1714756,105,0.7503529
  1> 140,0.9993530,3.2118603,92,0.7574929
  1> 141,0.9994435,3.2570244,89,0.8522664
  1> 142,0.9995275,3.3069610,79,0.8910989
  1> 143,0.9995935,3.3518152,53,0.6942071
  1> 144,0.9996445,3.3861438,49,0.7339740
  1> 145,0.9996890,3.4189165,40,0.6847237
  1> 146,0.9997275,3.4516130,37,0.7229413
  1> 147,0.9997610,3.4821369,30,0.6681582
  1> 148,0.9997915,3.5127598,31,0.7918247
  1> 149,0.9998215,3.5566284,29,0.8655182
  1> 150,0.9998435,3.5992196,15,0.5098691
  1> 151,0.9998595,3.6278705,17,0.6439398
  1> 152,0.9998745,3.6539706,13,0.5510918
  1> 153,0.9998900,3.6816066,18,0.8717269
  1> 154,0.9999060,3.7098892,14,0.7930978
  1> 155,0.9999175,3.7397236,9,0.5804124
  1> 156,0.9999265,3.7593808,9,0.6516459
  1> 157,0.9999350,3.7830097,8,0.6549905
  1> 158,0.9999425,3.8241875,7,0.6478485
  1> 159,0.9999495,3.8524439,7,0.7379152
  1> 160,0.9999560,3.8712717,6,0.7258937
  1> 161,0.9999620,3.8872819,6,0.8409495
  1> 162,0.9999670,3.9142888,4,0.6450212
  1> 163,0.9999705,3.9355156,3,0.5409633
  1> 164,0.9999740,3.9683624,4,0.8192902
  1> 165,0.9999775,4.0025252,3,0.7096990
  1> 166,0.9999805,4.0601992,3,0.8192849
  1> 167,0.9999830,4.1048216,2,0.6259955
  1> 168,0.9999850,4.1693145,2,0.7096937
  1> 169,0.9999870,4.1823813,2,0.8192796
  1> 170,0.9999885,4.2093560,1,1.0000000
  1> 171,0.9999895,4.2172882,1,1.0000000
  1> 172,0.9999905,4.2477394,1,1.0000000
  1> 173,0.9999915,4.2628373,1,1.0000000
  1> 174,0.9999925,4.2783726,1,1.0000000
  1> 175,0.9999935,4.3376008,1,1.0000000
  1> 176,0.9999945,4.3797459,1,1.0000000
  1> 177,0.9999955,4.4395741,1,1.0000000
  1> 178,0.9999965,4.4448051,1,1.0000000
  1> 179,0.9999975,4.5112861,1,1.0000000
  1> 180,0.9999985,4.6699572,1,1.0000000
  1> 181,0.9999995,4.6712951,1,1.0000000
  1> # 0.696864us per point
  1> # 194 centroids
  1> # 0.328209us per point
  1> # 380 centroids
  1> delta, q, x1, x2, q1, q2, error_x, error_q
  1> 20,0.500000,50.500668,50.500601,0.500001,0.500068,0.000135,0.000134
  1> 20,0.900000,50.900257,50.900208,0.900001,0.900050,0.000500,0.000492
  1> 20,0.990000,50.990081,50.990090,0.990001,0.989991,0.000914,0.000972
  1> 20,0.999000,50.999035,50.999009,0.999001,0.999026,0.025857,0.025592
  1> 20,0.999900,50.999917,50.999901,0.999901,0.999916,0.161374,0.157839
  1> 20,0.999990,50.999993,50.999990,0.999991,0.999992,0.245736,0.197967
  1> 20,0.999999,50.999999,50.999999,1.000000,1.000000,0.000000,0.000000
  1> 50,0.500000,50.500317,50.500403,0.500001,0.499915,0.000172,0.000172
  1> 50,0.900000,50.899638,50.899671,0.900001,0.899967,0.000333,0.000337
  1> 50,0.990000,50.989821,50.989831,0.990001,0.989990,0.001028,0.001071
  1> 50,0.999000,50.998924,50.998980,0.999001,0.998945,0.056280,0.055659
  1> 50,0.999900,50.999890,50.999898,0.999901,0.999892,0.085494,0.088792
  1> 50,0.999990,50.999995,50.999990,0.999991,0.999994,0.447611,0.388696
  1> 50,0.999999,50.999999,50.999999,1.000000,1.000000,0.000000,0.000000
  1> 100,0.500000,50.499798,50.499719,0.500001,0.500079,0.000158,0.000157
  1> 100,0.900000,50.899937,50.899936,0.900001,0.900000,0.000005,0.000000
  1> 100,0.990000,50.989963,50.989987,0.990001,0.989975,0.002480,0.002538
  1> 100,0.999000,50.998955,50.998990,0.999001,0.998965,0.035247,0.035405
  1> 100,0.999900,50.999892,50.999899,0.999901,0.999893,0.068633,0.072967
  1> 100,0.999990,50.999984,50.999990,0.999991,0.999984,0.606908,0.651016
  1> 100,0.999999,50.999999,50.999999,1.000000,1.000000,0.000000,0.000000
  1> 200,0.500000,50.499802,50.499830,0.500001,0.499972,0.000056,0.000058
  1> 200,0.900000,50.899947,50.899930,0.900001,0.900017,0.000165,0.000160
  1> 200,0.990000,50.989888,50.989916,0.990001,0.989972,0.002830,0.002834
  1> 200,0.999000,50.998988,50.999003,0.999001,0.998985,0.015192,0.015729
  1> 200,0.999900,50.999899,50.999901,0.999901,0.999898,0.021119,0.026171
  1> 200,0.999990,50.999986,50.999991,0.999991,0.999985,0.481924,0.533110
  1> 200,0.999999,51.000000,51.000000,1.000000,1.000000,0.000000,0.000000
  1> # 0.248932us per point
  1> # 627 centroids
  1> # big 584 bytes
  1> # small 286 bytes
  1> # 0.229259us per point
  1> # 332 centroids
Completed in 19.90s, 30 tests

Suite: com.tdunning.math.stats.IntAVLTreeTest
Completed in 0.44s, 2 tests

Suite: com.tdunning.math.stats.FloatHistogramTest
  1> Checking χ^2 = 165.4642 ± 16.9 against expected 165.4000 ± 18.0
Completed in 1.70s, 6 tests

Suite: com.tdunning.math.stats.LogHistogramTest
  1> Checking χ^2 = 147.3353 ± 16.6 against expected 146.0000 ± 17.0
Completed in 1.90s, 8 tests

Suite: com.tdunning.math.stats.SerializationTest
Completed in 0.00s, 1 test

Suite: com.tdunning.math.stats.TDigestSerializationTest
Completed in 0.13s, 2 tests

[INFO] JVM J0:     0.36 ..    55.80 =    55.45s
[INFO] Execution time total: 55 seconds
[INFO] Tests summary: 16 suites, 105 tests, 3 ignored (3 assumptions)
[INFO] 
[INFO] -------------------< com.tdunning:t-digest-quality >--------------------
[INFO] Building t-digest-quality 3.3-SNAPSHOT                             [3/4]
[INFO] --------------------------------[ jar ]---------------------------------
[INFO] 
[INFO] --- maven-resources-plugin:2.6:resources (default-resources) @ t-digest-quality ---
[WARNING] Using platform encoding (UTF-8 actually) to copy filtered resources, i.e. build is platform dependent!
[INFO] skip non existing resourceDirectory /workdir/t-digest/quality/src/main/resources
[INFO] 
[INFO] --- maven-compiler-plugin:3.3:compile (default-compile) @ t-digest-quality ---
[INFO] No sources to compile
[INFO] 
[INFO] --- maven-resources-plugin:2.6:testResources (default-testResources) @ t-digest-quality ---
[WARNING] Using platform encoding (UTF-8 actually) to copy filtered resources, i.e. build is platform dependent!
[INFO] skip non existing resourceDirectory /workdir/t-digest/quality/src/test/resources
[INFO] 
[INFO] --- maven-compiler-plugin:3.3:testCompile (default-testCompile) @ t-digest-quality ---
[INFO] Nothing to compile - all classes are up to date
[INFO] 
[INFO] --- maven-surefire-plugin:2.12.4:test (default-test) @ t-digest-quality ---
[INFO] Surefire report directory: /workdir/t-digest/quality/target/surefire-reports

-------------------------------------------------------
 T E S T S
-------------------------------------------------------
Running com.tdunning.tdigest.quality.SinglePassTest
0
1
2
3
4
5
6
7
8
9
10
11
12
13
14
15
16
17
18
19
20
21
22
23
24
25
26
27
28
29
30
31
32
33
34
35
36
37
38
39
40
41
42
43
44
45
46
47
48
49
Tests run: 1, Failures: 0, Errors: 0, Skipped: 0, Time elapsed: 119.65 sec
Running com.tdunning.tdigest.quality.ComparisonTest
Tests run: 2, Failures: 0, Errors: 0, Skipped: 0, Time elapsed: 65.082 sec
Running com.tdunning.tdigest.quality.AccuracyTest
Starting 0
Starting 3
Starting 2
Starting 4
Starting 1
Starting 5
    Finishing 1
Starting 6
    Finishing 6
Starting 7
    Finishing 5
Starting 8
    Finishing 3
Starting 9
    Finishing 4
Starting 10
    Finishing 2
Starting 11
    Finishing 7
Starting 12
    Finishing 10
Starting 13
    Finishing 9
Starting 14
    Finishing 8
Starting 15
    Finishing 11
Starting 16
    Finishing 12
Starting 17
    Finishing 13
Starting 18
    Finishing 14
Starting 19
    Finishing 17
    Finishing 15
    Finishing 16
    Finishing 18
    Finishing 19
    Finishing 20
java.lang.ArrayIndexOutOfBoundsException: Index 210 out of bounds for length 210
	at com.tdunning.math.stats.MergingDigest.merge(MergingDigest.java:453)
	at com.tdunning.math.stats.MergingDigest.mergeNewValues(MergingDigest.java:363)
	at com.tdunning.math.stats.MergingDigest.mergeNewValues(MergingDigest.java:353)
	at com.tdunning.math.stats.MergingDigest.add(MergingDigest.java:259)
	at com.tdunning.math.stats.MergingDigest.add(MergingDigest.java:251)
	at com.tdunning.math.stats.AbstractTDigest.add(AbstractTDigest.java:131)
	at com.tdunning.tdigest.quality.AccuracyTest.lambda$testAccuracyVersusCompression$1(AccuracyTest.java:290)
	at java.base/java.util.concurrent.FutureTask.run(FutureTask.java:264)
	at java.base/java.util.concurrent.ThreadPoolExecutor.runWorker(ThreadPoolExecutor.java:1128)
	at java.base/java.util.concurrent.ThreadPoolExecutor$Worker.run(ThreadPoolExecutor.java:628)
	at java.base/java.lang.Thread.run(Thread.java:834)
java.lang.ArrayIndexOutOfBoundsException: Index 1010 out of bounds for length 1010
	at com.tdunning.math.stats.MergingDigest.merge(MergingDigest.java:453)
	at com.tdunning.math.stats.MergingDigest.mergeNewValues(MergingDigest.java:363)
	at com.tdunning.math.stats.MergingDigest.mergeNewValues(MergingDigest.java:353)
	at com.tdunning.math.stats.MergingDigest.add(MergingDigest.java:259)
	at com.tdunning.math.stats.MergingDigest.add(MergingDigest.java:251)
	at com.tdunning.math.stats.AbstractTDigest.add(AbstractTDigest.java:131)
	at com.tdunning.tdigest.quality.AccuracyTest.lambda$testAccuracyVersusCompression$1(AccuracyTest.java:290)
	at java.base/java.util.concurrent.FutureTask.run(FutureTask.java:264)
	at java.base/java.util.concurrent.ThreadPoolExecutor.runWorker(ThreadPoolExecutor.java:1128)
	at java.base/java.util.concurrent.ThreadPoolExecutor$Worker.run(ThreadPoolExecutor.java:628)
	at java.base/java.lang.Thread.run(Thread.java:834)
java.lang.ArrayIndexOutOfBoundsException: Index 410 out of bounds for length 410
	at com.tdunning.math.stats.MergingDigest.merge(MergingDigest.java:453)
	at com.tdunning.math.stats.MergingDigest.mergeNewValues(MergingDigest.java:363)
	at com.tdunning.math.stats.MergingDigest.mergeNewValues(MergingDigest.java:353)
	at com.tdunning.math.stats.MergingDigest.add(MergingDigest.java:259)
	at com.tdunning.math.stats.MergingDigest.add(MergingDigest.java:251)
	at com.tdunning.math.stats.AbstractTDigest.add(AbstractTDigest.java:131)
	at com.tdunning.tdigest.quality.AccuracyTest.lambda$testAccuracyVersusCompression$1(AccuracyTest.java:290)
	at java.base/java.util.concurrent.FutureTask.run(FutureTask.java:264)
	at java.base/java.util.concurrent.ThreadPoolExecutor.runWorker(ThreadPoolExecutor.java:1128)
	at java.base/java.util.concurrent.ThreadPoolExecutor$Worker.run(ThreadPoolExecutor.java:628)
	at java.base/java.lang.Thread.run(Thread.java:834)
java.lang.ArrayIndexOutOfBoundsException: Index 1010 out of bounds for length 1010
	at com.tdunning.math.stats.MergingDigest.merge(MergingDigest.java:453)
	at com.tdunning.math.stats.MergingDigest.mergeNewValues(MergingDigest.java:363)
	at com.tdunning.math.stats.MergingDigest.mergeNewValues(MergingDigest.java:353)
	at com.tdunning.math.stats.MergingDigest.add(MergingDigest.java:259)
	at com.tdunning.math.stats.MergingDigest.add(MergingDigest.java:251)
	at com.tdunning.math.stats.AbstractTDigest.add(AbstractTDigest.java:131)
	at com.tdunning.tdigest.quality.AccuracyTest.lambda$testAccuracyVersusCompression$1(AccuracyTest.java:290)
	at java.base/java.util.concurrent.FutureTask.run(FutureTask.java:264)
	at java.base/java.util.concurrent.ThreadPoolExecutor.runWorker(ThreadPoolExecutor.java:1128)
	at java.base/java.util.concurrent.ThreadPoolExecutor$Worker.run(ThreadPoolExecutor.java:628)
	at java.base/java.lang.Thread.run(Thread.java:834)
java.lang.ArrayIndexOutOfBoundsException: Index 210 out of bounds for length 210
	at com.tdunning.math.stats.MergingDigest.merge(MergingDigest.java:453)
	at com.tdunning.math.stats.MergingDigest.mergeNewValues(MergingDigest.java:363)
	at com.tdunning.math.stats.MergingDigest.mergeNewValues(MergingDigest.java:353)
	at com.tdunning.math.stats.MergingDigest.add(MergingDigest.java:259)
	at com.tdunning.math.stats.MergingDigest.add(MergingDigest.java:251)
	at com.tdunning.math.stats.AbstractTDigest.add(AbstractTDigest.java:131)
	at com.tdunning.tdigest.quality.AccuracyTest.lambda$testAccuracyVersusCompression$1(AccuracyTest.java:290)
	at java.base/java.util.concurrent.FutureTask.run(FutureTask.java:264)
	at java.base/java.util.concurrent.ThreadPoolExecutor.runWorker(ThreadPoolExecutor.java:1128)
	at java.base/java.util.concurrent.ThreadPoolExecutor$Worker.run(ThreadPoolExecutor.java:628)
	at java.base/java.lang.Thread.run(Thread.java:834)
java.lang.ArrayIndexOutOfBoundsException: Index 210 out of bounds for length 210
	at com.tdunning.math.stats.MergingDigest.merge(MergingDigest.java:453)
	at com.tdunning.math.stats.MergingDigest.mergeNewValues(MergingDigest.java:363)
	at com.tdunning.math.stats.MergingDigest.mergeNewValues(MergingDigest.java:353)
	at com.tdunning.math.stats.MergingDigest.add(MergingDigest.java:259)
	at com.tdunning.math.stats.MergingDigest.add(MergingDigest.java:251)
	at com.tdunning.math.stats.AbstractTDigest.add(AbstractTDigest.java:131)
	at com.tdunning.tdigest.quality.AccuracyTest.lambda$testAccuracyVersusCompression$1(AccuracyTest.java:290)
	at java.base/java.util.concurrent.FutureTask.run(FutureTask.java:264)
	at java.base/java.util.concurrent.ThreadPoolExecutor.runWorker(ThreadPoolExecutor.java:1128)
	at java.base/java.util.concurrent.ThreadPoolExecutor$Worker.run(ThreadPoolExecutor.java:628)
	at java.base/java.lang.Thread.run(Thread.java:834)
java.lang.ArrayIndexOutOfBoundsException: Index 1010 out of bounds for length 1010
	at com.tdunning.math.stats.MergingDigest.merge(MergingDigest.java:453)
	at com.tdunning.math.stats.MergingDigest.mergeNewValues(MergingDigest.java:363)
	at com.tdunning.math.stats.MergingDigest.mergeNewValues(MergingDigest.java:353)
	at com.tdunning.math.stats.MergingDigest.add(MergingDigest.java:259)
	at com.tdunning.math.stats.MergingDigest.add(MergingDigest.java:251)
	at com.tdunning.math.stats.AbstractTDigest.add(AbstractTDigest.java:131)
	at com.tdunning.tdigest.quality.AccuracyTest.lambda$testAccuracyVersusCompression$1(AccuracyTest.java:290)
	at java.base/java.util.concurrent.FutureTask.run(FutureTask.java:264)
	at java.base/java.util.concurrent.ThreadPoolExecutor.runWorker(ThreadPoolExecutor.java:1128)
	at java.base/java.util.concurrent.ThreadPoolExecutor$Worker.run(ThreadPoolExecutor.java:628)
	at java.base/java.lang.Thread.run(Thread.java:834)
java.lang.ArrayIndexOutOfBoundsException
java.lang.ArrayIndexOutOfBoundsException
java.lang.ArrayIndexOutOfBoundsException
java.lang.ArrayIndexOutOfBoundsException
java.lang.ArrayIndexOutOfBoundsException
java.lang.ArrayIndexOutOfBoundsException
java.lang.ArrayIndexOutOfBoundsException
java.lang.ArrayIndexOutOfBoundsException
java.lang.ArrayIndexOutOfBoundsException
java.lang.ArrayIndexOutOfBoundsException
java.lang.ArrayIndexOutOfBoundsException
java.lang.ArrayIndexOutOfBoundsException
java.lang.ArrayIndexOutOfBoundsException
java.lang.ArrayIndexOutOfBoundsException
java.lang.ArrayIndexOutOfBoundsException
java.lang.ArrayIndexOutOfBoundsException
java.lang.ArrayIndexOutOfBoundsException
java.lang.ArrayIndexOutOfBoundsException
java.lang.ArrayIndexOutOfBoundsException
java.lang.ArrayIndexOutOfBoundsException
java.lang.ArrayIndexOutOfBoundsException
java.lang.ArrayIndexOutOfBoundsException
java.lang.ArrayIndexOutOfBoundsException
java.lang.ArrayIndexOutOfBoundsException
java.lang.ArrayIndexOutOfBoundsException
java.lang.ArrayIndexOutOfBoundsException
java.lang.ArrayIndexOutOfBoundsException
java.lang.ArrayIndexOutOfBoundsException
java.lang.ArrayIndexOutOfBoundsException
java.lang.ArrayIndexOutOfBoundsException
java.lang.ArrayIndexOutOfBoundsException
java.lang.ArrayIndexOutOfBoundsException
java.lang.ArrayIndexOutOfBoundsException
java.lang.ArrayIndexOutOfBoundsException
java.lang.ArrayIndexOutOfBoundsException
java.lang.ArrayIndexOutOfBoundsException
java.lang.ArrayIndexOutOfBoundsException
java.lang.ArrayIndexOutOfBoundsException
java.lang.ArrayIndexOutOfBoundsException
java.lang.ArrayIndexOutOfBoundsException
java.lang.ArrayIndexOutOfBoundsException
java.lang.ArrayIndexOutOfBoundsException
48, 1, 44.38, 0.023
3, 1, 6.13, 0.163
6, 2, 6.16, 0.325
0, 3, 6.26, 0.479
1, 4, 6.28, 0.637
2, 5, 6.32, 0.791
5, 6, 6.33, 0.948
7, 7, 6.53, 1.072
4, 8, 6.55, 1.222
10, 9, 10.83, 0.831
13, 10, 10.92, 0.916
12, 11, 11.04, 0.996
8, 12, 11.08, 1.083
11, 13, 11.09, 1.172
9, 14, 11.14, 1.257
14, 15, 11.14, 1.346
15, 16, 11.31, 1.415
16, 17, 13.19, 1.289
17, 18, 13.25, 1.359
19, 19, 13.40, 1.418
18, 20, 13.48, 1.484
Tests run: 4, Failures: 0, Errors: 0, Skipped: 0, Time elapsed: 91.031 sec

Results :

Tests run: 7, Failures: 0, Errors: 0, Skipped: 0

[INFO] 
[INFO] ------------------< com.tdunning:t-digest-benchmark >-------------------
[INFO] Building t-digest-benchmark 3.3-SNAPSHOT                           [4/4]
[INFO] --------------------------------[ jar ]---------------------------------
[INFO] 
[INFO] --- maven-resources-plugin:2.6:resources (default-resources) @ t-digest-benchmark ---
[WARNING] Using platform encoding (UTF-8 actually) to copy filtered resources, i.e. build is platform dependent!
[INFO] skip non existing resourceDirectory /workdir/t-digest/benchmark/src/main/resources
[INFO] 
[INFO] --- maven-compiler-plugin:3.0:compile (default-compile) @ t-digest-benchmark ---
[INFO] Changes detected - recompiling the module!
[WARNING] File encoding has not been set, using platform encoding UTF-8, i.e. build is platform dependent!
[INFO] Compiling 6 source files to /workdir/t-digest/benchmark/target/classes
[INFO] 
[INFO] --- maven-resources-plugin:2.6:testResources (default-testResources) @ t-digest-benchmark ---
[WARNING] Using platform encoding (UTF-8 actually) to copy filtered resources, i.e. build is platform dependent!
[INFO] skip non existing resourceDirectory /workdir/t-digest/benchmark/src/test/resources
[INFO] 
[INFO] --- maven-compiler-plugin:3.0:testCompile (default-testCompile) @ t-digest-benchmark ---
[INFO] No sources to compile
[INFO] 
[INFO] --- maven-surefire-plugin:2.12.4:test (default-test) @ t-digest-benchmark ---
[INFO] No tests to run.
[INFO] ------------------------------------------------------------------------
[INFO] Reactor Summary for T-digest Parent 3.3-SNAPSHOT:
[INFO] 
[INFO] T-digest Parent .................................... SUCCESS [  0.047 s]
[INFO] T-Digest ........................................... SUCCESS [ 57.657 s]
[INFO] t-digest-quality ................................... SUCCESS [04:36 min]
[INFO] t-digest-benchmark ................................. SUCCESS [  0.505 s]
[INFO] ------------------------------------------------------------------------
[INFO] BUILD SUCCESS
[INFO] ------------------------------------------------------------------------
[INFO] Total time:  05:34 min
[INFO] Finished at: 2021-02-14T21:16:25Z
[INFO] ------------------------------------------------------------------------
