[INFO] Scanning for projects...
[INFO] ------------------------------------------------------------------------
[INFO] Reactor Build Order:
[INFO] 
[INFO] T-digest Parent                                                    [pom]
[INFO] T-Digest                                                           [jar]
[INFO] t-digest-quality                                                   [jar]
[INFO] t-digest-benchmark                                                 [jar]
[INFO] 
[INFO] --------------------< com.tdunning:t-digest-parent >--------------------
[INFO] Building T-digest Parent 3.3-SNAPSHOT                              [1/4]
[INFO] --------------------------------[ pom ]---------------------------------
[INFO] 
[INFO] -----------------------< com.tdunning:t-digest >------------------------
[INFO] Building T-Digest 3.3-SNAPSHOT                                     [2/4]
[INFO] --------------------------------[ jar ]---------------------------------
[INFO] 
[INFO] --- maven-resources-plugin:2.6:resources (default-resources) @ t-digest ---
[INFO] Using 'UTF-8' encoding to copy filtered resources.
[INFO] skip non existing resourceDirectory /workdir/t-digest/core/src/main/resources
[INFO] 
[INFO] --- maven-compiler-plugin:3.3:compile (default-compile) @ t-digest ---
[INFO] Nothing to compile - all classes are up to date
[INFO] 
[INFO] --- maven-resources-plugin:2.6:testResources (default-testResources) @ t-digest ---
[INFO] Using 'UTF-8' encoding to copy filtered resources.
[INFO] skip non existing resourceDirectory /workdir/t-digest/core/src/test/resources
[INFO] 
[INFO] --- maven-compiler-plugin:3.3:testCompile (default-testCompile) @ t-digest ---
[INFO] Changes detected - recompiling the module!
[INFO] Compiling 23 source files to /workdir/t-digest/core/target/test-classes
[parsing started SimpleFileObject[/workdir/t-digest/core/src/test/java/com/tdunning/math/stats/SerializationTest.java]]
[parsing completed 15ms]
[parsing started SimpleFileObject[/workdir/t-digest/core/src/test/java/com/tdunning/math/stats/BigCountTreeDigest.java]]
[parsing completed 0ms]
[parsing started SimpleFileObject[/workdir/t-digest/core/src/test/java/com/tdunning/math/stats/DigestFactory.java]]
[parsing completed 1ms]
[parsing started SimpleFileObject[/workdir/t-digest/core/src/test/java/com/tdunning/math/stats/LogHistogramTest.java]]
[parsing completed 2ms]
[parsing started SimpleFileObject[/workdir/t-digest/core/src/test/java/com/tdunning/math/stats/AbstractTest.java]]
[parsing completed 0ms]
[parsing started SimpleFileObject[/workdir/t-digest/core/src/test/java/com/tdunning/math/stats/TDigestUtilTest.java]]
[parsing completed 1ms]
[parsing started SimpleFileObject[/workdir/t-digest/core/src/test/java/com/tdunning/math/stats/MegaMergeTest.java]]
[parsing completed 5ms]
[parsing started SimpleFileObject[/workdir/t-digest/core/src/test/java/com/tdunning/math/stats/SortTest.java]]
[parsing completed 8ms]
[parsing started SimpleFileObject[/workdir/t-digest/core/src/test/java/com/tdunning/math/stats/ScaleFunctionTests.java]]
[parsing completed 4ms]
[parsing started SimpleFileObject[/workdir/t-digest/core/src/test/java/com/tdunning/math/stats/AVLGroupTreeTest.java]]
[parsing completed 2ms]
[parsing started SimpleFileObject[/workdir/t-digest/core/src/test/java/com/tdunning/math/stats/ReproduceInfoPrinterRunListener.java]]
[parsing completed 1ms]
[parsing started SimpleFileObject[/workdir/t-digest/core/src/test/java/com/tdunning/math/stats/AlternativeMergeTest.java]]
[parsing completed 2ms]
[parsing started SimpleFileObject[/workdir/t-digest/core/src/test/java/com/tdunning/math/stats/MergingDigestTest.java]]
[parsing completed 2ms]
[parsing started SimpleFileObject[/workdir/t-digest/core/src/test/java/com/tdunning/math/stats/AVLTreeDigestTest.java]]
[parsing completed 1ms]
[parsing started SimpleFileObject[/workdir/t-digest/core/src/test/java/com/tdunning/math/stats/BigCount.java]]
[parsing completed 1ms]
[parsing started SimpleFileObject[/workdir/t-digest/core/src/test/java/com/tdunning/math/stats/FloatHistogramTest.java]]
[parsing completed 0ms]
[parsing started SimpleFileObject[/workdir/t-digest/core/src/test/java/com/tdunning/math/stats/BigCountMergingDigest.java]]
[parsing completed 0ms]
[parsing started SimpleFileObject[/workdir/t-digest/core/src/test/java/com/tdunning/scale/ScaleTest.java]]
[parsing completed 2ms]
[parsing started SimpleFileObject[/workdir/t-digest/core/src/test/java/com/tdunning/math/stats/TDigestSerializationTest.java]]
[parsing completed 1ms]
[parsing started SimpleFileObject[/workdir/t-digest/core/src/test/java/com/tdunning/math/stats/HistogramTestCases.java]]
[parsing completed 5ms]
[parsing started SimpleFileObject[/workdir/t-digest/core/src/test/java/com/tdunning/math/stats/TDigestTest.java]]
[parsing completed 18ms]
[parsing started SimpleFileObject[/workdir/t-digest/core/src/test/java/com/tdunning/math/stats/IntAVLTreeTest.java]]
[parsing completed 2ms]
[parsing started SimpleFileObject[/workdir/t-digest/core/src/test/java/com/tdunning/math/stats/ComparisonTest.java]]
[parsing completed 3ms]
[search path for source files: /workdir/t-digest/core/src/test/java,/workdir/t-digest/core/target/generated-test-sources/test-annotations]
[search path for class files: /usr/local/openjdk-11/lib/modules,/workdir/t-digest/core/target/test-classes,/workdir/t-digest/core/target/classes,/home/maven/.m2/repository/org/apache/mahout/mahout-math/0.9/mahout-math-0.9.jar,/home/maven/.m2/repository/org/apache/commons/commons-math3/3.2/commons-math3-3.2.jar,/home/maven/.m2/repository/org/slf4j/slf4j-api/1.7.5/slf4j-api-1.7.5.jar,/home/maven/.m2/repository/com/carrotsearch/randomizedtesting/randomizedtesting-runner/2.1.11/randomizedtesting-runner-2.1.11.jar,/home/maven/.m2/repository/junit/junit/4.10/junit-4.10.jar,/home/maven/.m2/repository/com/carrotsearch/java-sizeof/0.0.5/java-sizeof-0.0.5.jar,/home/maven/.m2/repository/com/google/guava/guava/29.0-jre/guava-29.0-jre.jar,/home/maven/.m2/repository/com/google/guava/failureaccess/1.0.1/failureaccess-1.0.1.jar,/home/maven/.m2/repository/com/google/guava/listenablefuture/9999.0-empty-to-avoid-conflict-with-guava/listenablefuture-9999.0-empty-to-avoid-conflict-with-guava.jar,/home/maven/.m2/repository/com/google/code/findbugs/jsr305/3.0.2/jsr305-3.0.2.jar,/home/maven/.m2/repository/org/checkerframework/checker-qual/2.11.1/checker-qual-2.11.1.jar,/home/maven/.m2/repository/com/google/errorprone/error_prone_annotations/2.3.4/error_prone_annotations-2.3.4.jar,/home/maven/.m2/repository/com/google/j2objc/j2objc-annotations/1.3/j2objc-annotations-1.3.jar,.]
[loading /home/maven/.m2/repository/junit/junit/4.10/junit-4.10.jar(/org/junit/Test.class)]
[loading /modules/java.base/java/nio/BufferUnderflowException.class]
[loading /modules/java.base/java/nio/ByteBuffer.class]
[loading /modules/java.base/java/util/Iterator.class]
[loading /home/maven/.m2/repository/junit/junit/4.10/junit-4.10.jar(/org/junit/Assert.class)]
[loading /modules/java.base/java/lang/Object.class]
[loading /home/maven/.m2/repository/junit/junit/4.10/junit-4.10.jar(/org/junit/Ignore.class)]
[loading /home/maven/.m2/repository/junit/junit/4.10/junit-4.10.jar(/org/junit/runner/RunWith.class)]
[loading /home/maven/.m2/repository/com/carrotsearch/randomizedtesting/randomizedtesting-runner/2.1.11/randomizedtesting-runner-2.1.11.jar(/com/carrotsearch/randomizedtesting/JUnit3MethodProvider.class)]
[loading /home/maven/.m2/repository/com/carrotsearch/randomizedtesting/randomizedtesting-runner/2.1.11/randomizedtesting-runner-2.1.11.jar(/com/carrotsearch/randomizedtesting/JUnit4MethodProvider.class)]
[loading /home/maven/.m2/repository/com/carrotsearch/randomizedtesting/randomizedtesting-runner/2.1.11/randomizedtesting-runner-2.1.11.jar(/com/carrotsearch/randomizedtesting/RandomizedTest.class)]
[loading /home/maven/.m2/repository/com/carrotsearch/randomizedtesting/randomizedtesting-runner/2.1.11/randomizedtesting-runner-2.1.11.jar(/com/carrotsearch/randomizedtesting/annotations/Listeners.class)]
[loading /home/maven/.m2/repository/com/carrotsearch/randomizedtesting/randomizedtesting-runner/2.1.11/randomizedtesting-runner-2.1.11.jar(/com/carrotsearch/randomizedtesting/annotations/TestMethodProviders.class)]
[loading /workdir/t-digest/core/target/classes/com/tdunning/math/stats/TDigest.class]
[loading /home/maven/.m2/repository/junit/junit/4.10/junit-4.10.jar(/org/junit/Before.class)]
[loading /modules/java.base/java/io/FileNotFoundException.class]
[loading /modules/java.base/java/io/IOException.class]
[loading /modules/java.base/java/nio/LongBuffer.class]
[loading /modules/java.base/java/util/Arrays.class]
[loading /modules/java.base/java/util/Random.class]
[loading /workdir/t-digest/core/target/classes/com/tdunning/math/stats/Histogram.class]
[loading /modules/java.base/java/lang/ClassNotFoundException.class]
[loading /modules/java.base/java/util/List.class]
[loading /home/maven/.m2/repository/com/google/guava/guava/29.0-jre/guava-29.0-jre.jar(/com/google/common/collect/Lists.class)]
[loading /modules/java.base/java/util/ArrayList.class]
[loading /home/maven/.m2/repository/junit/junit/4.10/junit-4.10.jar(/org/junit/Assume.class)]
[loading /modules/java.base/java/lang/InterruptedException.class]
[loading /modules/java.base/java/util/concurrent/ExecutionException.class]
[loading /home/maven/.m2/repository/com/google/guava/guava/29.0-jre/guava-29.0-jre.jar(/com/google/common/collect/HashMultiset.class)]
[loading /home/maven/.m2/repository/com/google/guava/guava/29.0-jre/guava-29.0-jre.jar(/com/google/common/collect/Multiset.class)]
[loading /modules/java.base/java/io/PrintWriter.class]
[loading /modules/java.base/java/util/HashMap.class]
[loading /modules/java.base/java/util/Map.class]
[loading /modules/java.base/java/lang/Math.class]
[loading /home/maven/.m2/repository/org/apache/mahout/mahout-math/0.9/mahout-math-0.9.jar(/org/apache/mahout/common/RandomUtils.class)]
[loading /home/maven/.m2/repository/junit/junit/4.10/junit-4.10.jar(/org/junit/runner/Result.class)]
[loading /home/maven/.m2/repository/junit/junit/4.10/junit-4.10.jar(/org/junit/runner/notification/Failure.class)]
[loading /home/maven/.m2/repository/junit/junit/4.10/junit-4.10.jar(/org/junit/runner/notification/RunListener.class)]
[loading /home/maven/.m2/repository/com/carrotsearch/randomizedtesting/randomizedtesting-runner/2.1.11/randomizedtesting-runner-2.1.11.jar(/com/carrotsearch/randomizedtesting/RandomizedContext.class)]
[loading /modules/java.base/java/io/PrintStream.class]
[loading /modules/java.base/java/io/UnsupportedEncodingException.class]
[loading /home/maven/.m2/repository/junit/junit/4.10/junit-4.10.jar(/junit/framework/Assert.class)]
[loading /home/maven/.m2/repository/com/carrotsearch/randomizedtesting/randomizedtesting-runner/2.1.11/randomizedtesting-runner-2.1.11.jar(/com/carrotsearch/randomizedtesting/annotations/Seed.class)]
[loading /home/maven/.m2/repository/junit/junit/4.10/junit-4.10.jar(/org/junit/BeforeClass.class)]
[loading /modules/java.base/java/util/Collections.class]
[loading /home/maven/.m2/repository/org/apache/mahout/mahout-math/0.9/mahout-math-0.9.jar(/org/apache/mahout/math/jet/random/AbstractContinousDistribution.class)]
[loading /home/maven/.m2/repository/org/apache/mahout/mahout-math/0.9/mahout-math-0.9.jar(/org/apache/mahout/math/jet/random/Gamma.class)]
[loading /home/maven/.m2/repository/org/apache/mahout/mahout-math/0.9/mahout-math-0.9.jar(/org/apache/mahout/math/jet/random/Normal.class)]
[loading /home/maven/.m2/repository/org/apache/mahout/mahout-math/0.9/mahout-math-0.9.jar(/org/apache/mahout/math/jet/random/Uniform.class)]
[loading /modules/java.base/java/util/concurrent/atomic/AtomicInteger.class]
[loading /modules/java.base/java/lang/Integer.class]
[loading /modules/java.base/java/lang/String.class]
[loading /modules/java.base/java/io/ByteArrayInputStream.class]
[loading /modules/java.base/java/io/ByteArrayOutputStream.class]
[loading /modules/java.base/java/io/ObjectInputStream.class]
[loading /modules/java.base/java/io/ObjectOutputStream.class]
[loading /modules/java.base/java/io/Serializable.class]
[loading /workdir/t-digest/core/target/classes/com/tdunning/math/stats/IntAVLTree.class]
[loading /workdir/t-digest/core/target/classes/com/tdunning/math/stats/LogHistogram.class]
[loading /modules/java.base/java/lang/annotation/Retention.class]
[loading /modules/java.base/java/lang/annotation/RetentionPolicy.class]
[loading /modules/java.base/java/lang/annotation/Target.class]
[loading /modules/java.base/java/lang/annotation/ElementType.class]
[loading /modules/java.base/java/lang/Deprecated.class]
[loading /modules/java.base/java/lang/annotation/Annotation.class]
[loading /modules/java.base/java/lang/Class.class]
[loading /home/maven/.m2/repository/com/carrotsearch/randomizedtesting/randomizedtesting-runner/2.1.11/randomizedtesting-runner-2.1.11.jar(/com/carrotsearch/randomizedtesting/TestMethodProvider.class)]
[loading /home/maven/.m2/repository/com/carrotsearch/randomizedtesting/randomizedtesting-runner/2.1.11/randomizedtesting-runner-2.1.11.jar(/com/carrotsearch/randomizedtesting/AnnotatedMethodProvider.class)]
[loading /home/maven/.m2/repository/com/carrotsearch/randomizedtesting/randomizedtesting-runner/2.1.11/randomizedtesting-runner-2.1.11.jar(/com/carrotsearch/randomizedtesting/RandomizedRunner.class)]
[loading /modules/java.base/java/lang/Override.class]
[loading /home/maven/.m2/repository/com/google/guava/guava/29.0-jre/guava-29.0-jre.jar(/com/google/common/annotations/GwtCompatible.class)]
[loading /home/maven/.m2/repository/com/google/errorprone/error_prone_annotations/2.3.4/error_prone_annotations-2.3.4.jar(/com/google/errorprone/annotations/CompatibleWith.class)]
[loading /home/maven/.m2/repository/junit/junit/4.10/junit-4.10.jar(/org/junit/After.class)]
[loading /home/maven/.m2/repository/junit/junit/4.10/junit-4.10.jar(/org/junit/AfterClass.class)]
[loading /modules/java.base/java/lang/SuppressWarnings.class]
[checking com.tdunning.math.stats.SerializationTest]
[loading /modules/java.base/java/lang/AutoCloseable.class]
[loading /workdir/t-digest/core/target/classes/com/tdunning/math/stats/MergingDigest.class]
[loading /workdir/t-digest/core/target/classes/com/tdunning/math/stats/AbstractTDigest.class]
[loading /modules/java.base/java/lang/Comparable.class]
[loading /modules/java.base/java/nio/Buffer.class]
[loading /workdir/t-digest/core/target/classes/com/tdunning/math/stats/Centroid.class]
[loading /modules/java.base/java/util/Collection.class]
[loading /modules/java.base/java/lang/Iterable.class]
[loading /modules/java.base/java/lang/RuntimeException.class]
[loading /modules/java.base/java/lang/Exception.class]
[loading /modules/java.base/java/lang/Throwable.class]
[loading /modules/java.base/java/lang/System.class]
[loading /modules/java.base/java/lang/Appendable.class]
[loading /modules/java.base/java/io/Closeable.class]
[loading /modules/java.base/java/io/FilterOutputStream.class]
[loading /modules/java.base/java/io/OutputStream.class]
[loading /modules/java.base/java/io/Flushable.class]
[loading /modules/java.base/java/lang/Error.class]
[wrote /workdir/t-digest/core/target/test-classes/com/tdunning/math/stats/SerializationTest.class]
[checking com.tdunning.math.stats.BigCountTreeDigest]
[loading /modules/java.base/java/lang/Byte.class]
[loading /modules/java.base/java/lang/Character.class]
[loading /modules/java.base/java/lang/Short.class]
[loading /modules/java.base/java/lang/Long.class]
[loading /modules/java.base/java/lang/Float.class]
[loading /modules/java.base/java/lang/Double.class]
[loading /modules/java.base/java/lang/Boolean.class]
[loading /modules/java.base/java/lang/Void.class]
[loading /modules/java.base/java/lang/IllegalStateException.class]
[loading /workdir/t-digest/core/target/classes/com/tdunning/math/stats/AVLTreeDigest.class]
[checking com.tdunning.math.stats.BigCount]
[checking com.tdunning.math.stats.AbstractTest]
[wrote /workdir/t-digest/core/target/test-classes/com/tdunning/math/stats/BigCountTreeDigest.class]
[loading /modules/java.base/java/lang/StringBuilder.class]
[loading /modules/java.base/java/lang/CharSequence.class]
[loading /modules/java.base/java/lang/AbstractStringBuilder.class]
[loading /modules/java.base/java/lang/StringBuffer.class]
[wrote /workdir/t-digest/core/target/test-classes/com/tdunning/math/stats/BigCount.class]
[wrote /workdir/t-digest/core/target/test-classes/com/tdunning/math/stats/AbstractTest.class]
[checking com.tdunning.math.stats.DigestFactory]
[wrote /workdir/t-digest/core/target/test-classes/com/tdunning/math/stats/DigestFactory.class]
[checking com.tdunning.math.stats.LogHistogramTest]
[loading /modules/java.base/java/io/File.class]
[loading /modules/java.base/java/io/Writer.class]
[loading /modules/java.base/java/util/Locale.class]
[loading /modules/java.base/java/lang/Number.class]
[loading /workdir/t-digest/core/target/classes/com/tdunning/math/stats/Simple64.class]
[loading /modules/java.base/java/lang/ReflectiveOperationException.class]
[loading /modules/java.base/java/io/ObjectOutput.class]
[loading /modules/java.base/java/io/DataOutput.class]
[loading /modules/java.base/java/io/ObjectStreamConstants.class]
[checking com.tdunning.math.stats.HistogramTestCases]
[wrote /workdir/t-digest/core/target/test-classes/com/tdunning/math/stats/LogHistogramTest$1.class]
[wrote /workdir/t-digest/core/target/test-classes/com/tdunning/math/stats/LogHistogramTest.class]
[wrote /workdir/t-digest/core/target/test-classes/com/tdunning/math/stats/HistogramTestCases$HistogramFactory.class]
[loading /modules/java.base/java/io/InputStream.class]
[wrote /workdir/t-digest/core/target/test-classes/com/tdunning/math/stats/HistogramTestCases.class]
[checking com.tdunning.math.stats.TDigestUtilTest]
[loading /modules/java.base/java/util/AbstractList.class]
[loading /modules/java.base/java/util/AbstractCollection.class]
[wrote /workdir/t-digest/core/target/test-classes/com/tdunning/math/stats/TDigestUtilTest.class]
[checking com.tdunning.math.stats.MegaMergeTest]
[loading /modules/java.base/java/lang/Runtime.class]
[loading /modules/java.base/java/util/concurrent/Callable.class]
[loading /modules/java.base/java/util/concurrent/ExecutorService.class]
[loading /modules/java.base/java/util/concurrent/Executors.class]
[loading /modules/java.base/java/util/concurrent/Future.class]
[loading /modules/java.base/java/util/concurrent/Executor.class]
[loading /modules/java.base/java/util/concurrent/TimeoutException.class]
[loading /modules/java.base/java/util/concurrent/TimeUnit.class]
[wrote /workdir/t-digest/core/target/test-classes/com/tdunning/math/stats/MegaMergeTest$1.class]
[wrote /workdir/t-digest/core/target/test-classes/com/tdunning/math/stats/MegaMergeTest.class]
[checking com.tdunning.math.stats.SortTest]
[loading /workdir/t-digest/core/target/classes/com/tdunning/math/stats/Sort.class]
[loading /home/maven/.m2/repository/com/google/guava/guava/29.0-jre/guava-29.0-jre.jar(/com/google/common/collect/AbstractMapBasedMultiset.class)]
[loading /home/maven/.m2/repository/com/google/guava/guava/29.0-jre/guava-29.0-jre.jar(/com/google/common/collect/AbstractMultiset.class)]
[loading /modules/java.base/java/lang/IllegalArgumentException.class]
[loading /modules/java.base/java/lang/reflect/GenericDeclaration.class]
[loading /modules/java.base/java/lang/reflect/AnnotatedElement.class]
[loading /modules/java.base/java/lang/reflect/Type.class]
[loading /modules/java.base/java/lang/AssertionError.class]
[wrote /workdir/t-digest/core/target/test-classes/com/tdunning/math/stats/SortTest.class]
[checking com.tdunning.math.stats.ScaleFunctionTests]
[loading /workdir/t-digest/core/target/classes/com/tdunning/math/stats/ScaleFunction.class]
[loading /modules/java.base/java/lang/Enum.class]
[loading /modules/java.base/java/util/AbstractMap.class]
[wrote /workdir/t-digest/core/target/test-classes/com/tdunning/math/stats/ScaleFunctionTests.class]
[checking com.tdunning.math.stats.AVLGroupTreeTest]
[loading /workdir/t-digest/core/target/classes/com/tdunning/math/stats/AVLGroupTree.class]
[wrote /workdir/t-digest/core/target/test-classes/com/tdunning/math/stats/AVLGroupTreeTest.class]
[checking com.tdunning.math.stats.ReproduceInfoPrinterRunListener]
[wrote /workdir/t-digest/core/target/test-classes/com/tdunning/math/stats/ReproduceInfoPrinterRunListener.class]
[checking com.tdunning.math.stats.AlternativeMergeTest]
[loading /modules/java.base/java/util/Comparator.class]
[wrote /workdir/t-digest/core/target/test-classes/com/tdunning/math/stats/AlternativeMergeTest.class]
[checking com.tdunning.math.stats.MergingDigestTest]
[loading /modules/java.base/java/io/FileWriter.class]
[loading /modules/java.base/java/io/FileDescriptor.class]
[loading /modules/java.base/java/io/OutputStreamWriter.class]
[loading /home/maven/.m2/repository/org/apache/mahout/mahout-math/0.9/mahout-math-0.9.jar(/org/apache/mahout/math/jet/random/AbstractDistribution.class)]
[loading /home/maven/.m2/repository/org/apache/mahout/mahout-math/0.9/mahout-math-0.9.jar(/org/apache/mahout/math/function/IntFunction.class)]
[loading /home/maven/.m2/repository/org/apache/mahout/mahout-math/0.9/mahout-math-0.9.jar(/org/apache/mahout/math/function/DoubleFunction.class)]
[loading /workdir/t-digest/core/target/classes/com/tdunning/math/stats/Dist.class]
[loading /modules/java.base/java/lang/Cloneable.class]
[loading /modules/java.base/java/io/FileOutputStream.class]
[loading /modules/java.base/java/io/StringWriter.class]
[checking com.tdunning.math.stats.TDigestTest]
[wrote /workdir/t-digest/core/target/test-classes/com/tdunning/math/stats/MergingDigestTest$1.class]
[wrote /workdir/t-digest/core/target/test-classes/com/tdunning/math/stats/MergingDigestTest.class]
[wrote /workdir/t-digest/core/target/test-classes/com/tdunning/math/stats/TDigestTest$DigestFactory.class]
[wrote /workdir/t-digest/core/target/test-classes/com/tdunning/math/stats/TDigestTest$1.class]
[wrote /workdir/t-digest/core/target/test-classes/com/tdunning/math/stats/TDigestTest$2.class]
[wrote /workdir/t-digest/core/target/test-classes/com/tdunning/math/stats/TDigestTest$3.class]
[wrote /workdir/t-digest/core/target/test-classes/com/tdunning/math/stats/TDigestTest$4.class]
[wrote /workdir/t-digest/core/target/test-classes/com/tdunning/math/stats/TDigestTest.class]
[checking com.tdunning.math.stats.AVLTreeDigestTest]
[wrote /workdir/t-digest/core/target/test-classes/com/tdunning/math/stats/AVLTreeDigestTest$1.class]
[wrote /workdir/t-digest/core/target/test-classes/com/tdunning/math/stats/AVLTreeDigestTest.class]
[checking com.tdunning.math.stats.FloatHistogramTest]
[loading /workdir/t-digest/core/target/classes/com/tdunning/math/stats/FloatHistogram.class]
[wrote /workdir/t-digest/core/target/test-classes/com/tdunning/math/stats/FloatHistogramTest$1.class]
[wrote /workdir/t-digest/core/target/test-classes/com/tdunning/math/stats/FloatHistogramTest.class]
[checking com.tdunning.math.stats.BigCountMergingDigest]
[wrote /workdir/t-digest/core/target/test-classes/com/tdunning/math/stats/BigCountMergingDigest.class]
[checking com.tdunning.scale.ScaleTest]
[wrote /workdir/t-digest/core/target/test-classes/com/tdunning/scale/ScaleTest$Centroid.class]
[wrote /workdir/t-digest/core/target/test-classes/com/tdunning/scale/ScaleTest$Limit.class]
[wrote /workdir/t-digest/core/target/test-classes/com/tdunning/scale/ScaleTest$StandardLimit.class]
[wrote /workdir/t-digest/core/target/test-classes/com/tdunning/scale/ScaleTest$RootLimit.class]
[wrote /workdir/t-digest/core/target/test-classes/com/tdunning/scale/ScaleTest$LinearLimit.class]
[wrote /workdir/t-digest/core/target/test-classes/com/tdunning/scale/ScaleTest$RootLinearLimit.class]
[wrote /workdir/t-digest/core/target/test-classes/com/tdunning/scale/ScaleTest$PowerLinearLimit.class]
[wrote /workdir/t-digest/core/target/test-classes/com/tdunning/scale/ScaleTest$PiecewiseLinearLimit.class]
[wrote /workdir/t-digest/core/target/test-classes/com/tdunning/scale/ScaleTest.class]
[checking com.tdunning.math.stats.TDigestSerializationTest]
[loading /modules/java.base/java/io/ObjectInput.class]
[loading /modules/java.base/java/io/DataInput.class]
[loading /modules/java.base/java/lang/ClassCastException.class]
[wrote /workdir/t-digest/core/target/test-classes/com/tdunning/math/stats/TDigestSerializationTest.class]
[checking com.tdunning.math.stats.IntAVLTreeTest]
[loading /modules/java.base/java/util/TreeMap.class]
[loading /modules/java.base/java/util/SortedMap.class]
[loading /modules/java.base/java/util/NavigableMap.class]
[loading /modules/java.base/java/util/Map$Entry.class]
[loading /modules/java.base/java/util/Set.class]
[wrote /workdir/t-digest/core/target/test-classes/com/tdunning/math/stats/IntAVLTreeTest$IntBag.class]
[wrote /workdir/t-digest/core/target/test-classes/com/tdunning/math/stats/IntAVLTreeTest.class]
[checking com.tdunning.math.stats.ComparisonTest]
[loading /workdir/t-digest/core/target/classes/com/tdunning/math/stats/Comparison.class]
[wrote /workdir/t-digest/core/target/test-classes/com/tdunning/math/stats/ComparisonTest$Detector.class]
[wrote /workdir/t-digest/core/target/test-classes/com/tdunning/math/stats/ComparisonTest$TdigestDetector.class]
[wrote /workdir/t-digest/core/target/test-classes/com/tdunning/math/stats/ComparisonTest$LogHistogramDetector.class]
[wrote /workdir/t-digest/core/target/test-classes/com/tdunning/math/stats/ComparisonTest$1.class]
[wrote /workdir/t-digest/core/target/test-classes/com/tdunning/math/stats/ComparisonTest.class]
[total 740ms]
[INFO] /workdir/t-digest/core/src/test/java/com/tdunning/math/stats/TDigestSerializationTest.java: /workdir/t-digest/core/src/test/java/com/tdunning/math/stats/TDigestSerializationTest.java uses unchecked or unsafe operations.
[INFO] /workdir/t-digest/core/src/test/java/com/tdunning/math/stats/TDigestSerializationTest.java: Recompile with -Xlint:unchecked for details.
[INFO] 
[INFO] --- maven-surefire-plugin:2.18.1:test (default-test) @ t-digest ---
[INFO] Tests are skipped.
[INFO] 
[INFO] --- junit4-maven-plugin:2.1.11:junit4 (tests) @ t-digest ---
WARNING: An illegal reflective access operation has occurred
WARNING: Illegal reflective access by org.dom4j.io.SAXContentHandler (file:/home/maven/.m2/repository/dom4j/dom4j/1.6.1/dom4j-1.6.1.jar) to method com.sun.org.apache.xerces.internal.parsers.AbstractSAXParser$LocatorProxy.getEncoding()
WARNING: Please consider reporting this to the maintainers of org.dom4j.io.SAXContentHandler
WARNING: Use --illegal-access=warn to enable warnings of further illegal reflective access operations
WARNING: All illegal access operations will be denied in a future release
[INFO] <JUnit4> says salut! Master seed: 72CC6E1EE10267F9
Executing 16 suites with 1 JVM.

Started J0 PID(19674@605b8309f1f8).
Suite: com.tdunning.math.stats.SortTest
Completed in 0.17s, 11 tests

Suite: com.tdunning.math.stats.AVLGroupTreeTest
Completed in 0.06s, 5 tests

Suite: com.tdunning.math.stats.TDigestSerializationTest
Completed in 0.12s, 2 tests

Suite: com.tdunning.math.stats.MegaMergeTest
IGNOR/A 0.02s | MegaMergeTest.testLargeMerge
   > Assumption #1: got: <false>, expected: is <true>
IGNOR/A 0.01s | MegaMergeTest.megaMerge
   > Assumption #1: got: <false>, expected: is <true>
Completed in 0.03s, 2 tests, 2 skipped

Suite: com.tdunning.math.stats.AlternativeMergeTest
Completed in 0.54s, 1 test

Suite: com.tdunning.math.stats.AVLTreeDigestTest
  1> # 0.323668us per point
  1> # 602 centroids
  1> Starting 0,10
  1> Starting 1,10
  1> Starting 0,10000
  1> Starting 0,100
  1> Starting 1,100
  1> Starting 0,1000
  1>                    1,10 (5 live threads, 19 pending tasks)
  1> Starting 1,1000
  1>                    0,10 (5 live threads, 18 pending tasks)
  1> Starting 1,10000
  1>                    0,100 (5 live threads, 17 pending tasks)
  1> Starting 2,10
  1>                    1,100 (5 live threads, 16 pending tasks)
  1> Starting 2,100
  1>                    2,10 (5 live threads, 15 pending tasks)
  1> Starting 2,1000
  1>                    2,100 (5 live threads, 14 pending tasks)
  1> Starting 2,10000
  1>                    0,1000 (5 live threads, 13 pending tasks)
  1> Starting 3,10
  1>                    3,10 (5 live threads, 12 pending tasks)
  1> Starting 3,100
  1>                    1,1000 (5 live threads, 11 pending tasks)
  1> Starting 3,1000
  1>                    3,100 (5 live threads, 10 pending tasks)
  1> Starting 3,10000
  1>                    2,1000 (5 live threads, 9 pending tasks)
  1> Starting 4,10
  1>                    4,10 (5 live threads, 8 pending tasks)
  1> Starting 4,100
  1>                    4,100 (5 live threads, 7 pending tasks)
  1> Starting 4,1000
  1>                    3,1000 (5 live threads, 6 pending tasks)
  1> Starting 4,10000
  1>                    4,1000 (5 live threads, 5 pending tasks)
  1>                    0,10000 (4 live threads, 4 pending tasks)
  1>                    2,10000 (3 live threads, 3 pending tasks)
  1>                    1,10000 (2 live threads, 2 pending tasks)
  1>                    3,10000 (1 live threads, 1 pending tasks)
  1>                    4,10000 (0 live threads, 0 pending tasks)
  1> # 0.392108us per point
  1> # 380 centroids
  1> # 0.242560us per point
  1> # 334 centroids
  1> # 0.199865us per point
  1> # 184 centroids
  1> delta, q, x1, x2, q1, q2, error_x, error_q
  1> 20,0.500000,50.500748,50.500779,0.500001,0.499969,0.000062,0.000063
  1> 20,0.900000,50.900156,50.900183,0.900001,0.899973,0.000270,0.000275
  1> 20,0.990000,50.989945,50.989982,0.990001,0.989964,0.003654,0.003697
  1> 20,0.999000,50.998981,50.998999,0.999001,0.998982,0.017817,0.018283
  1> 20,0.999900,50.999898,50.999901,0.999901,0.999898,0.023581,0.028535
  1> 20,0.999990,50.999986,50.999991,0.999991,0.999985,0.527562,0.576544
  1> 20,0.999999,51.000000,51.000000,1.000000,1.000000,0.000000,0.000000
  1> 50,0.500000,50.499262,50.499290,0.500001,0.499972,0.000056,0.000057
  1> 50,0.900000,50.899883,50.899909,0.900001,0.899975,0.000253,0.000257
  1> 50,0.990000,50.989884,50.989929,0.990001,0.989955,0.004514,0.004532
  1> 50,0.999000,50.999023,50.998994,0.999001,0.999029,0.028802,0.028096
  1> 50,0.999900,50.999914,50.999900,0.999901,0.999913,0.134618,0.128655
  1> 50,0.999990,50.999994,50.999991,0.999991,0.999993,0.344490,0.292026
  1> 50,0.999999,51.000000,51.000000,1.000000,1.000000,0.000000,0.000000
  1> 100,0.500000,50.499367,50.499403,0.500001,0.499963,0.000073,0.000074
  1> 100,0.900000,50.899989,50.899993,0.900001,0.899996,0.000039,0.000044
  1> 100,0.990000,50.990140,50.990114,0.990001,0.990026,0.002539,0.002517
  1> 100,0.999000,50.999004,50.999012,0.999001,0.998992,0.007676,0.008271
  1> 100,0.999900,50.999907,50.999901,0.999901,0.999906,0.062751,0.058525
  1> 100,0.999990,50.999994,50.999990,0.999991,0.999994,0.407202,0.362220
  1> 100,0.999999,50.999999,50.999999,1.000000,1.000000,0.000000,0.000000
  1> 200,0.500000,50.499005,50.499044,0.500001,0.499962,0.000077,0.000078
  1> 200,0.900000,50.899930,50.899924,0.900001,0.900006,0.000057,0.000052
  1> 200,0.990000,50.989979,50.989939,0.990001,0.990041,0.004025,0.004017
  1> 200,0.999000,50.998967,50.998964,0.999001,0.999003,0.002723,0.002131
  1> 200,0.999900,50.999883,50.999896,0.999901,0.999888,0.127368,0.128044
  1> 200,0.999990,50.999986,50.999989,0.999991,0.999987,0.332000,0.370729
  1> 200,0.999999,50.999998,50.999998,1.000000,1.000000,0.000000,0.000000
  1> i, q, mean, count, dk
  1> 0,0.0000005,-4.6956299,1,1.0000000
  1> 1,0.0000015,-4.6409041,1,1.0000000
  1> 2,0.0000025,-4.5951404,1,1.0000000
  1> 3,0.0000035,-4.5277323,1,1.0000000
  1> 4,0.0000045,-4.4896447,1,1.0000000
  1> 5,0.0000055,-4.4257583,1,1.0000000
  1> 6,0.0000065,-4.3367119,1,1.0000000
  1> 7,0.0000075,-4.2903530,1,1.0000000
  1> 8,0.0000085,-4.2629938,1,1.0000000
  1> 9,0.0000095,-4.2202295,1,1.0000000
  1> 10,0.0000105,-4.2143601,1,1.0000000
  1> 11,0.0000120,-4.1978636,2,0.8878577
  1> 12,0.0000140,-4.1839596,2,0.7605527
  1> 13,0.0000160,-4.1695837,2,0.6652187
  1> 14,0.0000185,-4.1157027,3,0.8637599
  1> 15,0.0000215,-4.0648876,3,0.7428127
  1> 16,0.0000250,-4.0301353,4,0.8521989
  1> 17,0.0000290,-4.0100844,4,0.7342528
  1> 18,0.0000330,-3.9910834,4,0.6450212
  1> 19,0.0000380,-3.9553849,6,0.8409495
  1> 20,0.0000435,-3.9370902,5,0.6115888
  1> 21,0.0000500,-3.9090785,8,0.8522201
  1> 22,0.0000580,-3.8719884,8,0.7342740
  1> 23,0.0000670,-3.8410724,10,0.7947737
  1> 24,0.0000765,-3.7918862,9,0.6260327
  1> 25,0.0000880,-3.7663018,14,0.8473895
  1> 26,0.0001010,-3.7349592,12,0.6322610
  1> 27,0.0001155,-3.7015099,17,0.7837616
  1> 28,0.0001330,-3.6680538,18,0.7204831
  1> 29,0.0001535,-3.6260764,23,0.7979608
  1> 30,0.0001740,-3.5786600,18,0.5503863
  1> 31,0.0001980,-3.5399274,30,0.8069672
  1> 32,0.0002295,-3.4972725,33,0.7657055
  1> 33,0.0002645,-3.4525690,37,0.7448718
  1> 34,0.0003090,-3.4005980,52,0.8967841
  1> 35,0.0003560,-3.3661429,42,0.6279706
  1> 36,0.0004020,-3.3371327,50,0.6621559
  1> 37,0.0004555,-3.3052296,57,0.6662433
  1> 38,0.0005245,-3.2713161,81,0.8228362
  1> 39,0.0006095,-3.2344831,89,0.7779204
  1> 40,0.0007140,-3.1936799,120,0.8959814
  1> 41,0.0008385,-3.1455143,129,0.8199551
  1> 42,0.0009675,-3.1027939,129,0.7103693
  1> 43,0.0010965,-3.0651764,129,0.6266712
  1> 44,0.0012570,-3.0262794,192,0.8144018
  1> 45,0.0014720,-2.9802832,238,0.8624568
  1> 46,0.0016940,-2.9385074,206,0.6481960
  1> 47,0.0019480,-2.8942104,302,0.8272110
  1> 48,0.0022410,-2.8490354,284,0.6759473
  1> 49,0.0025450,-2.8075726,324,0.6792522
  1> 50,0.0028790,-2.7657717,344,0.6376260
  1> 51,0.0032510,-2.7246351,400,0.6568789
  1> 52,0.0036855,-2.6810627,469,0.6797449
  1> 53,0.0042675,-2.6324063,695,0.8711807
  1> 54,0.0049390,-2.5802991,648,0.7017597
  1> 55,0.0057220,-2.5298059,918,0.8594030
  1> 56,0.0066885,-2.4751855,1015,0.8135099
  1> 57,0.0078505,-2.4137014,1309,0.8952568
  1> 58,0.0090975,-2.3599837,1185,0.6996100
  1> 59,0.0104725,-2.3079283,1565,0.8041163
  1> 60,0.0119610,-2.2568666,1412,0.6357308
  1> 61,0.0134580,-2.2112749,1582,0.6339946
  1> 62,0.0155650,-2.1531717,2632,0.9150666
  1> 63,0.0183215,-2.0869952,2881,0.8530508
  1> 64,0.0214055,-2.0249272,3287,0.8355836
  1> 65,0.0248295,-1.9615959,3561,0.7829465
  1> 66,0.0284415,-1.9019537,3663,0.7054737
  1> 67,0.0326530,-1.8413475,4760,0.8022844
  1> 68,0.0372955,-1.7808077,4525,0.6706006
  1> 69,0.0428240,-1.7171905,6532,0.8485087
  1> 70,0.0499245,-1.6448309,7669,0.8609175
  1> 71,0.0576485,-1.5732546,7779,0.7621251
  1> 72,0.0661500,-1.5045735,9224,0.7947896
  1> 73,0.0756695,-1.4352349,9815,0.7467709
  1> 74,0.0865005,-1.3634472,11847,0.7979662
  1> 75,0.0964090,-1.3019437,7970,0.4864899
  1> 76,0.1065570,-1.2440350,12326,0.6887926
  1> 77,0.1204065,-1.1713061,15373,0.7723763
  1> 78,0.1367485,-1.0934198,17311,0.7802735
  1> 79,0.1554210,-1.0109231,20034,0.8121023
  1> 80,0.1762740,-0.9269684,21672,0.7940811
  1> 81,0.1990810,-0.8425361,23942,0.7988210
  1> 82,0.2238310,-0.7573172,25558,0.7825408
  1> 83,0.2506265,-0.6706293,28033,0.7939220
  1> 84,0.2800655,-0.5807623,30845,0.8136701
  1> 85,0.3116285,-0.4898316,32281,0.8003141
  1> 86,0.3444325,-0.3991115,33327,0.7848928
  1> 87,0.3794715,-0.3055136,36751,0.8299815
  1> 88,0.4155240,-0.2117861,35354,0.7740431
  1> 89,0.4503170,-0.1225750,34232,0.7352939
  1> 90,0.4873525,-0.0290631,39839,0.8479263
  1> 91,0.5290150,0.0744425,43486,0.9281840
  1> 92,0.5704240,0.1783207,39332,0.8535648
  1> 93,0.6071055,0.2725506,34031,0.7586218
  1> 94,0.6414760,0.3638917,34710,0.8025884
  1> 95,0.6755680,0.4561177,33474,0.8122418
  1> 96,0.7101025,0.5541822,35595,0.9198543
  1> 97,0.7409540,0.6470533,26108,0.7233873
  1> 98,0.7670180,0.7298439,26020,0.7744919
  1> 99,0.7922145,0.8144261,24373,0.7876518
  1> 100,0.8153330,0.8978725,21864,0.7725124
  1> 101,0.8361000,0.9791307,19670,0.7636390
  1> 102,0.8561110,1.0636931,20352,0.8793357
  1> 103,0.8746430,1.1498651,16712,0.8111393
  1> 104,0.8904950,1.2298944,14992,0.8182418
  1> 105,0.9043290,1.3077774,12676,0.7797096
  1> 106,0.9164320,1.3827949,11530,0.8013151
  1> 107,0.9275450,1.4588724,10696,0.8472914
  1> 108,0.9372860,1.5324815,8786,0.7956152
  1> 109,0.9442120,1.5901500,5066,0.5114675
  1> 110,0.9498155,1.6425287,6141,0.6855308
  1> 111,0.9562625,1.7093983,6753,0.8597536
  1> 112,0.9623260,1.7786607,5374,0.7890873
  1> 113,0.9672880,1.8431864,4550,0.7654350
  1> 114,0.9712845,1.9014013,3443,0.6568427
  1> 115,0.9748470,1.9576114,3682,0.7994594
  1> 116,0.9782365,2.0187565,3097,0.7744051
  1> 117,0.9810375,2.0750027,2505,0.7166851
  1> 118,0.9833760,2.1275459,2172,0.7071221
  1> 119,0.9854735,2.1814228,2023,0.7522534
  1> 120,0.9874060,2.2364351,1842,0.7886376
  1> 121,0.9890950,2.2930066,1536,0.7580892
  1> 122,0.9905515,2.3490145,1377,0.7833183
  1> 123,0.9917455,2.4008120,1011,0.6571742
  1> 124,0.9926905,2.4434579,879,0.6445977
  1> 125,0.9936110,2.4902742,962,0.8069082
  1> 126,0.9944455,2.5410961,707,0.6811749
  1> 127,0.9951855,2.5916918,773,0.8592833
  1> 128,0.9959060,2.6473781,668,0.8726773
  1> 129,0.9965335,2.7022766,587,0.9052603
  1> 130,0.9970285,2.7513481,403,0.7240488
  1> 131,0.9974265,2.8000748,393,0.8152907
  1> 132,0.9977805,2.8448969,315,0.7572345
  1> 133,0.9980990,2.8955353,322,0.9041091
  1> 134,0.9983760,2.9442866,232,0.7617771
  1> 135,0.9985960,2.9817471,208,0.7899190
  1> 136,0.9987805,3.0242174,161,0.7035360
  1> 137,0.9989365,3.0660029,151,0.7566814
  1> 138,0.9990745,3.1076131,125,0.7195777
  1> 139,0.9991925,3.1466274,111,0.7323135
  1> 140,0.9992950,3.1851879,94,0.7101830
  1> 141,0.9993835,3.2251885,83,0.7170522
  1> 142,0.9994615,3.2645611,73,0.7219684
  1> 143,0.9995295,3.3118481,63,0.7130438
  1> 144,0.9995890,3.3532040,56,0.7255691
  1> 145,0.9996425,3.3966511,51,0.7597459
  1> 146,0.9996880,3.4244158,40,0.6825237
  1> 147,0.9997275,3.4536714,39,0.7621497
  1> 148,0.9997630,3.4911224,32,0.7188637
  1> 149,0.9997935,3.5221221,29,0.7477628
  1> 150,0.9998210,3.5589484,26,0.7734715
  1> 151,0.9998450,3.6048157,22,0.7557357
  1> 152,0.9998660,3.6349213,20,0.7948268
  1> 153,0.9998835,3.6606649,15,0.6853272
  1> 154,0.9998975,3.6911542,13,0.6750379
  1> 155,0.9999105,3.7151065,13,0.7734024
  1> 156,0.9999220,3.7509741,10,0.6823642
  1> 157,0.9999315,3.8016791,9,0.6993404
  1> 158,0.9999395,3.8334663,7,0.6156518
  1> 159,0.9999470,3.8864805,8,0.8037940
  1> 160,0.9999540,3.9106088,6,0.6942427
  1> 161,0.9999595,3.9293902,5,0.6570012
  1> 162,0.9999645,3.9657743,5,0.7498210
  1> 163,0.9999695,3.9970303,5,0.8732526
  1> 164,0.9999735,4.0329600,3,0.6023271
  1> 165,0.9999765,4.0667197,3,0.6794156
  1> 166,0.9999795,4.1027817,3,0.7791736
  1> 167,0.9999825,4.1374424,3,0.9133534
  1> 168,0.9999850,4.1568509,2,0.7096937
  1> 169,0.9999870,4.1618989,2,0.8192796
  1> 170,0.9999885,4.1910033,1,1.0000000
  1> 171,0.9999895,4.2674645,1,1.0000000
  1> 172,0.9999905,4.2732707,1,1.0000000
  1> 173,0.9999915,4.3059839,1,1.0000000
  1> 174,0.9999925,4.3263645,1,1.0000000
  1> 175,0.9999935,4.3582823,1,1.0000000
  1> 176,0.9999945,4.4086891,1,1.0000000
  1> 177,0.9999955,4.4156971,1,1.0000000
  1> 178,0.9999965,4.4765598,1,1.0000000
  1> 179,0.9999975,4.5824411,1,1.0000000
  1> 180,0.9999985,4.6835060,1,1.0000000
  1> 181,0.9999995,5.6592515,1,1.0000000
  1> # big 488 bytes
  1> # small 242 bytes
Completed in 25.70s, 30 tests

Suite: com.tdunning.math.stats.MergingDigestTest
  1> # 0.127920us per point
  1> # 226 centroids
  1> Starting 0,10
  1> Starting 0,100
  1> Starting 0,10000
  1>                    0,10 (2 live threads, 19 pending tasks)
  1> Starting 1,10
  1> Starting 1,100
  1> Starting 0,1000
  1> Starting 1,1000
  1>                    1,10 (5 live threads, 18 pending tasks)
  1> Starting 1,10000
  1>                    0,100 (5 live threads, 17 pending tasks)
  1> Starting 2,10
  1>                    2,10 (5 live threads, 16 pending tasks)
  1> Starting 2,100
  1>                    1,100 (5 live threads, 15 pending tasks)
  1> Starting 2,1000
  1>                    2,100 (5 live threads, 14 pending tasks)
  1> Starting 2,10000
  1>                    1,1000 (5 live threads, 13 pending tasks)
  1> Starting 3,10
  1>                    3,10 (5 live threads, 12 pending tasks)
  1> Starting 3,100
  1>                    3,100 (5 live threads, 11 pending tasks)
  1> Starting 3,1000
  1>                    0,1000 (5 live threads, 10 pending tasks)
  1> Starting 3,10000
  1>                    2,1000 (5 live threads, 9 pending tasks)
  1> Starting 4,10
  1>                    4,10 (5 live threads, 8 pending tasks)
  1> Starting 4,100
  1>                    4,100 (5 live threads, 7 pending tasks)
  1> Starting 4,1000
  1>                    3,1000 (5 live threads, 6 pending tasks)
  1> Starting 4,10000
  1>                    4,1000 (5 live threads, 5 pending tasks)
  1>                    2,10000 (4 live threads, 4 pending tasks)
  1>                    0,10000 (3 live threads, 3 pending tasks)
  1>                    1,10000 (2 live threads, 2 pending tasks)
  1>                    4,10000 (1 live threads, 1 pending tasks)
  1>                    3,10000 (0 live threads, 0 pending tasks)
  1> # 0.496550us per point
  1> # 64 centroids
  1> # 0.092119us per point
  1> # 153 centroids
  1> # 0.220563us per point
  1> # 118 centroids
  1> # 0.273767us per point
  1> # 65 centroids
  1> delta, q, x1, x2, q1, q2, error_x, error_q
  1> 20,0.500000,50.500513,50.500843,0.500001,0.499673,0.000659,0.000655
  1> 20,0.900000,50.900208,50.899833,0.900001,0.900376,0.003752,0.003757
  1> 20,0.990000,50.990059,50.988295,0.990001,0.991507,0.176452,0.150684
  1> 20,0.999000,50.998992,50.998830,0.999001,0.999138,0.162046,0.137928
  1> 20,0.999900,50.999896,50.999884,0.999901,0.999910,0.117749,0.095588
  1> 20,0.999990,50.999991,50.999989,0.999991,0.999991,0.160697,0.087276
  1> 20,0.999999,51.000000,51.000000,1.000000,1.000000,0.000000,0.000000
  1> 50,0.500000,50.499019,50.499084,0.500001,0.499935,0.000131,0.000132
  1> 50,0.900000,50.899863,50.899896,0.900001,0.899966,0.000336,0.000342
  1> 50,0.990000,50.990002,50.988235,0.990001,0.991539,0.176685,0.153890
  1> 50,0.999000,50.998961,50.998815,0.999001,0.999123,0.145662,0.122801
  1> 50,0.999900,50.999886,50.999879,0.999901,0.999906,0.070485,0.054665
  1> 50,0.999990,50.999988,50.999985,0.999991,0.999993,0.348666,0.245140
  1> 50,0.999999,50.999996,50.999996,1.000000,1.000000,0.000000,0.000000
  1> 100,0.500000,50.500471,50.500394,0.500001,0.500077,0.000154,0.000152
  1> 100,0.900000,50.899834,50.899929,0.900001,0.899904,0.000956,0.000966
  1> 100,0.990000,50.990080,50.989446,0.990001,0.990688,0.063391,0.068774
  1> 100,0.999000,50.998965,50.998809,0.999001,0.999131,0.156081,0.130713
  1> 100,0.999900,50.999894,50.999880,0.999901,0.999911,0.135901,0.109248
  1> 100,0.999990,50.999992,50.999987,0.999991,0.999994,0.489895,0.361841
  1> 100,0.999999,50.999998,50.999998,1.000000,1.000000,0.000000,0.000000
  1> 200,0.500000,50.499563,50.499546,0.500001,0.500017,0.000034,0.000032
  1> 200,0.900000,50.900184,50.900112,0.900001,0.900072,0.000722,0.000716
  1> 200,0.990000,50.990168,50.990079,0.990001,0.990090,0.008838,0.008926
  1> 200,0.999000,50.998981,50.998818,0.999001,0.999138,0.163071,0.137445
  1> 200,0.999900,50.999897,50.999882,0.999901,0.999913,0.153031,0.124452
  1> 200,0.999990,50.999987,50.999988,0.999991,0.999989,0.132703,0.162255
  1> 200,0.999999,50.999999,50.999999,1.000000,1.000000,0.000000,0.000000
  1>    q	 estimated	    actual	 error_cdf	   error_q
  1> ====	==========	==========	==========	==========
  1> 0.01	      0.00	      0.00	      0.00	      0.04
  1> 0.05	      0.00	      0.00	      0.00	      0.00
  1> 0.10	      2.77	      0.00	      2.77	      0.05
  1> 0.25	     17.46	     20.00	      2.54	      0.03
  1> 0.50	     39.95	     40.00	      0.05	      0.00
  1> 0.75	     62.63	     60.00	      2.63	      0.03
  1> 0.90	     76.75	     80.00	      3.25	      0.06
  1> 0.95	     80.00	     80.00	      0.00	      0.01
  1> 0.99	     80.00	     80.00	      0.00	      0.03
  1> i, q, mean, count, dk
  1> 0,0.0000005,-4.8720120,1,1.0000000
  1> 1,0.0000015,-4.7077564,1,1.0000000
  1> 2,0.0000025,-4.5832119,1,1.0000000
  1> 3,0.0000035,-4.4564446,1,1.0000000
  1> 4,0.0000045,-4.4374987,1,1.0000000
  1> 5,0.0000055,-4.3811009,1,1.0000000
  1> 6,0.0000065,-4.3746225,1,1.0000000
  1> 7,0.0000075,-4.3610560,1,1.0000000
  1> 8,0.0000085,-4.3585219,1,1.0000000
  1> 9,0.0000095,-4.3328579,1,1.0000000
  1> 10,0.0000105,-4.3314153,1,1.0000000
  1> 11,0.0000120,-4.2915855,2,0.8878577
  1> 12,0.0000140,-4.2727803,2,0.7605527
  1> 13,0.0000160,-4.2404288,2,0.6652187
  1> 14,0.0000185,-4.1764901,3,0.8637599
  1> 15,0.0000215,-4.1072170,3,0.7428127
  1> 16,0.0000250,-4.0512686,4,0.8521989
  1> 17,0.0000290,-3.9986017,4,0.7342528
  1> 18,0.0000335,-3.9588941,5,0.7947471
  1> 19,0.0000385,-3.9152977,5,0.6912236
  1> 20,0.0000435,-3.8870660,5,0.6115888
  1> 21,0.0000490,-3.8452982,6,0.6516299
  1> 22,0.0000555,-3.8134853,7,0.6712540
  1> 23,0.0000640,-3.7888480,10,0.8321752
  1> 24,0.0000745,-3.7568838,11,0.7862138
  1> 25,0.0000860,-3.7326197,12,0.7428605
  1> 26,0.0000985,-3.7077439,13,0.7025262
  1> 27,0.0001110,-3.6750983,12,0.5751896
  1> 28,0.0001255,-3.6428776,17,0.7211176
  1> 29,0.0001450,-3.5993172,22,0.8080418
  1> 30,0.0001680,-3.5664341,24,0.7606697
  1> 31,0.0001950,-3.5336467,30,0.8194284
  1> 32,0.0002275,-3.5014076,35,0.8194550
  1> 33,0.0002590,-3.4655678,28,0.5752746
  1> 34,0.0002915,-3.4293871,37,0.6757013
  1> 35,0.0003345,-3.3925184,49,0.7801974
  1> 36,0.0003890,-3.3570270,60,0.8217025
  1> 37,0.0004580,-3.3120844,78,0.9077404
  1> 38,0.0005305,-3.2725540,67,0.6724793
  1> 39,0.0006065,-3.2341438,85,0.7465254
  1> 40,0.0006945,-3.1990719,91,0.6978692
  1> 41,0.0007960,-3.1629205,112,0.7496341
  1> 42,0.0009105,-3.1248091,117,0.6845114
  1> 43,0.0010440,-3.0821336,150,0.7657261
  1> 44,0.0012105,-3.0345648,183,0.8059750
  1> 45,0.0014040,-2.9908914,204,0.7746741
  1> 46,0.0016050,-2.9495709,198,0.6575361
  1> 47,0.0018265,-2.9091734,245,0.7152744
  1> 48,0.0020965,-2.8666018,295,0.7506479
  1> 49,0.0024050,-2.8212488,322,0.7143582
  1> 50,0.0027505,-2.7789573,369,0.7160491
  1> 51,0.0031625,-2.7365204,455,0.7683976
  1> 52,0.0036970,-2.6838513,614,0.8879860
  1> 53,0.0042750,-2.6376885,542,0.6776182
  1> 54,0.0048320,-2.5968035,572,0.6329352
  1> 55,0.0055415,-2.5468391,847,0.8184524
  1> 56,0.0065090,-2.4883653,1088,0.8962712
  1> 57,0.0075075,-2.4353899,909,0.6491571
  1> 58,0.0085600,-2.3869601,1196,0.7501947
  1> 59,0.0097560,-2.3368134,1196,0.6587759
  1> 60,0.0112025,-2.2854945,1697,0.8157627
  1> 61,0.0131605,-2.2245885,2219,0.9102024
  1> 62,0.0155120,-2.1598380,2484,0.8663047
  1> 63,0.0180165,-2.0975278,2525,0.7597442
  1> 64,0.0209880,-2.0338091,3418,0.8860057
  1> 65,0.0244070,-1.9702886,3420,0.7645728
  1> 66,0.0281865,-1.9083319,4139,0.8044751
  1> 67,0.0325010,-1.8467326,4490,0.7600635
  1> 68,0.0378205,-1.7791741,6149,0.8999646
  1> 69,0.0439120,-1.7085543,6034,0.7649976
  1> 70,0.0503435,-1.6425962,6829,0.7602598
  1> 71,0.0583985,-1.5690811,9281,0.8988150
  1> 72,0.0670365,-1.4992742,7995,0.6801501
  1> 73,0.0759590,-1.4336269,9850,0.7468107
  1> 74,0.0863245,-1.3633337,10881,0.7340921
  1> 75,0.0986615,-1.2874311,13793,0.8255511
  1> 76,0.1144130,-1.2019818,17710,0.9306035
  1> 77,0.1326020,-1.1125432,18668,0.8638457
  1> 78,0.1532370,-1.0212492,22602,0.9272028
  1> 79,0.1762005,-0.9295264,23325,0.8550720
  1> 80,0.1987870,-0.8459985,21848,0.7296472
  1> 81,0.2224560,-0.7638047,25490,0.7838997
  1> 82,0.2487455,-0.6789043,27089,0.7710212
  1> 83,0.2801840,-0.5822141,35788,0.9440708
  1> 84,0.3133155,-0.4868107,30475,0.7532573
  1> 85,0.3457435,-0.3974261,34381,0.8082886
  1> 86,0.3798460,-0.3062422,33824,0.7635157
  1> 87,0.4137305,-0.2188196,33945,0.7441067
  1> 88,0.4530335,-0.1196171,44661,0.9585625
  1> 89,0.4981805,-0.0067685,45633,0.9707951
  1> 90,0.5390455,0.0953265,36097,0.7724373
  1> 91,0.5746305,0.1855768,35073,0.7629531
  1> 92,0.6138355,0.2867254,43337,0.9724459
  1> 93,0.6513690,0.3866856,31730,0.7429908
  1> 94,0.6857990,0.4828496,37130,0.9166048
  1> 95,0.7199815,0.5817330,31235,0.8240589
  1> 96,0.7491660,0.6699656,27134,0.7679979
  1> 97,0.7754665,0.7559868,25467,0.7780097
  1> 98,0.8004710,0.8428457,24542,0.8174952
  1> 99,0.8200135,0.9146115,14543,0.5239262
  1> 100,0.8388265,0.9887263,23083,0.9087326
  1> 101,0.8585865,1.0730479,16437,0.7201965
  1> 102,0.8750385,1.1500411,16467,0.8013916
  1> 103,0.8909650,1.2306859,15386,0.8429948
  1> 104,0.9058050,1.3148212,14294,0.8919284
  1> 105,0.9187390,1.3966601,11574,0.8252143
  1> 106,0.9292950,1.4712181,9538,0.7725884
  1> 107,0.9382980,1.5426600,8468,0.7785079
  1> 108,0.9463365,1.6122778,7609,0.7975801
  1> 109,0.9538000,1.6851270,7318,0.8843878
  1> 110,0.9601330,1.7534475,5348,0.7436252
  1> 111,0.9648515,1.8113248,4089,0.6415112
  1> 112,0.9694385,1.8722888,5085,0.9142214
  1> 113,0.9738025,1.9401148,3643,0.7601380
  1> 114,0.9772735,2.0011942,3299,0.7907910
  1> 115,0.9803540,2.0625012,2862,0.7911309
  1> 116,0.9830185,2.1224865,2467,0.7868013
  1> 117,0.9852630,2.1779508,2022,0.7412652
  1> 118,0.9871995,2.2336987,1851,0.7798380
  1> 119,0.9889235,2.2890422,1597,0.7761871
  1> 120,0.9903720,2.3427404,1300,0.7256793
  1> 121,0.9916510,2.3944058,1258,0.8090684
  1> 122,0.9928435,2.4488339,1127,0.8447283
  1> 123,0.9937885,2.4984636,763,0.6577468
  1> 124,0.9945090,2.5425676,678,0.6606938
  1> 125,0.9951690,2.5881263,642,0.7107543
  1> 126,0.9957755,2.6333918,571,0.7225038
  1> 127,0.9963125,2.6794866,503,0.7287754
  1> 128,0.9967850,2.7243740,442,0.7341826
  1> 129,0.9971795,2.7656980,347,0.6565355
  1> 130,0.9975240,2.8050329,342,0.7370949
  1> 131,0.9978335,2.8467781,277,0.6819232
  1> 132,0.9980985,2.8878721,253,0.7095329
  1> 133,0.9983260,2.9304768,202,0.6431785
  1> 134,0.9985155,2.9708092,177,0.6353805
  1> 135,0.9986870,3.0082684,166,0.6737112
  1> 136,0.9988495,3.0482390,159,0.7365180
  1> 137,0.9990095,3.0925034,161,0.8666442
  1> 138,0.9991590,3.1357848,138,0.8747945
  1> 139,0.9992770,3.1728257,98,0.7220192
  1> 140,0.9993705,3.2084518,89,0.7531359
  1> 141,0.9994585,3.2489728,87,0.8561964
  1> 142,0.9995355,3.2928277,67,0.7682919
  1> 143,0.9995955,3.3386788,53,0.6976480
  1> 144,0.9996510,3.3736104,58,0.8855997
  1> 145,0.9997000,3.4074563,40,0.7098957
  1> 146,0.9997385,3.4378157,37,0.7534434
  1> 147,0.9997720,3.4643249,30,0.7004774
  1> 148,0.9997995,3.4971467,25,0.6636778
  1> 149,0.9998220,3.5221723,20,0.5978962
  1> 150,0.9998425,3.5556877,21,0.7097947
  1> 151,0.9998635,3.5887720,21,0.8193806
  1> 152,0.9998825,3.6259066,17,0.7703753
  1> 153,0.9998975,3.6621730,13,0.6750379
  1> 154,0.9999100,3.6886384,12,0.7097468
  1> 155,0.9999225,3.7234392,13,0.8936711
  1> 156,0.9999335,3.7545447,9,0.7204353
  1> 157,0.9999415,3.7802196,7,0.6367480
  1> 158,0.9999490,3.8216974,8,0.8354412
  1> 159,0.9999565,3.8487651,7,0.8571336
  1> 160,0.9999625,3.8911180,5,0.7097096
  1> 161,0.9999675,3.9200925,5,0.8192955
  1> 162,0.9999720,3.9427840,4,0.7605634
  1> 163,0.9999760,3.9834147,4,0.8878683
  1> 164,0.9999795,4.0282022,3,0.7791736
  1> 165,0.9999825,4.0948323,3,0.9133534
  1> 166,0.9999850,4.1570055,2,0.7096937
  1> 167,0.9999870,4.1864018,2,0.8192796
  1> 168,0.9999885,4.2444437,1,1.0000000
  1> 169,0.9999895,4.2445632,1,1.0000000
  1> 170,0.9999905,4.2449776,1,1.0000000
  1> 171,0.9999915,4.3281959,1,1.0000000
  1> 172,0.9999925,4.3307368,1,1.0000000
  1> 173,0.9999935,4.4710608,1,1.0000000
  1> 174,0.9999945,4.5079688,1,1.0000000
  1> 175,0.9999955,4.5651674,1,1.0000000
  1> 176,0.9999965,4.7466592,1,1.0000000
  1> 177,0.9999975,4.7597793,1,1.0000000
  1> 178,0.9999985,4.8807807,1,1.0000000
  1> 179,0.9999995,4.8893680,1,1.0000000
  1> # big 944 bytes
  1> # small 486 bytes
Completed in 11.45s, 30 tests

Suite: com.tdunning.scale.ScaleTest
IGNOR/A 0.00s | ScaleTest.testGrowth
   > Assumption #1: got: <false>, expected: is <true>
Completed in 0.00s, 1 test, 1 skipped

Suite: com.tdunning.math.stats.LogHistogramTest
  1> Checking χ^2 = 146.4712 ± 16.2 against expected 146.0000 ± 17.0
Completed in 1.75s, 8 tests

Suite: com.tdunning.math.stats.AbstractTest
Suite: com.tdunning.math.stats.FloatHistogramTest
  1> Checking χ^2 = 166.1027 ± 17.7 against expected 165.4000 ± 18.0
Completed in 1.74s, 6 tests

Suite: com.tdunning.math.stats.TDigestTest
Suite: com.tdunning.math.stats.ComparisonTest
  1> 269.14968 0.57157
Completed in 17.11s, 5 tests

Suite: com.tdunning.math.stats.IntAVLTreeTest
Completed in 0.35s, 2 tests

Suite: com.tdunning.math.stats.SerializationTest
Completed in 0.00s, 1 test

Suite: com.tdunning.math.stats.TDigestUtilTest
Completed in 0.01s, 1 test

[INFO] JVM J0:     0.40 ..    60.14 =    59.75s
[INFO] Execution time total: 1 minute
[INFO] Tests summary: 16 suites, 105 tests, 3 ignored (3 assumptions)
[INFO] 
[INFO] -------------------< com.tdunning:t-digest-quality >--------------------
[INFO] Building t-digest-quality 3.3-SNAPSHOT                             [3/4]
[INFO] --------------------------------[ jar ]---------------------------------
[INFO] 
[INFO] --- maven-resources-plugin:2.6:resources (default-resources) @ t-digest-quality ---
[WARNING] Using platform encoding (UTF-8 actually) to copy filtered resources, i.e. build is platform dependent!
[INFO] skip non existing resourceDirectory /workdir/t-digest/quality/src/main/resources
[INFO] 
[INFO] --- maven-compiler-plugin:3.3:compile (default-compile) @ t-digest-quality ---
[INFO] No sources to compile
[INFO] 
[INFO] --- maven-resources-plugin:2.6:testResources (default-testResources) @ t-digest-quality ---
[WARNING] Using platform encoding (UTF-8 actually) to copy filtered resources, i.e. build is platform dependent!
[INFO] skip non existing resourceDirectory /workdir/t-digest/quality/src/test/resources
[INFO] 
[INFO] --- maven-compiler-plugin:3.3:testCompile (default-testCompile) @ t-digest-quality ---
[INFO] Nothing to compile - all classes are up to date
[INFO] 
[INFO] --- maven-surefire-plugin:2.12.4:test (default-test) @ t-digest-quality ---
[INFO] Surefire report directory: /workdir/t-digest/quality/target/surefire-reports

-------------------------------------------------------
 T E S T S
-------------------------------------------------------
Running com.tdunning.tdigest.quality.SinglePassTest
0
1
2
3
4
5
6
7
8
9
10
11
12
13
14
15
16
17
18
19
20
21
22
23
24
25
26
27
28
29
30
31
32
33
34
35
36
37
38
39
40
41
42
43
44
45
46
47
48
49
Tests run: 1, Failures: 0, Errors: 0, Skipped: 0, Time elapsed: 119.951 sec
Running com.tdunning.tdigest.quality.ComparisonTest
Tests run: 2, Failures: 0, Errors: 0, Skipped: 0, Time elapsed: 64.56 sec
Running com.tdunning.tdigest.quality.AccuracyTest
Starting 0
Starting 1
Starting 3
Starting 2
Starting 4
Starting 5
    Finishing 6
Starting 6
    Finishing 2
Starting 7
    Finishing 4
    Finishing 1
Starting 8
Starting 9
    Finishing 5
Starting 10
    Finishing 3
Starting 11
    Finishing 9
Starting 12
    Finishing 10
Starting 13
    Finishing 7
Starting 14
    Finishing 8
Starting 15
    Finishing 11
Starting 16
    Finishing 12
Starting 17
    Finishing 15
Starting 18
    Finishing 13
Starting 19
    Finishing 14
    Finishing 18
    Finishing 16
    Finishing 17
    Finishing 19
    Finishing 20
java.lang.ArrayIndexOutOfBoundsException: Index 2010 out of bounds for length 2010
	at com.tdunning.math.stats.MergingDigest.merge(MergingDigest.java:453)
	at com.tdunning.math.stats.MergingDigest.mergeNewValues(MergingDigest.java:363)
	at com.tdunning.math.stats.MergingDigest.mergeNewValues(MergingDigest.java:353)
	at com.tdunning.math.stats.MergingDigest.add(MergingDigest.java:259)
	at com.tdunning.math.stats.MergingDigest.add(MergingDigest.java:251)
	at com.tdunning.math.stats.AbstractTDigest.add(AbstractTDigest.java:131)
	at com.tdunning.tdigest.quality.AccuracyTest.lambda$testAccuracyVersusCompression$1(AccuracyTest.java:290)
	at java.base/java.util.concurrent.FutureTask.run(FutureTask.java:264)
	at java.base/java.util.concurrent.ThreadPoolExecutor.runWorker(ThreadPoolExecutor.java:1128)
	at java.base/java.util.concurrent.ThreadPoolExecutor$Worker.run(ThreadPoolExecutor.java:628)
	at java.base/java.lang.Thread.run(Thread.java:834)
java.lang.ArrayIndexOutOfBoundsException: Index 2010 out of bounds for length 2010
	at com.tdunning.math.stats.MergingDigest.merge(MergingDigest.java:453)
	at com.tdunning.math.stats.MergingDigest.mergeNewValues(MergingDigest.java:363)
	at com.tdunning.math.stats.MergingDigest.mergeNewValues(MergingDigest.java:353)
	at com.tdunning.math.stats.MergingDigest.add(MergingDigest.java:259)
	at com.tdunning.math.stats.MergingDigest.add(MergingDigest.java:251)
	at com.tdunning.math.stats.AbstractTDigest.add(AbstractTDigest.java:131)
	at com.tdunning.tdigest.quality.AccuracyTest.lambda$testAccuracyVersusCompression$1(AccuracyTest.java:290)
	at java.base/java.util.concurrent.FutureTask.run(FutureTask.java:264)
	at java.base/java.util.concurrent.ThreadPoolExecutor.runWorker(ThreadPoolExecutor.java:1128)
	at java.base/java.util.concurrent.ThreadPoolExecutor$Worker.run(ThreadPoolExecutor.java:628)
	at java.base/java.lang.Thread.run(Thread.java:834)
java.lang.ArrayIndexOutOfBoundsException: Index 2010 out of bounds for length 2010
	at com.tdunning.math.stats.MergingDigest.merge(MergingDigest.java:453)
	at com.tdunning.math.stats.MergingDigest.mergeNewValues(MergingDigest.java:363)
	at com.tdunning.math.stats.MergingDigest.mergeNewValues(MergingDigest.java:353)
	at com.tdunning.math.stats.MergingDigest.add(MergingDigest.java:259)
	at com.tdunning.math.stats.MergingDigest.add(MergingDigest.java:251)
	at com.tdunning.math.stats.AbstractTDigest.add(AbstractTDigest.java:131)
	at com.tdunning.tdigest.quality.AccuracyTest.lambda$testAccuracyVersusCompression$1(AccuracyTest.java:290)
	at java.base/java.util.concurrent.FutureTask.run(FutureTask.java:264)
	at java.base/java.util.concurrent.ThreadPoolExecutor.runWorker(ThreadPoolExecutor.java:1128)
	at java.base/java.util.concurrent.ThreadPoolExecutor$Worker.run(ThreadPoolExecutor.java:628)
	at java.base/java.lang.Thread.run(Thread.java:834)
java.lang.ArrayIndexOutOfBoundsException: Index 2010 out of bounds for length 2010
	at com.tdunning.math.stats.MergingDigest.merge(MergingDigest.java:453)
	at com.tdunning.math.stats.MergingDigest.mergeNewValues(MergingDigest.java:363)
	at com.tdunning.math.stats.MergingDigest.mergeNewValues(MergingDigest.java:353)
	at com.tdunning.math.stats.MergingDigest.add(MergingDigest.java:259)
	at com.tdunning.math.stats.MergingDigest.add(MergingDigest.java:251)
	at com.tdunning.math.stats.AbstractTDigest.add(AbstractTDigest.java:131)
	at com.tdunning.tdigest.quality.AccuracyTest.lambda$testAccuracyVersusCompression$1(AccuracyTest.java:290)
	at java.base/java.util.concurrent.FutureTask.run(FutureTask.java:264)
	at java.base/java.util.concurrent.ThreadPoolExecutor.runWorker(ThreadPoolExecutor.java:1128)
	at java.base/java.util.concurrent.ThreadPoolExecutor$Worker.run(ThreadPoolExecutor.java:628)
	at java.base/java.lang.Thread.run(Thread.java:834)
java.lang.ArrayIndexOutOfBoundsException: Index 410 out of bounds for length 410
	at com.tdunning.math.stats.MergingDigest.merge(MergingDigest.java:453)
	at com.tdunning.math.stats.MergingDigest.mergeNewValues(MergingDigest.java:363)
	at com.tdunning.math.stats.MergingDigest.mergeNewValues(MergingDigest.java:353)
	at com.tdunning.math.stats.MergingDigest.add(MergingDigest.java:259)
	at com.tdunning.math.stats.MergingDigest.add(MergingDigest.java:251)
	at com.tdunning.math.stats.AbstractTDigest.add(AbstractTDigest.java:131)
	at com.tdunning.tdigest.quality.AccuracyTest.lambda$testAccuracyVersusCompression$1(AccuracyTest.java:290)
	at java.base/java.util.concurrent.FutureTask.run(FutureTask.java:264)
	at java.base/java.util.concurrent.ThreadPoolExecutor.runWorker(ThreadPoolExecutor.java:1128)
	at java.base/java.util.concurrent.ThreadPoolExecutor$Worker.run(ThreadPoolExecutor.java:628)
	at java.base/java.lang.Thread.run(Thread.java:834)
java.lang.ArrayIndexOutOfBoundsException: Index 2000 out of bounds for length 2000
	at com.tdunning.math.stats.MergingDigest.merge(MergingDigest.java:453)
	at com.tdunning.math.stats.MergingDigest.mergeNewValues(MergingDigest.java:363)
	at com.tdunning.math.stats.MergingDigest.mergeNewValues(MergingDigest.java:353)
	at com.tdunning.math.stats.MergingDigest.add(MergingDigest.java:259)
	at com.tdunning.math.stats.MergingDigest.add(MergingDigest.java:251)
	at com.tdunning.math.stats.AbstractTDigest.add(AbstractTDigest.java:131)
	at com.tdunning.tdigest.quality.AccuracyTest.lambda$testAccuracyVersusCompression$1(AccuracyTest.java:290)
	at java.base/java.util.concurrent.FutureTask.run(FutureTask.java:264)
	at java.base/java.util.concurrent.ThreadPoolExecutor.runWorker(ThreadPoolExecutor.java:1128)
	at java.base/java.util.concurrent.ThreadPoolExecutor$Worker.run(ThreadPoolExecutor.java:628)
	at java.base/java.lang.Thread.run(Thread.java:834)
java.lang.ArrayIndexOutOfBoundsException
java.lang.ArrayIndexOutOfBoundsException
java.lang.ArrayIndexOutOfBoundsException
java.lang.ArrayIndexOutOfBoundsException
java.lang.ArrayIndexOutOfBoundsException
java.lang.ArrayIndexOutOfBoundsException
java.lang.ArrayIndexOutOfBoundsException
java.lang.ArrayIndexOutOfBoundsException
java.lang.ArrayIndexOutOfBoundsException
java.lang.ArrayIndexOutOfBoundsException
java.lang.ArrayIndexOutOfBoundsException
java.lang.ArrayIndexOutOfBoundsException
java.lang.ArrayIndexOutOfBoundsException
java.lang.ArrayIndexOutOfBoundsException
java.lang.ArrayIndexOutOfBoundsException
java.lang.ArrayIndexOutOfBoundsException
java.lang.ArrayIndexOutOfBoundsException
java.lang.ArrayIndexOutOfBoundsException
java.lang.ArrayIndexOutOfBoundsException
java.lang.ArrayIndexOutOfBoundsException
java.lang.ArrayIndexOutOfBoundsException
java.lang.ArrayIndexOutOfBoundsException
java.lang.ArrayIndexOutOfBoundsException
java.lang.ArrayIndexOutOfBoundsException
java.lang.ArrayIndexOutOfBoundsException
java.lang.ArrayIndexOutOfBoundsException
java.lang.ArrayIndexOutOfBoundsException
java.lang.ArrayIndexOutOfBoundsException
java.lang.ArrayIndexOutOfBoundsException
java.lang.ArrayIndexOutOfBoundsException
java.lang.ArrayIndexOutOfBoundsException
java.lang.ArrayIndexOutOfBoundsException
java.lang.ArrayIndexOutOfBoundsException
java.lang.ArrayIndexOutOfBoundsException
java.lang.ArrayIndexOutOfBoundsException
java.lang.ArrayIndexOutOfBoundsException
java.lang.ArrayIndexOutOfBoundsException
java.lang.ArrayIndexOutOfBoundsException
java.lang.ArrayIndexOutOfBoundsException
java.lang.ArrayIndexOutOfBoundsException
java.lang.ArrayIndexOutOfBoundsException
java.lang.ArrayIndexOutOfBoundsException
java.lang.ArrayIndexOutOfBoundsException
49, 1, 41.85, 0.024
0, 1, 6.21, 0.161
4, 2, 6.53, 0.306
6, 3, 6.53, 0.459
2, 4, 6.70, 0.597
1, 5, 6.75, 0.741
3, 6, 6.98, 0.860
5, 7, 6.99, 1.002
7, 8, 7.35, 1.089
9, 9, 10.99, 0.819
8, 10, 11.14, 0.898
10, 11, 11.30, 0.973
14, 12, 11.45, 1.048
12, 13, 11.63, 1.118
11, 14, 11.71, 1.196
13, 15, 11.90, 1.261
15, 16, 12.06, 1.327
17, 17, 13.81, 1.231
16, 18, 13.81, 1.303
19, 19, 13.87, 1.370
18, 20, 14.06, 1.422
Tests run: 4, Failures: 0, Errors: 0, Skipped: 0, Time elapsed: 85.995 sec

Results :

Tests run: 7, Failures: 0, Errors: 0, Skipped: 0

[INFO] 
[INFO] ------------------< com.tdunning:t-digest-benchmark >-------------------
[INFO] Building t-digest-benchmark 3.3-SNAPSHOT                           [4/4]
[INFO] --------------------------------[ jar ]---------------------------------
[INFO] 
[INFO] --- maven-resources-plugin:2.6:resources (default-resources) @ t-digest-benchmark ---
[WARNING] Using platform encoding (UTF-8 actually) to copy filtered resources, i.e. build is platform dependent!
[INFO] skip non existing resourceDirectory /workdir/t-digest/benchmark/src/main/resources
[INFO] 
[INFO] --- maven-compiler-plugin:3.0:compile (default-compile) @ t-digest-benchmark ---
[INFO] Nothing to compile - all classes are up to date
[INFO] 
[INFO] --- maven-resources-plugin:2.6:testResources (default-testResources) @ t-digest-benchmark ---
[WARNING] Using platform encoding (UTF-8 actually) to copy filtered resources, i.e. build is platform dependent!
[INFO] skip non existing resourceDirectory /workdir/t-digest/benchmark/src/test/resources
[INFO] 
[INFO] --- maven-compiler-plugin:3.0:testCompile (default-testCompile) @ t-digest-benchmark ---
[INFO] No sources to compile
[INFO] 
[INFO] --- maven-surefire-plugin:2.12.4:test (default-test) @ t-digest-benchmark ---
[INFO] No tests to run.
[INFO] ------------------------------------------------------------------------
[INFO] Reactor Summary for T-digest Parent 3.3-SNAPSHOT:
[INFO] 
[INFO] T-digest Parent .................................... SUCCESS [  0.047 s]
[INFO] T-Digest ........................................... SUCCESS [01:02 min]
[INFO] t-digest-quality ................................... SUCCESS [04:30 min]
[INFO] t-digest-benchmark ................................. SUCCESS [  0.101 s]
[INFO] ------------------------------------------------------------------------
[INFO] BUILD SUCCESS
[INFO] ------------------------------------------------------------------------
[INFO] Total time:  05:33 min
[INFO] Finished at: 2021-02-14T21:46:04Z
[INFO] ------------------------------------------------------------------------
