[INFO] Scanning for projects...
[INFO] ------------------------------------------------------------------------
[INFO] Reactor Build Order:
[INFO] 
[INFO] T-digest Parent                                                    [pom]
[INFO] T-Digest                                                           [jar]
[INFO] t-digest-quality                                                   [jar]
[INFO] t-digest-benchmark                                                 [jar]
[INFO] 
[INFO] --------------------< com.tdunning:t-digest-parent >--------------------
[INFO] Building T-digest Parent 3.3-SNAPSHOT                              [1/4]
[INFO] --------------------------------[ pom ]---------------------------------
[INFO] 
[INFO] -----------------------< com.tdunning:t-digest >------------------------
[INFO] Building T-Digest 3.3-SNAPSHOT                                     [2/4]
[INFO] --------------------------------[ jar ]---------------------------------
[INFO] 
[INFO] --- maven-resources-plugin:2.6:resources (default-resources) @ t-digest ---
[INFO] Using 'UTF-8' encoding to copy filtered resources.
[INFO] skip non existing resourceDirectory /workdir/t-digest/core/src/main/resources
[INFO] 
[INFO] --- maven-compiler-plugin:3.3:compile (default-compile) @ t-digest ---
[INFO] Nothing to compile - all classes are up to date
[INFO] 
[INFO] --- maven-resources-plugin:2.6:testResources (default-testResources) @ t-digest ---
[INFO] Using 'UTF-8' encoding to copy filtered resources.
[INFO] skip non existing resourceDirectory /workdir/t-digest/core/src/test/resources
[INFO] 
[INFO] --- maven-compiler-plugin:3.3:testCompile (default-testCompile) @ t-digest ---
[INFO] Nothing to compile - all classes are up to date
[INFO] 
[INFO] --- maven-surefire-plugin:2.18.1:test (default-test) @ t-digest ---
[INFO] Tests are skipped.
[INFO] 
[INFO] --- junit4-maven-plugin:2.1.11:junit4 (tests) @ t-digest ---
WARNING: An illegal reflective access operation has occurred
WARNING: Illegal reflective access by org.dom4j.io.SAXContentHandler (file:/home/maven/.m2/repository/dom4j/dom4j/1.6.1/dom4j-1.6.1.jar) to method com.sun.org.apache.xerces.internal.parsers.AbstractSAXParser$LocatorProxy.getEncoding()
WARNING: Please consider reporting this to the maintainers of org.dom4j.io.SAXContentHandler
WARNING: Use --illegal-access=warn to enable warnings of further illegal reflective access operations
WARNING: All illegal access operations will be denied in a future release
[INFO] <JUnit4> says olá! Master seed: 1BE379BDA6DE076
Executing 16 suites with 1 JVM.

Started J0 PID(18245@605b8309f1f8).
Suite: com.tdunning.math.stats.TDigestTest
Suite: com.tdunning.math.stats.AbstractTest
Suite: com.tdunning.math.stats.SortTest
Completed in 0.18s, 11 tests

Suite: com.tdunning.math.stats.ComparisonTest
  1> 268.99528 0.32345
Completed in 16.63s, 5 tests

Suite: com.tdunning.math.stats.FloatHistogramTest
  1> Failed 0 times (up to 5 acceptable)Checking χ^2 = 166.2657 ± 17.1 against expected 165.4000 ± 18.0
Completed in 1.77s, 6 tests

Suite: com.tdunning.math.stats.TDigestUtilTest
Completed in 0.04s, 1 test

Suite: com.tdunning.math.stats.MegaMergeTest
IGNOR/A 0.03s | MegaMergeTest.megaMerge
   > Assumption #1: got: <false>, expected: is <true>
IGNOR/A 0.00s | MegaMergeTest.testLargeMerge
   > Assumption #1: got: <false>, expected: is <true>
Completed in 0.03s, 2 tests, 2 skipped

Suite: com.tdunning.math.stats.SerializationTest
Completed in 0.00s, 1 test

Suite: com.tdunning.math.stats.AVLGroupTreeTest
Completed in 0.02s, 5 tests

Suite: com.tdunning.math.stats.IntAVLTreeTest
Completed in 0.33s, 2 tests

Suite: com.tdunning.math.stats.LogHistogramTest
  1> Checking χ^2 = 146.9958 ± 16.5 against expected 146.0000 ± 17.0
Completed in 1.77s, 8 tests

Suite: com.tdunning.scale.ScaleTest
IGNOR/A 0.00s | ScaleTest.testGrowth
   > Assumption #1: got: <false>, expected: is <true>
Completed in 0.00s, 1 test, 1 skipped

Suite: com.tdunning.math.stats.AVLTreeDigestTest
  1> # 1.594746us per point
  1> # 332 centroids
  1> # 0.329201us per point
  1> # 597 centroids
  1> i, q, mean, count, dk
  1> 0,0.0000005,-4.8485142,1,1.0000000
  1> 1,0.0000015,-4.6517030,1,1.0000000
  1> 2,0.0000025,-4.6508888,1,1.0000000
  1> 3,0.0000035,-4.6235043,1,1.0000000
  1> 4,0.0000045,-4.5038692,1,1.0000000
  1> 5,0.0000055,-4.5031334,1,1.0000000
  1> 6,0.0000065,-4.4844616,1,1.0000000
  1> 7,0.0000075,-4.3115728,1,1.0000000
  1> 8,0.0000085,-4.3110945,1,1.0000000
  1> 9,0.0000095,-4.2649879,1,1.0000000
  1> 10,0.0000105,-4.2629483,1,1.0000000
  1> 11,0.0000120,-4.2250834,2,0.8878577
  1> 12,0.0000140,-4.1870985,2,0.7605527
  1> 13,0.0000160,-4.1490145,2,0.6652187
  1> 14,0.0000185,-4.1148889,3,0.8637599
  1> 15,0.0000215,-4.0430850,3,0.7428127
  1> 16,0.0000245,-3.9993261,3,0.6516140
  1> 17,0.0000280,-3.9645816,4,0.7605634
  1> 18,0.0000325,-3.9186218,5,0.8192955
  1> 19,0.0000380,-3.9026043,6,0.8409495
  1> 20,0.0000435,-3.8722349,5,0.6115888
  1> 21,0.0000495,-3.8430809,7,0.7528712
  1> 22,0.0000570,-3.8112488,8,0.7471974
  1> 23,0.0000655,-3.7779221,9,0.7314681
  1> 24,0.0000750,-3.7470077,10,0.7097362
  1> 25,0.0000850,-3.7168827,10,0.6260380
  1> 26,0.0000975,-3.6806460,15,0.8193487
  1> 27,0.0001140,-3.6422171,18,0.8410133
  1> 28,0.0001345,-3.6013842,23,0.9111850
  1> 29,0.0001565,-3.5625007,21,0.7143430
  1> 30,0.0001765,-3.5396760,19,0.5727782
  1> 31,0.0002005,-3.5128465,29,0.7702123
  1> 32,0.0002310,-3.4807013,32,0.7375903
  1> 33,0.0002615,-3.4498378,29,0.5901556
  1> 34,0.0002985,-3.4225972,45,0.8029772
  1> 35,0.0003495,-3.3817751,57,0.8690117
  1> 36,0.0004100,-3.3422320,64,0.8316472
  1> 37,0.0004720,-3.3005484,60,0.6768321
  1> 38,0.0005400,-3.2638454,76,0.7496413
  1> 39,0.0006180,-3.2273102,80,0.6893793
  1> 40,0.0007085,-3.1920445,101,0.7594636
  1> 41,0.0008290,-3.1453189,140,0.9004286
  1> 42,0.0009770,-3.1002461,156,0.8512556
  1> 43,0.0011500,-3.0488986,190,0.8811021
  1> 44,0.0013540,-3.0015394,218,0.8587107
  1> 45,0.0015615,-2.9578005,197,0.6724502
  1> 46,0.0017960,-2.9175104,272,0.8078952
  1> 47,0.0021015,-2.8680031,339,0.8610085
  1> 48,0.0024080,-2.8230530,274,0.6068625
  1> 49,0.0027200,-2.7808269,350,0.6866917
  1> 50,0.0030935,-2.7364122,397,0.6851131
  1> 51,0.0035965,-2.6861660,609,0.9053578
  1> 52,0.0042260,-2.6313407,650,0.8225436
  1> 53,0.0049455,-2.5791634,789,0.8539258
  1> 54,0.0057585,-2.5248724,837,0.7783362
  1> 55,0.0066540,-2.4743561,954,0.7683989
  1> 56,0.0077470,-2.4202263,1232,0.8535845
  1> 57,0.0091265,-2.3599325,1527,0.8995071
  1> 58,0.0106850,-2.3011757,1590,0.8008733
  1> 59,0.0124425,-2.2439233,1925,0.8342563
  1> 60,0.0144310,-2.1844039,2052,0.7680646
  1> 61,0.0167525,-2.1249992,2591,0.8376439
  1> 62,0.0196020,-2.0627315,3108,0.8612986
  1> 63,0.0230060,-1.9975157,3700,0.8767322
  1> 64,0.0268435,-1.9316077,3975,0.8101595
  1> 65,0.0309610,-1.8690336,4260,0.7557876
  1> 66,0.0356080,-1.8057038,5034,0.7803550
  1> 67,0.0409770,-1.7412509,5704,0.7726191
  1> 68,0.0476820,-1.6684359,7706,0.9038087
  1> 69,0.0559365,-1.5896842,8803,0.8876954
  1> 70,0.0645900,-1.5165563,8504,0.7490748
  1> 71,0.0742170,-1.4436829,10750,0.8328790
  1> 72,0.0856445,-1.3660320,12105,0.8228002
  1> 73,0.0984940,-1.2881487,13594,0.8148423
  1> 74,0.1123705,-1.2125400,14159,0.7553384
  1> 75,0.1275195,-1.1365237,16139,0.7718513
  1> 76,0.1446305,-1.0579811,18083,0.7777232
  1> 77,0.1635375,-0.9783541,19731,0.7673810
  1> 78,0.1847845,-0.8965628,22763,0.8039449
  1> 79,0.2084885,-0.8114899,24645,0.7944724
  1> 80,0.2333745,-0.7273771,25127,0.7469924
  1> 81,0.2587695,-0.6461882,25663,0.7115370
  1> 82,0.2867800,-0.5622401,30358,0.7893876
  1> 83,0.3183840,-0.4720205,32850,0.8050357
  1> 84,0.3515015,-0.3812692,33385,0.7788287
  1> 85,0.3853335,-0.2911293,34279,0.7695777
  1> 86,0.4201325,-0.2002800,35319,0.7708667
  1> 87,0.4569120,-0.1069313,38240,0.8194378
  1> 88,0.4959305,-0.0083525,39797,0.8465443
  1> 89,0.5351640,0.0903641,38670,0.8265909
  1> 90,0.5724900,0.1842353,35982,0.7817362
  1> 91,0.6070845,0.2730826,33207,0.7402221
  1> 92,0.6407840,0.3615189,34192,0.7899245
  1> 93,0.6745560,0.4534970,33352,0.8079680
  1> 94,0.7073775,0.5464351,32291,0.8297320
  1> 95,0.7374840,0.6364075,27922,0.7670703
  1> 96,0.7648780,0.7233020,26866,0.7946413
  1> 97,0.7916475,0.8135021,26673,0.8604019
  1> 98,0.8175270,0.9067275,25086,0.8949080
  1> 99,0.8406400,0.9970674,21140,0.8397244
  1> 100,0.8598125,1.0798267,17205,0.7594413
  1> 101,0.8761185,1.1568815,15407,0.7553053
  1> 102,0.8910195,1.2334994,14395,0.7888992
  1> 103,0.9044395,1.3081717,12445,0.7662578
  1> 104,0.9162740,1.3820350,11224,0.7786470
  1> 105,0.9274610,1.4588490,11150,0.8824381
  1> 106,0.9374670,1.5346333,8862,0.8046939
  1> 107,0.9453325,1.6022874,6869,0.7072973
  1> 108,0.9520275,1.6669991,6521,0.7599612
  1> 109,0.9582760,1.7336034,5976,0.7956613
  1> 110,0.9639520,1.8013073,5376,0.8237238
  1> 111,0.9688330,1.8677816,4386,0.7732175
  1> 112,0.9730770,1.9329008,4102,0.8337305
  1> 113,0.9767120,1.9942915,3168,0.7413495
  1> 114,0.9797025,2.0513558,2813,0.7530026
  1> 115,0.9824265,2.1103058,2635,0.8126522
  1> 116,0.9849570,2.1704292,2426,0.8720671
  1> 117,0.9871495,2.2320898,1959,0.8223277
  1> 118,0.9889275,2.2891750,1597,0.7764653
  1> 119,0.9904180,2.3433262,1384,0.7764115
  1> 120,0.9916740,2.3942595,1128,0.7271850
  1> 121,0.9927765,2.4477448,1077,0.7996469
  1> 122,0.9938045,2.5034780,979,0.8468119
  1> 123,0.9947275,2.5590732,867,0.8805535
  1> 124,0.9954765,2.6111918,631,0.7459459
  1> 125,0.9960275,2.6523292,471,0.6333945
  1> 126,0.9964710,2.6915110,416,0.6294481
  1> 127,0.9968645,2.7293054,371,0.6315648
  1> 128,0.9972060,2.7686208,312,0.5957650
  1> 129,0.9975250,2.8101918,326,0.7027926
  1> 130,0.9978225,2.8521332,269,0.6588308
  1> 131,0.9980850,2.8951202,256,0.7129047
  1> 132,0.9983330,2.9401863,240,0.7677713
  1> 133,0.9985555,2.9839244,205,0.7566144
  1> 134,0.9987380,3.0211788,160,0.6755728
  1> 135,0.9988850,3.0537865,134,0.6402041
  1> 136,0.9990135,3.0911968,123,0.6641723
  1> 137,0.9991350,3.1306889,120,0.7391276
  1> 138,0.9992460,3.1714714,102,0.7206105
  1> 139,0.9993385,3.2145924,83,0.6681701
  1> 140,0.9994190,3.2531420,78,0.7149985
  1> 141,0.9994910,3.2903236,66,0.6904586
  1> 142,0.9995520,3.3229941,56,0.6655059
  1> 143,0.9996040,3.3541217,48,0.6452552
  1> 144,0.9996535,3.3822246,51,0.7839423
  1> 145,0.9997010,3.4245684,44,0.7837504
  1> 146,0.9997410,3.4644751,36,0.7401109
  1> 147,0.9997730,3.4990285,28,0.6565431
  1> 148,0.9997990,3.5327413,24,0.6354776
  1> 149,0.9998235,3.5646962,25,0.7541897
  1> 150,0.9998480,3.5933045,24,0.8410452
  1> 151,0.9998700,3.6332833,20,0.8193753
  1> 152,0.9998880,3.6675351,16,0.7606271
  1> 153,0.9999040,3.7031636,16,0.8879321
  1> 154,0.9999185,3.7545809,13,0.8496215
  1> 155,0.9999290,3.7983896,8,0.5995199
  1> 156,0.9999370,3.8219803,8,0.6758377
  1> 157,0.9999445,3.8420430,7,0.6712540
  1> 158,0.9999520,3.8780575,8,0.8878896
  1> 159,0.9999590,3.9109259,6,0.7791895
  1> 160,0.9999650,3.9598698,6,0.9133693
  1> 161,0.9999700,4.0061430,4,0.7097043
  1> 162,0.9999740,4.0491652,4,0.8192902
  1> 163,0.9999775,4.0964330,3,0.7096990
  1> 164,0.9999805,4.1314419,3,0.8192849
  1> 165,0.9999830,4.1714596,2,0.6259955
  1> 166,0.9999850,4.2084468,2,0.7096937
  1> 167,0.9999870,4.2392441,2,0.8192796
  1> 168,0.9999885,4.2463299,1,1.0000000
  1> 169,0.9999895,4.2598783,1,1.0000000
  1> 170,0.9999905,4.2721731,1,1.0000000
  1> 171,0.9999915,4.2923662,1,1.0000000
  1> 172,0.9999925,4.3222170,1,1.0000000
  1> 173,0.9999935,4.3264866,1,1.0000000
  1> 174,0.9999945,4.3606152,1,1.0000000
  1> 175,0.9999955,4.4070526,1,1.0000000
  1> 176,0.9999965,4.4083278,1,1.0000000
  1> 177,0.9999975,4.8197760,1,1.0000000
  1> 178,0.9999985,4.8930085,1,1.0000000
  1> 179,0.9999995,5.0587015,1,1.0000000
  1> delta, q, x1, x2, q1, q2, error_x, error_q
  1> 20,0.500000,50.500592,50.500550,0.500001,0.500042,0.000082,0.000082
  1> 20,0.900000,50.899954,50.899992,0.900001,0.899962,0.000380,0.000383
  1> 20,0.990000,50.989986,50.989988,0.990001,0.989998,0.000243,0.000292
  1> 20,0.999000,50.999029,50.998998,0.999001,0.999031,0.030901,0.030367
  1> 20,0.999900,50.999906,50.999899,0.999901,0.999907,0.074271,0.069191
  1> 20,0.999990,50.999987,50.999989,0.999991,0.999988,0.200477,0.250261
  1> 20,0.999999,50.999998,50.999998,1.000000,1.000000,0.000000,0.000000
  1> 50,0.500000,50.500328,50.500330,0.500001,0.499998,0.000003,0.000004
  1> 50,0.900000,50.899893,50.899927,0.900001,0.899966,0.000340,0.000346
  1> 50,0.990000,50.990034,50.990061,0.990001,0.989973,0.002715,0.002782
  1> 50,0.999000,50.999027,50.999007,0.999001,0.999021,0.020624,0.020250
  1> 50,0.999900,50.999897,50.999901,0.999901,0.999896,0.037749,0.042980
  1> 50,0.999990,50.999983,50.999991,0.999991,0.999982,0.806084,0.861015
  1> 50,0.999999,51.000000,51.000000,1.000000,1.000000,0.000000,0.000000
  1> 100,0.500000,50.499945,50.499901,0.500001,0.500043,0.000087,0.000086
  1> 100,0.900000,50.900371,50.900351,0.900001,0.900020,0.000202,0.000194
  1> 100,0.990000,50.989926,50.989977,0.990001,0.989949,0.005107,0.005129
  1> 100,0.999000,50.998995,50.999002,0.999001,0.998993,0.006754,0.007265
  1> 100,0.999900,50.999898,50.999900,0.999901,0.999898,0.021992,0.027030
  1> 100,0.999990,50.999991,50.999990,0.999991,0.999991,0.119693,0.069899
  1> 100,0.999999,50.999999,50.999999,1.000000,1.000000,0.000000,0.000000
  1> 200,0.500000,50.499901,50.499908,0.500001,0.499993,0.000014,0.000015
  1> 200,0.900000,50.899836,50.899836,0.900001,0.900000,0.000005,0.000000
  1> 200,0.990000,50.989959,50.989953,0.990001,0.990005,0.000553,0.000497
  1> 200,0.999000,50.999024,50.999020,0.999001,0.999004,0.004325,0.003921
  1> 200,0.999900,50.999897,50.999902,0.999901,0.999895,0.045655,0.051464
  1> 200,0.999990,50.999986,50.999990,0.999991,0.999985,0.482243,0.540783
  1> 200,0.999999,50.999999,50.999999,1.000000,1.000000,0.000000,0.000000
  1> # big 788 bytes
  1> # small 376 bytes
  1> # 0.201468us per point
  1> # 174 centroids
  1> Starting 0,10
  1> Starting 0,1000
  1> Starting 0,100
  1> Starting 0,10000
  1> Starting 1,10
  1> Starting 1,100
  1>                    0,10 (5 live threads, 19 pending tasks)
  1> Starting 1,1000
  1>                    1,10 (5 live threads, 18 pending tasks)
  1> Starting 1,10000
  1>                    0,100 (5 live threads, 17 pending tasks)
  1> Starting 2,10
  1>                    2,10 (5 live threads, 16 pending tasks)
  1> Starting 2,100
  1>                    1,100 (5 live threads, 15 pending tasks)
  1> Starting 2,1000
  1>                    2,100 (5 live threads, 14 pending tasks)
  1> Starting 2,10000
  1>                    2,1000 (5 live threads, 13 pending tasks)
  1> Starting 3,10
  1>                    3,10 (5 live threads, 12 pending tasks)
  1> Starting 3,100
  1>                    0,1000 (5 live threads, 11 pending tasks)
  1> Starting 3,1000
  1>                    1,1000 (5 live threads, 10 pending tasks)
  1> Starting 3,10000
  1>                    3,100 (5 live threads, 9 pending tasks)
  1> Starting 4,10
  1>                    4,10 (5 live threads, 8 pending tasks)
  1> Starting 4,100
  1>                    4,100 (5 live threads, 7 pending tasks)
  1> Starting 4,1000
  1>                    3,1000 (5 live threads, 6 pending tasks)
  1> Starting 4,10000
  1>                    4,1000 (5 live threads, 5 pending tasks)
  1>                    1,10000 (4 live threads, 4 pending tasks)
  1>                    0,10000 (3 live threads, 3 pending tasks)
  1>                    2,10000 (2 live threads, 2 pending tasks)
  1>                    3,10000 (1 live threads, 1 pending tasks)
  1>                    4,10000 (0 live threads, 0 pending tasks)
  1> # 0.211056us per point
  1> # 380 centroids
Completed in 21.53s, 30 tests

Suite: com.tdunning.math.stats.AlternativeMergeTest
Completed in 0.29s, 1 test

Suite: com.tdunning.math.stats.MergingDigestTest
  1>    q	 estimated	    actual	 error_cdf	   error_q
  1> ====	==========	==========	==========	==========
  1> 0.01	      0.00	      0.00	      0.00	      0.04
  1> 0.05	      0.00	      0.00	      0.00	      0.00
  1> 0.10	      2.77	      0.00	      2.77	      0.05
  1> 0.25	     17.46	     20.00	      2.54	      0.03
  1> 0.50	     39.95	     40.00	      0.05	      0.00
  1> 0.75	     62.63	     60.00	      2.63	      0.03
  1> 0.90	     76.75	     80.00	      3.25	      0.06
  1> 0.95	     80.00	     80.00	      0.00	      0.01
  1> 0.99	     80.00	     80.00	      0.00	      0.03
  1> # 0.563954us per point
  1> # 118 centroids
  1> # 0.122653us per point
  1> # 226 centroids
  1> i, q, mean, count, dk
  1> 0,0.0000005,-5.0899785,1,1.0000000
  1> 1,0.0000015,-5.0519066,1,1.0000000
  1> 2,0.0000025,-4.8886893,1,1.0000000
  1> 3,0.0000035,-4.6550196,1,1.0000000
  1> 4,0.0000045,-4.3837598,1,1.0000000
  1> 5,0.0000055,-4.3649872,1,1.0000000
  1> 6,0.0000065,-4.3554927,1,1.0000000
  1> 7,0.0000075,-4.3409799,1,1.0000000
  1> 8,0.0000085,-4.2979206,1,1.0000000
  1> 9,0.0000095,-4.2484741,1,1.0000000
  1> 10,0.0000105,-4.2454343,1,1.0000000
  1> 11,0.0000120,-4.2267765,2,0.8878577
  1> 12,0.0000140,-4.1792210,2,0.7605527
  1> 13,0.0000160,-4.1579766,2,0.6652187
  1> 14,0.0000185,-4.1218182,3,0.8637599
  1> 15,0.0000215,-4.0672892,3,0.7428127
  1> 16,0.0000245,-4.0410063,3,0.6516140
  1> 17,0.0000280,-4.0272271,4,0.7605634
  1> 18,0.0000320,-4.0047215,4,0.6652294
  1> 19,0.0000360,-3.9756908,4,0.5911553
  1> 20,0.0000405,-3.9487284,5,0.6570012
  1> 21,0.0000465,-3.9086878,7,0.8016199
  1> 22,0.0000535,-3.8694573,7,0.6964168
  1> 23,0.0000605,-3.8330119,7,0.6156518
  1> 24,0.0000685,-3.8095539,9,0.6993404
  1> 25,0.0000795,-3.7761875,13,0.8710885
  1> 26,0.0000915,-3.7390284,11,0.6397587
  1> 27,0.0001030,-3.7022581,12,0.6199572
  1> 28,0.0001165,-3.6637299,15,0.6853272
  1> 29,0.0001315,-3.6351483,15,0.6069811
  1> 30,0.0001500,-3.6120829,22,0.7810123
  1> 31,0.0001735,-3.5736752,25,0.7672730
  1> 32,0.0002000,-3.5341155,28,0.7454297
  1> 33,0.0002295,-3.4908358,31,0.7191529
  1> 34,0.0002665,-3.4546281,43,0.8596322
  1> 35,0.0003125,-3.4096006,49,0.8353236
  1> 36,0.0003640,-3.3648771,54,0.7901866
  1> 37,0.0004250,-3.3223631,68,0.8525392
  1> 38,0.0004895,-3.2854556,61,0.6634887
  1> 39,0.0005615,-3.2453685,83,0.7874909
  1> 40,0.0006495,-3.2012956,93,0.7627992
  1> 41,0.0007525,-3.1576824,113,0.8001979
  1> 42,0.0008720,-3.1118898,126,0.7699645
  1> 43,0.0010130,-3.0693661,156,0.8209109
  1> 44,0.0011740,-3.0312426,166,0.7536254
  1> 45,0.0013705,-2.9879086,227,0.8835232
  1> 46,0.0015940,-2.9444226,220,0.7358647
  1> 47,0.0018180,-2.9025711,228,0.6686232
  1> 48,0.0020590,-2.8640072,254,0.6578155
  1> 49,0.0023140,-2.8258965,256,0.5899379
  1> 50,0.0026075,-2.7859798,331,0.6773316
  1> 51,0.0029875,-2.7411267,429,0.7667884
  1> 52,0.0034730,-2.6939692,542,0.8340022
  1> 53,0.0040075,-2.6475258,527,0.7027269
  1> 54,0.0045915,-2.6021202,641,0.7465979
  1> 55,0.0052285,-2.5581955,633,0.6476090
  1> 56,0.0059110,-2.5153244,732,0.6629161
  1> 57,0.0067995,-2.4652717,1045,0.8240141
  1> 58,0.0079100,-2.4117532,1176,0.7979145
  1> 59,0.0091395,-2.3600201,1283,0.7541903
  1> 60,0.0106510,-2.3040763,1740,0.8795262
  1> 61,0.0123685,-2.2472282,1695,0.7386037
  1> 62,0.0142885,-2.1913966,2145,0.8109197
  1> 63,0.0166255,-2.1319491,2529,0.8236863
  1> 64,0.0192155,-2.0727319,2651,0.7487598
  1> 65,0.0221800,-2.0122635,3278,0.8047192
  1> 66,0.0258315,-1.9471054,4025,0.8517684
  1> 67,0.0302790,-1.8781623,4870,0.8833487
  1> 68,0.0352605,-1.8096459,5093,0.7970514
  1> 69,0.0407095,-1.7439268,5805,0.7913069
  1> 70,0.0468300,-1.6782897,6436,0.7674597
  1> 71,0.0536140,-1.6126399,7132,0.7480890
  1> 72,0.0616930,-1.5404887,9026,0.8300885
  1> 73,0.0717440,-1.4626667,11076,0.8855516
  1> 74,0.0833165,-1.3816100,12069,0.8412019
  1> 75,0.0960680,-1.3029877,13434,0.8234056
  1> 76,0.1103870,-1.2230533,15204,0.8240112
  1> 77,0.1269575,-1.1397989,17937,0.8613332
  1> 78,0.1450700,-1.0568603,18288,0.7845744
  1> 79,0.1634495,-0.9790021,18471,0.7185977
  1> 80,0.1843705,-0.8972710,23371,0.8269032
  1> 81,0.2098360,-0.8054684,27560,0.8844363
  1> 82,0.2389085,-0.7080225,30585,0.8949264
  1> 83,0.2710135,-0.6076977,33625,0.9054421
  1> 84,0.3051250,-0.5078330,34598,0.8679581
  1> 85,0.3397430,-0.4110346,34638,0.8212074
  1> 86,0.3745875,-0.3175308,35051,0.7956144
  1> 87,0.4100285,-0.2255217,35831,0.7876130
  1> 88,0.4508175,-0.1214810,45747,0.9827531
  1> 89,0.4914025,-0.0195424,35423,0.7535930
  1> 90,0.5312885,0.0807269,44349,0.9471515
  1> 91,0.5705575,0.1807029,34189,0.7419076
  1> 92,0.6055755,0.2708505,35847,0.7980552
  1> 93,0.6408115,0.3630094,34625,0.7999666
  1> 94,0.6744035,0.4546557,32559,0.7885412
  1> 95,0.7060530,0.5447564,30740,0.7877322
  1> 96,0.7364640,0.6348009,30082,0.8244419
  1> 97,0.7647720,0.7235399,26534,0.7845592
  1> 98,0.7895385,0.8067857,22999,0.7361939
  1> 99,0.8123530,0.8878882,22630,0.7897921
  1> 100,0.8338410,0.9697864,20346,0.7812856
  1> 101,0.8528775,1.0492467,17727,0.7516259
  1> 102,0.8692450,1.1233714,15008,0.7024572
  1> 103,0.8838585,1.1958656,14219,0.7369895
  1> 104,0.8975475,1.2681568,13159,0.7614855
  1> 105,0.9110130,1.3477759,13772,0.9045228
  1> 106,0.9227145,1.4243388,9631,0.7186325
  1> 107,0.9318615,1.4911029,8663,0.7260253
  1> 108,0.9406610,1.5611568,8936,0.8523639
  1> 109,0.9487380,1.6338839,7218,0.7900207
  1> 110,0.9555525,1.7014385,6411,0.8035745
  1> 111,0.9614005,1.7666424,5285,0.7580428
  1> 112,0.9667135,1.8334343,5341,0.8839772
  1> 113,0.9714475,1.9010148,4127,0.7921151
  1> 114,0.9753085,1.9633865,3595,0.7947682
  1> 115,0.9786370,2.0239510,3062,0.7797074
  1> 116,0.9815305,2.0841202,2725,0.8003201
  1> 117,0.9840935,2.1404184,2401,0.8167248
  1> 118,0.9862955,2.1981933,2003,0.7889619
  1> 119,0.9879950,2.2493168,1396,0.6262299
  1> 120,0.9895605,2.3029141,1735,0.8946449
  1> 121,0.9911335,2.3642855,1411,0.8551349
  1> 122,0.9923010,2.4137713,924,0.6435664
  1> 123,0.9933215,2.4652556,1117,0.8969623
  1> 124,0.9942620,2.5206050,764,0.7127746
  1> 125,0.9950535,2.5760966,819,0.8863611
  1> 126,0.9958115,2.6362795,697,0.8901828
  1> 127,0.9964600,2.6945266,600,0.9061674
  1> 128,0.9970145,2.7513955,509,0.9110295
  1> 129,0.9974375,2.8041738,337,0.7017573
  1> 130,0.9977330,2.8452244,254,0.5974518
  1> 131,0.9979930,2.8819659,266,0.7068439
  1> 132,0.9982460,2.9229822,240,0.7296304
  1> 133,0.9984820,2.9682547,232,0.8150856
  1> 134,0.9986755,3.0097833,155,0.6234938
  1> 135,0.9988475,3.0550856,189,0.8745362
  1> 136,0.9990080,3.0959144,132,0.7089503
  1> 137,0.9991385,3.1410539,129,0.7979994
  1> 138,0.9992525,3.1883500,99,0.7054486
  1> 139,0.9993420,3.2268925,80,0.6473908
  1> 140,0.9994260,3.2637327,88,0.8168711
  1> 141,0.9995075,3.3019511,75,0.8113178
  1> 142,0.9995740,3.3450246,58,0.7250308
  1> 143,0.9996275,3.3802342,49,0.7003899
  1> 144,0.9996755,3.4131234,47,0.7713756
  1> 145,0.9997215,3.4449952,45,0.8608682
  1> 146,0.9997625,3.4813897,37,0.8298561
  1> 147,0.9997950,3.5216276,28,0.7271946
  1> 148,0.9998230,3.5676781,28,0.8426567
  1> 149,0.9998455,3.6094018,17,0.5854736
  1> 150,0.9998640,3.6425988,20,0.7830971
  1> 151,0.9998810,3.6904860,14,0.6260592
  1> 152,0.9998950,3.7089162,14,0.7097575
  1> 153,0.9999090,3.7642937,14,0.8193434
  1> 154,0.9999215,3.7996282,11,0.7460197
  1> 155,0.9999310,3.8238718,8,0.6169346
  1> 156,0.9999390,3.8516808,8,0.6980577
  1> 157,0.9999475,3.9029326,9,0.9133853
  1> 158,0.9999555,3.9298963,7,0.8377922
  1> 159,0.9999620,3.9665310,6,0.8409495
  1> 160,0.9999675,4.0059257,5,0.8192955
  1> 161,0.9999720,4.0242063,4,0.7605634
  1> 162,0.9999760,4.0480780,4,0.8878683
  1> 163,0.9999795,4.0981402,3,0.7791736
  1> 164,0.9999825,4.1378726,3,0.9133534
  1> 165,0.9999850,4.1654938,2,0.7096937
  1> 166,0.9999870,4.2169794,2,0.8192796
  1> 167,0.9999885,4.2754229,1,1.0000000
  1> 168,0.9999895,4.2925892,1,1.0000000
  1> 169,0.9999905,4.3202423,1,1.0000000
  1> 170,0.9999915,4.3358528,1,1.0000000
  1> 171,0.9999925,4.3440338,1,1.0000000
  1> 172,0.9999935,4.3636715,1,1.0000000
  1> 173,0.9999945,4.3660373,1,1.0000000
  1> 174,0.9999955,4.3878322,1,1.0000000
  1> 175,0.9999965,4.3942897,1,1.0000000
  1> 176,0.9999975,4.4289342,1,1.0000000
  1> 177,0.9999985,4.4488768,1,1.0000000
  1> 178,0.9999995,4.4573099,1,1.0000000
  1> delta, q, x1, x2, q1, q2, error_x, error_q
  1> 20,0.500000,50.499983,50.500187,0.500001,0.499798,0.000408,0.000405
  1> 20,0.900000,50.899952,50.899943,0.900001,0.900009,0.000091,0.000086
  1> 20,0.990000,50.990202,50.988399,0.990001,0.991554,0.180251,0.155314
  1> 20,0.999000,50.998993,50.998841,0.999001,0.999131,0.151843,0.130378
  1> 20,0.999900,50.999891,50.999885,0.999901,0.999906,0.064127,0.050273
  1> 20,0.999990,50.999992,50.999989,0.999991,0.999992,0.231925,0.149903
  1> 20,0.999999,51.000000,51.000000,1.000000,1.000000,0.000000,0.000000
  1> 50,0.500000,50.500536,50.500404,0.500001,0.500133,0.000265,0.000265
  1> 50,0.900000,50.899991,50.900131,0.900001,0.899859,0.001397,0.001416
  1> 50,0.990000,50.989962,50.988332,0.990001,0.991432,0.163034,0.143120
  1> 50,0.999000,50.999056,50.998829,0.999001,0.999194,0.227776,0.193934
  1> 50,0.999900,50.999893,50.999883,0.999901,0.999909,0.103722,0.083539
  1> 50,0.999990,50.999985,50.999988,0.999991,0.999987,0.302502,0.308222
  1> 50,0.999999,50.999999,50.999999,1.000000,1.000000,0.000000,0.000000
  1> 100,0.500000,50.499093,50.499150,0.500001,0.499942,0.000113,0.000117
  1> 100,0.900000,50.899857,50.899676,0.900001,0.900181,0.001813,0.001801
  1> 100,0.990000,50.990045,50.989755,0.990001,0.990319,0.028978,0.031843
  1> 100,0.999000,50.998953,50.998825,0.999001,0.999109,0.127900,0.108440
  1> 100,0.999900,50.999901,50.999882,0.999901,0.999916,0.192262,0.158761
  1> 100,0.999990,50.999991,50.999988,0.999991,0.999992,0.289220,0.196346
  1> 100,0.999999,50.999998,50.999998,1.000000,1.000000,0.000000,0.000000
  1> 200,0.500000,50.500753,50.500709,0.500001,0.500043,0.000087,0.000086
  1> 200,0.900000,50.900080,50.900071,0.900001,0.900008,0.000082,0.000078
  1> 200,0.990000,50.989935,50.989873,0.990001,0.990063,0.006273,0.006208
  1> 200,0.999000,50.998950,50.998794,0.999001,0.999130,0.156429,0.129081
  1> 200,0.999900,50.999885,50.999880,0.999901,0.999904,0.044777,0.032092
  1> 200,0.999990,50.999991,50.999989,0.999991,0.999992,0.213671,0.126999
  1> 200,0.999999,51.000000,51.000000,1.000000,1.000000,0.000000,0.000000
  1> # big 944 bytes
  1> # small 486 bytes
  1> # 0.194760us per point
  1> # 65 centroids
  1> Starting 0,10
  1> Starting 0,100
  1>                    0,10 (1 live threads, 19 pending tasks)
  1> Starting 0,1000
  1> Starting 0,10000
  1> Starting 1,10
  1> Starting 1,100
  1> Starting 1,1000
  1>                    1,10 (5 live threads, 18 pending tasks)
  1> Starting 1,10000
  1>                    0,100 (5 live threads, 17 pending tasks)
  1> Starting 2,10
  1>                    2,10 (5 live threads, 16 pending tasks)
  1> Starting 2,100
  1>                    1,100 (5 live threads, 15 pending tasks)
  1> Starting 2,1000
  1>                    2,100 (5 live threads, 14 pending tasks)
  1> Starting 2,10000
  1>                    2,1000 (5 live threads, 13 pending tasks)
  1> Starting 3,10
  1>                    3,10 (5 live threads, 12 pending tasks)
  1> Starting 3,100
  1>                    3,100 (5 live threads, 11 pending tasks)
  1> Starting 3,1000
  1>                    1,1000 (5 live threads, 10 pending tasks)
  1> Starting 3,10000
  1>                    0,1000 (5 live threads, 9 pending tasks)
  1> Starting 4,10
  1>                    4,10 (5 live threads, 8 pending tasks)
  1> Starting 4,100
  1>                    4,100 (5 live threads, 7 pending tasks)
  1> Starting 4,1000
  1>                    3,1000 (5 live threads, 6 pending tasks)
  1> Starting 4,10000
  1>                    4,1000 (5 live threads, 5 pending tasks)
  1>                    1,10000 (4 live threads, 4 pending tasks)
  1>                    0,10000 (3 live threads, 3 pending tasks)
  1>                    2,10000 (2 live threads, 2 pending tasks)
  1>                    3,10000 (1 live threads, 1 pending tasks)
  1>                    4,10000 (0 live threads, 0 pending tasks)
  1> # 0.156283us per point
  1> # 64 centroids
  1> # 0.053945us per point
  1> # 119 centroids
Completed in 12.24s, 30 tests

Suite: com.tdunning.math.stats.TDigestSerializationTest
Completed in 0.05s, 2 tests

[INFO] JVM J0:     0.37 ..    56.40 =    56.04s
[INFO] Execution time total: 56 seconds
[INFO] Tests summary: 16 suites, 105 tests, 3 ignored (3 assumptions)
[INFO] 
[INFO] -------------------< com.tdunning:t-digest-quality >--------------------
[INFO] Building t-digest-quality 3.3-SNAPSHOT                             [3/4]
[INFO] --------------------------------[ jar ]---------------------------------
[INFO] 
[INFO] --- maven-resources-plugin:2.6:resources (default-resources) @ t-digest-quality ---
[WARNING] Using platform encoding (UTF-8 actually) to copy filtered resources, i.e. build is platform dependent!
[INFO] skip non existing resourceDirectory /workdir/t-digest/quality/src/main/resources
[INFO] 
[INFO] --- maven-compiler-plugin:3.3:compile (default-compile) @ t-digest-quality ---
[INFO] No sources to compile
[INFO] 
[INFO] --- maven-resources-plugin:2.6:testResources (default-testResources) @ t-digest-quality ---
[WARNING] Using platform encoding (UTF-8 actually) to copy filtered resources, i.e. build is platform dependent!
[INFO] skip non existing resourceDirectory /workdir/t-digest/quality/src/test/resources
[INFO] 
[INFO] --- maven-compiler-plugin:3.3:testCompile (default-testCompile) @ t-digest-quality ---
[INFO] Nothing to compile - all classes are up to date
[INFO] 
[INFO] --- maven-surefire-plugin:2.12.4:test (default-test) @ t-digest-quality ---
[INFO] Surefire report directory: /workdir/t-digest/quality/target/surefire-reports

-------------------------------------------------------
 T E S T S
-------------------------------------------------------
Running com.tdunning.tdigest.quality.SinglePassTest
0
1
2
3
4
5
6
7
8
9
10
11
12
13
14
15
16
17
18
19
20
21
22
23
24
25
26
27
28
29
30
31
32
33
34
35
36
37
38
39
40
41
42
43
44
45
46
47
48
49
Tests run: 1, Failures: 0, Errors: 0, Skipped: 0, Time elapsed: 122.532 sec
Running com.tdunning.tdigest.quality.ComparisonTest
Tests run: 2, Failures: 0, Errors: 0, Skipped: 0, Time elapsed: 69.656 sec
Running com.tdunning.tdigest.quality.AccuracyTest
Starting 1
Starting 3
Starting 0
Starting 2
Starting 4
Starting 5
    Finishing 5
Starting 6
    Finishing 3
Starting 7
    Finishing 2
Starting 8
    Finishing 4
Starting 9
    Finishing 6
Starting 10
    Finishing 1
Starting 11
    Finishing 7
Starting 12
    Finishing 8
Starting 13
    Finishing 9
Starting 14
    Finishing 10
Starting 15
    Finishing 11
Starting 16
    Finishing 12
Starting 17
    Finishing 13
Starting 18
    Finishing 14
Starting 19
    Finishing 16
    Finishing 17
    Finishing 15
    Finishing 18
    Finishing 19
    Finishing 20
java.lang.ArrayIndexOutOfBoundsException: Index 1010 out of bounds for length 1010
	at com.tdunning.math.stats.MergingDigest.merge(MergingDigest.java:453)
	at com.tdunning.math.stats.MergingDigest.mergeNewValues(MergingDigest.java:363)
	at com.tdunning.math.stats.MergingDigest.mergeNewValues(MergingDigest.java:353)
	at com.tdunning.math.stats.MergingDigest.add(MergingDigest.java:259)
	at com.tdunning.math.stats.MergingDigest.add(MergingDigest.java:251)
	at com.tdunning.math.stats.AbstractTDigest.add(AbstractTDigest.java:131)
	at com.tdunning.tdigest.quality.AccuracyTest.lambda$testAccuracyVersusCompression$1(AccuracyTest.java:290)
	at java.base/java.util.concurrent.FutureTask.run(FutureTask.java:264)
	at java.base/java.util.concurrent.ThreadPoolExecutor.runWorker(ThreadPoolExecutor.java:1128)
	at java.base/java.util.concurrent.ThreadPoolExecutor$Worker.run(ThreadPoolExecutor.java:628)
	at java.base/java.lang.Thread.run(Thread.java:834)
java.lang.ArrayIndexOutOfBoundsException: Index 2010 out of bounds for length 2010
	at com.tdunning.math.stats.MergingDigest.merge(MergingDigest.java:453)
	at com.tdunning.math.stats.MergingDigest.mergeNewValues(MergingDigest.java:363)
	at com.tdunning.math.stats.MergingDigest.mergeNewValues(MergingDigest.java:353)
	at com.tdunning.math.stats.MergingDigest.add(MergingDigest.java:259)
	at com.tdunning.math.stats.MergingDigest.add(MergingDigest.java:251)
	at com.tdunning.math.stats.AbstractTDigest.add(AbstractTDigest.java:131)
	at com.tdunning.tdigest.quality.AccuracyTest.lambda$testAccuracyVersusCompression$1(AccuracyTest.java:290)
	at java.base/java.util.concurrent.FutureTask.run(FutureTask.java:264)
	at java.base/java.util.concurrent.ThreadPoolExecutor.runWorker(ThreadPoolExecutor.java:1128)
	at java.base/java.util.concurrent.ThreadPoolExecutor$Worker.run(ThreadPoolExecutor.java:628)
	at java.base/java.lang.Thread.run(Thread.java:834)
java.lang.ArrayIndexOutOfBoundsException: Index 2010 out of bounds for length 2010
	at com.tdunning.math.stats.MergingDigest.merge(MergingDigest.java:453)
	at com.tdunning.math.stats.MergingDigest.mergeNewValues(MergingDigest.java:363)
	at com.tdunning.math.stats.MergingDigest.mergeNewValues(MergingDigest.java:353)
	at com.tdunning.math.stats.MergingDigest.add(MergingDigest.java:259)
	at com.tdunning.math.stats.MergingDigest.add(MergingDigest.java:251)
	at com.tdunning.math.stats.AbstractTDigest.add(AbstractTDigest.java:131)
	at com.tdunning.tdigest.quality.AccuracyTest.lambda$testAccuracyVersusCompression$1(AccuracyTest.java:290)
	at java.base/java.util.concurrent.FutureTask.run(FutureTask.java:264)
	at java.base/java.util.concurrent.ThreadPoolExecutor.runWorker(ThreadPoolExecutor.java:1128)
	at java.base/java.util.concurrent.ThreadPoolExecutor$Worker.run(ThreadPoolExecutor.java:628)
	at java.base/java.lang.Thread.run(Thread.java:834)
java.lang.ArrayIndexOutOfBoundsException: Index 2010 out of bounds for length 2010
	at com.tdunning.math.stats.MergingDigest.merge(MergingDigest.java:453)
	at com.tdunning.math.stats.MergingDigest.mergeNewValues(MergingDigest.java:363)
	at com.tdunning.math.stats.MergingDigest.mergeNewValues(MergingDigest.java:353)
	at com.tdunning.math.stats.MergingDigest.add(MergingDigest.java:259)
	at com.tdunning.math.stats.MergingDigest.add(MergingDigest.java:251)
	at com.tdunning.math.stats.AbstractTDigest.add(AbstractTDigest.java:131)
	at com.tdunning.tdigest.quality.AccuracyTest.lambda$testAccuracyVersusCompression$1(AccuracyTest.java:290)
	at java.base/java.util.concurrent.FutureTask.run(FutureTask.java:264)
	at java.base/java.util.concurrent.ThreadPoolExecutor.runWorker(ThreadPoolExecutor.java:1128)
	at java.base/java.util.concurrent.ThreadPoolExecutor$Worker.run(ThreadPoolExecutor.java:628)
	at java.base/java.lang.Thread.run(Thread.java:834)
java.lang.ArrayIndexOutOfBoundsException: Index 2010 out of bounds for length 2010
	at com.tdunning.math.stats.MergingDigest.merge(MergingDigest.java:453)
	at com.tdunning.math.stats.MergingDigest.mergeNewValues(MergingDigest.java:363)
	at com.tdunning.math.stats.MergingDigest.mergeNewValues(MergingDigest.java:353)
	at com.tdunning.math.stats.MergingDigest.add(MergingDigest.java:259)
	at com.tdunning.math.stats.MergingDigest.add(MergingDigest.java:251)
	at com.tdunning.math.stats.AbstractTDigest.add(AbstractTDigest.java:131)
	at com.tdunning.tdigest.quality.AccuracyTest.lambda$testAccuracyVersusCompression$1(AccuracyTest.java:290)
	at java.base/java.util.concurrent.FutureTask.run(FutureTask.java:264)
	at java.base/java.util.concurrent.ThreadPoolExecutor.runWorker(ThreadPoolExecutor.java:1128)
	at java.base/java.util.concurrent.ThreadPoolExecutor$Worker.run(ThreadPoolExecutor.java:628)
	at java.base/java.lang.Thread.run(Thread.java:834)
java.lang.ArrayIndexOutOfBoundsException: Index 2010 out of bounds for length 2010
	at com.tdunning.math.stats.MergingDigest.merge(MergingDigest.java:453)
	at com.tdunning.math.stats.MergingDigest.mergeNewValues(MergingDigest.java:363)
	at com.tdunning.math.stats.MergingDigest.mergeNewValues(MergingDigest.java:353)
	at com.tdunning.math.stats.MergingDigest.add(MergingDigest.java:259)
	at com.tdunning.math.stats.MergingDigest.add(MergingDigest.java:251)
	at com.tdunning.math.stats.AbstractTDigest.add(AbstractTDigest.java:131)
	at com.tdunning.tdigest.quality.AccuracyTest.lambda$testAccuracyVersusCompression$1(AccuracyTest.java:290)
	at java.base/java.util.concurrent.FutureTask.run(FutureTask.java:264)
	at java.base/java.util.concurrent.ThreadPoolExecutor.runWorker(ThreadPoolExecutor.java:1128)
	at java.base/java.util.concurrent.ThreadPoolExecutor$Worker.run(ThreadPoolExecutor.java:628)
	at java.base/java.lang.Thread.run(Thread.java:834)
java.lang.ArrayIndexOutOfBoundsException: Index 2010 out of bounds for length 2010
	at com.tdunning.math.stats.MergingDigest.merge(MergingDigest.java:453)
	at com.tdunning.math.stats.MergingDigest.mergeNewValues(MergingDigest.java:363)
	at com.tdunning.math.stats.MergingDigest.mergeNewValues(MergingDigest.java:353)
	at com.tdunning.math.stats.MergingDigest.add(MergingDigest.java:259)
	at com.tdunning.math.stats.MergingDigest.add(MergingDigest.java:251)
	at com.tdunning.math.stats.AbstractTDigest.add(AbstractTDigest.java:131)
	at com.tdunning.tdigest.quality.AccuracyTest.lambda$testAccuracyVersusCompression$1(AccuracyTest.java:290)
	at java.base/java.util.concurrent.FutureTask.run(FutureTask.java:264)
	at java.base/java.util.concurrent.ThreadPoolExecutor.runWorker(ThreadPoolExecutor.java:1128)
	at java.base/java.util.concurrent.ThreadPoolExecutor$Worker.run(ThreadPoolExecutor.java:628)
	at java.base/java.lang.Thread.run(Thread.java:834)
java.lang.ArrayIndexOutOfBoundsException
java.lang.ArrayIndexOutOfBoundsException
java.lang.ArrayIndexOutOfBoundsException
java.lang.ArrayIndexOutOfBoundsException
java.lang.ArrayIndexOutOfBoundsException
java.lang.ArrayIndexOutOfBoundsException
java.lang.ArrayIndexOutOfBoundsException
java.lang.ArrayIndexOutOfBoundsException
java.lang.ArrayIndexOutOfBoundsException
java.lang.ArrayIndexOutOfBoundsException
java.lang.ArrayIndexOutOfBoundsException
java.lang.ArrayIndexOutOfBoundsException
java.lang.ArrayIndexOutOfBoundsException
java.lang.ArrayIndexOutOfBoundsException
java.lang.ArrayIndexOutOfBoundsException
java.lang.ArrayIndexOutOfBoundsException
java.lang.ArrayIndexOutOfBoundsException
java.lang.ArrayIndexOutOfBoundsException
java.lang.ArrayIndexOutOfBoundsException
java.lang.ArrayIndexOutOfBoundsException
java.lang.ArrayIndexOutOfBoundsException
java.lang.ArrayIndexOutOfBoundsException
java.lang.ArrayIndexOutOfBoundsException
java.lang.ArrayIndexOutOfBoundsException
java.lang.ArrayIndexOutOfBoundsException
java.lang.ArrayIndexOutOfBoundsException
java.lang.ArrayIndexOutOfBoundsException
java.lang.ArrayIndexOutOfBoundsException
java.lang.ArrayIndexOutOfBoundsException
java.lang.ArrayIndexOutOfBoundsException
java.lang.ArrayIndexOutOfBoundsException
java.lang.ArrayIndexOutOfBoundsException
java.lang.ArrayIndexOutOfBoundsException
java.lang.ArrayIndexOutOfBoundsException
java.lang.ArrayIndexOutOfBoundsException
java.lang.ArrayIndexOutOfBoundsException
java.lang.ArrayIndexOutOfBoundsException
java.lang.ArrayIndexOutOfBoundsException
java.lang.ArrayIndexOutOfBoundsException
java.lang.ArrayIndexOutOfBoundsException
java.lang.ArrayIndexOutOfBoundsException
java.lang.ArrayIndexOutOfBoundsException
46, 1, 42.83, 0.023
1, 1, 7.40, 0.135
5, 2, 7.74, 0.258
2, 3, 7.84, 0.382
4, 4, 8.35, 0.479
6, 5, 8.54, 0.586
0, 6, 8.97, 0.669
3, 7, 9.21, 0.760
7, 8, 9.39, 0.852
9, 9, 13.21, 0.681
10, 10, 13.28, 0.753
8, 11, 13.47, 0.817
11, 12, 13.91, 0.863
12, 13, 14.28, 0.910
15, 14, 14.91, 0.939
14, 15, 15.07, 0.995
13, 16, 15.11, 1.059
17, 17, 17.01, 0.999
18, 18, 17.05, 1.056
16, 19, 17.14, 1.109
19, 20, 17.48, 1.144
Tests run: 4, Failures: 0, Errors: 0, Skipped: 0, Time elapsed: 89.66 sec

Results :

Tests run: 7, Failures: 0, Errors: 0, Skipped: 0

[INFO] 
[INFO] ------------------< com.tdunning:t-digest-benchmark >-------------------
[INFO] Building t-digest-benchmark 3.3-SNAPSHOT                           [4/4]
[INFO] --------------------------------[ jar ]---------------------------------
[INFO] 
[INFO] --- maven-resources-plugin:2.6:resources (default-resources) @ t-digest-benchmark ---
[WARNING] Using platform encoding (UTF-8 actually) to copy filtered resources, i.e. build is platform dependent!
[INFO] skip non existing resourceDirectory /workdir/t-digest/benchmark/src/main/resources
[INFO] 
[INFO] --- maven-compiler-plugin:3.0:compile (default-compile) @ t-digest-benchmark ---
[INFO] Nothing to compile - all classes are up to date
[INFO] 
[INFO] --- maven-resources-plugin:2.6:testResources (default-testResources) @ t-digest-benchmark ---
[WARNING] Using platform encoding (UTF-8 actually) to copy filtered resources, i.e. build is platform dependent!
[INFO] skip non existing resourceDirectory /workdir/t-digest/benchmark/src/test/resources
[INFO] 
[INFO] --- maven-compiler-plugin:3.0:testCompile (default-testCompile) @ t-digest-benchmark ---
[INFO] No sources to compile
[INFO] 
[INFO] --- maven-surefire-plugin:2.12.4:test (default-test) @ t-digest-benchmark ---
[INFO] No tests to run.
[INFO] ------------------------------------------------------------------------
[INFO] Reactor Summary for T-digest Parent 3.3-SNAPSHOT:
[INFO] 
[INFO] T-digest Parent .................................... SUCCESS [  0.049 s]
[INFO] T-Digest ........................................... SUCCESS [ 57.384 s]
[INFO] t-digest-quality ................................... SUCCESS [04:42 min]
[INFO] t-digest-benchmark ................................. SUCCESS [  0.090 s]
[INFO] ------------------------------------------------------------------------
[INFO] BUILD SUCCESS
[INFO] ------------------------------------------------------------------------
[INFO] Total time:  05:39 min
[INFO] Finished at: 2021-02-14T21:22:15Z
[INFO] ------------------------------------------------------------------------
