[INFO] Scanning for projects...
[INFO] 
[INFO] ------------< smartrics.restfixture:smartrics-RestFixture >-------------
[INFO] Building RestFixture 4.5-SNAPSHOT
[INFO] --------------------------------[ jar ]---------------------------------
[INFO] 
[INFO] --- maven-enforcer-plugin:1.2:enforce (enforce-maven) @ smartrics-RestFixture ---
[INFO] 
[INFO] --- maven-resources-plugin:2.6:resources (default-resources) @ smartrics-RestFixture ---
[INFO] Using 'UTF-8' encoding to copy filtered resources.
[INFO] Copying 1 resource
[INFO] 
[INFO] --- maven-compiler-plugin:2.5.1:compile (default-compile) @ smartrics-RestFixture ---
[INFO] Nothing to compile - all classes are up to date
[INFO] 
[INFO] --- maven-resources-plugin:2.6:testResources (default-testResources) @ smartrics-RestFixture ---
[INFO] Using 'UTF-8' encoding to copy filtered resources.
[INFO] skip non existing resourceDirectory /workdir/RestFixture/src/test/resources
[INFO] 
[INFO] --- maven-compiler-plugin:2.5.1:testCompile (default-testCompile) @ smartrics-RestFixture ---
[INFO] Nothing to compile - all classes are up to date
[INFO] 
[INFO] --- maven-surefire-plugin:2.12.4:test (default-test) @ smartrics-RestFixture ---
[INFO] Surefire report directory: /workdir/RestFixture/target/surefire-reports

-------------------------------------------------------
 T E S T S
-------------------------------------------------------
Running smartrics.rest.fitnesse.fixture.SlimFormatterTest
Tests run: 10, Failures: 0, Errors: 0, Skipped: 0, Time elapsed: 0.061 sec
Running smartrics.rest.fitnesse.fixture.RestFixtureFitTest
SLF4J: Failed to load class "org.slf4j.impl.StaticLoggerBinder".
SLF4J: Defaulting to no-operation (NOP) logger implementation
SLF4J: See http://www.slf4j.org/codes.html#StaticLoggerBinder for further details.
Tests run: 4, Failures: 0, Errors: 0, Skipped: 0, Time elapsed: 0.05 sec
Running smartrics.rest.fitnesse.fixture.RestFixtureConfigTest
Tests run: 2, Failures: 0, Errors: 0, Skipped: 0, Time elapsed: 0.003 sec
Running smartrics.rest.fitnesse.fixture.RestFixtureTest
WARNING: An illegal reflective access operation has occurred
WARNING: Illegal reflective access by org.mockito.cglib.core.ReflectUtils$2 (file:/home/maven/.m2/repository/org/mockito/mockito-all/1.9.0/mockito-all-1.9.0.jar) to method java.lang.ClassLoader.defineClass(java.lang.String,byte[],int,int,java.security.ProtectionDomain)
WARNING: Please consider reporting this to the maintainers of org.mockito.cglib.core.ReflectUtils$2
WARNING: Use --illegal-access=warn to enable warnings of further illegal reflective access operations
WARNING: All illegal access operations will be denied in a future release
Tests run: 60, Failures: 0, Errors: 0, Skipped: 0, Time elapsed: 0.465 sec
Running smartrics.rest.fitnesse.fixture.PartsFactoryTest
Tests run: 11, Failures: 0, Errors: 0, Skipped: 0, Time elapsed: 0.012 sec
Running smartrics.rest.fitnesse.fixture.support.UrlTest
Tests run: 11, Failures: 0, Errors: 0, Skipped: 0, Time elapsed: 0.003 sec
Running smartrics.rest.fitnesse.fixture.support.ConfigTest
Tests run: 16, Failures: 0, Errors: 0, Skipped: 0, Time elapsed: 0.004 sec
Running smartrics.rest.fitnesse.fixture.support.LetBodyJsHandlerTest
Tests run: 1, Failures: 0, Errors: 0, Skipped: 0, Time elapsed: 0.002 sec
Running smartrics.rest.fitnesse.fixture.support.XPathBodyTypeAdapterTest
Tests run: 9, Failures: 0, Errors: 0, Skipped: 0, Time elapsed: 0.048 sec
Running smartrics.rest.fitnesse.fixture.support.SlimVariablesTest
Tests run: 5, Failures: 0, Errors: 0, Skipped: 0, Time elapsed: 0.012 sec
Running smartrics.rest.fitnesse.fixture.support.JavascriptWrapperTest
Tests run: 19, Failures: 0, Errors: 0, Skipped: 0, Time elapsed: 0.427 sec
Running smartrics.rest.fitnesse.fixture.support.JSONBodyTypeAdapterTest
Tests run: 11, Failures: 0, Errors: 0, Skipped: 0, Time elapsed: 0.026 sec
Running smartrics.rest.fitnesse.fixture.support.ContentTypeTest
Tests run: 10, Failures: 0, Errors: 0, Skipped: 0, Time elapsed: 0.003 sec
Running smartrics.rest.fitnesse.fixture.support.FitCellTest
Tests run: 5, Failures: 0, Errors: 0, Skipped: 0, Time elapsed: 0.001 sec
Running smartrics.rest.fitnesse.fixture.support.LetBodyHandlerTest
Tests run: 3, Failures: 0, Errors: 0, Skipped: 0, Time elapsed: 0.004 sec
Running smartrics.rest.fitnesse.fixture.support.ToolsTest
[Fatal Error] :1:8: XML document structures must start and end within the same entity.
Tests run: 34, Failures: 0, Errors: 0, Skipped: 0, Time elapsed: 0.041 sec
Running smartrics.rest.fitnesse.fixture.support.VariablesTest
Tests run: 9, Failures: 0, Errors: 0, Skipped: 0, Time elapsed: 0.001 sec
Running smartrics.rest.fitnesse.fixture.support.RestDataTypeAdapterTest
Tests run: 8, Failures: 0, Errors: 0, Skipped: 0, Time elapsed: 0.006 sec
Running smartrics.rest.fitnesse.fixture.support.HttpClientBuilderTest
Tests run: 4, Failures: 0, Errors: 0, Skipped: 0, Time elapsed: 0.003 sec
Running smartrics.rest.fitnesse.fixture.support.StringTypeAdapterTest
Tests run: 8, Failures: 0, Errors: 0, Skipped: 0, Time elapsed: 0.002 sec
Running smartrics.rest.fitnesse.fixture.support.HeadersTypeAdapterTest
Tests run: 9, Failures: 0, Errors: 0, Skipped: 0, Time elapsed: 0.003 sec
Running smartrics.rest.fitnesse.fixture.support.TextBodyTypeAdapterTest
Tests run: 9, Failures: 0, Errors: 0, Skipped: 0, Time elapsed: 0.002 sec
Running smartrics.rest.fitnesse.fixture.support.SlimCellTest
Tests run: 5, Failures: 0, Errors: 0, Skipped: 0, Time elapsed: 0 sec
Running smartrics.rest.fitnesse.fixture.support.http.PostMethodTest
Tests run: 1, Failures: 0, Errors: 0, Skipped: 0, Time elapsed: 0 sec
Running smartrics.rest.fitnesse.fixture.support.http.PutMethodTest
Tests run: 1, Failures: 0, Errors: 0, Skipped: 0, Time elapsed: 0 sec
Running smartrics.rest.fitnesse.fixture.support.http.DeleteMethodTest
Tests run: 1, Failures: 0, Errors: 0, Skipped: 0, Time elapsed: 0 sec
Running smartrics.rest.fitnesse.fixture.support.http.GetMethodTest
Tests run: 1, Failures: 0, Errors: 0, Skipped: 0, Time elapsed: 0 sec
Running smartrics.rest.fitnesse.fixture.support.BodyTypeAdapterFactoryTest
Tests run: 5, Failures: 0, Errors: 0, Skipped: 0, Time elapsed: 0.001 sec
Running smartrics.rest.fitnesse.fixture.support.StatusCodeTypeAdapterTest
Tests run: 5, Failures: 0, Errors: 0, Skipped: 0, Time elapsed: 0.001 sec
Running smartrics.rest.fitnesse.fixture.FitFormatterTest
Tests run: 10, Failures: 0, Errors: 0, Skipped: 0, Time elapsed: 0.01 sec
Running smartrics.rest.fitnesse.fixture.RestFixtureSlimFitTest
Tests run: 3, Failures: 0, Errors: 0, Skipped: 0, Time elapsed: 0.001 sec

Results :

Tests run: 290, Failures: 0, Errors: 0, Skipped: 0

[INFO] ------------------------------------------------------------------------
[INFO] BUILD SUCCESS
[INFO] ------------------------------------------------------------------------
[INFO] Total time:  2.147 s
[INFO] Finished at: 2021-02-14T17:38:24Z
[INFO] ------------------------------------------------------------------------
