[INFO] Scanning for projects...
[INFO] ------------------------------------------------------------------------
[INFO] Reactor Build Order:
[INFO] 
[INFO] Vitro                                                              [pom]
[INFO] Vitro Dependencies                                                 [pom]
[INFO] Vitro API                                                          [jar]
[INFO] Vitro Web App                                                      [war]
[INFO] Vitro Home                                                         [pom]
[INFO] Vitro Installer                                                    [pom]
[INFO] Vitro Install Home                                                 [pom]
[INFO] Vitro Install Web App                                              [war]
[INFO] 
[INFO] ---------------------< org.vivoweb:vitro-project >----------------------
[INFO] Building Vitro 1.11.2-SNAPSHOT                                     [1/8]
[INFO] --------------------------------[ pom ]---------------------------------
[INFO] 
[INFO] --- buildnumber-maven-plugin:1.4:create (default) @ vitro-project ---
[INFO] ShortRevision tag detected. The value is '7'.
[INFO] Executing: /bin/sh -c cd '/workdir/Vitro' && 'git' 'rev-parse' '--verify' '--short=7' 'HEAD'
[INFO] Working directory: /workdir/Vitro
[INFO] Storing buildNumber: 1194134 at timestamp: 1613333505058
[WARNING] Cannot get the branch information from the git repository: 
Detecting the current branch failed: fatal: ref HEAD is not a symbolic ref

[INFO] ShortRevision tag detected. The value is '7'.
[INFO] Executing: /bin/sh -c cd '/workdir/Vitro' && 'git' 'rev-parse' '--verify' '--short=7' 'HEAD'
[INFO] Working directory: /workdir/Vitro
[INFO] Storing buildScmBranch: UNKNOWN
[INFO] 
[INFO] -------------------< org.vivoweb:vitro-dependencies >-------------------
[INFO] Building Vitro Dependencies 1.11.2-SNAPSHOT                        [2/8]
[INFO] --------------------------------[ pom ]---------------------------------
[INFO] 
[INFO] --- buildnumber-maven-plugin:1.4:create (default) @ vitro-dependencies ---
[INFO] ShortRevision tag detected. The value is '7'.
[INFO] Executing: /bin/sh -c cd '/workdir/Vitro/dependencies' && 'git' 'rev-parse' '--verify' '--short=7' 'HEAD'
[INFO] Working directory: /workdir/Vitro/dependencies
[INFO] Storing buildNumber: 1194134 at timestamp: 1613333505110
[WARNING] Cannot get the branch information from the git repository: 
Detecting the current branch failed: fatal: ref HEAD is not a symbolic ref

[INFO] ShortRevision tag detected. The value is '7'.
[INFO] Executing: /bin/sh -c cd '/workdir/Vitro/dependencies' && 'git' 'rev-parse' '--verify' '--short=7' 'HEAD'
[INFO] Working directory: /workdir/Vitro/dependencies
[INFO] Storing buildScmBranch: UNKNOWN
[INFO] 
[INFO] -----------------------< org.vivoweb:vitro-api >------------------------
[INFO] Building Vitro API 1.11.2-SNAPSHOT                                 [3/8]
[INFO] --------------------------------[ jar ]---------------------------------
[INFO] 
[INFO] --- buildnumber-maven-plugin:1.4:create (default) @ vitro-api ---
[INFO] ShortRevision tag detected. The value is '7'.
[INFO] Executing: /bin/sh -c cd '/workdir/Vitro/api' && 'git' 'rev-parse' '--verify' '--short=7' 'HEAD'
[INFO] Working directory: /workdir/Vitro/api
[INFO] Storing buildNumber: 1194134 at timestamp: 1613333505394
[WARNING] Cannot get the branch information from the git repository: 
Detecting the current branch failed: fatal: ref HEAD is not a symbolic ref

[INFO] ShortRevision tag detected. The value is '7'.
[INFO] Executing: /bin/sh -c cd '/workdir/Vitro/api' && 'git' 'rev-parse' '--verify' '--short=7' 'HEAD'
[INFO] Working directory: /workdir/Vitro/api
[INFO] Storing buildScmBranch: UNKNOWN
[INFO] 
[INFO] --- maven-resources-plugin:2.6:resources (default-resources) @ vitro-api ---
[INFO] Using 'UTF-8' encoding to copy filtered resources.
[INFO] Copying 15 resources
[INFO] 
[INFO] --- maven-compiler-plugin:3.8.0:compile (default-compile) @ vitro-api ---
[INFO] Changes detected - recompiling the module!
[INFO] Compiling 1105 source files to /workdir/Vitro/api/target/classes
[INFO] 
[INFO] --- maven-resources-plugin:2.6:testResources (default-testResources) @ vitro-api ---
[INFO] Using 'UTF-8' encoding to copy filtered resources.
[INFO] Copying 50 resources
[INFO] 
[INFO] --- maven-compiler-plugin:3.8.0:testCompile (default-testCompile) @ vitro-api ---
[INFO] Nothing to compile - all classes are up to date
[INFO] 
[INFO] --- maven-surefire-plugin:2.12.4:test (default-test) @ vitro-api ---
[INFO] Surefire report directory: /workdir/Vitro/api/target/surefire-reports

-------------------------------------------------------
 T E S T S
-------------------------------------------------------
Running edu.cornell.mannlib.vitro.webapp.searchindex.indexing.AdditionalURIsForTypeStatementsTest
Tests run: 1, Failures: 0, Errors: 0, Skipped: 0, Time elapsed: 0.38 sec
Running edu.cornell.mannlib.vitro.webapp.searchindex.indexing.AdditionalURIsForObjectPropertiesTest
Tests run: 4, Failures: 0, Errors: 0, Skipped: 0, Time elapsed: 0.258 sec
Running edu.cornell.mannlib.vitro.webapp.searchindex.indexing.SelectQueryUriFinderTest
Tests run: 5, Failures: 0, Errors: 0, Skipped: 0, Time elapsed: 0.029 sec
Running edu.cornell.mannlib.vitro.webapp.searchindex.indexing.AdditionalURIsForClassGroupChangesTest
Tests run: 1, Failures: 0, Errors: 0, Skipped: 0, Time elapsed: 0.163 sec
Running edu.cornell.mannlib.vitro.webapp.searchindex.documentBuilding.ThumbnailImageURLTest
Tests run: 1, Failures: 0, Errors: 0, Skipped: 0, Time elapsed: 0.032 sec
Running edu.cornell.mannlib.vitro.webapp.searchindex.exclusions.ExcludeBasedOnTypeTest
Tests run: 4, Failures: 0, Errors: 0, Skipped: 0, Time elapsed: 0.007 sec
Running edu.cornell.mannlib.vitro.webapp.config.RevisionInfoBeanTest
Tests run: 10, Failures: 0, Errors: 0, Skipped: 0, Time elapsed: 0.09 sec
Running edu.cornell.mannlib.vitro.webapp.config.RevisionInfoSetupTest
Tests run: 11, Failures: 0, Errors: 0, Skipped: 0, Time elapsed: 0.029 sec
Running edu.cornell.mannlib.vitro.webapp.reasoner.SimpleReasonerPluginTest
Tests run: 1, Failures: 0, Errors: 0, Skipped: 0, Time elapsed: 0.172 sec
Running edu.cornell.mannlib.vitro.webapp.reasoner.SimpleReasonerSameAsTest
Tests run: 11, Failures: 0, Errors: 0, Skipped: 0, Time elapsed: 1.387 sec
Running edu.cornell.mannlib.vitro.webapp.reasoner.SimpleReasonerTest
Tests run: 26, Failures: 0, Errors: 0, Skipped: 2, Time elapsed: 1.155 sec
Running edu.cornell.mannlib.vitro.webapp.reasoner.SimpleReasonerInversePropertyTest
Tests run: 20, Failures: 0, Errors: 0, Skipped: 0, Time elapsed: 0.454 sec
Running edu.cornell.mannlib.vitro.webapp.searchengine.base.BaseSearchInputDocumentTest
Tests run: 1, Failures: 0, Errors: 0, Skipped: 0, Time elapsed: 0.001 sec
Running edu.cornell.mannlib.vitro.webapp.edit.n3editing.EditN3UtilsTest
Tests run: 1, Failures: 0, Errors: 0, Skipped: 0, Time elapsed: 0.01 sec
Running edu.cornell.mannlib.vitro.webapp.edit.n3editing.configuration.validators.AntiXssValidationTest
Tests run: 5, Failures: 0, Errors: 0, Skipped: 0, Time elapsed: 0.357 sec
Running edu.cornell.mannlib.vitro.webapp.edit.n3editing.VTwo.ProcessRdfFormTest
Tests run: 7, Failures: 0, Errors: 0, Skipped: 0, Time elapsed: 0.028 sec
Running edu.cornell.mannlib.vitro.webapp.edit.n3editing.VTwo.EditN3GeneratorVTwoTest
Tests run: 10, Failures: 0, Errors: 0, Skipped: 0, Time elapsed: 0.006 sec
Running edu.cornell.mannlib.vitro.webapp.edit.n3editing.VTwo.AdditionsAndRetractionsTest
Tests run: 1, Failures: 0, Errors: 0, Skipped: 0, Time elapsed: 0 sec
Running edu.cornell.mannlib.vitro.webapp.edit.n3editing.VTwo.BasicValidationVTwoTest
Tests run: 2, Failures: 0, Errors: 0, Skipped: 0, Time elapsed: 0.009 sec
Running edu.cornell.mannlib.vitro.webapp.edit.n3editing.VTwo.EditConfigurationUtilsTest
Tests run: 1, Failures: 0, Errors: 0, Skipped: 0, Time elapsed: 0 sec
Running edu.cornell.mannlib.vitro.webapp.edit.n3editing.processEdit.RdfLiteralHashTest
Tests run: 3, Failures: 0, Errors: 0, Skipped: 0, Time elapsed: 0 sec
Running edu.cornell.mannlib.vitro.webapp.edit.EditLiteralTest
Tests run: 2, Failures: 0, Errors: 0, Skipped: 0, Time elapsed: 0 sec
Running edu.cornell.mannlib.vitro.webapp.i18n.I18nTest
Tests run: 5, Failures: 0, Errors: 0, Skipped: 0, Time elapsed: 0 sec
Running edu.cornell.mannlib.vitro.webapp.i18n.selection.LocaleSelectionSetupTest
Tests run: 19, Failures: 0, Errors: 0, Skipped: 0, Time elapsed: 0.044 sec
Running edu.cornell.mannlib.vitro.webapp.web.ContentTypeTest
Tests run: 4, Failures: 0, Errors: 0, Skipped: 0, Time elapsed: 0.008 sec
Running edu.cornell.mannlib.vitro.webapp.web.templatemodels.BaseTemplateModelTest
Tests run: 1, Failures: 0, Errors: 0, Skipped: 0, Time elapsed: 0 sec
Running edu.cornell.mannlib.vitro.webapp.web.templatemodels.TagsTest
Tests run: 24, Failures: 0, Errors: 0, Skipped: 1, Time elapsed: 0.024 sec
Running edu.cornell.mannlib.vitro.webapp.web.templatemodels.customlistview.CustomListViewConfigFileTest
Tests run: 17, Failures: 0, Errors: 0, Skipped: 0, Time elapsed: 0.038 sec
Running edu.cornell.mannlib.vitro.webapp.web.templatemodels.individual.ObjectPropertyTemplateModel_PropertyListConfigTest
ERROR 2021-02-14 20:12:10.685 [main] (ConfigurationProperties) ConfigurationProperties bean has not been set.
WARN 2021-02-14 20:12:10.685 [main] (DummyConfigurationProperties) ConfigurationProperties has not been initialized: getProperty("listview.usePreciseSubquery")
Tests run: 18, Failures: 0, Errors: 0, Skipped: 0, Time elapsed: 0.058 sec
Running edu.cornell.mannlib.vitro.webapp.filestorage.FileServingHelperTest
Tests run: 5, Failures: 0, Errors: 0, Skipped: 0, Time elapsed: 0.004 sec
Running edu.cornell.mannlib.vitro.webapp.filestorage.impl.FileStorageImplTest
Tests run: 18, Failures: 0, Errors: 0, Skipped: 0, Time elapsed: 0.018 sec
Running edu.cornell.mannlib.vitro.webapp.filestorage.impl.FileStorageHelperTest
Tests run: 19, Failures: 0, Errors: 0, Skipped: 0, Time elapsed: 0.004 sec
Running edu.cornell.mannlib.vitro.webapp.auth.policy.PolicyHelper_AuthorizationRequestTest
Tests run: 7, Failures: 0, Errors: 0, Skipped: 0, Time elapsed: 0.003 sec
Running edu.cornell.mannlib.vitro.webapp.auth.policy.SelfEditingPolicyTest
Tests run: 20, Failures: 0, Errors: 0, Skipped: 0, Time elapsed: 0.012 sec
Running edu.cornell.mannlib.vitro.webapp.auth.policy.PolicyHelper_StatementsTest
Tests run: 14, Failures: 0, Errors: 0, Skipped: 0, Time elapsed: 0.006 sec
Running edu.cornell.mannlib.vitro.webapp.auth.policy.SelfEditingPolicy_2_Test
Tests run: 22, Failures: 0, Errors: 0, Skipped: 0, Time elapsed: 0.006 sec
Running edu.cornell.mannlib.vitro.webapp.auth.policy.bean.PropertyRestrictionBeanImplTest
Tests run: 37, Failures: 0, Errors: 0, Skipped: 0, Time elapsed: 0.016 sec
Running edu.cornell.mannlib.vitro.webapp.auth.policy.PolicyHelper_ModelsTest
Tests run: 13, Failures: 0, Errors: 0, Skipped: 0, Time elapsed: 0.03 sec
Running edu.cornell.mannlib.vitro.webapp.auth.identifier.factory.IsRootUserFactoryTest
Tests run: 3, Failures: 0, Errors: 0, Skipped: 0, Time elapsed: 0.003 sec
Running edu.cornell.mannlib.vitro.webapp.auth.identifier.factory.IsUserFactoryTest
Tests run: 2, Failures: 0, Errors: 0, Skipped: 0, Time elapsed: 0.001 sec
Running edu.cornell.mannlib.vitro.webapp.auth.identifier.factory.HasPermissionFactoryTest
Tests run: 8, Failures: 0, Errors: 0, Skipped: 0, Time elapsed: 0.01 sec
Running edu.cornell.mannlib.vitro.webapp.auth.requestedAction.AuthorizationRequestTest
Tests run: 4, Failures: 0, Errors: 0, Skipped: 0, Time elapsed: 0 sec
Running edu.cornell.mannlib.vitro.webapp.filters.URLRewritingHttpServletResponseTest
Tests run: 173, Failures: 0, Errors: 0, Skipped: 0, Time elapsed: 0.023 sec
Running edu.cornell.mannlib.vitro.webapp.filters.VitroURLTest
Tests run: 8, Failures: 0, Errors: 0, Skipped: 0, Time elapsed: 0.001 sec
Running edu.cornell.mannlib.vitro.webapp.modelaccess.adapters.ListCachingModelMakerTest
Tests run: 24, Failures: 0, Errors: 0, Skipped: 0, Time elapsed: 0.005 sec
Running edu.cornell.mannlib.vitro.webapp.modelaccess.adapters.ModelMakerWithPersistentEmptyModelsTest
Tests run: 24, Failures: 0, Errors: 0, Skipped: 0, Time elapsed: 0.004 sec
Running edu.cornell.mannlib.vitro.webapp.modelaccess.adapters.MemoryMappingModelMakerTest
Tests run: 4, Failures: 0, Errors: 0, Skipped: 0, Time elapsed: 0.01 sec
Running edu.cornell.mannlib.vitro.webapp.controller.grefine.JSONReconcileServletTest
Tests run: 2, Failures: 0, Errors: 0, Skipped: 0, Time elapsed: 0.012 sec
Running edu.cornell.mannlib.vitro.webapp.controller.json.JsonServletTest
Tests run: 6, Failures: 0, Errors: 0, Skipped: 1, Time elapsed: 0.127 sec
Running edu.cornell.mannlib.vitro.webapp.controller.edit.AuthenticateTest
Tests run: 26, Failures: 0, Errors: 0, Skipped: 5, Time elapsed: 3.591 sec
Running edu.cornell.mannlib.vitro.webapp.controller.edit.PrimitiveRdfEditTest
Tests run: 2, Failures: 0, Errors: 0, Skipped: 0, Time elapsed: 0.017 sec
Running edu.cornell.mannlib.vitro.webapp.controller.datatools.dumprestore.NQuadLineSplitterTest
Tests run: 1, Failures: 0, Errors: 0, Skipped: 0, Time elapsed: 0.006 sec
Running edu.cornell.mannlib.vitro.webapp.controller.api.SparqlUpdateApiTest
yep
Tests run: 1, Failures: 0, Errors: 0, Skipped: 0, Time elapsed: 0.021 sec
Running edu.cornell.mannlib.vitro.webapp.controller.api.sparqlquery.SparqlQueryApiExecutorTest
Tests run: 29, Failures: 0, Errors: 0, Skipped: 0, Time elapsed: 0.114 sec
Running edu.cornell.mannlib.vitro.webapp.controller.authenticate.ProgramLoginTest
Tests run: 10, Failures: 0, Errors: 0, Skipped: 0, Time elapsed: 2.778 sec
Running edu.cornell.mannlib.vitro.webapp.controller.accounts.manageproxies.ProxyRelationshipSelectorTest
Tests run: 16, Failures: 0, Errors: 0, Skipped: 2, Time elapsed: 0.134 sec
Running edu.cornell.mannlib.vitro.webapp.controller.accounts.UserAccountsSelectionCriteriaTest
Tests run: 5, Failures: 0, Errors: 0, Skipped: 0, Time elapsed: 0.001 sec
Running edu.cornell.mannlib.vitro.webapp.controller.accounts.UserAccountsSelectorTest
Tests run: 29, Failures: 0, Errors: 0, Skipped: 0, Time elapsed: 0.131 sec
Running edu.cornell.mannlib.vitro.webapp.controller.freemarker.UrlBuilderTest
Tests run: 9, Failures: 0, Errors: 0, Skipped: 0, Time elapsed: 0.014 sec
Running edu.cornell.mannlib.vitro.webapp.controller.freemarker.ListVClassWebappsControllerTest
Tests run: 5, Failures: 0, Errors: 0, Skipped: 0, Time elapsed: 0.015 sec
Running edu.cornell.mannlib.vitro.webapp.controller.freemarker.ListPropertyWebappsControllerTest
Tests run: 5, Failures: 0, Errors: 0, Skipped: 0, Time elapsed: 0.004 sec
Running edu.cornell.mannlib.vitro.webapp.controller.freemarker.ListDatatypePropertiesControllerTest
Tests run: 5, Failures: 0, Errors: 0, Skipped: 0, Time elapsed: 0.004 sec
Running edu.cornell.mannlib.vitro.webapp.controller.freemarker.ShowDataPropertyHierarchyControllerTest
Tests run: 5, Failures: 0, Errors: 0, Skipped: 0, Time elapsed: 0.008 sec
Running edu.cornell.mannlib.vitro.webapp.controller.freemarker.ListPropertyGroupsControllerTest
Tests run: 2, Failures: 0, Errors: 0, Skipped: 0, Time elapsed: 0 sec
Running edu.cornell.mannlib.vitro.webapp.controller.freemarker.ListClassGroupsControllerTest
Tests run: 2, Failures: 0, Errors: 0, Skipped: 0, Time elapsed: 0 sec
Running edu.cornell.mannlib.vitro.webapp.controller.freemarker.ShowObjectPropertyHierarchyControllerTest
Tests run: 5, Failures: 0, Errors: 0, Skipped: 0, Time elapsed: 0.006 sec
Running edu.cornell.mannlib.vitro.webapp.controller.freemarker.ShowClassHierarchyControllerTest
Tests run: 5, Failures: 0, Errors: 0, Skipped: 0, Time elapsed: 0.01 sec
Running edu.cornell.mannlib.vitro.webapp.controller.individual.IndividualRdfAssemblerTest
Tests run: 17, Failures: 0, Errors: 0, Skipped: 0, Time elapsed: 0.216 sec
Running edu.cornell.mannlib.vitro.webapp.controller.individual.IndividualRequestAnalyzerTest
Tests run: 21, Failures: 0, Errors: 0, Skipped: 0, Time elapsed: 0.009 sec
Running edu.cornell.mannlib.vitro.webapp.servlet.setup.UpdateKnowledgeBaseTest
Tests run: 1, Failures: 0, Errors: 0, Skipped: 0, Time elapsed: 0 sec
Running edu.cornell.mannlib.vitro.webapp.rdfservice.adapters.VitroModelFactoryTest
Tests run: 20, Failures: 0, Errors: 0, Skipped: 0, Time elapsed: 0.048 sec
Running edu.cornell.mannlib.vitro.webapp.rdfservice.filter.LanguageFilteringRDFServiceTest
Tests run: 12, Failures: 0, Errors: 0, Skipped: 0, Time elapsed: 0.009 sec
Running edu.cornell.mannlib.vitro.webapp.search.controller.PagedSearchControllerTest
Tests run: 2, Failures: 0, Errors: 0, Skipped: 0, Time elapsed: 0.01 sec
Running edu.cornell.mannlib.vitro.webapp.search.controller.UpdateUrisInIndexTest
Tests run: 8, Failures: 0, Errors: 0, Skipped: 0, Time elapsed: 0.005 sec
Running edu.cornell.mannlib.vitro.webapp.freemarker.loader.FreemarkerTemplateLoaderTest
Tests run: 34, Failures: 0, Errors: 0, Skipped: 0, Time elapsed: 0.009 sec
Running edu.cornell.mannlib.vitro.webapp.startup.StartupManagerTest
Tests run: 16, Failures: 0, Errors: 0, Skipped: 0, Time elapsed: 0.018 sec
Running edu.cornell.mannlib.vitro.webapp.utils.dataGetter.SparqlQueryDataGetterTest
Tests run: 1, Failures: 0, Errors: 0, Skipped: 0, Time elapsed: 0.007 sec
Running edu.cornell.mannlib.vitro.webapp.utils.dataGetter.DataGetterUtilsTest
Tests run: 3, Failures: 0, Errors: 0, Skipped: 0, Time elapsed: 0.007 sec
Running edu.cornell.mannlib.vitro.webapp.utils.searchengine.AutoCompleteWordsTest
Tests run: 10, Failures: 0, Errors: 0, Skipped: 0, Time elapsed: 0.004 sec
Running edu.cornell.mannlib.vitro.webapp.utils.json.JacksonUtilsTest
Tests run: 6, Failures: 0, Errors: 0, Skipped: 0, Time elapsed: 0.002 sec
Running edu.cornell.mannlib.vitro.webapp.utils.sparqlrunner.ResultSetParserTest
Tests run: 19, Failures: 0, Errors: 0, Skipped: 1, Time elapsed: 0.031 sec
Running edu.cornell.mannlib.vitro.webapp.utils.sparqlrunner.StringResultsMappingTest
Tests run: 5, Failures: 0, Errors: 0, Skipped: 0, Time elapsed: 0.005 sec
Running edu.cornell.mannlib.vitro.webapp.utils.sparqlrunner.SparqlQueryRunnerTest
Tests run: 9, Failures: 0, Errors: 0, Skipped: 0, Time elapsed: 0.011 sec
Running edu.cornell.mannlib.vitro.webapp.utils.sparqlrunner.QueryHolderTest
Tests run: 16, Failures: 0, Errors: 0, Skipped: 0, Time elapsed: 0.003 sec
Running edu.cornell.mannlib.vitro.webapp.utils.configuration.ConfigurationBeanLoader_ValidationTest
Tests run: 8, Failures: 0, Errors: 0, Skipped: 0, Time elapsed: 0.021 sec
Running edu.cornell.mannlib.vitro.webapp.utils.configuration.ConfigurationBeanLoader_NamespacesTest
Tests run: 5, Failures: 0, Errors: 0, Skipped: 0, Time elapsed: 0.002 sec
Running edu.cornell.mannlib.vitro.webapp.utils.configuration.ConfigurationBeanLoader_Cardinality_Test
Tests run: 10, Failures: 0, Errors: 0, Skipped: 0, Time elapsed: 0.008 sec
Running edu.cornell.mannlib.vitro.webapp.utils.configuration.ConfigurationBeanLoaderTest
Tests run: 30, Failures: 0, Errors: 0, Skipped: 3, Time elapsed: 0.019 sec
Running edu.cornell.mannlib.vitro.webapp.utils.configuration.ConfigurationBeanLoader_PropertyTest
Tests run: 12, Failures: 0, Errors: 0, Skipped: 0, Time elapsed: 0.008 sec
Running edu.cornell.mannlib.vitro.webapp.utils.jena.JenaIngestUtilsTest
Tests run: 1, Failures: 0, Errors: 0, Skipped: 0, Time elapsed: 0.003 sec
Running edu.cornell.mannlib.vitro.webapp.utils.ingest.JenaIngestUtilsTest
Tests run: 4, Failures: 0, Errors: 0, Skipped: 0, Time elapsed: 0.052 sec
Running edu.cornell.mannlib.vitro.webapp.utils.http.ContentTypeUtilTest
Tests run: 32, Failures: 0, Errors: 0, Skipped: 0, Time elapsed: 0.002 sec
Running edu.cornell.mannlib.vitro.webapp.dao.jena.ObjectPropertyDaoJenaTest
Tests run: 3, Failures: 0, Errors: 0, Skipped: 0, Time elapsed: 0.072 sec
Running edu.cornell.mannlib.vitro.webapp.dao.jena.VClassJenaTest
Tests run: 1, Failures: 0, Errors: 0, Skipped: 0, Time elapsed: 0.011 sec
Running edu.cornell.mannlib.vitro.webapp.dao.jena.VClassGroupCacheTest
Tests run: 1, Failures: 0, Errors: 0, Skipped: 0, Time elapsed: 0.004 sec
Running edu.cornell.mannlib.vitro.webapp.dao.jena.PropertyInstanceDaoJenaTest
Tests run: 4, Failures: 0, Errors: 0, Skipped: 0, Time elapsed: 0.074 sec
Running edu.cornell.mannlib.vitro.webapp.dao.jena.OntModelSegementationTest
Tests run: 4, Failures: 0, Errors: 0, Skipped: 1, Time elapsed: 0.012 sec
Running edu.cornell.mannlib.vitro.webapp.dao.jena.JenaBaseDao_2_Test
Tests run: 7, Failures: 0, Errors: 0, Skipped: 0, Time elapsed: 0.015 sec
Running edu.cornell.mannlib.vitro.webapp.dao.jena.DependentResourceDeleteJenaTest
Tests run: 22, Failures: 0, Errors: 0, Skipped: 0, Time elapsed: 0.052 sec
Running edu.cornell.mannlib.vitro.webapp.dao.jena.JenaBaseDaoTest
Tests run: 5, Failures: 0, Errors: 0, Skipped: 0, Time elapsed: 0.125 sec
Running edu.cornell.mannlib.vitro.webapp.dao.jena.UserAccountsDaoJenaTest
Tests run: 27, Failures: 0, Errors: 0, Skipped: 0, Time elapsed: 0.045 sec
Running edu.cornell.mannlib.vitro.webapp.dao.jena.DataPropertyDaoJenaTest
Tests run: 1, Failures: 0, Errors: 0, Skipped: 0, Time elapsed: 0.003 sec
Running edu.cornell.mannlib.vitro.webapp.dao.jena.VClassDaoTest
Tests run: 2, Failures: 0, Errors: 0, Skipped: 0, Time elapsed: 0.002 sec
Running edu.cornell.mannlib.vitro.webapp.dao.jena.MenuDaoJenaTest
Tests run: 2, Failures: 0, Errors: 0, Skipped: 0, Time elapsed: 0.011 sec
Running edu.cornell.mannlib.vitro.webapp.dao.jena.ObjectPropertyStatementDaoJenaTest
Tests run: 1, Failures: 0, Errors: 0, Skipped: 0, Time elapsed: 0 sec
Running edu.cornell.mannlib.vitro.webapp.dao.jena.QueryUtilsTest
Tests run: 13, Failures: 0, Errors: 0, Skipped: 1, Time elapsed: 0.002 sec
Running edu.cornell.mannlib.vitro.webapp.dao.NewURIMakerVitroTest
Tests run: 2, Failures: 0, Errors: 0, Skipped: 0, Time elapsed: 0.003 sec
Running edu.cornell.mannlib.vitro.webapp.dao.filtering.filters.VitroFiltersFactoryTest
Tests run: 2, Failures: 0, Errors: 0, Skipped: 0, Time elapsed: 0.009 sec
Running edu.cornell.mannlib.vitro.webapp.dao.filtering.IndividualFilteringByStatementTest
Tests run: 24, Failures: 0, Errors: 0, Skipped: 12, Time elapsed: 0.005 sec
Running edu.cornell.mannlib.vitro.webapp.dao.vclassgroup.ProhibitedFromSearchTest
Tests run: 5, Failures: 0, Errors: 0, Skipped: 0, Time elapsed: 0.007 sec
Running edu.cornell.mannlib.vedit.util.OperationUtils_CloneBeanTest
Tests run: 25, Failures: 0, Errors: 0, Skipped: 1, Time elapsed: 0.011 sec
Running freemarker.ext.dump.DumpAllDirectiveTest
Tests run: 1, Failures: 0, Errors: 0, Skipped: 0, Time elapsed: 0.077 sec
Running freemarker.ext.dump.DumpDirectiveTest
Tests run: 30, Failures: 0, Errors: 0, Skipped: 0, Time elapsed: 0.049 sec

Results :

Tests run: 1275, Failures: 0, Errors: 0, Skipped: 30

[INFO] 
[INFO] ----------------------< org.vivoweb:vitro-webapp >----------------------
[INFO] Building Vitro Web App 1.11.2-SNAPSHOT                             [4/8]
[INFO] --------------------------------[ war ]---------------------------------
[INFO] 
[INFO] --- buildnumber-maven-plugin:1.4:create (default) @ vitro-webapp ---
[INFO] ShortRevision tag detected. The value is '7'.
[INFO] Executing: /bin/sh -c cd '/workdir/Vitro/webapp' && 'git' 'rev-parse' '--verify' '--short=7' 'HEAD'
[INFO] Working directory: /workdir/Vitro/webapp
[INFO] Storing buildNumber: 1194134 at timestamp: 1613333539094
[WARNING] Cannot get the branch information from the git repository: 
Detecting the current branch failed: fatal: ref HEAD is not a symbolic ref

[INFO] ShortRevision tag detected. The value is '7'.
[INFO] Executing: /bin/sh -c cd '/workdir/Vitro/webapp' && 'git' 'rev-parse' '--verify' '--short=7' 'HEAD'
[INFO] Working directory: /workdir/Vitro/webapp
[INFO] Storing buildScmBranch: UNKNOWN
[INFO] 
[INFO] --- maven-resources-plugin:2.6:resources (default-resources) @ vitro-webapp ---
[INFO] Using 'UTF-8' encoding to copy filtered resources.
[INFO] skip non existing resourceDirectory /workdir/Vitro/webapp/src/main/resources
[INFO] 
[INFO] --- maven-compiler-plugin:3.8.0:compile (default-compile) @ vitro-webapp ---
[INFO] No sources to compile
[INFO] 
[INFO] --- maven-resources-plugin:2.6:testResources (default-testResources) @ vitro-webapp ---
[INFO] Using 'UTF-8' encoding to copy filtered resources.
[INFO] skip non existing resourceDirectory /workdir/Vitro/webapp/src/test/resources
[INFO] 
[INFO] --- maven-compiler-plugin:3.8.0:testCompile (default-testCompile) @ vitro-webapp ---
[INFO] No sources to compile
[INFO] 
[INFO] --- maven-surefire-plugin:2.12.4:test (default-test) @ vitro-webapp ---
[INFO] No tests to run.
[INFO] 
[INFO] -----------------------< org.vivoweb:vitro-home >-----------------------
[INFO] Building Vitro Home 1.11.2-SNAPSHOT                                [5/8]
[INFO] --------------------------------[ pom ]---------------------------------
[INFO] 
[INFO] --- buildnumber-maven-plugin:1.4:create (default) @ vitro-home ---
[INFO] ShortRevision tag detected. The value is '7'.
[INFO] Executing: /bin/sh -c cd '/workdir/Vitro/home' && 'git' 'rev-parse' '--verify' '--short=7' 'HEAD'
[INFO] Working directory: /workdir/Vitro/home
[INFO] Storing buildNumber: 1194134 at timestamp: 1613333539196
[WARNING] Cannot get the branch information from the git repository: 
Detecting the current branch failed: fatal: ref HEAD is not a symbolic ref

[INFO] ShortRevision tag detected. The value is '7'.
[INFO] Executing: /bin/sh -c cd '/workdir/Vitro/home' && 'git' 'rev-parse' '--verify' '--short=7' 'HEAD'
[INFO] Working directory: /workdir/Vitro/home
[INFO] Storing buildScmBranch: UNKNOWN
[INFO] 
[INFO] --------------------< org.vivoweb:vitro-installer >---------------------
[INFO] Building Vitro Installer 1.11.2-SNAPSHOT                           [6/8]
[INFO] --------------------------------[ pom ]---------------------------------
[INFO] 
[INFO] ------------------< org.vivoweb:vitro-installer-home >------------------
[INFO] Building Vitro Install Home 1.11.2-SNAPSHOT                        [7/8]
[INFO] --------------------------------[ pom ]---------------------------------
[INFO] 
[INFO] -----------------< org.vivoweb:vitro-installer-webapp >-----------------
[INFO] Building Vitro Install Web App 1.11.2-SNAPSHOT                     [8/8]
[INFO] --------------------------------[ war ]---------------------------------
[INFO] 
[INFO] --- maven-surefire-plugin:2.12.4:test (default-test) @ vitro-installer-webapp ---
[INFO] No tests to run.
[INFO] ------------------------------------------------------------------------
[INFO] Reactor Summary for Vitro 1.11.2-SNAPSHOT:
[INFO] 
[INFO] Vitro .............................................. SUCCESS [  0.256 s]
[INFO] Vitro Dependencies ................................. SUCCESS [  0.012 s]
[INFO] Vitro API .......................................... SUCCESS [ 33.958 s]
[INFO] Vitro Web App ...................................... SUCCESS [  0.052 s]
[INFO] Vitro Home ......................................... SUCCESS [  0.109 s]
[INFO] Vitro Installer .................................... SUCCESS [  0.001 s]
[INFO] Vitro Install Home ................................. SUCCESS [  0.000 s]
[INFO] Vitro Install Web App .............................. SUCCESS [  0.017 s]
[INFO] ------------------------------------------------------------------------
[INFO] BUILD SUCCESS
[INFO] ------------------------------------------------------------------------
[INFO] Total time:  34.743 s
[INFO] Finished at: 2021-02-14T20:12:19Z
[INFO] ------------------------------------------------------------------------
