[INFO] Scanning for projects...
[INFO] ------------------------------------------------------------------------
[INFO] Reactor Build Order:
[INFO] 
[INFO] carml                                                              [pom]
[INFO] carml-commons                                                      [jar]
[INFO] carml-rdf-mapper                                                   [jar]
[INFO] carml-model                                                        [jar]
[INFO] carml-logical-source-resolver                                      [jar]
[INFO] carml-logical-source-resolver-csv                                  [jar]
[INFO] carml-logical-source-resolver-jsonpath                             [jar]
[INFO] carml-logical-source-resolver-xpath                                [jar]
[INFO] carml-engine                                                       [jar]
[INFO] 
[INFO] ----------------------< com.taxonic.carml:carml >-----------------------
[INFO] Building carml 0.3.1                                               [1/9]
[INFO] --------------------------------[ pom ]---------------------------------
[INFO] 
[INFO] ------------------< com.taxonic.carml:carml-commons >-------------------
[INFO] Building carml-commons 0.3.1                                       [2/9]
[INFO] --------------------------------[ jar ]---------------------------------
[INFO] 
[INFO] --- maven-resources-plugin:2.6:resources (default-resources) @ carml-commons ---
[INFO] Using 'UTF-8' encoding to copy filtered resources.
[INFO] skip non existing resourceDirectory /workdir/carml/carml-commons/src/main/resources
[INFO] 
[INFO] --- maven-compiler-plugin:3.1:compile (default-compile) @ carml-commons ---
[INFO] Nothing to compile - all classes are up to date
[INFO] 
[INFO] --- maven-resources-plugin:2.6:testResources (default-testResources) @ carml-commons ---
[INFO] Using 'UTF-8' encoding to copy filtered resources.
[INFO] skip non existing resourceDirectory /workdir/carml/carml-commons/src/test/resources
[INFO] 
[INFO] --- maven-compiler-plugin:3.1:testCompile (default-testCompile) @ carml-commons ---
[INFO] Nothing to compile - all classes are up to date
[INFO] 
[INFO] --- maven-surefire-plugin:2.12.4:test (default-test) @ carml-commons ---
[INFO] Surefire report directory: /workdir/carml/carml-commons/target/surefire-reports

-------------------------------------------------------
 T E S T S
-------------------------------------------------------
Running com.taxonic.carml.util.IriSafeMakerTest
Tests run: 6, Failures: 0, Errors: 0, Skipped: 0, Time elapsed: 0.061 sec

Results :

Tests run: 6, Failures: 0, Errors: 0, Skipped: 0

[INFO] 
[INFO] -----------------< com.taxonic.carml:carml-rdf-mapper >-----------------
[INFO] Building carml-rdf-mapper 0.3.1                                    [3/9]
[INFO] --------------------------------[ jar ]---------------------------------
[INFO] 
[INFO] --- maven-resources-plugin:2.6:resources (default-resources) @ carml-rdf-mapper ---
[INFO] Using 'UTF-8' encoding to copy filtered resources.
[INFO] skip non existing resourceDirectory /workdir/carml/carml-rdf-mapper/src/main/resources
[INFO] 
[INFO] --- maven-compiler-plugin:3.1:compile (default-compile) @ carml-rdf-mapper ---
[INFO] Nothing to compile - all classes are up to date
[INFO] 
[INFO] --- maven-resources-plugin:2.6:testResources (default-testResources) @ carml-rdf-mapper ---
[INFO] Using 'UTF-8' encoding to copy filtered resources.
[INFO] Copying 3 resources
[INFO] 
[INFO] --- maven-compiler-plugin:3.1:testCompile (default-testCompile) @ carml-rdf-mapper ---
[INFO] Nothing to compile - all classes are up to date
[INFO] 
[INFO] --- maven-surefire-plugin:2.12.4:test (default-test) @ carml-rdf-mapper ---
[INFO] Surefire report directory: /workdir/carml/carml-rdf-mapper/target/surefire-reports

-------------------------------------------------------
 T E S T S
-------------------------------------------------------
Running com.taxonic.carml.rdf_mapper.util.RdfObjectLoaderTest
SLF4J: Failed to load class "org.slf4j.impl.StaticLoggerBinder".
SLF4J: Defaulting to no-operation (NOP) logger implementation
SLF4J: See http://www.slf4j.org/codes.html#StaticLoggerBinder for further details.
Tests run: 7, Failures: 0, Errors: 0, Skipped: 0, Time elapsed: 0.713 sec
Running com.taxonic.carml.rdf_mapper.util.QueryUtilsTest
Tests run: 4, Failures: 0, Errors: 0, Skipped: 0, Time elapsed: 0.017 sec
Running com.taxonic.carml.rdf_mapper.impl.CarmlMapperTest
Tests run: 1, Failures: 0, Errors: 0, Skipped: 0, Time elapsed: 0.019 sec

Results :

Tests run: 12, Failures: 0, Errors: 0, Skipped: 0

[INFO] 
[INFO] -------------------< com.taxonic.carml:carml-model >--------------------
[INFO] Building carml-model 0.3.1                                         [4/9]
[INFO] --------------------------------[ jar ]---------------------------------
[INFO] 
[INFO] --- maven-resources-plugin:2.6:resources (default-resources) @ carml-model ---
[INFO] Using 'UTF-8' encoding to copy filtered resources.
[INFO] skip non existing resourceDirectory /workdir/carml/carml-model/src/main/resources
[INFO] 
[INFO] --- maven-compiler-plugin:3.1:compile (default-compile) @ carml-model ---
[INFO] Nothing to compile - all classes are up to date
[INFO] 
[INFO] --- maven-resources-plugin:2.6:testResources (default-testResources) @ carml-model ---
[INFO] Using 'UTF-8' encoding to copy filtered resources.
[INFO] Copying 1 resource
[INFO] 
[INFO] --- maven-compiler-plugin:3.1:testCompile (default-testCompile) @ carml-model ---
[INFO] Nothing to compile - all classes are up to date
[INFO] 
[INFO] --- maven-surefire-plugin:2.12.4:test (default-test) @ carml-model ---
[INFO] Surefire report directory: /workdir/carml/carml-model/target/surefire-reports

-------------------------------------------------------
 T E S T S
-------------------------------------------------------
Running com.taxonic.carml.util.RmlConstantShorthandExpanderTest
Tests run: 5, Failures: 0, Errors: 0, Skipped: 0, Time elapsed: 0.119 sec
Running com.taxonic.carml.model.impl.TriplesMapRdfSerializeTest
SLF4J: Failed to load class "org.slf4j.impl.StaticLoggerBinder".
SLF4J: Defaulting to no-operation (NOP) logger implementation
SLF4J: See http://www.slf4j.org/codes.html#StaticLoggerBinder for further details.
Tests run: 1, Failures: 0, Errors: 0, Skipped: 0, Time elapsed: 0.214 sec

Results :

Tests run: 6, Failures: 0, Errors: 0, Skipped: 0

[INFO] 
[INFO] ----------< com.taxonic.carml:carml-logical-source-resolver >-----------
[INFO] Building carml-logical-source-resolver 0.3.1                       [5/9]
[INFO] --------------------------------[ jar ]---------------------------------
[INFO] 
[INFO] --- maven-resources-plugin:2.6:resources (default-resources) @ carml-logical-source-resolver ---
[INFO] Using 'UTF-8' encoding to copy filtered resources.
[INFO] skip non existing resourceDirectory /workdir/carml/carml-logical-source-resolver/src/main/resources
[INFO] 
[INFO] --- maven-compiler-plugin:3.1:compile (default-compile) @ carml-logical-source-resolver ---
[INFO] Nothing to compile - all classes are up to date
[INFO] 
[INFO] --- maven-resources-plugin:2.6:testResources (default-testResources) @ carml-logical-source-resolver ---
[INFO] Using 'UTF-8' encoding to copy filtered resources.
[INFO] skip non existing resourceDirectory /workdir/carml/carml-logical-source-resolver/src/test/resources
[INFO] 
[INFO] --- maven-compiler-plugin:3.1:testCompile (default-testCompile) @ carml-logical-source-resolver ---
[INFO] No sources to compile
[INFO] 
[INFO] --- maven-surefire-plugin:2.12.4:test (default-test) @ carml-logical-source-resolver ---
[INFO] No tests to run.
[INFO] 
[INFO] --------< com.taxonic.carml:carml-logical-source-resolver-csv >---------
[INFO] Building carml-logical-source-resolver-csv 0.3.1                   [6/9]
[INFO] --------------------------------[ jar ]---------------------------------
[INFO] 
[INFO] --- maven-resources-plugin:2.6:resources (default-resources) @ carml-logical-source-resolver-csv ---
[INFO] Using 'UTF-8' encoding to copy filtered resources.
[INFO] skip non existing resourceDirectory /workdir/carml/carml-logical-source-resolver-csv/src/main/resources
[INFO] 
[INFO] --- maven-compiler-plugin:3.1:compile (default-compile) @ carml-logical-source-resolver-csv ---
[INFO] Nothing to compile - all classes are up to date
[INFO] 
[INFO] --- maven-resources-plugin:2.6:testResources (default-testResources) @ carml-logical-source-resolver-csv ---
[INFO] Using 'UTF-8' encoding to copy filtered resources.
[INFO] Copying 1 resource
[INFO] 
[INFO] --- maven-compiler-plugin:3.1:testCompile (default-testCompile) @ carml-logical-source-resolver-csv ---
[INFO] Nothing to compile - all classes are up to date
[INFO] 
[INFO] --- maven-surefire-plugin:2.12.4:test (default-test) @ carml-logical-source-resolver-csv ---
[INFO] Surefire report directory: /workdir/carml/carml-logical-source-resolver-csv/target/surefire-reports

-------------------------------------------------------
 T E S T S
-------------------------------------------------------
Running com.taxonic.carml.logical_source_resolver.CsvResolverTest
SLF4J: Failed to load class "org.slf4j.impl.StaticLoggerBinder".
SLF4J: Defaulting to no-operation (NOP) logger implementation
SLF4J: See http://www.slf4j.org/codes.html#StaticLoggerBinder for further details.
Tests run: 4, Failures: 0, Errors: 0, Skipped: 0, Time elapsed: 0.162 sec

Results :

Tests run: 4, Failures: 0, Errors: 0, Skipped: 0

[INFO] 
[INFO] ------< com.taxonic.carml:carml-logical-source-resolver-jsonpath >------
[INFO] Building carml-logical-source-resolver-jsonpath 0.3.1              [7/9]
[INFO] --------------------------------[ jar ]---------------------------------
[INFO] 
[INFO] --- maven-resources-plugin:2.6:resources (default-resources) @ carml-logical-source-resolver-jsonpath ---
[INFO] Using 'UTF-8' encoding to copy filtered resources.
[INFO] skip non existing resourceDirectory /workdir/carml/carml-logical-source-resolver-jsonpath/src/main/resources
[INFO] 
[INFO] --- maven-compiler-plugin:3.1:compile (default-compile) @ carml-logical-source-resolver-jsonpath ---
[INFO] Nothing to compile - all classes are up to date
[INFO] 
[INFO] --- maven-resources-plugin:2.6:testResources (default-testResources) @ carml-logical-source-resolver-jsonpath ---
[INFO] Using 'UTF-8' encoding to copy filtered resources.
[INFO] skip non existing resourceDirectory /workdir/carml/carml-logical-source-resolver-jsonpath/src/test/resources
[INFO] 
[INFO] --- maven-compiler-plugin:3.1:testCompile (default-testCompile) @ carml-logical-source-resolver-jsonpath ---
[INFO] Nothing to compile - all classes are up to date
[INFO] 
[INFO] --- maven-surefire-plugin:2.12.4:test (default-test) @ carml-logical-source-resolver-jsonpath ---
[INFO] Surefire report directory: /workdir/carml/carml-logical-source-resolver-jsonpath/target/surefire-reports

-------------------------------------------------------
 T E S T S
-------------------------------------------------------
Running com.taxonic.carml.logical_source_resolver.JsonPathResolverTest
SLF4J: Failed to load class "org.slf4j.impl.StaticLoggerBinder".
SLF4J: Defaulting to no-operation (NOP) logger implementation
SLF4J: See http://www.slf4j.org/codes.html#StaticLoggerBinder for further details.
Tests run: 3, Failures: 0, Errors: 0, Skipped: 0, Time elapsed: 0.16 sec

Results :

Tests run: 3, Failures: 0, Errors: 0, Skipped: 0

[INFO] 
[INFO] -------< com.taxonic.carml:carml-logical-source-resolver-xpath >--------
[INFO] Building carml-logical-source-resolver-xpath 0.3.1                 [8/9]
[INFO] --------------------------------[ jar ]---------------------------------
[INFO] 
[INFO] --- maven-resources-plugin:2.6:resources (default-resources) @ carml-logical-source-resolver-xpath ---
[INFO] Using 'UTF-8' encoding to copy filtered resources.
[INFO] skip non existing resourceDirectory /workdir/carml/carml-logical-source-resolver-xpath/src/main/resources
[INFO] 
[INFO] --- maven-compiler-plugin:3.1:compile (default-compile) @ carml-logical-source-resolver-xpath ---
[INFO] Nothing to compile - all classes are up to date
[INFO] 
[INFO] --- maven-resources-plugin:2.6:testResources (default-testResources) @ carml-logical-source-resolver-xpath ---
[INFO] Using 'UTF-8' encoding to copy filtered resources.
[INFO] Copying 1 resource
[INFO] 
[INFO] --- maven-compiler-plugin:3.1:testCompile (default-testCompile) @ carml-logical-source-resolver-xpath ---
[INFO] Nothing to compile - all classes are up to date
[INFO] 
[INFO] --- maven-surefire-plugin:2.12.4:test (default-test) @ carml-logical-source-resolver-xpath ---
[INFO] Surefire report directory: /workdir/carml/carml-logical-source-resolver-xpath/target/surefire-reports

-------------------------------------------------------
 T E S T S
-------------------------------------------------------
Running com.taxonic.carml.logical_source_resolver.XPathResolverTest
SLF4J: Failed to load class "org.slf4j.impl.StaticLoggerBinder".
SLF4J: Defaulting to no-operation (NOP) logger implementation
SLF4J: See http://www.slf4j.org/codes.html#StaticLoggerBinder for further details.
Tests run: 4, Failures: 0, Errors: 0, Skipped: 0, Time elapsed: 0.702 sec

Results :

Tests run: 4, Failures: 0, Errors: 0, Skipped: 0

[INFO] 
[INFO] -------------------< com.taxonic.carml:carml-engine >-------------------
[INFO] Building carml-engine 0.3.1                                        [9/9]
[INFO] --------------------------------[ jar ]---------------------------------
[INFO] 
[INFO] --- maven-resources-plugin:2.6:resources (default-resources) @ carml-engine ---
[INFO] Using 'UTF-8' encoding to copy filtered resources.
[INFO] skip non existing resourceDirectory /workdir/carml/carml-engine/src/main/resources
[INFO] 
[INFO] --- maven-compiler-plugin:3.1:compile (default-compile) @ carml-engine ---
[INFO] Nothing to compile - all classes are up to date
[INFO] 
[INFO] --- maven-resources-plugin:2.6:testResources (default-testResources) @ carml-engine ---
[INFO] Using 'UTF-8' encoding to copy filtered resources.
[INFO] Copying 1214 resources
[INFO] 
[INFO] --- maven-compiler-plugin:3.1:testCompile (default-testCompile) @ carml-engine ---
[INFO] Nothing to compile - all classes are up to date
[INFO] 
[INFO] --- maven-surefire-plugin:2.12.4:test (default-test) @ carml-engine ---
[INFO] Surefire report directory: /workdir/carml/carml-engine/target/surefire-reports

-------------------------------------------------------
 T E S T S
-------------------------------------------------------
Running com.taxonic.carml.engine.iotests.InputStreamMappingTest
SLF4J: Failed to load class "org.slf4j.impl.StaticLoggerBinder".
SLF4J: Defaulting to no-operation (NOP) logger implementation
SLF4J: See http://www.slf4j.org/codes.html#StaticLoggerBinder for further details.
Tests run: 2, Failures: 0, Errors: 0, Skipped: 0, Time elapsed: 0.661 sec
Running com.taxonic.carml.engine.iotests.GraphMappingTest
Tests run: 7, Failures: 0, Errors: 0, Skipped: 0, Time elapsed: 0.063 sec
Running com.taxonic.carml.engine.iotests.RmlMapperTest
Tests run: 33, Failures: 0, Errors: 0, Skipped: 0, Time elapsed: 0.401 sec
Running com.taxonic.carml.engine.iotests.ExceptionsTest
WARNING: An illegal reflective access operation has occurred
WARNING: Illegal reflective access by org.apache.commons.lang3.builder.ReflectionToStringBuilder (file:/home/maven/.m2/repository/org/apache/commons/commons-lang3/3.11/commons-lang3-3.11.jar) to field java.lang.Enum.name
WARNING: Please consider reporting this to the maintainers of org.apache.commons.lang3.builder.ReflectionToStringBuilder
WARNING: Use --illegal-access=warn to enable warnings of further illegal reflective access operations
WARNING: All illegal access operations will be denied in a future release
Tests run: 9, Failures: 0, Errors: 0, Skipped: 0, Time elapsed: 0.077 sec
Running com.taxonic.carml.engine.iotests.RefObjectMapperTest
Tests run: 12, Failures: 0, Errors: 0, Skipped: 0, Time elapsed: 0.101 sec
Running com.taxonic.carml.engine.iotests.PredObjectMapsTest
Tests run: 6, Failures: 0, Errors: 0, Skipped: 0, Time elapsed: 0.024 sec
Running com.taxonic.carml.engine.ParentTriplesMapperTest
[MockitoHint] ParentTriplesMapperTest.parentTriplesMapper_givenMultipleParentValues_fails (see javadoc for MockitoHint):
[MockitoHint] 1. Unused -> at com.taxonic.carml.engine.ParentTriplesMapperTest.setup(ParentTriplesMapperTest.java:73)

Tests run: 4, Failures: 0, Errors: 0, Skipped: 0, Time elapsed: 0.414 sec
Running com.taxonic.carml.engine.GetTemplateValueTest
Tests run: 3, Failures: 0, Errors: 0, Skipped: 0, Time elapsed: 0.005 sec
Running com.taxonic.carml.engine.template.TemplateParserTest
Tests run: 9, Failures: 0, Errors: 0, Skipped: 0, Time elapsed: 0 sec
Running com.taxonic.carml.engine.RmlMapperTest
Tests run: 13, Failures: 0, Errors: 0, Skipped: 0, Time elapsed: 0.047 sec
Running com.taxonic.carml.engine.PredicateObjectMapperTest
Tests run: 3, Failures: 0, Errors: 0, Skipped: 0, Time elapsed: 0.02 sec
Running com.taxonic.carml.engine.TermGeneratorCreatorTest
Tests run: 4, Failures: 0, Errors: 0, Skipped: 0, Time elapsed: 0.002 sec
Running com.taxonic.carml.engine.SubjectMapperTest
Tests run: 4, Failures: 0, Errors: 0, Skipped: 0, Time elapsed: 0.023 sec
Running com.taxonic.carml.engine.RefObjectMapperTest
Tests run: 1, Failures: 0, Errors: 0, Skipped: 0, Time elapsed: 0.01 sec
Running com.taxonic.carml.rmltestcases.TestRmlTestCases
Tests run: 100, Failures: 0, Errors: 0, Skipped: 0, Time elapsed: 0.771 sec
Running com.taxonic.carml.rdf_mapper.TestRdfMapperBasic
Tests run: 6, Failures: 0, Errors: 0, Skipped: 0, Time elapsed: 0.003 sec
Running com.taxonic.carml.rdf_mapper.TestRdfMapper
Tests run: 15, Failures: 0, Errors: 0, Skipped: 0, Time elapsed: 0.018 sec
Running com.taxonic.carml.rdf_mapper.TestRdfMapperLogicalSource
Tests run: 3, Failures: 0, Errors: 0, Skipped: 0, Time elapsed: 0.009 sec
Running com.taxonic.carml.rdf_mapper.TestRdfMapperTermType
Tests run: 4, Failures: 0, Errors: 0, Skipped: 0, Time elapsed: 0.011 sec
Running com.taxonic.carml.rdf_mapper.TestRdfMapperParentTriplesMap
Tests run: 2, Failures: 0, Errors: 0, Skipped: 0, Time elapsed: 0.003 sec
Running com.taxonic.carml.rdf_mapper.TestRdfMapperGraphMaps
Tests run: 3, Failures: 0, Errors: 0, Skipped: 0, Time elapsed: 0.002 sec
Running com.taxonic.carml.rdf_mapper.TestFunctionModelMapping
Tests run: 1, Failures: 0, Errors: 0, Skipped: 0, Time elapsed: 0.003 sec

Results :

Tests run: 244, Failures: 0, Errors: 0, Skipped: 0

[INFO] ------------------------------------------------------------------------
[INFO] Reactor Summary for carml 0.3.1:
[INFO] 
[INFO] carml .............................................. SUCCESS [  0.002 s]
[INFO] carml-commons ...................................... SUCCESS [  0.868 s]
[INFO] carml-rdf-mapper ................................... SUCCESS [  1.130 s]
[INFO] carml-model ........................................ SUCCESS [  0.575 s]
[INFO] carml-logical-source-resolver ...................... SUCCESS [  0.046 s]
[INFO] carml-logical-source-resolver-csv .................. SUCCESS [  0.375 s]
[INFO] carml-logical-source-resolver-jsonpath ............. SUCCESS [  0.379 s]
[INFO] carml-logical-source-resolver-xpath ................ SUCCESS [  0.912 s]
[INFO] carml-engine ....................................... SUCCESS [  3.146 s]
[INFO] ------------------------------------------------------------------------
[INFO] BUILD SUCCESS
[INFO] ------------------------------------------------------------------------
[INFO] Total time:  7.539 s
[INFO] Finished at: 2021-02-15T08:50:10Z
[INFO] ------------------------------------------------------------------------
