[INFO] Scanning for projects...
[WARNING] 
[WARNING] Some problems were encountered while building the effective model for org.recast4j:recast:jar:1.2.6-SNAPSHOT
[WARNING] 'build.plugins.plugin.version' for org.apache.maven.plugins:maven-surefire-plugin is missing. @ org.recast4j:parent:1.2.6-SNAPSHOT, /workdir/recast4j/pom.xml, line 65, column 21
[WARNING] 
[WARNING] Some problems were encountered while building the effective model for org.recast4j:detour:jar:1.2.6-SNAPSHOT
[WARNING] 'build.plugins.plugin.version' for org.apache.maven.plugins:maven-surefire-plugin is missing. @ org.recast4j:parent:1.2.6-SNAPSHOT, /workdir/recast4j/pom.xml, line 65, column 21
[WARNING] 
[WARNING] Some problems were encountered while building the effective model for org.recast4j:detour-crowd:jar:1.2.6-SNAPSHOT
[WARNING] 'build.plugins.plugin.version' for org.apache.maven.plugins:maven-surefire-plugin is missing. @ org.recast4j:parent:1.2.6-SNAPSHOT, /workdir/recast4j/pom.xml, line 65, column 21
[WARNING] 
[WARNING] Some problems were encountered while building the effective model for org.recast4j:detour-tile-cache:jar:1.2.6-SNAPSHOT
[WARNING] 'build.plugins.plugin.version' for org.apache.maven.plugins:maven-surefire-plugin is missing. @ org.recast4j:parent:1.2.6-SNAPSHOT, /workdir/recast4j/pom.xml, line 65, column 21
[WARNING] 
[WARNING] Some problems were encountered while building the effective model for org.recast4j:detour-extras:jar:1.2.6-SNAPSHOT
[WARNING] 'build.plugins.plugin.version' for org.apache.maven.plugins:maven-surefire-plugin is missing. @ org.recast4j:parent:1.2.6-SNAPSHOT, /workdir/recast4j/pom.xml, line 65, column 21
[WARNING] 
[WARNING] Some problems were encountered while building the effective model for org.recast4j:parent:pom:1.2.6-SNAPSHOT
[WARNING] 'build.plugins.plugin.version' for org.apache.maven.plugins:maven-surefire-plugin is missing. @ line 65, column 21
[WARNING] 
[WARNING] It is highly recommended to fix these problems because they threaten the stability of your build.
[WARNING] 
[WARNING] For this reason, future Maven versions might no longer support building such malformed projects.
[WARNING] 
[INFO] Inspecting build with total of 6 modules...
[INFO] Installing Nexus Staging features:
[INFO]   ... total of 6 executions of maven-deploy-plugin replaced with nexus-staging-maven-plugin
[INFO] ------------------------------------------------------------------------
[INFO] Reactor Build Order:
[INFO] 
[INFO] Recast and Detour for Java                                         [pom]
[INFO] recast                                                             [jar]
[INFO] detour                                                             [jar]
[INFO] detour-crowd                                                       [jar]
[INFO] detour-tile-cache                                                  [jar]
[INFO] detour-extras                                                      [jar]
[INFO] 
[INFO] ------------------------< org.recast4j:parent >-------------------------
[INFO] Building Recast and Detour for Java 1.2.6-SNAPSHOT                 [1/6]
[INFO] --------------------------------[ pom ]---------------------------------
[INFO] 
[INFO] ------------------------< org.recast4j:recast >-------------------------
[INFO] Building recast 1.2.6-SNAPSHOT                                     [2/6]
[INFO] --------------------------------[ jar ]---------------------------------
[INFO] 
[INFO] --- maven-resources-plugin:2.6:resources (default-resources) @ recast ---
[INFO] Using 'UTF-8' encoding to copy filtered resources.
[INFO] skip non existing resourceDirectory /workdir/recast4j/recast/src/main/resources
[INFO] 
[INFO] --- maven-compiler-plugin:3.3:compile (default-compile) @ recast ---
[INFO] Nothing to compile - all classes are up to date
[INFO] 
[INFO] --- maven-resources-plugin:2.6:testResources (default-testResources) @ recast ---
[INFO] Using 'UTF-8' encoding to copy filtered resources.
[INFO] Copying 2 resources
[INFO] 
[INFO] --- maven-compiler-plugin:3.3:testCompile (default-testCompile) @ recast ---
[INFO] Nothing to compile - all classes are up to date
[INFO] 
[INFO] --- maven-surefire-plugin:2.12.4:test (default-test) @ recast ---
[INFO] Surefire report directory: /workdir/recast4j/recast/target/surefire-reports

-------------------------------------------------------
 T E S T S
-------------------------------------------------------
Running org.recast4j.recast.RecastSoloMeshTest
dungeon.obj : WATERSHED  248 ms
dungeon.obj : MONOTONE  107 ms
dungeon.obj : LAYERS  185 ms
dungeon.obj : WATERSHED  145 ms
dungeon.obj : MONOTONE  109 ms
dungeon.obj : LAYERS  154 ms
dungeon.obj : WATERSHED  128 ms
dungeon.obj : MONOTONE  65 ms
dungeon.obj : LAYERS  121 ms
dungeon.obj : WATERSHED  78 ms
dungeon.obj : MONOTONE  61 ms
dungeon.obj : LAYERS  113 ms
dungeon.obj : WATERSHED  104 ms
dungeon.obj : MONOTONE  54 ms
dungeon.obj : LAYERS  110 ms
dungeon.obj : WATERSHED  74 ms
dungeon.obj : MONOTONE  53 ms
dungeon.obj : LAYERS  108 ms
dungeon.obj : WATERSHED  71 ms
dungeon.obj : MONOTONE  47 ms
dungeon.obj : LAYERS  106 ms
dungeon.obj : WATERSHED  64 ms
dungeon.obj : MONOTONE  47 ms
dungeon.obj : LAYERS  106 ms
dungeon.obj : WATERSHED  64 ms
dungeon.obj : MONOTONE  46 ms
dungeon.obj : LAYERS  105 ms
dungeon.obj : WATERSHED  77 ms
dungeon.obj : MONOTONE  45 ms
dungeon.obj : LAYERS  104 ms
dungeon.obj : WATERSHED  67 ms
nav_test.obj : MONOTONE  58 ms
nav_test.obj : WATERSHED  87 ms
dungeon.obj : MONOTONE  51 ms
dungeon.obj : LAYERS  110 ms
nav_test.obj : LAYERS  145 ms
Tests run: 7, Failures: 0, Errors: 0, Skipped: 0, Time elapsed: 4.183 sec
Running org.recast4j.recast.RecastTileMeshTest
 Time ST : 11201
 Time MT : 3239
Tests run: 2, Failures: 0, Errors: 0, Skipped: 0, Time elapsed: 22.086 sec
Running org.recast4j.recast.RecastLayersTest
Tests run: 3, Failures: 0, Errors: 0, Skipped: 0, Time elapsed: 0.04 sec
Running org.recast4j.recast.RecastTest
Tests run: 1, Failures: 0, Errors: 0, Skipped: 0, Time elapsed: 0.001 sec

Results :

Tests run: 13, Failures: 0, Errors: 0, Skipped: 0

[INFO] 
[INFO] ------------------------< org.recast4j:detour >-------------------------
[INFO] Building detour 1.2.6-SNAPSHOT                                     [3/6]
[INFO] --------------------------------[ jar ]---------------------------------
[INFO] 
[INFO] --- maven-resources-plugin:2.6:resources (default-resources) @ detour ---
[INFO] Using 'UTF-8' encoding to copy filtered resources.
[INFO] skip non existing resourceDirectory /workdir/recast4j/detour/src/main/resources
[INFO] 
[INFO] --- maven-compiler-plugin:3.3:compile (default-compile) @ detour ---
[INFO] Nothing to compile - all classes are up to date
[INFO] 
[INFO] --- maven-resources-plugin:2.6:testResources (default-testResources) @ detour ---
[INFO] Using 'UTF-8' encoding to copy filtered resources.
[INFO] Copying 5 resources
[INFO] 
[INFO] --- maven-compiler-plugin:3.3:testCompile (default-testCompile) @ detour ---
[INFO] Nothing to compile - all classes are up to date
[INFO] 
[INFO] --- maven-surefire-plugin:2.12.4:test (default-test) @ detour ---
[INFO] Surefire report directory: /workdir/recast4j/detour/target/surefire-reports

-------------------------------------------------------
 T E S T S
-------------------------------------------------------
Running org.recast4j.detour.RandomPointTest
Tests run: 2, Failures: 0, Errors: 0, Skipped: 0, Time elapsed: 0.646 sec
Running org.recast4j.detour.TiledFindPathTest
Tests run: 1, Failures: 0, Errors: 0, Skipped: 0, Time elapsed: 1.03 sec
Running org.recast4j.detour.GetPolyWallSegmentsTest
Tests run: 1, Failures: 0, Errors: 0, Skipped: 0, Time elapsed: 0.135 sec
Running org.recast4j.detour.FindPathTest
Tests run: 3, Failures: 0, Errors: 0, Skipped: 0, Time elapsed: 0.313 sec
Running org.recast4j.detour.FindPolysAroundCircleTest
Tests run: 1, Failures: 0, Errors: 0, Skipped: 0, Time elapsed: 0.076 sec
Running org.recast4j.detour.FindPolysAroundShapeTest
Tests run: 1, Failures: 0, Errors: 0, Skipped: 0, Time elapsed: 0.079 sec
Running org.recast4j.detour.FindNearestPolyTest
Tests run: 2, Failures: 0, Errors: 0, Skipped: 0, Time elapsed: 0.142 sec
Running org.recast4j.detour.io.MeshSetReaderWriterTest
Tests run: 1, Failures: 0, Errors: 0, Skipped: 0, Time elapsed: 0.644 sec
Running org.recast4j.detour.io.MeshDataReaderWriterTest
verts: 225
polys: 119
detail vert: 60
detail mesh: 118
verts: 225
polys: 119
detail vert: 60
detail mesh: 118
verts: 225
polys: 119
detail vert: 60
detail mesh: 118
verts: 225
polys: 119
detail vert: 60
detail mesh: 118
Tests run: 4, Failures: 0, Errors: 0, Skipped: 0, Time elapsed: 0.279 sec
Running org.recast4j.detour.io.MeshSetReaderTest
Tests run: 3, Failures: 0, Errors: 0, Skipped: 0, Time elapsed: 0.007 sec
Running org.recast4j.detour.FindDistanceToWallTest
Tests run: 1, Failures: 0, Errors: 0, Skipped: 0, Time elapsed: 0.068 sec
Running org.recast4j.detour.MoveAlongSurfaceTest
Tests run: 1, Failures: 0, Errors: 0, Skipped: 0, Time elapsed: 0.07 sec
Running org.recast4j.detour.FindLocalNeighbourhoodTest
Tests run: 1, Failures: 0, Errors: 0, Skipped: 0, Time elapsed: 0.068 sec
Running org.recast4j.detour.NavMeshBuilderTest
Tests run: 1, Failures: 0, Errors: 0, Skipped: 0, Time elapsed: 0.067 sec

Results :

Tests run: 23, Failures: 0, Errors: 0, Skipped: 0

[INFO] 
[INFO] ---------------------< org.recast4j:detour-crowd >----------------------
[INFO] Building detour-crowd 1.2.6-SNAPSHOT                               [4/6]
[INFO] --------------------------------[ jar ]---------------------------------
[INFO] 
[INFO] --- maven-resources-plugin:2.6:resources (default-resources) @ detour-crowd ---
[INFO] Using 'UTF-8' encoding to copy filtered resources.
[INFO] skip non existing resourceDirectory /workdir/recast4j/detourcrowd/src/main/resources
[INFO] 
[INFO] --- maven-compiler-plugin:3.3:compile (default-compile) @ detour-crowd ---
[INFO] Nothing to compile - all classes are up to date
[INFO] 
[INFO] --- maven-resources-plugin:2.6:testResources (default-testResources) @ detour-crowd ---
[INFO] Using 'UTF-8' encoding to copy filtered resources.
[INFO] skip non existing resourceDirectory /workdir/recast4j/detourcrowd/src/test/resources
[INFO] 
[INFO] --- maven-compiler-plugin:3.3:testCompile (default-testCompile) @ detour-crowd ---
[INFO] Nothing to compile - all classes are up to date
[INFO] 
[INFO] --- maven-surefire-plugin:2.12.4:test (default-test) @ detour-crowd ---
[INFO] Surefire report directory: /workdir/recast4j/detourcrowd/target/surefire-reports

-------------------------------------------------------
 T E S T S
-------------------------------------------------------
Running org.recast4j.detour.crowd.Crowd1Test
Tests run: 8, Failures: 0, Errors: 0, Skipped: 0, Time elapsed: 1.476 sec
Running org.recast4j.detour.crowd.Crowd4Test
Tests run: 3, Failures: 0, Errors: 0, Skipped: 0, Time elapsed: 0.329 sec
Running org.recast4j.detour.crowd.Crowd4VelocityTest
Tests run: 1, Failures: 0, Errors: 0, Skipped: 0, Time elapsed: 0.107 sec

Results :

Tests run: 12, Failures: 0, Errors: 0, Skipped: 0

[INFO] 
[INFO] -------------------< org.recast4j:detour-tile-cache >-------------------
[INFO] Building detour-tile-cache 1.2.6-SNAPSHOT                          [5/6]
[INFO] --------------------------------[ jar ]---------------------------------
[INFO] 
[INFO] --- maven-resources-plugin:2.6:resources (default-resources) @ detour-tile-cache ---
[INFO] Using 'UTF-8' encoding to copy filtered resources.
[INFO] skip non existing resourceDirectory /workdir/recast4j/detourtilecache/src/main/resources
[INFO] 
[INFO] --- maven-compiler-plugin:3.3:compile (default-compile) @ detour-tile-cache ---
[INFO] Nothing to compile - all classes are up to date
[INFO] 
[INFO] --- maven-resources-plugin:2.6:testResources (default-testResources) @ detour-tile-cache ---
[INFO] Using 'UTF-8' encoding to copy filtered resources.
[INFO] Copying 2 resources
[INFO] 
[INFO] --- maven-compiler-plugin:3.3:testCompile (default-testCompile) @ detour-tile-cache ---
[INFO] Nothing to compile - all classes are up to date
[INFO] 
[INFO] --- maven-surefire-plugin:2.12.4:test (default-test) @ detour-tile-cache ---
[INFO] Surefire report directory: /workdir/recast4j/detourtilecache/target/surefire-reports

-------------------------------------------------------
 T E S T S
-------------------------------------------------------
Running org.recast4j.detour.tilecache.TileCacheNavigationTest
Tests run: 1, Failures: 0, Errors: 0, Skipped: 0, Time elapsed: 0.922 sec
Running org.recast4j.detour.tilecache.TileCacheFindPathTest
Tests run: 1, Failures: 0, Errors: 0, Skipped: 0, Time elapsed: 0.019 sec
Running org.recast4j.detour.tilecache.TempObstaclesTest
Tests run: 2, Failures: 0, Errors: 0, Skipped: 0, Time elapsed: 1.047 sec
Running org.recast4j.detour.tilecache.io.TileCacheReaderWriterTest
Tests run: 2, Failures: 0, Errors: 0, Skipped: 0, Time elapsed: 1.37 sec
Running org.recast4j.detour.tilecache.io.TileCacheReaderTest
4  1  0
Tests run: 2, Failures: 0, Errors: 0, Skipped: 0, Time elapsed: 0.023 sec
Running org.recast4j.detour.tilecache.TileCacheTest
 Time ST : 5278
 Time MT : 1586
Compressor: LZ4TileCacheCompressor C Compatibility: false Layers: 30 Raw Size: 278160 Compressed: 12954
Compressor: FastLzTileCacheCompressor C Compatibility: true Layers: 30 Raw Size: 278160 Compressed: 18834
Compressor: LZ4TileCacheCompressor C Compatibility: false Layers: 30 Raw Size: 278160 Compressed: 12954
Compressor: FastLzTileCacheCompressor C Compatibility: true Layers: 30 Raw Size: 278160 Compressed: 18834
Compressor: LZ4TileCacheCompressor C Compatibility: false Layers: 60 Raw Size: 556320 Compressed: 29812
Compressor: FastLzTileCacheCompressor C Compatibility: true Layers: 60 Raw Size: 556320 Compressed: 47859
Compressor: LZ4TileCacheCompressor C Compatibility: false Layers: 60 Raw Size: 556320 Compressed: 29812
Compressor: FastLzTileCacheCompressor C Compatibility: true Layers: 60 Raw Size: 556320 Compressed: 47859
Compressor: LZ4TileCacheCompressor C Compatibility: false Layers: 30 Raw Size: 278160 Compressed: 12954
Compressor: FastLzTileCacheCompressor C Compatibility: true Layers: 30 Raw Size: 278160 Compressed: 18834
Compressor: LZ4TileCacheCompressor C Compatibility: false Layers: 30 Raw Size: 278160 Compressed: 12954
Compressor: FastLzTileCacheCompressor C Compatibility: true Layers: 30 Raw Size: 278160 Compressed: 18834
Compressor: LZ4TileCacheCompressor C Compatibility: false Layers: 60 Raw Size: 556320 Compressed: 29812
Compressor: FastLzTileCacheCompressor C Compatibility: true Layers: 60 Raw Size: 556320 Compressed: 47859
Compressor: LZ4TileCacheCompressor C Compatibility: false Layers: 60 Raw Size: 556320 Compressed: 29812
Compressor: FastLzTileCacheCompressor C Compatibility: true Layers: 60 Raw Size: 556320 Compressed: 47859
Tests run: 3, Failures: 0, Errors: 0, Skipped: 0, Time elapsed: 13.469 sec

Results :

Tests run: 11, Failures: 0, Errors: 0, Skipped: 0

[INFO] 
[INFO] ---------------------< org.recast4j:detour-extras >---------------------
[INFO] Building detour-extras 1.2.6-SNAPSHOT                              [6/6]
[INFO] --------------------------------[ jar ]---------------------------------
[INFO] 
[INFO] --- maven-resources-plugin:2.6:resources (default-resources) @ detour-extras ---
[INFO] Using 'UTF-8' encoding to copy filtered resources.
[INFO] skip non existing resourceDirectory /workdir/recast4j/detour-extras/src/main/resources
[INFO] 
[INFO] --- maven-compiler-plugin:3.1:compile (default-compile) @ detour-extras ---
[INFO] Nothing to compile - all classes are up to date
[INFO] 
[INFO] --- maven-resources-plugin:2.6:testResources (default-testResources) @ detour-extras ---
[INFO] Using 'UTF-8' encoding to copy filtered resources.
[INFO] Copying 3 resources
[INFO] 
[INFO] --- maven-compiler-plugin:3.1:testCompile (default-testCompile) @ detour-extras ---
[INFO] Nothing to compile - all classes are up to date
[INFO] 
[INFO] --- maven-surefire-plugin:2.12.4:test (default-test) @ detour-extras ---
[INFO] Surefire report directory: /workdir/recast4j/detour-extras/target/surefire-reports

-------------------------------------------------------
 T E S T S
-------------------------------------------------------
Running org.recast4j.detour.extras.unity.astar.UnityAStarPathfindingImporterTest
Tests run: 3, Failures: 0, Errors: 0, Skipped: 0, Time elapsed: 0.22 sec

Results :

Tests run: 3, Failures: 0, Errors: 0, Skipped: 0

[INFO] ------------------------------------------------------------------------
[INFO] Reactor Summary for Recast and Detour for Java 1.2.6-SNAPSHOT:
[INFO] 
[INFO] Recast and Detour for Java ......................... SUCCESS [  0.029 s]
[INFO] recast ............................................. SUCCESS [ 27.001 s]
[INFO] detour ............................................. SUCCESS [  3.901 s]
[INFO] detour-crowd ....................................... SUCCESS [  2.173 s]
[INFO] detour-tile-cache .................................. SUCCESS [ 17.153 s]
[INFO] detour-extras ...................................... SUCCESS [  0.495 s]
[INFO] ------------------------------------------------------------------------
[INFO] BUILD SUCCESS
[INFO] ------------------------------------------------------------------------
[INFO] Total time:  51.217 s
[INFO] Finished at: 2021-02-15T02:21:47Z
[INFO] ------------------------------------------------------------------------
