[INFO] Scanning for projects...
[INFO] ------------------------------------------------------------------------
[INFO] Reactor Build Order:
[INFO] 
[INFO] ChangeSkin                                                         [pom]
[INFO] ChangeSkinCore                                                     [jar]
[INFO] ChangeSkinBukkit                                                   [jar]
[INFO] ChangeSkinBungee                                                   [jar]
[INFO] ChangeSkinSponge                                                   [jar]
[INFO] 
[INFO] -------------------< com.github.games647:changeskin >-------------------
[INFO] Building ChangeSkin 3.1-SNAPSHOT                                   [1/5]
[INFO] --------------------------------[ pom ]---------------------------------
[INFO] 
[INFO] --- git-commit-id-plugin:4.0.0:revision (get-the-git-infos) @ changeskin ---
[INFO] 
[INFO] ----------------< com.github.games647:changeskin.core >-----------------
[INFO] Building ChangeSkinCore 3.1-SNAPSHOT                               [2/5]
[INFO] --------------------------------[ jar ]---------------------------------
[INFO] 
[INFO] --- git-commit-id-plugin:4.0.0:revision (get-the-git-infos) @ changeskin.core ---
[INFO] 
[INFO] --- maven-resources-plugin:2.6:resources (default-resources) @ changeskin.core ---
[INFO] Using 'UTF-8' encoding to copy filtered resources.
[INFO] Copying 3 resources
[INFO] 
[INFO] --- maven-compiler-plugin:3.1:compile (default-compile) @ changeskin.core ---
[INFO] Nothing to compile - all classes are up to date
[INFO] 
[INFO] --- maven-resources-plugin:2.6:testResources (default-testResources) @ changeskin.core ---
[INFO] Using 'UTF-8' encoding to copy filtered resources.
[INFO] Copying 3 resources
[INFO] 
[INFO] --- maven-compiler-plugin:3.1:testCompile (default-testCompile) @ changeskin.core ---
[INFO] Nothing to compile - all classes are up to date
[INFO] 
[INFO] --- maven-surefire-plugin:2.12.4:test (default-test) @ changeskin.core ---
[INFO] Surefire report directory: /workdir/ChangeSkin/core/target/surefire-reports

-------------------------------------------------------
 T E S T S
-------------------------------------------------------
Running com.github.games647.changeskin.core.CooldownServiceTest
Tests run: 3, Failures: 0, Errors: 0, Skipped: 0, Time elapsed: 1.165 sec
Running com.github.games647.changeskin.core.RateLimiterTest
Tests run: 3, Failures: 0, Errors: 0, Skipped: 0, Time elapsed: 0.997 sec
Running com.github.games647.changeskin.core.model.skin.SkinModelTest
Tests run: 4, Failures: 0, Errors: 0, Skipped: 0, Time elapsed: 0.106 sec
Running com.github.games647.changeskin.core.model.skin.SkinPropertyTest
Tests run: 2, Failures: 0, Errors: 0, Skipped: 0, Time elapsed: 0.037 sec

Results :

Tests run: 12, Failures: 0, Errors: 0, Skipped: 0

[INFO] 
[INFO] ---------------< com.github.games647:changeskin.bukkit >----------------
[INFO] Building ChangeSkinBukkit 3.1-SNAPSHOT                             [3/5]
[INFO] --------------------------------[ jar ]---------------------------------
Downloading from dmulloy2-repo: https://repo.dmulloy2.net/nexus/repository/public//org/spigotmc/spigot-api/1.15.2-R0.1-SNAPSHOT/maven-metadata.xml
Downloading from nametagedit-repo: https://ci.nametagedit.com/plugin/repository/everything/org/spigotmc/spigot-api/1.15.2-R0.1-SNAPSHOT/maven-metadata.xml
Downloading from spigot-repo: https://hub.spigotmc.org/nexus/content/repositories/snapshots/org/spigotmc/spigot-api/1.15.2-R0.1-SNAPSHOT/maven-metadata.xml
Downloading from codemc-repo: https://repo.codemc.io/repository/maven-public/org/spigotmc/spigot-api/1.15.2-R0.1-SNAPSHOT/maven-metadata.xml
Progress (1): 1.5 kB                    Downloaded from spigot-repo: https://hub.spigotmc.org/nexus/content/repositories/snapshots/org/spigotmc/spigot-api/1.15.2-R0.1-SNAPSHOT/maven-metadata.xml (1.5 kB at 2.8 kB/s)
Downloading from nametagedit-repo: https://ci.nametagedit.com/plugin/repository/everything/net/md-5/bungeecord-chat/1.15-SNAPSHOT/maven-metadata.xml
Downloading from spigot-repo: https://hub.spigotmc.org/nexus/content/repositories/snapshots/net/md-5/bungeecord-chat/1.15-SNAPSHOT/maven-metadata.xml
Downloading from codemc-repo: https://repo.codemc.io/repository/maven-public/net/md-5/bungeecord-chat/1.15-SNAPSHOT/maven-metadata.xml
Downloading from dmulloy2-repo: https://repo.dmulloy2.net/nexus/repository/public//net/md-5/bungeecord-chat/1.15-SNAPSHOT/maven-metadata.xml
Progress (1): 1.2 kB                    Downloading from spigotmc-public: https://hub.spigotmc.org/nexus/content/groups/public/net/md-5/bungeecord-chat/1.15-SNAPSHOT/maven-metadata.xml
Downloaded from codemc-repo: https://repo.codemc.io/repository/maven-public/net/md-5/bungeecord-chat/1.15-SNAPSHOT/maven-metadata.xml (1.2 kB at 4.1 kB/s)
Progress (1): 1.2 kB                    Downloaded from spigotmc-public: https://hub.spigotmc.org/nexus/content/groups/public/net/md-5/bungeecord-chat/1.15-SNAPSHOT/maven-metadata.xml (1.2 kB at 3.1 kB/s)
Downloading from spigot-repo: https://hub.spigotmc.org/nexus/content/repositories/snapshots/net/md-5/bungeecord-parent/1.15-SNAPSHOT/maven-metadata.xml
Downloading from dmulloy2-repo: https://repo.dmulloy2.net/nexus/repository/public//net/md-5/bungeecord-parent/1.15-SNAPSHOT/maven-metadata.xml
Downloading from codemc-repo: https://repo.codemc.io/repository/maven-public/net/md-5/bungeecord-parent/1.15-SNAPSHOT/maven-metadata.xml
Downloading from nametagedit-repo: https://ci.nametagedit.com/plugin/repository/everything/net/md-5/bungeecord-parent/1.15-SNAPSHOT/maven-metadata.xml
Progress (1): 602 B                   Downloaded from codemc-repo: https://repo.codemc.io/repository/maven-public/net/md-5/bungeecord-parent/1.15-SNAPSHOT/maven-metadata.xml (602 B at 6.6 kB/s)
Downloading from spigotmc-public: https://hub.spigotmc.org/nexus/content/groups/public/net/md-5/bungeecord-parent/1.15-SNAPSHOT/maven-metadata.xml
Progress (1): 602 B                   Downloaded from spigotmc-public: https://hub.spigotmc.org/nexus/content/groups/public/net/md-5/bungeecord-parent/1.15-SNAPSHOT/maven-metadata.xml (602 B at 1.7 kB/s)
[WARNING] The POM for com.nametagedit:nametagedit:jar:4.4.6 is invalid, transitive dependencies (if any) will not be available, enable debug logging for more details
[INFO] 
[INFO] --- git-commit-id-plugin:4.0.0:revision (get-the-git-infos) @ changeskin.bukkit ---
[INFO] 
[INFO] --- maven-resources-plugin:2.6:resources (default-resources) @ changeskin.bukkit ---
[INFO] Using 'UTF-8' encoding to copy filtered resources.
[INFO] Copying 1 resource
[INFO] 
[INFO] --- maven-compiler-plugin:3.1:compile (default-compile) @ changeskin.bukkit ---
[INFO] Nothing to compile - all classes are up to date
[INFO] 
[INFO] --- maven-resources-plugin:2.6:testResources (default-testResources) @ changeskin.bukkit ---
[INFO] Using 'UTF-8' encoding to copy filtered resources.
[INFO] skip non existing resourceDirectory /workdir/ChangeSkin/bukkit/src/test/resources
[INFO] 
[INFO] --- maven-compiler-plugin:3.1:testCompile (default-testCompile) @ changeskin.bukkit ---
[INFO] Nothing to compile - all classes are up to date
[INFO] 
[INFO] --- maven-surefire-plugin:2.12.4:test (default-test) @ changeskin.bukkit ---
[INFO] Surefire report directory: /workdir/ChangeSkin/bukkit/target/surefire-reports

-------------------------------------------------------
 T E S T S
-------------------------------------------------------
Running com.github.games647.changeskin.bukkit.ServerVersionTest
Tests run: 3, Failures: 0, Errors: 0, Skipped: 0, Time elapsed: 0.062 sec

Results :

Tests run: 3, Failures: 0, Errors: 0, Skipped: 0

[INFO] 
[INFO] ---------------< com.github.games647:changeskin.bungee >----------------
[INFO] Building ChangeSkinBungee 3.1-SNAPSHOT                             [4/5]
[INFO] --------------------------------[ jar ]---------------------------------
Downloading from codemc-repo: https://repo.codemc.io/repository/maven-public/net/md-5/bungeecord-proxy/1.14-SNAPSHOT/maven-metadata.xml
Progress (1): 1.2 kB                    Downloaded from codemc-repo: https://repo.codemc.io/repository/maven-public/net/md-5/bungeecord-proxy/1.14-SNAPSHOT/maven-metadata.xml (1.2 kB at 3.5 kB/s)
Downloading from codemc-repo: https://repo.codemc.io/repository/maven-public/net/md-5/bungeecord-parent/1.14-SNAPSHOT/maven-metadata.xml
Progress (1): 602 B                   Downloaded from codemc-repo: https://repo.codemc.io/repository/maven-public/net/md-5/bungeecord-parent/1.14-SNAPSHOT/maven-metadata.xml (602 B at 2.1 kB/s)
Downloading from codemc-repo: https://repo.codemc.io/repository/maven-public/net/md-5/bungeecord-api/1.14-SNAPSHOT/maven-metadata.xml
Progress (1): 1.2 kB                    Downloaded from codemc-repo: https://repo.codemc.io/repository/maven-public/net/md-5/bungeecord-api/1.14-SNAPSHOT/maven-metadata.xml (1.2 kB at 4.9 kB/s)
Downloading from codemc-repo: https://repo.codemc.io/repository/maven-public/net/md-5/bungeecord-chat/1.14-SNAPSHOT/maven-metadata.xml
Progress (1): 1.2 kB                    Downloaded from codemc-repo: https://repo.codemc.io/repository/maven-public/net/md-5/bungeecord-chat/1.14-SNAPSHOT/maven-metadata.xml (1.2 kB at 5.0 kB/s)
Downloading from codemc-repo: https://repo.codemc.io/repository/maven-public/net/md-5/bungeecord-config/1.14-SNAPSHOT/maven-metadata.xml
Progress (1): 1.2 kB                    Downloaded from codemc-repo: https://repo.codemc.io/repository/maven-public/net/md-5/bungeecord-config/1.14-SNAPSHOT/maven-metadata.xml (1.2 kB at 3.1 kB/s)
Downloading from codemc-repo: https://repo.codemc.io/repository/maven-public/net/md-5/bungeecord-event/1.14-SNAPSHOT/maven-metadata.xml
Progress (1): 1.2 kB                    Downloaded from codemc-repo: https://repo.codemc.io/repository/maven-public/net/md-5/bungeecord-event/1.14-SNAPSHOT/maven-metadata.xml (1.2 kB at 4.9 kB/s)
Downloading from codemc-repo: https://repo.codemc.io/repository/maven-public/net/md-5/bungeecord-protocol/1.14-SNAPSHOT/maven-metadata.xml
Progress (1): 1.2 kB                    Downloaded from codemc-repo: https://repo.codemc.io/repository/maven-public/net/md-5/bungeecord-protocol/1.14-SNAPSHOT/maven-metadata.xml (1.2 kB at 5.7 kB/s)
Downloading from codemc-repo: https://repo.codemc.io/repository/maven-public/net/md-5/brigadier/1.0.16-SNAPSHOT/maven-metadata.xml
Downloading from sonatype-nexus-snapshots: https://oss.sonatype.org/content/repositories/snapshots/net/md-5/brigadier/1.0.16-SNAPSHOT/maven-metadata.xml
Progress (1): 1.2 kB                    Downloaded from sonatype-nexus-snapshots: https://oss.sonatype.org/content/repositories/snapshots/net/md-5/brigadier/1.0.16-SNAPSHOT/maven-metadata.xml (1.2 kB at 849 B/s)
Downloading from codemc-repo: https://repo.codemc.io/repository/maven-public/net/md-5/bungeecord-log/1.14-SNAPSHOT/maven-metadata.xml
Progress (1): 1.2 kB                    Downloaded from codemc-repo: https://repo.codemc.io/repository/maven-public/net/md-5/bungeecord-log/1.14-SNAPSHOT/maven-metadata.xml (1.2 kB at 2.0 kB/s)
Downloading from codemc-repo: https://repo.codemc.io/repository/maven-public/net/md-5/bungeecord-native/1.14-SNAPSHOT/maven-metadata.xml
Progress (1): 1.2 kB                    Downloaded from codemc-repo: https://repo.codemc.io/repository/maven-public/net/md-5/bungeecord-native/1.14-SNAPSHOT/maven-metadata.xml (1.2 kB at 3.0 kB/s)
Downloading from codemc-repo: https://repo.codemc.io/repository/maven-public/net/md-5/bungeecord-query/1.14-SNAPSHOT/maven-metadata.xml
Progress (1): 1.2 kB                    Downloaded from codemc-repo: https://repo.codemc.io/repository/maven-public/net/md-5/bungeecord-query/1.14-SNAPSHOT/maven-metadata.xml (1.2 kB at 2.2 kB/s)
[INFO] 
[INFO] --- git-commit-id-plugin:4.0.0:revision (get-the-git-infos) @ changeskin.bungee ---
[INFO] 
[INFO] --- maven-resources-plugin:2.6:resources (default-resources) @ changeskin.bungee ---
[INFO] Using 'UTF-8' encoding to copy filtered resources.
[INFO] Copying 1 resource
[INFO] 
[INFO] --- maven-compiler-plugin:3.1:compile (default-compile) @ changeskin.bungee ---
[INFO] Nothing to compile - all classes are up to date
[INFO] 
[INFO] --- maven-resources-plugin:2.6:testResources (default-testResources) @ changeskin.bungee ---
[INFO] Using 'UTF-8' encoding to copy filtered resources.
[INFO] skip non existing resourceDirectory /workdir/ChangeSkin/bungee/src/test/resources
[INFO] 
[INFO] --- maven-compiler-plugin:3.1:testCompile (default-testCompile) @ changeskin.bungee ---
[INFO] No sources to compile
[INFO] 
[INFO] --- maven-surefire-plugin:2.12.4:test (default-test) @ changeskin.bungee ---
[INFO] No tests to run.
[INFO] 
[INFO] ---------------< com.github.games647:changeskin.sponge >----------------
[INFO] Building ChangeSkinSponge 3.1-SNAPSHOT                             [5/5]
[INFO] --------------------------------[ jar ]---------------------------------
Downloading from sponge-repo: https://repo.spongepowered.org/maven/com/flowpowered/flow-noise/1.0.1-SNAPSHOT/maven-metadata.xml
Progress (1): 1.2 kB                    Downloaded from sponge-repo: https://repo.spongepowered.org/maven/com/flowpowered/flow-noise/1.0.1-SNAPSHOT/maven-metadata.xml (1.2 kB at 1.1 kB/s)
[INFO] 
[INFO] --- git-commit-id-plugin:4.0.0:revision (get-the-git-infos) @ changeskin.sponge ---
[INFO] 
[INFO] --- templating-maven-plugin:1.0.0:filter-sources (filter-src) @ changeskin.sponge ---
[INFO] Coping files with filtering to temporary directory.
[INFO] Using 'UTF-8' encoding to copy filtered resources.
[INFO] Copying 1 resource
[INFO] No files needs to be copied to output directory. Up to date: /workdir/ChangeSkin/sponge/target/generated-sources/java-templates
[INFO] Source directory: /workdir/ChangeSkin/sponge/target/generated-sources/java-templates added.
[INFO] 
[INFO] --- maven-resources-plugin:2.6:resources (default-resources) @ changeskin.sponge ---
[INFO] Using 'UTF-8' encoding to copy filtered resources.
[INFO] skip non existing resourceDirectory /workdir/ChangeSkin/sponge/src/main/resources
[INFO] 
[INFO] --- maven-compiler-plugin:3.1:compile (default-compile) @ changeskin.sponge ---
[INFO] Nothing to compile - all classes are up to date
[INFO] 
[INFO] --- maven-resources-plugin:2.6:testResources (default-testResources) @ changeskin.sponge ---
[INFO] Using 'UTF-8' encoding to copy filtered resources.
[INFO] skip non existing resourceDirectory /workdir/ChangeSkin/sponge/src/test/resources
[INFO] 
[INFO] --- maven-compiler-plugin:3.1:testCompile (default-testCompile) @ changeskin.sponge ---
[INFO] No sources to compile
[INFO] 
[INFO] --- maven-surefire-plugin:2.12.4:test (default-test) @ changeskin.sponge ---
[INFO] No tests to run.
[INFO] ------------------------------------------------------------------------
[INFO] Reactor Summary for ChangeSkin 3.1-SNAPSHOT:
[INFO] 
[INFO] ChangeSkin ......................................... SUCCESS [  1.103 s]
[INFO] ChangeSkinCore ..................................... SUCCESS [  4.934 s]
[INFO] ChangeSkinBukkit ................................... SUCCESS [  3.171 s]
[INFO] ChangeSkinBungee ................................... SUCCESS [  6.455 s]
[INFO] ChangeSkinSponge ................................... SUCCESS [  3.017 s]
[INFO] ------------------------------------------------------------------------
[INFO] BUILD SUCCESS
[INFO] ------------------------------------------------------------------------
[INFO] Total time:  18.787 s
[INFO] Finished at: 2021-02-15T04:13:32Z
[INFO] ------------------------------------------------------------------------
