[INFO] Scanning for projects...
[INFO] 
[INFO] -------------------< io.mola.galimatias:galimatias >--------------------
[INFO] Building galimatias 0.2.1-SNAPSHOT
[INFO] --------------------------------[ jar ]---------------------------------
[INFO] 
[INFO] --- maven-enforcer-plugin:1.3.1:enforce (enforce-maven) @ galimatias ---
[INFO] 
[INFO] --- maven-resources-plugin:2.6:resources (default-resources) @ galimatias ---
[INFO] Using 'UTF-8' encoding to copy filtered resources.
[INFO] skip non existing resourceDirectory /workdir/galimatias/src/main/resources
[INFO] 
[INFO] --- maven-compiler-plugin:3.1:compile (default-compile) @ galimatias ---
[INFO] Nothing to compile - all classes are up to date
[INFO] 
[INFO] --- maven-resources-plugin:2.6:testResources (default-testResources) @ galimatias ---
[INFO] Using 'UTF-8' encoding to copy filtered resources.
[INFO] Copying 2 resources
[INFO] 
[INFO] --- maven-compiler-plugin:3.1:testCompile (default-testCompile) @ galimatias ---
[INFO] Nothing to compile - all classes are up to date
[INFO] 
[INFO] --- maven-surefire-plugin:2.12.4:test (default-test) @ galimatias ---
[INFO] Surefire report directory: /workdir/galimatias/target/surefire-reports

-------------------------------------------------------
 T E S T S
-------------------------------------------------------
Running io.mola.galimatias.ParseIssueTest
Tests run: 7, Failures: 0, Errors: 0, Skipped: 0, Time elapsed: 0.075 sec
Running io.mola.galimatias.URLSearchParamsTest
Tests run: 10, Failures: 0, Errors: 0, Skipped: 0, Time elapsed: 0.143 sec
Running io.mola.galimatias.NameValueTest
00:00:56.451 [main] WARN  io.mola.galimatias.NameValueTest - hashCode collision for NameValuePair{name='foo', value='='} and NameValuePair{name='', value='foo='}
00:00:56.463 [main] WARN  io.mola.galimatias.NameValueTest - hashCode collision for NameValuePair{name='foo', value='&'} and NameValuePair{name='', value='foo&'}
00:00:56.472 [main] WARN  io.mola.galimatias.NameValueTest - hashCode collision for NameValuePair{name='foo', value='?'} and NameValuePair{name='', value='foo?'}
00:00:56.480 [main] WARN  io.mola.galimatias.NameValueTest - hashCode collision for NameValuePair{name='foo', value='#'} and NameValuePair{name='', value='foo#'}
00:00:56.522 [main] WARN  io.mola.galimatias.NameValueTest - hashCode collision for NameValuePair{name='', value='foo='} and NameValuePair{name='foo', value='='}
00:00:56.529 [main] WARN  io.mola.galimatias.NameValueTest - hashCode collision for NameValuePair{name='', value='foo&'} and NameValuePair{name='foo', value='&'}
00:00:56.536 [main] WARN  io.mola.galimatias.NameValueTest - hashCode collision for NameValuePair{name='', value='foo?'} and NameValuePair{name='foo', value='?'}
00:00:56.543 [main] WARN  io.mola.galimatias.NameValueTest - hashCode collision for NameValuePair{name='', value='foo#'} and NameValuePair{name='foo', value='#'}
Tests run: 4, Failures: 0, Errors: 0, Skipped: 0, Time elapsed: 0.564 sec
Running io.mola.galimatias.URL2Test
Tests run: 66, Failures: 0, Errors: 0, Skipped: 0, Time elapsed: 0.027 sec
Running io.mola.galimatias.FormURLEncodedParserTest
Tests run: 2, Failures: 0, Errors: 0, Skipped: 0, Time elapsed: 0.002 sec
Running io.mola.galimatias.URLTest
Tests run: 45, Failures: 0, Errors: 0, Skipped: 0, Time elapsed: 0.301 sec
Running io.mola.galimatias.IPv4AddressTest
00:00:57.268 [main] DEBUG io.mola.galimatias.IPv4AddressTest - TESTING: 0.0.0.0
00:00:57.268 [main] DEBUG io.mola.galimatias.IPv4AddressTest - TESTING: 255.255.255.255
00:00:57.268 [main] DEBUG io.mola.galimatias.IPv4AddressTest - TESTING: 127.0.0.1
00:00:57.272 [main] DEBUG io.mola.galimatias.IPv4AddressTest - TESTING: 0.0.0.0
00:00:57.274 [main] DEBUG io.mola.galimatias.IPv4AddressTest - TESTING: 255.255.255.255
00:00:57.274 [main] DEBUG io.mola.galimatias.IPv4AddressTest - TESTING: 127.0.0.1
Tests run: 12, Failures: 0, Errors: 0, Skipped: 0, Time elapsed: 0.009 sec
Running io.mola.galimatias.GalimatiasParseExceptionTest
Tests run: 6, Failures: 0, Errors: 0, Skipped: 0, Time elapsed: 0 sec
Running io.mola.galimatias.DomainTest
Tests run: 5, Failures: 0, Errors: 0, Skipped: 0, Time elapsed: 0 sec
Running io.mola.galimatias.canonicalize.DecodeUnreservedCanonicalizerTest
Tests run: 2, Failures: 0, Errors: 0, Skipped: 0, Time elapsed: 0.01 sec
Running io.mola.galimatias.canonicalize.RFC3986CanonicalizerTest
Tests run: 2, Failures: 0, Errors: 0, Skipped: 0, Time elapsed: 0.012 sec
Running io.mola.galimatias.canonicalize.RegexCanonicalizerTest
Tests run: 1, Failures: 0, Errors: 0, Skipped: 0, Time elapsed: 0.001 sec
Running io.mola.galimatias.canonicalize.RFC2396CanonicalizerTest
Tests run: 2, Failures: 0, Errors: 0, Skipped: 0, Time elapsed: 0.019 sec
Running io.mola.galimatias.HostTest
Tests run: 4, Failures: 0, Errors: 0, Skipped: 0, Time elapsed: 0.001 sec
Running io.mola.galimatias.IPv6AddressTest
00:00:57.327 [main] DEBUG io.mola.galimatias.IPv6AddressTest - TESTING: fedc:ba98:7654:3210:fedc:ba98:7654:3210
00:00:57.327 [main] DEBUG io.mola.galimatias.IPv6AddressTest - TESTING: FEDC:BA98:7654:3210:FEDC:BA98:7654:3211
00:00:57.327 [main] DEBUG io.mola.galimatias.IPv6AddressTest - TESTING: 2001:0db8:85a3:0000:0000:8a2e:0370:7334
00:00:57.327 [main] DEBUG io.mola.galimatias.IPv6AddressTest - TESTING: 2001:db8:85a3::8a2e:370:7334
00:00:57.327 [main] DEBUG io.mola.galimatias.IPv6AddressTest - TESTING: 0:0:0:0:0:0:0:1
00:00:57.327 [main] DEBUG io.mola.galimatias.IPv6AddressTest - TESTING: 0:0:0:0:0:0:0:0
00:00:57.327 [main] DEBUG io.mola.galimatias.IPv6AddressTest - TESTING: ::1
00:00:57.327 [main] DEBUG io.mola.galimatias.IPv6AddressTest - TESTING: ::
00:00:57.328 [main] DEBUG io.mola.galimatias.IPv6AddressTest - TESTING: ::ffff:192.0.2.128
00:00:57.331 [main] DEBUG io.mola.galimatias.IPv6AddressTest - TESTING: ::192.0.2.128
00:00:57.340 [main] DEBUG io.mola.galimatias.IPv6AddressTest - TESTING: fedc:ba98:7654:3210:fedc:ba98:7654:3210
00:00:57.341 [main] DEBUG io.mola.galimatias.IPv6AddressTest - TESTING: FEDC:BA98:7654:3210:FEDC:BA98:7654:3211
00:00:57.341 [main] DEBUG io.mola.galimatias.IPv6AddressTest - TESTING: 2001:0db8:85a3:0000:0000:8a2e:0370:7334
00:00:57.341 [main] DEBUG io.mola.galimatias.IPv6AddressTest - TESTING: 2001:db8:85a3::8a2e:370:7334
00:00:57.342 [main] DEBUG io.mola.galimatias.IPv6AddressTest - TESTING: 0:0:0:0:0:0:0:1
00:00:57.342 [main] DEBUG io.mola.galimatias.IPv6AddressTest - TESTING: 0:0:0:0:0:0:0:0
00:00:57.350 [main] DEBUG io.mola.galimatias.IPv6AddressTest - TESTING: ::1
00:00:57.350 [main] DEBUG io.mola.galimatias.IPv6AddressTest - TESTING: ::
00:00:57.350 [main] DEBUG io.mola.galimatias.IPv6AddressTest - TESTING: ::ffff:192.0.2.128
00:00:57.351 [main] DEBUG io.mola.galimatias.IPv6AddressTest - TESTING: ::192.0.2.128
Tests run: 20, Failures: 0, Errors: 0, Skipped: 0, Time elapsed: 0.026 sec
Running io.mola.galimatias.cli.CLITest
Base: http://example.org/foo/bar
Analyzing URL: http://example	.
org
Parsing...
	Recoverable error found;
		Error: Tab, new line or carriage return found
		Position: 14
	Recoverable error found;
		Error: Tab, new line or carriage return found
		Position: 16
	Result:
		URL: http://example.org/
		URL type: hierarchical
		Scheme: http
		Scheme data: 
		Username: 
		Host: example.org
		Port: 80
		Path: /
Canonicalizing with RFC 3986 rules...
	Result identical to WHATWG rules
Canonicalizing with RFC 2396 rules...
	Result identical to RFC 3986 rules
Base: http://example.org/foo/bar
Analyzing URL: http://user:pass@foo:21/bar;par?b#c
Parsing...
	Result:
		URL: http://user:pass@foo:21/bar;par?b#c
		URL type: hierarchical
		Scheme: http
		Scheme data: 
		Username: user
		Password: pass
		Host: foo
		Port: 21
		Path: /bar;par
		Query: b
		Fragment: c
Canonicalizing with RFC 3986 rules...
	Result identical to WHATWG rules
Canonicalizing with RFC 2396 rules...
	Result:
		URL: http://user:pass@foo:21/bar;par?b#c
		URL type: hierarchical
		Scheme: http
		Scheme data: 
		Username: user
		Password: pass
		Host: foo
		Port: 21
		Path: /bar;par
		Query: b
		Fragment: c
Base: http://example.org/foo/bar
Analyzing URL: http:foo.com
Parsing...
	Recoverable error found;
		Error: Relative scheme (http) is not followed by "://"
		Position: 5
	Result:
		URL: http://example.org/foo/foo.com
		URL type: hierarchical
		Scheme: http
		Scheme data: 
		Username: 
		Host: example.org
		Port: 80
		Path: /foo/foo.com
Canonicalizing with RFC 3986 rules...
	Result identical to WHATWG rules
Canonicalizing with RFC 2396 rules...
	Result identical to RFC 3986 rules
Base: http://example.org/foo/bar
Analyzing URL: 	   :foo.com   

Parsing...
	Result:
		URL: http://example.org/foo/:foo.com
		URL type: hierarchical
		Scheme: http
		Scheme data: 
		Username: 
		Host: example.org
		Port: 80
		Path: /foo/:foo.com
Canonicalizing with RFC 3986 rules...
	Result identical to WHATWG rules
Canonicalizing with RFC 2396 rules...
	Result identical to RFC 3986 rules
Base: http://example.org/foo/bar
Analyzing URL:  foo.com  
Parsing...
	Result:
		URL: http://example.org/foo/foo.com
		URL type: hierarchical
		Scheme: http
		Scheme data: 
		Username: 
		Host: example.org
		Port: 80
		Path: /foo/foo.com
Canonicalizing with RFC 3986 rules...
	Result identical to WHATWG rules
Canonicalizing with RFC 2396 rules...
	Result identical to RFC 3986 rules
Base: http://example.org/foo/bar
Analyzing URL: http://f:21/ b ? d # e 
Parsing...
	Recoverable error found;
		Error: Illegal character in path segment: space is not allowed
		Position: 12
	Recoverable error found;
		Error: Illegal character in path segment: space is not allowed
		Position: 14
	Recoverable error found;
		Error: Illegal character in query: space is not allowed
		Position: 16
	Recoverable error found;
		Error: Illegal character in query: space is not allowed
		Position: 18
	Recoverable error found;
		Error: Illegal character in fragment: space is not allowed
		Position: 20
	Result:
		URL: http://f:21/%20b%20?%20d%20# e
		URL type: hierarchical
		Scheme: http
		Scheme data: 
		Username: 
		Host: f
		Port: 21
		Path: /%20b%20
		Query: %20d%20
		Fragment:  e
Canonicalizing with RFC 3986 rules...
	Result:
		URL: http://f:21/%20b%20?%20d%20# e
		URL type: hierarchical
		Scheme: http
		Scheme data: 
		Username: 
		Host: f
		Port: 21
		Path: /%20b%20
		Query: %20d%20
		Fragment:  e
Canonicalizing with RFC 2396 rules...
	Result identical to RFC 3986 rules
Base: http://example.org/foo/bar
Analyzing URL: http://f:/c
Parsing...
	Result:
		URL: http://f/c
		URL type: hierarchical
		Scheme: http
		Scheme data: 
		Username: 
		Host: f
		Port: 80
		Path: /c
Canonicalizing with RFC 3986 rules...
	Result identical to WHATWG rules
Canonicalizing with RFC 2396 rules...
	Result identical to RFC 3986 rules
Base: http://example.org/foo/bar
Analyzing URL: http://f:0/c
Parsing...
	Result:
		URL: http://f:0/c
		URL type: hierarchical
		Scheme: http
		Scheme data: 
		Username: 
		Host: f
		Port: 0
		Path: /c
Canonicalizing with RFC 3986 rules...
	Result identical to WHATWG rules
Canonicalizing with RFC 2396 rules...
	Result identical to RFC 3986 rules
Base: http://example.org/foo/bar
Analyzing URL: http://f:00000000000000/c
Parsing...
	Result:
		URL: http://f:0/c
		URL type: hierarchical
		Scheme: http
		Scheme data: 
		Username: 
		Host: f
		Port: 0
		Path: /c
Canonicalizing with RFC 3986 rules...
	Result identical to WHATWG rules
Canonicalizing with RFC 2396 rules...
	Result identical to RFC 3986 rules
Base: http://example.org/foo/bar
Analyzing URL: http://f:00000000000000000000080/c
Parsing...
	Result:
		URL: http://f/c
		URL type: hierarchical
		Scheme: http
		Scheme data: 
		Username: 
		Host: f
		Port: 80
		Path: /c
Canonicalizing with RFC 3986 rules...
	Result identical to WHATWG rules
Canonicalizing with RFC 2396 rules...
	Result identical to RFC 3986 rules
Base: http://example.org/foo/bar
Analyzing URL: http://f:b/c
Parsing...
Parsing with WHATWG rules resulted in fatal error
		Error: Illegal character in port: “b” is not allowed
		Position: 9
Base: http://example.org/foo/bar
Analyzing URL: http://f: /c
Parsing...
Parsing with WHATWG rules resulted in fatal error
		Error: Illegal character in port: “ ” is not allowed
		Position: 9
Base: http://example.org/foo/bar
Analyzing URL: http://f:
/c
Parsing...
	Recoverable error found;
		Error: Tab, new line or carriage return found
		Position: 9
	Result:
		URL: http://f/c
		URL type: hierarchical
		Scheme: http
		Scheme data: 
		Username: 
		Host: f
		Port: 80
		Path: /c
Canonicalizing with RFC 3986 rules...
	Result identical to WHATWG rules
Canonicalizing with RFC 2396 rules...
	Result identical to RFC 3986 rules
Base: http://example.org/foo/bar
Analyzing URL: http://f:fifty-two/c
Parsing...
Parsing with WHATWG rules resulted in fatal error
		Error: Illegal character in port: “f” is not allowed
		Position: 9
Base: http://example.org/foo/bar
Analyzing URL: http://f:999999/c
Parsing...
	Result:
		URL: http://f:999999/c
		URL type: hierarchical
		Scheme: http
		Scheme data: 
		Username: 
		Host: f
		Port: 999999
		Path: /c
Canonicalizing with RFC 3986 rules...
	Result identical to WHATWG rules
Canonicalizing with RFC 2396 rules...
	Result identical to RFC 3986 rules
Base: http://example.org/foo/bar
Analyzing URL: http://f: 21 / b ? d # e 
Parsing...
Parsing with WHATWG rules resulted in fatal error
		Error: Illegal character in port: “ ” is not allowed
		Position: 9
Base: http://example.org/foo/bar
Analyzing URL: 
Parsing...
	Result:
		URL: http://example.org/foo/bar
		URL type: hierarchical
		Scheme: http
		Scheme data: 
		Username: 
		Host: example.org
		Port: 80
		Path: /foo/bar
Canonicalizing with RFC 3986 rules...
	Result identical to WHATWG rules
Canonicalizing with RFC 2396 rules...
	Result identical to RFC 3986 rules
Base: http://example.org/foo/bar
Analyzing URL:   	
Parsing...
	Result:
		URL: http://example.org/foo/bar
		URL type: hierarchical
		Scheme: http
		Scheme data: 
		Username: 
		Host: example.org
		Port: 80
		Path: /foo/bar
Canonicalizing with RFC 3986 rules...
	Result identical to WHATWG rules
Canonicalizing with RFC 2396 rules...
	Result identical to RFC 3986 rules
Base: http://example.org/foo/bar
Analyzing URL: :foo.com/
Parsing...
	Result:
		URL: http://example.org/foo/:foo.com/
		URL type: hierarchical
		Scheme: http
		Scheme data: 
		Username: 
		Host: example.org
		Port: 80
		Path: /foo/:foo.com/
Canonicalizing with RFC 3986 rules...
	Result identical to WHATWG rules
Canonicalizing with RFC 2396 rules...
	Result identical to RFC 3986 rules
Base: http://example.org/foo/bar
Analyzing URL: :foo.com\
Parsing...
	Recoverable error found;
		Error: Backslash ("\") used as path segment delimiter
		Position: 8
	Result:
		URL: http://example.org/foo/:foo.com/
		URL type: hierarchical
		Scheme: http
		Scheme data: 
		Username: 
		Host: example.org
		Port: 80
		Path: /foo/:foo.com/
Canonicalizing with RFC 3986 rules...
	Result identical to WHATWG rules
Canonicalizing with RFC 2396 rules...
	Result identical to RFC 3986 rules
Base: http://example.org/foo/bar
Analyzing URL: :
Parsing...
	Result:
		URL: http://example.org/foo/:
		URL type: hierarchical
		Scheme: http
		Scheme data: 
		Username: 
		Host: example.org
		Port: 80
		Path: /foo/:
Canonicalizing with RFC 3986 rules...
	Result identical to WHATWG rules
Canonicalizing with RFC 2396 rules...
	Result identical to RFC 3986 rules
Base: http://example.org/foo/bar
Analyzing URL: :a
Parsing...
	Result:
		URL: http://example.org/foo/:a
		URL type: hierarchical
		Scheme: http
		Scheme data: 
		Username: 
		Host: example.org
		Port: 80
		Path: /foo/:a
Canonicalizing with RFC 3986 rules...
	Result identical to WHATWG rules
Canonicalizing with RFC 2396 rules...
	Result identical to RFC 3986 rules
Base: http://example.org/foo/bar
Analyzing URL: :/
Parsing...
	Result:
		URL: http://example.org/foo/:/
		URL type: hierarchical
		Scheme: http
		Scheme data: 
		Username: 
		Host: example.org
		Port: 80
		Path: /foo/:/
Canonicalizing with RFC 3986 rules...
	Result identical to WHATWG rules
Canonicalizing with RFC 2396 rules...
	Result identical to RFC 3986 rules
Base: http://example.org/foo/bar
Analyzing URL: :\
Parsing...
	Recoverable error found;
		Error: Backslash ("\") used as path segment delimiter
		Position: 1
	Result:
		URL: http://example.org/foo/:/
		URL type: hierarchical
		Scheme: http
		Scheme data: 
		Username: 
		Host: example.org
		Port: 80
		Path: /foo/:/
Canonicalizing with RFC 3986 rules...
	Result identical to WHATWG rules
Canonicalizing with RFC 2396 rules...
	Result identical to RFC 3986 rules
Base: http://example.org/foo/bar
Analyzing URL: :#
Parsing...
	Result:
		URL: http://example.org/foo/:#
		URL type: hierarchical
		Scheme: http
		Scheme data: 
		Username: 
		Host: example.org
		Port: 80
		Path: /foo/:
		Fragment: 
Canonicalizing with RFC 3986 rules...
	Result identical to WHATWG rules
Canonicalizing with RFC 2396 rules...
	Result identical to RFC 3986 rules
Base: http://example.org/foo/bar
Analyzing URL: #
Parsing...
	Result:
		URL: http://example.org/foo/bar#
		URL type: hierarchical
		Scheme: http
		Scheme data: 
		Username: 
		Host: example.org
		Port: 80
		Path: /foo/bar
		Fragment: 
Canonicalizing with RFC 3986 rules...
	Result identical to WHATWG rules
Canonicalizing with RFC 2396 rules...
	Result identical to RFC 3986 rules
Base: http://example.org/foo/bar
Analyzing URL: #/
Parsing...
	Result:
		URL: http://example.org/foo/bar#/
		URL type: hierarchical
		Scheme: http
		Scheme data: 
		Username: 
		Host: example.org
		Port: 80
		Path: /foo/bar
		Fragment: /
Canonicalizing with RFC 3986 rules...
	Result identical to WHATWG rules
Canonicalizing with RFC 2396 rules...
	Result identical to RFC 3986 rules
Base: http://example.org/foo/bar
Analyzing URL: #\
Parsing...
	Recoverable error found;
		Error: Illegal character in fragment: “\” is not allowed
		Position: 1
	Result:
		URL: http://example.org/foo/bar#\
		URL type: hierarchical
		Scheme: http
		Scheme data: 
		Username: 
		Host: example.org
		Port: 80
		Path: /foo/bar
		Fragment: \
Canonicalizing with RFC 3986 rules...
	Result:
		URL: http://example.org/foo/bar#\
		URL type: hierarchical
		Scheme: http
		Scheme data: 
		Username: 
		Host: example.org
		Port: 80
		Path: /foo/bar
		Fragment: \
Canonicalizing with RFC 2396 rules...
	Result identical to RFC 3986 rules
Base: http://example.org/foo/bar
Analyzing URL: #;?
Parsing...
	Result:
		URL: http://example.org/foo/bar#;?
		URL type: hierarchical
		Scheme: http
		Scheme data: 
		Username: 
		Host: example.org
		Port: 80
		Path: /foo/bar
		Fragment: ;?
Canonicalizing with RFC 3986 rules...
	Result identical to WHATWG rules
Canonicalizing with RFC 2396 rules...
	Result identical to RFC 3986 rules
Base: http://example.org/foo/bar
Analyzing URL: ?
Parsing...
	Result:
		URL: http://example.org/foo/bar?
		URL type: hierarchical
		Scheme: http
		Scheme data: 
		Username: 
		Host: example.org
		Port: 80
		Path: /foo/bar
		Query: 
Canonicalizing with RFC 3986 rules...
	Result identical to WHATWG rules
Canonicalizing with RFC 2396 rules...
	Result identical to RFC 3986 rules
Base: http://example.org/foo/bar
Analyzing URL: /
Parsing...
	Result:
		URL: http://example.org/
		URL type: hierarchical
		Scheme: http
		Scheme data: 
		Username: 
		Host: example.org
		Port: 80
		Path: /
Canonicalizing with RFC 3986 rules...
	Result identical to WHATWG rules
Canonicalizing with RFC 2396 rules...
	Result identical to RFC 3986 rules
Base: http://example.org/foo/bar
Analyzing URL: :23
Parsing...
	Result:
		URL: http://example.org/foo/:23
		URL type: hierarchical
		Scheme: http
		Scheme data: 
		Username: 
		Host: example.org
		Port: 80
		Path: /foo/:23
Canonicalizing with RFC 3986 rules...
	Result identical to WHATWG rules
Canonicalizing with RFC 2396 rules...
	Result identical to RFC 3986 rules
Base: http://example.org/foo/bar
Analyzing URL: /:23
Parsing...
	Result:
		URL: http://example.org/:23
		URL type: hierarchical
		Scheme: http
		Scheme data: 
		Username: 
		Host: example.org
		Port: 80
		Path: /:23
Canonicalizing with RFC 3986 rules...
	Result identical to WHATWG rules
Canonicalizing with RFC 2396 rules...
	Result identical to RFC 3986 rules
Base: http://example.org/foo/bar
Analyzing URL: ::
Parsing...
	Result:
		URL: http://example.org/foo/::
		URL type: hierarchical
		Scheme: http
		Scheme data: 
		Username: 
		Host: example.org
		Port: 80
		Path: /foo/::
Canonicalizing with RFC 3986 rules...
	Result identical to WHATWG rules
Canonicalizing with RFC 2396 rules...
	Result identical to RFC 3986 rules
Base: http://example.org/foo/bar
Analyzing URL: ::23
Parsing...
	Result:
		URL: http://example.org/foo/::23
		URL type: hierarchical
		Scheme: http
		Scheme data: 
		Username: 
		Host: example.org
		Port: 80
		Path: /foo/::23
Canonicalizing with RFC 3986 rules...
	Result identical to WHATWG rules
Canonicalizing with RFC 2396 rules...
	Result identical to RFC 3986 rules
Base: http://example.org/foo/bar
Analyzing URL: foo://
Parsing...
	Result:
		URL: foo://
		URL type: opaque
		Scheme: foo
		Scheme data: //
		Username: 
Canonicalizing with RFC 3986 rules...
	Result identical to WHATWG rules
Canonicalizing with RFC 2396 rules...
	Result identical to RFC 3986 rules
Base: http://example.org/foo/bar
Analyzing URL: http://a:b@c:29/d
Parsing...
	Result:
		URL: http://a:b@c:29/d
		URL type: hierarchical
		Scheme: http
		Scheme data: 
		Username: a
		Password: b
		Host: c
		Port: 29
		Path: /d
Canonicalizing with RFC 3986 rules...
	Result identical to WHATWG rules
Canonicalizing with RFC 2396 rules...
	Result identical to RFC 3986 rules
Base: http://example.org/foo/bar
Analyzing URL: http://a@c
Parsing...
	Result:
		URL: http://a@c/
		URL type: hierarchical
		Scheme: http
		Scheme data: 
		Username: a
		Host: c
		Port: 80
		Path: /
Canonicalizing with RFC 3986 rules...
	Result identical to WHATWG rules
Canonicalizing with RFC 2396 rules...
	Result identical to RFC 3986 rules
Base: http://example.org/foo/bar
Analyzing URL: http://:p@c
Parsing...
	Result:
		URL: http://:p@c/
		URL type: hierarchical
		Scheme: http
		Scheme data: 
		Username: 
		Password: p
		Host: c
		Port: 80
		Path: /
Canonicalizing with RFC 3986 rules...
	Result identical to WHATWG rules
Canonicalizing with RFC 2396 rules...
	Result identical to RFC 3986 rules
Base: http://example.org/foo/bar
Analyzing URL: http::@c:29
Parsing...
	Recoverable error found;
		Error: Relative scheme (http) is not followed by "://"
		Position: 5
	Result:
		URL: http://example.org/foo/:@c:29
		URL type: hierarchical
		Scheme: http
		Scheme data: 
		Username: 
		Host: example.org
		Port: 80
		Path: /foo/:@c:29
Canonicalizing with RFC 3986 rules...
	Result identical to WHATWG rules
Canonicalizing with RFC 2396 rules...
	Result identical to RFC 3986 rules
Base: http://example.org/foo/bar
Analyzing URL: http://&a:foo(b]c@d:2/
Parsing...
	Recoverable error found;
		Error: Illegal character in user or password: “]” is not allowed
		Position: 17
	Result:
		URL: http://&a:foo(b]c@d:2/
		URL type: hierarchical
		Scheme: http
		Scheme data: 
		Username: &a
		Password: foo(b]c
		Host: d
		Port: 2
		Path: /
Canonicalizing with RFC 3986 rules...
	Result:
		URL: http://&a:foo(b]c@d:2/
		URL type: hierarchical
		Scheme: http
		Scheme data: 
		Username: &a
		Password: foo(b]c
		Host: d
		Port: 2
		Path: /
Canonicalizing with RFC 2396 rules...
	Result identical to RFC 3986 rules
Base: http://example.org/foo/bar
Analyzing URL: http://::@c@d:2
Parsing...
	Recoverable error found;
		Error: User or password contains an at symbol ("@") not percent-encoded
		Position: 11
	Result:
		URL: http://::%40c@d:2/
		URL type: hierarchical
		Scheme: http
		Scheme data: 
		Username: 
		Password: :%40c
		Host: d
		Port: 2
		Path: /
Canonicalizing with RFC 3986 rules...
	Result:
		URL: http://::%40c@d:2/
		URL type: hierarchical
		Scheme: http
		Scheme data: 
		Username: 
		Password: :%40c
		Host: d
		Port: 2
		Path: /
Canonicalizing with RFC 2396 rules...
	Result:
		URL: http://::%40c@d:2/
		URL type: hierarchical
		Scheme: http
		Scheme data: 
		Username: 
		Password: :%40c
		Host: d
		Port: 2
		Path: /
Base: http://example.org/foo/bar
Analyzing URL: http://foo.com:b@d/
Parsing...
	Result:
		URL: http://foo.com:b@d/
		URL type: hierarchical
		Scheme: http
		Scheme data: 
		Username: foo.com
		Password: b
		Host: d
		Port: 80
		Path: /
Canonicalizing with RFC 3986 rules...
	Result identical to WHATWG rules
Canonicalizing with RFC 2396 rules...
	Result identical to RFC 3986 rules
Base: http://example.org/foo/bar
Analyzing URL: http://foo.com/\@
Parsing...
	Recoverable error found;
		Error: Backslash ("\") used as path segment delimiter
		Position: 15
	Result:
		URL: http://foo.com//@
		URL type: hierarchical
		Scheme: http
		Scheme data: 
		Username: 
		Host: foo.com
		Port: 80
		Path: //@
Canonicalizing with RFC 3986 rules...
	Result identical to WHATWG rules
Canonicalizing with RFC 2396 rules...
	Result identical to RFC 3986 rules
Base: http://example.org/foo/bar
Analyzing URL: http://foo.com:80\path
Parsing...
	Recoverable error found;
		Error: Backslash ("\") used as path segment delimiter
		Position: 17
	Result:
		URL: http://foo.com/path
		URL type: hierarchical
		Scheme: http
		Scheme data: 
		Username: 
		Host: foo.com
		Port: 80
		Path: /path
Canonicalizing with RFC 3986 rules...
	Result identical to WHATWG rules
Canonicalizing with RFC 2396 rules...
	Result identical to RFC 3986 rules
Base: http://example.org/foo/bar
Analyzing URL: http://foo.com:80?query
Parsing...
	Result:
		URL: http://foo.com/?query
		URL type: hierarchical
		Scheme: http
		Scheme data: 
		Username: 
		Host: foo.com
		Port: 80
		Path: /
		Query: query
Canonicalizing with RFC 3986 rules...
	Result identical to WHATWG rules
Canonicalizing with RFC 2396 rules...
	Result identical to RFC 3986 rules
Base: http://example.org/foo/bar
Analyzing URL: http://foo.com:80#frag
Parsing...
	Result:
		URL: http://foo.com/#frag
		URL type: hierarchical
		Scheme: http
		Scheme data: 
		Username: 
		Host: foo.com
		Port: 80
		Path: /
		Fragment: frag
Canonicalizing with RFC 3986 rules...
	Result identical to WHATWG rules
Canonicalizing with RFC 2396 rules...
	Result identical to RFC 3986 rules
Base: http://example.org/foo/bar
Analyzing URL: http:\\foo.com\
Parsing...
	Recoverable error found;
		Error: Relative scheme (http) is not followed by "://"
		Position: 5
	Recoverable error found;
		Error: Backslash ("\") used as path segment delimiter
		Position: 5
	Recoverable error found;
		Error: Backslash ("\") used as path segment delimiter
		Position: 6
	Recoverable error found;
		Error: Backslash ("\") used as path segment delimiter
		Position: 14
	Result:
		URL: http://foo.com/
		URL type: hierarchical
		Scheme: http
		Scheme data: 
		Username: 
		Host: foo.com
		Port: 80
		Path: /
Canonicalizing with RFC 3986 rules...
	Result identical to WHATWG rules
Canonicalizing with RFC 2396 rules...
	Result identical to RFC 3986 rules
Base: http://example.org/foo/bar
Analyzing URL: http:\\a\b:c\d@foo.com\
Parsing...
	Recoverable error found;
		Error: Relative scheme (http) is not followed by "://"
		Position: 5
	Recoverable error found;
		Error: Backslash ("\") used as path segment delimiter
		Position: 5
	Recoverable error found;
		Error: Backslash ("\") used as path segment delimiter
		Position: 6
	Recoverable error found;
		Error: Backslash ("\") used as path segment delimiter
		Position: 8
	Recoverable error found;
		Error: Backslash ("\") used as path segment delimiter
		Position: 12
	Recoverable error found;
		Error: Backslash ("\") used as path segment delimiter
		Position: 22
	Result:
		URL: http://a/b:c/d@foo.com/
		URL type: hierarchical
		Scheme: http
		Scheme data: 
		Username: 
		Host: a
		Port: 80
		Path: /b:c/d@foo.com/
Canonicalizing with RFC 3986 rules...
	Result identical to WHATWG rules
Canonicalizing with RFC 2396 rules...
	Result identical to RFC 3986 rules
Base: http://example.org/foo/bar
Analyzing URL: foo:/
Parsing...
	Result:
		URL: foo:/
		URL type: opaque
		Scheme: foo
		Scheme data: /
		Username: 
Canonicalizing with RFC 3986 rules...
	Result identical to WHATWG rules
Canonicalizing with RFC 2396 rules...
	Result identical to RFC 3986 rules
Base: http://example.org/foo/bar
Analyzing URL: foo:/bar.com/
Parsing...
	Result:
		URL: foo:/bar.com/
		URL type: opaque
		Scheme: foo
		Scheme data: /bar.com/
		Username: 
Canonicalizing with RFC 3986 rules...
	Result identical to WHATWG rules
Canonicalizing with RFC 2396 rules...
	Result identical to RFC 3986 rules
Base: http://example.org/foo/bar
Analyzing URL: foo://///////
Parsing...
	Result:
		URL: foo://///////
		URL type: opaque
		Scheme: foo
		Scheme data: /////////
		Username: 
Canonicalizing with RFC 3986 rules...
	Result identical to WHATWG rules
Canonicalizing with RFC 2396 rules...
	Result identical to RFC 3986 rules
Base: http://example.org/foo/bar
Analyzing URL: foo://///////bar.com/
Parsing...
	Result:
		URL: foo://///////bar.com/
		URL type: opaque
		Scheme: foo
		Scheme data: /////////bar.com/
		Username: 
Canonicalizing with RFC 3986 rules...
	Result identical to WHATWG rules
Canonicalizing with RFC 2396 rules...
	Result identical to RFC 3986 rules
Base: http://example.org/foo/bar
Analyzing URL: foo:////://///
Parsing...
	Result:
		URL: foo:////://///
		URL type: opaque
		Scheme: foo
		Scheme data: ////://///
		Username: 
Canonicalizing with RFC 3986 rules...
	Result identical to WHATWG rules
Canonicalizing with RFC 2396 rules...
	Result identical to RFC 3986 rules
Base: http://example.org/foo/bar
Analyzing URL: c:/foo
Parsing...
	Result:
		URL: c:/foo
		URL type: opaque
		Scheme: c
		Scheme data: /foo
		Username: 
Canonicalizing with RFC 3986 rules...
	Result identical to WHATWG rules
Canonicalizing with RFC 2396 rules...
	Result identical to RFC 3986 rules
Base: http://example.org/foo/bar
Analyzing URL: //foo/bar
Parsing...
	Result:
		URL: http://foo/bar
		URL type: hierarchical
		Scheme: http
		Scheme data: 
		Username: 
		Host: foo
		Port: 80
		Path: /bar
Canonicalizing with RFC 3986 rules...
	Result identical to WHATWG rules
Canonicalizing with RFC 2396 rules...
	Result identical to RFC 3986 rules
Base: http://example.org/foo/bar
Analyzing URL: http://foo/path;a??e#f#g
Parsing...
	Recoverable error found;
		Error: Illegal character in fragment: “#” is not allowed
		Position: 22
	Result:
		URL: http://foo/path;a??e#f#g
		URL type: hierarchical
		Scheme: http
		Scheme data: 
		Username: 
		Host: foo
		Port: 80
		Path: /path;a
		Query: ?e
		Fragment: f#g
Canonicalizing with RFC 3986 rules...
	Result:
		URL: http://foo/path;a??e#f#g
		URL type: hierarchical
		Scheme: http
		Scheme data: 
		Username: 
		Host: foo
		Port: 80
		Path: /path;a
		Query: ?e
		Fragment: f#g
Canonicalizing with RFC 2396 rules...
	Result:
		URL: http://foo/path;a??e#f#g
		URL type: hierarchical
		Scheme: http
		Scheme data: 
		Username: 
		Host: foo
		Port: 80
		Path: /path;a
		Query: ?e
		Fragment: f#g
Base: http://example.org/foo/bar
Analyzing URL: http://foo/abcd?efgh?ijkl
Parsing...
	Result:
		URL: http://foo/abcd?efgh?ijkl
		URL type: hierarchical
		Scheme: http
		Scheme data: 
		Username: 
		Host: foo
		Port: 80
		Path: /abcd
		Query: efgh?ijkl
Canonicalizing with RFC 3986 rules...
	Result identical to WHATWG rules
Canonicalizing with RFC 2396 rules...
	Result identical to RFC 3986 rules
Base: http://example.org/foo/bar
Analyzing URL: http://foo/abcd#foo?bar
Parsing...
	Result:
		URL: http://foo/abcd#foo?bar
		URL type: hierarchical
		Scheme: http
		Scheme data: 
		Username: 
		Host: foo
		Port: 80
		Path: /abcd
		Fragment: foo?bar
Canonicalizing with RFC 3986 rules...
	Result identical to WHATWG rules
Canonicalizing with RFC 2396 rules...
	Result identical to RFC 3986 rules
Base: http://example.org/foo/bar
Analyzing URL: [61:24:74]:98
Parsing...
	Recoverable error found;
		Error: Illegal character in path segment: “[” is not allowed
		Position: 0
	Recoverable error found;
		Error: Illegal character in path segment: “]” is not allowed
		Position: 9
	Result:
		URL: http://example.org/foo/[61:24:74]:98
		URL type: hierarchical
		Scheme: http
		Scheme data: 
		Username: 
		Host: example.org
		Port: 80
		Path: /foo/[61:24:74]:98
Canonicalizing with RFC 3986 rules...
	Result:
		URL: http://example.org/foo/[61:24:74]:98
		URL type: hierarchical
		Scheme: http
		Scheme data: 
		Username: 
		Host: example.org
		Port: 80
		Path: /foo/[61:24:74]:98
Canonicalizing with RFC 2396 rules...
	Result identical to RFC 3986 rules
Base: http://example.org/foo/bar
Analyzing URL: http:[61:27]/:foo
Parsing...
	Recoverable error found;
		Error: Relative scheme (http) is not followed by "://"
		Position: 5
	Recoverable error found;
		Error: Illegal character in path segment: “[” is not allowed
		Position: 5
	Recoverable error found;
		Error: Illegal character in path segment: “]” is not allowed
		Position: 11
	Result:
		URL: http://example.org/foo/[61:27]/:foo
		URL type: hierarchical
		Scheme: http
		Scheme data: 
		Username: 
		Host: example.org
		Port: 80
		Path: /foo/[61:27]/:foo
Canonicalizing with RFC 3986 rules...
	Result:
		URL: http://example.org/foo/[61:27]/:foo
		URL type: hierarchical
		Scheme: http
		Scheme data: 
		Username: 
		Host: example.org
		Port: 80
		Path: /foo/[61:27]/:foo
Canonicalizing with RFC 2396 rules...
	Result identical to RFC 3986 rules
Base: http://example.org/foo/bar
Analyzing URL: http://[1::2]:3:4
Parsing...
Parsing with WHATWG rules resulted in fatal error
		Error: Illegal character in port: “:” is not allowed
		Position: 15
Base: http://example.org/foo/bar
Analyzing URL: http://2001::1
Parsing...
Parsing with WHATWG rules resulted in fatal error
		Error: Illegal character in port: “:” is not allowed
		Position: 12
Base: http://example.org/foo/bar
Analyzing URL: http://2001::1]
Parsing...
Parsing with WHATWG rules resulted in fatal error
		Error: Illegal character in port: “:” is not allowed
		Position: 12
Base: http://example.org/foo/bar
Analyzing URL: http://2001::1]:80
Parsing...
Parsing with WHATWG rules resulted in fatal error
		Error: Illegal character in port: “:” is not allowed
		Position: 12
Base: http://example.org/foo/bar
Analyzing URL: http://[2001::1]
Parsing...
	Result:
		URL: http://[2001::1]/
		URL type: hierarchical
		Scheme: http
		Scheme data: 
		Username: 
		Host: 2001::1
		Port: 80
		Path: /
Canonicalizing with RFC 3986 rules...
	Result identical to WHATWG rules
Canonicalizing with RFC 2396 rules...
	Result identical to RFC 3986 rules
Base: http://example.org/foo/bar
Analyzing URL: http://[2001::1]:80
Parsing...
	Result:
		URL: http://[2001::1]/
		URL type: hierarchical
		Scheme: http
		Scheme data: 
		Username: 
		Host: 2001::1
		Port: 80
		Path: /
Canonicalizing with RFC 3986 rules...
	Result identical to WHATWG rules
Canonicalizing with RFC 2396 rules...
	Result identical to RFC 3986 rules
Base: http://example.org/foo/bar
Analyzing URL: http:/example.com/
Parsing...
	Recoverable error found;
		Error: Relative scheme (http) is not followed by "://"
		Position: 5
	Result:
		URL: http://example.org/example.com/
		URL type: hierarchical
		Scheme: http
		Scheme data: 
		Username: 
		Host: example.org
		Port: 80
		Path: /example.com/
Canonicalizing with RFC 3986 rules...
	Result identical to WHATWG rules
Canonicalizing with RFC 2396 rules...
	Result identical to RFC 3986 rules
Base: http://example.org/foo/bar
Analyzing URL: ftp:/example.com/
Parsing...
	Recoverable error found;
		Error: Expected a slash ("/")
		Position: 5
	Result:
		URL: ftp://example.com/
		URL type: hierarchical
		Scheme: ftp
		Scheme data: 
		Username: 
		Host: example.com
		Port: 21
		Path: /
Canonicalizing with RFC 3986 rules...
	Result identical to WHATWG rules
Canonicalizing with RFC 2396 rules...
	Result identical to RFC 3986 rules
Base: http://example.org/foo/bar
Analyzing URL: https:/example.com/
Parsing...
	Recoverable error found;
		Error: Expected a slash ("/")
		Position: 7
	Result:
		URL: https://example.com/
		URL type: hierarchical
		Scheme: https
		Scheme data: 
		Username: 
		Host: example.com
		Port: 443
		Path: /
Canonicalizing with RFC 3986 rules...
	Result identical to WHATWG rules
Canonicalizing with RFC 2396 rules...
	Result identical to RFC 3986 rules
Base: http://example.org/foo/bar
Analyzing URL: madeupscheme:/example.com/
Parsing...
	Result:
		URL: madeupscheme:/example.com/
		URL type: opaque
		Scheme: madeupscheme
		Scheme data: /example.com/
		Username: 
Canonicalizing with RFC 3986 rules...
	Result identical to WHATWG rules
Canonicalizing with RFC 2396 rules...
	Result identical to RFC 3986 rules
Base: http://example.org/foo/bar
Analyzing URL: file:/example.com/
Parsing...
	Result:
		URL: file:///example.com/
		URL type: hierarchical
		Scheme: file
		Scheme data: 
		Username: 
		Path: /example.com/
Canonicalizing with RFC 3986 rules...
	Result identical to WHATWG rules
Canonicalizing with RFC 2396 rules...
	Result identical to RFC 3986 rules
Base: http://example.org/foo/bar
Analyzing URL: ftps:/example.com/
Parsing...
	Result:
		URL: ftps:/example.com/
		URL type: opaque
		Scheme: ftps
		Scheme data: /example.com/
		Username: 
Canonicalizing with RFC 3986 rules...
	Result identical to WHATWG rules
Canonicalizing with RFC 2396 rules...
	Result identical to RFC 3986 rules
Base: http://example.org/foo/bar
Analyzing URL: gopher:/example.com/
Parsing...
	Recoverable error found;
		Error: Expected a slash ("/")
		Position: 8
	Result:
		URL: gopher://example.com/
		URL type: hierarchical
		Scheme: gopher
		Scheme data: 
		Username: 
		Host: example.com
		Port: 70
		Path: /
Canonicalizing with RFC 3986 rules...
	Result identical to WHATWG rules
Canonicalizing with RFC 2396 rules...
	Result identical to RFC 3986 rules
Base: http://example.org/foo/bar
Analyzing URL: ws:/example.com/
Parsing...
	Recoverable error found;
		Error: Expected a slash ("/")
		Position: 4
	Result:
		URL: ws://example.com/
		URL type: hierarchical
		Scheme: ws
		Scheme data: 
		Username: 
		Host: example.com
		Port: 80
		Path: /
Canonicalizing with RFC 3986 rules...
	Result identical to WHATWG rules
Canonicalizing with RFC 2396 rules...
	Result identical to RFC 3986 rules
Base: http://example.org/foo/bar
Analyzing URL: wss:/example.com/
Parsing...
	Recoverable error found;
		Error: Expected a slash ("/")
		Position: 5
	Result:
		URL: wss://example.com/
		URL type: hierarchical
		Scheme: wss
		Scheme data: 
		Username: 
		Host: example.com
		Port: 443
		Path: /
Canonicalizing with RFC 3986 rules...
	Result identical to WHATWG rules
Canonicalizing with RFC 2396 rules...
	Result identical to RFC 3986 rules
Base: http://example.org/foo/bar
Analyzing URL: data:/example.com/
Parsing...
	Result:
		URL: data:/example.com/
		URL type: opaque
		Scheme: data
		Scheme data: /example.com/
		Username: 
Canonicalizing with RFC 3986 rules...
	Result identical to WHATWG rules
Canonicalizing with RFC 2396 rules...
	Result identical to RFC 3986 rules
Base: http://example.org/foo/bar
Analyzing URL: javascript:/example.com/
Parsing...
	Result:
		URL: javascript:/example.com/
		URL type: opaque
		Scheme: javascript
		Scheme data: /example.com/
		Username: 
Canonicalizing with RFC 3986 rules...
	Result identical to WHATWG rules
Canonicalizing with RFC 2396 rules...
	Result identical to RFC 3986 rules
Base: http://example.org/foo/bar
Analyzing URL: mailto:/example.com/
Parsing...
	Result:
		URL: mailto:/example.com/
		URL type: opaque
		Scheme: mailto
		Scheme data: /example.com/
		Username: 
Canonicalizing with RFC 3986 rules...
	Result identical to WHATWG rules
Canonicalizing with RFC 2396 rules...
	Result identical to RFC 3986 rules
Base: http://example.org/foo/bar
Analyzing URL: http:example.com/
Parsing...
	Recoverable error found;
		Error: Relative scheme (http) is not followed by "://"
		Position: 5
	Result:
		URL: http://example.org/foo/example.com/
		URL type: hierarchical
		Scheme: http
		Scheme data: 
		Username: 
		Host: example.org
		Port: 80
		Path: /foo/example.com/
Canonicalizing with RFC 3986 rules...
	Result identical to WHATWG rules
Canonicalizing with RFC 2396 rules...
	Result identical to RFC 3986 rules
Base: http://example.org/foo/bar
Analyzing URL: ftp:example.com/
Parsing...
	Recoverable error found;
		Error: Expected a slash ("/")
		Position: 4
	Result:
		URL: ftp://example.com/
		URL type: hierarchical
		Scheme: ftp
		Scheme data: 
		Username: 
		Host: example.com
		Port: 21
		Path: /
Canonicalizing with RFC 3986 rules...
	Result identical to WHATWG rules
Canonicalizing with RFC 2396 rules...
	Result identical to RFC 3986 rules
Base: http://example.org/foo/bar
Analyzing URL: https:example.com/
Parsing...
	Recoverable error found;
		Error: Expected a slash ("/")
		Position: 6
	Result:
		URL: https://example.com/
		URL type: hierarchical
		Scheme: https
		Scheme data: 
		Username: 
		Host: example.com
		Port: 443
		Path: /
Canonicalizing with RFC 3986 rules...
	Result identical to WHATWG rules
Canonicalizing with RFC 2396 rules...
	Result identical to RFC 3986 rules
Base: http://example.org/foo/bar
Analyzing URL: madeupscheme:example.com/
Parsing...
	Result:
		URL: madeupscheme:example.com/
		URL type: opaque
		Scheme: madeupscheme
		Scheme data: example.com/
		Username: 
Canonicalizing with RFC 3986 rules...
	Result identical to WHATWG rules
Canonicalizing with RFC 2396 rules...
	Result identical to RFC 3986 rules
Base: http://example.org/foo/bar
Analyzing URL: ftps:example.com/
Parsing...
	Result:
		URL: ftps:example.com/
		URL type: opaque
		Scheme: ftps
		Scheme data: example.com/
		Username: 
Canonicalizing with RFC 3986 rules...
	Result identical to WHATWG rules
Canonicalizing with RFC 2396 rules...
	Result identical to RFC 3986 rules
Base: http://example.org/foo/bar
Analyzing URL: gopher:example.com/
Parsing...
	Recoverable error found;
		Error: Expected a slash ("/")
		Position: 7
	Result:
		URL: gopher://example.com/
		URL type: hierarchical
		Scheme: gopher
		Scheme data: 
		Username: 
		Host: example.com
		Port: 70
		Path: /
Canonicalizing with RFC 3986 rules...
	Result identical to WHATWG rules
Canonicalizing with RFC 2396 rules...
	Result identical to RFC 3986 rules
Base: http://example.org/foo/bar
Analyzing URL: ws:example.com/
Parsing...
	Recoverable error found;
		Error: Expected a slash ("/")
		Position: 3
	Result:
		URL: ws://example.com/
		URL type: hierarchical
		Scheme: ws
		Scheme data: 
		Username: 
		Host: example.com
		Port: 80
		Path: /
Canonicalizing with RFC 3986 rules...
	Result identical to WHATWG rules
Canonicalizing with RFC 2396 rules...
	Result identical to RFC 3986 rules
Base: http://example.org/foo/bar
Analyzing URL: wss:example.com/
Parsing...
	Recoverable error found;
		Error: Expected a slash ("/")
		Position: 4
	Result:
		URL: wss://example.com/
		URL type: hierarchical
		Scheme: wss
		Scheme data: 
		Username: 
		Host: example.com
		Port: 443
		Path: /
Canonicalizing with RFC 3986 rules...
	Result identical to WHATWG rules
Canonicalizing with RFC 2396 rules...
	Result identical to RFC 3986 rules
Base: http://example.org/foo/bar
Analyzing URL: data:example.com/
Parsing...
	Result:
		URL: data:example.com/
		URL type: opaque
		Scheme: data
		Scheme data: example.com/
		Username: 
Canonicalizing with RFC 3986 rules...
	Result identical to WHATWG rules
Canonicalizing with RFC 2396 rules...
	Result identical to RFC 3986 rules
Base: http://example.org/foo/bar
Analyzing URL: javascript:example.com/
Parsing...
	Result:
		URL: javascript:example.com/
		URL type: opaque
		Scheme: javascript
		Scheme data: example.com/
		Username: 
Canonicalizing with RFC 3986 rules...
	Result identical to WHATWG rules
Canonicalizing with RFC 2396 rules...
	Result identical to RFC 3986 rules
Base: http://example.org/foo/bar
Analyzing URL: mailto:example.com/
Parsing...
	Result:
		URL: mailto:example.com/
		URL type: opaque
		Scheme: mailto
		Scheme data: example.com/
		Username: 
Canonicalizing with RFC 3986 rules...
	Result identical to WHATWG rules
Canonicalizing with RFC 2396 rules...
	Result identical to RFC 3986 rules
Base: http://example.org/foo/bar
Analyzing URL: /a/b/c
Parsing...
	Result:
		URL: http://example.org/a/b/c
		URL type: hierarchical
		Scheme: http
		Scheme data: 
		Username: 
		Host: example.org
		Port: 80
		Path: /a/b/c
Canonicalizing with RFC 3986 rules...
	Result identical to WHATWG rules
Canonicalizing with RFC 2396 rules...
	Result identical to RFC 3986 rules
Base: http://example.org/foo/bar
Analyzing URL: /a/ /c
Parsing...
	Recoverable error found;
		Error: Illegal character in path segment: space is not allowed
		Position: 3
	Result:
		URL: http://example.org/a/%20/c
		URL type: hierarchical
		Scheme: http
		Scheme data: 
		Username: 
		Host: example.org
		Port: 80
		Path: /a/%20/c
Canonicalizing with RFC 3986 rules...
	Result identical to WHATWG rules
Canonicalizing with RFC 2396 rules...
	Result identical to RFC 3986 rules
Base: http://example.org/foo/bar
Analyzing URL: /a%2fc
Parsing...
	Result:
		URL: http://example.org/a%2Fc
		URL type: hierarchical
		Scheme: http
		Scheme data: 
		Username: 
		Host: example.org
		Port: 80
		Path: /a%2Fc
Canonicalizing with RFC 3986 rules...
	Result identical to WHATWG rules
Canonicalizing with RFC 2396 rules...
	Result identical to RFC 3986 rules
Base: http://example.org/foo/bar
Analyzing URL: /a/%2f/c
Parsing...
	Result:
		URL: http://example.org/a/%2F/c
		URL type: hierarchical
		Scheme: http
		Scheme data: 
		Username: 
		Host: example.org
		Port: 80
		Path: /a/%2F/c
Canonicalizing with RFC 3986 rules...
	Result identical to WHATWG rules
Canonicalizing with RFC 2396 rules...
	Result identical to RFC 3986 rules
Base: http://example.org/foo/bar
Analyzing URL: #β
Parsing...
	Result:
		URL: http://example.org/foo/bar#%CE%B2
		URL type: hierarchical
		Scheme: http
		Scheme data: 
		Username: 
		Host: example.org
		Port: 80
		Path: /foo/bar
		Fragment: %CE%B2
Canonicalizing with RFC 3986 rules...
	Result identical to WHATWG rules
Canonicalizing with RFC 2396 rules...
	Result identical to RFC 3986 rules
Base: http://example.org/foo/bar
Analyzing URL: data:text/html,test#test
Parsing...
	Result:
		URL: data:text/html,test#test
		URL type: opaque
		Scheme: data
		Scheme data: text/html,test
		Username: 
		Fragment: test
Canonicalizing with RFC 3986 rules...
	Result identical to WHATWG rules
Canonicalizing with RFC 2396 rules...
	Result identical to RFC 3986 rules
Base: http://example.org/foo/bar
Analyzing URL: file:c:\foo\bar.html
Parsing...
	Recoverable error found;
		Error: Backslash ("\") used as path segment delimiter
		Position: 7
	Recoverable error found;
		Error: Backslash ("\") used as path segment delimiter
		Position: 11
	Result:
		URL: file:///c:/foo/bar.html
		URL type: hierarchical
		Scheme: file
		Scheme data: 
		Username: 
		Path: /c:/foo/bar.html
Canonicalizing with RFC 3986 rules...
	Result identical to WHATWG rules
Canonicalizing with RFC 2396 rules...
	Result identical to RFC 3986 rules
Base: http://example.org/foo/bar
Analyzing URL:   File:c|////foo\bar.html
Parsing...
	Recoverable error found;
		Error: Illegal character in path segment: “|” is not allowed
		Position: 8
	Recoverable error found;
		Error: Backslash ("\") used as path segment delimiter
		Position: 16
	Result:
		URL: file:///c:////foo/bar.html
		URL type: hierarchical
		Scheme: file
		Scheme data: 
		Username: 
		Path: /c:////foo/bar.html
Canonicalizing with RFC 3986 rules...
	Result identical to WHATWG rules
Canonicalizing with RFC 2396 rules...
	Result identical to RFC 3986 rules
Base: http://example.org/foo/bar
Analyzing URL: C|/foo/bar
Parsing...
	Recoverable error found;
		Error: Illegal character in path segment: “|” is not allowed
		Position: 1
	Result:
		URL: http://example.org/foo/C|/foo/bar
		URL type: hierarchical
		Scheme: http
		Scheme data: 
		Username: 
		Host: example.org
		Port: 80
		Path: /foo/C|/foo/bar
Canonicalizing with RFC 3986 rules...
	Result:
		URL: http://example.org/foo/C|/foo/bar
		URL type: hierarchical
		Scheme: http
		Scheme data: 
		Username: 
		Host: example.org
		Port: 80
		Path: /foo/C|/foo/bar
Canonicalizing with RFC 2396 rules...
	Result identical to RFC 3986 rules
Base: http://example.org/foo/bar
Analyzing URL: /C|\foo\bar
Parsing...
	Recoverable error found;
		Error: Illegal character in path segment: “|” is not allowed
		Position: 2
	Recoverable error found;
		Error: Backslash ("\") used as path segment delimiter
		Position: 3
	Recoverable error found;
		Error: Backslash ("\") used as path segment delimiter
		Position: 7
	Result:
		URL: http://example.org/C|/foo/bar
		URL type: hierarchical
		Scheme: http
		Scheme data: 
		Username: 
		Host: example.org
		Port: 80
		Path: /C|/foo/bar
Canonicalizing with RFC 3986 rules...
	Result:
		URL: http://example.org/C|/foo/bar
		URL type: hierarchical
		Scheme: http
		Scheme data: 
		Username: 
		Host: example.org
		Port: 80
		Path: /C|/foo/bar
Canonicalizing with RFC 2396 rules...
	Result identical to RFC 3986 rules
Base: http://example.org/foo/bar
Analyzing URL: //C|/foo/bar
Parsing...
	Result:
		URL: http://c|/foo/bar
		URL type: hierarchical
		Scheme: http
		Scheme data: 
		Username: 
		Host: c|
		Port: 80
		Path: /foo/bar
Canonicalizing with RFC 3986 rules...
	Result identical to WHATWG rules
Canonicalizing with RFC 2396 rules...
	Result identical to RFC 3986 rules
Base: http://example.org/foo/bar
Analyzing URL: //server/file
Parsing...
	Result:
		URL: http://server/file
		URL type: hierarchical
		Scheme: http
		Scheme data: 
		Username: 
		Host: server
		Port: 80
		Path: /file
Canonicalizing with RFC 3986 rules...
	Result identical to WHATWG rules
Canonicalizing with RFC 2396 rules...
	Result identical to RFC 3986 rules
Base: http://example.org/foo/bar
Analyzing URL: \\server\file
Parsing...
	Recoverable error found;
		Error: Backslash ("\") used as path segment delimiter
		Position: 0
	Recoverable error found;
		Error: Backslash ("\") used as path segment delimiter
		Position: 1
	Recoverable error found;
		Error: Backslash ("\") used as path segment delimiter
		Position: 8
	Result:
		URL: http://server/file
		URL type: hierarchical
		Scheme: http
		Scheme data: 
		Username: 
		Host: server
		Port: 80
		Path: /file
Canonicalizing with RFC 3986 rules...
	Result identical to WHATWG rules
Canonicalizing with RFC 2396 rules...
	Result identical to RFC 3986 rules
Base: http://example.org/foo/bar
Analyzing URL: /\server/file
Parsing...
	Recoverable error found;
		Error: Backslash ("\") used as path segment delimiter
		Position: 1
	Result:
		URL: http://server/file
		URL type: hierarchical
		Scheme: http
		Scheme data: 
		Username: 
		Host: server
		Port: 80
		Path: /file
Canonicalizing with RFC 3986 rules...
	Result identical to WHATWG rules
Canonicalizing with RFC 2396 rules...
	Result identical to RFC 3986 rules
Base: http://example.org/foo/bar
Analyzing URL: file:///foo/bar.txt
Parsing...
	Result:
		URL: file:///foo/bar.txt
		URL type: hierarchical
		Scheme: file
		Scheme data: 
		Username: 
		Path: /foo/bar.txt
Canonicalizing with RFC 3986 rules...
	Result identical to WHATWG rules
Canonicalizing with RFC 2396 rules...
	Result identical to RFC 3986 rules
Base: http://example.org/foo/bar
Analyzing URL: file:///home/me
Parsing...
	Result:
		URL: file:///home/me
		URL type: hierarchical
		Scheme: file
		Scheme data: 
		Username: 
		Path: /home/me
Canonicalizing with RFC 3986 rules...
	Result identical to WHATWG rules
Canonicalizing with RFC 2396 rules...
	Result identical to RFC 3986 rules
Base: http://example.org/foo/bar
Analyzing URL: //
Parsing...
Parsing with WHATWG rules resulted in fatal error
		Error: Invalid host: empty host
		Position: 1
Base: http://example.org/foo/bar
Analyzing URL: ///
Parsing...
	Recoverable error found;
		Error: Unexpected slash or backslash
		Position: 2
Parsing with WHATWG rules resulted in fatal error
		Error: Invalid host: empty host
		Position: 2
Base: http://example.org/foo/bar
Analyzing URL: ///test
Parsing...
	Recoverable error found;
		Error: Unexpected slash or backslash
		Position: 2
	Result:
		URL: http://test/
		URL type: hierarchical
		Scheme: http
		Scheme data: 
		Username: 
		Host: test
		Port: 80
		Path: /
Canonicalizing with RFC 3986 rules...
	Result identical to WHATWG rules
Canonicalizing with RFC 2396 rules...
	Result identical to RFC 3986 rules
Base: http://example.org/foo/bar
Analyzing URL: file://test
Parsing...
	Result:
		URL: file://test/
		URL type: hierarchical
		Scheme: file
		Scheme data: 
		Username: 
		Host: test
		Path: /
Canonicalizing with RFC 3986 rules...
	Result identical to WHATWG rules
Canonicalizing with RFC 2396 rules...
	Result identical to RFC 3986 rules
Base: http://example.org/foo/bar
Analyzing URL: file://localhost
Parsing...
	Result:
		URL: file://localhost/
		URL type: hierarchical
		Scheme: file
		Scheme data: 
		Username: 
		Host: localhost
		Path: /
Canonicalizing with RFC 3986 rules...
	Result identical to WHATWG rules
Canonicalizing with RFC 2396 rules...
	Result identical to RFC 3986 rules
Base: http://example.org/foo/bar
Analyzing URL: file://localhost/
Parsing...
	Result:
		URL: file://localhost/
		URL type: hierarchical
		Scheme: file
		Scheme data: 
		Username: 
		Host: localhost
		Path: /
Canonicalizing with RFC 3986 rules...
	Result identical to WHATWG rules
Canonicalizing with RFC 2396 rules...
	Result identical to RFC 3986 rules
Base: http://example.org/foo/bar
Analyzing URL: file://localhost/test
Parsing...
	Result:
		URL: file://localhost/test
		URL type: hierarchical
		Scheme: file
		Scheme data: 
		Username: 
		Host: localhost
		Path: /test
Canonicalizing with RFC 3986 rules...
	Result identical to WHATWG rules
Canonicalizing with RFC 2396 rules...
	Result identical to RFC 3986 rules
Base: http://example.org/foo/bar
Analyzing URL: test
Parsing...
	Result:
		URL: http://example.org/foo/test
		URL type: hierarchical
		Scheme: http
		Scheme data: 
		Username: 
		Host: example.org
		Port: 80
		Path: /foo/test
Canonicalizing with RFC 3986 rules...
	Result identical to WHATWG rules
Canonicalizing with RFC 2396 rules...
	Result identical to RFC 3986 rules
Base: http://example.org/foo/bar
Analyzing URL: file:test
Parsing...
	Result:
		URL: file://example.org/foo/test
		URL type: hierarchical
		Scheme: file
		Scheme data: 
		Username: 
		Host: example.org
		Path: /foo/test
Canonicalizing with RFC 3986 rules...
	Result identical to WHATWG rules
Canonicalizing with RFC 2396 rules...
	Result identical to RFC 3986 rules
Base: http://example.org/foo/bar
Analyzing URL: file:///etc/fstab
Parsing...
	Result:
		URL: file:///etc/fstab
		URL type: hierarchical
		Scheme: file
		Scheme data: 
		Username: 
		Path: /etc/fstab
Canonicalizing with RFC 3986 rules...
	Result identical to WHATWG rules
Canonicalizing with RFC 2396 rules...
	Result identical to RFC 3986 rules
Base: http://example.org/foo/bar
Analyzing URL: file:////etc/fstab
Parsing...
	Result:
		URL: file:////etc/fstab
		URL type: hierarchical
		Scheme: file
		Scheme data: 
		Username: 
		Path: //etc/fstab
Canonicalizing with RFC 3986 rules...
	Result identical to WHATWG rules
Canonicalizing with RFC 2396 rules...
	Result identical to RFC 3986 rules
Base: http://example.org/foo/bar
Analyzing URL: file:///c:/WINDOWS/clock.avi
Parsing...
	Result:
		URL: file:///c:/WINDOWS/clock.avi
		URL type: hierarchical
		Scheme: file
		Scheme data: 
		Username: 
		Path: /c:/WINDOWS/clock.avi
Canonicalizing with RFC 3986 rules...
	Result identical to WHATWG rules
Canonicalizing with RFC 2396 rules...
	Result identical to RFC 3986 rules
Base: http://example.org/foo/bar
Analyzing URL: file:///c|/WINDOWS/clock.avi
Parsing...
	Recoverable error found;
		Error: Illegal character in path segment: “|” is not allowed
		Position: 9
	Result:
		URL: file:///c:/WINDOWS/clock.avi
		URL type: hierarchical
		Scheme: file
		Scheme data: 
		Username: 
		Path: /c:/WINDOWS/clock.avi
Canonicalizing with RFC 3986 rules...
	Result identical to WHATWG rules
Canonicalizing with RFC 2396 rules...
	Result identical to RFC 3986 rules
Base: http://example.org/foo/bar
Analyzing URL: file://[badhost]/etc/fstab
Parsing...
Parsing with WHATWG rules resulted in fatal error
		Error: Invalid host: Illegal character
		Position: 15
Base: http://example.org/foo/bar
Analyzing URL: file://localhost/c|/WINDOWS/clock.avi
Parsing...
	Recoverable error found;
		Error: Illegal character in path segment: “|” is not allowed
		Position: 18
	Result:
		URL: file://localhost/c:/WINDOWS/clock.avi
		URL type: hierarchical
		Scheme: file
		Scheme data: 
		Username: 
		Host: localhost
		Path: /c:/WINDOWS/clock.avi
Canonicalizing with RFC 3986 rules...
	Result identical to WHATWG rules
Canonicalizing with RFC 2396 rules...
	Result identical to RFC 3986 rules
Base: http://example.org/foo/bar
Analyzing URL: file://localhost/c:/WINDOWS/clock.avi
Parsing...
	Result:
		URL: file://localhost/c:/WINDOWS/clock.avi
		URL type: hierarchical
		Scheme: file
		Scheme data: 
		Username: 
		Host: localhost
		Path: /c:/WINDOWS/clock.avi
Canonicalizing with RFC 3986 rules...
	Result identical to WHATWG rules
Canonicalizing with RFC 2396 rules...
	Result identical to RFC 3986 rules
Base: http://example.org/foo/bar
Analyzing URL: http://example.com/././foo
Parsing...
	Result:
		URL: http://example.com/foo
		URL type: hierarchical
		Scheme: http
		Scheme data: 
		Username: 
		Host: example.com
		Port: 80
		Path: /foo
Canonicalizing with RFC 3986 rules...
	Result identical to WHATWG rules
Canonicalizing with RFC 2396 rules...
	Result identical to RFC 3986 rules
Base: http://example.org/foo/bar
Analyzing URL: http://example.com/./.foo
Parsing...
	Result:
		URL: http://example.com/.foo
		URL type: hierarchical
		Scheme: http
		Scheme data: 
		Username: 
		Host: example.com
		Port: 80
		Path: /.foo
Canonicalizing with RFC 3986 rules...
	Result identical to WHATWG rules
Canonicalizing with RFC 2396 rules...
	Result identical to RFC 3986 rules
Base: http://example.org/foo/bar
Analyzing URL: http://example.com/foo/.
Parsing...
	Result:
		URL: http://example.com/foo/
		URL type: hierarchical
		Scheme: http
		Scheme data: 
		Username: 
		Host: example.com
		Port: 80
		Path: /foo/
Canonicalizing with RFC 3986 rules...
	Result identical to WHATWG rules
Canonicalizing with RFC 2396 rules...
	Result identical to RFC 3986 rules
Base: http://example.org/foo/bar
Analyzing URL: http://example.com/foo/./
Parsing...
	Result:
		URL: http://example.com/foo/
		URL type: hierarchical
		Scheme: http
		Scheme data: 
		Username: 
		Host: example.com
		Port: 80
		Path: /foo/
Canonicalizing with RFC 3986 rules...
	Result identical to WHATWG rules
Canonicalizing with RFC 2396 rules...
	Result identical to RFC 3986 rules
Base: http://example.org/foo/bar
Analyzing URL: http://example.com/foo/bar/..
Parsing...
	Result:
		URL: http://example.com/foo/
		URL type: hierarchical
		Scheme: http
		Scheme data: 
		Username: 
		Host: example.com
		Port: 80
		Path: /foo/
Canonicalizing with RFC 3986 rules...
	Result identical to WHATWG rules
Canonicalizing with RFC 2396 rules...
	Result identical to RFC 3986 rules
Base: http://example.org/foo/bar
Analyzing URL: http://example.com/foo/bar/../
Parsing...
	Result:
		URL: http://example.com/foo/
		URL type: hierarchical
		Scheme: http
		Scheme data: 
		Username: 
		Host: example.com
		Port: 80
		Path: /foo/
Canonicalizing with RFC 3986 rules...
	Result identical to WHATWG rules
Canonicalizing with RFC 2396 rules...
	Result identical to RFC 3986 rules
Base: http://example.org/foo/bar
Analyzing URL: http://example.com/foo/..bar
Parsing...
	Result:
		URL: http://example.com/foo/..bar
		URL type: hierarchical
		Scheme: http
		Scheme data: 
		Username: 
		Host: example.com
		Port: 80
		Path: /foo/..bar
Canonicalizing with RFC 3986 rules...
	Result identical to WHATWG rules
Canonicalizing with RFC 2396 rules...
	Result identical to RFC 3986 rules
Base: http://example.org/foo/bar
Analyzing URL: http://example.com/foo/bar/../ton
Parsing...
	Result:
		URL: http://example.com/foo/ton
		URL type: hierarchical
		Scheme: http
		Scheme data: 
		Username: 
		Host: example.com
		Port: 80
		Path: /foo/ton
Canonicalizing with RFC 3986 rules...
	Result identical to WHATWG rules
Canonicalizing with RFC 2396 rules...
	Result identical to RFC 3986 rules
Base: http://example.org/foo/bar
Analyzing URL: http://example.com/foo/bar/../ton/../../a
Parsing...
	Result:
		URL: http://example.com/a
		URL type: hierarchical
		Scheme: http
		Scheme data: 
		Username: 
		Host: example.com
		Port: 80
		Path: /a
Canonicalizing with RFC 3986 rules...
	Result identical to WHATWG rules
Canonicalizing with RFC 2396 rules...
	Result identical to RFC 3986 rules
Base: http://example.org/foo/bar
Analyzing URL: http://example.com/foo/../../..
Parsing...
	Result:
		URL: http://example.com/
		URL type: hierarchical
		Scheme: http
		Scheme data: 
		Username: 
		Host: example.com
		Port: 80
		Path: /
Canonicalizing with RFC 3986 rules...
	Result identical to WHATWG rules
Canonicalizing with RFC 2396 rules...
	Result identical to RFC 3986 rules
Base: http://example.org/foo/bar
Analyzing URL: http://example.com/foo/../../../ton
Parsing...
	Result:
		URL: http://example.com/ton
		URL type: hierarchical
		Scheme: http
		Scheme data: 
		Username: 
		Host: example.com
		Port: 80
		Path: /ton
Canonicalizing with RFC 3986 rules...
	Result identical to WHATWG rules
Canonicalizing with RFC 2396 rules...
	Result identical to RFC 3986 rules
Base: http://example.org/foo/bar
Analyzing URL: http://example.com/foo/%2e
Parsing...
	Result:
		URL: http://example.com/foo/
		URL type: hierarchical
		Scheme: http
		Scheme data: 
		Username: 
		Host: example.com
		Port: 80
		Path: /foo/
Canonicalizing with RFC 3986 rules...
	Result identical to WHATWG rules
Canonicalizing with RFC 2396 rules...
	Result identical to RFC 3986 rules
Base: http://example.org/foo/bar
Analyzing URL: http://example.com/foo/%2e%2
Parsing...
	Recoverable error found;
		Error: Percentage ("%") is not followed by two hexadecimal digits
		Position: 26
	Result:
		URL: http://example.com/foo/%2E%2
		URL type: hierarchical
		Scheme: http
		Scheme data: 
		Username: 
		Host: example.com
		Port: 80
		Path: /foo/%2E%2
Canonicalizing with RFC 3986 rules...
	Result:
		URL: http://example.com/foo/%2E%2
		URL type: hierarchical
		Scheme: http
		Scheme data: 
		Username: 
		Host: example.com
		Port: 80
		Path: /foo/%2E%2
Canonicalizing with RFC 2396 rules...
	Result identical to RFC 3986 rules
Base: http://example.org/foo/bar
Analyzing URL: http://example.com/foo/%2e./%2e%2e/.%2e/%2e.bar
Parsing...
	Result:
		URL: http://example.com/%2E.bar
		URL type: hierarchical
		Scheme: http
		Scheme data: 
		Username: 
		Host: example.com
		Port: 80
		Path: /%2E.bar
Canonicalizing with RFC 3986 rules...
	Result identical to WHATWG rules
Canonicalizing with RFC 2396 rules...
	Result identical to RFC 3986 rules
Base: http://example.org/foo/bar
Analyzing URL: http://example.com////../..
Parsing...
	Result:
		URL: http://example.com//
		URL type: hierarchical
		Scheme: http
		Scheme data: 
		Username: 
		Host: example.com
		Port: 80
		Path: //
Canonicalizing with RFC 3986 rules...
	Result identical to WHATWG rules
Canonicalizing with RFC 2396 rules...
	Result identical to RFC 3986 rules
Base: http://example.org/foo/bar
Analyzing URL: http://example.com/foo/bar//../..
Parsing...
	Result:
		URL: http://example.com/foo/
		URL type: hierarchical
		Scheme: http
		Scheme data: 
		Username: 
		Host: example.com
		Port: 80
		Path: /foo/
Canonicalizing with RFC 3986 rules...
	Result identical to WHATWG rules
Canonicalizing with RFC 2396 rules...
	Result identical to RFC 3986 rules
Base: http://example.org/foo/bar
Analyzing URL: http://example.com/foo/bar//..
Parsing...
	Result:
		URL: http://example.com/foo/bar/
		URL type: hierarchical
		Scheme: http
		Scheme data: 
		Username: 
		Host: example.com
		Port: 80
		Path: /foo/bar/
Canonicalizing with RFC 3986 rules...
	Result identical to WHATWG rules
Canonicalizing with RFC 2396 rules...
	Result identical to RFC 3986 rules
Base: http://example.org/foo/bar
Analyzing URL: http://example.com/foo
Parsing...
	Result:
		URL: http://example.com/foo
		URL type: hierarchical
		Scheme: http
		Scheme data: 
		Username: 
		Host: example.com
		Port: 80
		Path: /foo
Canonicalizing with RFC 3986 rules...
	Result identical to WHATWG rules
Canonicalizing with RFC 2396 rules...
	Result identical to RFC 3986 rules
Base: http://example.org/foo/bar
Analyzing URL: http://example.com/%20foo
Parsing...
	Result:
		URL: http://example.com/%20foo
		URL type: hierarchical
		Scheme: http
		Scheme data: 
		Username: 
		Host: example.com
		Port: 80
		Path: /%20foo
Canonicalizing with RFC 3986 rules...
	Result identical to WHATWG rules
Canonicalizing with RFC 2396 rules...
	Result identical to RFC 3986 rules
Base: http://example.org/foo/bar
Analyzing URL: http://example.com/foo%
Parsing...
	Recoverable error found;
		Error: Percentage ("%") is not followed by two hexadecimal digits
		Position: 22
	Result:
		URL: http://example.com/foo%
		URL type: hierarchical
		Scheme: http
		Scheme data: 
		Username: 
		Host: example.com
		Port: 80
		Path: /foo%
Canonicalizing with RFC 3986 rules...
	Result:
		URL: http://example.com/foo%
		URL type: hierarchical
		Scheme: http
		Scheme data: 
		Username: 
		Host: example.com
		Port: 80
		Path: /foo%
Canonicalizing with RFC 2396 rules...
	Result identical to RFC 3986 rules
Base: http://example.org/foo/bar
Analyzing URL: http://example.com/foo%2
Parsing...
	Recoverable error found;
		Error: Percentage ("%") is not followed by two hexadecimal digits
		Position: 22
	Result:
		URL: http://example.com/foo%2
		URL type: hierarchical
		Scheme: http
		Scheme data: 
		Username: 
		Host: example.com
		Port: 80
		Path: /foo%2
Canonicalizing with RFC 3986 rules...
	Result:
		URL: http://example.com/foo%2
		URL type: hierarchical
		Scheme: http
		Scheme data: 
		Username: 
		Host: example.com
		Port: 80
		Path: /foo%2
Canonicalizing with RFC 2396 rules...
	Result identical to RFC 3986 rules
Base: http://example.org/foo/bar
Analyzing URL: http://example.com/foo%2zbar
Parsing...
	Recoverable error found;
		Error: Percentage ("%") is not followed by two hexadecimal digits
		Position: 22
	Result:
		URL: http://example.com/foo%2zbar
		URL type: hierarchical
		Scheme: http
		Scheme data: 
		Username: 
		Host: example.com
		Port: 80
		Path: /foo%2zbar
Canonicalizing with RFC 3986 rules...
	Result:
		URL: http://example.com/foo%2zbar
		URL type: hierarchical
		Scheme: http
		Scheme data: 
		Username: 
		Host: example.com
		Port: 80
		Path: /foo%2zbar
Canonicalizing with RFC 2396 rules...
	Result identical to RFC 3986 rules
Base: http://example.org/foo/bar
Analyzing URL: http://example.com/foo%2Â©zbar
Parsing...
	Recoverable error found;
		Error: Percentage ("%") is not followed by two hexadecimal digits
		Position: 22
	Result:
		URL: http://example.com/foo%2%C3%82%C2%A9zbar
		URL type: hierarchical
		Scheme: http
		Scheme data: 
		Username: 
		Host: example.com
		Port: 80
		Path: /foo%2%C3%82%C2%A9zbar
Canonicalizing with RFC 3986 rules...
	Result:
		URL: http://example.com/foo%2%C3%82%C2%A9zbar
		URL type: hierarchical
		Scheme: http
		Scheme data: 
		Username: 
		Host: example.com
		Port: 80
		Path: /foo%2%C3%82%C2%A9zbar
Canonicalizing with RFC 2396 rules...
	Result identical to RFC 3986 rules
Base: http://example.org/foo/bar
Analyzing URL: http://example.com/foo%41%7a
Parsing...
	Result:
		URL: http://example.com/foo%41%7A
		URL type: hierarchical
		Scheme: http
		Scheme data: 
		Username: 
		Host: example.com
		Port: 80
		Path: /foo%41%7A
Canonicalizing with RFC 3986 rules...
	Result identical to WHATWG rules
Canonicalizing with RFC 2396 rules...
	Result identical to RFC 3986 rules
Base: http://example.org/foo/bar
Analyzing URL: http://example.com/foo	%91
Parsing...
	Recoverable error found;
		Error: Tab, new line or carriage return found
		Position: 22
	Recoverable error found;
		Error: Illegal character in path segment: “” is not allowed
		Position: 23
	Result:
		URL: http://example.com/foo%C2%91%91
		URL type: hierarchical
		Scheme: http
		Scheme data: 
		Username: 
		Host: example.com
		Port: 80
		Path: /foo%C2%91%91
Canonicalizing with RFC 3986 rules...
	Result identical to WHATWG rules
Canonicalizing with RFC 2396 rules...
	Result identical to RFC 3986 rules
Base: http://example.org/foo/bar
Analyzing URL: http://example.com/foo%00%51
Parsing...
	Result:
		URL: http://example.com/foo%00%51
		URL type: hierarchical
		Scheme: http
		Scheme data: 
		Username: 
		Host: example.com
		Port: 80
		Path: /foo%00%51
Canonicalizing with RFC 3986 rules...
	Result identical to WHATWG rules
Canonicalizing with RFC 2396 rules...
	Result identical to RFC 3986 rules
Base: http://example.org/foo/bar
Analyzing URL: http://example.com/(%28:%3A%29)
Parsing...
	Result:
		URL: http://example.com/(%28:%3A%29)
		URL type: hierarchical
		Scheme: http
		Scheme data: 
		Username: 
		Host: example.com
		Port: 80
		Path: /(%28:%3A%29)
Canonicalizing with RFC 3986 rules...
	Result identical to WHATWG rules
Canonicalizing with RFC 2396 rules...
	Result identical to RFC 3986 rules
Base: http://example.org/foo/bar
Analyzing URL: http://example.com/%3A%3a%3C%3c
Parsing...
	Result:
		URL: http://example.com/%3A%3A%3C%3C
		URL type: hierarchical
		Scheme: http
		Scheme data: 
		Username: 
		Host: example.com
		Port: 80
		Path: /%3A%3A%3C%3C
Canonicalizing with RFC 3986 rules...
	Result identical to WHATWG rules
Canonicalizing with RFC 2396 rules...
	Result identical to RFC 3986 rules
Base: http://example.org/foo/bar
Analyzing URL: http://example.com/foo	bar
Parsing...
	Recoverable error found;
		Error: Tab, new line or carriage return found
		Position: 22
	Result:
		URL: http://example.com/foobar
		URL type: hierarchical
		Scheme: http
		Scheme data: 
		Username: 
		Host: example.com
		Port: 80
		Path: /foobar
Canonicalizing with RFC 3986 rules...
	Result identical to WHATWG rules
Canonicalizing with RFC 2396 rules...
	Result identical to RFC 3986 rules
Base: http://example.org/foo/bar
Analyzing URL: http://example.com\\foo\\bar
Parsing...
	Recoverable error found;
		Error: Backslash ("\") used as path segment delimiter
		Position: 18
	Recoverable error found;
		Error: Backslash ("\") used as path segment delimiter
		Position: 19
	Recoverable error found;
		Error: Backslash ("\") used as path segment delimiter
		Position: 23
	Recoverable error found;
		Error: Backslash ("\") used as path segment delimiter
		Position: 24
	Result:
		URL: http://example.com//foo//bar
		URL type: hierarchical
		Scheme: http
		Scheme data: 
		Username: 
		Host: example.com
		Port: 80
		Path: //foo//bar
Canonicalizing with RFC 3986 rules...
	Result identical to WHATWG rules
Canonicalizing with RFC 2396 rules...
	Result identical to RFC 3986 rules
Base: http://example.org/foo/bar
Analyzing URL: http://example.com/%7Ffp3%3Eju%3Dduvgw%3Dd
Parsing...
	Result:
		URL: http://example.com/%7Ffp3%3Eju%3Dduvgw%3Dd
		URL type: hierarchical
		Scheme: http
		Scheme data: 
		Username: 
		Host: example.com
		Port: 80
		Path: /%7Ffp3%3Eju%3Dduvgw%3Dd
Canonicalizing with RFC 3986 rules...
	Result identical to WHATWG rules
Canonicalizing with RFC 2396 rules...
	Result identical to RFC 3986 rules
Base: http://example.org/foo/bar
Analyzing URL: http://example.com/@asdf%40
Parsing...
	Result:
		URL: http://example.com/@asdf%40
		URL type: hierarchical
		Scheme: http
		Scheme data: 
		Username: 
		Host: example.com
		Port: 80
		Path: /@asdf%40
Canonicalizing with RFC 3986 rules...
	Result identical to WHATWG rules
Canonicalizing with RFC 2396 rules...
	Result identical to RFC 3986 rules
Base: http://example.org/foo/bar
Analyzing URL: http://example.com/你好你好
Parsing...
	Result:
		URL: http://example.com/%E4%BD%A0%E5%A5%BD%E4%BD%A0%E5%A5%BD
		URL type: hierarchical
		Scheme: http
		Scheme data: 
		Username: 
		Host: example.com
		Port: 80
		Path: /%E4%BD%A0%E5%A5%BD%E4%BD%A0%E5%A5%BD
Canonicalizing with RFC 3986 rules...
	Result identical to WHATWG rules
Canonicalizing with RFC 2396 rules...
	Result identical to RFC 3986 rules
Base: http://example.org/foo/bar
Analyzing URL: http://example.com/‥/foo
Parsing...
	Result:
		URL: http://example.com/%E2%80%A5/foo
		URL type: hierarchical
		Scheme: http
		Scheme data: 
		Username: 
		Host: example.com
		Port: 80
		Path: /%E2%80%A5/foo
Canonicalizing with RFC 3986 rules...
	Result identical to WHATWG rules
Canonicalizing with RFC 2396 rules...
	Result identical to RFC 3986 rules
Base: http://example.org/foo/bar
Analyzing URL: http://example.com/﻿/foo
Parsing...
	Result:
		URL: http://example.com/%EF%BB%BF/foo
		URL type: hierarchical
		Scheme: http
		Scheme data: 
		Username: 
		Host: example.com
		Port: 80
		Path: /%EF%BB%BF/foo
Canonicalizing with RFC 3986 rules...
	Result identical to WHATWG rules
Canonicalizing with RFC 2396 rules...
	Result identical to RFC 3986 rules
Base: http://example.org/foo/bar
Analyzing URL: http://example.com/‮/foo/‭/bar
Parsing...
	Result:
		URL: http://example.com/%E2%80%AE/foo/%E2%80%AD/bar
		URL type: hierarchical
		Scheme: http
		Scheme data: 
		Username: 
		Host: example.com
		Port: 80
		Path: /%E2%80%AE/foo/%E2%80%AD/bar
Canonicalizing with RFC 3986 rules...
	Result identical to WHATWG rules
Canonicalizing with RFC 2396 rules...
	Result identical to RFC 3986 rules
Base: http://example.org/foo/bar
Analyzing URL: http://www.google.com/foo?bar=baz#
Parsing...
	Result:
		URL: http://www.google.com/foo?bar=baz#
		URL type: hierarchical
		Scheme: http
		Scheme data: 
		Username: 
		Host: www.google.com
		Port: 80
		Path: /foo
		Query: bar=baz
		Fragment: 
Canonicalizing with RFC 3986 rules...
	Result identical to WHATWG rules
Canonicalizing with RFC 2396 rules...
	Result identical to RFC 3986 rules
Base: http://example.org/foo/bar
Analyzing URL: http://www.google.com/foo?bar=baz# »
Parsing...
	Recoverable error found;
		Error: Illegal character in fragment: space is not allowed
		Position: 34
	Result:
		URL: http://www.google.com/foo?bar=baz# %C2%BB
		URL type: hierarchical
		Scheme: http
		Scheme data: 
		Username: 
		Host: www.google.com
		Port: 80
		Path: /foo
		Query: bar=baz
		Fragment:  %C2%BB
Canonicalizing with RFC 3986 rules...
	Result:
		URL: http://www.google.com/foo?bar=baz# %C2%BB
		URL type: hierarchical
		Scheme: http
		Scheme data: 
		Username: 
		Host: www.google.com
		Port: 80
		Path: /foo
		Query: bar=baz
		Fragment:  %C2%BB
Canonicalizing with RFC 2396 rules...
	Result identical to RFC 3986 rules
Base: http://example.org/foo/bar
Analyzing URL: http://[www.google.com]/
Parsing...
Parsing with WHATWG rules resulted in fatal error
		Error: Invalid host: Illegal character
		Position: 22
Base: http://example.org/foo/bar
Analyzing URL: http://www.google.com
Parsing...
	Result:
		URL: http://www.google.com/
		URL type: hierarchical
		Scheme: http
		Scheme data: 
		Username: 
		Host: www.google.com
		Port: 80
		Path: /
Canonicalizing with RFC 3986 rules...
	Result identical to WHATWG rules
Canonicalizing with RFC 2396 rules...
	Result identical to RFC 3986 rules
Base: http://example.org/foo/bar
Analyzing URL: http://192.0x00A80001
Parsing...
	Result:
		URL: http://192.0x00a80001/
		URL type: hierarchical
		Scheme: http
		Scheme data: 
		Username: 
		Host: 192.0x00a80001
		Port: 80
		Path: /
Canonicalizing with RFC 3986 rules...
	Result identical to WHATWG rules
Canonicalizing with RFC 2396 rules...
	Result identical to RFC 3986 rules
Base: http://example.org/foo/bar
Analyzing URL: http://www/foo%2Ehtml
Parsing...
	Result:
		URL: http://www/foo%2Ehtml
		URL type: hierarchical
		Scheme: http
		Scheme data: 
		Username: 
		Host: www
		Port: 80
		Path: /foo%2Ehtml
Canonicalizing with RFC 3986 rules...
	Result identical to WHATWG rules
Canonicalizing with RFC 2396 rules...
	Result identical to RFC 3986 rules
Base: http://example.org/foo/bar
Analyzing URL: http://www/foo/%2E/html
Parsing...
	Result:
		URL: http://www/foo/html
		URL type: hierarchical
		Scheme: http
		Scheme data: 
		Username: 
		Host: www
		Port: 80
		Path: /foo/html
Canonicalizing with RFC 3986 rules...
	Result identical to WHATWG rules
Canonicalizing with RFC 2396 rules...
	Result identical to RFC 3986 rules
Base: http://example.org/foo/bar
Analyzing URL: http://user:pass@/
Parsing...
Parsing with WHATWG rules resulted in fatal error
		Error: Invalid host: empty host
		Position: 16
Base: http://example.org/foo/bar
Analyzing URL: http://%25DOMAIN:foobar@foodomain.com/
Parsing...
	Result:
		URL: http://%25DOMAIN:foobar@foodomain.com/
		URL type: hierarchical
		Scheme: http
		Scheme data: 
		Username: %25DOMAIN
		Password: foobar
		Host: foodomain.com
		Port: 80
		Path: /
Canonicalizing with RFC 3986 rules...
	Result identical to WHATWG rules
Canonicalizing with RFC 2396 rules...
	Result identical to RFC 3986 rules
Base: http://example.org/foo/bar
Analyzing URL: http:\\www.google.com\foo
Parsing...
	Recoverable error found;
		Error: Relative scheme (http) is not followed by "://"
		Position: 5
	Recoverable error found;
		Error: Backslash ("\") used as path segment delimiter
		Position: 5
	Recoverable error found;
		Error: Backslash ("\") used as path segment delimiter
		Position: 6
	Recoverable error found;
		Error: Backslash ("\") used as path segment delimiter
		Position: 21
	Result:
		URL: http://www.google.com/foo
		URL type: hierarchical
		Scheme: http
		Scheme data: 
		Username: 
		Host: www.google.com
		Port: 80
		Path: /foo
Canonicalizing with RFC 3986 rules...
	Result identical to WHATWG rules
Canonicalizing with RFC 2396 rules...
	Result identical to RFC 3986 rules
Base: http://example.org/foo/bar
Analyzing URL: http://foo:80/
Parsing...
	Result:
		URL: http://foo/
		URL type: hierarchical
		Scheme: http
		Scheme data: 
		Username: 
		Host: foo
		Port: 80
		Path: /
Canonicalizing with RFC 3986 rules...
	Result identical to WHATWG rules
Canonicalizing with RFC 2396 rules...
	Result identical to RFC 3986 rules
Base: http://example.org/foo/bar
Analyzing URL: http://foo:81/
Parsing...
	Result:
		URL: http://foo:81/
		URL type: hierarchical
		Scheme: http
		Scheme data: 
		Username: 
		Host: foo
		Port: 81
		Path: /
Canonicalizing with RFC 3986 rules...
	Result identical to WHATWG rules
Canonicalizing with RFC 2396 rules...
	Result identical to RFC 3986 rules
Base: http://example.org/foo/bar
Analyzing URL: httpa://foo:80/
Parsing...
	Result:
		URL: httpa://foo:80/
		URL type: opaque
		Scheme: httpa
		Scheme data: //foo:80/
		Username: 
Canonicalizing with RFC 3986 rules...
	Result identical to WHATWG rules
Canonicalizing with RFC 2396 rules...
	Result identical to RFC 3986 rules
Base: http://example.org/foo/bar
Analyzing URL: http://foo:-80/
Parsing...
Parsing with WHATWG rules resulted in fatal error
		Error: Illegal character in port: “-” is not allowed
		Position: 11
Base: http://example.org/foo/bar
Analyzing URL: https://foo:443/
Parsing...
	Result:
		URL: https://foo/
		URL type: hierarchical
		Scheme: https
		Scheme data: 
		Username: 
		Host: foo
		Port: 443
		Path: /
Canonicalizing with RFC 3986 rules...
	Result identical to WHATWG rules
Canonicalizing with RFC 2396 rules...
	Result identical to RFC 3986 rules
Base: http://example.org/foo/bar
Analyzing URL: https://foo:80/
Parsing...
	Result:
		URL: https://foo:80/
		URL type: hierarchical
		Scheme: https
		Scheme data: 
		Username: 
		Host: foo
		Port: 80
		Path: /
Canonicalizing with RFC 3986 rules...
	Result identical to WHATWG rules
Canonicalizing with RFC 2396 rules...
	Result identical to RFC 3986 rules
Base: http://example.org/foo/bar
Analyzing URL: ftp://foo:21/
Parsing...
	Result:
		URL: ftp://foo/
		URL type: hierarchical
		Scheme: ftp
		Scheme data: 
		Username: 
		Host: foo
		Port: 21
		Path: /
Canonicalizing with RFC 3986 rules...
	Result identical to WHATWG rules
Canonicalizing with RFC 2396 rules...
	Result identical to RFC 3986 rules
Base: http://example.org/foo/bar
Analyzing URL: ftp://foo:80/
Parsing...
	Result:
		URL: ftp://foo:80/
		URL type: hierarchical
		Scheme: ftp
		Scheme data: 
		Username: 
		Host: foo
		Port: 80
		Path: /
Canonicalizing with RFC 3986 rules...
	Result identical to WHATWG rules
Canonicalizing with RFC 2396 rules...
	Result identical to RFC 3986 rules
Base: http://example.org/foo/bar
Analyzing URL: gopher://foo:70/
Parsing...
	Result:
		URL: gopher://foo/
		URL type: hierarchical
		Scheme: gopher
		Scheme data: 
		Username: 
		Host: foo
		Port: 70
		Path: /
Canonicalizing with RFC 3986 rules...
	Result identical to WHATWG rules
Canonicalizing with RFC 2396 rules...
	Result identical to RFC 3986 rules
Base: http://example.org/foo/bar
Analyzing URL: gopher://foo:443/
Parsing...
	Result:
		URL: gopher://foo:443/
		URL type: hierarchical
		Scheme: gopher
		Scheme data: 
		Username: 
		Host: foo
		Port: 443
		Path: /
Canonicalizing with RFC 3986 rules...
	Result identical to WHATWG rules
Canonicalizing with RFC 2396 rules...
	Result identical to RFC 3986 rules
Base: http://example.org/foo/bar
Analyzing URL: ws://foo:80/
Parsing...
	Result:
		URL: ws://foo/
		URL type: hierarchical
		Scheme: ws
		Scheme data: 
		Username: 
		Host: foo
		Port: 80
		Path: /
Canonicalizing with RFC 3986 rules...
	Result identical to WHATWG rules
Canonicalizing with RFC 2396 rules...
	Result identical to RFC 3986 rules
Base: http://example.org/foo/bar
Analyzing URL: ws://foo:81/
Parsing...
	Result:
		URL: ws://foo:81/
		URL type: hierarchical
		Scheme: ws
		Scheme data: 
		Username: 
		Host: foo
		Port: 81
		Path: /
Canonicalizing with RFC 3986 rules...
	Result identical to WHATWG rules
Canonicalizing with RFC 2396 rules...
	Result identical to RFC 3986 rules
Base: http://example.org/foo/bar
Analyzing URL: ws://foo:443/
Parsing...
	Result:
		URL: ws://foo:443/
		URL type: hierarchical
		Scheme: ws
		Scheme data: 
		Username: 
		Host: foo
		Port: 443
		Path: /
Canonicalizing with RFC 3986 rules...
	Result identical to WHATWG rules
Canonicalizing with RFC 2396 rules...
	Result identical to RFC 3986 rules
Base: http://example.org/foo/bar
Analyzing URL: ws://foo:815/
Parsing...
	Result:
		URL: ws://foo:815/
		URL type: hierarchical
		Scheme: ws
		Scheme data: 
		Username: 
		Host: foo
		Port: 815
		Path: /
Canonicalizing with RFC 3986 rules...
	Result identical to WHATWG rules
Canonicalizing with RFC 2396 rules...
	Result identical to RFC 3986 rules
Base: http://example.org/foo/bar
Analyzing URL: wss://foo:80/
Parsing...
	Result:
		URL: wss://foo:80/
		URL type: hierarchical
		Scheme: wss
		Scheme data: 
		Username: 
		Host: foo
		Port: 80
		Path: /
Canonicalizing with RFC 3986 rules...
	Result identical to WHATWG rules
Canonicalizing with RFC 2396 rules...
	Result identical to RFC 3986 rules
Base: http://example.org/foo/bar
Analyzing URL: wss://foo:81/
Parsing...
	Result:
		URL: wss://foo:81/
		URL type: hierarchical
		Scheme: wss
		Scheme data: 
		Username: 
		Host: foo
		Port: 81
		Path: /
Canonicalizing with RFC 3986 rules...
	Result identical to WHATWG rules
Canonicalizing with RFC 2396 rules...
	Result identical to RFC 3986 rules
Base: http://example.org/foo/bar
Analyzing URL: wss://foo:443/
Parsing...
	Result:
		URL: wss://foo/
		URL type: hierarchical
		Scheme: wss
		Scheme data: 
		Username: 
		Host: foo
		Port: 443
		Path: /
Canonicalizing with RFC 3986 rules...
	Result identical to WHATWG rules
Canonicalizing with RFC 2396 rules...
	Result identical to RFC 3986 rules
Base: http://example.org/foo/bar
Analyzing URL: wss://foo:815/
Parsing...
	Result:
		URL: wss://foo:815/
		URL type: hierarchical
		Scheme: wss
		Scheme data: 
		Username: 
		Host: foo
		Port: 815
		Path: /
Canonicalizing with RFC 3986 rules...
	Result identical to WHATWG rules
Canonicalizing with RFC 2396 rules...
	Result identical to RFC 3986 rules
Base: http://example.org/foo/bar
Analyzing URL: http:/example.com/
Parsing...
	Recoverable error found;
		Error: Relative scheme (http) is not followed by "://"
		Position: 5
	Result:
		URL: http://example.org/example.com/
		URL type: hierarchical
		Scheme: http
		Scheme data: 
		Username: 
		Host: example.org
		Port: 80
		Path: /example.com/
Canonicalizing with RFC 3986 rules...
	Result identical to WHATWG rules
Canonicalizing with RFC 2396 rules...
	Result identical to RFC 3986 rules
Base: http://example.org/foo/bar
Analyzing URL: ftp:/example.com/
Parsing...
	Recoverable error found;
		Error: Expected a slash ("/")
		Position: 5
	Result:
		URL: ftp://example.com/
		URL type: hierarchical
		Scheme: ftp
		Scheme data: 
		Username: 
		Host: example.com
		Port: 21
		Path: /
Canonicalizing with RFC 3986 rules...
	Result identical to WHATWG rules
Canonicalizing with RFC 2396 rules...
	Result identical to RFC 3986 rules
Base: http://example.org/foo/bar
Analyzing URL: https:/example.com/
Parsing...
	Recoverable error found;
		Error: Expected a slash ("/")
		Position: 7
	Result:
		URL: https://example.com/
		URL type: hierarchical
		Scheme: https
		Scheme data: 
		Username: 
		Host: example.com
		Port: 443
		Path: /
Canonicalizing with RFC 3986 rules...
	Result identical to WHATWG rules
Canonicalizing with RFC 2396 rules...
	Result identical to RFC 3986 rules
Base: http://example.org/foo/bar
Analyzing URL: madeupscheme:/example.com/
Parsing...
	Result:
		URL: madeupscheme:/example.com/
		URL type: opaque
		Scheme: madeupscheme
		Scheme data: /example.com/
		Username: 
Canonicalizing with RFC 3986 rules...
	Result identical to WHATWG rules
Canonicalizing with RFC 2396 rules...
	Result identical to RFC 3986 rules
Base: http://example.org/foo/bar
Analyzing URL: file:/example.com/
Parsing...
	Result:
		URL: file:///example.com/
		URL type: hierarchical
		Scheme: file
		Scheme data: 
		Username: 
		Path: /example.com/
Canonicalizing with RFC 3986 rules...
	Result identical to WHATWG rules
Canonicalizing with RFC 2396 rules...
	Result identical to RFC 3986 rules
Base: http://example.org/foo/bar
Analyzing URL: ftps:/example.com/
Parsing...
	Result:
		URL: ftps:/example.com/
		URL type: opaque
		Scheme: ftps
		Scheme data: /example.com/
		Username: 
Canonicalizing with RFC 3986 rules...
	Result identical to WHATWG rules
Canonicalizing with RFC 2396 rules...
	Result identical to RFC 3986 rules
Base: http://example.org/foo/bar
Analyzing URL: gopher:/example.com/
Parsing...
	Recoverable error found;
		Error: Expected a slash ("/")
		Position: 8
	Result:
		URL: gopher://example.com/
		URL type: hierarchical
		Scheme: gopher
		Scheme data: 
		Username: 
		Host: example.com
		Port: 70
		Path: /
Canonicalizing with RFC 3986 rules...
	Result identical to WHATWG rules
Canonicalizing with RFC 2396 rules...
	Result identical to RFC 3986 rules
Base: http://example.org/foo/bar
Analyzing URL: ws:/example.com/
Parsing...
	Recoverable error found;
		Error: Expected a slash ("/")
		Position: 4
	Result:
		URL: ws://example.com/
		URL type: hierarchical
		Scheme: ws
		Scheme data: 
		Username: 
		Host: example.com
		Port: 80
		Path: /
Canonicalizing with RFC 3986 rules...
	Result identical to WHATWG rules
Canonicalizing with RFC 2396 rules...
	Result identical to RFC 3986 rules
Base: http://example.org/foo/bar
Analyzing URL: wss:/example.com/
Parsing...
	Recoverable error found;
		Error: Expected a slash ("/")
		Position: 5
	Result:
		URL: wss://example.com/
		URL type: hierarchical
		Scheme: wss
		Scheme data: 
		Username: 
		Host: example.com
		Port: 443
		Path: /
Canonicalizing with RFC 3986 rules...
	Result identical to WHATWG rules
Canonicalizing with RFC 2396 rules...
	Result identical to RFC 3986 rules
Base: http://example.org/foo/bar
Analyzing URL: data:/example.com/
Parsing...
	Result:
		URL: data:/example.com/
		URL type: opaque
		Scheme: data
		Scheme data: /example.com/
		Username: 
Canonicalizing with RFC 3986 rules...
	Result identical to WHATWG rules
Canonicalizing with RFC 2396 rules...
	Result identical to RFC 3986 rules
Base: http://example.org/foo/bar
Analyzing URL: javascript:/example.com/
Parsing...
	Result:
		URL: javascript:/example.com/
		URL type: opaque
		Scheme: javascript
		Scheme data: /example.com/
		Username: 
Canonicalizing with RFC 3986 rules...
	Result identical to WHATWG rules
Canonicalizing with RFC 2396 rules...
	Result identical to RFC 3986 rules
Base: http://example.org/foo/bar
Analyzing URL: mailto:/example.com/
Parsing...
	Result:
		URL: mailto:/example.com/
		URL type: opaque
		Scheme: mailto
		Scheme data: /example.com/
		Username: 
Canonicalizing with RFC 3986 rules...
	Result identical to WHATWG rules
Canonicalizing with RFC 2396 rules...
	Result identical to RFC 3986 rules
Base: http://example.org/foo/bar
Analyzing URL: http:example.com/
Parsing...
	Recoverable error found;
		Error: Relative scheme (http) is not followed by "://"
		Position: 5
	Result:
		URL: http://example.org/foo/example.com/
		URL type: hierarchical
		Scheme: http
		Scheme data: 
		Username: 
		Host: example.org
		Port: 80
		Path: /foo/example.com/
Canonicalizing with RFC 3986 rules...
	Result identical to WHATWG rules
Canonicalizing with RFC 2396 rules...
	Result identical to RFC 3986 rules
Base: http://example.org/foo/bar
Analyzing URL: ftp:example.com/
Parsing...
	Recoverable error found;
		Error: Expected a slash ("/")
		Position: 4
	Result:
		URL: ftp://example.com/
		URL type: hierarchical
		Scheme: ftp
		Scheme data: 
		Username: 
		Host: example.com
		Port: 21
		Path: /
Canonicalizing with RFC 3986 rules...
	Result identical to WHATWG rules
Canonicalizing with RFC 2396 rules...
	Result identical to RFC 3986 rules
Base: http://example.org/foo/bar
Analyzing URL: https:example.com/
Parsing...
	Recoverable error found;
		Error: Expected a slash ("/")
		Position: 6
	Result:
		URL: https://example.com/
		URL type: hierarchical
		Scheme: https
		Scheme data: 
		Username: 
		Host: example.com
		Port: 443
		Path: /
Canonicalizing with RFC 3986 rules...
	Result identical to WHATWG rules
Canonicalizing with RFC 2396 rules...
	Result identical to RFC 3986 rules
Base: http://example.org/foo/bar
Analyzing URL: madeupscheme:example.com/
Parsing...
	Result:
		URL: madeupscheme:example.com/
		URL type: opaque
		Scheme: madeupscheme
		Scheme data: example.com/
		Username: 
Canonicalizing with RFC 3986 rules...
	Result identical to WHATWG rules
Canonicalizing with RFC 2396 rules...
	Result identical to RFC 3986 rules
Base: http://example.org/foo/bar
Analyzing URL: ftps:example.com/
Parsing...
	Result:
		URL: ftps:example.com/
		URL type: opaque
		Scheme: ftps
		Scheme data: example.com/
		Username: 
Canonicalizing with RFC 3986 rules...
	Result identical to WHATWG rules
Canonicalizing with RFC 2396 rules...
	Result identical to RFC 3986 rules
Base: http://example.org/foo/bar
Analyzing URL: gopher:example.com/
Parsing...
	Recoverable error found;
		Error: Expected a slash ("/")
		Position: 7
	Result:
		URL: gopher://example.com/
		URL type: hierarchical
		Scheme: gopher
		Scheme data: 
		Username: 
		Host: example.com
		Port: 70
		Path: /
Canonicalizing with RFC 3986 rules...
	Result identical to WHATWG rules
Canonicalizing with RFC 2396 rules...
	Result identical to RFC 3986 rules
Base: http://example.org/foo/bar
Analyzing URL: ws:example.com/
Parsing...
	Recoverable error found;
		Error: Expected a slash ("/")
		Position: 3
	Result:
		URL: ws://example.com/
		URL type: hierarchical
		Scheme: ws
		Scheme data: 
		Username: 
		Host: example.com
		Port: 80
		Path: /
Canonicalizing with RFC 3986 rules...
	Result identical to WHATWG rules
Canonicalizing with RFC 2396 rules...
	Result identical to RFC 3986 rules
Base: http://example.org/foo/bar
Analyzing URL: wss:example.com/
Parsing...
	Recoverable error found;
		Error: Expected a slash ("/")
		Position: 4
	Result:
		URL: wss://example.com/
		URL type: hierarchical
		Scheme: wss
		Scheme data: 
		Username: 
		Host: example.com
		Port: 443
		Path: /
Canonicalizing with RFC 3986 rules...
	Result identical to WHATWG rules
Canonicalizing with RFC 2396 rules...
	Result identical to RFC 3986 rules
Base: http://example.org/foo/bar
Analyzing URL: data:example.com/
Parsing...
	Result:
		URL: data:example.com/
		URL type: opaque
		Scheme: data
		Scheme data: example.com/
		Username: 
Canonicalizing with RFC 3986 rules...
	Result identical to WHATWG rules
Canonicalizing with RFC 2396 rules...
	Result identical to RFC 3986 rules
Base: http://example.org/foo/bar
Analyzing URL: javascript:example.com/
Parsing...
	Result:
		URL: javascript:example.com/
		URL type: opaque
		Scheme: javascript
		Scheme data: example.com/
		Username: 
Canonicalizing with RFC 3986 rules...
	Result identical to WHATWG rules
Canonicalizing with RFC 2396 rules...
	Result identical to RFC 3986 rules
Base: http://example.org/foo/bar
Analyzing URL: mailto:example.com/
Parsing...
	Result:
		URL: mailto:example.com/
		URL type: opaque
		Scheme: mailto
		Scheme data: example.com/
		Username: 
Canonicalizing with RFC 3986 rules...
	Result identical to WHATWG rules
Canonicalizing with RFC 2396 rules...
	Result identical to RFC 3986 rules
Base: http://example.org/foo/bar
Analyzing URL: http:@www.example.com
Parsing...
	Recoverable error found;
		Error: Relative scheme (http) is not followed by "://"
		Position: 5
	Result:
		URL: http://example.org/foo/@www.example.com
		URL type: hierarchical
		Scheme: http
		Scheme data: 
		Username: 
		Host: example.org
		Port: 80
		Path: /foo/@www.example.com
Canonicalizing with RFC 3986 rules...
	Result identical to WHATWG rules
Canonicalizing with RFC 2396 rules...
	Result identical to RFC 3986 rules
Base: http://example.org/foo/bar
Analyzing URL: http:/@www.example.com
Parsing...
	Recoverable error found;
		Error: Relative scheme (http) is not followed by "://"
		Position: 5
	Result:
		URL: http://example.org/@www.example.com
		URL type: hierarchical
		Scheme: http
		Scheme data: 
		Username: 
		Host: example.org
		Port: 80
		Path: /@www.example.com
Canonicalizing with RFC 3986 rules...
	Result identical to WHATWG rules
Canonicalizing with RFC 2396 rules...
	Result identical to RFC 3986 rules
Base: http://example.org/foo/bar
Analyzing URL: http://@www.example.com
Parsing...
	Result:
		URL: http://www.example.com/
		URL type: hierarchical
		Scheme: http
		Scheme data: 
		Username: 
		Host: www.example.com
		Port: 80
		Path: /
Canonicalizing with RFC 3986 rules...
	Result identical to WHATWG rules
Canonicalizing with RFC 2396 rules...
	Result identical to RFC 3986 rules
Base: http://example.org/foo/bar
Analyzing URL: http:a:b@www.example.com
Parsing...
	Recoverable error found;
		Error: Relative scheme (http) is not followed by "://"
		Position: 5
	Result:
		URL: http://example.org/foo/a:b@www.example.com
		URL type: hierarchical
		Scheme: http
		Scheme data: 
		Username: 
		Host: example.org
		Port: 80
		Path: /foo/a:b@www.example.com
Canonicalizing with RFC 3986 rules...
	Result identical to WHATWG rules
Canonicalizing with RFC 2396 rules...
	Result identical to RFC 3986 rules
Base: http://example.org/foo/bar
Analyzing URL: http:/a:b@www.example.com
Parsing...
	Recoverable error found;
		Error: Relative scheme (http) is not followed by "://"
		Position: 5
	Result:
		URL: http://example.org/a:b@www.example.com
		URL type: hierarchical
		Scheme: http
		Scheme data: 
		Username: 
		Host: example.org
		Port: 80
		Path: /a:b@www.example.com
Canonicalizing with RFC 3986 rules...
	Result identical to WHATWG rules
Canonicalizing with RFC 2396 rules...
	Result identical to RFC 3986 rules
Base: http://example.org/foo/bar
Analyzing URL: http://a:b@www.example.com
Parsing...
	Result:
		URL: http://a:b@www.example.com/
		URL type: hierarchical
		Scheme: http
		Scheme data: 
		Username: a
		Password: b
		Host: www.example.com
		Port: 80
		Path: /
Canonicalizing with RFC 3986 rules...
	Result identical to WHATWG rules
Canonicalizing with RFC 2396 rules...
	Result identical to RFC 3986 rules
Base: http://example.org/foo/bar
Analyzing URL: http://@pple.com
Parsing...
	Result:
		URL: http://pple.com/
		URL type: hierarchical
		Scheme: http
		Scheme data: 
		Username: 
		Host: pple.com
		Port: 80
		Path: /
Canonicalizing with RFC 3986 rules...
	Result identical to WHATWG rules
Canonicalizing with RFC 2396 rules...
	Result identical to RFC 3986 rules
Base: http://example.org/foo/bar
Analyzing URL: http::b@www.example.com
Parsing...
	Recoverable error found;
		Error: Relative scheme (http) is not followed by "://"
		Position: 5
	Result:
		URL: http://example.org/foo/:b@www.example.com
		URL type: hierarchical
		Scheme: http
		Scheme data: 
		Username: 
		Host: example.org
		Port: 80
		Path: /foo/:b@www.example.com
Canonicalizing with RFC 3986 rules...
	Result identical to WHATWG rules
Canonicalizing with RFC 2396 rules...
	Result identical to RFC 3986 rules
Base: http://example.org/foo/bar
Analyzing URL: http:/:b@www.example.com
Parsing...
	Recoverable error found;
		Error: Relative scheme (http) is not followed by "://"
		Position: 5
	Result:
		URL: http://example.org/:b@www.example.com
		URL type: hierarchical
		Scheme: http
		Scheme data: 
		Username: 
		Host: example.org
		Port: 80
		Path: /:b@www.example.com
Canonicalizing with RFC 3986 rules...
	Result identical to WHATWG rules
Canonicalizing with RFC 2396 rules...
	Result identical to RFC 3986 rules
Base: http://example.org/foo/bar
Analyzing URL: http://:b@www.example.com
Parsing...
	Result:
		URL: http://:b@www.example.com/
		URL type: hierarchical
		Scheme: http
		Scheme data: 
		Username: 
		Password: b
		Host: www.example.com
		Port: 80
		Path: /
Canonicalizing with RFC 3986 rules...
	Result identical to WHATWG rules
Canonicalizing with RFC 2396 rules...
	Result identical to RFC 3986 rules
Base: http://example.org/foo/bar
Analyzing URL: http:/:@/www.example.com
Parsing...
	Recoverable error found;
		Error: Relative scheme (http) is not followed by "://"
		Position: 5
	Result:
		URL: http://example.org/:@/www.example.com
		URL type: hierarchical
		Scheme: http
		Scheme data: 
		Username: 
		Host: example.org
		Port: 80
		Path: /:@/www.example.com
Canonicalizing with RFC 3986 rules...
	Result identical to WHATWG rules
Canonicalizing with RFC 2396 rules...
	Result identical to RFC 3986 rules
Base: http://example.org/foo/bar
Analyzing URL: http://user@/www.example.com
Parsing...
Parsing with WHATWG rules resulted in fatal error
		Error: Invalid host: empty host
		Position: 11
Base: http://example.org/foo/bar
Analyzing URL: http:@/www.example.com
Parsing...
	Recoverable error found;
		Error: Relative scheme (http) is not followed by "://"
		Position: 5
	Result:
		URL: http://example.org/foo/@/www.example.com
		URL type: hierarchical
		Scheme: http
		Scheme data: 
		Username: 
		Host: example.org
		Port: 80
		Path: /foo/@/www.example.com
Canonicalizing with RFC 3986 rules...
	Result identical to WHATWG rules
Canonicalizing with RFC 2396 rules...
	Result identical to RFC 3986 rules
Base: http://example.org/foo/bar
Analyzing URL: http:/@/www.example.com
Parsing...
	Recoverable error found;
		Error: Relative scheme (http) is not followed by "://"
		Position: 5
	Result:
		URL: http://example.org/@/www.example.com
		URL type: hierarchical
		Scheme: http
		Scheme data: 
		Username: 
		Host: example.org
		Port: 80
		Path: /@/www.example.com
Canonicalizing with RFC 3986 rules...
	Result identical to WHATWG rules
Canonicalizing with RFC 2396 rules...
	Result identical to RFC 3986 rules
Base: http://example.org/foo/bar
Analyzing URL: http://@/www.example.com
Parsing...
Parsing with WHATWG rules resulted in fatal error
		Error: Invalid host: empty host
		Position: 7
Base: http://example.org/foo/bar
Analyzing URL: https:@/www.example.com
Parsing...
	Recoverable error found;
		Error: Expected a slash ("/")
		Position: 6
Parsing with WHATWG rules resulted in fatal error
		Error: Invalid host: empty host
		Position: 6
Base: http://example.org/foo/bar
Analyzing URL: http:a:b@/www.example.com
Parsing...
	Recoverable error found;
		Error: Relative scheme (http) is not followed by "://"
		Position: 5
	Result:
		URL: http://example.org/foo/a:b@/www.example.com
		URL type: hierarchical
		Scheme: http
		Scheme data: 
		Username: 
		Host: example.org
		Port: 80
		Path: /foo/a:b@/www.example.com
Canonicalizing with RFC 3986 rules...
	Result identical to WHATWG rules
Canonicalizing with RFC 2396 rules...
	Result identical to RFC 3986 rules
Base: http://example.org/foo/bar
Analyzing URL: http:/a:b@/www.example.com
Parsing...
	Recoverable error found;
		Error: Relative scheme (http) is not followed by "://"
		Position: 5
	Result:
		URL: http://example.org/a:b@/www.example.com
		URL type: hierarchical
		Scheme: http
		Scheme data: 
		Username: 
		Host: example.org
		Port: 80
		Path: /a:b@/www.example.com
Canonicalizing with RFC 3986 rules...
	Result identical to WHATWG rules
Canonicalizing with RFC 2396 rules...
	Result identical to RFC 3986 rules
Base: http://example.org/foo/bar
Analyzing URL: http://a:b@/www.example.com
Parsing...
Parsing with WHATWG rules resulted in fatal error
		Error: Invalid host: empty host
		Position: 10
Base: http://example.org/foo/bar
Analyzing URL: http::@/www.example.com
Parsing...
	Recoverable error found;
		Error: Relative scheme (http) is not followed by "://"
		Position: 5
	Result:
		URL: http://example.org/foo/:@/www.example.com
		URL type: hierarchical
		Scheme: http
		Scheme data: 
		Username: 
		Host: example.org
		Port: 80
		Path: /foo/:@/www.example.com
Canonicalizing with RFC 3986 rules...
	Result identical to WHATWG rules
Canonicalizing with RFC 2396 rules...
	Result identical to RFC 3986 rules
Base: http://example.org/foo/bar
Analyzing URL: http:a:@www.example.com
Parsing...
	Recoverable error found;
		Error: Relative scheme (http) is not followed by "://"
		Position: 5
	Result:
		URL: http://example.org/foo/a:@www.example.com
		URL type: hierarchical
		Scheme: http
		Scheme data: 
		Username: 
		Host: example.org
		Port: 80
		Path: /foo/a:@www.example.com
Canonicalizing with RFC 3986 rules...
	Result identical to WHATWG rules
Canonicalizing with RFC 2396 rules...
	Result identical to RFC 3986 rules
Base: http://example.org/foo/bar
Analyzing URL: http:/a:@www.example.com
Parsing...
	Recoverable error found;
		Error: Relative scheme (http) is not followed by "://"
		Position: 5
	Result:
		URL: http://example.org/a:@www.example.com
		URL type: hierarchical
		Scheme: http
		Scheme data: 
		Username: 
		Host: example.org
		Port: 80
		Path: /a:@www.example.com
Canonicalizing with RFC 3986 rules...
	Result identical to WHATWG rules
Canonicalizing with RFC 2396 rules...
	Result identical to RFC 3986 rules
Base: http://example.org/foo/bar
Analyzing URL: http://a:@www.example.com
Parsing...
	Result:
		URL: http://a:@www.example.com/
		URL type: hierarchical
		Scheme: http
		Scheme data: 
		Username: a
		Password: 
		Host: www.example.com
		Port: 80
		Path: /
Canonicalizing with RFC 3986 rules...
	Result identical to WHATWG rules
Canonicalizing with RFC 2396 rules...
	Result identical to RFC 3986 rules
Base: http://example.org/foo/bar
Analyzing URL: http://www.@pple.com
Parsing...
	Result:
		URL: http://www.@pple.com/
		URL type: hierarchical
		Scheme: http
		Scheme data: 
		Username: www.
		Host: pple.com
		Port: 80
		Path: /
Canonicalizing with RFC 3986 rules...
	Result identical to WHATWG rules
Canonicalizing with RFC 2396 rules...
	Result identical to RFC 3986 rules
Base: http://example.org/foo/bar
Analyzing URL: http:@:www.example.com
Parsing...
	Recoverable error found;
		Error: Relative scheme (http) is not followed by "://"
		Position: 5
	Result:
		URL: http://example.org/foo/@:www.example.com
		URL type: hierarchical
		Scheme: http
		Scheme data: 
		Username: 
		Host: example.org
		Port: 80
		Path: /foo/@:www.example.com
Canonicalizing with RFC 3986 rules...
	Result identical to WHATWG rules
Canonicalizing with RFC 2396 rules...
	Result identical to RFC 3986 rules
Base: http://example.org/foo/bar
Analyzing URL: http:/@:www.example.com
Parsing...
	Recoverable error found;
		Error: Relative scheme (http) is not followed by "://"
		Position: 5
	Result:
		URL: http://example.org/@:www.example.com
		URL type: hierarchical
		Scheme: http
		Scheme data: 
		Username: 
		Host: example.org
		Port: 80
		Path: /@:www.example.com
Canonicalizing with RFC 3986 rules...
	Result identical to WHATWG rules
Canonicalizing with RFC 2396 rules...
	Result identical to RFC 3986 rules
Base: http://example.org/foo/bar
Analyzing URL: http://@:www.example.com
Parsing...
Parsing with WHATWG rules resulted in fatal error
		Error: Invalid host: empty host
		Position: 8
Base: http://example.org/foo/bar
Analyzing URL: http://:@www.example.com
Parsing...
	Result:
		URL: http://:@www.example.com/
		URL type: hierarchical
		Scheme: http
		Scheme data: 
		Username: 
		Password: 
		Host: www.example.com
		Port: 80
		Path: /
Canonicalizing with RFC 3986 rules...
	Result identical to WHATWG rules
Canonicalizing with RFC 2396 rules...
	Result identical to RFC 3986 rules
Base: http://example.org/foo/bar
Analyzing URL: /
Parsing...
	Result:
		URL: http://example.org/
		URL type: hierarchical
		Scheme: http
		Scheme data: 
		Username: 
		Host: example.org
		Port: 80
		Path: /
Canonicalizing with RFC 3986 rules...
	Result identical to WHATWG rules
Canonicalizing with RFC 2396 rules...
	Result identical to RFC 3986 rules
Base: http://example.org/foo/bar
Analyzing URL: /test.txt
Parsing...
	Result:
		URL: http://example.org/test.txt
		URL type: hierarchical
		Scheme: http
		Scheme data: 
		Username: 
		Host: example.org
		Port: 80
		Path: /test.txt
Canonicalizing with RFC 3986 rules...
	Result identical to WHATWG rules
Canonicalizing with RFC 2396 rules...
	Result identical to RFC 3986 rules
Base: http://example.org/foo/bar
Analyzing URL: .
Parsing...
	Result:
		URL: http://example.org/foo/
		URL type: hierarchical
		Scheme: http
		Scheme data: 
		Username: 
		Host: example.org
		Port: 80
		Path: /foo/
Canonicalizing with RFC 3986 rules...
	Result identical to WHATWG rules
Canonicalizing with RFC 2396 rules...
	Result identical to RFC 3986 rules
Base: http://example.org/foo/bar
Analyzing URL: ..
Parsing...
	Result:
		URL: http://example.org/
		URL type: hierarchical
		Scheme: http
		Scheme data: 
		Username: 
		Host: example.org
		Port: 80
		Path: /
Canonicalizing with RFC 3986 rules...
	Result identical to WHATWG rules
Canonicalizing with RFC 2396 rules...
	Result identical to RFC 3986 rules
Base: http://example.org/foo/bar
Analyzing URL: test.txt
Parsing...
	Result:
		URL: http://example.org/foo/test.txt
		URL type: hierarchical
		Scheme: http
		Scheme data: 
		Username: 
		Host: example.org
		Port: 80
		Path: /foo/test.txt
Canonicalizing with RFC 3986 rules...
	Result identical to WHATWG rules
Canonicalizing with RFC 2396 rules...
	Result identical to RFC 3986 rules
Base: http://example.org/foo/bar
Analyzing URL: ./test.txt
Parsing...
	Result:
		URL: http://example.org/foo/test.txt
		URL type: hierarchical
		Scheme: http
		Scheme data: 
		Username: 
		Host: example.org
		Port: 80
		Path: /foo/test.txt
Canonicalizing with RFC 3986 rules...
	Result identical to WHATWG rules
Canonicalizing with RFC 2396 rules...
	Result identical to RFC 3986 rules
Base: http://example.org/foo/bar
Analyzing URL: ../test.txt
Parsing...
	Result:
		URL: http://example.org/test.txt
		URL type: hierarchical
		Scheme: http
		Scheme data: 
		Username: 
		Host: example.org
		Port: 80
		Path: /test.txt
Canonicalizing with RFC 3986 rules...
	Result identical to WHATWG rules
Canonicalizing with RFC 2396 rules...
	Result identical to RFC 3986 rules
Base: http://example.org/foo/bar
Analyzing URL: ../aaa/test.txt
Parsing...
	Result:
		URL: http://example.org/aaa/test.txt
		URL type: hierarchical
		Scheme: http
		Scheme data: 
		Username: 
		Host: example.org
		Port: 80
		Path: /aaa/test.txt
Canonicalizing with RFC 3986 rules...
	Result identical to WHATWG rules
Canonicalizing with RFC 2396 rules...
	Result identical to RFC 3986 rules
Base: http://example.org/foo/bar
Analyzing URL: ../../test.txt
Parsing...
	Result:
		URL: http://example.org/test.txt
		URL type: hierarchical
		Scheme: http
		Scheme data: 
		Username: 
		Host: example.org
		Port: 80
		Path: /test.txt
Canonicalizing with RFC 3986 rules...
	Result identical to WHATWG rules
Canonicalizing with RFC 2396 rules...
	Result identical to RFC 3986 rules
Base: http://example.org/foo/bar
Analyzing URL: 中/test.txt
Parsing...
	Result:
		URL: http://example.org/foo/%E4%B8%AD/test.txt
		URL type: hierarchical
		Scheme: http
		Scheme data: 
		Username: 
		Host: example.org
		Port: 80
		Path: /foo/%E4%B8%AD/test.txt
Canonicalizing with RFC 3986 rules...
	Result identical to WHATWG rules
Canonicalizing with RFC 2396 rules...
	Result identical to RFC 3986 rules
Base: http://example.org/foo/bar
Analyzing URL: http://www.example2.com
Parsing...
	Result:
		URL: http://www.example2.com/
		URL type: hierarchical
		Scheme: http
		Scheme data: 
		Username: 
		Host: www.example2.com
		Port: 80
		Path: /
Canonicalizing with RFC 3986 rules...
	Result identical to WHATWG rules
Canonicalizing with RFC 2396 rules...
	Result identical to RFC 3986 rules
Base: http://example.org/foo/bar
Analyzing URL: http://example.com/#hello, world
Parsing...
	Recoverable error found;
		Error: Illegal character in fragment: space is not allowed
		Position: 26
	Result:
		URL: http://example.com/#hello, world
		URL type: hierarchical
		Scheme: http
		Scheme data: 
		Username: 
		Host: example.com
		Port: 80
		Path: /
		Fragment: hello, world
Canonicalizing with RFC 3986 rules...
	Result:
		URL: http://example.com/#hello, world
		URL type: hierarchical
		Scheme: http
		Scheme data: 
		Username: 
		Host: example.com
		Port: 80
		Path: /
		Fragment: hello, world
Canonicalizing with RFC 2396 rules...
	Result identical to RFC 3986 rules
Base: http://example.org/foo/bar
Analyzing URL: http://www.google.com:80/example?language[id]=2
Parsing...
	Recoverable error found;
		Error: Illegal character in query: “[” is not allowed
		Position: 41
	Recoverable error found;
		Error: Illegal character in query: “]” is not allowed
		Position: 44
	Result:
		URL: http://www.google.com/example?language[id]=2
		URL type: hierarchical
		Scheme: http
		Scheme data: 
		Username: 
		Host: www.google.com
		Port: 80
		Path: /example
		Query: language[id]=2
Canonicalizing with RFC 3986 rules...
	Result:
		URL: http://www.google.com/example?language[id]=2
		URL type: hierarchical
		Scheme: http
		Scheme data: 
		Username: 
		Host: www.google.com
		Port: 80
		Path: /example
		Query: language[id]=2
Canonicalizing with RFC 2396 rules...
	Result identical to RFC 3986 rules
Base: http://example.org/foo/bar
Analyzing URL: HTTP://localhost/foo?bar=baz#quux
Parsing...
	Result:
		URL: http://localhost/foo?bar=baz#quux
		URL type: hierarchical
		Scheme: http
		Scheme data: 
		Username: 
		Host: localhost
		Port: 80
		Path: /foo
		Query: bar=baz
		Fragment: quux
Canonicalizing with RFC 3986 rules...
	Result identical to WHATWG rules
Canonicalizing with RFC 2396 rules...
	Result identical to RFC 3986 rules
Base: http://example.org/foo/bar
Analyzing URL: http://LOCALHOST/foo?bar=baz#quux
Parsing...
	Result:
		URL: http://localhost/foo?bar=baz#quux
		URL type: hierarchical
		Scheme: http
		Scheme data: 
		Username: 
		Host: localhost
		Port: 80
		Path: /foo
		Query: bar=baz
		Fragment: quux
Canonicalizing with RFC 3986 rules...
	Result identical to WHATWG rules
Canonicalizing with RFC 2396 rules...
	Result identical to RFC 3986 rules
Base: http://example.org/foo/bar
Analyzing URL: http://localhost/FOO?bar=baz#quux
Parsing...
	Result:
		URL: http://localhost/FOO?bar=baz#quux
		URL type: hierarchical
		Scheme: http
		Scheme data: 
		Username: 
		Host: localhost
		Port: 80
		Path: /FOO
		Query: bar=baz
		Fragment: quux
Canonicalizing with RFC 3986 rules...
	Result identical to WHATWG rules
Canonicalizing with RFC 2396 rules...
	Result identical to RFC 3986 rules
Base: http://example.org/foo/bar
Analyzing URL: http://localhost/foo?BAR=BAZ#quux
Parsing...
	Result:
		URL: http://localhost/foo?BAR=BAZ#quux
		URL type: hierarchical
		Scheme: http
		Scheme data: 
		Username: 
		Host: localhost
		Port: 80
		Path: /foo
		Query: BAR=BAZ
		Fragment: quux
Canonicalizing with RFC 3986 rules...
	Result identical to WHATWG rules
Canonicalizing with RFC 2396 rules...
	Result identical to RFC 3986 rules
Base: http://example.org/foo/bar
Analyzing URL: http://localhost/foo?bar=baz#QUUX
Parsing...
	Result:
		URL: http://localhost/foo?bar=baz#QUUX
		URL type: hierarchical
		Scheme: http
		Scheme data: 
		Username: 
		Host: localhost
		Port: 80
		Path: /foo
		Query: bar=baz
		Fragment: QUUX
Canonicalizing with RFC 3986 rules...
	Result identical to WHATWG rules
Canonicalizing with RFC 2396 rules...
	Result identical to RFC 3986 rules
Base: http://example.org/foo/bar
Analyzing URL: http://example.com/𐐀
Parsing...
	Result:
		URL: http://example.com/%F0%90%90%80
		URL type: hierarchical
		Scheme: http
		Scheme data: 
		Username: 
		Host: example.com
		Port: 80
		Path: /%F0%90%90%80
Canonicalizing with RFC 3986 rules...
	Result identical to WHATWG rules
Canonicalizing with RFC 2396 rules...
	Result identical to RFC 3986 rules
Base: http://example.org/foo/bar
Analyzing URL: http://example.com/🐵
Parsing...
	Result:
		URL: http://example.com/%F0%9F%90%B5
		URL type: hierarchical
		Scheme: http
		Scheme data: 
		Username: 
		Host: example.com
		Port: 80
		Path: /%F0%9F%90%B5
Canonicalizing with RFC 3986 rules...
	Result identical to WHATWG rules
Canonicalizing with RFC 2396 rules...
	Result identical to RFC 3986 rules
Base: http://example.org/foo/bar
Analyzing URL: http://example.com/~user
Parsing...
	Result:
		URL: http://example.com/~user
		URL type: hierarchical
		Scheme: http
		Scheme data: 
		Username: 
		Host: example.com
		Port: 80
		Path: /~user
Canonicalizing with RFC 3986 rules...
	Result identical to WHATWG rules
Canonicalizing with RFC 2396 rules...
	Result:
		URL: http://example.com/~user
		URL type: hierarchical
		Scheme: http
		Scheme data: 
		Username: 
		Host: example.com
		Port: 80
		Path: /~user
Base: http://example.org/foo/bar
Analyzing URL: http://example.com/^{}|[]`
Parsing...
	Recoverable error found;
		Error: Illegal character in path segment: “^” is not allowed
		Position: 19
	Recoverable error found;
		Error: Illegal character in path segment: “{” is not allowed
		Position: 20
	Recoverable error found;
		Error: Illegal character in path segment: “}” is not allowed
		Position: 21
	Recoverable error found;
		Error: Illegal character in path segment: “|” is not allowed
		Position: 22
	Recoverable error found;
		Error: Illegal character in path segment: “[” is not allowed
		Position: 23
	Recoverable error found;
		Error: Illegal character in path segment: “]” is not allowed
		Position: 24
	Recoverable error found;
		Error: Illegal character in path segment: “`” is not allowed
		Position: 25
	Result:
		URL: http://example.com/^{}|[]%60
		URL type: hierarchical
		Scheme: http
		Scheme data: 
		Username: 
		Host: example.com
		Port: 80
		Path: /^{}|[]%60
Canonicalizing with RFC 3986 rules...
	Result:
		URL: http://example.com/^{}|[]%60
		URL type: hierarchical
		Scheme: http
		Scheme data: 
		Username: 
		Host: example.com
		Port: 80
		Path: /^{}|[]%60
Canonicalizing with RFC 2396 rules...
	Result identical to RFC 3986 rules
Base: http://example.org/foo/bar
Analyzing URL: http://example.com/?^{}|[]`
Parsing...
	Recoverable error found;
		Error: Illegal character in query: “^” is not allowed
		Position: 20
	Recoverable error found;
		Error: Illegal character in query: “{” is not allowed
		Position: 21
	Recoverable error found;
		Error: Illegal character in query: “}” is not allowed
		Position: 22
	Recoverable error found;
		Error: Illegal character in query: “|” is not allowed
		Position: 23
	Recoverable error found;
		Error: Illegal character in query: “[” is not allowed
		Position: 24
	Recoverable error found;
		Error: Illegal character in query: “]” is not allowed
		Position: 25
	Recoverable error found;
		Error: Illegal character in query: “`” is not allowed
		Position: 26
	Result:
		URL: http://example.com/?^{}|[]%60
		URL type: hierarchical
		Scheme: http
		Scheme data: 
		Username: 
		Host: example.com
		Port: 80
		Path: /
		Query: ^{}|[]%60
Canonicalizing with RFC 3986 rules...
	Result:
		URL: http://example.com/?^{}|[]%60
		URL type: hierarchical
		Scheme: http
		Scheme data: 
		Username: 
		Host: example.com
		Port: 80
		Path: /
		Query: ^{}|[]%60
Canonicalizing with RFC 2396 rules...
	Result identical to RFC 3986 rules
Base: http://example.org/foo/bar
Analyzing URL: http://example.com/#^{}|[]`
Parsing...
	Recoverable error found;
		Error: Illegal character in fragment: “^” is not allowed
		Position: 20
	Recoverable error found;
		Error: Illegal character in fragment: “{” is not allowed
		Position: 21
	Recoverable error found;
		Error: Illegal character in fragment: “}” is not allowed
		Position: 22
	Recoverable error found;
		Error: Illegal character in fragment: “|” is not allowed
		Position: 23
	Recoverable error found;
		Error: Illegal character in fragment: “[” is not allowed
		Position: 24
	Recoverable error found;
		Error: Illegal character in fragment: “]” is not allowed
		Position: 25
	Recoverable error found;
		Error: Illegal character in fragment: “`” is not allowed
		Position: 26
	Result:
		URL: http://example.com/#^{}|[]`
		URL type: hierarchical
		Scheme: http
		Scheme data: 
		Username: 
		Host: example.com
		Port: 80
		Path: /
		Fragment: ^{}|[]`
Canonicalizing with RFC 3986 rules...
	Result:
		URL: http://example.com/#^{}|[]`
		URL type: hierarchical
		Scheme: http
		Scheme data: 
		Username: 
		Host: example.com
		Port: 80
		Path: /
		Fragment: ^{}|[]`
Canonicalizing with RFC 2396 rules...
	Result identical to RFC 3986 rules
Base: http://example.org/foo/bar
Analyzing URL: data:foo
Parsing...
	Result:
		URL: data:foo
		URL type: opaque
		Scheme: data
		Scheme data: foo
		Username: 
Canonicalizing with RFC 3986 rules...
	Result identical to WHATWG rules
Canonicalizing with RFC 2396 rules...
	Result identical to RFC 3986 rules
Base: http://example.org/foo/bar
Analyzing URL: data:%6a
Parsing...
	Result:
		URL: data:%6A
		URL type: opaque
		Scheme: data
		Scheme data: %6A
		Username: 
Canonicalizing with RFC 3986 rules...
	Result identical to WHATWG rules
Canonicalizing with RFC 2396 rules...
	Result identical to RFC 3986 rules
Base: http://example.org/foo/bar
Analyzing URL: data: a
Parsing...
	Recoverable error found;
		Error: Illegal character in scheme data: space is not allowed
		Position: 5
	Result:
		URL: data: a
		URL type: opaque
		Scheme: data
		Scheme data:  a
		Username: 
Canonicalizing with RFC 3986 rules...
	Result identical to WHATWG rules
Canonicalizing with RFC 2396 rules...
	Result identical to RFC 3986 rules
Base: http://example.org/foo/bar
Analyzing URL: javascript: text(); bar();
Parsing...
	Recoverable error found;
		Error: Illegal character in scheme data: space is not allowed
		Position: 11
	Recoverable error found;
		Error: Illegal character in scheme data: space is not allowed
		Position: 19
	Result:
		URL: javascript: text(); bar();
		URL type: opaque
		Scheme: javascript
		Scheme data:  text(); bar();
		Username: 
Canonicalizing with RFC 3986 rules...
	Result identical to WHATWG rules
Canonicalizing with RFC 2396 rules...
	Result identical to RFC 3986 rules
Base: http://example.org/foo/bar
Analyzing URL: aaa://host.example.com:1813;transport=udp;protocol=rad
Parsing...
	Result:
		URL: aaa://host.example.com:1813;transport=udp;protocol=rad
		URL type: opaque
		Scheme: aaa
		Scheme data: //host.example.com:1813;transport=udp;protocol=rad
		Username: 
Canonicalizing with RFC 3986 rules...
	Result identical to WHATWG rules
Canonicalizing with RFC 2396 rules...
	Result identical to RFC 3986 rules
Base: http://example.org/foo/bar
Analyzing URL: about:blank
Parsing...
	Result:
		URL: about:blank
		URL type: opaque
		Scheme: about
		Scheme data: blank
		Username: 
Canonicalizing with RFC 3986 rules...
	Result identical to WHATWG rules
Canonicalizing with RFC 2396 rules...
	Result identical to RFC 3986 rules
Base: http://example.org/foo/bar
Analyzing URL: adiumxtra://www.adiumxtras.com/download/0000
Parsing...
	Result:
		URL: adiumxtra://www.adiumxtras.com/download/0000
		URL type: opaque
		Scheme: adiumxtra
		Scheme data: //www.adiumxtras.com/download/0000
		Username: 
Canonicalizing with RFC 3986 rules...
	Result identical to WHATWG rules
Canonicalizing with RFC 2396 rules...
	Result identical to RFC 3986 rules
Base: http://example.org/foo/bar
Analyzing URL: aim:goim?screenname=notarealuser&message=This+is+my+message
Parsing...
	Result:
		URL: aim:goim?screenname=notarealuser&message=This+is+my+message
		URL type: opaque
		Scheme: aim
		Scheme data: goim
		Username: 
		Query: screenname=notarealuser&message=This+is+my+message
Canonicalizing with RFC 3986 rules...
	Result identical to WHATWG rules
Canonicalizing with RFC 2396 rules...
	Result identical to RFC 3986 rules
Base: http://example.org/foo/bar
Analyzing URL: apt:gcc
Parsing...
	Result:
		URL: apt:gcc
		URL type: opaque
		Scheme: apt
		Scheme data: gcc
		Username: 
Canonicalizing with RFC 3986 rules...
	Result identical to WHATWG rules
Canonicalizing with RFC 2396 rules...
	Result identical to RFC 3986 rules
Base: http://example.org/foo/bar
Analyzing URL: callto:+34600800900
Parsing...
	Result:
		URL: callto:+34600800900
		URL type: opaque
		Scheme: callto
		Scheme data: +34600800900
		Username: 
Canonicalizing with RFC 3986 rules...
	Result identical to WHATWG rules
Canonicalizing with RFC 2396 rules...
	Result identical to RFC 3986 rules
Base: http://example.org/foo/bar
Analyzing URL: feed:https://example.com/rss.xml
Parsing...
	Result:
		URL: feed:https://example.com/rss.xml
		URL type: opaque
		Scheme: feed
		Scheme data: https://example.com/rss.xml
		Username: 
Canonicalizing with RFC 3986 rules...
	Result identical to WHATWG rules
Canonicalizing with RFC 2396 rules...
	Result identical to RFC 3986 rules
Base: http://example.org/foo/bar
Analyzing URL: ed2k://|file|The_Two_Towers-The_Purist_Edit-Trailer.avi|14997504|965c013e991ee246d63d45ea71954c4d|/|sources,202.89.123.6:4662|/
Parsing...
	Recoverable error found;
		Error: Illegal character in scheme data: “|” is not allowed
		Position: 7
	Recoverable error found;
		Error: Illegal character in scheme data: “|” is not allowed
		Position: 12
	Recoverable error found;
		Error: Illegal character in scheme data: “|” is not allowed
		Position: 55
	Recoverable error found;
		Error: Illegal character in scheme data: “|” is not allowed
		Position: 64
	Recoverable error found;
		Error: Illegal character in scheme data: “|” is not allowed
		Position: 97
	Recoverable error found;
		Error: Illegal character in scheme data: “|” is not allowed
		Position: 99
	Recoverable error found;
		Error: Illegal character in scheme data: “|” is not allowed
		Position: 125
	Result:
		URL: ed2k://|file|The_Two_Towers-The_Purist_Edit-Trailer.avi|14997504|965c013e991ee246d63d45ea71954c4d|/|sources,202.89.123.6:4662|/
		URL type: opaque
		Scheme: ed2k
		Scheme data: //|file|The_Two_Towers-The_Purist_Edit-Trailer.avi|14997504|965c013e991ee246d63d45ea71954c4d|/|sources,202.89.123.6:4662|/
		Username: 
Canonicalizing with RFC 3986 rules...
	Result identical to WHATWG rules
Canonicalizing with RFC 2396 rules...
	Result identical to RFC 3986 rules
Base: http://example.org/foo/bar
Analyzing URL: magnet:?xt=urn:sha1:YNCKHTQCWBTRNJIV4WNAE52SJUQCZO5C
Parsing...
	Result:
		URL: magnet:?xt=urn:sha1:YNCKHTQCWBTRNJIV4WNAE52SJUQCZO5C
		URL type: opaque
		Scheme: magnet
		Scheme data: 
		Username: 
		Query: xt=urn:sha1:YNCKHTQCWBTRNJIV4WNAE52SJUQCZO5C
Canonicalizing with RFC 3986 rules...
	Result identical to WHATWG rules
Canonicalizing with RFC 2396 rules...
	Result identical to RFC 3986 rules
Base: http://example.org/foo/bar
Analyzing URL: mailto:user@example.com
Parsing...
	Result:
		URL: mailto:user@example.com
		URL type: opaque
		Scheme: mailto
		Scheme data: user@example.com
		Username: 
Canonicalizing with RFC 3986 rules...
	Result identical to WHATWG rules
Canonicalizing with RFC 2396 rules...
	Result identical to RFC 3986 rules
Base: http://example.org/foo/bar
Analyzing URL: http://foo:💩@example.com/bar
Parsing...
	Recoverable error found;
		Error: Illegal character in user or password: “💩” is not allowed
		Position: 13
	Result:
		URL: http://foo:%F0%9F%92%A9@example.com/bar
		URL type: hierarchical
		Scheme: http
		Scheme data: 
		Username: foo
		Password: %F0%9F%92%A9
		Host: example.com
		Port: 80
		Path: /bar
Canonicalizing with RFC 3986 rules...
	Result identical to WHATWG rules
Canonicalizing with RFC 2396 rules...
	Result identical to RFC 3986 rules
Tests run: 1, Failures: 0, Errors: 0, Skipped: 0, Time elapsed: 0.206 sec
Running io.mola.galimatias.BadURLTest
Tests run: 15, Failures: 0, Errors: 0, Skipped: 0, Time elapsed: 0.032 sec

Results :

Tests run: 204, Failures: 0, Errors: 0, Skipped: 0

[INFO] ------------------------------------------------------------------------
[INFO] BUILD SUCCESS
[INFO] ------------------------------------------------------------------------
[INFO] Total time:  2.441 s
[INFO] Finished at: 2021-02-15T00:00:57Z
[INFO] ------------------------------------------------------------------------
