[INFO] Scanning for projects...
[INFO] Inspecting build with total of 1 modules...
[INFO] Installing Nexus Staging features:
[INFO]   ... total of 1 executions of maven-deploy-plugin replaced with nexus-staging-maven-plugin
[WARNING] The project com.cloudbees.thirdparty:zendesk-java-client:jar:0.14.1-SNAPSHOT uses prerequisites which is only intended for maven-plugin projects but not for non maven-plugin projects. For such purposes you should use the maven-enforcer-plugin. See https://maven.apache.org/enforcer/enforcer-rules/requireMavenVersion.html
[INFO] 
[INFO] ------------< com.cloudbees.thirdparty:zendesk-java-client >------------
[INFO] Building zendesk-java-client 0.14.1-SNAPSHOT
[INFO] --------------------------------[ jar ]---------------------------------
[INFO] 
[INFO] --- maven-enforcer-plugin:3.0.0-M3:enforce (enforce-maven) @ zendesk-java-client ---
[INFO] 
[INFO] --- maven-enforcer-plugin:3.0.0-M3:enforce (enforce-bytecode-version) @ zendesk-java-client ---
[INFO] Adding ignore: module-info
[INFO] 
[INFO] --- maven-resources-plugin:2.7:resources (default-resources) @ zendesk-java-client ---
[INFO] Using 'UTF-8' encoding to copy filtered resources.
[INFO] skip non existing resourceDirectory /workdir/zendesk-java-client/src/main/resources
[INFO] 
[INFO] --- maven-compiler-plugin:3.3:compile (default-compile) @ zendesk-java-client ---
[INFO] Nothing to compile - all classes are up to date
[INFO] 
[INFO] --- maven-enforcer-plugin:3.0.0-M3:enforce (check-java-compat) @ zendesk-java-client ---
[INFO] Checking unresolved references to org.codehaus.mojo.signature:java18:1.0
[INFO] 
[INFO] --- maven-resources-plugin:2.7:testResources (default-testResources) @ zendesk-java-client ---
[INFO] Using 'UTF-8' encoding to copy filtered resources.
[INFO] Copying 2 resources
[INFO] 
[INFO] --- maven-compiler-plugin:3.3:testCompile (default-testCompile) @ zendesk-java-client ---
[INFO] Nothing to compile - all classes are up to date
[INFO] 
[INFO] --- maven-surefire-plugin:2.18.1:test (default-test) @ zendesk-java-client ---
[INFO] Surefire report directory: /workdir/zendesk-java-client/target/surefire-reports

-------------------------------------------------------
 T E S T S
-------------------------------------------------------
Running org.zendesk.client.v2.SearchTest
[main] INFO org.eclipse.jetty.util.log - Logging initialized @696ms
[main] INFO org.eclipse.jetty.server.Server - jetty-9.2.28.v20190418
[main] INFO org.eclipse.jetty.server.handler.ContextHandler - Started o.e.j.s.ServletContextHandler@495b0487{/__admin,null,AVAILABLE}
[main] INFO org.eclipse.jetty.server.handler.ContextHandler - Started o.e.j.s.ServletContextHandler@7203c7ff{/,null,AVAILABLE}
[main] INFO org.eclipse.jetty.server.NetworkTrafficServerConnector - Started NetworkTrafficServerConnector@112f364d{HTTP/1.1}{0.0.0.0:44401}
[main] INFO org.eclipse.jetty.server.NetworkTrafficServerConnector - Started NetworkTrafficServerConnector@4097cac{SSL-http/1.1}{0.0.0.0:42883}
[main] INFO org.eclipse.jetty.server.Server - Started @812ms
[qtp252738640-24] INFO / - RequestHandlerClass from context returned com.github.tomakehurst.wiremock.http.StubRequestHandler. Normalized mapped under returned 'null'
[main] INFO org.eclipse.jetty.server.NetworkTrafficServerConnector - Stopped NetworkTrafficServerConnector@112f364d{HTTP/1.1}{0.0.0.0:0}
[main] INFO org.eclipse.jetty.server.NetworkTrafficServerConnector - Stopped NetworkTrafficServerConnector@4097cac{SSL-http/1.1}{0.0.0.0:0}
[main] INFO org.eclipse.jetty.server.handler.ContextHandler - Stopped o.e.j.s.ServletContextHandler@7203c7ff{/,null,UNAVAILABLE}
[main] INFO org.eclipse.jetty.server.handler.ContextHandler - Stopped o.e.j.s.ServletContextHandler@495b0487{/__admin,null,UNAVAILABLE}
Tests run: 1, Failures: 0, Errors: 0, Skipped: 0, Time elapsed: 1.083 sec - in org.zendesk.client.v2.SearchTest
Running org.zendesk.client.v2.UserTest
[main] INFO org.eclipse.jetty.server.Server - jetty-9.2.28.v20190418
[main] INFO org.eclipse.jetty.server.handler.ContextHandler - Started o.e.j.s.ServletContextHandler@3e7dfd44{/__admin,null,AVAILABLE}
[main] INFO org.eclipse.jetty.server.handler.ContextHandler - Started o.e.j.s.ServletContextHandler@796065aa{/,null,AVAILABLE}
[main] INFO org.eclipse.jetty.server.NetworkTrafficServerConnector - Started NetworkTrafficServerConnector@28a6301f{HTTP/1.1}{0.0.0.0:44803}
[main] INFO org.eclipse.jetty.server.NetworkTrafficServerConnector - Started NetworkTrafficServerConnector@3b7b05a8{SSL-http/1.1}{0.0.0.0:42777}
[main] INFO org.eclipse.jetty.server.Server - Started @1465ms
[qtp957387062-49] INFO / - RequestHandlerClass from context returned com.github.tomakehurst.wiremock.http.StubRequestHandler. Normalized mapped under returned 'null'
[main] INFO org.eclipse.jetty.server.NetworkTrafficServerConnector - Stopped NetworkTrafficServerConnector@28a6301f{HTTP/1.1}{0.0.0.0:0}
[main] INFO org.eclipse.jetty.server.NetworkTrafficServerConnector - Stopped NetworkTrafficServerConnector@3b7b05a8{SSL-http/1.1}{0.0.0.0:0}
[main] INFO org.eclipse.jetty.server.handler.ContextHandler - Stopped o.e.j.s.ServletContextHandler@796065aa{/,null,UNAVAILABLE}
[main] INFO org.eclipse.jetty.server.handler.ContextHandler - Stopped o.e.j.s.ServletContextHandler@3e7dfd44{/__admin,null,UNAVAILABLE}
Tests run: 1, Failures: 0, Errors: 0, Skipped: 0, Time elapsed: 0.109 sec - in org.zendesk.client.v2.UserTest
Running org.zendesk.client.v2.RealSmokeTest
Tests run: 1, Failures: 0, Errors: 0, Skipped: 1, Time elapsed: 0 sec - in org.zendesk.client.v2.RealSmokeTest
Running org.zendesk.client.v2.TemplateUriTest
Tests run: 4, Failures: 0, Errors: 0, Skipped: 0, Time elapsed: 0.022 sec - in org.zendesk.client.v2.TemplateUriTest
Running org.zendesk.client.v2.model.TicketResultTest
Tests run: 1, Failures: 0, Errors: 0, Skipped: 0, Time elapsed: 0.007 sec - in org.zendesk.client.v2.model.TicketResultTest
Running org.zendesk.client.v2.model.TriggerTest
Tests run: 2, Failures: 0, Errors: 0, Skipped: 0, Time elapsed: 0.018 sec - in org.zendesk.client.v2.model.TriggerTest
Running org.zendesk.client.v2.model.EventTest
Tests run: 5, Failures: 0, Errors: 0, Skipped: 0, Time elapsed: 0.015 sec - in org.zendesk.client.v2.model.EventTest
Running org.zendesk.client.v2.model.StatusTest
Tests run: 2, Failures: 0, Errors: 0, Skipped: 0, Time elapsed: 0.008 sec - in org.zendesk.client.v2.model.StatusTest
Running org.zendesk.client.v2.model.ArticleTest
Tests run: 1, Failures: 0, Errors: 0, Skipped: 0, Time elapsed: 0.002 sec - in org.zendesk.client.v2.model.ArticleTest
Running org.zendesk.client.v2.model.hc.UserSegmentTest
Tests run: 1, Failures: 0, Errors: 0, Skipped: 0, Time elapsed: 0.005 sec - in org.zendesk.client.v2.model.hc.UserSegmentTest
Running org.zendesk.client.v2.model.hc.UserTypeTest
Tests run: 1, Failures: 0, Errors: 0, Skipped: 0, Time elapsed: 0 sec - in org.zendesk.client.v2.model.hc.UserTypeTest
Running org.zendesk.client.v2.model.hc.PermissionGroupTest
Tests run: 1, Failures: 0, Errors: 0, Skipped: 0, Time elapsed: 0.003 sec - in org.zendesk.client.v2.model.hc.PermissionGroupTest
Running org.zendesk.client.v2.model.ActionTest
Tests run: 2, Failures: 0, Errors: 0, Skipped: 0, Time elapsed: 0.003 sec - in org.zendesk.client.v2.model.ActionTest

Results :

Tests run: 23, Failures: 0, Errors: 0, Skipped: 1

[INFO] ------------------------------------------------------------------------
[INFO] BUILD SUCCESS
[INFO] ------------------------------------------------------------------------
[INFO] Total time:  4.548 s
[INFO] Finished at: 2021-02-14T20:04:17Z
[INFO] ------------------------------------------------------------------------
