[INFO] Scanning for projects...
[INFO] Inspecting build with total of 1 modules...
[INFO] Installing Nexus Staging features:
[INFO]   ... total of 1 executions of maven-deploy-plugin replaced with nexus-staging-maven-plugin
[INFO] 
[INFO] -----------------< org.torpedoquery:org.torpedoquery >------------------
[INFO] Building TorpedoQuery 2.6.1-SNAPSHOT
[INFO] --------------------------------[ jar ]---------------------------------
[INFO] 
[INFO] --- maven-resources-plugin:2.6:resources (default-resources) @ org.torpedoquery ---
[WARNING] Using platform encoding (UTF-8 actually) to copy filtered resources, i.e. build is platform dependent!
[INFO] skip non existing resourceDirectory /workdir/torpedoquery/src/main/resources
[INFO] 
[INFO] --- maven-compiler-plugin:3.1:compile (default-compile) @ org.torpedoquery ---
[INFO] Nothing to compile - all classes are up to date
[INFO] 
[INFO] --- maven-resources-plugin:2.6:testResources (default-testResources) @ org.torpedoquery ---
[WARNING] Using platform encoding (UTF-8 actually) to copy filtered resources, i.e. build is platform dependent!
[INFO] skip non existing resourceDirectory /workdir/torpedoquery/src/test/resources
[INFO] 
[INFO] --- maven-compiler-plugin:3.1:testCompile (default-testCompile) @ org.torpedoquery ---
[INFO] Nothing to compile - all classes are up to date
[INFO] 
[INFO] --- maven-surefire-plugin:2.12.4:test (default-test) @ org.torpedoquery ---
[INFO] Surefire report directory: /workdir/torpedoquery/target/surefire-reports

-------------------------------------------------------
 T E S T S
-------------------------------------------------------
Running org.torpedoquery.jpa.WhereClauseTest
Tests run: 45, Failures: 0, Errors: 0, Skipped: 0, Time elapsed: 0.157 sec
Running org.torpedoquery.jpa.StringFunctionsTest
Tests run: 9, Failures: 0, Errors: 0, Skipped: 0, Time elapsed: 0 sec
Running org.torpedoquery.jpa.EntityNameTest
Tests run: 2, Failures: 0, Errors: 0, Skipped: 0, Time elapsed: 0.005 sec
Running org.torpedoquery.jpa.JPAFunctionTest
Tests run: 23, Failures: 0, Errors: 0, Skipped: 0, Time elapsed: 0.002 sec
Running org.torpedoquery.jpa.ArithmeticOperatorTest
Tests run: 6, Failures: 0, Errors: 0, Skipped: 0, Time elapsed: 0.01 sec
Running org.torpedoquery.jpa.DynamicIntantiationTest
Tests run: 1, Failures: 0, Errors: 0, Skipped: 0, Time elapsed: 0 sec
Running org.torpedoquery.jpa.internal.utils.ProxyFactoryFactoryTest
WARNING: An illegal reflective access operation has occurred
WARNING: Illegal reflective access by org.torpedoquery.jpa.internal.utils.ProxyFactoryFactoryTest (file:/workdir/torpedoquery/target/test-classes/) to method java.lang.Object.finalize()
WARNING: Please consider reporting this to the maintainers of org.torpedoquery.jpa.internal.utils.ProxyFactoryFactoryTest
WARNING: Use --illegal-access=warn to enable warnings of further illegal reflective access operations
WARNING: All illegal access operations will be denied in a future release
Tests run: 3, Failures: 0, Errors: 0, Skipped: 0, Time elapsed: 0.005 sec
Running org.torpedoquery.jpa.GroupByTest
Tests run: 8, Failures: 0, Errors: 0, Skipped: 0, Time elapsed: 0.004 sec
Running org.torpedoquery.jpa.RightJoinTest
Tests run: 2, Failures: 0, Errors: 0, Skipped: 0, Time elapsed: 0.023 sec
Running org.torpedoquery.jpa.EmptyConditionTest
Tests run: 3, Failures: 0, Errors: 0, Skipped: 0, Time elapsed: 0.005 sec
Running org.torpedoquery.jpa.ValueOnGoingConditionTest
Tests run: 9, Failures: 0, Errors: 0, Skipped: 0, Time elapsed: 0.005 sec
Running org.torpedoquery.jpa.LeftJoinTest
Tests run: 2, Failures: 0, Errors: 0, Skipped: 0, Time elapsed: 0.002 sec
Running org.torpedoquery.jpa.OrderByTest
Tests run: 8, Failures: 0, Errors: 0, Skipped: 0, Time elapsed: 0.005 sec
Running org.torpedoquery.jpa.InnerJoinTest
Tests run: 3, Failures: 0, Errors: 0, Skipped: 0, Time elapsed: 0.002 sec
Running org.torpedoquery.jpa.PolymorphicTest
Tests run: 1, Failures: 0, Errors: 0, Skipped: 0, Time elapsed: 0 sec
Running org.torpedoquery.jpa.TorpedoTest
Tests run: 36, Failures: 0, Errors: 0, Skipped: 0, Time elapsed: 0.366 sec

Results :

Tests run: 161, Failures: 0, Errors: 0, Skipped: 0

[INFO] ------------------------------------------------------------------------
[INFO] BUILD SUCCESS
[INFO] ------------------------------------------------------------------------
[INFO] Total time:  1.768 s
[INFO] Finished at: 2021-02-14T17:49:25Z
[INFO] ------------------------------------------------------------------------
