[INFO] Scanning for projects...
[INFO] Inspecting build with total of 1 modules...
[INFO] Installing Nexus Staging features:
[INFO]   ... total of 1 executions of maven-deploy-plugin replaced with nexus-staging-maven-plugin
[INFO] 
[INFO] --------------------< org.ahocorasick:ahocorasick >---------------------
[INFO] Building Aho-CoraSick algorithm for efficient string matching 0.6.3
[INFO] --------------------------------[ jar ]---------------------------------
[INFO] 
[INFO] --- jacoco-maven-plugin:0.8.6:prepare-agent (default) @ ahocorasick ---
[INFO] argLine set to -javaagent:/home/maven/.m2/repository/org/jacoco/org.jacoco.agent/0.8.6/org.jacoco.agent-0.8.6-runtime.jar=destfile=/workdir/aho-corasick/target/jacoco.exec
[INFO] 
[INFO] --- maven-resources-plugin:2.6:resources (default-resources) @ ahocorasick ---
[INFO] Using 'UTF-8' encoding to copy filtered resources.
[INFO] skip non existing resourceDirectory /workdir/aho-corasick/src/main/resources
[INFO] 
[INFO] --- maven-compiler-plugin:3.8.1:compile (default-compile) @ ahocorasick ---
[INFO] Nothing to compile - all classes are up to date
[INFO] 
[INFO] --- maven-resources-plugin:2.6:testResources (default-testResources) @ ahocorasick ---
[INFO] Using 'UTF-8' encoding to copy filtered resources.
[INFO] skip non existing resourceDirectory /workdir/aho-corasick/src/test/resources
[INFO] 
[INFO] --- maven-compiler-plugin:3.8.1:testCompile (default-testCompile) @ ahocorasick ---
[INFO] Nothing to compile - all classes are up to date
[INFO] 
[INFO] --- maven-surefire-plugin:2.12.4:test (default-test) @ ahocorasick ---
[INFO] Surefire report directory: /workdir/aho-corasick/target/surefire-reports

-------------------------------------------------------
 T E S T S
-------------------------------------------------------
Running org.ahocorasick.trie.TrieTest
Tests run: 36, Failures: 0, Errors: 0, Skipped: 0, Time elapsed: 1.265 sec
Running org.ahocorasick.trie.PayloadTrieTest
Tests run: 36, Failures: 0, Errors: 0, Skipped: 0, Time elapsed: 0.338 sec
Running org.ahocorasick.trie.StateTest
Tests run: 5, Failures: 0, Errors: 0, Skipped: 0, Time elapsed: 0.002 sec
Running org.ahocorasick.trie.EmitTest
Tests run: 2, Failures: 0, Errors: 0, Skipped: 0, Time elapsed: 0.001 sec
Running org.ahocorasick.interval.IntervalTreeTest
Tests run: 2, Failures: 0, Errors: 0, Skipped: 0, Time elapsed: 0 sec
Running org.ahocorasick.interval.IntervalTest
Tests run: 9, Failures: 0, Errors: 0, Skipped: 0, Time elapsed: 0 sec
Running org.ahocorasick.interval.IntervalableComparatorBySizeTest
Tests run: 2, Failures: 0, Errors: 0, Skipped: 0, Time elapsed: 0 sec
Running org.ahocorasick.interval.IntervalableComparatorByPositionTest
Tests run: 1, Failures: 0, Errors: 0, Skipped: 0, Time elapsed: 0 sec

Results :

Tests run: 93, Failures: 0, Errors: 0, Skipped: 0

[INFO] 
[INFO] --- jacoco-maven-plugin:0.8.6:report (report) @ ahocorasick ---
[INFO] Loading execution data file /workdir/aho-corasick/target/jacoco.exec
[INFO] Analyzed bundle 'Aho-CoraSick algorithm for efficient string matching' with 29 classes
[INFO] ------------------------------------------------------------------------
[INFO] BUILD SUCCESS
[INFO] ------------------------------------------------------------------------
[INFO] Total time:  3.483 s
[INFO] Finished at: 2021-02-14T22:24:20Z
[INFO] ------------------------------------------------------------------------
