[INFO] Scanning for projects...
[INFO] Inspecting build with total of 1 modules...
[INFO] Installing Nexus Staging features:
[INFO]   ... total of 1 executions of maven-deploy-plugin replaced with nexus-staging-maven-plugin
[INFO] 
[INFO] --------------------< org.web3j:web3j-maven-plugin >--------------------
[INFO] Building web3j Maven Mojo 4.8.1
[INFO] ----------------------------[ maven-plugin ]----------------------------
[INFO] 
[INFO] --- jacoco-maven-plugin:0.8.2:prepare-agent (default) @ web3j-maven-plugin ---
[INFO] argLine set to -javaagent:/home/maven/.m2/repository/org/jacoco/org.jacoco.agent/0.8.2/org.jacoco.agent-0.8.2-runtime.jar=destfile=/workdir/web3j-maven-plugin/target/jacoco.exec
[INFO] 
[INFO] --- maven-resources-plugin:2.6:resources (default-resources) @ web3j-maven-plugin ---
[INFO] Using 'UTF-8' encoding to copy filtered resources.
[INFO] skip non existing resourceDirectory /workdir/web3j-maven-plugin/src/main/resources
[INFO] 
[INFO] --- maven-compiler-plugin:3.1:compile (default-compile) @ web3j-maven-plugin ---
[INFO] Nothing to compile - all classes are up to date
[INFO] 
[INFO] --- maven-plugin-plugin:3.6.0:descriptor (default-descriptor) @ web3j-maven-plugin ---
[INFO] Using 'UTF-8' encoding to read mojo source files.
[INFO] java-javadoc mojo extractor found 0 mojo descriptor.
[INFO] java-annotations mojo extractor found 1 mojo descriptor.
[INFO] 
[INFO] --- maven-resources-plugin:2.6:testResources (default-testResources) @ web3j-maven-plugin ---
[INFO] Using 'UTF-8' encoding to copy filtered resources.
[INFO] Copying 21 resources
[INFO] 
[INFO] --- maven-compiler-plugin:3.1:testCompile (default-testCompile) @ web3j-maven-plugin ---
[INFO] Nothing to compile - all classes are up to date
[INFO] 
[INFO] --- maven-surefire-plugin:2.12.4:test (default-test) @ web3j-maven-plugin ---
[INFO] Surefire report directory: /workdir/web3j-maven-plugin/target/surefire-reports

-------------------------------------------------------
 T E S T S
-------------------------------------------------------
Running org.web3j.mavenplugin.JavaClassGeneratorFilterITest
SLF4J: Failed to load class "org.slf4j.impl.StaticLoggerBinder".
SLF4J: Defaulting to no-operation (NOP) logger implementation
SLF4J: See http://www.slf4j.org/codes.html#StaticLoggerBinder for further details.
[INFO] Adding to process 'Greeter.sol'
[INFO] 	Compile Warning:
Warning: SPDX license identifier not provided in source file. Before publishing, consider adding a comment containing "SPDX-License-Identifier: <SPDX-License>" to each source file. Use "SPDX-License-Identifier: UNLICENSED" for non-open-source code. Please see https://spdx.org for more information.
--> /workdir/web3j-maven-plugin/src/test/resources/Greeter.sol

Warning: Visibility for constructor is ignored. If you want the contract to be non-deployable, making it "abstract" is sufficient.
 --> /workdir/web3j-maven-plugin/src/test/resources/Greeter.sol:9:5:
  |
9 |     constructor () public {owner = msg.sender;}
  |     ^^^^^^^^^^^^^^^^^^^^^^^^^^^^^^^^^^^^^^^^^^^

Warning: Visibility for constructor is ignored. If you want the contract to be non-deployable, making it "abstract" is sufficient.
  --> /workdir/web3j-maven-plugin/src/test/resources/Greeter.sol:21:5:
   |
21 |     constructor(string memory _greeting) public {
   |     ^ (Relevant source part starts here and spans across multiple lines).

[INFO] 	Built Class for contract 'greeter'
[INFO] Adding to process 'Greeter.sol'
[INFO] 	Compile Warning:
Warning: SPDX license identifier not provided in source file. Before publishing, consider adding a comment containing "SPDX-License-Identifier: <SPDX-License>" to each source file. Use "SPDX-License-Identifier: UNLICENSED" for non-open-source code. Please see https://spdx.org for more information.
--> /workdir/web3j-maven-plugin/src/test/resources/Greeter.sol

Warning: Visibility for constructor is ignored. If you want the contract to be non-deployable, making it "abstract" is sufficient.
 --> /workdir/web3j-maven-plugin/src/test/resources/Greeter.sol:9:5:
  |
9 |     constructor () public {owner = msg.sender;}
  |     ^^^^^^^^^^^^^^^^^^^^^^^^^^^^^^^^^^^^^^^^^^^

Warning: Visibility for constructor is ignored. If you want the contract to be non-deployable, making it "abstract" is sufficient.
  --> /workdir/web3j-maven-plugin/src/test/resources/Greeter.sol:21:5:
   |
21 |     constructor(string memory _greeting) public {
   |     ^ (Relevant source part starts here and spans across multiple lines).

[INFO] 	Built Class for contract 'greeter'
[INFO] Adding to process 'Greeter.sol'
[INFO] 	Compile Warning:
Warning: SPDX license identifier not provided in source file. Before publishing, consider adding a comment containing "SPDX-License-Identifier: <SPDX-License>" to each source file. Use "SPDX-License-Identifier: UNLICENSED" for non-open-source code. Please see https://spdx.org for more information.
--> /workdir/web3j-maven-plugin/src/test/resources/Greeter.sol

Warning: Visibility for constructor is ignored. If you want the contract to be non-deployable, making it "abstract" is sufficient.
 --> /workdir/web3j-maven-plugin/src/test/resources/Greeter.sol:9:5:
  |
9 |     constructor () public {owner = msg.sender;}
  |     ^^^^^^^^^^^^^^^^^^^^^^^^^^^^^^^^^^^^^^^^^^^

Warning: Visibility for constructor is ignored. If you want the contract to be non-deployable, making it "abstract" is sufficient.
  --> /workdir/web3j-maven-plugin/src/test/resources/Greeter.sol:21:5:
   |
21 |     constructor(string memory _greeting) public {
   |     ^ (Relevant source part starts here and spans across multiple lines).

[INFO] 	Built Class for contract 'mortal'
Tests run: 3, Failures: 0, Errors: 0, Skipped: 0, Time elapsed: 2.881 sec
Running org.web3j.mavenplugin.JsonParserTest
Tests run: 2, Failures: 0, Errors: 0, Skipped: 0, Time elapsed: 0.002 sec
Running org.web3j.mavenplugin.JavaClassGeneratorMojoTest
Tests run: 1, Failures: 0, Errors: 0, Skipped: 0, Time elapsed: 0 sec
Running org.web3j.mavenplugin.JavaClassGeneratorITest
[INFO] Adding to process 'Greeter.sol'
[INFO] 	Compile Warning:
Warning: SPDX license identifier not provided in source file. Before publishing, consider adding a comment containing "SPDX-License-Identifier: <SPDX-License>" to each source file. Use "SPDX-License-Identifier: UNLICENSED" for non-open-source code. Please see https://spdx.org for more information.
--> /workdir/web3j-maven-plugin/src/test/resources/Greeter.sol

Warning: Visibility for constructor is ignored. If you want the contract to be non-deployable, making it "abstract" is sufficient.
 --> /workdir/web3j-maven-plugin/src/test/resources/Greeter.sol:9:5:
  |
9 |     constructor () public {owner = msg.sender;}
  |     ^^^^^^^^^^^^^^^^^^^^^^^^^^^^^^^^^^^^^^^^^^^

Warning: Visibility for constructor is ignored. If you want the contract to be non-deployable, making it "abstract" is sufficient.
  --> /workdir/web3j-maven-plugin/src/test/resources/Greeter.sol:21:5:
   |
21 |     constructor(string memory _greeting) public {
   |     ^ (Relevant source part starts here and spans across multiple lines).

[INFO] 	Built Class for contract 'mortal'
[INFO] 	Built Class for contract 'greeter'
[INFO] Adding to process 'Main.sol'
[INFO] 	Compile Warning:
Warning: SPDX license identifier not provided in source file. Before publishing, consider adding a comment containing "SPDX-License-Identifier: <SPDX-License>" to each source file. Use "SPDX-License-Identifier: UNLICENSED" for non-open-source code. Please see https://spdx.org for more information.
--> /workdir/web3j-maven-plugin/src/test/resources/import-with-path/with-spaces/Main.sol

Warning: SPDX license identifier not provided in source file. Before publishing, consider adding a comment containing "SPDX-License-Identifier: <SPDX-License>" to each source file. Use "SPDX-License-Identifier: UNLICENSED" for non-open-source code. Please see https://spdx.org for more information.
--> /workdir/web3j-maven-plugin/src/test/resources/import-with-path/dependencies with spaces/Dependency.sol

Warning: Visibility for constructor is ignored. If you want the contract to be non-deployable, making it "abstract" is sufficient.
 --> /workdir/web3j-maven-plugin/src/test/resources/import-with-path/dependencies with spaces/Dependency.sol:6:5:
  |
6 |     constructor() public {
  |     ^ (Relevant source part starts here and spans across multiple lines).

Warning: Visibility for constructor is ignored. If you want the contract to be non-deployable, making it "abstract" is sufficient.
 --> /workdir/web3j-maven-plugin/src/test/resources/import-with-path/with-spaces/Main.sol:8:5:
  |
8 |     constructor () public {
  |     ^ (Relevant source part starts here and spans across multiple lines).

[INFO] 	Built Class for contract 'Dependency'
[INFO] 	Built Class for contract 'Main'
[INFO] Adding to process 'Main.sol'
[INFO] 	Compile Warning:
Warning: SPDX license identifier not provided in source file. Before publishing, consider adding a comment containing "SPDX-License-Identifier: <SPDX-License>" to each source file. Use "SPDX-License-Identifier: UNLICENSED" for non-open-source code. Please see https://spdx.org for more information.
--> /workdir/web3j-maven-plugin/src/test/resources/import-with-path/contracts/Main.sol

Warning: SPDX license identifier not provided in source file. Before publishing, consider adding a comment containing "SPDX-License-Identifier: <SPDX-License>" to each source file. Use "SPDX-License-Identifier: UNLICENSED" for non-open-source code. Please see https://spdx.org for more information.
--> /workdir/web3j-maven-plugin/src/test/resources/import-with-path/dependencies/Dependency.sol

Warning: Visibility for constructor is ignored. If you want the contract to be non-deployable, making it "abstract" is sufficient.
 --> /workdir/web3j-maven-plugin/src/test/resources/import-with-path/dependencies/Dependency.sol:6:5:
  |
6 |     constructor() public {
  |     ^ (Relevant source part starts here and spans across multiple lines).

Warning: Visibility for constructor is ignored. If you want the contract to be non-deployable, making it "abstract" is sufficient.
 --> /workdir/web3j-maven-plugin/src/test/resources/import-with-path/contracts/Main.sol:8:5:
  |
8 |     constructor () public {
  |     ^ (Relevant source part starts here and spans across multiple lines).

[INFO] 	Built Class for contract 'Dependency'
[INFO] 	Built Class for contract 'Main'
[INFO] No Solidity directory specified, using default directory [src/main/resources]
[INFO] No Solidity contracts specified, using the default [**/*.sol]
[WARNING] no contracts found
[WARNING] 	No Contract found in files '[]'
[INFO] Adding to process 'Greeter.sol'
[INFO] 	Compile Warning:
Warning: SPDX license identifier not provided in source file. Before publishing, consider adding a comment containing "SPDX-License-Identifier: <SPDX-License>" to each source file. Use "SPDX-License-Identifier: UNLICENSED" for non-open-source code. Please see https://spdx.org for more information.
--> /workdir/web3j-maven-plugin/src/test/resources/Greeter.sol

Warning: Visibility for constructor is ignored. If you want the contract to be non-deployable, making it "abstract" is sufficient.
 --> /workdir/web3j-maven-plugin/src/test/resources/Greeter.sol:9:5:
  |
9 |     constructor () public {owner = msg.sender;}
  |     ^^^^^^^^^^^^^^^^^^^^^^^^^^^^^^^^^^^^^^^^^^^

Warning: Visibility for constructor is ignored. If you want the contract to be non-deployable, making it "abstract" is sufficient.
  --> /workdir/web3j-maven-plugin/src/test/resources/Greeter.sol:21:5:
   |
21 |     constructor(string memory _greeting) public {
   |     ^ (Relevant source part starts here and spans across multiple lines).

[INFO] 	Built Class for contract 'mortal'
[INFO] 	Built Class for contract 'greeter'
[INFO] Adding to process 'EmptyContract.sol'
[INFO] 	Compile Warning:
Warning: SPDX license identifier not provided in source file. Before publishing, consider adding a comment containing "SPDX-License-Identifier: <SPDX-License>" to each source file. Use "SPDX-License-Identifier: UNLICENSED" for non-open-source code. Please see https://spdx.org for more information.
--> /workdir/web3j-maven-plugin/src/test/resources/EmptyContract.sol

[WARNING] no contracts found
[WARNING] 	No Contract found in files '[EmptyContract.sol]'
[INFO] Adding to process 'Upper.sol'
[INFO] Adding to process 'Main.sol'
[INFO] Adding to process 'sub/Util.sol'
[INFO] 	Compile Warning:
Warning: SPDX license identifier not provided in source file. Before publishing, consider adding a comment containing "SPDX-License-Identifier: <SPDX-License>" to each source file. Use "SPDX-License-Identifier: UNLICENSED" for non-open-source code. Please see https://spdx.org for more information.
--> /workdir/web3j-maven-plugin/src/test/resources/import/Main.sol

Warning: SPDX license identifier not provided in source file. Before publishing, consider adding a comment containing "SPDX-License-Identifier: <SPDX-License>" to each source file. Use "SPDX-License-Identifier: UNLICENSED" for non-open-source code. Please see https://spdx.org for more information.
--> /workdir/web3j-maven-plugin/src/test/resources/import/Upper.sol

Warning: SPDX license identifier not provided in source file. Before publishing, consider adding a comment containing "SPDX-License-Identifier: <SPDX-License>" to each source file. Use "SPDX-License-Identifier: UNLICENSED" for non-open-source code. Please see https://spdx.org for more information.
--> /workdir/web3j-maven-plugin/src/test/resources/import/sub/Util.sol

Warning: Visibility for constructor is ignored. If you want the contract to be non-deployable, making it "abstract" is sufficient.
 --> /workdir/web3j-maven-plugin/src/test/resources/import/Upper.sol:6:5:
  |
6 |     constructor() public{
  |     ^ (Relevant source part starts here and spans across multiple lines).

Warning: Visibility for constructor is ignored. If you want the contract to be non-deployable, making it "abstract" is sufficient.
 --> /workdir/web3j-maven-plugin/src/test/resources/import/sub/Util.sol:8:5:
  |
8 |     constructor() public{
  |     ^ (Relevant source part starts here and spans across multiple lines).

Warning: Visibility for constructor is ignored. If you want the contract to be non-deployable, making it "abstract" is sufficient.
 --> /workdir/web3j-maven-plugin/src/test/resources/import/Main.sol:8:5:
  |
8 |     constructor () public {
  |     ^ (Relevant source part starts here and spans across multiple lines).

[INFO] 	Built Class for contract 'Upper'
[INFO] 	Built Class for contract 'Util'
[INFO] 	Built Class for contract 'Main'
[INFO] Adding to process 'Greeter.sol'
[INFO] 	Compile Warning:
Warning: SPDX license identifier not provided in source file. Before publishing, consider adding a comment containing "SPDX-License-Identifier: <SPDX-License>" to each source file. Use "SPDX-License-Identifier: UNLICENSED" for non-open-source code. Please see https://spdx.org for more information.
--> /workdir/web3j-maven-plugin/src/test/resources/Greeter.sol

Warning: Visibility for constructor is ignored. If you want the contract to be non-deployable, making it "abstract" is sufficient.
 --> /workdir/web3j-maven-plugin/src/test/resources/Greeter.sol:9:5:
  |
9 |     constructor () public {owner = msg.sender;}
  |     ^^^^^^^^^^^^^^^^^^^^^^^^^^^^^^^^^^^^^^^^^^^

Warning: Visibility for constructor is ignored. If you want the contract to be non-deployable, making it "abstract" is sufficient.
  --> /workdir/web3j-maven-plugin/src/test/resources/Greeter.sol:21:5:
   |
21 |     constructor(string memory _greeting) public {
   |     ^ (Relevant source part starts here and spans across multiple lines).

[INFO] 	Built Class for contract 'mortal'
[INFO] 	Built Class for contract 'greeter'
[INFO] Adding to process 'Greeter.sol'
[INFO] 	Compile Warning:
Warning: SPDX license identifier not provided in source file. Before publishing, consider adding a comment containing "SPDX-License-Identifier: <SPDX-License>" to each source file. Use "SPDX-License-Identifier: UNLICENSED" for non-open-source code. Please see https://spdx.org for more information.
--> /workdir/web3j-maven-plugin/src/test/resources/Greeter.sol

Warning: Visibility for constructor is ignored. If you want the contract to be non-deployable, making it "abstract" is sufficient.
 --> /workdir/web3j-maven-plugin/src/test/resources/Greeter.sol:9:5:
  |
9 |     constructor () public {owner = msg.sender;}
  |     ^^^^^^^^^^^^^^^^^^^^^^^^^^^^^^^^^^^^^^^^^^^

Warning: Visibility for constructor is ignored. If you want the contract to be non-deployable, making it "abstract" is sufficient.
  --> /workdir/web3j-maven-plugin/src/test/resources/Greeter.sol:21:5:
   |
21 |     constructor(string memory _greeting) public {
   |     ^ (Relevant source part starts here and spans across multiple lines).

[INFO] 	Built Class for contract 'mortal'
[INFO] 	Built Class for contract 'greeter'
Tests run: 10, Failures: 0, Errors: 0, Skipped: 0, Time elapsed: 1.258 sec
Running org.web3j.mavenplugin.solidity.SolidityCompilerTest
Tests run: 4, Failures: 0, Errors: 0, Skipped: 0, Time elapsed: 0.147 sec
Running org.web3j.mavenplugin.IssueITest
[INFO] Adding to process 'issue-13.sol'
[INFO] 	Compile Warning:
Warning: SPDX license identifier not provided in source file. Before publishing, consider adding a comment containing "SPDX-License-Identifier: <SPDX-License>" to each source file. Use "SPDX-License-Identifier: UNLICENSED" for non-open-source code. Please see https://spdx.org for more information.
--> /workdir/web3j-maven-plugin/src/test/resources/issue-13.sol

Warning: Visibility for constructor is ignored. If you want the contract to be non-deployable, making it "abstract" is sufficient.
  --> /workdir/web3j-maven-plugin/src/test/resources/issue-13.sol:10:5:
   |
10 |     constructor() public {
   |     ^ (Relevant source part starts here and spans across multiple lines).

[INFO] 	Built Class for contract 'Predictor'
[info] Adding to process 'issue17main.sol'
[debug] 		Result:	{"contracts":{"/workdir/web3j-maven-plugin/src/test/resources/issue-17/Issue17relative2.sol:Issue17relative2":{"abi":"[{\"inputs\":[],\"stateMutability\":\"nonpayable\",\"type\":\"constructor\"}]","bin":"6080604052348015600f57600080fd5b50600080546001600160a01b03191633179055603f80602f6000396000f3fe6080604052600080fdfea26469706673582212209b3343543124bc71509fa0d1f5d20025acae6dec9d6c6349989dfa972709856e64736f6c63430007050033","metadata":"{\"compiler\":{\"version\":\"0.7.5+commit.eb77ed08\"},\"language\":\"Solidity\",\"output\":{\"abi\":[{\"inputs\":[],\"stateMutability\":\"nonpayable\",\"type\":\"constructor\"}],\"devdoc\":{\"kind\":\"dev\",\"methods\":{},\"version\":1},\"userdoc\":{\"kind\":\"user\",\"methods\":{},\"version\":1}},\"settings\":{\"compilationTarget\":{\"/workdir/web3j-maven-plugin/src/test/resources/issue-17/Issue17relative2.sol\":\"Issue17relative2\"},\"evmVersion\":\"istanbul\",\"libraries\":{},\"metadata\":{\"bytecodeHash\":\"ipfs\"},\"optimizer\":{\"enabled\":true,\"runs\":200},\"remappings\":[]},\"sources\":{\"/workdir/web3j-maven-plugin/src/test/resources/issue-17/Issue17relative2.sol\":{\"keccak256\":\"0x31468a6d09188192ae25ca25bee142bad0aa176694521e5e738db43d2a099ff3\",\"urls\":[\"bzz-raw://11ee6931805bea752c14b8fc55cd8225b01c0c9bbb881320894088215fe1c37a\",\"dweb:/ipfs/Qmf2yV6Wp4i2i5xKKLYTDUs74KEFZj9uR5mPPCwU9u9zHn\"]}},\"version\":1}"},"/workdir/web3j-maven-plugin/src/test/resources/issue-17/issue17import1.sol:Issue17import1":{"abi":"[{\"inputs\":[],\"stateMutability\":\"nonpayable\",\"type\":\"constructor\"}]","bin":"6080604052348015600f57600080fd5b50600080546001600160a01b03191633179055603f80602f6000396000f3fe6080604052600080fdfea26469706673582212208c6bd35affe81250bd2204f1b4f2b4b7b16cff5a0280a4bb5ec1c5c30cf5b74764736f6c63430007050033","metadata":"{\"compiler\":{\"version\":\"0.7.5+commit.eb77ed08\"},\"language\":\"Solidity\",\"output\":{\"abi\":[{\"inputs\":[],\"stateMutability\":\"nonpayable\",\"type\":\"constructor\"}],\"devdoc\":{\"kind\":\"dev\",\"methods\":{},\"version\":1},\"userdoc\":{\"kind\":\"user\",\"methods\":{},\"version\":1}},\"settings\":{\"compilationTarget\":{\"/workdir/web3j-maven-plugin/src/test/resources/issue-17/issue17import1.sol\":\"Issue17import1\"},\"evmVersion\":\"istanbul\",\"libraries\":{},\"metadata\":{\"bytecodeHash\":\"ipfs\"},\"optimizer\":{\"enabled\":true,\"runs\":200},\"remappings\":[]},\"sources\":{\"/workdir/web3j-maven-plugin/src/test/resources/issue-17/issue17import1.sol\":{\"keccak256\":\"0xabfb9a5ab0aed50e7c58dd699406a94e0830c967487521b8a2d500f72dbab3f9\",\"urls\":[\"bzz-raw://20e8ef8b0086663fc07e55e31fb0cdc2b1cc7a791233604c3c74a141d45db0fe\",\"dweb:/ipfs/QmPt82QVXyUNKS48Z1V577h7jgHG7kU8jtXytAxCjKzgzN\"]}},\"version\":1}"},"/workdir/web3j-maven-plugin/src/test/resources/issue-17/issue17import2.sol:Issue17import2":{"abi":"[{\"inputs\":[],\"stateMutability\":\"nonpayable\",\"type\":\"constructor\"}]","bin":"6080604052348015600f57600080fd5b50600080546001600160a01b03191633179055603f80602f6000396000f3fe6080604052600080fdfea2646970667358221220e7a042151398253b3cedf5fa9807210c692427418e395b1b974b99b04dd24d0264736f6c63430007050033","metadata":"{\"compiler\":{\"version\":\"0.7.5+commit.eb77ed08\"},\"language\":\"Solidity\",\"output\":{\"abi\":[{\"inputs\":[],\"stateMutability\":\"nonpayable\",\"type\":\"constructor\"}],\"devdoc\":{\"kind\":\"dev\",\"methods\":{},\"version\":1},\"userdoc\":{\"kind\":\"user\",\"methods\":{},\"version\":1}},\"settings\":{\"compilationTarget\":{\"/workdir/web3j-maven-plugin/src/test/resources/issue-17/issue17import2.sol\":\"Issue17import2\"},\"evmVersion\":\"istanbul\",\"libraries\":{},\"metadata\":{\"bytecodeHash\":\"ipfs\"},\"optimizer\":{\"enabled\":true,\"runs\":200},\"remappings\":[]},\"sources\":{\"/workdir/web3j-maven-plugin/src/test/resources/issue-17/issue17import2.sol\":{\"keccak256\":\"0x52a00c9b2973506089d85495670f7bf55f7dc7ca3396d575326fcac2dbc57a12\",\"urls\":[\"bzz-raw://5ea720484b7a87ee557898a67d2628ee1cac348853d5ffa0b4603073a4391dff\",\"dweb:/ipfs/QmcrpC4Y6jFMLieAQwn6TVGbYmWLLsQ8wdTyqfegMchWt6\"]}},\"version\":1}"},"/workdir/web3j-maven-plugin/src/test/resources/issue-17/issue17main.sol:Issue17main":{"abi":"[{\"inputs\":[],\"stateMutability\":\"nonpayable\",\"type\":\"constructor\"}]","bin":"6080604052348015600f57600080fd5b50600080546001600160a01b03191633179055603f80602f6000396000f3fe6080604052600080fdfea264697066735822122063ded5797ad02e73dd41615213f189a69ef336fcd7244c7bcbbf2ed4bcaf105064736f6c63430007050033","metadata":"{\"compiler\":{\"version\":\"0.7.5+commit.eb77ed08\"},\"language\":\"Solidity\",\"output\":{\"abi\":[{\"inputs\":[],\"stateMutability\":\"nonpayable\",\"type\":\"constructor\"}],\"devdoc\":{\"kind\":\"dev\",\"methods\":{},\"version\":1},\"userdoc\":{\"kind\":\"user\",\"methods\":{},\"version\":1}},\"settings\":{\"compilationTarget\":{\"/workdir/web3j-maven-plugin/src/test/resources/issue-17/issue17main.sol\":\"Issue17main\"},\"evmVersion\":\"istanbul\",\"libraries\":{},\"metadata\":{\"bytecodeHash\":\"ipfs\"},\"optimizer\":{\"enabled\":true,\"runs\":200},\"remappings\":[]},\"sources\":{\"/workdir/web3j-maven-plugin/src/test/resources/issue-17/Issue17relative2.sol\":{\"keccak256\":\"0x31468a6d09188192ae25ca25bee142bad0aa176694521e5e738db43d2a099ff3\",\"urls\":[\"bzz-raw://11ee6931805bea752c14b8fc55cd8225b01c0c9bbb881320894088215fe1c37a\",\"dweb:/ipfs/Qmf2yV6Wp4i2i5xKKLYTDUs74KEFZj9uR5mPPCwU9u9zHn\"]},\"/workdir/web3j-maven-plugin/src/test/resources/issue-17/issue17import1.sol\":{\"keccak256\":\"0xabfb9a5ab0aed50e7c58dd699406a94e0830c967487521b8a2d500f72dbab3f9\",\"urls\":[\"bzz-raw://20e8ef8b0086663fc07e55e31fb0cdc2b1cc7a791233604c3c74a141d45db0fe\",\"dweb:/ipfs/QmPt82QVXyUNKS48Z1V577h7jgHG7kU8jtXytAxCjKzgzN\"]},\"/workdir/web3j-maven-plugin/src/test/resources/issue-17/issue17import2.sol\":{\"keccak256\":\"0x52a00c9b2973506089d85495670f7bf55f7dc7ca3396d575326fcac2dbc57a12\",\"urls\":[\"bzz-raw://5ea720484b7a87ee557898a67d2628ee1cac348853d5ffa0b4603073a4391dff\",\"dweb:/ipfs/QmcrpC4Y6jFMLieAQwn6TVGbYmWLLsQ8wdTyqfegMchWt6\"]},\"/workdir/web3j-maven-plugin/src/test/resources/issue-17/issue17main.sol\":{\"keccak256\":\"0x43c268481c364b8b01b96a7485bc8e5b47d5c130856bfed2b728ec6aefaf7faf\",\"urls\":[\"bzz-raw://0273d1db685a57c442ccfd3628d07af12d261a6efe1b778e8a01723f28f89f9c\",\"dweb:/ipfs/QmUHP9FBNv9wVcXXRRj2LBNfMEVUVbrF3dqCVqL2s6rFnP\"]},\"/workdir/web3j-maven-plugin/src/test/resources/issue-17/pkg1/Issue17relative1.sol\":{\"keccak256\":\"0x9060467fdd76e7d4b518a026b519d6ab6f45b46e6f3944b886804b9db24c7590\",\"urls\":[\"bzz-raw://2f1dff4b4477f8279c66eea9c29679a0b82eca817cae4d601ccd1ead983474ca\",\"dweb:/ipfs/QmcWkq6QxMGGvGrvs4tF1HSNhoPBeu6Gh5chzcTdjaSovH\"]}},\"version\":1}"},"/workdir/web3j-maven-plugin/src/test/resources/issue-17/pkg1/Issue17relative1.sol:Issue17relative1":{"abi":"[{\"inputs\":[],\"stateMutability\":\"nonpayable\",\"type\":\"constructor\"}]","bin":"6080604052348015600f57600080fd5b50600080546001600160a01b03191633179055603f80602f6000396000f3fe6080604052600080fdfea26469706673582212207ac1e9dfc6a655ac4fe2c015795f9ed42753481bcfd7b22feda4a8fe42f11ede64736f6c63430007050033","metadata":"{\"compiler\":{\"version\":\"0.7.5+commit.eb77ed08\"},\"language\":\"Solidity\",\"output\":{\"abi\":[{\"inputs\":[],\"stateMutability\":\"nonpayable\",\"type\":\"constructor\"}],\"devdoc\":{\"kind\":\"dev\",\"methods\":{},\"version\":1},\"userdoc\":{\"kind\":\"user\",\"methods\":{},\"version\":1}},\"settings\":{\"compilationTarget\":{\"/workdir/web3j-maven-plugin/src/test/resources/issue-17/pkg1/Issue17relative1.sol\":\"Issue17relative1\"},\"evmVersion\":\"istanbul\",\"libraries\":{},\"metadata\":{\"bytecodeHash\":\"ipfs\"},\"optimizer\":{\"enabled\":true,\"runs\":200},\"remappings\":[]},\"sources\":{\"/workdir/web3j-maven-plugin/src/test/resources/issue-17/Issue17relative2.sol\":{\"keccak256\":\"0x31468a6d09188192ae25ca25bee142bad0aa176694521e5e738db43d2a099ff3\",\"urls\":[\"bzz-raw://11ee6931805bea752c14b8fc55cd8225b01c0c9bbb881320894088215fe1c37a\",\"dweb:/ipfs/Qmf2yV6Wp4i2i5xKKLYTDUs74KEFZj9uR5mPPCwU9u9zHn\"]},\"/workdir/web3j-maven-plugin/src/test/resources/issue-17/pkg1/Issue17relative1.sol\":{\"keccak256\":\"0x9060467fdd76e7d4b518a026b519d6ab6f45b46e6f3944b886804b9db24c7590\",\"urls\":[\"bzz-raw://2f1dff4b4477f8279c66eea9c29679a0b82eca817cae4d601ccd1ead983474ca\",\"dweb:/ipfs/QmcWkq6QxMGGvGrvs4tF1HSNhoPBeu6Gh5chzcTdjaSovH\"]}},\"version\":1}"}},"version":"0.7.5+commit.eb77ed08.Linux.g++"}
[info] 	Compile Warning:
Warning: SPDX license identifier not provided in source file. Before publishing, consider adding a comment containing "SPDX-License-Identifier: <SPDX-License>" to each source file. Use "SPDX-License-Identifier: UNLICENSED" for non-open-source code. Please see https://spdx.org for more information.
--> /workdir/web3j-maven-plugin/src/test/resources/issue-17/issue17main.sol

Warning: SPDX license identifier not provided in source file. Before publishing, consider adding a comment containing "SPDX-License-Identifier: <SPDX-License>" to each source file. Use "SPDX-License-Identifier: UNLICENSED" for non-open-source code. Please see https://spdx.org for more information.
--> /workdir/web3j-maven-plugin/src/test/resources/issue-17/issue17import1.sol

Warning: SPDX license identifier not provided in source file. Before publishing, consider adding a comment containing "SPDX-License-Identifier: <SPDX-License>" to each source file. Use "SPDX-License-Identifier: UNLICENSED" for non-open-source code. Please see https://spdx.org for more information.
--> /workdir/web3j-maven-plugin/src/test/resources/issue-17/issue17import2.sol

Warning: SPDX license identifier not provided in source file. Before publishing, consider adding a comment containing "SPDX-License-Identifier: <SPDX-License>" to each source file. Use "SPDX-License-Identifier: UNLICENSED" for non-open-source code. Please see https://spdx.org for more information.
--> /workdir/web3j-maven-plugin/src/test/resources/issue-17/pkg1/Issue17relative1.sol

Warning: SPDX license identifier not provided in source file. Before publishing, consider adding a comment containing "SPDX-License-Identifier: <SPDX-License>" to each source file. Use "SPDX-License-Identifier: UNLICENSED" for non-open-source code. Please see https://spdx.org for more information.
--> /workdir/web3j-maven-plugin/src/test/resources/issue-17/Issue17relative2.sol

Warning: Visibility for constructor is ignored. If you want the contract to be non-deployable, making it "abstract" is sufficient.
 --> /workdir/web3j-maven-plugin/src/test/resources/issue-17/Issue17relative2.sol:6:5:
  |
6 |     constructor() public {
  |     ^ (Relevant source part starts here and spans across multiple lines).

Warning: Visibility for constructor is ignored. If you want the contract to be non-deployable, making it "abstract" is sufficient.
 --> /workdir/web3j-maven-plugin/src/test/resources/issue-17/issue17import1.sol:6:5:
  |
6 |     constructor() public{
  |     ^ (Relevant source part starts here and spans across multiple lines).

Warning: Visibility for constructor is ignored. If you want the contract to be non-deployable, making it "abstract" is sufficient.
 --> /workdir/web3j-maven-plugin/src/test/resources/issue-17/issue17import2.sol:6:5:
  |
6 |     constructor() public {
  |     ^ (Relevant source part starts here and spans across multiple lines).

Warning: Visibility for constructor is ignored. If you want the contract to be non-deployable, making it "abstract" is sufficient.
 --> /workdir/web3j-maven-plugin/src/test/resources/issue-17/pkg1/Issue17relative1.sol:8:5:
  |
8 |     constructor () public {
  |     ^ (Relevant source part starts here and spans across multiple lines).

Warning: Visibility for constructor is ignored. If you want the contract to be non-deployable, making it "abstract" is sufficient.
  --> /workdir/web3j-maven-plugin/src/test/resources/issue-17/issue17main.sol:10:5:
   |
10 |     constructor() public {
   |     ^ (Relevant source part starts here and spans across multiple lines).

[debug] metadata:{"compiler":{"version":"0.7.5+commit.eb77ed08"},"language":"Solidity","output":{"abi":[{"inputs":[],"stateMutability":"nonpayable","type":"constructor"}],"devdoc":{"kind":"dev","methods":{},"version":1},"userdoc":{"kind":"user","methods":{},"version":1}},"settings":{"compilationTarget":{"/workdir/web3j-maven-plugin/src/test/resources/issue-17/issue17import2.sol":"Issue17import2"},"evmVersion":"istanbul","libraries":{},"metadata":{"bytecodeHash":"ipfs"},"optimizer":{"enabled":true,"runs":200},"remappings":[]},"sources":{"/workdir/web3j-maven-plugin/src/test/resources/issue-17/issue17import2.sol":{"keccak256":"0x52a00c9b2973506089d85495670f7bf55f7dc7ca3396d575326fcac2dbc57a12","urls":["bzz-raw://5ea720484b7a87ee557898a67d2628ee1cac348853d5ffa0b4603073a4391dff","dweb:/ipfs/QmcrpC4Y6jFMLieAQwn6TVGbYmWLLsQ8wdTyqfegMchWt6"]}},"version":1}
[debug] metadata:{"compiler":{"version":"0.7.5+commit.eb77ed08"},"language":"Solidity","output":{"abi":[{"inputs":[],"stateMutability":"nonpayable","type":"constructor"}],"devdoc":{"kind":"dev","methods":{},"version":1},"userdoc":{"kind":"user","methods":{},"version":1}},"settings":{"compilationTarget":{"/workdir/web3j-maven-plugin/src/test/resources/issue-17/pkg1/Issue17relative1.sol":"Issue17relative1"},"evmVersion":"istanbul","libraries":{},"metadata":{"bytecodeHash":"ipfs"},"optimizer":{"enabled":true,"runs":200},"remappings":[]},"sources":{"/workdir/web3j-maven-plugin/src/test/resources/issue-17/Issue17relative2.sol":{"keccak256":"0x31468a6d09188192ae25ca25bee142bad0aa176694521e5e738db43d2a099ff3","urls":["bzz-raw://11ee6931805bea752c14b8fc55cd8225b01c0c9bbb881320894088215fe1c37a","dweb:/ipfs/Qmf2yV6Wp4i2i5xKKLYTDUs74KEFZj9uR5mPPCwU9u9zHn"]},"/workdir/web3j-maven-plugin/src/test/resources/issue-17/pkg1/Issue17relative1.sol":{"keccak256":"0x9060467fdd76e7d4b518a026b519d6ab6f45b46e6f3944b886804b9db24c7590","urls":["bzz-raw://2f1dff4b4477f8279c66eea9c29679a0b82eca817cae4d601ccd1ead983474ca","dweb:/ipfs/QmcWkq6QxMGGvGrvs4tF1HSNhoPBeu6Gh5chzcTdjaSovH"]}},"version":1}
[debug] metadata:{"compiler":{"version":"0.7.5+commit.eb77ed08"},"language":"Solidity","output":{"abi":[{"inputs":[],"stateMutability":"nonpayable","type":"constructor"}],"devdoc":{"kind":"dev","methods":{},"version":1},"userdoc":{"kind":"user","methods":{},"version":1}},"settings":{"compilationTarget":{"/workdir/web3j-maven-plugin/src/test/resources/issue-17/Issue17relative2.sol":"Issue17relative2"},"evmVersion":"istanbul","libraries":{},"metadata":{"bytecodeHash":"ipfs"},"optimizer":{"enabled":true,"runs":200},"remappings":[]},"sources":{"/workdir/web3j-maven-plugin/src/test/resources/issue-17/Issue17relative2.sol":{"keccak256":"0x31468a6d09188192ae25ca25bee142bad0aa176694521e5e738db43d2a099ff3","urls":["bzz-raw://11ee6931805bea752c14b8fc55cd8225b01c0c9bbb881320894088215fe1c37a","dweb:/ipfs/Qmf2yV6Wp4i2i5xKKLYTDUs74KEFZj9uR5mPPCwU9u9zHn"]}},"version":1}
[debug] metadata:{"compiler":{"version":"0.7.5+commit.eb77ed08"},"language":"Solidity","output":{"abi":[{"inputs":[],"stateMutability":"nonpayable","type":"constructor"}],"devdoc":{"kind":"dev","methods":{},"version":1},"userdoc":{"kind":"user","methods":{},"version":1}},"settings":{"compilationTarget":{"/workdir/web3j-maven-plugin/src/test/resources/issue-17/issue17main.sol":"Issue17main"},"evmVersion":"istanbul","libraries":{},"metadata":{"bytecodeHash":"ipfs"},"optimizer":{"enabled":true,"runs":200},"remappings":[]},"sources":{"/workdir/web3j-maven-plugin/src/test/resources/issue-17/Issue17relative2.sol":{"keccak256":"0x31468a6d09188192ae25ca25bee142bad0aa176694521e5e738db43d2a099ff3","urls":["bzz-raw://11ee6931805bea752c14b8fc55cd8225b01c0c9bbb881320894088215fe1c37a","dweb:/ipfs/Qmf2yV6Wp4i2i5xKKLYTDUs74KEFZj9uR5mPPCwU9u9zHn"]},"/workdir/web3j-maven-plugin/src/test/resources/issue-17/issue17import1.sol":{"keccak256":"0xabfb9a5ab0aed50e7c58dd699406a94e0830c967487521b8a2d500f72dbab3f9","urls":["bzz-raw://20e8ef8b0086663fc07e55e31fb0cdc2b1cc7a791233604c3c74a141d45db0fe","dweb:/ipfs/QmPt82QVXyUNKS48Z1V577h7jgHG7kU8jtXytAxCjKzgzN"]},"/workdir/web3j-maven-plugin/src/test/resources/issue-17/issue17import2.sol":{"keccak256":"0x52a00c9b2973506089d85495670f7bf55f7dc7ca3396d575326fcac2dbc57a12","urls":["bzz-raw://5ea720484b7a87ee557898a67d2628ee1cac348853d5ffa0b4603073a4391dff","dweb:/ipfs/QmcrpC4Y6jFMLieAQwn6TVGbYmWLLsQ8wdTyqfegMchWt6"]},"/workdir/web3j-maven-plugin/src/test/resources/issue-17/issue17main.sol":{"keccak256":"0x43c268481c364b8b01b96a7485bc8e5b47d5c130856bfed2b728ec6aefaf7faf","urls":["bzz-raw://0273d1db685a57c442ccfd3628d07af12d261a6efe1b778e8a01723f28f89f9c","dweb:/ipfs/QmUHP9FBNv9wVcXXRRj2LBNfMEVUVbrF3dqCVqL2s6rFnP"]},"/workdir/web3j-maven-plugin/src/test/resources/issue-17/pkg1/Issue17relative1.sol":{"keccak256":"0x9060467fdd76e7d4b518a026b519d6ab6f45b46e6f3944b886804b9db24c7590","urls":["bzz-raw://2f1dff4b4477f8279c66eea9c29679a0b82eca817cae4d601ccd1ead983474ca","dweb:/ipfs/QmcWkq6QxMGGvGrvs4tF1HSNhoPBeu6Gh5chzcTdjaSovH"]}},"version":1}
[debug] metadata:{"compiler":{"version":"0.7.5+commit.eb77ed08"},"language":"Solidity","output":{"abi":[{"inputs":[],"stateMutability":"nonpayable","type":"constructor"}],"devdoc":{"kind":"dev","methods":{},"version":1},"userdoc":{"kind":"user","methods":{},"version":1}},"settings":{"compilationTarget":{"/workdir/web3j-maven-plugin/src/test/resources/issue-17/issue17import1.sol":"Issue17import1"},"evmVersion":"istanbul","libraries":{},"metadata":{"bytecodeHash":"ipfs"},"optimizer":{"enabled":true,"runs":200},"remappings":[]},"sources":{"/workdir/web3j-maven-plugin/src/test/resources/issue-17/issue17import1.sol":{"keccak256":"0xabfb9a5ab0aed50e7c58dd699406a94e0830c967487521b8a2d500f72dbab3f9","urls":["bzz-raw://20e8ef8b0086663fc07e55e31fb0cdc2b1cc7a791233604c3c74a141d45db0fe","dweb:/ipfs/QmPt82QVXyUNKS48Z1V577h7jgHG7kU8jtXytAxCjKzgzN"]}},"version":1}
[info] 	Built Class for contract 'Issue17import1'
[info] 	Built Class for contract 'Issue17main'
[info] 	Built Class for contract 'Issue17import2'
[info] 	Built Class for contract 'Issue17relative2'
[info] 	Built Class for contract 'Issue17relative1'
[INFO] Adding to process 'issue-09.sol'
[INFO] 	Compile Warning:
Warning: SPDX license identifier not provided in source file. Before publishing, consider adding a comment containing "SPDX-License-Identifier: <SPDX-License>" to each source file. Use "SPDX-License-Identifier: UNLICENSED" for non-open-source code. Please see https://spdx.org for more information.
--> /workdir/web3j-maven-plugin/src/test/resources/issue-09.sol

[INFO] 	Built Class for contract 'ConvertLib'
[info] Adding to process 'issue17import2.sol'
[info] Adding to process 'Issue17relative2.sol'
[info] Adding to process 'issue17main.sol'
[info] Adding to process 'pkg1/Issue17relative1.sol'
[info] Adding to process 'issue17import1.sol'
[debug] 		Result:	{"contracts":{"/workdir/web3j-maven-plugin/src/test/resources/issue-17/Issue17relative2.sol:Issue17relative2":{"abi":"[{\"inputs\":[],\"stateMutability\":\"nonpayable\",\"type\":\"constructor\"}]","bin":"6080604052348015600f57600080fd5b50600080546001600160a01b03191633179055603f80602f6000396000f3fe6080604052600080fdfea26469706673582212209b3343543124bc71509fa0d1f5d20025acae6dec9d6c6349989dfa972709856e64736f6c63430007050033","metadata":"{\"compiler\":{\"version\":\"0.7.5+commit.eb77ed08\"},\"language\":\"Solidity\",\"output\":{\"abi\":[{\"inputs\":[],\"stateMutability\":\"nonpayable\",\"type\":\"constructor\"}],\"devdoc\":{\"kind\":\"dev\",\"methods\":{},\"version\":1},\"userdoc\":{\"kind\":\"user\",\"methods\":{},\"version\":1}},\"settings\":{\"compilationTarget\":{\"/workdir/web3j-maven-plugin/src/test/resources/issue-17/Issue17relative2.sol\":\"Issue17relative2\"},\"evmVersion\":\"istanbul\",\"libraries\":{},\"metadata\":{\"bytecodeHash\":\"ipfs\"},\"optimizer\":{\"enabled\":true,\"runs\":200},\"remappings\":[]},\"sources\":{\"/workdir/web3j-maven-plugin/src/test/resources/issue-17/Issue17relative2.sol\":{\"keccak256\":\"0x31468a6d09188192ae25ca25bee142bad0aa176694521e5e738db43d2a099ff3\",\"urls\":[\"bzz-raw://11ee6931805bea752c14b8fc55cd8225b01c0c9bbb881320894088215fe1c37a\",\"dweb:/ipfs/Qmf2yV6Wp4i2i5xKKLYTDUs74KEFZj9uR5mPPCwU9u9zHn\"]}},\"version\":1}"},"/workdir/web3j-maven-plugin/src/test/resources/issue-17/issue17import1.sol:Issue17import1":{"abi":"[{\"inputs\":[],\"stateMutability\":\"nonpayable\",\"type\":\"constructor\"}]","bin":"6080604052348015600f57600080fd5b50600080546001600160a01b03191633179055603f80602f6000396000f3fe6080604052600080fdfea26469706673582212208c6bd35affe81250bd2204f1b4f2b4b7b16cff5a0280a4bb5ec1c5c30cf5b74764736f6c63430007050033","metadata":"{\"compiler\":{\"version\":\"0.7.5+commit.eb77ed08\"},\"language\":\"Solidity\",\"output\":{\"abi\":[{\"inputs\":[],\"stateMutability\":\"nonpayable\",\"type\":\"constructor\"}],\"devdoc\":{\"kind\":\"dev\",\"methods\":{},\"version\":1},\"userdoc\":{\"kind\":\"user\",\"methods\":{},\"version\":1}},\"settings\":{\"compilationTarget\":{\"/workdir/web3j-maven-plugin/src/test/resources/issue-17/issue17import1.sol\":\"Issue17import1\"},\"evmVersion\":\"istanbul\",\"libraries\":{},\"metadata\":{\"bytecodeHash\":\"ipfs\"},\"optimizer\":{\"enabled\":true,\"runs\":200},\"remappings\":[]},\"sources\":{\"/workdir/web3j-maven-plugin/src/test/resources/issue-17/issue17import1.sol\":{\"keccak256\":\"0xabfb9a5ab0aed50e7c58dd699406a94e0830c967487521b8a2d500f72dbab3f9\",\"urls\":[\"bzz-raw://20e8ef8b0086663fc07e55e31fb0cdc2b1cc7a791233604c3c74a141d45db0fe\",\"dweb:/ipfs/QmPt82QVXyUNKS48Z1V577h7jgHG7kU8jtXytAxCjKzgzN\"]}},\"version\":1}"},"/workdir/web3j-maven-plugin/src/test/resources/issue-17/issue17import2.sol:Issue17import2":{"abi":"[{\"inputs\":[],\"stateMutability\":\"nonpayable\",\"type\":\"constructor\"}]","bin":"6080604052348015600f57600080fd5b50600080546001600160a01b03191633179055603f80602f6000396000f3fe6080604052600080fdfea2646970667358221220e7a042151398253b3cedf5fa9807210c692427418e395b1b974b99b04dd24d0264736f6c63430007050033","metadata":"{\"compiler\":{\"version\":\"0.7.5+commit.eb77ed08\"},\"language\":\"Solidity\",\"output\":{\"abi\":[{\"inputs\":[],\"stateMutability\":\"nonpayable\",\"type\":\"constructor\"}],\"devdoc\":{\"kind\":\"dev\",\"methods\":{},\"version\":1},\"userdoc\":{\"kind\":\"user\",\"methods\":{},\"version\":1}},\"settings\":{\"compilationTarget\":{\"/workdir/web3j-maven-plugin/src/test/resources/issue-17/issue17import2.sol\":\"Issue17import2\"},\"evmVersion\":\"istanbul\",\"libraries\":{},\"metadata\":{\"bytecodeHash\":\"ipfs\"},\"optimizer\":{\"enabled\":true,\"runs\":200},\"remappings\":[]},\"sources\":{\"/workdir/web3j-maven-plugin/src/test/resources/issue-17/issue17import2.sol\":{\"keccak256\":\"0x52a00c9b2973506089d85495670f7bf55f7dc7ca3396d575326fcac2dbc57a12\",\"urls\":[\"bzz-raw://5ea720484b7a87ee557898a67d2628ee1cac348853d5ffa0b4603073a4391dff\",\"dweb:/ipfs/QmcrpC4Y6jFMLieAQwn6TVGbYmWLLsQ8wdTyqfegMchWt6\"]}},\"version\":1}"},"/workdir/web3j-maven-plugin/src/test/resources/issue-17/issue17main.sol:Issue17main":{"abi":"[{\"inputs\":[],\"stateMutability\":\"nonpayable\",\"type\":\"constructor\"}]","bin":"6080604052348015600f57600080fd5b50600080546001600160a01b03191633179055603f80602f6000396000f3fe6080604052600080fdfea264697066735822122063ded5797ad02e73dd41615213f189a69ef336fcd7244c7bcbbf2ed4bcaf105064736f6c63430007050033","metadata":"{\"compiler\":{\"version\":\"0.7.5+commit.eb77ed08\"},\"language\":\"Solidity\",\"output\":{\"abi\":[{\"inputs\":[],\"stateMutability\":\"nonpayable\",\"type\":\"constructor\"}],\"devdoc\":{\"kind\":\"dev\",\"methods\":{},\"version\":1},\"userdoc\":{\"kind\":\"user\",\"methods\":{},\"version\":1}},\"settings\":{\"compilationTarget\":{\"/workdir/web3j-maven-plugin/src/test/resources/issue-17/issue17main.sol\":\"Issue17main\"},\"evmVersion\":\"istanbul\",\"libraries\":{},\"metadata\":{\"bytecodeHash\":\"ipfs\"},\"optimizer\":{\"enabled\":true,\"runs\":200},\"remappings\":[]},\"sources\":{\"/workdir/web3j-maven-plugin/src/test/resources/issue-17/Issue17relative2.sol\":{\"keccak256\":\"0x31468a6d09188192ae25ca25bee142bad0aa176694521e5e738db43d2a099ff3\",\"urls\":[\"bzz-raw://11ee6931805bea752c14b8fc55cd8225b01c0c9bbb881320894088215fe1c37a\",\"dweb:/ipfs/Qmf2yV6Wp4i2i5xKKLYTDUs74KEFZj9uR5mPPCwU9u9zHn\"]},\"/workdir/web3j-maven-plugin/src/test/resources/issue-17/issue17import1.sol\":{\"keccak256\":\"0xabfb9a5ab0aed50e7c58dd699406a94e0830c967487521b8a2d500f72dbab3f9\",\"urls\":[\"bzz-raw://20e8ef8b0086663fc07e55e31fb0cdc2b1cc7a791233604c3c74a141d45db0fe\",\"dweb:/ipfs/QmPt82QVXyUNKS48Z1V577h7jgHG7kU8jtXytAxCjKzgzN\"]},\"/workdir/web3j-maven-plugin/src/test/resources/issue-17/issue17import2.sol\":{\"keccak256\":\"0x52a00c9b2973506089d85495670f7bf55f7dc7ca3396d575326fcac2dbc57a12\",\"urls\":[\"bzz-raw://5ea720484b7a87ee557898a67d2628ee1cac348853d5ffa0b4603073a4391dff\",\"dweb:/ipfs/QmcrpC4Y6jFMLieAQwn6TVGbYmWLLsQ8wdTyqfegMchWt6\"]},\"/workdir/web3j-maven-plugin/src/test/resources/issue-17/issue17main.sol\":{\"keccak256\":\"0x43c268481c364b8b01b96a7485bc8e5b47d5c130856bfed2b728ec6aefaf7faf\",\"urls\":[\"bzz-raw://0273d1db685a57c442ccfd3628d07af12d261a6efe1b778e8a01723f28f89f9c\",\"dweb:/ipfs/QmUHP9FBNv9wVcXXRRj2LBNfMEVUVbrF3dqCVqL2s6rFnP\"]},\"/workdir/web3j-maven-plugin/src/test/resources/issue-17/pkg1/Issue17relative1.sol\":{\"keccak256\":\"0x9060467fdd76e7d4b518a026b519d6ab6f45b46e6f3944b886804b9db24c7590\",\"urls\":[\"bzz-raw://2f1dff4b4477f8279c66eea9c29679a0b82eca817cae4d601ccd1ead983474ca\",\"dweb:/ipfs/QmcWkq6QxMGGvGrvs4tF1HSNhoPBeu6Gh5chzcTdjaSovH\"]}},\"version\":1}"},"/workdir/web3j-maven-plugin/src/test/resources/issue-17/pkg1/Issue17relative1.sol:Issue17relative1":{"abi":"[{\"inputs\":[],\"stateMutability\":\"nonpayable\",\"type\":\"constructor\"}]","bin":"6080604052348015600f57600080fd5b50600080546001600160a01b03191633179055603f80602f6000396000f3fe6080604052600080fdfea26469706673582212207ac1e9dfc6a655ac4fe2c015795f9ed42753481bcfd7b22feda4a8fe42f11ede64736f6c63430007050033","metadata":"{\"compiler\":{\"version\":\"0.7.5+commit.eb77ed08\"},\"language\":\"Solidity\",\"output\":{\"abi\":[{\"inputs\":[],\"stateMutability\":\"nonpayable\",\"type\":\"constructor\"}],\"devdoc\":{\"kind\":\"dev\",\"methods\":{},\"version\":1},\"userdoc\":{\"kind\":\"user\",\"methods\":{},\"version\":1}},\"settings\":{\"compilationTarget\":{\"/workdir/web3j-maven-plugin/src/test/resources/issue-17/pkg1/Issue17relative1.sol\":\"Issue17relative1\"},\"evmVersion\":\"istanbul\",\"libraries\":{},\"metadata\":{\"bytecodeHash\":\"ipfs\"},\"optimizer\":{\"enabled\":true,\"runs\":200},\"remappings\":[]},\"sources\":{\"/workdir/web3j-maven-plugin/src/test/resources/issue-17/Issue17relative2.sol\":{\"keccak256\":\"0x31468a6d09188192ae25ca25bee142bad0aa176694521e5e738db43d2a099ff3\",\"urls\":[\"bzz-raw://11ee6931805bea752c14b8fc55cd8225b01c0c9bbb881320894088215fe1c37a\",\"dweb:/ipfs/Qmf2yV6Wp4i2i5xKKLYTDUs74KEFZj9uR5mPPCwU9u9zHn\"]},\"/workdir/web3j-maven-plugin/src/test/resources/issue-17/pkg1/Issue17relative1.sol\":{\"keccak256\":\"0x9060467fdd76e7d4b518a026b519d6ab6f45b46e6f3944b886804b9db24c7590\",\"urls\":[\"bzz-raw://2f1dff4b4477f8279c66eea9c29679a0b82eca817cae4d601ccd1ead983474ca\",\"dweb:/ipfs/QmcWkq6QxMGGvGrvs4tF1HSNhoPBeu6Gh5chzcTdjaSovH\"]}},\"version\":1}"}},"version":"0.7.5+commit.eb77ed08.Linux.g++"}
[info] 	Compile Warning:
Warning: SPDX license identifier not provided in source file. Before publishing, consider adding a comment containing "SPDX-License-Identifier: <SPDX-License>" to each source file. Use "SPDX-License-Identifier: UNLICENSED" for non-open-source code. Please see https://spdx.org for more information.
--> /workdir/web3j-maven-plugin/src/test/resources/issue-17/Issue17relative2.sol

Warning: SPDX license identifier not provided in source file. Before publishing, consider adding a comment containing "SPDX-License-Identifier: <SPDX-License>" to each source file. Use "SPDX-License-Identifier: UNLICENSED" for non-open-source code. Please see https://spdx.org for more information.
--> /workdir/web3j-maven-plugin/src/test/resources/issue-17/issue17import1.sol

Warning: SPDX license identifier not provided in source file. Before publishing, consider adding a comment containing "SPDX-License-Identifier: <SPDX-License>" to each source file. Use "SPDX-License-Identifier: UNLICENSED" for non-open-source code. Please see https://spdx.org for more information.
--> /workdir/web3j-maven-plugin/src/test/resources/issue-17/issue17import2.sol

Warning: SPDX license identifier not provided in source file. Before publishing, consider adding a comment containing "SPDX-License-Identifier: <SPDX-License>" to each source file. Use "SPDX-License-Identifier: UNLICENSED" for non-open-source code. Please see https://spdx.org for more information.
--> /workdir/web3j-maven-plugin/src/test/resources/issue-17/issue17main.sol

Warning: SPDX license identifier not provided in source file. Before publishing, consider adding a comment containing "SPDX-License-Identifier: <SPDX-License>" to each source file. Use "SPDX-License-Identifier: UNLICENSED" for non-open-source code. Please see https://spdx.org for more information.
--> /workdir/web3j-maven-plugin/src/test/resources/issue-17/pkg1/Issue17relative1.sol

Warning: Visibility for constructor is ignored. If you want the contract to be non-deployable, making it "abstract" is sufficient.
 --> /workdir/web3j-maven-plugin/src/test/resources/issue-17/Issue17relative2.sol:6:5:
  |
6 |     constructor() public {
  |     ^ (Relevant source part starts here and spans across multiple lines).

Warning: Visibility for constructor is ignored. If you want the contract to be non-deployable, making it "abstract" is sufficient.
 --> /workdir/web3j-maven-plugin/src/test/resources/issue-17/issue17import1.sol:6:5:
  |
6 |     constructor() public{
  |     ^ (Relevant source part starts here and spans across multiple lines).

Warning: Visibility for constructor is ignored. If you want the contract to be non-deployable, making it "abstract" is sufficient.
 --> /workdir/web3j-maven-plugin/src/test/resources/issue-17/issue17import2.sol:6:5:
  |
6 |     constructor() public {
  |     ^ (Relevant source part starts here and spans across multiple lines).

Warning: Visibility for constructor is ignored. If you want the contract to be non-deployable, making it "abstract" is sufficient.
 --> /workdir/web3j-maven-plugin/src/test/resources/issue-17/pkg1/Issue17relative1.sol:8:5:
  |
8 |     constructor () public {
  |     ^ (Relevant source part starts here and spans across multiple lines).

Warning: Visibility for constructor is ignored. If you want the contract to be non-deployable, making it "abstract" is sufficient.
  --> /workdir/web3j-maven-plugin/src/test/resources/issue-17/issue17main.sol:10:5:
   |
10 |     constructor() public {
   |     ^ (Relevant source part starts here and spans across multiple lines).

[debug] metadata:{"compiler":{"version":"0.7.5+commit.eb77ed08"},"language":"Solidity","output":{"abi":[{"inputs":[],"stateMutability":"nonpayable","type":"constructor"}],"devdoc":{"kind":"dev","methods":{},"version":1},"userdoc":{"kind":"user","methods":{},"version":1}},"settings":{"compilationTarget":{"/workdir/web3j-maven-plugin/src/test/resources/issue-17/issue17import2.sol":"Issue17import2"},"evmVersion":"istanbul","libraries":{},"metadata":{"bytecodeHash":"ipfs"},"optimizer":{"enabled":true,"runs":200},"remappings":[]},"sources":{"/workdir/web3j-maven-plugin/src/test/resources/issue-17/issue17import2.sol":{"keccak256":"0x52a00c9b2973506089d85495670f7bf55f7dc7ca3396d575326fcac2dbc57a12","urls":["bzz-raw://5ea720484b7a87ee557898a67d2628ee1cac348853d5ffa0b4603073a4391dff","dweb:/ipfs/QmcrpC4Y6jFMLieAQwn6TVGbYmWLLsQ8wdTyqfegMchWt6"]}},"version":1}
[debug] metadata:{"compiler":{"version":"0.7.5+commit.eb77ed08"},"language":"Solidity","output":{"abi":[{"inputs":[],"stateMutability":"nonpayable","type":"constructor"}],"devdoc":{"kind":"dev","methods":{},"version":1},"userdoc":{"kind":"user","methods":{},"version":1}},"settings":{"compilationTarget":{"/workdir/web3j-maven-plugin/src/test/resources/issue-17/pkg1/Issue17relative1.sol":"Issue17relative1"},"evmVersion":"istanbul","libraries":{},"metadata":{"bytecodeHash":"ipfs"},"optimizer":{"enabled":true,"runs":200},"remappings":[]},"sources":{"/workdir/web3j-maven-plugin/src/test/resources/issue-17/Issue17relative2.sol":{"keccak256":"0x31468a6d09188192ae25ca25bee142bad0aa176694521e5e738db43d2a099ff3","urls":["bzz-raw://11ee6931805bea752c14b8fc55cd8225b01c0c9bbb881320894088215fe1c37a","dweb:/ipfs/Qmf2yV6Wp4i2i5xKKLYTDUs74KEFZj9uR5mPPCwU9u9zHn"]},"/workdir/web3j-maven-plugin/src/test/resources/issue-17/pkg1/Issue17relative1.sol":{"keccak256":"0x9060467fdd76e7d4b518a026b519d6ab6f45b46e6f3944b886804b9db24c7590","urls":["bzz-raw://2f1dff4b4477f8279c66eea9c29679a0b82eca817cae4d601ccd1ead983474ca","dweb:/ipfs/QmcWkq6QxMGGvGrvs4tF1HSNhoPBeu6Gh5chzcTdjaSovH"]}},"version":1}
[debug] metadata:{"compiler":{"version":"0.7.5+commit.eb77ed08"},"language":"Solidity","output":{"abi":[{"inputs":[],"stateMutability":"nonpayable","type":"constructor"}],"devdoc":{"kind":"dev","methods":{},"version":1},"userdoc":{"kind":"user","methods":{},"version":1}},"settings":{"compilationTarget":{"/workdir/web3j-maven-plugin/src/test/resources/issue-17/Issue17relative2.sol":"Issue17relative2"},"evmVersion":"istanbul","libraries":{},"metadata":{"bytecodeHash":"ipfs"},"optimizer":{"enabled":true,"runs":200},"remappings":[]},"sources":{"/workdir/web3j-maven-plugin/src/test/resources/issue-17/Issue17relative2.sol":{"keccak256":"0x31468a6d09188192ae25ca25bee142bad0aa176694521e5e738db43d2a099ff3","urls":["bzz-raw://11ee6931805bea752c14b8fc55cd8225b01c0c9bbb881320894088215fe1c37a","dweb:/ipfs/Qmf2yV6Wp4i2i5xKKLYTDUs74KEFZj9uR5mPPCwU9u9zHn"]}},"version":1}
[debug] metadata:{"compiler":{"version":"0.7.5+commit.eb77ed08"},"language":"Solidity","output":{"abi":[{"inputs":[],"stateMutability":"nonpayable","type":"constructor"}],"devdoc":{"kind":"dev","methods":{},"version":1},"userdoc":{"kind":"user","methods":{},"version":1}},"settings":{"compilationTarget":{"/workdir/web3j-maven-plugin/src/test/resources/issue-17/issue17main.sol":"Issue17main"},"evmVersion":"istanbul","libraries":{},"metadata":{"bytecodeHash":"ipfs"},"optimizer":{"enabled":true,"runs":200},"remappings":[]},"sources":{"/workdir/web3j-maven-plugin/src/test/resources/issue-17/Issue17relative2.sol":{"keccak256":"0x31468a6d09188192ae25ca25bee142bad0aa176694521e5e738db43d2a099ff3","urls":["bzz-raw://11ee6931805bea752c14b8fc55cd8225b01c0c9bbb881320894088215fe1c37a","dweb:/ipfs/Qmf2yV6Wp4i2i5xKKLYTDUs74KEFZj9uR5mPPCwU9u9zHn"]},"/workdir/web3j-maven-plugin/src/test/resources/issue-17/issue17import1.sol":{"keccak256":"0xabfb9a5ab0aed50e7c58dd699406a94e0830c967487521b8a2d500f72dbab3f9","urls":["bzz-raw://20e8ef8b0086663fc07e55e31fb0cdc2b1cc7a791233604c3c74a141d45db0fe","dweb:/ipfs/QmPt82QVXyUNKS48Z1V577h7jgHG7kU8jtXytAxCjKzgzN"]},"/workdir/web3j-maven-plugin/src/test/resources/issue-17/issue17import2.sol":{"keccak256":"0x52a00c9b2973506089d85495670f7bf55f7dc7ca3396d575326fcac2dbc57a12","urls":["bzz-raw://5ea720484b7a87ee557898a67d2628ee1cac348853d5ffa0b4603073a4391dff","dweb:/ipfs/QmcrpC4Y6jFMLieAQwn6TVGbYmWLLsQ8wdTyqfegMchWt6"]},"/workdir/web3j-maven-plugin/src/test/resources/issue-17/issue17main.sol":{"keccak256":"0x43c268481c364b8b01b96a7485bc8e5b47d5c130856bfed2b728ec6aefaf7faf","urls":["bzz-raw://0273d1db685a57c442ccfd3628d07af12d261a6efe1b778e8a01723f28f89f9c","dweb:/ipfs/QmUHP9FBNv9wVcXXRRj2LBNfMEVUVbrF3dqCVqL2s6rFnP"]},"/workdir/web3j-maven-plugin/src/test/resources/issue-17/pkg1/Issue17relative1.sol":{"keccak256":"0x9060467fdd76e7d4b518a026b519d6ab6f45b46e6f3944b886804b9db24c7590","urls":["bzz-raw://2f1dff4b4477f8279c66eea9c29679a0b82eca817cae4d601ccd1ead983474ca","dweb:/ipfs/QmcWkq6QxMGGvGrvs4tF1HSNhoPBeu6Gh5chzcTdjaSovH"]}},"version":1}
[debug] metadata:{"compiler":{"version":"0.7.5+commit.eb77ed08"},"language":"Solidity","output":{"abi":[{"inputs":[],"stateMutability":"nonpayable","type":"constructor"}],"devdoc":{"kind":"dev","methods":{},"version":1},"userdoc":{"kind":"user","methods":{},"version":1}},"settings":{"compilationTarget":{"/workdir/web3j-maven-plugin/src/test/resources/issue-17/issue17import1.sol":"Issue17import1"},"evmVersion":"istanbul","libraries":{},"metadata":{"bytecodeHash":"ipfs"},"optimizer":{"enabled":true,"runs":200},"remappings":[]},"sources":{"/workdir/web3j-maven-plugin/src/test/resources/issue-17/issue17import1.sol":{"keccak256":"0xabfb9a5ab0aed50e7c58dd699406a94e0830c967487521b8a2d500f72dbab3f9","urls":["bzz-raw://20e8ef8b0086663fc07e55e31fb0cdc2b1cc7a791233604c3c74a141d45db0fe","dweb:/ipfs/QmPt82QVXyUNKS48Z1V577h7jgHG7kU8jtXytAxCjKzgzN"]}},"version":1}
[info] 	Built Class for contract 'Issue17import1'
[info] 	Built Class for contract 'Issue17main'
[info] 	Built Class for contract 'Issue17import2'
[info] 	Built Class for contract 'Issue17relative2'
[info] 	Built Class for contract 'Issue17relative1'
[info] Adding to process 'Inter.sol'
[info] Adding to process 'InterAlone.sol'
[debug] 		Result:	{"contracts":{"/workdir/web3j-maven-plugin/src/test/resources/issue-23/Inter.sol:CheckImpl":{"abi":"[{\"inputs\":[],\"name\":\"check\",\"outputs\":[],\"stateMutability\":\"nonpayable\",\"type\":\"function\"}]","bin":"6080604052348015600f57600080fd5b50606d80601d6000396000f3fe6080604052348015600f57600080fd5b506004361060285760003560e01c8063919840ad14602d575b600080fd5b60336035565b005b56fea264697066735822122010f50b64124b9a526d3327d725a8e50fdae1cefd33e01eb8e9378a73b208706264736f6c63430007050033","metadata":"{\"compiler\":{\"version\":\"0.7.5+commit.eb77ed08\"},\"language\":\"Solidity\",\"output\":{\"abi\":[{\"inputs\":[],\"name\":\"check\",\"outputs\":[],\"stateMutability\":\"nonpayable\",\"type\":\"function\"}],\"devdoc\":{\"kind\":\"dev\",\"methods\":{},\"version\":1},\"userdoc\":{\"kind\":\"user\",\"methods\":{},\"version\":1}},\"settings\":{\"compilationTarget\":{\"/workdir/web3j-maven-plugin/src/test/resources/issue-23/Inter.sol\":\"CheckImpl\"},\"evmVersion\":\"istanbul\",\"libraries\":{},\"metadata\":{\"bytecodeHash\":\"ipfs\"},\"optimizer\":{\"enabled\":true,\"runs\":200},\"remappings\":[]},\"sources\":{\"/workdir/web3j-maven-plugin/src/test/resources/issue-23/Inter.sol\":{\"keccak256\":\"0xd54ac0c49225e2b9d2516a923ca1911e6a35b590c735ca50fb8a99c6e87b40de\",\"urls\":[\"bzz-raw://06511cd7f2694a7ebbdcaf1eb945b80e94005345ded2cc5cee698b32775d7b58\",\"dweb:/ipfs/QmURBjf5kde3pmTsLMXgAL7X5k2rpfPZpoDEei2Jfo2Uc3\"]}},\"version\":1}"},"/workdir/web3j-maven-plugin/src/test/resources/issue-23/Inter.sol:InterCheck":{"abi":"[{\"inputs\":[],\"name\":\"check\",\"outputs\":[],\"stateMutability\":\"nonpayable\",\"type\":\"function\"}]","bin":"","metadata":"{\"compiler\":{\"version\":\"0.7.5+commit.eb77ed08\"},\"language\":\"Solidity\",\"output\":{\"abi\":[{\"inputs\":[],\"name\":\"check\",\"outputs\":[],\"stateMutability\":\"nonpayable\",\"type\":\"function\"}],\"devdoc\":{\"kind\":\"dev\",\"methods\":{},\"version\":1},\"userdoc\":{\"kind\":\"user\",\"methods\":{},\"version\":1}},\"settings\":{\"compilationTarget\":{\"/workdir/web3j-maven-plugin/src/test/resources/issue-23/Inter.sol\":\"InterCheck\"},\"evmVersion\":\"istanbul\",\"libraries\":{},\"metadata\":{\"bytecodeHash\":\"ipfs\"},\"optimizer\":{\"enabled\":true,\"runs\":200},\"remappings\":[]},\"sources\":{\"/workdir/web3j-maven-plugin/src/test/resources/issue-23/Inter.sol\":{\"keccak256\":\"0xd54ac0c49225e2b9d2516a923ca1911e6a35b590c735ca50fb8a99c6e87b40de\",\"urls\":[\"bzz-raw://06511cd7f2694a7ebbdcaf1eb945b80e94005345ded2cc5cee698b32775d7b58\",\"dweb:/ipfs/QmURBjf5kde3pmTsLMXgAL7X5k2rpfPZpoDEei2Jfo2Uc3\"]}},\"version\":1}"},"/workdir/web3j-maven-plugin/src/test/resources/issue-23/InterAlone.sol:NoImplementationInterfaceCheck":{"abi":"[{\"inputs\":[],\"name\":\"check\",\"outputs\":[],\"stateMutability\":\"nonpayable\",\"type\":\"function\"}]","bin":"","metadata":"{\"compiler\":{\"version\":\"0.7.5+commit.eb77ed08\"},\"language\":\"Solidity\",\"output\":{\"abi\":[{\"inputs\":[],\"name\":\"check\",\"outputs\":[],\"stateMutability\":\"nonpayable\",\"type\":\"function\"}],\"devdoc\":{\"kind\":\"dev\",\"methods\":{},\"version\":1},\"userdoc\":{\"kind\":\"user\",\"methods\":{},\"version\":1}},\"settings\":{\"compilationTarget\":{\"/workdir/web3j-maven-plugin/src/test/resources/issue-23/InterAlone.sol\":\"NoImplementationInterfaceCheck\"},\"evmVersion\":\"istanbul\",\"libraries\":{},\"metadata\":{\"bytecodeHash\":\"ipfs\"},\"optimizer\":{\"enabled\":true,\"runs\":200},\"remappings\":[]},\"sources\":{\"/workdir/web3j-maven-plugin/src/test/resources/issue-23/InterAlone.sol\":{\"keccak256\":\"0xdcb440d76b221315fe548259b979b980b35cd7d528b7ed3af8e911104212aa2a\",\"urls\":[\"bzz-raw://0f92af2d2e71b59670d69ec33d046bae1a36b2ecebdb82a3e7e3d40f36a0922b\",\"dweb:/ipfs/QmYBvUx2FrWVyVPE2yTeNVPisTTw8qJeQ8n35LC4hV5NKg\"]}},\"version\":1}"}},"version":"0.7.5+commit.eb77ed08.Linux.g++"}
[info] 	Compile Warning:
Warning: SPDX license identifier not provided in source file. Before publishing, consider adding a comment containing "SPDX-License-Identifier: <SPDX-License>" to each source file. Use "SPDX-License-Identifier: UNLICENSED" for non-open-source code. Please see https://spdx.org for more information.
--> /workdir/web3j-maven-plugin/src/test/resources/issue-23/Inter.sol

Warning: SPDX license identifier not provided in source file. Before publishing, consider adding a comment containing "SPDX-License-Identifier: <SPDX-License>" to each source file. Use "SPDX-License-Identifier: UNLICENSED" for non-open-source code. Please see https://spdx.org for more information.
--> /workdir/web3j-maven-plugin/src/test/resources/issue-23/InterAlone.sol

Warning: Function state mutability can be restricted to pure
 --> /workdir/web3j-maven-plugin/src/test/resources/issue-23/Inter.sol:8:5:
  |
8 |     function check() public override {
  |     ^ (Relevant source part starts here and spans across multiple lines).

[debug] metadata:{"compiler":{"version":"0.7.5+commit.eb77ed08"},"language":"Solidity","output":{"abi":[{"inputs":[],"name":"check","outputs":[],"stateMutability":"nonpayable","type":"function"}],"devdoc":{"kind":"dev","methods":{},"version":1},"userdoc":{"kind":"user","methods":{},"version":1}},"settings":{"compilationTarget":{"/workdir/web3j-maven-plugin/src/test/resources/issue-23/InterAlone.sol":"NoImplementationInterfaceCheck"},"evmVersion":"istanbul","libraries":{},"metadata":{"bytecodeHash":"ipfs"},"optimizer":{"enabled":true,"runs":200},"remappings":[]},"sources":{"/workdir/web3j-maven-plugin/src/test/resources/issue-23/InterAlone.sol":{"keccak256":"0xdcb440d76b221315fe548259b979b980b35cd7d528b7ed3af8e911104212aa2a","urls":["bzz-raw://0f92af2d2e71b59670d69ec33d046bae1a36b2ecebdb82a3e7e3d40f36a0922b","dweb:/ipfs/QmYBvUx2FrWVyVPE2yTeNVPisTTw8qJeQ8n35LC4hV5NKg"]}},"version":1}
[debug] metadata:{"compiler":{"version":"0.7.5+commit.eb77ed08"},"language":"Solidity","output":{"abi":[{"inputs":[],"name":"check","outputs":[],"stateMutability":"nonpayable","type":"function"}],"devdoc":{"kind":"dev","methods":{},"version":1},"userdoc":{"kind":"user","methods":{},"version":1}},"settings":{"compilationTarget":{"/workdir/web3j-maven-plugin/src/test/resources/issue-23/Inter.sol":"CheckImpl"},"evmVersion":"istanbul","libraries":{},"metadata":{"bytecodeHash":"ipfs"},"optimizer":{"enabled":true,"runs":200},"remappings":[]},"sources":{"/workdir/web3j-maven-plugin/src/test/resources/issue-23/Inter.sol":{"keccak256":"0xd54ac0c49225e2b9d2516a923ca1911e6a35b590c735ca50fb8a99c6e87b40de","urls":["bzz-raw://06511cd7f2694a7ebbdcaf1eb945b80e94005345ded2cc5cee698b32775d7b58","dweb:/ipfs/QmURBjf5kde3pmTsLMXgAL7X5k2rpfPZpoDEei2Jfo2Uc3"]}},"version":1}
[debug] metadata:{"compiler":{"version":"0.7.5+commit.eb77ed08"},"language":"Solidity","output":{"abi":[{"inputs":[],"name":"check","outputs":[],"stateMutability":"nonpayable","type":"function"}],"devdoc":{"kind":"dev","methods":{},"version":1},"userdoc":{"kind":"user","methods":{},"version":1}},"settings":{"compilationTarget":{"/workdir/web3j-maven-plugin/src/test/resources/issue-23/Inter.sol":"InterCheck"},"evmVersion":"istanbul","libraries":{},"metadata":{"bytecodeHash":"ipfs"},"optimizer":{"enabled":true,"runs":200},"remappings":[]},"sources":{"/workdir/web3j-maven-plugin/src/test/resources/issue-23/Inter.sol":{"keccak256":"0xd54ac0c49225e2b9d2516a923ca1911e6a35b590c735ca50fb8a99c6e87b40de","urls":["bzz-raw://06511cd7f2694a7ebbdcaf1eb945b80e94005345ded2cc5cee698b32775d7b58","dweb:/ipfs/QmURBjf5kde3pmTsLMXgAL7X5k2rpfPZpoDEei2Jfo2Uc3"]}},"version":1}
[info] 	Built Class for contract 'NoImplementationInterfaceCheck'
[info] 	Built Class for contract 'CheckImpl'
[info] 	Built Class for contract 'InterCheck'
Tests run: 6, Failures: 0, Errors: 0, Skipped: 0, Time elapsed: 0.815 sec

Results :

Tests run: 26, Failures: 0, Errors: 0, Skipped: 0

[INFO] 
[INFO] --- jacoco-maven-plugin:0.8.2:report (report) @ web3j-maven-plugin ---
[INFO] Loading execution data file /workdir/web3j-maven-plugin/target/jacoco.exec
[INFO] Analyzed bundle 'web3j Maven Mojo' with 8 classes
[INFO] ------------------------------------------------------------------------
[INFO] BUILD SUCCESS
[INFO] ------------------------------------------------------------------------
[INFO] Total time:  8.263 s
[INFO] Finished at: 2021-02-15T07:55:00Z
[INFO] ------------------------------------------------------------------------
