[INFO] Scanning for projects...
[INFO] ------------------------------------------------------------------------
[INFO] Reactor Build Order:
[INFO] 
[INFO] Tetrad Project                                                     [pom]
[INFO] data-reader                                                        [jar]
[INFO] tetrad-lib                                                         [jar]
[INFO] tetrad-gui                                                         [jar]
[INFO] 
[INFO] ---------------------------< edu.cmu:tetrad >---------------------------
[INFO] Building Tetrad Project 6.9.0-SNAPSHOT                             [1/4]
[INFO] --------------------------------[ pom ]---------------------------------
[INFO] 
[INFO] ---------------------< edu.pitt.dbmi:data-reader >----------------------
[INFO] Building data-reader 6.9.0-SNAPSHOT                                [2/4]
[INFO] --------------------------------[ jar ]---------------------------------
[INFO] 
[INFO] --- maven-resources-plugin:2.6:resources (default-resources) @ data-reader ---
[INFO] Using 'UTF-8' encoding to copy filtered resources.
[INFO] skip non existing resourceDirectory /workdir/tetrad/data-reader/src/main/resources
[INFO] 
[INFO] --- maven-compiler-plugin:3.1:compile (default-compile) @ data-reader ---
[INFO] Nothing to compile - all classes are up to date
[INFO] 
[INFO] --- maven-resources-plugin:2.6:testResources (default-testResources) @ data-reader ---
[INFO] Using 'UTF-8' encoding to copy filtered resources.
[INFO] Copying 32 resources
[INFO] 
[INFO] --- maven-compiler-plugin:3.1:testCompile (default-testCompile) @ data-reader ---
[INFO] Nothing to compile - all classes are up to date
[INFO] 
[INFO] --- maven-surefire-plugin:2.12.4:test (default-test) @ data-reader ---
[INFO] Surefire report directory: /workdir/tetrad/data-reader/target/surefire-reports

-------------------------------------------------------
 T E S T S
-------------------------------------------------------
Running edu.pitt.dbmi.data.reader.tabular.TabularColumnFileReaderTest
Tests run: 4, Failures: 0, Errors: 0, Skipped: 0, Time elapsed: 0.105 sec
Running edu.pitt.dbmi.data.reader.tabular.VerticalDiscreteTabularDatasetFileReaderTest
Tests run: 5, Failures: 0, Errors: 0, Skipped: 0, Time elapsed: 0.041 sec
Running edu.pitt.dbmi.data.reader.tabular.ContinuousTabularDatasetFileReaderTest
Tests run: 5, Failures: 0, Errors: 0, Skipped: 0, Time elapsed: 0.031 sec
Running edu.pitt.dbmi.data.reader.tabular.TabularDataFileReaderTest
Tests run: 14, Failures: 0, Errors: 0, Skipped: 0, Time elapsed: 0.268 sec
Running edu.pitt.dbmi.data.reader.tabular.MixedTabularDatasetFileReaderTest
Tests run: 7, Failures: 0, Errors: 0, Skipped: 0, Time elapsed: 0.056 sec
Running edu.pitt.dbmi.data.reader.preview.BasicDataPreviewerTest
Tests run: 1, Failures: 0, Errors: 0, Skipped: 0, Time elapsed: 0.001 sec
Running edu.pitt.dbmi.data.reader.DataColumnsTest
Tests run: 1, Failures: 0, Errors: 0, Skipped: 0, Time elapsed: 0.002 sec
Running edu.pitt.dbmi.data.reader.covariance.LowerCovarianceDataFileReaderTest
Tests run: 1, Failures: 0, Errors: 0, Skipped: 0, Time elapsed: 0.002 sec
Running edu.pitt.dbmi.data.reader.metadata.MetadataFileWriterTest
Tests run: 1, Failures: 0, Errors: 0, Skipped: 0, Time elapsed: 0.013 sec
Running edu.pitt.dbmi.data.reader.metadata.MetadataFileReaderTest
Tests run: 1, Failures: 0, Errors: 0, Skipped: 0, Time elapsed: 0.002 sec
Running edu.pitt.dbmi.data.reader.validation.tabular.TabularDataFileValidationTest
Tests run: 7, Failures: 0, Errors: 0, Skipped: 0, Time elapsed: 0.018 sec
Running edu.pitt.dbmi.data.reader.validation.tabular.TabularColumnFileValidationTest
Tests run: 3, Failures: 0, Errors: 0, Skipped: 0, Time elapsed: 0.004 sec
Running edu.pitt.dbmi.data.reader.validation.covariance.LowerCovarianceDataFileValidationTest
Tests run: 1, Failures: 0, Errors: 0, Skipped: 0, Time elapsed: 0.005 sec

Results :

Tests run: 51, Failures: 0, Errors: 0, Skipped: 0

[INFO] 
[INFO] -------------------------< edu.cmu:tetrad-lib >-------------------------
[INFO] Building tetrad-lib 6.9.0-SNAPSHOT                                 [3/4]
[INFO] --------------------------------[ jar ]---------------------------------
[INFO] 
[INFO] --- maven-resources-plugin:2.6:resources (default-resources) @ tetrad-lib ---
[INFO] Using 'UTF-8' encoding to copy filtered resources.
[INFO] Copying 1 resource
[INFO] 
[INFO] --- maven-compiler-plugin:3.8.1:compile (default-compile) @ tetrad-lib ---
[INFO] Changes detected - recompiling the module!
[INFO] Compiling 1014 source files to /workdir/tetrad/tetrad-lib/target/classes
[INFO] /workdir/tetrad/tetrad-lib/src/main/java/edu/cmu/tetrad/data/simulation/LoadContinuousDataAndGraphs.java: Some input files use or override a deprecated API.
[INFO] /workdir/tetrad/tetrad-lib/src/main/java/edu/cmu/tetrad/data/simulation/LoadContinuousDataAndGraphs.java: Recompile with -Xlint:deprecation for details.
[INFO] /workdir/tetrad/tetrad-lib/src/main/java/edu/cmu/tetrad/gene/tetrad/gene/history/PolynomialFunction.java: Some input files use unchecked or unsafe operations.
[INFO] /workdir/tetrad/tetrad-lib/src/main/java/edu/cmu/tetrad/gene/tetrad/gene/history/PolynomialFunction.java: Recompile with -Xlint:unchecked for details.
[INFO] 
[INFO] --- maven-antrun-plugin:1.8:run (default) @ tetrad-lib ---
[INFO] Executing tasks

main:
[INFO] Executed tasks
[INFO] 
[INFO] --- maven-resources-plugin:2.6:testResources (default-testResources) @ tetrad-lib ---
[INFO] Using 'UTF-8' encoding to copy filtered resources.
[INFO] Copying 38 resources
[INFO] 
[INFO] --- maven-compiler-plugin:3.8.1:testCompile (default-testCompile) @ tetrad-lib ---
[INFO] Changes detected - recompiling the module!
[INFO] Compiling 128 source files to /workdir/tetrad/tetrad-lib/target/test-classes
[INFO] /workdir/tetrad/tetrad-lib/src/test/java/edu/cmu/tetrad/test/TestIndTestGSquare.java: Some input files use or override a deprecated API.
[INFO] /workdir/tetrad/tetrad-lib/src/test/java/edu/cmu/tetrad/test/TestIndTestGSquare.java: Recompile with -Xlint:deprecation for details.
[INFO] /workdir/tetrad/tetrad-lib/src/test/java/edu/cmu/tetrad/test/TestSession.java: Some input files use unchecked or unsafe operations.
[INFO] /workdir/tetrad/tetrad-lib/src/test/java/edu/cmu/tetrad/test/TestSession.java: Recompile with -Xlint:unchecked for details.
[INFO] 
[INFO] --- maven-surefire-plugin:2.12.4:test (default-test) @ tetrad-lib ---
[INFO] Surefire report directory: /workdir/tetrad/tetrad-lib/target/surefire-reports

-------------------------------------------------------
 T E S T S
-------------------------------------------------------
Running edu.pitt.dbmi.algo.bayesian.constraint.inference.BCCausalInferenceTest
Tests run: 1, Failures: 0, Errors: 0, Skipped: 0, Time elapsed: 0.055 sec
Running edu.cmu.tetrad.annotation.TestOfIndependenceAnnotationsTest
log4j:WARN No appenders could be found for logger (org.reflections.Reflections).
log4j:WARN Please initialize the log4j system properly.
log4j:WARN See http://logging.apache.org/log4j/1.2/faq.html#noconfig for more info.
Tests run: 2, Failures: 0, Errors: 0, Skipped: 0, Time elapsed: 0.128 sec
Running edu.cmu.tetrad.annotation.AlgorithmAnnotationsTest
Tests run: 2, Failures: 0, Errors: 0, Skipped: 0, Time elapsed: 0.041 sec
Running edu.cmu.tetrad.annotation.ScoreAnnotationsTest
Tests run: 2, Failures: 0, Errors: 0, Skipped: 0, Time elapsed: 0.018 sec
Running edu.cmu.tetrad.bayes.JunctionTreeAlgorithmTest
Tests run: 3, Failures: 0, Errors: 0, Skipped: 3, Time elapsed: 0 sec
Running edu.cmu.tetrad.algcomparison.TimeoutComparisonTest
Tests run: 1, Failures: 0, Errors: 0, Skipped: 1, Time elapsed: 0.001 sec
Running edu.cmu.tetrad.test.TestFges
Feb 15, 2021 3:50:23 AM java.util.prefs.FileSystemPreferences$6 run
WARNING: Prefs file removed in background /home/maven/.java/.userPrefs/prefs.xml
Iteration 1
Iteration 2
Iteration 3
Iteration 4
Iteration 5
Iteration 6
Iteration 7
Iteration 8
Iteration 9
Iteration 10
Iteration 11
Iteration 12
Iteration 13
Iteration 14
Iteration 15
Iteration 16
Iteration 17
Iteration 18
Iteration 19
Iteration 20
Elapsed initializeForwardEdgesFromEmptyGraph = 10 ms
** FORWARD EQUIVALENCE SEARCH
** BACKWARD EQUIVALENCE SEARCH
** FORWARD EQUIVALENCE SEARCH
** BACKWARD EQUIVALENCE SEARCH
Graph Nodes:
ABILITY;GPQ;PREPROD;QFJ;SEX;CITES;PUBS

Graph Edges:
1. ABILITY --> GPQ
2. ABILITY --> PREPROD
3. ABILITY --> PUBS
4. GPQ --> QFJ
5. PREPROD --> CITES
6. PUBS --> CITES
7. QFJ --> CITES
8. QFJ --> PUBS
9. SEX --> PUBS

Graph Attributes:
BIC: 171.925647

Graph Node Attributes:
BIC: [ABILITY: -5.099866;GPQ: 69.366159;PREPROD: 0.384585;QFJ: 3.189881;SEX: -5.099866;CITES: 59.543512;PUBS: 49.641243]

Iteration 1
Iteration 2
Iteration 3
Iteration 4
Iteration 5
Iteration 6
Iteration 7
Iteration 8
Iteration 9
Iteration 10
Iteration 11
Iteration 12
Iteration 13
Iteration 14
Iteration 15
Iteration 16
Iteration 17
Iteration 18
Iteration 19
Iteration 20
degree = 0
Simulating dataset #1
saveLatentVars = false
numMeasures = 100
numLatents = 0
avgDegree = 2
maxDegree = -1
maxIndegree = 100
maxOutdegree = 100
connected = false
numRuns = 1
differentGraphs = false
coefLow = 0.2
coefHigh = 0.8
varLow = 1.0
varHigh = 3.0
includePositiveCoefs = true
includeNegativeCoefs = true
selfLoopCoef = 0.0
meanLow = 0.5
meanHigh = 1.5
errorsNormal = true
verbose = false
intervalBetweenShocks = 10
intervalBetweenRecordings = 10
sampleSize = 1000
fisherEpsilon = 0.001
measurementVariance = 0.0
standardize = false
randomizeColumns = true
numberResampling = 0
penaltyDiscount = 1.0
structurePrior = 1.0
faithfulnessAssumed = false
symmetricFirstStep = false
printStream = 
alpha = 0.05

Number of random pairs of variables selected = 1000
Experiment 1: Comparing ancestral connection in true DAG versus estimated pattern
Precision = NaN recall = NaN
Experiment 1: Comparing ancestral connection in true DAG to judgement of independence by Fisher Z
Precision = NaN recall = 0.0
saveLatentVars = false
numMeasures = 100
numLatents = 0
avgDegree = 2
maxDegree = -1
maxIndegree = 100
maxOutdegree = 100
connected = false
numRuns = 1
differentGraphs = false
coefLow = 0.2
coefHigh = 0.8
varLow = 1.0
varHigh = 3.0
includePositiveCoefs = true
includeNegativeCoefs = true
selfLoopCoef = 0.0
meanLow = 0.5
meanHigh = 1.5
errorsNormal = true
verbose = false
intervalBetweenShocks = 10
intervalBetweenRecordings = 10
sampleSize = 1000
fisherEpsilon = 0.001
measurementVariance = 0.0
standardize = false
randomizeColumns = true
numberResampling = 0
penaltyDiscount = 1.0
structurePrior = 1.0
faithfulnessAssumed = false
symmetricFirstStep = false
printStream = 
alpha = 0.01

Number of random pairs of variables selected = 1000
Experiment 1: Comparing ancestral connection in true DAG versus estimated pattern
Precision = NaN recall = NaN
Experiment 1: Comparing ancestral connection in true DAG to judgement of independence by Fisher Z
Precision = NaN recall = 0.0
<X4, X9, X6> score = 0.9929095130606853
<X8, X10, X3> score = 0.965358661810944
<X1, X10, X3> score = 0.8397352489559302
<X1, X10, X4> score = 0.8110141197592762
<X3, X10, X4> score = 0.7235952208206737
<X8, X10, X4> score = 0.6174212380480564
<X5, X6, X2> score = 0.2177453117250161
<X4, X9, X6> score = 0.9929095130606853
<X8, X10, X3> score = 0.965358661810944
<X1, X10, X3> score = 0.8397352489559302
<X1, X10, X4> score = 0.8110141197592762
<X3, X10, X4> score = 0.7235952208206737
<X8, X10, X4> score = 0.6174212380480564
<X5, X6, X2> score = 0.2177453117250161
1	dconn	indep	diff = -3.8108609163792346
2	dconn	indep	diff = -3.0174213246698605
3	dconn	indep	diff = -3.1620891956738224
4	dconn	indep	diff = -5.311322655025396
5	dconn	indep	diff = -6.314518206789221
6	dconn	indep	diff = -2.6918628972568026
7	dconn	indep	diff = -4.920003922889299
8	dconn	indep	diff = -6.891573946743567
9	dconn	indep	diff = -5.679719334686014
10	dconn	indep	diff = -3.4995989213920153
11	dconn	indep	diff = -5.966511921983617
12	dconn	indep	diff = -6.8672444629960765
13	dconn	indep	diff = -6.8672444629960765
14	dconn	indep	diff = -6.80141014391826
15	dconn	indep	diff = -5.302177363765893
16	dconn	indep	diff = -3.0174213246698605
17	dconn	indep	diff = -4.666796161970284
18	dconn	indep	diff = -0.20219058149629454
19	dconn	indep	diff = -1.2210901940202934
20	dconn	indep	diff = -6.756102083715321
21	dconn	indep	diff = -6.705973839485827
22	dconn	indep	diff = -0.8224386645071382
23	dconn	indep	diff = -6.907751756306979
24	dconn	indep	diff = -4.835643903695261
25	dconn	indep	diff = -6.242668015573156
26	dconn	indep	diff = -3.7747585741253724
27	dconn	indep	diff = -6.39579701486402
28	dconn	indep	diff = -6.294746333156281
29	dconn	indep	diff = -0.5304010194048274
30	dconn	indep	diff = -4.667068063085585
31	dconn	indep	diff = -2.6038582756118194
32	dconn	indep	diff = -6.177662008656188
33	dconn	indep	diff = -6.89373225120043
34	dconn	indep	diff = -5.811670463135243
35	dconn	indep	diff = -6.050124294266452
36	dconn	indep	diff = -3.0174213246698605
37	dconn	indep	diff = -5.811670463135243
38	dconn	indep	diff = -6.66440883936416
39	dconn	indep	diff = -5.41345442200233
40	dconn	indep	diff = -6.810389541309411
41	dconn	indep	diff = -6.572813590584998
42	dconn	indep	diff = -0.939255764122569
43	dconn	indep	diff = -3.638199928118587
44	dconn	indep	diff = -6.871995544483244
45	dconn	indep	diff = -3.030878718291425
46	dconn	indep	diff = -6.464685958327743
47	dconn	indep	diff = -4.3678372260135045
48	dconn	indep	diff = -5.313940193325786
49	dconn	indep	diff = -5.948773649900741
50	dconn	indep	diff = -5.034403136193146
51	dconn	indep	diff = -6.646719898105042
52	dconn	indep	diff = -5.357212132308737
53	dconn	indep	diff = -6.537698462655294
54	dconn	indep	diff = -6.567250752101818
55	dconn	indep	diff = -2.443222446762711
56	dconn	indep	diff = -6.0357219935141595
57	dconn	indep	diff = -2.0041557980315963
58	dconn	indep	diff = -5.914111838471914
59	dconn	indep	diff = -3.7747585741253724
60	dconn	indep	diff = -2.3118980956208324
61	dconn	indep	diff = -4.609478196759577
62	dconn	indep	diff = -6.031571771867992
63	dconn	indep	diff = -6.89373225120043
64	dconn	indep	diff = -0.044475234184742085
65	dconn	indep	diff = -6.907747246162362
66	dconn	indep	diff = -4.772838167850242
67	dconn	indep	diff = -4.920003922889299
68	dconn	indep	diff = -1.813717641321924
69	dconn	indep	diff = -4.090947037622094
70	dconn	indep	diff = -0.07158369556840771
71	dconn	indep	diff = -3.3571247107570574
72	dconn	indep	diff = -5.679719334686014
73	dconn	indep	diff = -6.904486791002206
74	dconn	indep	diff = -2.8257689065181024
75	dconn	indep	diff = -3.7807318005862056
76	dconn	indep	diff = -3.4995989213920153
77	dconn	indep	diff = -2.2725275428217406
78	dconn	indep	diff = -3.845674857983304
79	dconn	indep	diff = -5.872029507820611
80	dconn	indep	diff = -1.2482851537141597
81	dconn	indep	diff = -5.872029507820611
82	dconn	indep	diff = -6.904486791002206
83	dconn	indep	diff = -4.772838167850242
84	dconn	indep	diff = -5.679719334686014
85	dconn	indep	diff = -1.1305230732464375
86	dconn	indep	diff = -3.8108609163792346
87	dconn	indep	diff = -6.905792693316299
88	dconn	indep	diff = -6.760967807973287
89	dconn	indep	diff = -3.1223934758413248
90	dconn	indep	diff = -0.07158369556840771
91	dconn	indep	diff = -6.0357219935141595
92	dconn	indep	diff = -6.9052425550706715
93	dconn	indep	diff = -6.864320076889356
94	dconn	indep	diff = -1.813717641321924
95	dconn	indep	diff = -6.474107877629414
96	dconn	indep	diff = -2.5109241914425953
97	dconn	indep	diff = -6.463392556219311
98	dconn	indep	diff = -2.8186297803753284
99	dconn	indep	diff = -6.401993304264365
100	dconn	indep	diff = -6.453392710016938
101	dconn	indep	diff = -4.648495292421723
102	dconn	indep	diff = -6.889598302218603
103	dconn	indep	diff = -4.609478196759577
104	dconn	indep	diff = -6.270083024364835
105	dconn	indep	diff = -6.813005552026781
106	dconn	indep	diff = -1.510960366356925
107	dconn	indep	diff = -1.0913578198325764
108	dconn	indep	diff = -3.1223934758413248
109	dconn	indep	diff = -6.889598302218603
110	dconn	indep	diff = -4.772838167850242
111	dconn	indep	diff = -6.54009688054911
112	dconn	indep	diff = -1.813717641321924
113	dconn	indep	diff = -1.510960366356925
114	dconn	indep	diff = -6.537698462655294
115	dconn	indep	diff = -6.157766079512866
116	dconn	indep	diff = -2.028829698569636
117	dconn	indep	diff = -1.2210901940201815
118	dconn	indep	diff = -6.886527639020671
119	dconn	indep	diff = -6.756102083715321
120	dconn	indep	diff = -5.357212132308737
121	dconn	indep	diff = -0.6776810589511522
122	dconn	indep	diff = -2.7120012998969996
123	dconn	indep	diff = -6.860436554811152
124	dconn	indep	diff = -3.0174213246698605
125	dconn	indep	diff = -6.907460268459798
126	dconn	indep	diff = -1.158552373584965
127	dconn	indep	diff = -1.286489410908115
128	dconn	indep	diff = -6.907747246162362
129	dconn	indep	diff = -5.791277283321191
130	dconn	indep	diff = -5.297898627140859
131	dconn	indep	diff = -0.07158369556840771
132	dconn	indep	diff = -5.80795917619003
133	dconn	indep	diff = -6.463392556219311
134	dconn	indep	diff = -0.8038579212997545
135	dconn	indep	diff = -6.234151567243146
136	dconn	indep	diff = -5.914111838471914
137	dconn	indep	diff = -2.7263733845727707
138	dconn	indep	diff = -6.869166225758109
139	dconn	indep	diff = -6.891695888082555
140	dconn	indep	diff = -3.357124710756946
141	dconn	indep	diff = -6.646719898105042
142	dconn	indep	diff = -6.907751756306979
143	dconn	indep	diff = -6.050124294266452
144	dconn	indep	diff = -0.52674556027271
145	dconn	indep	diff = -6.578145662375065
146	dconn	indep	diff = -2.7120012998969996
147	dconn	indep	diff = -6.871995544483244
148	dconn	indep	diff = -6.392437181363983
149	dconn	indep	diff = -6.904486791002206
150	dconn	indep	diff = -6.9052425550706715
151	dconn	indep	diff = -1.7821849423901819
152	dconn	indep	diff = -6.157766079512866
153	dconn	indep	diff = -2.7893466651156533
154	dconn	indep	diff = -2.3067191525570445
155	dconn	indep	diff = -6.864320076889356
156	dconn	indep	diff = -1.510960366356925
157	dconn	indep	diff = -6.177662008656188
158	dconn	indep	diff = -6.860436554811152
159	dconn	indep	diff = -4.625904755957055
160	dconn	indep	diff = -6.392437181363983
161	dconn	indep	diff = -6.401993304264365
162	dconn	indep	diff = -2.5379910601449733
163	dconn	indep	diff = -3.2697657126605164
164	dconn	indep	diff = -2.7263733845727707
165	dconn	indep	diff = -3.663421774644344
166	dconn	indep	diff = -5.791277283321191
167	dconn	indep	diff = -6.907751756306979
168	dconn	indep	diff = -0.014697354189035394
169	dconn	indep	diff = -5.313940193325786
170	dconn	indep	diff = -6.760967807973287
171	dconn	indep	diff = -5.357212132308737
172	dconn	indep	diff = -6.242668015573156
173	dconn	indep	diff = -2.2725275428217406
174	dconn	indep	diff = -0.6776810589511522
175	dconn	indep	diff = -6.705973839485827
176	dconn	indep	diff = -2.7893466651156533
177	dconn	indep	diff = -4.79137006483949
178	dconn	indep	diff = -6.194925484779954
179	dconn	indep	diff = -4.637287774291523
180	dconn	indep	diff = -6.256167663335797
181	dconn	indep	diff = -2.8186297803753284
182	dconn	indep	diff = -5.494400084778977
183	dconn	indep	diff = -3.0962852052372822
184	dconn	indep	diff = -1.7821849423901819
185	dconn	indep	diff = -3.021154169050716
186	dconn	indep	diff = -0.20219058149629454
187	dconn	indep	diff = -5.923766020342921
188	dconn	indep	diff = -6.756102083715321
189	dconn	indep	diff = -3.663421774644344
190	dconn	indep	diff = -3.3353352820518887
191	dconn	indep	diff = -6.392437181363983
192	dconn	indep	diff = -2.8257689065179905
193	dconn	indep	diff = -4.920003922889299
194	dconn	indep	diff = -6.9052425550706715
195	dconn	indep	diff = -3.863911601887588
196	dconn	indep	diff = -3.8108609163792346
197	dconn	indep	diff = -0.52674556027271
198	dconn	indep	diff = -6.760967807973287
199	dconn	indep	diff = -2.078394563268038
200	dconn	indep	diff = -6.89373225120043
201	dconn	indep	diff = -5.807959176189919
202	dconn	indep	diff = -2.6038582756118194
203	dconn	indep	diff = -2.3067191525570445
204	dconn	indep	diff = -3.863911601887588
205	dconn	indep	diff = -6.392437181363983
206	dconn	indep	diff = -2.8186297803753284
207	dconn	indep	diff = -2.3067191525570445
208	dconn	indep	diff = -6.294746333156281
209	dconn	indep	diff = -2.955253122661571
210	dconn	indep	diff = -6.871995544483244
211	dconn	indep	diff = -2.955253122661571
212	dconn	indep	diff = -6.886527639020671
213	dconn	indep	diff = -6.905792693316299
214	dconn	indep	diff = -6.194925484779954
215	dconn	indep	diff = -5.912838132137921
216	dconn	indep	diff = -3.695188279349044
217	dconn	indep	diff = -4.79137006483949
218	dconn	indep	diff = -6.9053408845452235
219	dconn	indep	diff = -6.705973839485827
220	dconn	indep	diff = -1.2482851537141597
221	dconn	indep	diff = -0.5304010194049384
222	dconn	indep	diff = -6.646719898105042
223	dconn	indep	diff = -6.246138944098869
224	dconn	indep	diff = -6.463392556219311
225	dconn	indep	diff = -5.914111838471914
226	dconn	indep	diff = -6.578145662375065
227	dconn	indep	diff = -5.311322655025396
228	dconn	indep	diff = -6.464685958327743
229	dconn	indep	diff = -6.8672444629960765
230	dconn	indep	diff = -4.376611000520764
231	dconn	indep	diff = -0.939255764122569
232	dconn	indep	diff = -6.157766079512866
233	dconn	indep	diff = -1.2210901940202934
234	dconn	indep	diff = -1.239908950908581
235	dconn	indep	diff = -6.869166225758109
236	dconn	indep	diff = -5.966511921983617
237	dconn	indep	diff = -6.194925484779954
238	dconn	indep	diff = -6.42972257298406
239	dconn	indep	diff = -4.474012186842277
240	dconn	indep	diff = -5.313940193325786
241	dconn	indep	diff = -6.819772852637352
242	dconn	indep	diff = -6.705973839485827
243	dconn	indep	diff = -3.021154169050716
244	dconn	indep	diff = -4.772838167850242
245	dconn	indep	diff = -2.0712672701858095
246	dconn	indep	diff = -4.474012186842277
247	dconn	indep	diff = -6.136551834403467
248	dconn	indep	diff = -3.4995989213920153
249	dconn	indep	diff = -3.663421774644344
250	dconn	indep	diff = -5.923766020342921
251	dconn	indep	diff = -0.20219058149629454
252	dconn	indep	diff = -0.8038579212997545
253	dconn	indep	diff = -6.889598302218603
254	dconn	indep	diff = -6.869166225758109
255	dconn	indep	diff = -6.8796700084498115
256	dconn	indep	diff = -3.3353352820518887
257	dconn	indep	diff = -6.869166225758109
258	dconn	indep	diff = -3.845674857983304
259	dconn	indep	diff = -3.8420981072438614
260	dconn	indep	diff = -2.259984155300754
261	dconn	indep	diff = -6.898514444926207
262	dconn	indep	diff = -6.899203059711442
263	dconn	indep	diff = -6.463392556219311
264	dconn	indep	diff = -2.8186297803753284
265	dconn	indep	diff = -1.1305230732464375
266	dconn	indep	diff = -4.609478196759577
267	dconn	indep	diff = -6.589389333222552
268	dconn	indep	diff = -6.9056754730499135
269	dconn	indep	diff = -6.8182538398642585
270	dconn	indep	diff = -2.4945102707802524
271	dconn	indep	diff = -3.8420981072438614
272	dconn	indep	diff = -0.18893482034989173
273	dconn	indep	diff = -6.8943181769416455
274	dconn	indep	diff = -2.23708564652809
275	dconn	indep	diff = -3.1223934758413248
276	dconn	indep	diff = -1.7821849423901819
277	dconn	indep	diff = -5.948773649900741
278	dconn	indep	diff = -4.667068063085585
279	dconn	indep	diff = -6.904486791002206
280	dconn	indep	diff = -3.1223934758413248
281	dconn	indep	diff = -0.5202658595495988
282	dconn	indep	diff = -4.779853438983122
283	dconn	indep	diff = -4.666796161970284
284	dconn	indep	diff = -6.374130062879971
285	dconn	indep	diff = -4.625904755957055
286	dconn	indep	diff = -5.811670463135243
287	dconn	indep	diff = -5.9057808356530295
288	dconn	indep	diff = -4.474012186842277
289	dconn	indep	diff = -6.864320076889356
290	dconn	indep	diff = -3.8420981072438614
291	dconn	indep	diff = -6.246138944098869
292	dconn	indep	diff = -6.453392710016938
293	dconn	indep	diff = -0.014697354189035394
294	dconn	indep	diff = -0.11974713451452423
295	dconn	indep	diff = -2.86706628389764
296	dconn	indep	diff = -6.813005552026781
297	dconn	indep	diff = -6.392437181363983
298	dconn	indep	diff = -3.663421774644344
299	dconn	indep	diff = -2.540628323761008
300	dconn	indep	diff = -5.313940193325786
301	dconn	indep	diff = -3.8108609163792346
302	dconn	indep	diff = -4.79137006483949
303	dconn	indep	diff = -6.294746333156281
304	dconn	indep	diff = -2.955253122661571
305	dconn	indep	diff = -1.2210901940202934
306	dconn	indep	diff = -6.892289267165535
307	dconn	indep	diff = -6.234151567243146
308	dconn	indep	diff = -3.8420981072438614
309	dconn	indep	diff = -6.904093999767273
310	dconn	indep	diff = -2.955253122661571
311	dconn	indep	diff = -1.2482851537141597
312	dconn	indep	diff = -2.0041557980315963
313	dconn	indep	diff = -6.050124294266452
314	dconn	indep	diff = -3.638199928118587
315	dconn	indep	diff = -4.648495292421723
316	dconn	indep	diff = -1.6967711767946136
317	dconn	indep	diff = -6.589389333222552
318	dconn	indep	diff = -6.0357219935141595
319	dconn	indep	diff = -1.239908950908581
320	dconn	indep	diff = -5.948773649900741
321	dconn	indep	diff = -1.158552373585077
322	dconn	indep	diff = -6.905792693316299
323	dconn	indep	diff = -6.899203059711442
324	dconn	indep	diff = -6.813005552026781
325	dconn	indep	diff = -2.259984155300754
326	dconn	indep	diff = -6.39579701486402
327	dconn	indep	diff = -6.388268170440427
328	dconn	indep	diff = -4.772838167850242
329	dconn	indep	diff = -5.5166473430452685
330	dconn	indep	diff = -6.242668015573156
331	dconn	indep	diff = -1.286489410908004
332	dconn	indep	diff = -0.5202658595495988
333	dconn	indep	diff = -3.8420981072438614
334	dconn	indep	diff = -3.021154169050716
335	dconn	indep	diff = -2.208154566199621
336	dconn	indep	diff = -3.030878718291425
337	dconn	indep	diff = -0.6776810589511522
338	dconn	indep	diff = -6.760967807973287
339	dconn	indep	diff = -6.907747246162362
340	dconn	indep	diff = -6.54009688054911
341	dconn	indep	diff = -4.55274016180703
342	dconn	indep	diff = -6.401993304264365
343	dconn	indep	diff = -6.401993304264365
344	dconn	indep	diff = -5.302177363765893
345	dconn	indep	diff = -6.431583845639797
346	dconn	indep	diff = -3.8157907210611484
347	dconn	indep	diff = -6.474107877629525
348	dconn	indep	diff = -5.9057808356530295
349	dconn	indep	diff = -4.474012186842277
350	dconn	indep	diff = -1.6967711767947256
351	dconn	indep	diff = -4.79137006483949
352	dconn	indep	diff = -0.5202658595495988
353	dconn	indep	diff = -4.557975115012166
354	dconn	indep	diff = -1.2210901940202934
355	dconn	indep	diff = -6.42972257298406
356	dconn	indep	diff = -0.8825201773845217
357	dconn	indep	diff = -0.11974713451463614
358	dconn	indep	diff = -0.014697354189035394
359	dconn	indep	diff = -6.791404422310762
360	dconn	indep	diff = -1.4646462040396626
361	dconn	indep	diff = -6.215190191223519
362	dconn	indep	diff = -3.1620891956738224
363	dconn	indep	diff = -1.6967711767947256
364	dconn	indep	diff = -5.80795917619003
365	dconn	indep	diff = -5.357212132308737
366	dconn	indep	diff = -6.8672444629960765
367	dconn	indep	diff = -6.692378009511863
368	dconn	indep	diff = -3.8157907210611484
369	dconn	indep	diff = -4.648495292421723
370	dconn	indep	diff = -0.9267261960638518
371	dconn	indep	diff = -0.8038579212997545
372	dconn	indep	diff = -5.302177363765893
373	dconn	indep	diff = -6.80141014391826
374	dconn	indep	diff = -3.5419049339719897
375	dconn	indep	diff = -2.078394563268038
376	dconn	indep	diff = -6.864320076889356
377	dconn	indep	diff = -6.374130062879971
378	dconn	indep	diff = -6.907747246162362
379	dconn	indep	diff = -2.2725275428217406
380	dconn	indep	diff = -6.374130062879971
381	dconn	indep	diff = -2.5109241914425953
382	dconn	indep	diff = -3.820404593932635
383	dconn	indep	diff = -5.811670463135243
384	dconn	indep	diff = -5.357212132308737
385	dconn	indep	diff = -4.8499360701603145
386	dconn	indep	diff = -2.23708564652809
387	dconn	indep	diff = -6.578145662375065
388	dconn	indep	diff = -2.259984155300754
389	dconn	indep	diff = -5.172496176328292
390	dconn	indep	diff = -6.474107877629414
391	dconn	indep	diff = -6.567250752101818
392	dconn	indep	diff = -2.3067191525570445
393	dconn	indep	diff = -0.11974713451463614
394	dconn	indep	diff = -6.640441659933141
395	dconn	indep	diff = -6.871995544483244
396	dconn	indep	diff = -4.637287774291523
397	dconn	indep	diff = -5.923766020342921
398	dconn	indep	diff = -6.898514444926207
399	dconn	indep	diff = -3.7807318005862056
400	dconn	indep	diff = -6.90491424476718
401	dconn	indep	diff = -0.07158369556840771
402	dconn	indep	diff = -5.791277283321191
403	dconn	indep	diff = -4.625904755957055
404	dconn	indep	diff = -4.779853438983122
405	dconn	indep	diff = -2.540628323761008
406	dconn	indep	diff = -0.8038579212997545
407	dconn	indep	diff = -4.625904755957055
408	dconn	indep	diff = -4.666796161970284
409	dconn	indep	diff = -5.494400084778977
410	dconn	indep	diff = -3.695188279349044
411	dconn	indep	diff = -6.756102083715321
412	dconn	indep	diff = -0.3315553083151297
413	dconn	indep	diff = -0.3315553083151297
414	dconn	indep	diff = -5.297898627140859
415	dconn	indep	diff = -6.9052425550706715
416	dconn	indep	diff = -5.807959176189919
417	dconn	indep	diff = -3.863911601887588
418	dconn	indep	diff = -0.5202658595495988
419	dconn	indep	diff = -3.357124710756946
420	dconn	indep	diff = -3.695188279349044
421	dconn	indep	diff = -5.679719334686014
422	dconn	indep	diff = -3.1223934758413248
423	dconn	indep	diff = -2.208154566199621
424	dconn	indep	diff = -3.162089195673711
425	dconn	indep	diff = -6.891695888082555
426	dconn	indep	diff = -3.8420981072438614
427	dconn	indep	diff = -6.892289267165535
428	dconn	indep	diff = -6.572813590584998
429	dconn	indep	diff = -6.903176647351665
430	dconn	indep	diff = -6.886527639020671
431	dconn	indep	diff = -6.871995544483244
432	dconn	indep	diff = -0.8224386645071382
433	dconn	indep	diff = -6.904486791002206
434	dconn	indep	diff = -2.159529211322557
435	dconn	indep	diff = -5.8720295078205
436	dconn	indep	diff = -5.9900976579210745
437	dconn	indep	diff = -6.891573946743567
438	dconn	indep	diff = -0.07158369556840771
439	dconn	indep	diff = -0.20219058149629454
440	dconn	indep	diff = -2.6038582756118194
441	dconn	indep	diff = -4.8499360701603145
442	dconn	indep	diff = -2.7120012998969996
443	dconn	indep	diff = -1.4646462040396626
444	dconn	indep	diff = -0.8224386645071382
445	dconn	indep	diff = -6.242668015573156
446	dconn	indep	diff = -0.52674556027271
447	dconn	indep	diff = -6.898514444926207
448	dconn	indep	diff = -4.474012186842277
449	dconn	indep	diff = -6.9056754730499135
450	dconn	indep	diff = -6.899203059711442
451	dconn	indep	diff = -2.3067191525570445
452	dconn	indep	diff = -4.772838167850242
453	dconn	indep	diff = -6.889598302218603
454	dconn	indep	diff = -6.891695888082555
455	dconn	indep	diff = -6.891573946743567
456	dconn	indep	diff = -6.464685958327743
457	dconn	indep	diff = -6.0357219935141595
458	dconn	indep	diff = -0.07158369556840771
459	dconn	indep	diff = -5.9057808356530295
460	dconn	indep	diff = -0.5202658595495988
461	dconn	indep	diff = -2.8186297803753284
462	dconn	indep	diff = -6.463392556219311
463	dconn	indep	diff = -6.289343883054377
464	dconn	indep	diff = -6.89373225120043
465	dconn	indep	diff = -3.021154169050716
466	dconn	indep	diff = -1.2482851537140478
467	dconn	indep	diff = -3.638199928118587
468	dconn	indep	diff = -6.464685958327743
469	dconn	indep	diff = -6.889598302218603
470	dconn	indep	diff = -6.8182538398642585
471	dconn	indep	diff = -2.7893466651156533
472	dconn	indep	diff = -6.898514444926207
473	dconn	indep	diff = -6.646719898105042
474	dconn	indep	diff = -3.820404593932635
475	dconn	indep	diff = -2.7120012998969996
476	dconn	indep	diff = -6.8796700084498115
477	dconn	indep	diff = -2.028829698569636
478	dconn	indep	diff = -6.589389333222552
479	dconn	indep	diff = -2.208154566199621
480	dconn	indep	diff = -2.7120012998969996
481	dconn	indep	diff = -6.640441659933141
482	dconn	indep	diff = -6.374130062879971
483	dconn	indep	diff = -1.1305230732464375
484	dconn	indep	diff = -0.8038579212997545
485	dconn	indep	diff = -6.907460268459798
486	dconn	indep	diff = -2.86706628389764
487	dconn	indep	diff = -4.625904755957055
488	dconn	indep	diff = -6.904486791002206
489	dconn	indep	diff = -2.6918628972568026
490	dconn	indep	diff = -0.8224386645071382
491	dconn	indep	diff = -0.6776810589511522
492	dconn	indep	diff = -5.771882788672981
493	dconn	indep	diff = -6.8182538398642585
494	dconn	indep	diff = -6.80141014391826
495	dconn	indep	diff = -6.464685958327743
496	dconn	indep	diff = -6.157766079512866
497	dconn	indep	diff = -6.42972257298406
498	dconn	indep	diff = -6.431583845639797
499	dconn	indep	diff = -6.234151567243146
500	dconn	indep	diff = -6.242668015573156
501	dconn	indep	diff = -0.8224386645071382
502	dconn	indep	diff = -1.2210901940202934
503	dconn	indep	diff = -1.2482851537141597
504	dconn	indep	diff = -2.208154566199621
505	dconn	indep	diff = -6.640441659933141
506	dconn	indep	diff = -2.4945102707803635
507	dconn	indep	diff = -6.567250752101818
508	dconn	indep	diff = -5.966511921983617
509	dconn	indep	diff = -6.42972257298406
510	dconn	indep	diff = -3.3353352820518887
511	dconn	indep	diff = -3.021154169050716
512	dconn	indep	diff = -0.07158369556840771
513	dconn	indep	diff = -4.648495292421723
514	dconn	indep	diff = -6.157766079512866
515	dconn	indep	diff = -6.8182538398642585
516	dconn	indep	diff = -0.6776810589511522
517	dconn	indep	diff = -6.864320076889356
518	dconn	indep	diff = -6.464685958327743
519	dconn	indep	diff = -6.401993304264365
520	dconn	indep	diff = -3.4995989213920153
521	dconn	indep	diff = -5.8735184483620655
522	dconn	indep	diff = -6.898514444926207
523	dconn	indep	diff = -6.760967807973287
524	dconn	indep	diff = -2.7893466651156533
525	dconn	indep	diff = -6.289343883054377
526	dconn	indep	diff = -5.923766020342921
527	dconn	indep	diff = -6.294746333156281
528	dconn	indep	diff = -5.8735184483620655
529	dconn	indep	diff = -4.474012186842277
530	dconn	indep	diff = -5.034403136193146
531	dconn	indep	diff = -1.0913578198325764
532	dconn	indep	diff = -1.510960366356925
533	dconn	indep	diff = -3.1223934758413248
534	dconn	indep	diff = -3.845674857983304
535	dconn	indep	diff = -3.5419049339719897
536	dconn	indep	diff = -2.7893466651156533
537	dconn	indep	diff = -0.52674556027271
538	dconn	indep	diff = -3.8157907210611484
539	dconn	indep	diff = -6.578145662375065
540	dconn	indep	diff = -5.494400084778977
541	dconn	indep	diff = -2.5109241914425953
542	dconn	indep	diff = -6.537698462655294
543	dconn	indep	diff = -6.892289267165535
544	dconn	indep	diff = -4.609478196759577
545	dconn	indep	diff = -6.39579701486402
546	dconn	indep	diff = -0.8825201773845217
547	dconn	indep	diff = -0.07158369556840771
548	dconn	indep	diff = -6.8182538398642585
549	dconn	indep	diff = -5.5166473430452685
550	dconn	indep	diff = -3.7807318005862056
551	dconn	indep	diff = -0.8224386645071382
552	dconn	indep	diff = -6.050124294266452
553	dconn	indep	diff = -1.286489410908115
554	dconn	indep	diff = -6.8182538398642585
555	dconn	indep	diff = -6.760967807973287
556	dconn	indep	diff = -2.540628323760897
557	dconn	indep	diff = -6.294746333156281
558	dconn	indep	diff = -2.955253122661571
559	dconn	indep	diff = -4.666796161970284
560	dconn	indep	diff = -1.813717641321924
561	dconn	indep	diff = -5.791277283321191
562	dconn	indep	diff = -5.771882788672981
563	dconn	indep	diff = -1.0913578198325764
564	dconn	indep	diff = -6.270083024364835
565	dconn	indep	diff = -6.889598302218603
566	dconn	indep	diff = -6.374130062879971
567	dconn	indep	diff = -0.6776810589511522
568	dconn	indep	diff = -2.028829698569636
569	dconn	indep	diff = -6.640441659933141
570	dconn	indep	diff = -2.6038582756118194
571	dconn	indep	diff = -6.177662008656188
572	dconn	indep	diff = -3.0308787182913135
573	dconn	indep	diff = -2.078394563268038
574	dconn	indep	diff = -2.5216062257008236
575	dconn	indep	diff = -4.127287144705363
576	dconn	indep	diff = -6.640441659933141
577	dconn	indep	diff = -4.79137006483949
578	dconn	indep	diff = -0.18893482035000364
579	dconn	indep	diff = -2.0712672701858095
580	dconn	indep	diff = -6.157766079512866
581	dconn	indep	diff = -1.2482851537140478
582	dconn	indep	diff = -6.572813590584998
583	dconn	indep	diff = -0.20219058149629454
584	dconn	indep	diff = -2.23708564652809
585	dconn	indep	diff = -2.540628323761008
586	dconn	indep	diff = -4.55274016180703
587	dconn	indep	diff = -0.5304010194048274
588	dconn	indep	diff = -4.474012186842277
589	dconn	indep	diff = -6.246138944098869
590	dconn	indep	diff = -5.297898627140859
591	dconn	indep	diff = -4.557975115012166
592	dconn	indep	diff = -2.3118980956209434
593	dconn	indep	diff = -6.8943181769416455
594	dconn	indep	diff = -2.0712672701858095
595	dconn	indep	diff = -2.028829698569636
596	dconn	indep	diff = -3.8420981072438614
597	dconn	indep	diff = -6.0357219935141595
598	dconn	indep	diff = -5.41345442200233
599	dconn	indep	diff = -6.886527639020671
600	dconn	indep	diff = -2.443222446762822
601	dconn	indep	diff = -1.6967711767947256
602	dconn	indep	diff = -6.464685958327743
603	dconn	indep	diff = -2.208154566199621
604	dconn	indep	diff = -0.20219058149629454
605	dconn	indep	diff = -6.374130062879971
606	dconn	indep	diff = -6.39579701486402
607	dconn	indep	diff = -3.663421774644344
608	dconn	indep	diff = -6.904093999767273
609	dconn	indep	diff = -2.6038582756118194
610	dconn	indep	diff = -6.401993304264365
611	dconn	indep	diff = -4.772838167850242
612	dconn	indep	diff = -0.5202658595495988
613	dconn	indep	diff = -6.374130062879971
614	dconn	indep	diff = -6.474107877629414
615	dconn	indep	diff = -6.9056754730499135
616	dconn	indep	diff = -0.07158369556840771
617	dconn	indep	diff = -2.6038582756118194
618	dconn	indep	diff = -1.286489410908115
619	dconn	indep	diff = -2.0712672701858095
620	dconn	indep	diff = -5.034403136193146
621	dconn	indep	diff = -2.3067191525570445
622	dconn	indep	diff = -4.835643903695261
623	dconn	indep	diff = -5.966511921983617
624	dconn	indep	diff = -6.819772852637352
625	dconn	indep	diff = -6.431583845639797
626	dconn	indep	diff = -3.3353352820518887
627	dconn	indep	diff = -3.4995989213920153
628	dconn	indep	diff = -6.54009688054911
629	dconn	indep	diff = -6.9052425550706715
630	dconn	indep	diff = -6.819772852637352
631	dconn	indep	diff = -6.8182538398642585
632	dconn	indep	diff = -4.920003922889299
633	dconn	indep	diff = -6.242668015573156
634	dconn	indep	diff = -3.0174213246698605
635	dconn	indep	diff = -3.2697657126605164
636	dconn	indep	diff = -6.8672444629960765
637	dconn	indep	diff = -5.923766020342921
638	dconn	indep	diff = -6.392437181363983
639	dconn	indep	diff = -6.39579701486402
640	dconn	indep	diff = -4.3678372260135045
641	dconn	indep	diff = -6.294746333156281
642	dconn	indep	diff = -3.774758574125484
643	dconn	indep	diff = -3.162089195673711
644	dconn	indep	diff = -4.609478196759577
645	dconn	indep	diff = -6.640441659933141
646	dconn	indep	diff = -2.5216062257008236
647	dconn	indep	diff = -5.811670463135243
648	dconn	indep	diff = -1.2482851537141597
649	dconn	indep	diff = -2.5109241914425953
650	dconn	indep	diff = -3.0174213246698605
651	dconn	indep	diff = -2.3067191525570445
652	dconn	indep	diff = -4.648495292421723
653	dconn	indep	diff = -4.666796161970284
654	dconn	indep	diff = -6.578145662375065
655	dconn	indep	diff = -3.663421774644344
656	dconn	indep	diff = -3.0308787182913135
657	dconn	indep	diff = -6.89373225120043
658	dconn	indep	diff = -6.136551834403467
659	dconn	indep	diff = -3.0962852052372822
660	dconn	indep	diff = -6.892289267165535
661	dconn	indep	diff = -2.3067191525570445
662	dconn	indep	diff = -2.5379910601449733
663	dconn	indep	diff = -2.4945102707802524
664	dconn	indep	diff = -6.215190191223519
665	dconn	indep	diff = -2.7120012998969996
666	dconn	indep	diff = -6.646719898105042
667	dconn	indep	diff = -6.869166225758109
668	dconn	indep	diff = -5.297898627140859
669	dconn	indep	diff = -0.18893482034989173
670	dconn	indep	diff = -3.5419049339719897
671	dconn	indep	diff = -5.034403136193146
672	dconn	indep	diff = -5.948773649900741
673	dconn	indep	diff = -6.9053408845452235
674	dconn	indep	diff = -6.66440883936416
675	dconn	indep	diff = -3.4995989213920153
676	dconn	indep	diff = -6.242668015573156
677	dconn	indep	diff = -5.811670463135243
678	dconn	indep	diff = -2.5216062257008236
679	dconn	indep	diff = -2.8186297803753284
680	dconn	indep	diff = -5.496941306130181
681	dconn	indep	diff = -4.609478196759577
682	dconn	indep	diff = -6.474107877629414
683	dconn	indep	diff = -4.667068063085585
684	dconn	indep	diff = -1.510960366356925
685	dconn	indep	diff = -0.044475234184742085
686	dconn	indep	diff = -6.572813590584998
687	dconn	indep	diff = -6.9056754730499135
688	dconn	indep	diff = -2.5216062257007126
689	dconn	indep	diff = -2.7893466651156533
690	dconn	indep	diff = -6.869166225758109
691	dconn	indep	diff = -6.905792693316299
692	dconn	indep	diff = -4.648495292421723
693	dconn	indep	diff = -5.9900976579210745
694	dconn	indep	diff = -6.177662008656188
695	dconn	indep	diff = -2.2725275428217406
696	dconn	indep	diff = -5.80795917619003
697	dconn	indep	diff = -5.172496176328292
698	dconn	indep	diff = -4.609478196759577
699	dconn	indep	diff = -0.18893482035000364
700	dconn	indep	diff = -3.8108609163792346
701	dconn	indep	diff = -6.9052425550706715
702	dconn	indep	diff = -5.357212132308737
703	dconn	indep	diff = -3.3353352820518887
704	dconn	indep	diff = -6.8796700084498115
705	dconn	indep	diff = -3.2697657126605164
706	dconn	indep	diff = -6.8943181769416455
707	dconn	indep	diff = -6.234151567243146
708	dconn	indep	diff = -6.860436554811152
709	dconn	indep	diff = -6.194925484779954
710	dconn	indep	diff = -6.463392556219311
711	dconn	indep	diff = -1.158552373585077
712	dconn	indep	diff = -2.1686794838355414
713	dconn	indep	diff = -5.811670463135243
714	dconn	indep	diff = -3.663421774644344
715	dconn	indep	diff = -6.8672444629960765
716	dconn	indep	diff = -6.460363566780837
717	dconn	indep	diff = -2.5109241914425953
718	dconn	indep	diff = -6.66440883936416
719	dconn	indep	diff = -5.912838132137921
720	dconn	indep	diff = -6.889598302218603
721	dconn	indep	diff = -6.8182538398642585
722	dconn	indep	diff = -6.294746333156281
723	dconn	indep	diff = -6.537698462655294
724	dconn	indep	diff = -6.8672444629960765
725	dconn	indep	diff = -4.8499360701603145
726	dconn	indep	diff = -0.5202658595495988
727	dconn	indep	diff = -0.014697354189035394
728	dconn	indep	diff = -6.157766079512866
729	dconn	indep	diff = -4.667068063085585
730	dconn	indep	diff = -6.388268170440427
731	dconn	indep	diff = -6.860436554811152
732	dconn	indep	diff = -5.297898627140859
733	dconn	indep	diff = -6.453392710016938
734	dconn	indep	diff = -4.666796161970284
735	dconn	indep	diff = -2.4945102707803635
736	dconn	indep	diff = -0.18893482034989173
737	dconn	indep	diff = -6.810389541309411
738	dconn	indep	diff = -2.8186297803753284
739	dconn	indep	diff = -5.034403136193146
740	dconn	indep	diff = -4.667068063085585
741	dconn	indep	diff = -6.89373225120043
742	dconn	indep	diff = -2.078394563268038
743	dconn	indep	diff = -3.0308787182913135
744	dconn	indep	diff = -3.0308787182913135
745	dconn	indep	diff = -3.820404593932635
746	dconn	indep	diff = -6.89373225120043
747	dconn	indep	diff = -6.289343883054377
748	dconn	indep	diff = -4.79137006483949
749	dconn	indep	diff = -6.537698462655294
750	dconn	indep	diff = -6.8943181769416455
751	dconn	indep	diff = -6.886527639020671
752	dconn	indep	diff = -0.8825201773845217
753	dconn	indep	diff = -6.705973839485827
754	dconn	indep	diff = -4.666796161970284
755	dconn	indep	diff = -6.9052425550706715
756	dconn	indep	diff = -6.898514444926207
757	dconn	indep	diff = -5.811670463135243
758	dconn	indep	diff = -2.4329587770583947
759	dconn	indep	diff = -2.8257689065179905
760	dconn	indep	diff = -2.078394563268038
761	dconn	indep	diff = -5.313940193325786
762	dconn	indep	diff = -2.3067191525570445
763	dconn	indep	diff = -6.89373225120043
764	dconn	indep	diff = -6.460363566780837
765	dconn	indep	diff = -0.939255764122569
766	dconn	indep	diff = -6.0357219935141595
767	dconn	indep	diff = -6.907747246162362
768	dconn	indep	diff = -6.705973839485827
769	dconn	indep	diff = -3.5419049339719897
770	dconn	indep	diff = -5.8735184483620655
771	dconn	indep	diff = -5.966511921983617
772	dconn	indep	diff = -6.537698462655294
773	dconn	indep	diff = -6.589389333222552
774	dconn	indep	diff = -6.907460268459798
775	dconn	indep	diff = -5.311322655025396
776	dconn	indep	diff = -6.864320076889356
777	dconn	indep	diff = -4.666796161970284
778	dconn	indep	diff = -5.9057808356530295
779	dconn	indep	diff = -6.886527639020671
780	dconn	indep	diff = -6.886527639020671
781	dconn	indep	diff = -2.7120012998969996
782	dconn	indep	diff = -6.891695888082555
783	dconn	indep	diff = -3.820404593932635
784	dconn	indep	diff = -6.889598302218603
785	dconn	indep	diff = -6.215190191223519
786	dconn	indep	diff = -2.955253122661571
787	dconn	indep	diff = -5.313940193325786
788	dconn	indep	diff = -5.8735184483620655
789	dconn	indep	diff = -1.2482851537141597
790	dconn	indep	diff = -6.905792693316299
791	dconn	indep	diff = -2.955253122661571
792	dconn	indep	diff = -6.388268170440427
793	dconn	indep	diff = -2.5109241914425953
794	dconn	indep	diff = -1.0913578198325764
795	dconn	indep	diff = -2.078394563268038
796	dconn	indep	diff = -0.3315553083151297
797	dconn	indep	diff = -0.5304010194049384
Tests run: 20, Failures: 0, Errors: 0, Skipped: 0, Time elapsed: 37.081 sec
Running edu.cmu.tetrad.test.TestSemVarMeans

Variable nodes:

[X1, X2, X3, X4, X5]

Measured nodes:

[X1, X2, X3, X4, X5]

Edge coefficient matrix:

           X1       X2       X3       X4       X5
  X1   0.0000   1.0280   0.0000   0.9948   0.0000
  X2   0.0000   0.0000   0.9858   0.0000   0.0000
  X3   0.0000   0.0000   0.0000   0.9908   0.0000
  X4   0.0000   0.0000   0.0000   0.0000   1.0144
  X5   0.0000   0.0000   0.0000   0.0000   0.0000


Error covariance matrix:

           X1       X2       X3       X4       X5
  X1   0.9981   0.0000   0.0000   0.0000   0.0000
  X2   0.0000   1.0102   0.0000   0.0000   0.0000
  X3   0.0000   0.0000   0.9979   0.0000   0.0000
  X4   0.0000   0.0000   0.0000   0.9704   0.0000
  X5   0.0000   0.0000   0.0000   0.0000   1.0325


Variable means:

Mean(X1) = 5.04729705271813
Mean(X2) = 4.036164400094679
Mean(X3) = 3.0942940706980115
Mean(X4) = 2.184366368531386
Mean(X5) = 1.186658290011488

Sample size = 1000

sample cov:

       V1       V2       V3       V4       V5
   0.9981   1.0260   1.0235   2.0070   2.0344
   1.0260   2.0649   2.0355   3.0445   3.0636
   1.0235   2.0355   3.0045   3.9952   4.0477
   2.0070   3.0445   3.9952   6.9256   7.0253
   2.0344   3.0636   4.0477   7.0253   8.1590


implCovar:

       V1       V2       V3       V4       V5
   0.9981   1.0260   1.0114   1.9950   2.0237
   1.0260   2.0649   2.0355   3.0376   3.0813
   1.0114   2.0355   3.0045   3.9831   4.0405
   1.9950   3.0376   3.9831   6.9017   7.0011
   2.0237   3.0813   4.0405   7.0011   8.1344


implCovarMeas:

       V1       V2       V3       V4       V5
   0.9981   1.0260   1.0114   1.9950   2.0237
   1.0260   2.0649   2.0355   3.0376   3.0813
   1.0114   2.0355   3.0045   3.9831   4.0405
   1.9950   3.0376   3.9831   6.9017   7.0011
   2.0237   3.0813   4.0405   7.0011   8.1344


model chi square = 1.3026293421715236
model dof = 5
model p-value = 0.9346608891953483

free mappings:

0. <B1 Linear Coefficient[0][1]>
1. <B2 Linear Coefficient[1][2]>
2. <B3 Linear Coefficient[0][3]>
3. <B4 Linear Coefficient[2][3]>
4. <B5 Linear Coefficient[3][4]>
5. <T1 Error Variance[0][0]>
6. <T2 Error Variance[1][1]>
7. <T3 Error Variance[2][2]>
8. <T4 Error Variance[3][3]>
9. <T5 Error Variance[4][4]>

fixed mappings:


Variable nodes:

[X1, X2, X3, X4, X5]

Measured nodes:

[X1, X2, X3, X4, X5]

Edge coefficient matrix:

           X1       X2       X3       X4       X5
  X1   0.0000   1.0280   0.0000   0.9948   0.0000
  X2   0.0000   0.0000   0.9858   0.0000   0.0000
  X3   0.0000   0.0000   0.0000   0.9908   0.0000
  X4   0.0000   0.0000   0.0000   0.0000   1.0144
  X5   0.0000   0.0000   0.0000   0.0000   0.0000


Error covariance matrix:

           X1       X2       X3       X4       X5
  X1   0.9981   0.0000   0.0000   0.0000   0.0000
  X2   0.0000   1.0102   0.0000   0.0000   0.0000
  X3   0.0000   0.0000   0.9979   0.0000   0.0000
  X4   0.0000   0.0000   0.0000   0.9704   0.0000
  X5   0.0000   0.0000   0.0000   0.0000   1.0325


Variable means:

Mean(X1) = 5.04729705271813
Mean(X2) = 4.036164400094679
Mean(X3) = 3.0942940706980115
Mean(X4) = 2.184366368531386
Mean(X5) = 1.1866582900114877

Sample size = 1000

sample cov:

       V1       V2       V3       V4       V5
   0.9981   1.0260   1.0235   2.0070   2.0344
   1.0260   2.0649   2.0355   3.0445   3.0636
   1.0235   2.0355   3.0045   3.9952   4.0477
   2.0070   3.0445   3.9952   6.9256   7.0253
   2.0344   3.0636   4.0477   7.0253   8.1590


implCovar:

       V1       V2       V3       V4       V5
   0.9981   1.0260   1.0114   1.9950   2.0237
   1.0260   2.0649   2.0355   3.0376   3.0813
   1.0114   2.0355   3.0045   3.9831   4.0405
   1.9950   3.0376   3.9831   6.9017   7.0011
   2.0237   3.0813   4.0405   7.0011   8.1344


implCovarMeas:

       V1       V2       V3       V4       V5
   0.9981   1.0260   1.0114   1.9950   2.0237
   1.0260   2.0649   2.0355   3.0376   3.0813
   1.0114   2.0355   3.0045   3.9831   4.0405
   1.9950   3.0376   3.9831   6.9017   7.0011
   2.0237   3.0813   4.0405   7.0011   8.1344


model chi square = 1.3026293421714703
model dof = 5
model p-value = 0.9346608891953537

free mappings:

0. <B1 Linear Coefficient[0][1]>
1. <B2 Linear Coefficient[1][2]>
2. <B3 Linear Coefficient[0][3]>
3. <B4 Linear Coefficient[2][3]>
4. <B5 Linear Coefficient[3][4]>
5. <T1 Error Variance[0][0]>
6. <T2 Error Variance[1][1]>
7. <T3 Error Variance[2][2]>
8. <T4 Error Variance[3][3]>
9. <T5 Error Variance[4][4]>

fixed mappings:


Variable nodes:

[X1, X2, X3, X4, X5]

Measured nodes:

[X1, X2, X3, X4, X5]

Edge coefficient matrix:

           X1       X2       X3       X4       X5
  X1   0.0000   1.0280   0.0000   0.9948   0.0000
  X2   0.0000   0.0000   0.9858   0.0000   0.0000
  X3   0.0000   0.0000   0.0000   0.9908   0.0000
  X4   0.0000   0.0000   0.0000   0.0000   1.0144
  X5   0.0000   0.0000   0.0000   0.0000   0.0000


Error covariance matrix:

           X1       X2       X3       X4       X5
  X1   0.9981   0.0000   0.0000   0.0000   0.0000
  X2   0.0000   1.0102   0.0000   0.0000   0.0000
  X3   0.0000   0.0000   0.9979   0.0000   0.0000
  X4   0.0000   0.0000   0.0000   0.9704   0.0000
  X5   0.0000   0.0000   0.0000   0.0000   1.0325


Variable means:

Mean(X1) = 5.04729705271813
Mean(X2) = 4.036164400094679
Mean(X3) = 3.0942940706980115
Mean(X4) = 2.184366368531386
Mean(X5) = 1.1866582900114877

Sample size = 1000

sample cov:

       V1       V2       V3       V4       V5
   0.9981   1.0260   1.0235   2.0070   2.0344
   1.0260   2.0649   2.0355   3.0445   3.0636
   1.0235   2.0355   3.0045   3.9952   4.0477
   2.0070   3.0445   3.9952   6.9256   7.0253
   2.0344   3.0636   4.0477   7.0253   8.1590


implCovar:

       V1       V2       V3       V4       V5
   0.9981   1.0260   1.0114   1.9950   2.0237
   1.0260   2.0649   2.0355   3.0376   3.0813
   1.0114   2.0355   3.0045   3.9831   4.0405
   1.9950   3.0376   3.9831   6.9017   7.0011
   2.0237   3.0813   4.0405   7.0011   8.1344


implCovarMeas:

       V1       V2       V3       V4       V5
   0.9981   1.0260   1.0114   1.9950   2.0237
   1.0260   2.0649   2.0355   3.0376   3.0813
   1.0114   2.0355   3.0045   3.9831   4.0405
   1.9950   3.0376   3.9831   6.9017   7.0011
   2.0237   3.0813   4.0405   7.0011   8.1344


model chi square = 1.3026293421714703
model dof = 5
model p-value = 0.9346608891953537

free mappings:

0. <B1 Linear Coefficient[0][1]>
1. <B2 Linear Coefficient[1][2]>
2. <B3 Linear Coefficient[0][3]>
3. <B4 Linear Coefficient[2][3]>
4. <B5 Linear Coefficient[3][4]>
5. <T1 Error Variance[0][0]>
6. <T2 Error Variance[1][1]>
7. <T3 Error Variance[2][2]>
8. <T4 Error Variance[3][3]>
9. <T5 Error Variance[4][4]>

fixed mappings:

Tests run: 3, Failures: 0, Errors: 0, Skipped: 0, Time elapsed: 0.057 sec
Running edu.cmu.tetrad.test.TestSem

Variable nodes:

[X1, X2, X3, X4, X5]

Measured nodes:

[X1, X2, X3, X4, X5]

Edge coefficient matrix:

           X1       X2       X3       X4       X5
  X1   0.0000   0.7750   0.0000   1.3190   0.0000
  X2   0.0000   0.0000   1.0756   0.0000   0.0000
  X3   0.0000   0.0000   0.0000   0.9639   0.0000
  X4   0.0000   0.0000   0.0000   0.0000   0.5198
  X5   0.0000   0.0000   0.0000   0.0000   0.0000


Error covariance matrix:

           X1       X2       X3       X4       X5
  X1   1.0441   0.0000   0.0000   0.0000   0.0000
  X2   0.0000   0.9290   0.0000   0.0000   0.0000
  X3   0.0000   0.0000   1.0755   0.0000   0.0000
  X4   0.0000   0.0000   0.0000   1.0232   0.0000
  X5   0.0000   0.0000   0.0000   0.0000   1.0465


Variable means:

Mean(X1) = 0.0
Mean(X2) = 0.0
Mean(X3) = 0.0
Mean(X4) = 0.0
Mean(X5) = 0.0

Sample size = 1000

sample cov:

       V1       V2       V3       V4       V5
   1.0441   0.8092   0.8930   2.2379   1.1752
   0.8092   1.5561   1.6738   2.6854   1.3634
   0.8930   1.6738   2.8758   3.9500   1.9904
   2.2379   2.6854   3.9500   7.7826   4.0453
   1.1752   1.3634   1.9904   4.0453   3.1492


implCovar:

       V1       V2       V3       V4       V5
   1.0441   0.8091   0.8703   2.2161   1.1519
   0.8091   1.5561   1.6737   2.6807   1.3934
   0.8703   1.6737   2.8758   3.9201   2.0377
   2.2161   2.6807   3.9201   7.7251   4.0154
   1.1519   1.3934   2.0377   4.0154   3.1337


implCovarMeas:

       V1       V2       V3       V4       V5
   1.0441   0.8091   0.8703   2.2161   1.1519
   0.8091   1.5561   1.6737   2.6807   1.3934
   0.8703   1.6737   2.8758   3.9201   2.0377
   2.2161   2.6807   3.9201   7.7251   4.0154
   1.1519   1.3934   2.0377   4.0154   3.1337


model chi square = 5.531278707222447
model dof = 5
model p-value = 0.35452824663893046

free mappings:

0. <B1 Linear Coefficient[0][1]>
1. <B2 Linear Coefficient[1][2]>
2. <B3 Linear Coefficient[0][3]>
3. <B4 Linear Coefficient[2][3]>
4. <B5 Linear Coefficient[3][4]>
5. <T1 Error Variance[0][0]>
6. <T2 Error Variance[1][1]>
7. <T3 Error Variance[2][2]>
8. <T4 Error Variance[3][3]>
9. <T5 Error Variance[4][4]>

fixed mappings:

Tests run: 4, Failures: 0, Errors: 0, Skipped: 0, Time elapsed: 0.005 sec
Running edu.cmu.tetrad.test.TestCpc
B --- D because it was forbidden by background knowledge.
Tests run: 4, Failures: 0, Errors: 0, Skipped: 0, Time elapsed: 0.083 sec
Running edu.cmu.tetrad.test.TestCptInvariantUpdater
Tests run: 5, Failures: 0, Errors: 0, Skipped: 0, Time elapsed: 0.012 sec
Running edu.cmu.tetrad.test.TestDiscreteProbs
Tests run: 2, Failures: 0, Errors: 0, Skipped: 0, Time elapsed: 0.002 sec
Running edu.cmu.tetrad.test.TestMbfs
Tests run: 2, Failures: 0, Errors: 0, Skipped: 0, Time elapsed: 0.021 sec
Running edu.cmu.tetrad.test.TestRfciBsc
estDepBN:
Graph Nodes:
X4 _||_ X5;X6 _||_ X3 | X1, X2;X6 _||_ X1 | X3;X5 _||_ X1 | X4;X5 _||_ X4 | X1;X2 _||_ X3 | X5

Graph Edges:


maxLnDep: -5431.165830518647 maxLnInd: -5431.31498727586
bscD: 0.9950495049503807 bscI: 0.6796695424483452
graphRBD:
Graph Nodes:
X1;X2;X3;X4;X5;X6

Graph Edges:
1. X1 <-> X3
2. X1 o-> X6
3. X2 o-> X1
4. X2 o-> X6
5. X3 o-> X6
6. X4 o-> X3
7. X4 o-> X6

Graph Attributes:
bscI: 0.320330
bscD: 0.995050


graphRBI:
Graph Nodes:
X1;X2;X3;X4;X5;X6

Graph Edges:
1. X1 <-> X3
2. X1 --> X6
3. X2 o-> X1
4. X2 --> X6
5. X3 <-> X4
6. X4 <-> X6

Graph Attributes:
bscI: 0.679670
bscD: 0.004950


Elapsed 988 ms
Elapsed 989 ms

BSC-I: 0.6796695424483452

BSC-D: 0.9950495049503807
------------------------------------------
PAG_True: 
Graph Nodes:
X1;X2;X3;X4;X5;X6

Graph Edges:
1. X2 o-o X1
2. X2 o-> X6
3. X3 o-o X1
4. X3 o-o X2
5. X4 o-o X1
6. X4 o-o X2
7. X4 o-o X3
8. X5 o-o X1
9. X5 o-o X4
10. X5 o-> X6


------------------------------------------
RB-I: 
Graph Nodes:
X1;X2;X3;X4;X5;X6

Graph Edges:
1. X1 <-> X3
2. X1 --> X6
3. X2 o-> X1
4. X2 --> X6
5. X3 <-> X4
6. X4 <-> X6

Graph Attributes:
bscI: 0.679670
bscD: 0.004950


------------------------------------------
RB-D: 
Graph Nodes:
X1;X2;X3;X4;X5;X6

Graph Edges:
1. X1 <-> X3 [X1 <-o X3]:0.1000;[X1 o-> X3]:0.2000;[X1 <-> X3]:0.4000;[X1 --> X3]:0.1000;[X1 o-o X3]:0.1000;[no edge]:0.1000;
2. X2 o-> X1 [X1 o-o X2]:0.3000;[X1 o-> X2]:0.4000;[X1 <-o X2]:0.1000;[X1 <-- X2]:0.2000;
3. X4 o-> X3 [X3 o-> X4]:0.4000;[X3 <-> X4]:0.2000;[X3 o-o X4]:0.2000;[no edge]:0.2000;
4. X1 o-> X6 [X1 o-> X6]:0.2000;[X1 <-> X6]:0.3000;[X1 o-o X6]:0.2000;[X1 --> X6]:0.1000;[no edge]:0.2000;
5. X2 o-> X6 [X2 <-> X6]:0.2000;[X2 o-> X6]:0.3000;[X2 --> X6]:0.1000;[no edge]:0.4000;
6. X3 o-> X6 [X3 <-o X6]:0.1000;[X3 o-o X6]:0.1000;[X3 <-> X6]:0.2000;[X3 o-> X6]:0.3000;[X3 --> X6]:0.2000;[no edge]:0.1000;
7. X4 o-> X6 [X4 <-> X6]:0.1000;[X4 o-> X6]:0.2000;[no edge]:0.7000;

Graph Attributes:
bscI: 0.320330
bscD: 0.995050


Tests run: 1, Failures: 0, Errors: 0, Skipped: 0, Time elapsed: 1 sec
Running edu.cmu.tetrad.test.TestUpdaterJointMarginal
Tests run: 1, Failures: 0, Errors: 0, Skipped: 0, Time elapsed: 0.003 sec
Running edu.cmu.tetrad.test.TestDataReader
Tests run: 3, Failures: 0, Errors: 0, Skipped: 0, Time elapsed: 0.012 sec
Running edu.cmu.tetrad.test.TestCovarianceMatrix
X0	X1	X2	X3	X4
1.0000
-0.6096	1.0000
0.4974	-0.4420	1.0000
0.3477	-0.1101	-0.2200	1.0000
0.4824	-0.4885	-0.0703	0.0474	1.0000

Tests run: 1, Failures: 0, Errors: 0, Skipped: 0, Time elapsed: 0.045 sec
Running edu.cmu.tetrad.test.TestChoiceGenerator
Tests run: 5, Failures: 0, Errors: 0, Skipped: 0, Time elapsed: 0.029 sec
Running edu.cmu.tetrad.test.TestParser
Tests run: 6, Failures: 0, Errors: 0, Skipped: 0, Time elapsed: 0.019 sec
Running edu.cmu.tetrad.test.TestSemProposition
Tests run: 1, Failures: 0, Errors: 0, Skipped: 0, Time elapsed: 0.003 sec
Running edu.cmu.tetrad.test.TestBayesPm
Tests run: 5, Failures: 0, Errors: 0, Skipped: 0, Time elapsed: 0.003 sec
Running edu.cmu.tetrad.test.TestDataSetCellProbs
Tests run: 1, Failures: 0, Errors: 0, Skipped: 0, Time elapsed: 0.004 sec
Running edu.cmu.tetrad.test.TestPurify
Tests run: 1, Failures: 0, Errors: 0, Skipped: 1, Time elapsed: 0.001 sec
Running edu.cmu.tetrad.test.TestMimbuild2
Tests run: 1, Failures: 0, Errors: 0, Skipped: 1, Time elapsed: 0 sec
Running edu.cmu.tetrad.test.TestCombinationGenerator
Tests run: 3, Failures: 0, Errors: 0, Skipped: 0, Time elapsed: 0.002 sec
Running edu.cmu.tetrad.test.TestLingamPattern
Tests run: 1, Failures: 0, Errors: 0, Skipped: 0, Time elapsed: 0.084 sec
Running edu.cmu.tetrad.test.TestCombinationIterator
Tests run: 1, Failures: 0, Errors: 0, Skipped: 0, Time elapsed: 0.003 sec
Running edu.cmu.tetrad.test.TestIntegrator
Tests run: 1, Failures: 0, Errors: 0, Skipped: 0, Time elapsed: 0 sec
Running edu.cmu.tetrad.test.TestIndTestWaldLR
Tests run: 1, Failures: 0, Errors: 0, Skipped: 1, Time elapsed: 0 sec
Running edu.cmu.tetrad.test.TestSerialization
Serializing exemplars of instantiable TetradSerializable in target/classes/edu/cmu.
Writing serialized examplars to build/tetrad/serializable/model
0
..................................................50
..................................................100
..................................................150
..................................................200
..................................................250
..................................................300
..................................................350
..................................................400
.....................................
Finished serializing exemplars.
Deserializing files in build/tetrad/serializable/model
Finished deserializing classes in build/tetrad/serializable/model.
Deserializing archived instances in archives.
Tests run: 1, Failures: 0, Errors: 0, Skipped: 0, Time elapsed: 0.497 sec
Running edu.cmu.tetrad.test.TestDeltaTetradTest
i = 0
i = 1
i = 2
i = 3
Tests run: 5, Failures: 0, Errors: 0, Skipped: 0, Time elapsed: 0.279 sec
Running edu.cmu.tetrad.test.TestSemEstimator

Variable nodes:

[X1, X2, X3, X4, X5]

Measured nodes:

[X1, X2, X3, X4, X5]

Edge coefficient matrix:

           X1       X2       X3       X4       X5
  X1   0.0000   0.7750   0.0000   1.3190   0.0000
  X2   0.0000   0.0000   1.0756   0.0000   0.0000
  X3   0.0000   0.0000   0.0000   0.9639   0.0000
  X4   0.0000   0.0000   0.0000   0.0000   0.5198
  X5   0.0000   0.0000   0.0000   0.0000   0.0000


Error covariance matrix:

           X1       X2       X3       X4       X5
  X1   1.0441   0.0000   0.0000   0.0000   0.0000
  X2   0.0000   0.9290   0.0000   0.0000   0.0000
  X3   0.0000   0.0000   1.0755   0.0000   0.0000
  X4   0.0000   0.0000   0.0000   1.0232   0.0000
  X5   0.0000   0.0000   0.0000   0.0000   1.0465


Variable means:

Mean(X1) = 0.0
Mean(X2) = 0.0
Mean(X3) = 0.0
Mean(X4) = 0.0
Mean(X5) = 0.0

Sample size = 1000

sample cov:

       V1       V2       V3       V4       V5
   1.0441   0.8092   0.8930   2.2379   1.1752
   0.8092   1.5561   1.6738   2.6854   1.3634
   0.8930   1.6738   2.8758   3.9500   1.9904
   2.2379   2.6854   3.9500   7.7826   4.0453
   1.1752   1.3634   1.9904   4.0453   3.1492


implCovar:

       V1       V2       V3       V4       V5
   1.0441   0.8091   0.8703   2.2161   1.1519
   0.8091   1.5561   1.6737   2.6807   1.3934
   0.8703   1.6737   2.8758   3.9201   2.0377
   2.2161   2.6807   3.9201   7.7251   4.0154
   1.1519   1.3934   2.0377   4.0154   3.1337


implCovarMeas:

       V1       V2       V3       V4       V5
   1.0441   0.8091   0.8703   2.2161   1.1519
   0.8091   1.5561   1.6737   2.6807   1.3934
   0.8703   1.6737   2.8758   3.9201   2.0377
   2.2161   2.6807   3.9201   7.7251   4.0154
   1.1519   1.3934   2.0377   4.0154   3.1337


model chi square = 5.531278707222447
model dof = 5
model p-value = 0.35452824663893046

free mappings:

0. <B1 Linear Coefficient[0][1]>
1. <B2 Linear Coefficient[1][2]>
2. <B3 Linear Coefficient[0][3]>
3. <B4 Linear Coefficient[2][3]>
4. <B5 Linear Coefficient[3][4]>
5. <T1 Error Variance[0][0]>
6. <T2 Error Variance[1][1]>
7. <T3 Error Variance[2][2]>
8. <T4 Error Variance[3][3]>
9. <T5 Error Variance[4][4]>

fixed mappings:


Variable nodes:

[X1, X2, X3, X4]

Measured nodes:

[X1, X2, X3, X4]

Edge coefficient matrix:

           X1       X2       X3       X4
  X1   0.0000   0.6876   0.0000   0.0000
  X2   0.0000   0.0000  -1.2956   0.0000
  X3   0.0000   0.0000   0.0000  -1.2404
  X4  -0.8775   0.0000   0.0000   0.0000


Error covariance matrix:

           X1       X2       X3       X4
  X1   1.1882   0.0000   0.0000   0.0000
  X2   0.0000   2.6250   0.0000   0.0000
  X3   0.0000   0.0000   1.2731   0.0000
  X4   0.0000   0.0000   0.0000   2.3823


Variable means:

Mean(X1) = 0.03337812121183593
Mean(X2) = 0.0010216702941740338
Mean(X3) = 0.0022156194348177767
Mean(X4) = 0.04449997130625479

Sample size = 1000

sample cov:

       V1       V2       V3       V4
   2.5571  -0.1199   0.8871  -2.2229
  -0.1199   1.2534  -1.1385   0.6491
   0.8871  -1.1385   2.1206  -1.6788
  -2.2229   0.6491  -1.6788   3.2935


implCovar:

       V1       V2       V3       V4
   2.5134  -0.1511   0.8993  -2.1768
  -0.1511   1.2287  -1.1082   0.6449
   0.8993  -1.1082   2.0822  -1.6372
  -2.1768   0.6449  -1.6372   3.2402


implCovarMeas:

       V1       V2       V3       V4
   2.5134  -0.1511   0.8993  -2.1768
  -0.1511   1.2287  -1.1082   0.6449
   0.8993  -1.1082   2.0822  -1.6372
  -2.1768   0.6449  -1.6372   3.2402


model chi square = 2.1732228749599187
model dof = 2
model p-value = 0.3373577167767948

free mappings:

0. <B1 Linear Coefficient[0][1]>
1. <B2 Linear Coefficient[1][2]>
2. <B3 Linear Coefficient[3][0]>
3. <B4 Linear Coefficient[2][3]>
4. <T1 Error Variance[0][0]>
5. <T2 Error Variance[1][1]>
6. <T3 Error Variance[2][2]>
7. <T4 Error Variance[3][3]>

fixed mappings:

Tests run: 5, Failures: 0, Errors: 0, Skipped: 0, Time elapsed: 0.101 sec
Running edu.cmu.tetrad.test.TestUniformGraphGenerator
Tests run: 9, Failures: 0, Errors: 0, Skipped: 0, Time elapsed: 0.029 sec
Running edu.cmu.tetrad.test.TestPoint
Tests run: 1, Failures: 0, Errors: 0, Skipped: 0, Time elapsed: 0 sec
Running edu.cmu.tetrad.test.TestTransform
Tests run: 2, Failures: 0, Errors: 0, Skipped: 0, Time elapsed: 0 sec
Running edu.cmu.tetrad.test.TestSearchGraph
Tests run: 2, Failures: 0, Errors: 0, Skipped: 0, Time elapsed: 0.008 sec
Running edu.cmu.tetrad.test.TestBayesXml
Tests run: 4, Failures: 0, Errors: 0, Skipped: 0, Time elapsed: 0.058 sec
Running edu.cmu.tetrad.test.TestFisherZCalibration

Depth = 0

Same = 1973 out of 2000

                               FP  FN
                     Fisher Z   7  48
  Local Consistency Criterion   0  68


alpha = 0.05
alpha^ = 0.018666666666666668

Depth = 1

Same = 1946 out of 2000

                               FP   FN
                     Fisher Z   7  150
  Local Consistency Criterion   1  198


alpha = 0.05
alpha^ = 0.035175879396984924
Tests run: 1, Failures: 0, Errors: 0, Skipped: 0, Time elapsed: 30.289 sec
Running edu.cmu.tetrad.test.TestDataLoadersRoundtrip
Tests run: 2, Failures: 0, Errors: 0, Skipped: 0, Time elapsed: 0.003 sec
Running edu.cmu.tetrad.test.TestGFci
Elapsed 9 ms
Elapsed initializeForwardEdgesFromEmptyGraph = 8 ms
** FORWARD EQUIVALENCE SEARCH
** BACKWARD EQUIVALENCE SEARCH
** FORWARD EQUIVALENCE SEARCH
** BACKWARD EQUIVALENCE SEARCH
Epoch
Elapsed 12 ms
Elapsed 16 ms
Tests run: 5, Failures: 0, Errors: 0, Skipped: 0, Time elapsed: 0.385 sec
Running edu.cmu.tetrad.test.TestLargeSemSimulator
Tests run: 1, Failures: 0, Errors: 0, Skipped: 0, Time elapsed: 0.007 sec
Running edu.cmu.tetrad.test.TestMarkovBlanketSearches
Tests run: 3, Failures: 0, Errors: 0, Skipped: 0, Time elapsed: 0.008 sec
Running edu.cmu.tetrad.test.TestKernelGaussian
Tests run: 1, Failures: 0, Errors: 0, Skipped: 0, Time elapsed: 0 sec
Running edu.cmu.tetrad.test.TestStatUtils
Tests run: 7, Failures: 0, Errors: 0, Skipped: 0, Time elapsed: 0.043 sec
Running edu.cmu.tetrad.test.TestUpdatedBayesIm
Tests run: 1, Failures: 0, Errors: 0, Skipped: 0, Time elapsed: 0.009 sec
Running edu.cmu.tetrad.test.TestDiscretizer
Tests run: 5, Failures: 0, Errors: 0, Skipped: 0, Time elapsed: 0.004 sec
Running edu.cmu.tetrad.test.TestFas
Tests run: 1, Failures: 0, Errors: 0, Skipped: 0, Time elapsed: 0.004 sec
Running edu.cmu.tetrad.test.TestEndpointMatrixGraph
Tests run: 3, Failures: 0, Errors: 0, Skipped: 0, Time elapsed: 0.002 sec
Running edu.cmu.tetrad.test.TestPartialCorrelationPdf
Tests run: 1, Failures: 0, Errors: 0, Skipped: 0, Time elapsed: 0.001 sec
Running edu.cmu.tetrad.test.TestGraphUtils
Tests run: 8, Failures: 0, Errors: 0, Skipped: 0, Time elapsed: 0.041 sec
Running edu.cmu.tetrad.test.TestStandardizedSem

Variable nodes:

[X1, X2, X3, X4, X5]

Measured nodes:

[X1, X2, X3, X4, X5]

Edge coefficient matrix:

           X1       X2       X3       X4       X5
  X1   0.0000   0.0000   0.0000  -0.4377   0.5550
  X2   0.0000   0.0000  -0.8375   0.5824   0.0000
  X3   0.0000   0.0000   0.0000   1.1699   0.0000
  X4   0.0000   0.0000   0.0000   0.0000   0.0000
  X5   0.0000   0.0000   0.0000   0.0000   0.0000


Error covariance matrix:

           X1       X2       X3       X4       X5
  X1   1.0000   0.0000   0.0000   0.0000   0.0000
  X2   0.0000   1.0000   0.0000   0.0000   0.0000
  X3   0.0000   0.0000   0.2986   0.0000   0.0000
  X4   0.0000   0.0000   0.0000   0.2522   0.0000
  X5   0.0000   0.0000   0.0000   0.0000   0.6920


Variable means:

Mean(X1) = 4.8627768478581857E-17
Mean(X2) = -5.040412531798211E-17
Mean(X3) = 1.3100631690576846E-17
Mean(X4) = 2.5979218776228665E-17
Mean(X5) = 2.6423307986078724E-17

Sample size = 1000

sample cov:

       V1       V2       V3       V4       V5
   1.0000   0.0255  -0.0026  -0.4258   0.5550
   0.0255   1.0000  -0.8375  -0.4086   0.0101
  -0.0026  -0.8375   1.0000   0.6833  -0.0325
  -0.4258  -0.4086   0.6833   1.0000  -0.2955
   0.5550   0.0101  -0.0325  -0.2955   1.0000


implCovar:

       V1       V2       V3       V4       V5
   1.0000                    -0.4377   0.5550
            1.0000  -0.8375  -0.3975         
           -0.8375   1.0000   0.6822         
  -0.4377  -0.3975   0.6822   1.0104  -0.2429
   0.5550                    -0.2429   1.0000


implCovarMeas:

       V1       V2       V3       V4       V5
   1.0000                    -0.4377   0.5550
            1.0000  -0.8375  -0.3975         
           -0.8375   1.0000   0.6822         
  -0.4377  -0.3975   0.6822   1.0104  -0.2429
   0.5550                    -0.2429   1.0000


model chi square = 10.265912469136818
model dof = 5
model p-value = 0.06804194784684137

free mappings:

0. <B1 Linear Coefficient[0][3]>
1. <B2 Linear Coefficient[1][2]>
2. <B3 Linear Coefficient[0][4]>
3. <B4 Linear Coefficient[1][3]>
4. <B5 Linear Coefficient[2][3]>
5. <T1 Error Variance[0][0]>
6. <T2 Error Variance[1][1]>
7. <T3 Error Variance[2][2]>
8. <T4 Error Variance[3][3]>
9. <T5 Error Variance[4][4]>

fixed mappings:

cov
       V1       V2       V3       V4       V5
   1.0000                    -0.4315   0.5875
            1.0000  -0.8358  -0.3934         
           -0.8358   1.0000   0.6733         
  -0.4315  -0.3934   0.6733   1.0000  -0.2535
   0.5875                    -0.2535   1.0000

cov
       V1       V2       V3       V4       V5
   1.0000   0.5760   0.3381   0.1730         
   0.5760   1.0000   0.8678   0.7552         
   0.3381   0.8678   1.0000   0.9206   0.2335
   0.1730   0.7552   0.9206   1.0000   0.3784
                     0.2335   0.3784   1.0000

cov
       V1       V2       V3
   1.0000   0.5000  -0.3348
   0.5000   1.0000  -0.5196
  -0.3348  -0.5196   1.0000

cov
       V1       V2       V3
   1.0000            0.4512
            1.0000  -0.7586
   0.4512  -0.7586   1.0000

cov
       V1       V2       V3
   1.0000   0.7685  -0.8830
   0.7685   1.0000  -0.9137
  -0.8830  -0.9137   1.0000

cov
       V1       V2       V3       V4       V5
   1.0000   0.7583                     0.3219
   0.7583   1.0000   0.1500            0.6648
            0.1500   1.0000            0.6852
                              1.0000   0.4125
   0.3219   0.6648   0.6852   0.4125   1.0000

Tests run: 8, Failures: 0, Errors: 0, Skipped: 0, Time elapsed: 0.266 sec
Running edu.cmu.tetrad.test.TestCollisions
Tests run: 2, Failures: 0, Errors: 0, Skipped: 0, Time elapsed: 0 sec
Running edu.cmu.tetrad.test.TestProposition
Tests run: 1, Failures: 0, Errors: 0, Skipped: 0, Time elapsed: 0 sec
Running edu.cmu.tetrad.test.TestSemGraph
Tests run: 1, Failures: 0, Errors: 0, Skipped: 0, Time elapsed: 0.001 sec
Running edu.cmu.tetrad.test.TestKnowledge
Tests run: 3, Failures: 0, Errors: 0, Skipped: 0, Time elapsed: 0.008 sec
Running edu.cmu.tetrad.test.TestSemEvidence
Tests run: 1, Failures: 0, Errors: 0, Skipped: 0, Time elapsed: 0 sec
Running edu.cmu.tetrad.test.TestSemIm

Variable nodes:

[X1, X2, X3, X4, X5]

Measured nodes:

[X3, X4, X5]

Edge coefficient matrix:

           X1       X2       X3       X4       X5
  X1   0.0000   0.7522   0.0000  -0.0648   0.0000
  X2   0.0000   0.0000   0.7919   0.0000   0.0000
  X3   0.0000   0.0000   0.0000  -0.7988   0.0000
  X4   0.0000   0.0000   0.0000   0.0000  -1.1096
  X5   0.0000   0.0000   0.0000   0.0000   0.0000


Error covariance matrix:

           X1       X2       X3       X4       X5
  X1   3.0700   0.0000   0.0000   0.0000   0.0000
  X2   0.0000   0.4780   0.0000   0.0000   0.0000
  X3   0.0000   0.0000   1.9887   0.0000   0.0000
  X4   0.0000   0.0000   0.0000   2.0331   0.0000
  X5   0.0000   0.0000   0.0000   0.0000   2.4166


Variable means:

Mean(X1) = 0.0
Mean(X2) = 0.0
Mean(X3) = 0.0
Mean(X4) = 0.0
Mean(X5) = 0.0

Sample size = 500

sample cov:

       V1       V2       V3
   3.3777  -2.8168   3.2326
  -2.8168   4.3909  -4.8722
   3.2326  -4.8722   7.8230


implCovar:

       V1       V2       V3       V4       V5
   3.0700   2.3092   1.8287  -1.6598   1.8418
   2.3092   2.2149   1.7540  -1.5509   1.7209
   1.8287   1.7540   3.3777  -2.8168   3.1256
  -1.6598  -1.5509  -2.8168   4.3909  -4.8722
   1.8418   1.7209   3.1256  -4.8722   7.8230


implCovarMeas:

       V1       V2       V3
   3.3777  -2.8168   3.1256
  -2.8168   4.3909  -4.8722
   3.1256  -4.8722   7.8230


model chi square = 1.518759123961846
model dof = -4
model p-value = NaN

free mappings:

0. <B1 Linear Coefficient[0][1]>
1. <B2 Linear Coefficient[1][2]>
2. <B3 Linear Coefficient[0][3]>
3. <B4 Linear Coefficient[2][3]>
4. <B5 Linear Coefficient[3][4]>
5. <T1 Error Variance[0][0]>
6. <T2 Error Variance[1][1]>
7. <T3 Error Variance[2][2]>
8. <T4 Error Variance[3][3]>
9. <T5 Error Variance[4][4]>

fixed mappings:


Variable nodes:

[X1, X2, X3, X4, X5]

Measured nodes:

[X3, X4, X5]

Edge coefficient matrix:

           X1       X2       X3       X4       X5
  X1   0.0000  -1.2066   0.0000  -1.3324   0.0000
  X2   0.0000   0.0000  -1.7120   0.0000   0.0000
  X3   0.0000   0.0000   0.0000  -0.3488   0.0000
  X4   0.0000   0.0000   0.0000   0.0000  -1.1096
  X5   0.0000   0.0000   0.0000   0.0000   0.0000


Error covariance matrix:

           X1       X2       X3       X4       X5
  X1   0.5954   0.0000   0.0000   0.0000   0.0000
  X2   0.0000   0.2170   0.0000   0.0000   0.0000
  X3   0.0000   0.0000   0.2012   0.0000   0.0000
  X4   0.0000   0.0000   0.0000   1.7799   0.0000
  X5   0.0000   0.0000   0.0000   0.0000   2.4166


Variable means:

Mean(X1) = 0.0
Mean(X2) = 0.0
Mean(X3) = 0.0
Mean(X4) = 0.0
Mean(X5) = 0.0

Sample size = 500

sample cov:

       V1       V2       V3
   3.3777  -2.8168   3.2326
  -2.8168   4.3909  -4.8722
   3.2326  -4.8722   7.8230


implCovar:

       V1       V2       V3       V4       V5
   0.5954  -0.7184   1.2298  -1.2222   1.3562
  -0.7184   1.0838  -1.8554   1.6043  -1.7802
   1.2298  -1.8554   3.3777  -2.8168   3.1256
  -1.2222   1.6043  -2.8168   4.3909  -4.8722
   1.3562  -1.7802   3.1256  -4.8722   7.8230


implCovarMeas:

       V1       V2       V3
   3.3777  -2.8168   3.1256
  -2.8168   4.3909  -4.8722
   3.1256  -4.8722   7.8230


model chi square = 1.518759606237099
model dof = -4
model p-value = NaN

free mappings:

0. <B1 Linear Coefficient[0][1]>
1. <B2 Linear Coefficient[1][2]>
2. <B3 Linear Coefficient[0][3]>
3. <B4 Linear Coefficient[2][3]>
4. <B5 Linear Coefficient[3][4]>
5. <T1 Error Variance[0][0]>
6. <T2 Error Variance[1][1]>
7. <T3 Error Variance[2][2]>
8. <T4 Error Variance[3][3]>
9. <T5 Error Variance[4][4]>

fixed mappings:


Variable nodes:

[X1, X2, X3, X4, X5]

Measured nodes:

[X3, X4, X5]

Edge coefficient matrix:

           X1       X2       X3       X4       X5
  X1   0.0000   1.5792   0.0000  -1.0421   0.0000
  X2   0.0000   0.0000  -0.3082   0.0000   0.0000
  X3   0.0000   0.0000   0.0000  -0.8894   0.0000
  X4   0.0000   0.0000   0.0000   0.0000  -1.1096
  X5   0.0000   0.0000   0.0000   0.0000   0.0000


Error covariance matrix:

           X1       X2       X3       X4       X5
  X1   0.3692   0.0000   0.0000   0.0000   0.0000
  X2   0.0000   2.7126   0.0000   0.0000   0.0000
  X3   0.0000   0.0000   3.0326   0.0000   0.0000
  X4   0.0000   0.0000   0.0000   1.6514   0.0000
  X5   0.0000   0.0000   0.0000   0.0000   2.4166


Variable means:

Mean(X1) = 0.0
Mean(X2) = 0.0
Mean(X3) = 0.0
Mean(X4) = 0.0
Mean(X5) = 0.0

Sample size = 500

sample cov:

       V1       V2       V3
   3.3777  -2.8168   3.2326
  -2.8168   4.3909  -4.8722
   3.2326  -4.8722   7.8230


implCovar:

       V1       V2       V3       V4       V5
   0.3692   0.5830  -0.1797  -0.2249   0.2496
   0.5830   3.6332  -1.1198   0.3884  -0.4310
  -0.1797  -1.1198   3.3777  -2.8168   3.1255
  -0.2249   0.3884  -2.8168   4.3909  -4.8722
   0.2496  -0.4310   3.1255  -4.8722   7.8229


implCovarMeas:

       V1       V2       V3
   3.3777  -2.8168   3.1255
  -2.8168   4.3909  -4.8722
   3.1255  -4.8722   7.8229


model chi square = 1.5187695777517696
model dof = -4
model p-value = NaN

free mappings:

0. <B1 Linear Coefficient[0][1]>
1. <B2 Linear Coefficient[1][2]>
2. <B3 Linear Coefficient[0][3]>
3. <B4 Linear Coefficient[2][3]>
4. <B5 Linear Coefficient[3][4]>
5. <T1 Error Variance[0][0]>
6. <T2 Error Variance[1][1]>
7. <T3 Error Variance[2][2]>
8. <T4 Error Variance[3][3]>
9. <T5 Error Variance[4][4]>

fixed mappings:


Variable nodes:

[X1, X2, X3, X4, X5]

Measured nodes:

[X3, X4, X5]

Edge coefficient matrix:

           X1       X2       X3       X4       X5
  X1   0.0000   0.4156   0.0000  -0.5401   0.0000
  X2   0.0000   0.0000  -0.9881   0.0000   0.0000
  X3   0.0000   0.0000   0.0000  -0.8889   0.0000
  X4   0.0000   0.0000   0.0000   0.0000  -1.1096
  X5   0.0000   0.0000   0.0000   0.0000   0.0000


Error covariance matrix:

           X1       X2       X3       X4       X5
  X1   0.8322   0.0000   0.0000   0.0000   0.0000
  X2   0.0000   0.4788   0.0000   0.0000   0.0000
  X3   0.0000   0.0000   2.7698   0.0000   0.0000
  X4   0.0000   0.0000   0.0000   1.8093   0.0000
  X5   0.0000   0.0000   0.0000   0.0000   2.4166


Variable means:

Mean(X1) = 0.0
Mean(X2) = 0.0
Mean(X3) = 0.0
Mean(X4) = 0.0
Mean(X5) = 0.0

Sample size = 500

sample cov:

       V1       V2       V3
   3.3777  -2.8168   3.2326
  -2.8168   4.3909  -4.8722
   3.2326  -4.8722   7.8230


implCovar:

       V1       V2       V3       V4       V5
   0.8322   0.3458  -0.3417  -0.1457   0.1617
   0.3458   0.6226  -0.6152   0.3600  -0.3995
  -0.3417  -0.6152   3.3777  -2.8178   3.1267
  -0.1457   0.3600  -2.8178   4.3927  -4.8742
   0.1617  -0.3995   3.1267  -4.8742   7.8252


implCovarMeas:

       V1       V2       V3
   3.3777  -2.8178   3.1267
  -2.8178   4.3927  -4.8742
   3.1267  -4.8742   7.8252


model chi square = 1.5177475469154376
model dof = -4
model p-value = NaN

free mappings:

0. <B1 Linear Coefficient[0][1]>
1. <B2 Linear Coefficient[1][2]>
2. <B3 Linear Coefficient[0][3]>
3. <B4 Linear Coefficient[2][3]>
4. <B5 Linear Coefficient[3][4]>
5. <T1 Error Variance[0][0]>
6. <T2 Error Variance[1][1]>
7. <T3 Error Variance[2][2]>
8. <T4 Error Variance[3][3]>
9. <T5 Error Variance[4][4]>

fixed mappings:


Variable nodes:

[z, P, Y, X]

Measured nodes:

[z, P, Y, X]

Edge coefficient matrix:

           z        P        Y        X
  z   0.0000   0.5462   0.0000   0.0000
  P   0.0000   0.0000   0.4844   0.0000
  Y   0.0000   0.0000   0.0000   0.4975
  X   0.0000   0.5036   0.0000   0.0000


Error covariance matrix:

           z        P        Y        X
  z   2.7498   0.0000   0.0000   0.0000
  P   0.0000   1.8666   0.0000   0.0000
  Y   0.0000   0.0000   2.2127   0.0000
  X   0.0000   0.0000   0.0000   1.0385


Variable means:

Mean(z) = 0.053221104737863165
Mean(P) = 0.0023460263265173897
Mean(Y) = 0.018094470939136825
Mean(X) = 0.026312836036114572

Sample size = 1000

sample cov:

       V1       V2       V3       V4
   2.7530   1.7266   0.8117   0.4417
   1.7266   4.0205   2.5796   1.8908
   0.8117   2.5796   3.7697   2.1625
   0.4417   1.8908   2.1625   2.2579


implCovar:

       V1       V2       V3       V4
   2.7498   1.7094   0.8280   0.4119
   1.7094   4.0017   2.5694   1.8735
   0.8280   2.5694   3.7629   2.1604
   0.4119   1.8735   2.1604   2.2567


implCovarMeas:

       V1       V2       V3       V4
   2.7498   1.7094   0.8280   0.4119
   1.7094   4.0017   2.5694   1.8735
   0.8280   2.5694   3.7629   2.1604
   0.4119   1.8735   2.1604   2.2567


model chi square = 0.7272328113445979
model dof = 2
model p-value = 0.6951578021948674

free mappings:

0. <B1 Linear Coefficient[2][3]>
1. <B2 Linear Coefficient[3][1]>
2. <B3 Linear Coefficient[1][2]>
3. <B4 Linear Coefficient[0][1]>
4. <T1 Error Variance[0][0]>
5. <T2 Error Variance[1][1]>
6. <T3 Error Variance[2][2]>
7. <T4 Error Variance[3][3]>

fixed mappings:

Tests run: 9, Failures: 0, Errors: 0, Skipped: 0, Time elapsed: 0.063 sec
Running edu.cmu.tetrad.test.TestModelGenerator
Tests run: 1, Failures: 0, Errors: 0, Skipped: 0, Time elapsed: 0 sec
Running edu.cmu.tetrad.test.TestDagScorer

Variable nodes:

[X1, X2, X3, X4, X5, X6, X7, X8, X9, X10]

Measured nodes:

[X1, X2, X3, X4, X5, X6, X7, X8, X9, X10]

Edge coefficient matrix:

            X1       X2       X3       X4       X5       X6       X7       X8       X9      X10
   X1   0.0000   0.0000   0.0000  -0.9329   0.0000   0.0000   0.0000   0.0000   0.0000   0.0000
   X2   0.0000   0.0000   0.0000   0.0000  -0.7912   0.0000   0.0000   0.0000   0.0000   0.0000
   X3   0.0000   0.0000   0.0000  -0.7958   0.0000   0.0000  -0.5926   0.0000   0.0000   0.9296
   X4   0.0000   0.0000   0.0000   0.0000   0.0000   0.0000   0.0000   0.0000   0.0000   0.0000
   X5   0.0000   0.0000   0.0000   0.0000   0.0000   0.0000   0.0000  -0.4995   0.0000   1.4058
   X6   0.0000   0.0000   0.0000   0.0000   0.0000   0.0000   0.0000   0.0000   0.0000   1.0511
   X7   0.0000   0.0000   0.0000   0.0000   0.0000   0.0000   0.0000   0.0000   1.0447  -1.4283
   X8   0.0000   0.0000   0.0000   0.0000   0.0000   0.0000   0.0000   0.0000   0.0000   0.0000
   X9   0.0000   0.0000   0.0000   0.0000   0.0000   0.0000   0.0000   0.0000   0.0000   0.0000
  X10   0.0000   0.0000   0.0000   0.0000   0.0000   0.0000   0.0000   0.0000   0.0000   0.0000


Error covariance matrix:

            X1       X2       X3       X4       X5       X6       X7       X8       X9      X10
   X1   2.5205   0.0000   0.0000   0.0000   0.0000   0.0000   0.0000   0.0000   0.0000   0.0000
   X2   0.0000   2.2311   0.0000   0.0000   0.0000   0.0000   0.0000   0.0000   0.0000   0.0000
   X3   0.0000   0.0000   1.9960   0.0000   0.0000   0.0000   0.0000   0.0000   0.0000   0.0000
   X4   0.0000   0.0000   0.0000   2.0359   0.0000   0.0000   0.0000   0.0000   0.0000   0.0000
   X5   0.0000   0.0000   0.0000   0.0000   2.1449   0.0000   0.0000   0.0000   0.0000   0.0000
   X6   0.0000   0.0000   0.0000   0.0000   0.0000   2.9857   0.0000   0.0000   0.0000   0.0000
   X7   0.0000   0.0000   0.0000   0.0000   0.0000   0.0000   2.5936   0.0000   0.0000   0.0000
   X8   0.0000   0.0000   0.0000   0.0000   0.0000   0.0000   0.0000   1.1212   0.0000   0.0000
   X9   0.0000   0.0000   0.0000   0.0000   0.0000   0.0000   0.0000   0.0000   1.3397   0.0000
  X10   0.0000   0.0000   0.0000   0.0000   0.0000   0.0000   0.0000   0.0000   0.0000   2.5747


Variable means:

Mean(X1) = -0.076564334805191
Mean(X2) = 0.026965103950923858
Mean(X3) = -0.018515179832054
Mean(X4) = 0.08313832852144724
Mean(X5) = 0.02025772745646374
Mean(X6) = -0.07131571819017028
Mean(X7) = 0.03523130759432858
Mean(X8) = 0.006493203186764988
Mean(X9) = 0.03275345074830093
Mean(X10) = -3.14756460205702E-4

Sample size = 1000

sample cov:

       V1       V2       V3       V4       V5       V6       V7       V8       V9       V10
   2.5205   0.0046  -0.1186  -2.2570   0.0001  -0.2163   0.1145  -0.0357   0.1823   -0.4704
   0.0046   2.2311   0.0305  -0.0549  -1.7652  -0.0209  -0.0588   0.8999  -0.1548   -2.3264
  -0.1186   0.0305   1.9960  -1.4777  -0.0199  -0.0326  -1.1828   0.1072  -1.2811    3.4827
  -2.2570  -0.0549  -1.4777   5.3175   0.1674   0.2884   0.7592  -0.1595   0.7754   -2.0119
   0.0001  -1.7652  -0.0199   0.1674   3.5415   0.0385   0.0391  -1.7692   0.1321    4.9448
  -0.2163  -0.0209  -0.0326   0.2884   0.0385   2.9857   0.1088  -0.0486   0.0920    3.0067
   0.1145  -0.0588  -1.1828   0.7592   0.0391   0.1088   3.2945  -0.0900   3.4417   -5.6360
  -0.0357   0.8999   0.1072  -0.1595  -1.7692  -0.0486  -0.0900   2.0050  -0.1409   -2.4152
   0.1823  -0.1548  -1.2811   0.7754   0.1321   0.0920   3.4417  -0.1409   4.9352   -5.9035
  -0.4704  -2.3264   3.4827  -2.0119   4.9448   3.0067  -5.6360  -2.4152  -5.9035   23.9737


implCovar:

       V1       V2       V3       V4       V5       V6       V7       V8       V9       V10
   2.5205                    -2.3514                                                       
            2.2311                    -1.7652                     0.8818            -2.4815
                     1.9960  -1.5884                    -1.1828  -0.0000  -1.2357    3.5450
  -2.3514           -1.5884   5.4936                     0.9413   0.0000   0.9833   -2.8210
           -1.7652                     3.5415                    -1.7692             4.9786
                                                2.9857                               3.1382
                    -1.1828   0.9413                     3.2945   0.0000   3.4417   -5.8053
            0.8818  -0.0000   0.0000  -1.7692            0.0000   2.0050   0.0000   -2.4871
                    -1.2357   0.9833                     3.4417   0.0000   4.9352   -6.0646
           -2.4815   3.5450  -2.8210   4.9786   3.1382  -5.8053  -2.4871  -6.0646   24.4593


implCovarMeas:

       V1       V2       V3       V4       V5       V6       V7       V8       V9       V10
   2.5205                    -2.3514                                                       
            2.2311                    -1.7652                     0.8818            -2.4815
                     1.9960  -1.5884                    -1.1828  -0.0000  -1.2357    3.5450
  -2.3514           -1.5884   5.4936                     0.9413   0.0000   0.9833   -2.8210
           -1.7652                     3.5415                    -1.7692             4.9786
                                                2.9857                               3.1382
                    -1.1828   0.9413                     3.2945   0.0000   3.4417   -5.8053
            0.8818  -0.0000   0.0000  -1.7692            0.0000   2.0050   0.0000   -2.4871
                    -1.2357   0.9833                     3.4417   0.0000   4.9352   -6.0646
           -2.4815   3.5450  -2.8210   4.9786   3.1382  -5.8053  -2.4871  -6.0646   24.4593


model chi square = 36.87618309048218
model dof = 35
model p-value = 0.38216438915933293

free mappings:

0. <B1 Linear Coefficient[6][8]>
1. <B2 Linear Coefficient[2][9]>
2. <B3 Linear Coefficient[5][9]>
3. <B4 Linear Coefficient[0][3]>
4. <B5 Linear Coefficient[4][9]>
5. <B6 Linear Coefficient[6][9]>
6. <B7 Linear Coefficient[1][4]>
7. <B8 Linear Coefficient[2][3]>
8. <B9 Linear Coefficient[2][6]>
9. <B10 Linear Coefficient[4][7]>
10. <T1 Error Variance[0][0]>
11. <T2 Error Variance[1][1]>
12. <T3 Error Variance[2][2]>
13. <T4 Error Variance[3][3]>
14. <T5 Error Variance[4][4]>
15. <T6 Error Variance[5][5]>
16. <T7 Error Variance[6][6]>
17. <T8 Error Variance[7][7]>
18. <T9 Error Variance[8][8]>
19. <T10 Error Variance[9][9]>

fixed mappings:

Tests run: 1, Failures: 0, Errors: 0, Skipped: 0, Time elapsed: 0.046 sec
Running edu.cmu.tetrad.test.TestSession
Tests run: 1, Failures: 0, Errors: 0, Skipped: 0, Time elapsed: 0 sec
Running edu.cmu.tetrad.test.TestSessionNode
Tests run: 5, Failures: 0, Errors: 0, Skipped: 0, Time elapsed: 0 sec
Running edu.cmu.tetrad.test.TestDM
Tests run: 2, Failures: 0, Errors: 0, Skipped: 0, Time elapsed: 0.124 sec
Running edu.cmu.tetrad.test.TestSessionSupport
Tests run: 2, Failures: 0, Errors: 0, Skipped: 0, Time elapsed: 0.001 sec
Running edu.cmu.tetrad.test.TestMathUtils
Tests run: 2, Failures: 0, Errors: 0, Skipped: 0, Time elapsed: 0 sec
Running edu.cmu.tetrad.test.TestFci
Indep: X41 _||_ X62 | []
Indep: X41 _||_ X62 | [X4]
Indep: X41 _||_ X62 | [X4, X71]
Indep: X44 _||_ X36 | [X13]
Indep: X44 _||_ X36 | [X67, X13]
Indep: X44 _||_ X64 | [X13]
Indep: X50 _||_ X28 | []
Indep: X50 _||_ X28 | [X52]
Indep: X50 _||_ X28 | [X56]
Indep: X50 _||_ X28 | [X24]
Indep: X50 _||_ X28 | [X52, X56]
Indep: X50 _||_ X28 | [X52, X24]
Indep: X50 _||_ X28 | [X56, X24]
Indep: X50 _||_ X28 | [X52, X56, X24]
Indep: X70 _||_ X80 | []
Indep: X70 _||_ X80 | [X25]
Indep: X66 _||_ X58 | []
Indep: X66 _||_ X58 | [X71]
Indep: X66 _||_ X58 | [X52]
Indep: X66 _||_ X58 | [X32]
Indep: X66 _||_ X58 | [X75]
Indep: X66 _||_ X58 | [X28]
Indep: X66 _||_ X58 | [X71, X52]
Indep: X66 _||_ X58 | [X71, X32]
Indep: X66 _||_ X58 | [X71, X75]
Indep: X66 _||_ X58 | [X71, X28]
Indep: X66 _||_ X58 | [X52, X32]
Indep: X66 _||_ X58 | [X52, X75]
Indep: X66 _||_ X58 | [X52, X28]
Indep: X66 _||_ X58 | [X32, X75]
Indep: X66 _||_ X58 | [X32, X28]
Indep: X66 _||_ X58 | [X75, X28]
Indep: X66 _||_ X58 | [X71, X52, X32]
Indep: X66 _||_ X58 | [X71, X52, X75]
Indep: X66 _||_ X58 | [X71, X52, X28]
Indep: X66 _||_ X58 | [X71, X32, X75]
Indep: X66 _||_ X58 | [X71, X32, X28]
Indep: X66 _||_ X58 | [X71, X75, X28]
Indep: X66 _||_ X58 | [X52, X32, X75]
Indep: X66 _||_ X58 | [X52, X32, X28]
Indep: X66 _||_ X58 | [X52, X75, X28]
Indep: X66 _||_ X58 | [X32, X75, X28]
Indep: X66 _||_ X58 | [X71, X52, X32, X75]
Indep: X66 _||_ X58 | [X71, X52, X32, X28]
Indep: X66 _||_ X58 | [X71, X52, X75, X28]
Indep: X66 _||_ X58 | [X71, X32, X75, X28]
Indep: X66 _||_ X58 | [X52, X32, X75, X28]
Indep: X66 _||_ X58 | [X71, X52, X32, X75, X28]
Indep: X66 _||_ X60 | []
Indep: X66 _||_ X60 | [X71]
Indep: X66 _||_ X60 | [X52]
Indep: X66 _||_ X60 | [X32]
Indep: X66 _||_ X60 | [X75]
Indep: X66 _||_ X60 | [X28]
Indep: X66 _||_ X60 | [X71, X52]
Indep: X66 _||_ X60 | [X71, X32]
Indep: X66 _||_ X60 | [X71, X75]
Indep: X66 _||_ X60 | [X71, X28]
Indep: X66 _||_ X60 | [X52, X32]
Indep: X66 _||_ X60 | [X52, X75]
Indep: X66 _||_ X60 | [X52, X28]
Indep: X66 _||_ X60 | [X32, X75]
Indep: X66 _||_ X60 | [X32, X28]
Indep: X66 _||_ X60 | [X75, X28]
Indep: X66 _||_ X60 | [X71, X52, X32]
Indep: X66 _||_ X60 | [X71, X52, X75]
Indep: X66 _||_ X60 | [X71, X52, X28]
Indep: X66 _||_ X60 | [X71, X32, X75]
Indep: X66 _||_ X60 | [X71, X32, X28]
Indep: X66 _||_ X60 | [X71, X75, X28]
Indep: X66 _||_ X60 | [X52, X32, X75]
Indep: X66 _||_ X60 | [X52, X32, X28]
Indep: X66 _||_ X60 | [X52, X75, X28]
Indep: X66 _||_ X60 | [X32, X75, X28]
Indep: X66 _||_ X60 | [X71, X52, X32, X75]
Indep: X66 _||_ X60 | [X71, X52, X32, X28]
Indep: X66 _||_ X60 | [X71, X52, X75, X28]
Indep: X66 _||_ X60 | [X71, X32, X75, X28]
Indep: X66 _||_ X60 | [X52, X32, X75, X28]
Indep: X66 _||_ X60 | [X71, X52, X32, X75, X28]
Indep: X66 _||_ X24 | []
Indep: X66 _||_ X24 | [X71]
Indep: X66 _||_ X24 | [X52]
Indep: X66 _||_ X24 | [X32]
Indep: X66 _||_ X24 | [X75]
Indep: X66 _||_ X24 | [X28]
Indep: X66 _||_ X24 | [X71, X52]
Indep: X66 _||_ X24 | [X71, X32]
Indep: X66 _||_ X24 | [X71, X75]
Indep: X66 _||_ X24 | [X71, X28]
Indep: X66 _||_ X24 | [X52, X32]
Indep: X66 _||_ X24 | [X52, X75]
Indep: X66 _||_ X24 | [X52, X28]
Indep: X66 _||_ X24 | [X32, X75]
Indep: X66 _||_ X24 | [X32, X28]
Indep: X66 _||_ X24 | [X75, X28]
Indep: X66 _||_ X24 | [X71, X52, X32]
Indep: X66 _||_ X24 | [X71, X52, X75]
Indep: X66 _||_ X24 | [X71, X52, X28]
Indep: X66 _||_ X24 | [X71, X32, X75]
Indep: X66 _||_ X24 | [X71, X32, X28]
Indep: X66 _||_ X24 | [X71, X75, X28]
Indep: X66 _||_ X24 | [X52, X32, X75]
Indep: X66 _||_ X24 | [X52, X32, X28]
Indep: X66 _||_ X24 | [X52, X75, X28]
Indep: X66 _||_ X24 | [X32, X75, X28]
Indep: X66 _||_ X24 | [X71, X52, X32, X75]
Indep: X66 _||_ X24 | [X71, X52, X32, X28]
Indep: X66 _||_ X24 | [X71, X52, X75, X28]
Indep: X66 _||_ X24 | [X71, X32, X75, X28]
Indep: X66 _||_ X24 | [X52, X32, X75, X28]
Indep: X66 _||_ X24 | [X71, X52, X32, X75, X28]
Indep: X58 _||_ X60 | [X76]
Indep: X58 _||_ X60 | [X28]
Indep: X58 _||_ X60 | [X45, X76]
Indep: X58 _||_ X60 | [X45, X28]
Indep: X58 _||_ X60 | [X76, X64]
Indep: X58 _||_ X60 | [X64, X28]
Indep: X58 _||_ X60 | [X45, X76, X64]
Indep: X58 _||_ X60 | [X45, X76, X28]
Indep: X58 _||_ X60 | [X45, X64, X28]
Indep: X58 _||_ X60 | [X45, X76, X64, X28]
Indep: X58 _||_ X24 | []
Indep: X58 _||_ X24 | [X45]
Indep: X58 _||_ X24 | [X76]
Indep: X58 _||_ X24 | [X64]
Indep: X58 _||_ X24 | [X45, X76]
Indep: X58 _||_ X24 | [X45, X64]
Indep: X58 _||_ X24 | [X76, X64]
Indep: X58 _||_ X24 | [X45, X76, X64]
Indep: X60 _||_ X24 | []
Indep: X60 _||_ X24 | [X57]
Indep: X60 _||_ X24 | [X35]
Indep: X60 _||_ X24 | [X76]
Indep: X60 _||_ X24 | [X28]
Indep: X60 _||_ X24 | [X57, X35]
Indep: X60 _||_ X24 | [X57, X76]
Indep: X60 _||_ X24 | [X57, X28]
Indep: X60 _||_ X24 | [X35, X76]
Indep: X60 _||_ X24 | [X35, X28]
Indep: X60 _||_ X24 | [X76, X28]
Indep: X60 _||_ X24 | [X57, X35, X76]
Indep: X60 _||_ X24 | [X57, X35, X28]
Indep: X60 _||_ X24 | [X57, X76, X28]
Indep: X60 _||_ X24 | [X35, X76, X28]
Indep: X60 _||_ X24 | [X57, X35, X76, X28]
Indep: X66 _||_ X40 | [X32]
Indep: X66 _||_ X40 | [X71, X32]
Indep: X66 _||_ X40 | [X52, X32]
Indep: X66 _||_ X40 | [X32, X75]
Indep: X66 _||_ X40 | [X32, X28]
Indep: X66 _||_ X40 | [X71, X52, X32]
Indep: X66 _||_ X40 | [X71, X32, X75]
Indep: X66 _||_ X40 | [X71, X32, X28]
Indep: X66 _||_ X40 | [X52, X32, X75]
Indep: X66 _||_ X40 | [X52, X32, X28]
Indep: X66 _||_ X40 | [X32, X75, X28]
Indep: X66 _||_ X40 | [X71, X52, X32, X75]
Indep: X66 _||_ X40 | [X71, X52, X32, X28]
Indep: X66 _||_ X40 | [X71, X32, X75, X28]
Indep: X66 _||_ X40 | [X52, X32, X75, X28]
Indep: X66 _||_ X40 | [X71, X52, X32, X75, X28]
Indep: X66 _||_ X39 | []
Indep: X66 _||_ X39 | [X71]
Indep: X66 _||_ X39 | [X52]
Indep: X66 _||_ X39 | [X32]
Indep: X66 _||_ X39 | [X75]
Indep: X66 _||_ X39 | [X28]
Indep: X66 _||_ X39 | [X71, X52]
Indep: X66 _||_ X39 | [X71, X32]
Indep: X66 _||_ X39 | [X71, X75]
Indep: X66 _||_ X39 | [X71, X28]
Indep: X66 _||_ X39 | [X52, X32]
Indep: X66 _||_ X39 | [X52, X75]
Indep: X66 _||_ X39 | [X52, X28]
Indep: X66 _||_ X39 | [X32, X75]
Indep: X66 _||_ X39 | [X32, X28]
Indep: X66 _||_ X39 | [X75, X28]
Indep: X66 _||_ X39 | [X71, X52, X32]
Indep: X66 _||_ X39 | [X71, X52, X75]
Indep: X66 _||_ X39 | [X71, X52, X28]
Indep: X66 _||_ X39 | [X71, X32, X75]
Indep: X66 _||_ X39 | [X71, X32, X28]
Indep: X66 _||_ X39 | [X71, X75, X28]
Indep: X66 _||_ X39 | [X52, X32, X75]
Indep: X66 _||_ X39 | [X52, X32, X28]
Indep: X66 _||_ X39 | [X52, X75, X28]
Indep: X66 _||_ X39 | [X32, X75, X28]
Indep: X66 _||_ X39 | [X71, X52, X32, X75]
Indep: X66 _||_ X39 | [X71, X52, X32, X28]
Indep: X66 _||_ X39 | [X71, X52, X75, X28]
Indep: X66 _||_ X39 | [X71, X32, X75, X28]
Indep: X66 _||_ X39 | [X52, X32, X75, X28]
Indep: X66 _||_ X39 | [X71, X52, X32, X75, X28]
Indep: X40 _||_ X75 | [X32]
Indep: X40 _||_ X39 | []
Indep: X40 _||_ X39 | [X32]
Indep: X75 _||_ X39 | []
Indep: X75 _||_ X39 | [X66]
Indep: X75 _||_ X39 | [X32]
Indep: X75 _||_ X39 | [X66, X32]
Indep: X62 _||_ X64 | [X36]
Indep: X62 _||_ X64 | [X4, X36]
Indep: X62 _||_ X13 | [X36]
Indep: X62 _||_ X13 | [X4, X36]
Indep: X45 _||_ X56 | []
Indep: X45 _||_ X56 | [X76]
Indep: X45 _||_ X56 | [X58]
Indep: X45 _||_ X56 | [X76, X58]
Indep: X45 _||_ X80 | []
Indep: X45 _||_ X80 | [X76]
Indep: X45 _||_ X80 | [X58]
Indep: X45 _||_ X80 | [X76, X58]
Indep: X45 _||_ X32 | [X39]
Indep: X45 _||_ X32 | [X76, X39]
Indep: X45 _||_ X32 | [X58, X39]
Indep: X45 _||_ X32 | [X76, X58, X39]
Indep: X56 _||_ X32 | []
Indep: X56 _||_ X32 | [X80]
Indep: X56 _||_ X32 | [X50]
Indep: X56 _||_ X32 | [X39]
Indep: X56 _||_ X32 | [X80, X50]
Indep: X56 _||_ X32 | [X80, X39]
Indep: X56 _||_ X32 | [X50, X39]
Indep: X56 _||_ X32 | [X80, X50, X39]
Indep: X80 _||_ X32 | []
Indep: X80 _||_ X32 | [X56]
Indep: X80 _||_ X32 | [X25]
Indep: X80 _||_ X32 | [X57]
Indep: X80 _||_ X32 | [X76]
Indep: X80 _||_ X32 | [X39]
Indep: X80 _||_ X32 | [X17]
Indep: X80 _||_ X32 | [X56, X25]
Indep: X80 _||_ X32 | [X56, X57]
Indep: X80 _||_ X32 | [X56, X76]
Indep: X80 _||_ X32 | [X56, X39]
Indep: X80 _||_ X32 | [X56, X17]
Indep: X80 _||_ X32 | [X25, X57]
Indep: X80 _||_ X32 | [X25, X76]
Indep: X80 _||_ X32 | [X25, X39]
Indep: X80 _||_ X32 | [X25, X17]
Indep: X80 _||_ X32 | [X57, X76]
Indep: X80 _||_ X32 | [X57, X39]
Indep: X80 _||_ X32 | [X57, X17]
Indep: X80 _||_ X32 | [X76, X39]
Indep: X80 _||_ X32 | [X76, X17]
Indep: X80 _||_ X32 | [X39, X17]
Indep: X80 _||_ X32 | [X56, X25, X57]
Indep: X80 _||_ X32 | [X56, X25, X76]
Indep: X80 _||_ X32 | [X56, X25, X39]
Indep: X80 _||_ X32 | [X56, X25, X17]
Indep: X80 _||_ X32 | [X56, X57, X76]
Indep: X80 _||_ X32 | [X56, X57, X39]
Indep: X80 _||_ X32 | [X56, X57, X17]
Indep: X80 _||_ X32 | [X56, X76, X39]
Indep: X80 _||_ X32 | [X56, X76, X17]
Indep: X80 _||_ X32 | [X56, X39, X17]
Indep: X80 _||_ X32 | [X25, X57, X76]
Indep: X80 _||_ X32 | [X25, X57, X39]
Indep: X80 _||_ X32 | [X25, X57, X17]
Indep: X80 _||_ X32 | [X25, X76, X39]
Indep: X80 _||_ X32 | [X25, X76, X17]
Indep: X80 _||_ X32 | [X25, X39, X17]
Indep: X80 _||_ X32 | [X57, X76, X39]
Indep: X80 _||_ X32 | [X57, X76, X17]
Indep: X80 _||_ X32 | [X57, X39, X17]
Indep: X80 _||_ X32 | [X76, X39, X17]
Indep: X80 _||_ X32 | [X56, X25, X57, X76]
Indep: X80 _||_ X32 | [X56, X25, X57, X39]
Indep: X80 _||_ X32 | [X56, X25, X57, X17]
Indep: X80 _||_ X32 | [X56, X25, X76, X39]
Indep: X80 _||_ X32 | [X56, X25, X76, X17]
Indep: X80 _||_ X32 | [X56, X25, X39, X17]
Indep: X80 _||_ X32 | [X56, X57, X76, X39]
Indep: X80 _||_ X32 | [X56, X57, X76, X17]
Indep: X80 _||_ X32 | [X56, X57, X39, X17]
Indep: X80 _||_ X32 | [X56, X76, X39, X17]
Indep: X80 _||_ X32 | [X25, X57, X76, X39]
Indep: X80 _||_ X32 | [X25, X57, X76, X17]
Indep: X80 _||_ X32 | [X25, X57, X39, X17]
Indep: X80 _||_ X32 | [X25, X76, X39, X17]
Indep: X80 _||_ X32 | [X57, X76, X39, X17]
Indep: X80 _||_ X32 | [X56, X25, X57, X76, X39]
Indep: X80 _||_ X32 | [X56, X25, X57, X76, X17]
Indep: X80 _||_ X32 | [X56, X25, X57, X39, X17]
Indep: X80 _||_ X32 | [X56, X25, X76, X39, X17]
Indep: X80 _||_ X32 | [X56, X57, X76, X39, X17]
Indep: X80 _||_ X32 | [X25, X57, X76, X39, X17]
Indep: X80 _||_ X32 | [X56, X25, X57, X76, X39, X17]
Indep: X4 _||_ X71 | []
Indep: X4 _||_ X71 | [X41]
Indep: X4 _||_ X71 | [X41, X62]
Indep: X67 _||_ X13 | [X44]
Indep: X67 _||_ X13 | [X55, X44]
Indep: X76 _||_ X39 | [X45]
Indep: X76 _||_ X39 | [X45, X80]
Indep: X76 _||_ X39 | [X45, X58]
Indep: X76 _||_ X39 | [X45, X60]
Indep: X76 _||_ X39 | [X45, X57]
Indep: X76 _||_ X39 | [X45, X80, X58]
Indep: X76 _||_ X39 | [X45, X80, X60]
Indep: X76 _||_ X39 | [X45, X80, X57]
Indep: X76 _||_ X39 | [X45, X58, X60]
Indep: X76 _||_ X39 | [X45, X58, X57]
Indep: X76 _||_ X39 | [X45, X60, X57]
Indep: X76 _||_ X39 | [X45, X80, X58, X60]
Indep: X76 _||_ X39 | [X45, X80, X58, X57]
Indep: X76 _||_ X39 | [X45, X80, X60, X57]
Indep: X76 _||_ X39 | [X45, X58, X60, X57]
Indep: X76 _||_ X39 | [X45, X80, X58, X60, X57]
Indep: X58 _||_ X39 | [X45]
Indep: X58 _||_ X39 | [X45, X64]
Indep: X52 _||_ X56 | []
Indep: X52 _||_ X56 | [X66]
Indep: X52 _||_ X56 | [X50]
Indep: X52 _||_ X56 | [X66, X50]
Indep: X52 _||_ X24 | []
Indep: X52 _||_ X24 | [X66]
Indep: X56 _||_ X24 | []
Indep: X56 _||_ X24 | [X80]
Indep: X56 _||_ X24 | [X50]
Indep: X56 _||_ X24 | [X39]
Indep: X56 _||_ X24 | [X80, X50]
Indep: X56 _||_ X24 | [X80, X39]
Indep: X56 _||_ X24 | [X50, X39]
Indep: X56 _||_ X24 | [X80, X50, X39]
Indep: X66 _||_ X50 | []
Indep: X66 _||_ X50 | [X71]
Indep: X66 _||_ X50 | [X52]
Indep: X66 _||_ X50 | [X32]
Indep: X66 _||_ X50 | [X75]
Indep: X66 _||_ X50 | [X28]
Indep: X66 _||_ X50 | [X71, X52]
Indep: X66 _||_ X50 | [X71, X32]
Indep: X66 _||_ X50 | [X71, X75]
Indep: X66 _||_ X50 | [X71, X28]
Indep: X66 _||_ X50 | [X52, X32]
Indep: X66 _||_ X50 | [X52, X75]
Indep: X66 _||_ X50 | [X52, X28]
Indep: X66 _||_ X50 | [X32, X75]
Indep: X66 _||_ X50 | [X32, X28]
Indep: X66 _||_ X50 | [X75, X28]
Indep: X66 _||_ X50 | [X71, X52, X32]
Indep: X66 _||_ X50 | [X71, X52, X75]
Indep: X66 _||_ X50 | [X71, X52, X28]
Indep: X66 _||_ X50 | [X71, X32, X75]
Indep: X66 _||_ X50 | [X71, X32, X28]
Indep: X66 _||_ X50 | [X71, X75, X28]
Indep: X66 _||_ X50 | [X52, X32, X75]
Indep: X66 _||_ X50 | [X52, X32, X28]
Indep: X66 _||_ X50 | [X52, X75, X28]
Indep: X66 _||_ X50 | [X32, X75, X28]
Indep: X66 _||_ X50 | [X71, X52, X32, X75]
Indep: X66 _||_ X50 | [X71, X52, X32, X28]
Indep: X66 _||_ X50 | [X71, X52, X75, X28]
Indep: X66 _||_ X50 | [X71, X32, X75, X28]
Indep: X66 _||_ X50 | [X52, X32, X75, X28]
Indep: X66 _||_ X50 | [X71, X52, X32, X75, X28]
Indep: X80 _||_ X50 | []
Indep: X80 _||_ X50 | [X25]
Indep: X80 _||_ X50 | [X57]
Indep: X80 _||_ X50 | [X76]
Indep: X80 _||_ X50 | [X39]
Indep: X80 _||_ X50 | [X17]
Indep: X80 _||_ X50 | [X56, X76]
Indep: X80 _||_ X50 | [X56, X39]
Indep: X80 _||_ X50 | [X56, X17]
Indep: X80 _||_ X50 | [X25, X57]
Indep: X80 _||_ X50 | [X25, X76]
Indep: X80 _||_ X50 | [X25, X39]
Indep: X80 _||_ X50 | [X25, X17]
Indep: X80 _||_ X50 | [X57, X76]
Indep: X80 _||_ X50 | [X57, X39]
Indep: X80 _||_ X50 | [X57, X17]
Indep: X80 _||_ X50 | [X76, X39]
Indep: X80 _||_ X50 | [X76, X17]
Indep: X80 _||_ X50 | [X39, X17]
Indep: X80 _||_ X50 | [X56, X25, X76]
Indep: X80 _||_ X50 | [X56, X25, X39]
Indep: X80 _||_ X50 | [X56, X57, X39]
Indep: X80 _||_ X50 | [X56, X76, X39]
Indep: X80 _||_ X50 | [X56, X76, X17]
Indep: X80 _||_ X50 | [X56, X39, X17]
Indep: X80 _||_ X50 | [X25, X57, X76]
Indep: X80 _||_ X50 | [X25, X57, X39]
Indep: X80 _||_ X50 | [X25, X57, X17]
Indep: X80 _||_ X50 | [X25, X76, X39]
Indep: X80 _||_ X50 | [X25, X76, X17]
Indep: X80 _||_ X50 | [X25, X39, X17]
Indep: X80 _||_ X50 | [X57, X76, X39]
Indep: X80 _||_ X50 | [X57, X76, X17]
Indep: X80 _||_ X50 | [X57, X39, X17]
Indep: X80 _||_ X50 | [X76, X39, X17]
Indep: X80 _||_ X50 | [X56, X25, X57, X39]
Indep: X80 _||_ X50 | [X56, X25, X76, X39]
Indep: X80 _||_ X50 | [X56, X25, X76, X17]
Indep: X80 _||_ X50 | [X56, X25, X39, X17]
Indep: X80 _||_ X50 | [X56, X57, X76, X39]
Indep: X80 _||_ X50 | [X56, X57, X76, X17]
Indep: X80 _||_ X50 | [X56, X57, X39, X17]
Indep: X80 _||_ X50 | [X56, X76, X39, X17]
Indep: X80 _||_ X50 | [X25, X57, X76, X39]
Indep: X80 _||_ X50 | [X25, X57, X76, X17]
Indep: X80 _||_ X50 | [X25, X57, X39, X17]
Indep: X80 _||_ X50 | [X25, X76, X39, X17]
Indep: X80 _||_ X50 | [X57, X76, X39, X17]
Indep: X80 _||_ X50 | [X56, X25, X57, X76, X39]
Indep: X80 _||_ X50 | [X56, X25, X57, X39, X17]
Indep: X80 _||_ X50 | [X56, X25, X76, X39, X17]
Indep: X80 _||_ X50 | [X56, X57, X76, X39, X17]
Indep: X80 _||_ X50 | [X25, X57, X76, X39, X17]
Indep: X80 _||_ X50 | [X56, X25, X57, X76, X39, X17]
Indep: X50 _||_ X39 | []
Indep: X50 _||_ X39 | [X52]
Indep: X50 _||_ X39 | [X24]
Indep: X50 _||_ X39 | [X52, X24]
Indep: X80 _||_ X60 | [X57]
Indep: X80 _||_ X60 | [X76]
Indep: X80 _||_ X60 | [X56, X57]
Indep: X80 _||_ X60 | [X56, X76]
Indep: X80 _||_ X60 | [X25, X57]
Indep: X80 _||_ X60 | [X25, X76]
Indep: X80 _||_ X60 | [X57, X76]
Indep: X80 _||_ X60 | [X57, X39]
Indep: X80 _||_ X60 | [X57, X17]
Indep: X80 _||_ X60 | [X76, X39]
Indep: X80 _||_ X60 | [X76, X17]
Indep: X80 _||_ X60 | [X56, X25, X57]
Indep: X80 _||_ X60 | [X56, X25, X76]
Indep: X80 _||_ X60 | [X56, X57, X76]
Indep: X80 _||_ X60 | [X56, X57, X39]
Indep: X80 _||_ X60 | [X56, X57, X17]
Indep: X80 _||_ X60 | [X56, X76, X39]
Indep: X80 _||_ X60 | [X56, X76, X17]
Indep: X80 _||_ X60 | [X25, X57, X76]
Indep: X80 _||_ X60 | [X25, X57, X39]
Indep: X80 _||_ X60 | [X25, X57, X17]
Indep: X80 _||_ X60 | [X25, X76, X39]
Indep: X80 _||_ X60 | [X25, X76, X17]
Indep: X80 _||_ X60 | [X57, X76, X39]
Indep: X80 _||_ X60 | [X57, X76, X17]
Indep: X80 _||_ X60 | [X57, X39, X17]
Indep: X80 _||_ X60 | [X76, X39, X17]
Indep: X80 _||_ X60 | [X56, X25, X57, X76]
Indep: X80 _||_ X60 | [X56, X25, X57, X39]
Indep: X80 _||_ X60 | [X56, X25, X57, X17]
Indep: X80 _||_ X60 | [X56, X25, X76, X39]
Indep: X80 _||_ X60 | [X56, X25, X76, X17]
Indep: X80 _||_ X60 | [X56, X57, X76, X39]
Indep: X80 _||_ X60 | [X56, X57, X76, X17]
Indep: X80 _||_ X60 | [X56, X57, X39, X17]
Indep: X80 _||_ X60 | [X56, X76, X39, X17]
Indep: X80 _||_ X60 | [X25, X57, X76, X39]
Indep: X80 _||_ X60 | [X25, X57, X76, X17]
Indep: X80 _||_ X60 | [X25, X57, X39, X17]
Indep: X80 _||_ X60 | [X25, X76, X39, X17]
Indep: X80 _||_ X60 | [X57, X76, X39, X17]
Indep: X80 _||_ X60 | [X56, X25, X57, X76, X39]
Indep: X80 _||_ X60 | [X56, X25, X57, X76, X17]
Indep: X80 _||_ X60 | [X56, X25, X57, X39, X17]
Indep: X80 _||_ X60 | [X56, X25, X76, X39, X17]
Indep: X80 _||_ X60 | [X56, X57, X76, X39, X17]
Indep: X80 _||_ X60 | [X25, X57, X76, X39, X17]
Indep: X80 _||_ X60 | [X56, X25, X57, X76, X39, X17]
Indep: X45 _||_ X64 | []
Indep: X45 _||_ X64 | [X76]
Indep: X45 _||_ X64 | [X39]
Indep: X45 _||_ X64 | [X76, X39]
Indep: X45 _||_ X28 | []
Indep: X45 _||_ X28 | [X76]
Indep: X45 _||_ X28 | [X39]
Indep: X45 _||_ X28 | [X76, X39]
Indep: X76 _||_ X64 | []
Indep: X76 _||_ X64 | [X45]
Indep: X76 _||_ X64 | [X80]
Indep: X76 _||_ X64 | [X58]
Indep: X76 _||_ X64 | [X60]
Indep: X76 _||_ X64 | [X57]
Indep: X76 _||_ X64 | [X45, X80]
Indep: X76 _||_ X64 | [X45, X58]
Indep: X76 _||_ X64 | [X45, X60]
Indep: X76 _||_ X64 | [X45, X57]
Indep: X76 _||_ X64 | [X80, X58]
Indep: X76 _||_ X64 | [X80, X60]
Indep: X76 _||_ X64 | [X80, X57]
Indep: X76 _||_ X64 | [X58, X60]
Indep: X76 _||_ X64 | [X58, X57]
Indep: X76 _||_ X64 | [X60, X57]
Indep: X76 _||_ X64 | [X45, X80, X58]
Indep: X76 _||_ X64 | [X45, X80, X60]
Indep: X76 _||_ X64 | [X45, X80, X57]
Indep: X76 _||_ X64 | [X45, X58, X60]
Indep: X76 _||_ X64 | [X45, X58, X57]
Indep: X76 _||_ X64 | [X45, X60, X57]
Indep: X76 _||_ X64 | [X80, X58, X60]
Indep: X76 _||_ X64 | [X80, X58, X57]
Indep: X76 _||_ X64 | [X80, X60, X57]
Indep: X76 _||_ X64 | [X58, X60, X57]
Indep: X76 _||_ X64 | [X45, X80, X58, X60]
Indep: X76 _||_ X64 | [X45, X80, X58, X57]
Indep: X76 _||_ X64 | [X45, X80, X60, X57]
Indep: X76 _||_ X64 | [X45, X58, X60, X57]
Indep: X76 _||_ X64 | [X80, X58, X60, X57]
Indep: X76 _||_ X64 | [X45, X80, X58, X60, X57]
Indep: X76 _||_ X28 | [X58]
Indep: X76 _||_ X28 | [X45, X58]
Indep: X76 _||_ X28 | [X80, X58]
Indep: X76 _||_ X28 | [X58, X60]
Indep: X76 _||_ X28 | [X58, X57]
Indep: X76 _||_ X28 | [X45, X80, X58]
Indep: X76 _||_ X28 | [X45, X58, X60]
Indep: X76 _||_ X28 | [X45, X58, X57]
Indep: X76 _||_ X28 | [X80, X58, X60]
Indep: X76 _||_ X28 | [X80, X58, X57]
Indep: X76 _||_ X28 | [X58, X60, X57]
Indep: X76 _||_ X28 | [X45, X80, X58, X60]
Indep: X76 _||_ X28 | [X45, X80, X58, X57]
Indep: X76 _||_ X28 | [X45, X58, X60, X57]
Indep: X76 _||_ X28 | [X80, X58, X60, X57]
Indep: X76 _||_ X28 | [X45, X80, X58, X60, X57]
Indep: X64 _||_ X28 | []
Indep: X64 _||_ X28 | [X36]
Indep: X64 _||_ X28 | [X13]
Indep: X64 _||_ X28 | [X36, X13]
Indep: X57 _||_ X35 | []
Indep: X57 _||_ X35 | [X80]
Indep: X57 _||_ X35 | [X76]
Indep: X57 _||_ X35 | [X80, X76]
Indep: X57 _||_ X35 | [X76, X60]
Indep: X57 _||_ X35 | [X80, X76, X60]
Indep: X57 _||_ X28 | []
Indep: X57 _||_ X28 | [X80]
Indep: X57 _||_ X28 | [X60]
Indep: X57 _||_ X28 | [X80, X60]
Indep: X35 _||_ X76 | []
Indep: X35 _||_ X28 | [X60]
Indep: X76 _||_ X28 | [X58]
Indep: X76 _||_ X28 | [X45, X58]
Indep: X76 _||_ X28 | [X80, X58]
Indep: X76 _||_ X28 | [X58, X57]
Indep: X76 _||_ X28 | [X58, X60]
Indep: X76 _||_ X28 | [X45, X80, X58]
Indep: X76 _||_ X28 | [X45, X58, X57]
Indep: X76 _||_ X28 | [X45, X58, X60]
Indep: X76 _||_ X28 | [X80, X58, X57]
Indep: X76 _||_ X28 | [X80, X58, X60]
Indep: X76 _||_ X28 | [X58, X57, X60]
Indep: X76 _||_ X28 | [X45, X80, X58, X57]
Indep: X76 _||_ X28 | [X45, X80, X58, X60]
Indep: X76 _||_ X28 | [X45, X58, X57, X60]
Indep: X76 _||_ X28 | [X80, X58, X57, X60]
Indep: X76 _||_ X28 | [X45, X80, X58, X57, X60]
Indep: X4 _||_ X36 | []
Indep: X4 _||_ X36 | [X41]
Indep: X36 _||_ X58 | []
Indep: X36 _||_ X58 | [X62]
Indep: X36 _||_ X58 | [X64]
Indep: X36 _||_ X58 | [X13]
Indep: X36 _||_ X58 | [X62, X13]
Indep: X36 _||_ X58 | [X64, X13]
Indep: X36 _||_ X58 | [X62, X64, X13]
Indep: X58 _||_ X13 | [X64]
Indep: X58 _||_ X13 | [X28]
Indep: X58 _||_ X13 | [X45, X64]
Indep: X58 _||_ X13 | [X76, X64]
Indep: X58 _||_ X13 | [X76, X28]
Indep: X58 _||_ X13 | [X45, X76, X64]
Indep: X71 _||_ X52 | []
Indep: X71 _||_ X52 | [X41]
Indep: X71 _||_ X52 | [X74]
Indep: X71 _||_ X52 | [X41, X74]
Indep: X71 _||_ X32 | []
Indep: X71 _||_ X32 | [X41]
Indep: X71 _||_ X32 | [X74]
Indep: X71 _||_ X32 | [X41, X74]
Indep: X71 _||_ X75 | []
Indep: X71 _||_ X75 | [X41]
Indep: X71 _||_ X75 | [X74]
Indep: X71 _||_ X75 | [X41, X74]
Indep: X71 _||_ X28 | []
Indep: X71 _||_ X28 | [X41]
Indep: X71 _||_ X28 | [X74]
Indep: X71 _||_ X28 | [X66]
Indep: X71 _||_ X28 | [X41, X74]
Indep: X71 _||_ X28 | [X41, X66]
Indep: X71 _||_ X28 | [X74, X66]
Indep: X71 _||_ X28 | [X41, X74, X66]
Indep: X52 _||_ X28 | []
Indep: X52 _||_ X28 | [X66]
Indep: X52 _||_ X28 | [X50]
Indep: X52 _||_ X28 | [X66, X50]
Indep: X32 _||_ X28 | []
Indep: X32 _||_ X28 | [X66]
Indep: X32 _||_ X28 | [X40]
Indep: X32 _||_ X28 | [X75]
Indep: X32 _||_ X28 | [X39]
Indep: X32 _||_ X28 | [X66, X40]
Indep: X32 _||_ X28 | [X66, X75]
Indep: X32 _||_ X28 | [X66, X39]
Indep: X32 _||_ X28 | [X40, X75]
Indep: X32 _||_ X28 | [X40, X39]
Indep: X32 _||_ X28 | [X75, X39]
Indep: X32 _||_ X28 | [X66, X40, X75]
Indep: X32 _||_ X28 | [X66, X40, X39]
Indep: X32 _||_ X28 | [X66, X75, X39]
Indep: X32 _||_ X28 | [X40, X75, X39]
Indep: X32 _||_ X28 | [X66, X40, X75, X39]
Indep: X75 _||_ X28 | []
Indep: X75 _||_ X28 | [X66]
Indep: X75 _||_ X28 | [X32]
Indep: X75 _||_ X28 | [X66, X32]
Indep: X55 _||_ X44 | []
Indep: X41 _||_ X74 | []
Indep: X41 _||_ X74 | [X4]
Indep: X41 _||_ X66 | [X71]
Indep: X41 _||_ X66 | [X4, X71]
Indep: X74 _||_ X66 | [X71]
Indep: X45 _||_ X80 | []
Indep: X45 _||_ X80 | [X76]
Indep: X45 _||_ X80 | [X58]
Indep: X45 _||_ X80 | [X76, X58]
Indep: X45 _||_ X57 | []
Indep: X45 _||_ X57 | [X58]
Indep: X45 _||_ X57 | [X39]
Indep: X45 _||_ X57 | [X58, X39]
Indep: X45 _||_ X60 | []
Indep: X45 _||_ X60 | [X58]
Indep: X45 _||_ X60 | [X39]
Indep: X45 _||_ X60 | [X58, X39]
Indep: X80 _||_ X58 | []
Indep: X80 _||_ X58 | [X56]
Indep: X80 _||_ X58 | [X25]
Indep: X80 _||_ X58 | [X57]
Indep: X80 _||_ X58 | [X39]
Indep: X80 _||_ X58 | [X17]
Indep: X80 _||_ X58 | [X56, X25]
Indep: X80 _||_ X58 | [X56, X57]
Indep: X80 _||_ X58 | [X56, X39]
Indep: X80 _||_ X58 | [X56, X17]
Indep: X80 _||_ X58 | [X25, X57]
Indep: X80 _||_ X58 | [X25, X39]
Indep: X80 _||_ X58 | [X25, X17]
Indep: X80 _||_ X58 | [X57, X76]
Indep: X80 _||_ X58 | [X57, X39]
Indep: X80 _||_ X58 | [X57, X17]
Indep: X80 _||_ X58 | [X76, X39]
Indep: X80 _||_ X58 | [X39, X17]
Indep: X80 _||_ X58 | [X56, X25, X57]
Indep: X80 _||_ X58 | [X56, X25, X39]
Indep: X80 _||_ X58 | [X56, X25, X17]
Indep: X80 _||_ X58 | [X56, X57, X76]
Indep: X80 _||_ X58 | [X56, X57, X39]
Indep: X80 _||_ X58 | [X56, X57, X17]
Indep: X80 _||_ X58 | [X56, X76, X39]
Indep: X80 _||_ X58 | [X56, X39, X17]
Indep: X80 _||_ X58 | [X25, X57, X76]
Indep: X80 _||_ X58 | [X25, X57, X39]
Indep: X80 _||_ X58 | [X25, X57, X17]
Indep: X80 _||_ X58 | [X25, X76, X39]
Indep: X80 _||_ X58 | [X25, X39, X17]
Indep: X80 _||_ X58 | [X57, X76, X39]
Indep: X80 _||_ X58 | [X57, X76, X17]
Indep: X80 _||_ X58 | [X57, X39, X17]
Indep: X80 _||_ X58 | [X76, X39, X17]
Indep: X80 _||_ X58 | [X56, X25, X57, X76]
Indep: X80 _||_ X58 | [X56, X25, X57, X39]
Indep: X80 _||_ X58 | [X56, X25, X57, X17]
Indep: X80 _||_ X58 | [X56, X25, X76, X39]
Indep: X80 _||_ X58 | [X56, X25, X39, X17]
Indep: X80 _||_ X58 | [X56, X57, X76, X39]
Indep: X80 _||_ X58 | [X56, X57, X76, X17]
Indep: X80 _||_ X58 | [X56, X57, X39, X17]
Indep: X80 _||_ X58 | [X56, X76, X39, X17]
Indep: X80 _||_ X58 | [X25, X57, X76, X39]
Indep: X80 _||_ X58 | [X25, X57, X76, X17]
Indep: X80 _||_ X58 | [X25, X57, X39, X17]
Indep: X80 _||_ X58 | [X25, X76, X39, X17]
Indep: X80 _||_ X58 | [X57, X76, X39, X17]
Indep: X80 _||_ X58 | [X56, X25, X57, X76, X39]
Indep: X80 _||_ X58 | [X56, X25, X57, X76, X17]
Indep: X80 _||_ X58 | [X56, X25, X57, X39, X17]
Indep: X80 _||_ X58 | [X56, X25, X76, X39, X17]
Indep: X80 _||_ X58 | [X56, X57, X76, X39, X17]
Indep: X80 _||_ X58 | [X25, X57, X76, X39, X17]
Indep: X80 _||_ X58 | [X56, X25, X57, X76, X39, X17]
Indep: X80 _||_ X60 | [X57]
Indep: X80 _||_ X60 | [X76]
Indep: X80 _||_ X60 | [X56, X57]
Indep: X80 _||_ X60 | [X56, X76]
Indep: X80 _||_ X60 | [X25, X57]
Indep: X80 _||_ X60 | [X25, X76]
Indep: X80 _||_ X60 | [X57, X76]
Indep: X80 _||_ X60 | [X57, X39]
Indep: X80 _||_ X60 | [X57, X17]
Indep: X80 _||_ X60 | [X76, X39]
Indep: X80 _||_ X60 | [X76, X17]
Indep: X80 _||_ X60 | [X56, X25, X57]
Indep: X80 _||_ X60 | [X56, X25, X76]
Indep: X80 _||_ X60 | [X56, X57, X76]
Indep: X80 _||_ X60 | [X56, X57, X39]
Indep: X80 _||_ X60 | [X56, X57, X17]
Indep: X80 _||_ X60 | [X56, X76, X39]
Indep: X80 _||_ X60 | [X56, X76, X17]
Indep: X80 _||_ X60 | [X25, X57, X76]
Indep: X80 _||_ X60 | [X25, X57, X39]
Indep: X80 _||_ X60 | [X25, X57, X17]
Indep: X80 _||_ X60 | [X25, X76, X39]
Indep: X80 _||_ X60 | [X25, X76, X17]
Indep: X80 _||_ X60 | [X57, X76, X39]
Indep: X80 _||_ X60 | [X57, X76, X17]
Indep: X80 _||_ X60 | [X57, X39, X17]
Indep: X80 _||_ X60 | [X76, X39, X17]
Indep: X80 _||_ X60 | [X56, X25, X57, X76]
Indep: X80 _||_ X60 | [X56, X25, X57, X39]
Indep: X80 _||_ X60 | [X56, X25, X57, X17]
Indep: X80 _||_ X60 | [X56, X25, X76, X39]
Indep: X80 _||_ X60 | [X56, X25, X76, X17]
Indep: X80 _||_ X60 | [X56, X57, X76, X39]
Indep: X80 _||_ X60 | [X56, X57, X76, X17]
Indep: X80 _||_ X60 | [X56, X57, X39, X17]
Indep: X80 _||_ X60 | [X56, X76, X39, X17]
Indep: X80 _||_ X60 | [X25, X57, X76, X39]
Indep: X80 _||_ X60 | [X25, X57, X76, X17]
Indep: X80 _||_ X60 | [X25, X57, X39, X17]
Indep: X80 _||_ X60 | [X25, X76, X39, X17]
Indep: X80 _||_ X60 | [X57, X76, X39, X17]
Indep: X80 _||_ X60 | [X56, X25, X57, X76, X39]
Indep: X80 _||_ X60 | [X56, X25, X57, X76, X17]
Indep: X80 _||_ X60 | [X56, X25, X57, X39, X17]
Indep: X80 _||_ X60 | [X56, X25, X76, X39, X17]
Indep: X80 _||_ X60 | [X56, X57, X76, X39, X17]
Indep: X80 _||_ X60 | [X25, X57, X76, X39, X17]
Indep: X80 _||_ X60 | [X56, X25, X57, X76, X39, X17]
Indep: X58 _||_ X57 | []
Indep: X58 _||_ X57 | [X45]
Indep: X58 _||_ X57 | [X64]
Indep: X58 _||_ X57 | [X28]
Indep: X58 _||_ X57 | [X45, X64]
Indep: X58 _||_ X57 | [X45, X28]
Indep: X58 _||_ X57 | [X64, X28]
Indep: X58 _||_ X57 | [X45, X64, X28]
Indep: X56 _||_ X25 | []
Indep: X56 _||_ X25 | [X80]
Indep: X56 _||_ X25 | [X50]
Indep: X56 _||_ X25 | [X39]
Indep: X56 _||_ X25 | [X80, X50]
Indep: X56 _||_ X25 | [X80, X39]
Indep: X56 _||_ X25 | [X50, X39]
Indep: X56 _||_ X25 | [X80, X50, X39]
Indep: X56 _||_ X57 | []
Indep: X56 _||_ X57 | [X80]
Indep: X56 _||_ X57 | [X50]
Indep: X56 _||_ X57 | [X39]
Indep: X56 _||_ X57 | [X80, X50]
Indep: X56 _||_ X57 | [X80, X39]
Indep: X56 _||_ X57 | [X50, X39]
Indep: X56 _||_ X57 | [X80, X50, X39]
Indep: X56 _||_ X76 | []
Indep: X56 _||_ X76 | [X80]
Indep: X56 _||_ X76 | [X50]
Indep: X56 _||_ X76 | [X39]
Indep: X56 _||_ X76 | [X80, X50]
Indep: X56 _||_ X76 | [X80, X39]
Indep: X56 _||_ X76 | [X80, X50, X39]
Indep: X56 _||_ X17 | []
Indep: X56 _||_ X17 | [X50]
Indep: X56 _||_ X17 | [X39]
Indep: X56 _||_ X17 | [X50, X39]
Indep: X25 _||_ X57 | []
Indep: X25 _||_ X57 | [X70]
Indep: X25 _||_ X57 | [X80]
Indep: X25 _||_ X57 | [X70, X80]
Indep: X25 _||_ X76 | []
Indep: X25 _||_ X76 | [X70]
Indep: X25 _||_ X76 | [X80]
Indep: X25 _||_ X76 | [X70, X80]
Indep: X25 _||_ X39 | [X80]
Indep: X25 _||_ X39 | [X70, X80]
Indep: X25 _||_ X17 | []
Indep: X25 _||_ X17 | [X70]
Indep: X57 _||_ X39 | []
Indep: X57 _||_ X39 | [X80]
Indep: X57 _||_ X39 | [X60]
Indep: X57 _||_ X39 | [X80, X60]
Indep: X57 _||_ X39 | [X80, X76, X60]
Indep: X57 _||_ X17 | []
Indep: X57 _||_ X17 | [X80]
Indep: X57 _||_ X17 | [X76]
Indep: X57 _||_ X17 | [X60]
Indep: X57 _||_ X17 | [X80, X76]
Indep: X57 _||_ X17 | [X80, X60]
Indep: X57 _||_ X17 | [X76, X60]
Indep: X57 _||_ X17 | [X80, X76, X60]
Indep: X76 _||_ X39 | [X45]
Indep: X76 _||_ X39 | [X45, X80]
Indep: X76 _||_ X39 | [X45, X58]
Indep: X76 _||_ X39 | [X45, X60]
Indep: X76 _||_ X39 | [X45, X57]
Indep: X76 _||_ X39 | [X45, X80, X58]
Indep: X76 _||_ X39 | [X45, X80, X60]
Indep: X76 _||_ X39 | [X45, X80, X57]
Indep: X76 _||_ X39 | [X45, X58, X60]
Indep: X76 _||_ X39 | [X45, X58, X57]
Indep: X76 _||_ X39 | [X45, X60, X57]
Indep: X76 _||_ X39 | [X45, X80, X58, X60]
Indep: X76 _||_ X39 | [X45, X80, X58, X57]
Indep: X76 _||_ X39 | [X45, X80, X60, X57]
Indep: X76 _||_ X39 | [X45, X58, X60, X57]
Indep: X76 _||_ X39 | [X45, X80, X58, X60, X57]
Indep: X76 _||_ X17 | []
Indep: X76 _||_ X17 | [X45]
Indep: X76 _||_ X17 | [X80]
Indep: X76 _||_ X17 | [X58]
Indep: X76 _||_ X17 | [X60]
Indep: X76 _||_ X17 | [X57]
Indep: X76 _||_ X17 | [X45, X80]
Indep: X76 _||_ X17 | [X45, X58]
Indep: X76 _||_ X17 | [X45, X60]
Indep: X76 _||_ X17 | [X45, X57]
Indep: X76 _||_ X17 | [X80, X58]
Indep: X76 _||_ X17 | [X80, X60]
Indep: X76 _||_ X17 | [X80, X57]
Indep: X76 _||_ X17 | [X58, X60]
Indep: X76 _||_ X17 | [X58, X57]
Indep: X76 _||_ X17 | [X60, X57]
Indep: X76 _||_ X17 | [X45, X80, X58]
Indep: X76 _||_ X17 | [X45, X80, X60]
Indep: X76 _||_ X17 | [X45, X80, X57]
Indep: X76 _||_ X17 | [X45, X58, X60]
Indep: X76 _||_ X17 | [X45, X58, X57]
Indep: X76 _||_ X17 | [X45, X60, X57]
Indep: X76 _||_ X17 | [X80, X58, X60]
Indep: X76 _||_ X17 | [X80, X58, X57]
Indep: X76 _||_ X17 | [X80, X60, X57]
Indep: X76 _||_ X17 | [X58, X60, X57]
Indep: X76 _||_ X17 | [X45, X80, X58, X60]
Indep: X76 _||_ X17 | [X45, X80, X58, X57]
Indep: X76 _||_ X17 | [X45, X80, X60, X57]
Indep: X76 _||_ X17 | [X45, X58, X60, X57]
Indep: X76 _||_ X17 | [X80, X58, X60, X57]
Indep: X76 _||_ X17 | [X45, X80, X58, X60, X57]
Indep: X39 _||_ X17 | []
Indep: X39 _||_ X17 | [X45]
Indep: X39 _||_ X17 | [X56]
Indep: X39 _||_ X17 | [X80]
Indep: X39 _||_ X17 | [X32]
Indep: X39 _||_ X17 | [X45, X56]
Indep: X39 _||_ X17 | [X45, X32]
Indep: X39 _||_ X17 | [X56, X80]
Indep: X39 _||_ X17 | [X56, X32]
Indep: X39 _||_ X17 | [X80, X32]
Indep: X39 _||_ X17 | [X45, X56, X80]
Indep: X39 _||_ X17 | [X45, X56, X32]
Indep: X39 _||_ X17 | [X56, X80, X32]
Indep: X39 _||_ X17 | [X45, X56, X80, X32]
Tests run: 14, Failures: 0, Errors: 0, Skipped: 0, Time elapsed: 5.071 sec
Running edu.cmu.tetrad.test.TestRicf
Tests run: 6, Failures: 0, Errors: 0, Skipped: 0, Time elapsed: 0.04 sec
Running edu.cmu.tetrad.test.TestSemXml
Tests run: 3, Failures: 0, Errors: 0, Skipped: 0, Time elapsed: 0.003 sec
Running edu.cmu.tetrad.test.TestParamDescriptions
Tests run: 2, Failures: 0, Errors: 0, Skipped: 0, Time elapsed: 0 sec
Running edu.cmu.tetrad.test.TestHistogram
Tests run: 1, Failures: 0, Errors: 0, Skipped: 0, Time elapsed: 0.004 sec
Running edu.cmu.tetrad.test.TestGeneralResamplingTest
Truth Graph:
Graph Nodes:
0;1;2;3;4;5;6;7;8;9;10;11;12;13;14;15;16;17;18;19

Graph Edges:
1. 0 --> 12
2. 0 --> 15
3. 1 --> 10
4. 1 --> 17
5. 1 --> 5
6. 1 --> 6
7. 10 --> 18
8. 11 --> 17
9. 13 --> 16
10. 13 --> 17
11. 15 --> 19
12. 16 --> 19
13. 2 --> 10
14. 2 --> 18
15. 2 --> 19
16. 2 --> 4
17. 2 --> 5
18. 2 --> 6
19. 2 --> 7
20. 2 --> 8
21. 3 --> 12
22. 3 --> 14
23. 3 --> 15
24. 3 --> 19
25. 3 --> 8
26. 4 --> 10
27. 4 --> 14
28. 4 --> 18
29. 4 --> 19
30. 5 --> 17
31. 6 --> 10
32. 6 --> 11
33. 6 --> 12
34. 6 --> 14
35. 6 --> 15
36. 7 --> 13
37. 7 --> 15
38. 8 --> 16
39. 9 --> 18
40. 9 --> 19


Resampling on the FGES (Fast Greedy Equivalence Search) using BDeu Score
Running Resamplings in Parallel Mode, numberResampling = 5
thread started ... 
knowledge being set ... 
Elapsed initializeForwardEdgesFromEmptyGraph = 6 ms
** FORWARD EQUIVALENCE SEARCH
thread started ... 
knowledge being set ... 
thread started ... 
knowledge being set ... 
thread started ... 
knowledge being set ... 
Elapsed initializeForwardEdgesFromEmptyGraph = 20 ms
** FORWARD EQUIVALENCE SEARCH
** BACKWARD EQUIVALENCE SEARCH
** FORWARD EQUIVALENCE SEARCH
** BACKWARD EQUIVALENCE SEARCH
Elapsed initializeForwardEdgesFromEmptyGraph = 84 ms
** FORWARD EQUIVALENCE SEARCH
** BACKWARD EQUIVALENCE SEARCH
processing time of resampling for a thread was: 0.113 sec
Elapsed initializeForwardEdgesFromEmptyGraph = 92 ms
** FORWARD EQUIVALENCE SEARCH
thread started ... 
knowledge being set ... 
** BACKWARD EQUIVALENCE SEARCH
** FORWARD EQUIVALENCE SEARCH
** BACKWARD EQUIVALENCE SEARCH
** BACKWARD EQUIVALENCE SEARCH
processing time of resampling for a thread was: 0.183 sec
Elapsed initializeForwardEdgesFromEmptyGraph = 90 ms
** FORWARD EQUIVALENCE SEARCH
** FORWARD EQUIVALENCE SEARCH
** BACKWARD EQUIVALENCE SEARCH
** FORWARD EQUIVALENCE SEARCH
** BACKWARD EQUIVALENCE SEARCH
processing time of resampling for a thread was: 0.256 sec
** BACKWARD EQUIVALENCE SEARCH
processing time of resampling for a thread was: 0.268 sec
** FORWARD EQUIVALENCE SEARCH
** BACKWARD EQUIVALENCE SEARCH
processing time of resampling for a thread was: 0.179 sec
Resampling number is : 5
Processing time of total resamplings : 1.037 sec
PAGs: 5
Ensemble: Highest

Resampling Search Result (0):
Graph Nodes:
0;1;2;3;4;5;6;7;8;9;10;11;12;13;14;15;16;17;18;19

Graph Edges:
1. 1 --> 17
2. 1 --- 5
3. 10 --- 4
4. 10 --- 6
5. 11 --> 17
6. 11 --- 6
7. 12 --- 0
8. 13 --> 17
9. 13 --- 7
10. 16 --- 8
11. 18 --- 9
12. 2 --- 10
13. 3 --> 14
14. 3 --- 8
15. 4 --> 14
16. 5 --> 17
17. 6 --- 12
18. 6 --> 14
19. 6 --- 2
20. 7 --- 2

Graph Attributes:
BIC: 0.000000



Resampling Search Result (1):
Graph Nodes:
0;1;2;3;4;5;6;7;8;9;10;11;12;13;14;15;16;17;18;19

Graph Edges:
1. 1 --> 17
2. 1 --- 5
3. 10 --- 4
4. 10 --- 6
5. 11 --> 17
6. 11 --- 6
7. 12 --- 0
8. 13 --> 17
9. 13 --- 7
10. 16 --- 8
11. 18 --- 9
12. 2 --- 10
13. 3 --> 14
14. 4 --> 14
15. 4 --- 2
16. 5 --> 17
17. 6 --- 12
18. 6 --> 14
19. 6 --- 2
20. 7 --- 2
21. 8 --- 3

Graph Attributes:
BIC: 0.000000



Resampling Search Result (2):
Graph Nodes:
0;1;2;3;4;5;6;7;8;9;10;11;12;13;14;15;16;17;18;19

Graph Edges:
1. 1 --> 17
2. 1 --- 5
3. 10 --- 6
4. 11 --> 17
5. 11 --- 6
6. 12 --- 0
7. 12 --- 6
8. 13 --> 17
9. 13 --- 7
10. 16 --- 8
11. 18 --- 9
12. 2 --- 10
13. 3 --> 14
14. 4 --- 10
15. 4 --> 14
16. 4 --- 2
17. 5 --> 17
18. 6 --> 14
19. 6 --- 2
20. 7 --- 2

Graph Attributes:
BIC: 0.000000



Resampling Search Result (3):
Graph Nodes:
0;1;2;3;4;5;6;7;8;9;10;11;12;13;14;15;16;17;18;19

Graph Edges:
1. 1 --> 17
2. 10 --- 4
3. 10 --- 6
4. 11 --> 17
5. 11 --- 6
6. 12 --- 0
7. 12 --- 3
8. 13 --> 17
9. 13 --- 7
10. 16 --- 8
11. 18 --- 9
12. 2 --- 10
13. 3 --> 14
14. 4 --> 14
15. 4 --- 2
16. 5 --- 1
17. 5 --> 17
18. 6 --- 12
19. 6 --> 14
20. 6 --- 2
21. 7 --- 2

Graph Attributes:
BIC: 0.000000



Resampling Search Result (4):
Graph Nodes:
0;1;2;3;4;5;6;7;8;9;10;11;12;13;14;15;16;17;18;19

Graph Edges:
1. 0 --> 12
2. 1 --> 17
3. 1 --> 5
4. 10 --- 2
5. 10 --- 4
6. 10 --> 6
7. 11 --> 17
8. 13 --> 17
9. 13 --- 7
10. 14 --- 3
11. 14 --> 6
12. 16 --- 8
13. 18 --- 9
14. 2 --- 4
15. 2 --> 5
16. 2 --> 6
17. 5 --> 17
18. 6 --> 11
19. 6 --> 12
20. 7 --- 2

Graph Attributes:
BIC: 0.000000



Final result: 10 --- 6 : 0.8
Final result: 5 --> 17 : 1.0
Final result: 10 --- 4 : 1.0
Final result: 2 --- 4 : 0.8
Final result: 3 --> 14 : 0.8
Final result: 13 --> 17 : 1.0
Final result: 4 --> 14 : 0.8
Final result: 2 --- 7 : 1.0
Final result: 13 --- 7 : 1.0
Final result: 16 --- 8 : 1.0
Final result: 0 --- 12 : 0.8
Final result: 2 --- 6 : 0.8
Final result: 18 --- 9 : 1.0
Final result: 11 --> 17 : 1.0
Final result: 10 --- 2 : 1.0
Final result: 6 --> 14 : 0.8
Final result: 12 --- 6 : 0.8
Final result: 11 --- 6 : 0.8
Final result: 1 --- 5 : 0.8
Final result: 1 --> 17 : 1.0
Final Resampling Search Result:
Graph Nodes:
0;1;10;11;12;13;14;15;16;17;18;19;2;3;4;5;6;7;8;9

Graph Edges:
1. 1 --> 17 [1 --> 17]:1.0000;
2. 10 --- 2 [10 --- 2]:1.0000;
3. 10 --- 4 [10 --- 4]:1.0000;
4. 11 --> 17 [11 --> 17]:1.0000;
5. 13 --> 17 [13 --> 17]:1.0000;
6. 13 --- 7 [13 --- 7]:1.0000;
7. 16 --- 8 [16 --- 8]:1.0000;
8. 18 --- 9 [18 --- 9]:1.0000;
9. 2 --- 7 [2 --- 7]:1.0000;
10. 5 --> 17 [17 <-- 5]:1.0000;
11. 0 --- 12 [0 --> 12]:0.2000;[0 --- 12]:0.8000;
12. 1 --- 5 [1 --- 5]:0.8000;[1 --> 5]:0.2000;
13. 10 --- 6 [10 --> 6]:0.2000;[10 --- 6]:0.8000;
14. 11 --- 6 [11 --- 6]:0.8000;[11 <-- 6]:0.2000;
15. 12 --- 6 [12 <-- 6]:0.2000;[12 --- 6]:0.8000;
16. 2 --- 4 [2 --- 4]:0.8000;[no edge]:0.2000;
17. 2 --- 6 [2 --- 6]:0.8000;[2 --> 6]:0.2000;
18. 3 --> 14 [14 --- 3]:0.2000;[14 <-- 3]:0.8000;
19. 4 --> 14 [14 <-- 4]:0.8000;[no edge]:0.2000;
20. 6 --> 14 [14 <-- 6]:0.8000;[14 --> 6]:0.2000;



probDistribution finished in 8 ms
============================
Adjacency Confusion Matrix
============================
		Estimated
n=190		No	Yes
Truth: No	150	0
Truth: Yes	20	20
Accuracy: 0.8947368421052632
Precision: 1.0
Recall: 0.5
============================

=================================
Edge Orientation Confusion Matrix
=================================
		Estimated
n=190		nil	-->	<--	o->	<-o	o-o	<->	---
Truth: nil	150	0	0	0	0	0	0	0
Truth: -->	10	3	0	0	0	0	0	5
Truth: <--	10	0	4	0	0	0	0	8
Truth: o->	0	0	0	0	0	0	0	0
Truth: <-o	0	0	0	0	0	0	0	0
Truth: o-o	0	0	0	0	0	0	0	0
Truth: <->	0	0	0	0	0	0	0	0
Truth: ---	0	0	0	0	0	0	0	0
Accuracy: 0.8263157894736842
Precision: 0.35
Recall: 0.175
Resampling on the GFCI (Greedy Fast Causal Inference) using BDeu Test and BDeu Score
Running Resamplings in Parallel Mode, numberResampling = 5
thread started ... 
knowledge being set ... 
thread started ... 
knowledge being set ... 
thread started ... 
knowledge being set ... 
Elapsed initializeForwardEdgesFromEmptyGraph = 1 ms
** FORWARD EQUIVALENCE SEARCH
Elapsed initializeForwardEdgesFromEmptyGraph = 1 ms
** FORWARD EQUIVALENCE SEARCH
** BACKWARD EQUIVALENCE SEARCH
** FORWARD EQUIVALENCE SEARCH
** BACKWARD EQUIVALENCE SEARCH
Epoch
processing time of resampling for a thread was: 0.004 sec
thread started ... 
knowledge being set ... 
thread started ... 
knowledge being set ... 
** BACKWARD EQUIVALENCE SEARCH
** FORWARD EQUIVALENCE SEARCH
** BACKWARD EQUIVALENCE SEARCH
Elapsed initializeForwardEdgesFromEmptyGraph = 12 ms
** FORWARD EQUIVALENCE SEARCH
Epoch
processing time of resampling for a thread was: 0.012 sec
Elapsed initializeForwardEdgesFromEmptyGraph = 6 ms
** FORWARD EQUIVALENCE SEARCH
Elapsed initializeForwardEdgesFromEmptyGraph = 6 ms
** FORWARD EQUIVALENCE SEARCH
** BACKWARD EQUIVALENCE SEARCH
** FORWARD EQUIVALENCE SEARCH
** BACKWARD EQUIVALENCE SEARCH
** BACKWARD EQUIVALENCE SEARCH
Epoch
processing time of resampling for a thread was: 0.018 sec
** FORWARD EQUIVALENCE SEARCH
** BACKWARD EQUIVALENCE SEARCH
Orienting edge (Away from collider): 6 --> 4
Epoch
Epoch
processing time of resampling for a thread was: 0.008 sec
** BACKWARD EQUIVALENCE SEARCH
** FORWARD EQUIVALENCE SEARCH
** BACKWARD EQUIVALENCE SEARCH
Orienting edge (Away from collider): 2 --> 9
Epoch
Epoch
processing time of resampling for a thread was: 0.014 sec
Resampling number is : 5
Processing time of total resamplings : 1.012 sec
PAGs: 5
Ensemble: Highest

Resampling Search Result (0):
Graph Nodes:
0;1;2;3;4;5;6;7;8;9;10;12;13;15;16;17;18;19

Graph Edges:
1. 1 o-o 12
2. 19 o-> 10
3. 2 o-o 7
4. 2 o-o 9
5. 4 o-o 6
6. 6 o-> 10
7. 8 o-o 17

Graph Attributes:
BIC: 0.000000



Resampling Search Result (1):
Graph Nodes:
0;1;2;3;4;5;6;7;8;9;10;12;13;15;16;17;18;19

Graph Edges:
1. 1 o-o 12
2. 12 o-o 10
3. 12 o-o 3
4. 6 o-o 18
5. 7 o-> 2
6. 8 o-o 16
7. 9 o-> 2

Graph Attributes:
BIC: 0.000000



Resampling Search Result (2):
Graph Nodes:
0;1;2;3;4;5;6;7;8;9;10;12;13;15;16;17;18;19

Graph Edges:
1. 1 o-o 12
2. 12 o-> 10
3. 16 o-> 10
4. 2 o-o 7
5. 2 o-o 9
6. 6 o-o 8
7. 7 o-o 19
8. 8 o-o 16

Graph Attributes:
BIC: 0.000000



Resampling Search Result (3):
Graph Nodes:
0;1;2;3;4;5;6;7;8;9;10;12;13;15;16;17;18;19

Graph Edges:
1. 6 --> 4 dd nl
2. 0 o-o 19
3. 10 o-o 12
4. 10 o-> 6
5. 16 o-> 6
6. 2 o-o 7

Graph Attributes:
BIC: 0.000000



Resampling Search Result (4):
Graph Nodes:
0;1;2;3;4;5;6;7;8;9;10;12;13;15;16;17;18;19

Graph Edges:
1. 2 --> 9 dd nl
2. 10 o-o 12
3. 18 o-o 19
4. 18 o-> 2
5. 3 o-o 18
6. 6 o-o 10
7. 7 o-> 2

Graph Attributes:
BIC: 0.000000



Final result: 2 o-o 9 : 0.4
Final result: 2 o-o 7 : 0.6
Final result: 1 o-o 12 : 0.6
Final result: 10 o-o 12 : 0.6
Final Resampling Search Result:
Graph Nodes:
0;1;10;12;13;15;16;17;18;19;2;3;4;5;6;7;8;9

Graph Edges:
1. 1 o-o 12 [1 o-o 12]:0.6000;[no edge]:0.4000;
2. 10 o-o 12 [10 o-o 12]:0.6000;[10 <-o 12]:0.2000;[no edge]:0.2000;
3. 2 o-o 7 [2 <-o 7]:0.4000;[2 o-o 7]:0.6000;
4. 2 o-o 9 [2 <-o 9]:0.2000;[2 o-o 9]:0.4000;[2 --> 9 dd nl]:0.2000;[no edge]:0.2000;



probDistribution finished in 7 ms
============================
Adjacency Confusion Matrix
============================
		Estimated
n=153		No	Yes
Truth: No	93	1
Truth: Yes	56	3
Accuracy: 0.6274509803921569
Precision: 0.75
Recall: 0.05084745762711865
============================

=================================
Edge Orientation Confusion Matrix
=================================
		Estimated
n=153		nil	-->	<--	o->	<-o	o-o	<->	---
Truth: nil	93	0	0	0	0	1	0	0
Truth: -->	10	0	0	0	0	1	0	0
Truth: <--	12	0	0	0	0	0	0	0
Truth: o->	19	0	0	0	0	0	0	0
Truth: <-o	9	0	0	0	0	0	0	0
Truth: o-o	3	0	0	0	0	2	0	0
Truth: <->	3	0	0	0	0	0	0	0
Truth: ---	0	0	0	0	0	0	0	0
Accuracy: 0.6209150326797386
Precision: 0.5
Recall: 0.03389830508474576
Tests run: 6, Failures: 0, Errors: 0, Skipped: 4, Time elapsed: 2.193 sec
Running edu.cmu.tetrad.test.TestCellTable
Tests run: 2, Failures: 0, Errors: 0, Skipped: 0, Time elapsed: 0.016 sec
Running edu.cmu.tetrad.test.TestIndTestFisherZ
true
true
true
false
false
false
false
true
true
true
true
true
true
true
true
true
true
true
true
true
true
true
false
true
true
true
true
true
true
true
false
true
true
true
true
true
true
true
false
false
true
true
true
true
true
true
true
false
true
true
Tests run: 2, Failures: 0, Errors: 0, Skipped: 0, Time elapsed: 0.226 sec
Running edu.cmu.tetrad.test.TestCyclicity
Tests run: 1, Failures: 0, Errors: 0, Skipped: 1, Time elapsed: 0 sec
Running edu.cmu.tetrad.test.TestPcStableMax
<X4, X9, X6> score = 0.9929095130606853
<X8, X10, X3> score = 0.965358661810944
<X1, X10, X3> score = 0.8397352489559302
<X1, X10, X4> score = 0.8110141197592762
<X3, X10, X4> score = 0.7235952208206737
<X8, X10, X4> score = 0.6174212380480564
<X5, X6, X2> score = 0.2177453117250161
<X4, X9, X6> score = 0.9929095130606853
<X8, X10, X3> score = 0.965358661810944
<X1, X10, X3> score = 0.8397352489559302
<X1, X10, X4> score = 0.8110141197592762
<X3, X10, X4> score = 0.7235952208206737
<X8, X10, X4> score = 0.6174212380480564
<X5, X6, X2> score = 0.2177453117250161
/knowledge
addtemporal


forbiddirect
D B
B D
C B

requiredirect
<A, B, C> score = 1.0
Tests run: 5, Failures: 0, Errors: 0, Skipped: 0, Time elapsed: 0.033 sec
Running edu.cmu.tetrad.test.TestMultiDimIntTable
Tests run: 6, Failures: 0, Errors: 0, Skipped: 0, Time elapsed: 0.004 sec
Running edu.cmu.tetrad.test.TestBayesBicScorer
lDiff = 2159.432647442851
nDiff = 6769
bic = -19398.661663786927
chisq = 4318.865294885702
dof = 6769.0
p = 1.0
Tests run: 1, Failures: 0, Errors: 0, Skipped: 0, Time elapsed: 0.003 sec
Running edu.cmu.tetrad.test.TestGeneralizedSem
Tests run: 1, Failures: 0, Errors: 0, Skipped: 1, Time elapsed: 0 sec
Running edu.cmu.tetrad.test.TestAndersonDarling
Tests run: 2, Failures: 0, Errors: 0, Skipped: 0, Time elapsed: 0 sec
Running edu.cmu.tetrad.test.TestLexer
Tests run: 1, Failures: 0, Errors: 0, Skipped: 0, Time elapsed: 0 sec
Running edu.cmu.tetrad.test.TestMatrixUtils
Tests run: 9, Failures: 0, Errors: 0, Skipped: 0, Time elapsed: 0 sec
Running edu.cmu.tetrad.test.TestGraph
Tests run: 4, Failures: 0, Errors: 0, Skipped: 0, Time elapsed: 0 sec
Running edu.cmu.tetrad.test.TestDagInPatternIterator
Graph Nodes:
X1;X2;X3;X4;X5;X6;X7;X8;X9;X10

Graph Edges:
1. X1 --> X5
2. X1 --- X6
3. X1 --- X7
4. X2 --- X4
5. X2 --> X5
6. X2 --> X9
7. X4 --> X9
8. X5 --> X9
9. X6 --> X10
10. X8 --> X10


Tests run: 5, Failures: 0, Errors: 0, Skipped: 0, Time elapsed: 0.003 sec
Running edu.cmu.tetrad.test.TestIndTestTimeSeries
Tests run: 1, Failures: 0, Errors: 0, Skipped: 0, Time elapsed: 0.004 sec
Running edu.cmu.tetrad.test.TestDelimiterTokenizer
Tests run: 1, Failures: 0, Errors: 0, Skipped: 0, Time elapsed: 0 sec
Running edu.cmu.tetrad.test.TestGraphConverter
Tests run: 1, Failures: 0, Errors: 0, Skipped: 0, Time elapsed: 0 sec
Running edu.cmu.tetrad.test.TestIndependenceFact
Tests run: 1, Failures: 0, Errors: 0, Skipped: 0, Time elapsed: 0 sec
Running edu.cmu.tetrad.test.TestFruchtermanReingoldLayout
Tests run: 2, Failures: 0, Errors: 0, Skipped: 0, Time elapsed: 0.006 sec
Running edu.cmu.tetrad.test.TestSessionEvent
Tests run: 7, Failures: 0, Errors: 0, Skipped: 0, Time elapsed: 0.001 sec
Running edu.cmu.tetrad.test.TestFdr
Tests run: 1, Failures: 0, Errors: 0, Skipped: 0, Time elapsed: 0 sec
Running edu.cmu.tetrad.test.TestPc
<X4, X9, X6> score = 0.9929095130606853
<X8, X10, X3> score = 0.965358661810944
<X1, X10, X3> score = 0.8397352489559302
<X1, X10, X4> score = 0.8110141197592762
<X3, X10, X4> score = 0.7235952208206737
<X8, X10, X4> score = 0.6174212380480564
<X5, X6, X2> score = 0.2177453117250161
<X4, X9, X6> score = 0.9929095130606853
<X8, X10, X3> score = 0.965358661810944
<X1, X10, X3> score = 0.8397352489559302
<X1, X10, X4> score = 0.8110141197592762
<X3, X10, X4> score = 0.7235952208206737
<X8, X10, X4> score = 0.6174212380480564
<X5, X6, X2> score = 0.2177453117250161
B --- D because it was forbidden by background knowledge.
Tests run: 7, Failures: 0, Errors: 0, Skipped: 0, Time elapsed: 0.197 sec
Running edu.cmu.tetrad.test.TestEdgeListGraphSingleConnections
Tests run: 6, Failures: 0, Errors: 0, Skipped: 0, Time elapsed: 0.023 sec
Running edu.cmu.tetrad.test.TestExpressionParser
Tests run: 4, Failures: 0, Errors: 0, Skipped: 0, Time elapsed: 0.279 sec
Running edu.cmu.tetrad.test.TestCellProbabilities
Tests run: 2, Failures: 0, Errors: 0, Skipped: 0, Time elapsed: 0 sec
Running edu.cmu.tetrad.test.TestEvidence
Tests run: 1, Failures: 0, Errors: 0, Skipped: 0, Time elapsed: 0 sec
Running edu.cmu.tetrad.test.TestIndTestFisherGeneralizedInverse
Tests run: 1, Failures: 0, Errors: 0, Skipped: 0, Time elapsed: 0.002 sec
Running edu.cmu.tetrad.test.TestTimeLagGraph
Tests run: 1, Failures: 0, Errors: 0, Skipped: 0, Time elapsed: 0 sec
Running edu.cmu.tetrad.test.TestIndTestGSquare
Loading src/test/resources/determinationtest.dat
Loading src/test/resources/determinationtest.dat
Tests run: 2, Failures: 0, Errors: 0, Skipped: 0, Time elapsed: 0.048 sec
Running edu.cmu.tetrad.test.TestEdgeListGraph
Tests run: 3, Failures: 0, Errors: 0, Skipped: 0, Time elapsed: 0 sec
Running edu.cmu.tetrad.test.TestBoxDataSet
Tests run: 7, Failures: 0, Errors: 0, Skipped: 0, Time elapsed: 0 sec
Running edu.cmu.tetrad.test.TestMatrix
Tests run: 1, Failures: 0, Errors: 0, Skipped: 0, Time elapsed: 0 sec
Running edu.cmu.tetrad.test.TestDag
Tests run: 1, Failures: 0, Errors: 0, Skipped: 0, Time elapsed: 0 sec
Running edu.cmu.tetrad.test.TestDelimiterType
Tests run: 1, Failures: 0, Errors: 0, Skipped: 0, Time elapsed: 0 sec
Running edu.cmu.tetrad.test.TestRowSummingUpdater
Tests run: 5, Failures: 0, Errors: 0, Skipped: 0, Time elapsed: 0.001 sec
Running edu.cmu.tetrad.test.TestRegression
Tests run: 2, Failures: 0, Errors: 0, Skipped: 0, Time elapsed: 0.012 sec
Running edu.cmu.tetrad.test.TestDeltaSextadTest
Tests run: 3, Failures: 0, Errors: 0, Skipped: 0, Time elapsed: 0.121 sec
Running edu.cmu.tetrad.test.TestBayesIm
Tests run: 4, Failures: 0, Errors: 0, Skipped: 0, Time elapsed: 0.001 sec
Running edu.cmu.tetrad.test.TestSemUpdater
Tests run: 1, Failures: 0, Errors: 0, Skipped: 0, Time elapsed: 0.002 sec

Results :

Tests run: 328, Failures: 0, Errors: 0, Skipped: 13

[INFO] 
[INFO] -------------------------< edu.cmu:tetrad-gui >-------------------------
[INFO] Building tetrad-gui 6.9.0-SNAPSHOT                                 [4/4]
[INFO] --------------------------------[ jar ]---------------------------------
[INFO] 
[INFO] --- maven-resources-plugin:2.6:resources (default-resources) @ tetrad-gui ---
[INFO] Using 'UTF-8' encoding to copy filtered resources.
[INFO] Copying 1 resource
[INFO] Copying 689 resources
[INFO] 
[INFO] --- maven-compiler-plugin:3.8.1:compile (default-compile) @ tetrad-gui ---
[INFO] Changes detected - recompiling the module!
[INFO] Compiling 630 source files to /workdir/tetrad/tetrad-gui/target/classes
[INFO] /workdir/tetrad/tetrad-gui/src/main/java/edu/cmu/tetradapp/editor/LoadKnowledgeAction.java: Some input files use or override a deprecated API.
[INFO] /workdir/tetrad/tetrad-gui/src/main/java/edu/cmu/tetradapp/editor/LoadKnowledgeAction.java: Recompile with -Xlint:deprecation for details.
[INFO] /workdir/tetrad/tetrad-gui/src/main/java/edu/cmu/tetradapp/workbench/AbstractWorkbench.java: Some input files use unchecked or unsafe operations.
[INFO] /workdir/tetrad/tetrad-gui/src/main/java/edu/cmu/tetradapp/workbench/AbstractWorkbench.java: Recompile with -Xlint:unchecked for details.
[INFO] 
[INFO] --- maven-resources-plugin:2.6:testResources (default-testResources) @ tetrad-gui ---
[INFO] Using 'UTF-8' encoding to copy filtered resources.
[INFO] Copying 2 resources
[INFO] 
[INFO] --- maven-compiler-plugin:3.8.1:testCompile (default-testCompile) @ tetrad-gui ---
[INFO] Changes detected - recompiling the module!
[INFO] Compiling 11 source files to /workdir/tetrad/tetrad-gui/target/test-classes
[INFO] 
[INFO] --- maven-surefire-plugin:2.12.4:test (default-test) @ tetrad-gui ---
[INFO] Surefire report directory: /workdir/tetrad/tetrad-gui/target/surefire-reports

-------------------------------------------------------
 T E S T S
-------------------------------------------------------
Running edu.cmu.tetradapp.test.TestGraphWorkbench
Tests run: 1, Failures: 0, Errors: 0, Skipped: 0, Time elapsed: 0.146 sec
Running edu.cmu.tetradapp.test.TestDisplayNode
Tests run: 1, Failures: 0, Errors: 0, Skipped: 0, Time elapsed: 0.003 sec
Running edu.cmu.tetradapp.test.TestDataWrapper
Feb 15, 2021 3:51:47 AM java.util.prefs.FileSystemPreferences$6 run
WARNING: Prefs file removed in background /home/maven/.java/.userPrefs/prefs.xml
Tests run: 2, Failures: 0, Errors: 0, Skipped: 0, Time elapsed: 0.068 sec
Running edu.cmu.tetradapp.test.TestLogisticRegression
Graph Nodes:
X1;X2;X3;X4;X5

Graph Edges:
1. X1 --> X3
2. X2 --> X5
3. X3 --> X4
4. X3 --> X5
5. X4 --> X5


edu.cmu.tetrad.regression.LogisticRegression@49912c99
Tests run: 1, Failures: 0, Errors: 0, Skipped: 0, Time elapsed: 0.088 sec
Running edu.cmu.tetradapp.test.TestCyclicity
Tests run: 1, Failures: 0, Errors: 0, Skipped: 1, Time elapsed: 0 sec
Running edu.cmu.tetradapp.test.TestWatchedProcessDialogs
Tests run: 1, Failures: 0, Errors: 0, Skipped: 0, Time elapsed: 0.002 sec
Running edu.cmu.tetradapp.test.TestVersion
Tests run: 2, Failures: 0, Errors: 0, Skipped: 0, Time elapsed: 0.002 sec
Running edu.cmu.tetradapp.test.TestIndependenceFacts
Looking up X4 _||_ X2 | X1, X2 in [X2 _||_ X3, X2 _||_ X4 | X1, X2, X2 _||_ X4 | X1, X3, X5, X2 _||_ X4 | X3, X2 _||_ X4 | X3, X6]
Tests run: 2, Failures: 0, Errors: 0, Skipped: 0, Time elapsed: 0.004 sec

Results :

Tests run: 11, Failures: 0, Errors: 0, Skipped: 1

[INFO] ------------------------------------------------------------------------
[INFO] Reactor Summary for Tetrad Project 6.9.0-SNAPSHOT:
[INFO] 
[INFO] Tetrad Project ..................................... SUCCESS [  0.003 s]
[INFO] data-reader ........................................ SUCCESS [  1.501 s]
[INFO] tetrad-lib ......................................... SUCCESS [01:29 min]
[INFO] tetrad-gui ......................................... SUCCESS [  5.196 s]
[INFO] ------------------------------------------------------------------------
[INFO] BUILD SUCCESS
[INFO] ------------------------------------------------------------------------
[INFO] Total time:  01:36 min
[INFO] Finished at: 2021-02-15T03:51:47Z
[INFO] ------------------------------------------------------------------------
