[INFO] Scanning for projects...
[INFO] Inspecting build with total of 1 modules...
[INFO] Installing Nexus Staging features:
[INFO]   ... total of 1 executions of maven-deploy-plugin replaced with nexus-staging-maven-plugin
[INFO] 
[INFO] ----------------------< com.sonalake:utah-parser >----------------------
[INFO] Building Utah Parser 1.0.3-SNAPSHOT
[INFO] --------------------------------[ jar ]---------------------------------
[INFO] 
[INFO] --- jacoco-maven-plugin:0.8.6:prepare-agent (prepare-agent) @ utah-parser ---
[INFO] argLine set to -javaagent:/home/maven/.m2/repository/org/jacoco/org.jacoco.agent/0.8.6/org.jacoco.agent-0.8.6-runtime.jar=destfile=/workdir/utah-parser/target/jacoco.exec
[INFO] 
[INFO] --- maven-resources-plugin:2.6:resources (default-resources) @ utah-parser ---
[INFO] Using 'UTF-8' encoding to copy filtered resources.
[INFO] skip non existing resourceDirectory /workdir/utah-parser/src/main/resources
[INFO] 
[INFO] --- maven-compiler-plugin:3.8.0:compile (default-compile) @ utah-parser ---
[INFO] Nothing to compile - all classes are up to date
[INFO] 
[INFO] --- maven-resources-plugin:2.6:testResources (default-testResources) @ utah-parser ---
[INFO] Using 'UTF-8' encoding to copy filtered resources.
[INFO] Copying 16 resources
[INFO] 
[INFO] --- maven-compiler-plugin:3.8.0:testCompile (default-testCompile) @ utah-parser ---
[INFO] Nothing to compile - all classes are up to date
[INFO] 
[INFO] --- maven-surefire-plugin:2.12.4:test (default-test) @ utah-parser ---
[INFO] Surefire report directory: /workdir/utah-parser/target/surefire-reports

-------------------------------------------------------
 T E S T S
-------------------------------------------------------
Running com.sonalake.utah.config.ParserTest
Tests run: 4, Failures: 0, Errors: 0, Skipped: 0, Time elapsed: 0.126 sec
Running com.sonalake.utah.ExamplesTest
Tests run: 8, Failures: 0, Errors: 0, Skipped: 0, Time elapsed: 0.754 sec
Running com.sonalake.utah.cli.CliConfigTest
Tests run: 3, Failures: 0, Errors: 0, Skipped: 0, Time elapsed: 0.047 sec
Running com.sonalake.utah.cli.CommandLineInterfaceTest
usage: utah
 -f <arg>   The config file
 -o <arg>   The output format, must be one of: csv, json
Tests run: 13, Failures: 0, Errors: 0, Skipped: 0, Time elapsed: 0.237 sec

Results :

Tests run: 28, Failures: 0, Errors: 0, Skipped: 0

[INFO] ------------------------------------------------------------------------
[INFO] BUILD SUCCESS
[INFO] ------------------------------------------------------------------------
[INFO] Total time:  2.802 s
[INFO] Finished at: 2021-02-15T05:54:24Z
[INFO] ------------------------------------------------------------------------
