[INFO] Scanning for projects...
[INFO] 
[INFO] ----------------------< org.openpnp:openpnp-gui >-----------------------
[INFO] Building openpnp-gui 0.0.1-alpha-SNAPSHOT
[INFO] --------------------------------[ jar ]---------------------------------
[WARNING] The POM for com.sun.xml.bind:jaxb-core:jar:2.2.11 is invalid, transitive dependencies (if any) will not be available, enable debug logging for more details
[WARNING] The POM for com.sun.xml.bind:jaxb-impl:jar:2.2.11 is invalid, transitive dependencies (if any) will not be available, enable debug logging for more details
[INFO] 
[INFO] --- buildnumber-maven-plugin:1.3:create (default) @ openpnp-gui ---
[INFO] ShortRevision tag detected. The value is '7'.
[INFO] Executing: /bin/sh -c cd /workdir/openpnp && git rev-parse --verify --short=7 HEAD
[INFO] Working directory: /workdir/openpnp
[INFO] Storing buildNumber: 7e18341 at timestamp: 1613329458848
[WARNING] Cannot get the branch information from the git repository: 
Detecting the current branch failed: fatal: ref HEAD is not a symbolic ref

[INFO] ShortRevision tag detected. The value is '7'.
[INFO] Executing: /bin/sh -c cd /workdir/openpnp && git rev-parse --verify --short=7 HEAD
[INFO] Working directory: /workdir/openpnp
[INFO] Storing buildScmBranch: UNKNOWN
[INFO] 
[INFO] --- maven-checkstyle-plugin:3.1.0:check (validate) @ openpnp-gui ---
[INFO] Starting audit...
Audit done.
[INFO] 
[INFO] --- maven-resources-plugin:2.6:resources (default-resources) @ openpnp-gui ---
[INFO] Using 'UTF-8' encoding to copy filtered resources.
[INFO] Copying 120 resources
[INFO] 
[INFO] --- maven-compiler-plugin:3.1:compile (default-compile) @ openpnp-gui ---
[INFO] Nothing to compile - all classes are up to date
[INFO] 
[INFO] --- maven-resources-plugin:2.6:testResources (default-testResources) @ openpnp-gui ---
[INFO] Using 'UTF-8' encoding to copy filtered resources.
[INFO] Copying 5 resources
[INFO] 
[INFO] --- maven-compiler-plugin:3.1:testCompile (default-testCompile) @ openpnp-gui ---
[INFO] Nothing to compile - all classes are up to date
[INFO] 
[INFO] --- maven-surefire-plugin:2.19:test (default-test) @ openpnp-gui ---

-------------------------------------------------------
 T E S T S
-------------------------------------------------------
Running EagleMountsmdUlpImporterTest
Configuration directory: /tmp/1613329460163-0/.openpnp
2021-02-14 19:04:20 [main] org.openpnp.model.Configuration.load()
INFO: No packages.xml found in configuration directory, loading defaults.
2021-02-14 19:04:20 [main] org.openpnp.model.Configuration.load()
INFO: No parts.xml found in configuration directory, loading defaults.
2021-02-14 19:04:20 [main] org.openpnp.model.Configuration.load()
INFO: No machine.xml found in configuration directory, loading defaults.
WARNING: An illegal reflective access operation has occurred
WARNING: Illegal reflective access by nu.pattern.OpenCV$SharedLoader (file:/home/maven/.m2/repository/org/openpnp/opencv/4.3.0-1/opencv-4.3.0-1.jar) to field java.lang.ClassLoader.usr_paths
WARNING: Please consider reporting this to the maintainers of nu.pattern.OpenCV$SharedLoader
WARNING: Use --illegal-access=warn to enable warnings of further illegal reflective access operations
WARNING: All illegal access operations will be denied in a future release
2021-02-14 19:04:22 [main] org.openpnp.machine.reference.ReferenceNozzleTip.commit()
INFO: Cannot fully upgrade partOffProbingMilliseconds time
2021-02-14 19:04:22 [main] org.openpnp.model.Configuration.load()
INFO: Defaults were loaded. Saving to configuration directory.
Configuration directory: /tmp/1613329462521-0/.openpnp
2021-02-14 19:04:22 [main] org.openpnp.model.Configuration.load()
INFO: No packages.xml found in configuration directory, loading defaults.
2021-02-14 19:04:22 [main] org.openpnp.model.Configuration.load()
INFO: No parts.xml found in configuration directory, loading defaults.
2021-02-14 19:04:22 [main] org.openpnp.model.Configuration.load()
INFO: No machine.xml found in configuration directory, loading defaults.
2021-02-14 19:04:23 [main] org.openpnp.machine.reference.ReferenceNozzleTip.commit()
INFO: Cannot fully upgrade partOffProbingMilliseconds time
2021-02-14 19:04:23 [main] org.openpnp.model.Configuration.load()
INFO: Defaults were loaded. Saving to configuration directory.
Configuration directory: /tmp/1613329463535-0/.openpnp
2021-02-14 19:04:23 [main] org.openpnp.model.Configuration.load()
INFO: No packages.xml found in configuration directory, loading defaults.
2021-02-14 19:04:23 [main] org.openpnp.model.Configuration.load()
INFO: No parts.xml found in configuration directory, loading defaults.
2021-02-14 19:04:23 [main] org.openpnp.model.Configuration.load()
INFO: No machine.xml found in configuration directory, loading defaults.
2021-02-14 19:04:24 [main] org.openpnp.machine.reference.ReferenceNozzleTip.commit()
INFO: Cannot fully upgrade partOffProbingMilliseconds time
2021-02-14 19:04:24 [main] org.openpnp.model.Configuration.load()
INFO: Defaults were loaded. Saving to configuration directory.
Tests run: 3, Failures: 0, Errors: 0, Skipped: 0, Time elapsed: 4.331 sec - in EagleMountsmdUlpImporterTest
Running EagleLoaderTest
Tests run: 2, Failures: 0, Errors: 0, Skipped: 0, Time elapsed: 0.37 sec - in EagleLoaderTest
Running TavellingSalesmanTest
TavellingSalesmanTest.testTravellingSalesman() solved 610 locations, distance: 10809mm, target: 12000.0mm, time: 1607ms
file:/tmp/travelling-salesman11756864742765239199.svg
TavellingSalesmanTest.testTravellingSalesman() solved 70 locations, distance: 4985mm, target: 5100.0mm, time: 106ms
file:/tmp/travelling-salesman1453391215335166588.svg
TavellingSalesmanTest.testTravellingSalesman() solved 16 locations, distance: 2869mm, target: 3000.0mm, time: 23ms
file:/tmp/travelling-salesman11854554857530002794.svg
Tests run: 1, Failures: 0, Errors: 0, Skipped: 0, Time elapsed: 1.752 sec - in TavellingSalesmanTest
Running BasicJobTest
Configuration directory: /tmp/1613329466625-0/.openpnp
2021-02-14 19:04:27 [main] org.openpnp.machine.reference.ReferenceNozzleTip.commit()
INFO: Cannot fully upgrade partOffProbingMilliseconds time
2021-02-14 19:04:27 [main] org.openpnp.machine.reference.ReferenceNozzleTip.commit()
INFO: Cannot fully upgrade partOffProbingMilliseconds time
Checking job for setup errors.
Preparing machine.
Preparing feeders.
Planning placements.
Change nozzle tip on nozzle N1 to NT1.
N1 N1 (40.000000, 0.000000, 0.000000, 0.000000 mm)
Change nozzle tip on nozzle N2 to NT2.
N2 N2 (50.000000, 0.000000, 0.000000, 0.000000 mm)
Calibrate nozzle tip NT1 NT1
Calibrate nozzle tip NT2 NT2
Feed ReferenceTubeFeeder on R-0805-10K.
Pick R-0805-10K from ReferenceTubeFeeder for R1.
N1 N1 (-10.000000, 0.000000, 0.000000, 0.000000 mm)
Feed ReferenceTubeFeeder on R-0805-10K.
Pick R-0805-10K from ReferenceTubeFeeder for R2.
N2 N2 (-20.000000, 0.000000, 0.000000, 0.000000 mm)
Placing R-0805-10K for R1.
N1 N1 (0.000000, 10.000000, 0.000000, 45.000000 mm)
N1 N1 (0.000000, 10.000000, 0.825500, 45.000000 mm)
N1 N1 (0.000000, 10.000000, 0.000000, 45.000000 mm)
Placing R-0805-10K for R2.
N2 N2 (0.000000, 20.000000, 0.000000, 90.000000 mm)
N2 N2 (0.000000, 20.000000, 0.825500, 90.000000 mm)
N2 N2 (0.000000, 20.000000, 0.000000, 90.000000 mm)
Planning placements.
Cleaning up.
Park head.
Top (0.000000, 0.000000, 0.000000, 90.000000 mm)
2021-02-14 19:04:27 [main] org.openpnp.machine.reference.ReferencePnpJobProcessor$Finish.step()
INFO: Job finished 2 parts in .0 sec. This is 327,272.7 CPH
Job finished without error, placed 2 parts in .0 sec. (327,272.7 CPH)
Tests run: 1, Failures: 0, Errors: 0, Skipped: 0, Time elapsed: 0.92 sec - in BasicJobTest
Running OpenCvTest
Tests run: 1, Failures: 0, Errors: 0, Skipped: 0, Time elapsed: 0.027 sec - in OpenCvTest
Running ReferenceFiducialLocatorTest
testCollinear [id 0.042882909238621036, location (0.000000, 0.000000, 0.000000, 0.000000 mm), side Top, part null, type Placement, id 0.1898358397407045, location (200.000000, 200.000000, 0.000000, 0.000000 mm), side Top, part null, type Placement] in 9
testJust1 [id 0.016449938473825476, location (0.000000, 0.000000, 0.000000, 0.000000 mm), side Top, part null, type Placement] in 1
testJust2 [id 0.9322939731260216, location (0.000000, 0.000000, 0.000000, 0.000000 mm), side Top, part null, type Placement, id 0.07817227095298007, location (0.000000, 50.000000, 0.000000, 0.000000 mm), side Top, part null, type Placement] in 0
testSameX [id 0.5503486886644309, location (10.000000, 0.000000, 0.000000, 0.000000 mm), side Top, part null, type Placement, id 0.6416486716621008, location (10.000000, 200.000000, 0.000000, 0.000000 mm), side Top, part null, type Placement] in 1
testSameY [id 0.8341323925514795, location (0.000000, 10.000000, 0.000000, 0.000000 mm), side Top, part null, type Placement, id 0.7465336910838595, location (200.000000, 10.000000, 0.000000, 0.000000 mm), side Top, part null, type Placement] in 0
testNominal [id 0.9985323109710478, location (0.000000, 0.000000, 0.000000, 0.000000 mm), side Top, part null, type Placement, id 0.8095456606664843, location (110.000000, 40.000000, 0.000000, 0.000000 mm), side Top, part null, type Placement, id 0.39791800055585036, location (0.000000, 50.000000, 0.000000, 0.000000 mm), side Top, part null, type Placement] in 1
Tests run: 6, Failures: 0, Errors: 0, Skipped: 0, Time elapsed: 0.013 sec - in ReferenceFiducialLocatorTest
Running GcodeDriverTest
Configuration directory: /tmp/1613329467595-0/.openpnp
2021-02-14 19:04:27 [main] org.openpnp.model.Configuration.load()
INFO: No packages.xml found in configuration directory, loading defaults.
2021-02-14 19:04:27 [main] org.openpnp.model.Configuration.load()
INFO: No parts.xml found in configuration directory, loading defaults.
2021-02-14 19:04:27 [main] org.openpnp.model.Configuration.load()
INFO: No machine.xml found in configuration directory, loading defaults.
2021-02-14 19:04:28 [main] org.openpnp.machine.reference.ReferenceNozzleTip.commit()
INFO: Cannot fully upgrade partOffProbingMilliseconds time
2021-02-14 19:04:28 [main] org.openpnp.model.Configuration.load()
INFO: Defaults were loaded. Saving to configuration directory.
Configuration directory: /tmp/1613329468919-0/.openpnp
2021-02-14 19:04:28 [main] org.openpnp.model.Configuration.load()
INFO: No packages.xml found in configuration directory, loading defaults.
2021-02-14 19:04:28 [main] org.openpnp.model.Configuration.load()
INFO: No parts.xml found in configuration directory, loading defaults.
2021-02-14 19:04:28 [main] org.openpnp.model.Configuration.load()
INFO: No machine.xml found in configuration directory, loading defaults.
2021-02-14 19:04:29 [main] org.openpnp.machine.reference.ReferenceNozzleTip.commit()
INFO: Cannot fully upgrade partOffProbingMilliseconds time
2021-02-14 19:04:29 [main] org.openpnp.model.Configuration.load()
INFO: Defaults were loaded. Saving to configuration directory.
Configuration directory: /tmp/1613329470231-0/.openpnp
2021-02-14 19:04:30 [main] org.openpnp.model.Configuration.load()
INFO: No packages.xml found in configuration directory, loading defaults.
2021-02-14 19:04:30 [main] org.openpnp.model.Configuration.load()
INFO: No parts.xml found in configuration directory, loading defaults.
2021-02-14 19:04:30 [main] org.openpnp.model.Configuration.load()
INFO: No machine.xml found in configuration directory, loading defaults.
2021-02-14 19:04:31 [main] org.openpnp.machine.reference.ReferenceNozzleTip.commit()
INFO: Cannot fully upgrade partOffProbingMilliseconds time
2021-02-14 19:04:31 [main] org.openpnp.model.Configuration.load()
INFO: Defaults were loaded. Saving to configuration directory.
Configuration directory: /tmp/1613329471612-0/.openpnp
2021-02-14 19:04:31 [main] org.openpnp.model.Configuration.load()
INFO: No packages.xml found in configuration directory, loading defaults.
2021-02-14 19:04:31 [main] org.openpnp.model.Configuration.load()
INFO: No parts.xml found in configuration directory, loading defaults.
2021-02-14 19:04:31 [main] org.openpnp.model.Configuration.load()
INFO: No machine.xml found in configuration directory, loading defaults.
2021-02-14 19:04:32 [main] org.openpnp.machine.reference.ReferenceNozzleTip.commit()
INFO: Cannot fully upgrade partOffProbingMilliseconds time
2021-02-14 19:04:32 [main] org.openpnp.model.Configuration.load()
INFO: Defaults were loaded. Saving to configuration directory.
Tests run: 4, Failures: 0, Errors: 0, Skipped: 0, Time elapsed: 5.388 sec - in GcodeDriverTest
Running SampleJobTest
Configuration directory: /tmp/1613329472979-0/.openpnp
2021-02-14 19:04:32 [main] org.openpnp.model.Configuration.load()
INFO: No packages.xml found in configuration directory, loading defaults.
2021-02-14 19:04:32 [main] org.openpnp.model.Configuration.load()
INFO: No parts.xml found in configuration directory, loading defaults.
2021-02-14 19:04:32 [main] org.openpnp.model.Configuration.load()
INFO: No machine.xml found in configuration directory, loading defaults.
2021-02-14 19:04:33 [main] org.openpnp.machine.reference.ReferenceNozzleTip.commit()
INFO: Cannot fully upgrade partOffProbingMilliseconds time
2021-02-14 19:04:33 [main] org.openpnp.model.Configuration.load()
INFO: Defaults were loaded. Saving to configuration directory.
Checking job for setup errors.
Preparing machine.
Preparing feeders.
Fiducial check for board (pnp-test.board.xml), location ((3.994595, 4.413185, 0.000000, 0.007895 mm)), side (Top)
2021-02-14 19:04:34 [main] org.openpnp.machine.reference.vision.ReferenceFiducialLocator.locateBoard()
INFO: Fiducial results: scale (1.001302, 1.000000) shear (-0.000000, 0.0) rotation (0.007885 deg) translation (3.759175 mm, 4.095710 mm)
2021-02-14 19:04:34 [main] org.openpnp.machine.reference.vision.ReferenceFiducialLocator.locateBoard()
INFO: Board origin offset distance: 0.39523779653082125mm
Fiducial check for board (pnp-test.board.xml), location ((5.138645, 62.743655, 0.000000, -19.947362 mm)), side (Top)
2021-02-14 19:04:34 [main] org.openpnp.machine.reference.vision.ReferenceFiducialLocator.locateBoard()
INFO: Fiducial results: scale (1.001224, 1.001036) shear (-0.001767, 0.0) rotation (-19.921934 deg) translation (4.949011 mm, 63.269324 mm)
2021-02-14 19:04:34 [main] org.openpnp.machine.reference.vision.ReferenceFiducialLocator.locateBoard()
INFO: Board origin offset distance: 0.5588287958291993mm
Fiducial check for board (pnp-test.board.xml), location ((64.489808, 7.248273, 0.000000, 0.604803 mm)), side (Bottom)
2021-02-14 19:04:35 [main] org.openpnp.machine.reference.vision.ReferenceFiducialLocator.locateBoard()
INFO: Fiducial results: scale (1.001247, 1.001459) shear (-0.000027, 0.0) rotation (0.007778 deg) translation (101.152090 mm, 6.831856 mm)
2021-02-14 19:04:35 [main] org.openpnp.machine.reference.vision.ReferenceFiducialLocator.locateBoard()
INFO: Board origin offset distance: 0.5700487063902595mm
Fiducial check for board (pnp-test.board.xml), location ((84.336372, 46.650270, 0.000000, 36.608756 mm)), side (Bottom)
2021-02-14 19:04:35 [main] org.openpnp.machine.reference.vision.ReferenceFiducialLocator.locateBoard()
INFO: Fiducial results: scale (0.998955, 1.000016) shear (0.000756, 0.0) rotation (36.653306 deg) translation (113.759550 mm, 68.736295 mm)
2021-02-14 19:04:35 [main] org.openpnp.machine.reference.vision.ReferenceFiducialLocator.locateBoard()
INFO: Board origin offset distance: 0.2304795358024654mm
Fiducial check for board (pnp-test.board.xml), location ((59.177394, 120.838635, 0.000000, -28.179275 mm)), side (Bottom)
2021-02-14 19:04:36 [main] org.openpnp.machine.reference.vision.ReferenceFiducialLocator.locateBoard()
INFO: Fiducial results: scale (1.000000, 1.000000) shear (0.000000, 0.0) rotation (-28.179275 deg) translation (91.855439 mm, 103.048578 mm)
2021-02-14 19:04:36 [main] org.openpnp.machine.reference.vision.ReferenceFiducialLocator.locateBoard()
INFO: Board origin offset distance: 0.32376224401560405mm
Fiducial check for board (pnp-test.board.xml), location ((155.017595, 151.331550, 0.000000, 157.092969 mm)), side (Top)
2021-02-14 19:04:36 [main] org.openpnp.machine.reference.vision.ReferenceFiducialLocator.locateBoard()
INFO: Fiducial results: scale (0.998131, 1.001602) shear (0.000310, 0.0) rotation (156.396491 deg) translation (155.938854 mm, 151.536615 mm)
2021-02-14 19:04:36 [main] org.openpnp.machine.reference.vision.ReferenceFiducialLocator.locateBoard()
INFO: Board origin offset distance: 0.9438058869301559mm
Fiducial check for board (pnp-test.board.xml), location ((183.954660, 146.597000, 0.000000, -140.606916 mm)), side (Bottom)
2021-02-14 19:04:36 [main] org.openpnp.machine.reference.vision.ReferenceFiducialLocator.locateBoard()
INFO: Fiducial results: scale (0.998790, 1.000450) shear (0.001196, 0.0) rotation (-143.488714 deg) translation (155.106325 mm, 124.466587 mm)
2021-02-14 19:04:36 [main] org.openpnp.machine.reference.vision.ReferenceFiducialLocator.locateBoard()
INFO: Board origin offset distance: 0.8658854618656432mm
Fiducial check for board (pnp-test.board.xml), location ((38.020443, 100.912063, 0.000000, 76.646032 mm)), side (Top)
2021-02-14 19:04:37 [main] org.openpnp.machine.reference.vision.ReferenceFiducialLocator.locateBoard()
INFO: Fiducial results: scale (1.001167, 1.001876) shear (-0.000828, 0.0) rotation (74.584166 deg) translation (37.745803 mm, 100.964408 mm)
2021-02-14 19:04:37 [main] org.openpnp.machine.reference.vision.ReferenceFiducialLocator.locateBoard()
INFO: Board origin offset distance: 0.2795836889179437mm
Planning placements.
Calibrate nozzle tip NT1 NT1
Feed Lower Strips - 4 on R0201-1K.
Pick R0201-1K from Lower Strips - 4 for R8.
Aligning R0201-1K for R8.
Placing R0201-1K for R8.
Planning placements.
Calibrate nozzle tip NT1 NT1
Feed Lower Strips - 4 on R0201-1K.
Pick R0201-1K from Lower Strips - 4 for R8.
Aligning R0201-1K for R8.
Placing R0201-1K for R8.
Planning placements.
Calibrate nozzle tip NT1 NT1
Feed Lower Strips - 4 on R0201-1K.
Pick R0201-1K from Lower Strips - 4 for R14.
Aligning R0201-1K for R14.
Placing R0201-1K for R14.
Planning placements.
Calibrate nozzle tip NT1 NT1
Feed Lower Strips - 4 on R0201-1K.
Pick R0201-1K from Lower Strips - 4 for R14.
Aligning R0201-1K for R14.
Placing R0201-1K for R14.
Planning placements.
Calibrate nozzle tip NT1 NT1
Feed Lower Strips - 4 on R0201-1K.
Pick R0201-1K from Lower Strips - 4 for R14.
Aligning R0201-1K for R14.
Placing R0201-1K for R14.
Planning placements.
Calibrate nozzle tip NT1 NT1
Feed Lower Strips - 4 on R0201-1K.
Pick R0201-1K from Lower Strips - 4 for R8.
Aligning R0201-1K for R8.
Placing R0201-1K for R8.
Planning placements.
Calibrate nozzle tip NT1 NT1
Feed Lower Strips - 4 on R0201-1K.
Pick R0201-1K from Lower Strips - 4 for R14.
Aligning R0201-1K for R14.
Placing R0201-1K for R14.
Planning placements.
Calibrate nozzle tip NT1 NT1
Feed Lower Strips - 4 on R0201-1K.
Pick R0201-1K from Lower Strips - 4 for R8.
Aligning R0201-1K for R8.
Placing R0201-1K for R8.
Planning placements.
Calibrate nozzle tip NT1 NT1
Feed Lower Strips - 3 on R0402-1K.
Pick R0402-1K from Lower Strips - 3 for R6.
Aligning R0402-1K for R6.
Placing R0402-1K for R6.
Planning placements.
Calibrate nozzle tip NT1 NT1
Feed Lower Strips - 3 on R0402-1K.
Pick R0402-1K from Lower Strips - 3 for R6.
Aligning R0402-1K for R6.
Placing R0402-1K for R6.
Planning placements.
Calibrate nozzle tip NT1 NT1
Feed Lower Strips - 3 on R0402-1K.
Pick R0402-1K from Lower Strips - 3 for R18.
Aligning R0402-1K for R18.
Placing R0402-1K for R18.
Planning placements.
Calibrate nozzle tip NT1 NT1
Feed Lower Strips - 3 on R0402-1K.
Pick R0402-1K from Lower Strips - 3 for R18.
Aligning R0402-1K for R18.
Placing R0402-1K for R18.
Planning placements.
Calibrate nozzle tip NT1 NT1
Feed Lower Strips - 3 on R0402-1K.
Pick R0402-1K from Lower Strips - 3 for R18.
Aligning R0402-1K for R18.
Placing R0402-1K for R18.
Planning placements.
Calibrate nozzle tip NT1 NT1
Feed Lower Strips - 3 on R0402-1K.
Pick R0402-1K from Lower Strips - 3 for R6.
Aligning R0402-1K for R6.
Placing R0402-1K for R6.
Planning placements.
Calibrate nozzle tip NT1 NT1
Feed Lower Strips - 3 on R0402-1K.
Pick R0402-1K from Lower Strips - 3 for R18.
Aligning R0402-1K for R18.
Placing R0402-1K for R18.
Planning placements.
Calibrate nozzle tip NT1 NT1
Feed Lower Strips - 3 on R0402-1K.
Pick R0402-1K from Lower Strips - 3 for R6.
Aligning R0402-1K for R6.
Placing R0402-1K for R6.
Planning placements.
Calibrate nozzle tip NT1 NT1
Feed Lower Strips - 2 on R0603-1K.
Pick R0603-1K from Lower Strips - 2 for R10.
Aligning R0603-1K for R10.
Placing R0603-1K for R10.
Planning placements.
Calibrate nozzle tip NT1 NT1
Feed Lower Strips - 2 on R0603-1K.
Pick R0603-1K from Lower Strips - 2 for R10.
Aligning R0603-1K for R10.
Placing R0603-1K for R10.
Planning placements.
Calibrate nozzle tip NT1 NT1
Feed Lower Strips - 2 on R0603-1K.
Pick R0603-1K from Lower Strips - 2 for R20.
Aligning R0603-1K for R20.
Placing R0603-1K for R20.
Planning placements.
Calibrate nozzle tip NT1 NT1
Feed Lower Strips - 2 on R0603-1K.
Pick R0603-1K from Lower Strips - 2 for R20.
Aligning R0603-1K for R20.
Placing R0603-1K for R20.
Planning placements.
Calibrate nozzle tip NT1 NT1
Feed Lower Strips - 2 on R0603-1K.
Pick R0603-1K from Lower Strips - 2 for R20.
Aligning R0603-1K for R20.
Placing R0603-1K for R20.
Planning placements.
Calibrate nozzle tip NT1 NT1
Feed Lower Strips - 2 on R0603-1K.
Pick R0603-1K from Lower Strips - 2 for R10.
Aligning R0603-1K for R10.
Placing R0603-1K for R10.
Planning placements.
Calibrate nozzle tip NT1 NT1
Feed Lower Strips - 2 on R0603-1K.
Pick R0603-1K from Lower Strips - 2 for R20.
Aligning R0603-1K for R20.
Placing R0603-1K for R20.
Planning placements.
Calibrate nozzle tip NT1 NT1
Feed Lower Strips - 2 on R0603-1K.
Pick R0603-1K from Lower Strips - 2 for R10.
Aligning R0603-1K for R10.
Placing R0603-1K for R10.
Planning placements.
Calibrate nozzle tip NT1 NT1
Feed Upper Strips - 1 on R0805-1K.
Pick R0805-1K from Upper Strips - 1 for R1.
Aligning R0805-1K for R1.
Placing R0805-1K for R1.
Planning placements.
Calibrate nozzle tip NT1 NT1
Feed Upper Strips - 1 on R0805-1K.
Pick R0805-1K from Upper Strips - 1 for R1.
Aligning R0805-1K for R1.
Placing R0805-1K for R1.
Planning placements.
Calibrate nozzle tip NT1 NT1
Feed Upper Strips - 1 on R0805-1K.
Pick R0805-1K from Upper Strips - 1 for R13.
Aligning R0805-1K for R13.
Placing R0805-1K for R13.
Planning placements.
Calibrate nozzle tip NT1 NT1
Feed Upper Strips - 1 on R0805-1K.
Pick R0805-1K from Upper Strips - 1 for R13.
Aligning R0805-1K for R13.
Placing R0805-1K for R13.
Planning placements.
Calibrate nozzle tip NT1 NT1
Feed Upper Strips - 1 on R0805-1K.
Pick R0805-1K from Upper Strips - 1 for R13.
Aligning R0805-1K for R13.
Placing R0805-1K for R13.
Planning placements.
Calibrate nozzle tip NT1 NT1
Feed Upper Strips - 1 on R0805-1K.
Pick R0805-1K from Upper Strips - 1 for R1.
Aligning R0805-1K for R1.
Placing R0805-1K for R1.
Planning placements.
Calibrate nozzle tip NT1 NT1
Feed Upper Strips - 1 on R0805-1K.
Pick R0805-1K from Upper Strips - 1 for R13.
Aligning R0805-1K for R13.
Placing R0805-1K for R13.
Planning placements.
Calibrate nozzle tip NT1 NT1
Feed Upper Strips - 1 on R0805-1K.
Pick R0805-1K from Upper Strips - 1 for R1.
Aligning R0805-1K for R1.
Placing R0805-1K for R1.
Planning placements.
Cleaning up.
Park head.
2021-02-14 19:04:49 [main] org.openpnp.machine.reference.ReferencePnpJobProcessor$Finish.step()
INFO: Job finished 32 parts in 15.9 sec. This is 7,246.2 CPH
Job finished without error, placed 32 parts in 15.9 sec. (7,246.2 CPH)
Tests run: 1, Failures: 0, Errors: 0, Skipped: 0, Time elapsed: 16.841 sec - in SampleJobTest
Running VisionUtilsTest
Tests run: 1, Failures: 0, Errors: 0, Skipped: 0, Time elapsed: 0 sec - in VisionUtilsTest
Running Utils2DTest
(60.221347, 14.223544, -8.000000, 84.000000 mm)
(60.221347, 14.223544, -8.000000, 84.000000 mm)
Tests run: 2, Failures: 0, Errors: 0, Skipped: 0, Time elapsed: 0.402 sec - in Utils2DTest
Running ReferenceBottomVisionTest
Configuration directory: /tmp/1613329490233-0/.openpnp
2021-02-14 19:04:50 [main] org.openpnp.model.Configuration.load()
INFO: No packages.xml found in configuration directory, loading defaults.
2021-02-14 19:04:50 [main] org.openpnp.model.Configuration.load()
INFO: No parts.xml found in configuration directory, loading defaults.
2021-02-14 19:04:50 [main] org.openpnp.model.Configuration.load()
INFO: No machine.xml found in configuration directory, loading defaults.
2021-02-14 19:04:51 [main] org.openpnp.machine.reference.ReferenceNozzleTip.commit()
INFO: Cannot fully upgrade partOffProbingMilliseconds time
2021-02-14 19:04:51 [main] org.openpnp.model.Configuration.load()
INFO: Defaults were loaded. Saving to configuration directory.
Configuration directory: /tmp/1613329491620-0/.openpnp
2021-02-14 19:04:51 [main] org.openpnp.model.Configuration.load()
INFO: No packages.xml found in configuration directory, loading defaults.
2021-02-14 19:04:51 [main] org.openpnp.model.Configuration.load()
INFO: No parts.xml found in configuration directory, loading defaults.
2021-02-14 19:04:51 [main] org.openpnp.model.Configuration.load()
INFO: No machine.xml found in configuration directory, loading defaults.
2021-02-14 19:04:52 [main] org.openpnp.machine.reference.ReferenceNozzleTip.commit()
INFO: Cannot fully upgrade partOffProbingMilliseconds time
2021-02-14 19:04:52 [main] org.openpnp.model.Configuration.load()
INFO: Defaults were loaded. Saving to configuration directory.
Tests run: 2, Failures: 0, Errors: 0, Skipped: 0, Time elapsed: 2.64 sec - in ReferenceBottomVisionTest

Results :

Tests run: 24, Failures: 0, Errors: 0, Skipped: 0

[INFO] ------------------------------------------------------------------------
[INFO] BUILD SUCCESS
[INFO] ------------------------------------------------------------------------
[INFO] Total time:  35.088 s
[INFO] Finished at: 2021-02-14T19:04:53Z
[INFO] ------------------------------------------------------------------------
