[INFO] Scanning for projects...
[WARNING] 
[WARNING] Some problems were encountered while building the effective model for com.pinterest.singer:singer:jar:0.8.0.39
[WARNING] 'build.plugins.plugin.version' for org.apache.maven.plugins:maven-surefire-plugin is missing. @ line 287, column 21
[WARNING] 'build.plugins.plugin.version' for org.apache.maven.plugins:maven-source-plugin is missing. @ line 275, column 21
[WARNING] 
[WARNING] Some problems were encountered while building the effective model for com.pinterest.singer:thrift-logger:jar:0.8.0.39
[WARNING] 'build.plugins.plugin.version' for org.codehaus.mojo:build-helper-maven-plugin is missing. @ line 118, column 15
[WARNING] 'build.plugins.plugin.version' for org.apache.maven.plugins:maven-source-plugin is missing. @ line 152, column 15
[WARNING] 
[WARNING] Some problems were encountered while building the effective model for com.pinterest.singer:singer-commons:jar:0.8.0.39
[WARNING] 'build.plugins.plugin.version' for org.apache.maven.plugins:maven-surefire-plugin is missing. @ line 218, column 15
[WARNING] 'build.plugins.plugin.version' for org.codehaus.mojo:build-helper-maven-plugin is missing. @ line 172, column 15
[WARNING] 'build.plugins.plugin.version' for org.apache.maven.plugins:maven-source-plugin is missing. @ line 206, column 15
[WARNING] 
[WARNING] It is highly recommended to fix these problems because they threaten the stability of your build.
[WARNING] 
[WARNING] For this reason, future Maven versions might no longer support building such malformed projects.
[WARNING] 
[INFO] ------------------------------------------------------------------------
[INFO] Reactor Build Order:
[INFO] 
[INFO] Singer Logging Agent                                               [pom]
[INFO] singer-commons                                                     [jar]
[INFO] thrift-logger                                                      [jar]
[INFO] singer                                                             [jar]
[INFO] 
[INFO] ----------------< com.pinterest.singer:singer-package >-----------------
[INFO] Building Singer Logging Agent 0.8.0.39                             [1/4]
[INFO] --------------------------------[ pom ]---------------------------------
[INFO] 
[INFO] ----------------< com.pinterest.singer:singer-commons >-----------------
[INFO] Building singer-commons 0.8.0.39                                   [2/4]
[INFO] --------------------------------[ jar ]---------------------------------
[INFO] 
[INFO] --- scrooge-maven-plugin:4.18.0:compile (thrift-sources) @ singer-commons ---
[INFO] finding thrift files in dependencies
[INFO] finding thrift files in referenced (reactor) projects
[INFO] Generated thrift files up to date, skipping compile.
[INFO] 
[INFO] --- build-helper-maven-plugin:3.0.0:add-source (add-source) @ singer-commons ---
[INFO] Source directory: /workdir/singer/singer-commons/target/generated-sources/thrift/scrooge added.
[INFO] 
[INFO] --- maven-resources-plugin:2.6:resources (default-resources) @ singer-commons ---
[INFO] Using 'UTF-8' encoding to copy filtered resources.
[INFO] skip non existing resourceDirectory /workdir/singer/singer-commons/src/main/resources
[INFO] Copying 9 resources
[INFO] Copying 9 resources
[INFO] 
[INFO] --- maven-compiler-plugin:3.1:compile (default-compile) @ singer-commons ---
[INFO] Nothing to compile - all classes are up to date
[INFO] 
[INFO] --- scrooge-maven-plugin:4.18.0:testCompile (thrift-test-sources) @ singer-commons ---
[INFO] finding thrift files in dependencies
[INFO] finding thrift files in referenced (reactor) projects
[INFO] No thrift files to compile.
[INFO] 
[INFO] --- maven-resources-plugin:2.6:testResources (default-testResources) @ singer-commons ---
[INFO] Using 'UTF-8' encoding to copy filtered resources.
[INFO] skip non existing resourceDirectory /workdir/singer/singer-commons/src/test/resources
[INFO] 
[INFO] --- maven-compiler-plugin:3.1:testCompile (default-testCompile) @ singer-commons ---
[INFO] No sources to compile
[INFO] 
[INFO] --- maven-surefire-plugin:2.12.4:test (default-test) @ singer-commons ---
[INFO] No tests to run.
[INFO] 
[INFO] -----------------< com.pinterest.singer:thrift-logger >-----------------
[INFO] Building thrift-logger 0.8.0.39                                    [3/4]
[INFO] --------------------------------[ jar ]---------------------------------
[INFO] 
[INFO] --- scrooge-maven-plugin:4.18.0:compile (thrift-sources) @ thrift-logger ---
[INFO] finding thrift files in dependencies
[INFO] finding thrift files in referenced (reactor) projects
[INFO] Generated thrift files up to date, skipping compile.
[INFO] 
[INFO] --- build-helper-maven-plugin:3.0.0:add-source (add-source) @ thrift-logger ---
[INFO] Source directory: /workdir/singer/thrift-logger/target/generated-sources/thrift/scrooge added.
[INFO] 
[INFO] --- maven-resources-plugin:2.6:resources (default-resources) @ thrift-logger ---
[INFO] Using 'UTF-8' encoding to copy filtered resources.
[INFO] skip non existing resourceDirectory /workdir/singer/thrift-logger/src/main/resources
[INFO] skip non existing resourceDirectory /workdir/singer/thrift-logger/src/main/thrift
[INFO] Copying 9 resources
[INFO] 
[INFO] --- maven-compiler-plugin:3.1:compile (default-compile) @ thrift-logger ---
[INFO] Nothing to compile - all classes are up to date
[INFO] 
[INFO] --- scrooge-maven-plugin:4.18.0:testCompile (thrift-test-sources) @ thrift-logger ---
[INFO] finding thrift files in dependencies
[INFO] finding thrift files in referenced (reactor) projects
[INFO] No thrift files to compile.
[INFO] 
[INFO] --- maven-resources-plugin:2.6:testResources (default-testResources) @ thrift-logger ---
[INFO] Using 'UTF-8' encoding to copy filtered resources.
[INFO] skip non existing resourceDirectory /workdir/singer/thrift-logger/src/test/resources
[INFO] 
[INFO] --- maven-compiler-plugin:3.1:testCompile (default-testCompile) @ thrift-logger ---
[INFO] Nothing to compile - all classes are up to date
[INFO] 
[INFO] --- maven-surefire-plugin:2.12.4:test (default-test) @ thrift-logger ---
[INFO] Surefire report directory: /workdir/singer/thrift-logger/target/surefire-reports

-------------------------------------------------------
 T E S T S
-------------------------------------------------------
Running com.pinterest.singer.client.AuditableLogbackThriftLoggerFactoryTest
SLF4J: Failed to load class "org.slf4j.impl.StaticLoggerBinder".
SLF4J: Defaulting to no-operation (NOP) logger implementation
SLF4J: See http://www.slf4j.org/codes.html#StaticLoggerBinder for further details.
Tests run: 4, Failures: 0, Errors: 0, Skipped: 0, Time elapsed: 15.169 sec
Running com.pinterest.singer.client.AuditableLogbackThriftLoggerTest
Tests run: 3, Failures: 0, Errors: 0, Skipped: 0, Time elapsed: 0.171 sec
Running com.pinterest.singer.client.BaseThriftFactoryTest
Tests run: 5, Failures: 0, Errors: 0, Skipped: 0, Time elapsed: 5.005 sec
Running com.pinterest.singer.client.LogbackThriftLoggerTest
startOffset = 0bufferPos = 27 bytesRemainingInBuffer = 0
startOffset = 31bufferPos = 27 bytesRemainingInBuffer = 0
startOffset = 62bufferPos = 27 bytesRemainingInBuffer = 0
startOffset = 93bufferPos = 27 bytesRemainingInBuffer = 0
startOffset = 124bufferPos = 27 bytesRemainingInBuffer = 0
startOffset = 155bufferPos = 27 bytesRemainingInBuffer = 0
startOffset = 186bufferPos = 27 bytesRemainingInBuffer = 0
startOffset = 217bufferPos = 27 bytesRemainingInBuffer = 0
startOffset = 248bufferPos = 27 bytesRemainingInBuffer = 0
startOffset = 279bufferPos = 27 bytesRemainingInBuffer = 0
Tests run: 2, Failures: 0, Errors: 0, Skipped: 0, Time elapsed: 0.006 sec

Results :

Tests run: 14, Failures: 0, Errors: 0, Skipped: 0

[INFO] 
[INFO] --------------------< com.pinterest.singer:singer >---------------------
[INFO] Building singer 0.8.0.39                                           [4/4]
[INFO] --------------------------------[ jar ]---------------------------------
[INFO] 
[INFO] --- maven-resources-plugin:2.6:resources (default-resources) @ singer ---
[INFO] Using 'UTF-8' encoding to copy filtered resources.
[INFO] Copying 3 resources
[INFO] Copying 1 resource
[INFO] 
[INFO] --- maven-compiler-plugin:3.1:compile (default-compile) @ singer ---
[INFO] Nothing to compile - all classes are up to date
[INFO] 
[INFO] --- maven-resources-plugin:2.6:testResources (default-testResources) @ singer ---
[INFO] Using 'UTF-8' encoding to copy filtered resources.
[INFO] Copying 2 resources
[INFO] 
[INFO] --- maven-compiler-plugin:3.1:testCompile (default-testCompile) @ singer ---
[INFO] Nothing to compile - all classes are up to date
[INFO] 
[INFO] --- maven-surefire-plugin:2.12.4:test (default-test) @ singer ---
[INFO] Surefire report directory: /workdir/singer/singer/target/surefire-reports

-------------------------------------------------------
 T E S T S
-------------------------------------------------------
OpenJDK 64-Bit Server VM warning: Ignoring option MaxPermSize; support was removed in 8.0
Running com.pinterest.singer.config.DirectorySingerConfiguratorTest
log4j:WARN No appenders could be found for logger (org.apache.commons.configuration.PropertiesConfiguration).
log4j:WARN Please initialize the log4j system properly.
log4j:WARN See http://logging.apache.org/log4j/1.2/faq.html#noconfig for more info.
Tests run: 3, Failures: 0, Errors: 0, Skipped: 0, Time elapsed: 4.337 sec
Running com.pinterest.singer.reader.mapped.TestMappedTBinaryProtocol
MappedThriftReader:32802us
ThriftReader:43558us
Tests run: 4, Failures: 0, Errors: 0, Skipped: 0, Time elapsed: 0.493 sec
Running com.pinterest.singer.reader.TestTextLogFileReader
Tests run: 4, Failures: 0, Errors: 0, Skipped: 0, Time elapsed: 0.065 sec
Running com.pinterest.singer.reader.ThriftLogFileReaderTest
Tests run: 2, Failures: 0, Errors: 0, Skipped: 0, Time elapsed: 0.03 sec
Running com.pinterest.singer.reader.LogMessageEncoderTest
offset: 0 logMessage: LogMessage(message:73 61 6D 70 6C 65 20 6D 65 73 73 61 67 65 20 30, timestampInNanos:1613383826070000000)
offset: 39 logMessage: LogMessage(message:73 61 6D 70 6C 65 20 6D 65 73 73 61 67 65 20 31, timestampInNanos:1613383826070000000)
offset: 78 logMessage: LogMessage(message:73 61 6D 70 6C 65 20 6D 65 73 73 61 67 65 20 32, timestampInNanos:1613383826070000000)
offset: 117 logMessage: LogMessage(message:73 61 6D 70 6C 65 20 6D 65 73 73 61 67 65 20 33, timestampInNanos:1613383826070000000)
offset: 156 logMessage: LogMessage(message:73 61 6D 70 6C 65 20 6D 65 73 73 61 67 65 20 34, timestampInNanos:1613383826070000000)
offset: 195 logMessage: LogMessage(message:73 61 6D 70 6C 65 20 6D 65 73 73 61 67 65 20 35, timestampInNanos:1613383826070000000)
offset: 234 logMessage: LogMessage(message:73 61 6D 70 6C 65 20 6D 65 73 73 61 67 65 20 36, timestampInNanos:1613383826070000000)
offset: 273 logMessage: LogMessage(message:73 61 6D 70 6C 65 20 6D 65 73 73 61 67 65 20 37, timestampInNanos:1613383826070000000)
offset: 312 logMessage: LogMessage(message:73 61 6D 70 6C 65 20 6D 65 73 73 61 67 65 20 38, timestampInNanos:1613383826070000000)
offset: 351 logMessage: LogMessage(message:73 61 6D 70 6C 65 20 6D 65 73 73 61 67 65 20 39, timestampInNanos:1613383826070000000)
offset: 0 logMessage: LogMessage(message:73 61 6D 70 6C 65 20 6D 65 73 73 61 67 65 20 30, timestampInNanos:1613383826072000000)
offset: 39 logMessage: LogMessage(message:73 61 6D 70 6C 65 20 6D 65 73 73 61 67 65 20 31, timestampInNanos:1613383826072000000)
offset: 78 logMessage: LogMessage(message:73 61 6D 70 6C 65 20 6D 65 73 73 61 67 65 20 32, timestampInNanos:1613383826072000000)
offset: 117 logMessage: LogMessage(message:73 61 6D 70 6C 65 20 6D 65 73 73 61 67 65 20 33, timestampInNanos:1613383826072000000)
offset: 156 logMessage: LogMessage(message:73 61 6D 70 6C 65 20 6D 65 73 73 61 67 65 20 34, timestampInNanos:1613383826072000000)
offset: 195 logMessage: LogMessage(message:73 61 6D 70 6C 65 20 6D 65 73 73 61 67 65 20 35, timestampInNanos:1613383826072000000)
offset: 234 logMessage: LogMessage(message:73 61 6D 70 6C 65 20 6D 65 73 73 61 67 65 20 36, timestampInNanos:1613383826072000000)
offset: 273 logMessage: LogMessage(message:73 61 6D 70 6C 65 20 6D 65 73 73 61 67 65 20 37, timestampInNanos:1613383826072000000)
offset: 312 logMessage: LogMessage(message:73 61 6D 70 6C 65 20 6D 65 73 73 61 67 65 20 38, timestampInNanos:1613383826072000000)
offset: 351 logMessage: LogMessage(message:73 61 6D 70 6C 65 20 6D 65 73 73 61 67 65 20 39, timestampInNanos:1613383826072000000)
Tests run: 3, Failures: 0, Errors: 0, Skipped: 0, Time elapsed: 0.004 sec
Running com.pinterest.singer.reader.DefaultLogStreamReaderTest
Waiting for file system events to be noticed by FSM
# messages read = 1210  # messages written = 1210
Tests run: 1, Failures: 0, Errors: 0, Skipped: 0, Time elapsed: 4.09 sec
Running com.pinterest.singer.reader.TextMessageReaderTest
Tests run: 4, Failures: 0, Errors: 0, Skipped: 0, Time elapsed: 0.034 sec
Running com.pinterest.singer.writer.TestKafkaProducerMetricsMonitor
Tests run: 3, Failures: 0, Errors: 0, Skipped: 0, Time elapsed: 0.131 sec
Running com.pinterest.singer.writer.TestKafkaWriter
WARNING: An illegal reflective access operation has occurred
WARNING: Illegal reflective access by org.mockito.cglib.core.ReflectUtils$2 (file:/home/maven/.m2/repository/org/mockito/mockito-all/1.10.19/mockito-all-1.10.19.jar) to method java.lang.ClassLoader.defineClass(java.lang.String,byte[],int,int,java.security.ProtectionDomain)
WARNING: Please consider reporting this to the maintainers of org.mockito.cglib.core.ReflectUtils$2
WARNING: Use --illegal-access=warn to enable warnings of further illegal reflective access operations
WARNING: All illegal access operations will be denied in a future release
Tests run: 8, Failures: 0, Errors: 0, Skipped: 0, Time elapsed: 0.522 sec
Running com.pinterest.singer.writer.kafka.TestCommittableKafkaWriter
Tests run: 5, Failures: 0, Errors: 0, Skipped: 0, Time elapsed: 0.349 sec
Running com.pinterest.singer.writer.StringKeyMd5PartitionerTest
Tests run: 2, Failures: 0, Errors: 0, Skipped: 0, Time elapsed: 0.004 sec
Running com.pinterest.singer.writer.pulsar.TestPulsarWriter
Tests run: 1, Failures: 0, Errors: 0, Skipped: 0, Time elapsed: 0.189 sec
Running com.pinterest.singer.writer.partitioners.TestLocalityAwareRandomPartitioner
Tests run: 4, Failures: 0, Errors: 0, Skipped: 0, Time elapsed: 2.227 sec
Running com.pinterest.singer.writer.Crc32ByteArrayPartitionerTest
Tests run: 3, Failures: 0, Errors: 0, Skipped: 0, Time elapsed: 0.004 sec
Running com.pinterest.singer.writer.TestKafkaProducerManager
Tests run: 1, Failures: 0, Errors: 0, Skipped: 0, Time elapsed: 0.022 sec
Running com.pinterest.singer.processor.DefaultLogStreamProcessorTest
Waiting for file system events to be noticed by FileSystemMonitor
Waiting for file system events to be noticed by FileSystemMonitor
Tests run: 3, Failures: 0, Errors: 0, Skipped: 0, Time elapsed: 10.99 sec
Running com.pinterest.singer.processor.TestMemoryEfficientLogStreamProcessor
Waiting for file system events to be noticed by FileSystemMonitor
Waiting for file system events to be noticed by FileSystemMonitor
Tests run: 3, Failures: 0, Errors: 0, Skipped: 0, Time elapsed: 10.937 sec
Running com.pinterest.singer.monitor.TestRecursiveEventProcessor
Tests run: 3, Failures: 0, Errors: 0, Skipped: 0, Time elapsed: 0.011 sec
Running com.pinterest.singer.monitor.FileSystemMonitorTest
10
Tests run: 8, Failures: 0, Errors: 0, Skipped: 0, Time elapsed: 43.161 sec
Running com.pinterest.singer.monitor.MissingDirCheckerTest
Tests run: 1, Failures: 0, Errors: 0, Skipped: 0, Time elapsed: 40.021 sec
Running com.pinterest.singer.monitor.LogDirectoryScannerTest
testDir: /tmp/junit6924004625769360208/junit1301397162109816484
/tmp/junit6924004625769360208/junit1301397162109816484/test.tmp.10
/tmp/junit6924004625769360208/junit1301397162109816484/test.tmp.9
/tmp/junit6924004625769360208/junit1301397162109816484/test.tmp.8
/tmp/junit6924004625769360208/junit1301397162109816484/test.tmp.7
/tmp/junit6924004625769360208/junit1301397162109816484/test.tmp.6
/tmp/junit6924004625769360208/junit1301397162109816484/test.tmp.5
/tmp/junit6924004625769360208/junit1301397162109816484/test.tmp.4
/tmp/junit6924004625769360208/junit1301397162109816484/test.tmp.3
/tmp/junit6924004625769360208/junit1301397162109816484/test.tmp.2
/tmp/junit6924004625769360208/junit1301397162109816484/test.tmp.1
/tmp/junit6924004625769360208/junit1301397162109816484/test.tmp
testDir: /tmp/junit9250602069613221521/junit14846470409806698520
Tests run: 2, Failures: 0, Errors: 0, Skipped: 0, Time elapsed: 34.545 sec
Running com.pinterest.singer.kubernetes.TestKubeService
Tests run: 4, Failures: 0, Errors: 0, Skipped: 0, Time elapsed: 1.25 sec
Running com.pinterest.singer.kubernetes.TestPodLogCycle
Creating pod parent directory:/workdir/singer/singer/target/pods
Creating pod parent directory:/workdir/singer/singer/target/pods
Creating pod parent directory:/workdir/singer/singer/target/pods
Creating pod parent directory:/workdir/singer/singer/target/pods
Tests run: 4, Failures: 0, Errors: 0, Skipped: 0, Time elapsed: 3.05 sec
Running com.pinterest.singer.common.SingerStatusTest
Tests run: 2, Failures: 0, Errors: 0, Skipped: 0, Time elapsed: 0.032 sec
Running com.pinterest.singer.common.TestSingerSettings
Tests run: 2, Failures: 0, Errors: 0, Skipped: 0, Time elapsed: 0.004 sec
Running com.pinterest.singer.common.LogStreamTest
Tests run: 2, Failures: 0, Errors: 0, Skipped: 0, Time elapsed: 2.216 sec
Running com.pinterest.singer.utils.TestLogConfigs
Tests run: 1, Failures: 0, Errors: 0, Skipped: 0, Time elapsed: 0.264 sec
Running com.pinterest.singer.utils.LogFileUtilsTest
Tests run: 1, Failures: 0, Errors: 0, Skipped: 0, Time elapsed: 3.025 sec
Running com.pinterest.singer.utils.TestLogConfigUtils
Tests run: 9, Failures: 0, Errors: 0, Skipped: 0, Time elapsed: 0.226 sec
Running com.pinterest.singer.utils.WatermarkUtilsTest
Tests run: 1, Failures: 0, Errors: 0, Skipped: 0, Time elapsed: 0.001 sec
Running com.pinterest.singer.utils.TestSingerUtils
Tests run: 1, Failures: 0, Errors: 0, Skipped: 0, Time elapsed: 0 sec

Results :

Tests run: 95, Failures: 0, Errors: 0, Skipped: 0

[INFO] ------------------------------------------------------------------------
[INFO] Reactor Summary for Singer Logging Agent 0.8.0.39:
[INFO] 
[INFO] Singer Logging Agent ............................... SUCCESS [  0.002 s]
[INFO] singer-commons ..................................... SUCCESS [  0.865 s]
[INFO] thrift-logger ...................................... SUCCESS [ 25.727 s]
[INFO] singer ............................................. SUCCESS [02:43 min]
[INFO] ------------------------------------------------------------------------
[INFO] BUILD SUCCESS
[INFO] ------------------------------------------------------------------------
[INFO] Total time:  03:09 min
[INFO] Finished at: 2021-02-15T10:13:03Z
[INFO] ------------------------------------------------------------------------
