[INFO] Scanning for projects...
[INFO] ------------------------------------------------------------------------
[INFO] Reactor Build Order:
[INFO] 
[INFO] ascii-render-api                                                   [jar]
[INFO] ascii-render                                                       [jar]
[INFO] java-ascii-render                                                  [pom]
[INFO] 
[INFO] -------------< com.indvd00m.ascii.render:ascii-render-api >-------------
[INFO] Building ascii-render-api 2.2.1-SNAPSHOT                           [1/3]
[INFO] --------------------------------[ jar ]---------------------------------
[INFO] 
[INFO] --- maven-enforcer-plugin:3.0.0-M2:enforce (enforce-bytecode-version) @ ascii-render-api ---
[INFO] 
[INFO] --- jacoco-maven-plugin:0.8.4:prepare-agent (prepare-agent) @ ascii-render-api ---
[INFO] argLine set to -javaagent:/home/maven/.m2/repository/org/jacoco/org.jacoco.agent/0.8.4/org.jacoco.agent-0.8.4-runtime.jar=destfile=/workdir/java-ascii-render/ascii-render-api/target/jacoco.exec
[INFO] 
[INFO] --- maven-resources-plugin:2.6:resources (default-resources) @ ascii-render-api ---
[INFO] Using 'UTF-8' encoding to copy filtered resources.
[INFO] skip non existing resourceDirectory /workdir/java-ascii-render/ascii-render-api/src/main/resources
[INFO] 
[INFO] --- maven-compiler-plugin:3.8.1:compile (default-compile) @ ascii-render-api ---
[INFO] Nothing to compile - all classes are up to date
[INFO] 
[INFO] --- maven-resources-plugin:2.6:testResources (default-testResources) @ ascii-render-api ---
[INFO] Using 'UTF-8' encoding to copy filtered resources.
[INFO] skip non existing resourceDirectory /workdir/java-ascii-render/ascii-render-api/src/test/resources
[INFO] 
[INFO] --- maven-compiler-plugin:3.8.1:testCompile (default-testCompile) @ ascii-render-api ---
[INFO] No sources to compile
[INFO] 
[INFO] --- maven-surefire-plugin:2.12.4:test (default-test) @ ascii-render-api ---
[INFO] No tests to run.
[INFO] 
[INFO] ---------------< com.indvd00m.ascii.render:ascii-render >---------------
[INFO] Building ascii-render 2.2.1-SNAPSHOT                               [2/3]
[INFO] --------------------------------[ jar ]---------------------------------
[INFO] 
[INFO] --- maven-enforcer-plugin:3.0.0-M2:enforce (enforce-bytecode-version) @ ascii-render ---
[INFO] 
[INFO] --- jacoco-maven-plugin:0.8.4:prepare-agent (prepare-agent) @ ascii-render ---
[INFO] argLine set to -javaagent:/home/maven/.m2/repository/org/jacoco/org.jacoco.agent/0.8.4/org.jacoco.agent-0.8.4-runtime.jar=destfile=/workdir/java-ascii-render/ascii-render/target/jacoco.exec
[INFO] 
[INFO] --- maven-resources-plugin:2.6:resources (default-resources) @ ascii-render ---
[INFO] Using 'UTF-8' encoding to copy filtered resources.
[INFO] Copying 2 resources
[INFO] 
[INFO] --- maven-compiler-plugin:3.8.1:compile (default-compile) @ ascii-render ---
[INFO] Nothing to compile - all classes are up to date
[INFO] 
[INFO] --- maven-resources-plugin:2.6:testResources (default-testResources) @ ascii-render ---
[INFO] Using 'UTF-8' encoding to copy filtered resources.
[INFO] skip non existing resourceDirectory /workdir/java-ascii-render/ascii-render/src/test/resources
[INFO] 
[INFO] --- maven-compiler-plugin:3.8.1:testCompile (default-testCompile) @ ascii-render ---
[INFO] Nothing to compile - all classes are up to date
[INFO] 
[INFO] --- maven-surefire-plugin:2.14.1:test (default-test) @ ascii-render ---
[INFO] Surefire report directory: /workdir/java-ascii-render/ascii-render/target/surefire-reports

-------------------------------------------------------
 T E S T S
-------------------------------------------------------
Running com.indvd00m.ascii.render.tests.TestRectangle
┌──┐      
│  │      
│  │      
│  │      
└──┘      
          
 ┌┐       
 └┘       
          
          
          
          
        ┌─
        │ 
        │ 
    │     
    │     
    │     
────┘     
          
┌────────┐
│        │
│        │
│        │
└────────┘
Tests run: 5, Failures: 0, Errors: 0, Skipped: 0, Time elapsed: 0.244 sec
Running com.indvd00m.ascii.render.tests.TestTable
┌─────────┬─────────┐
│         │         │
│         │         │
├─────────┼─────────┤
│         │         │
│         │         │
├─────────┼─────────┤
│         │         │
│         │         │
└─────────┴─────────┘
┌─────────┬─────────┐
│         │         │
│         │         │
│         │         │
│         │         │
├─────────┼─────────┤
│         │         │
│         │         │
│         │         │
└─────────┴─────────┘
┌─────────┬─────────┐
│         │         │
│         │         │
│         │         │
│         │         │
│         │         │
│         │         │
│         │         │
│         │         │
└─────────┴─────────┘
┌───────────────────┐
│                   │
│                   │
│                   │
│                   │
│                   │
│                   │
│                   │
│                   │
└───────────────────┘
┌───────────────────┐
│                   │
│                   │
│                   │
│                   │
│                   │
│                   │
│                   │
│                   │
└───────────────────┘
┌───────────────────┐
│                   │
│                   │
│                   │
│                   │
│                   │
│                   │
│                   │
│                   │
└───────────────────┘
┌───────────────────┐
│                   │
│                   │
│                   │
│                   │
├───────────────────┤
│                   │
│                   │
│                   │
└───────────────────┘
┌───────────────────┐
├───────────────────┤
├───────────────────┤
├───────────────────┤
├───────────────────┤
├───────────────────┤
├───────────────────┤
├───────────────────┤
├───────────────────┤
└───────────────────┘
┌┬┬┬┬┬┬┬┬┬┬┬┬┬┬┬┬┬┬┬┐
│││││││││││││││││││││
│││││││││││││││││││││
│││││││││││││││││││││
│││││││││││││││││││││
│││││││││││││││││││││
│││││││││││││││││││││
│││││││││││││││││││││
│││││││││││││││││││││
└┴┴┴┴┴┴┴┴┴┴┴┴┴┴┴┴┴┴┴┘
┌┬┬┬┬┬┬┬┬┬┬┬┬┬┬┬┬┬┬┬┐
├┼┼┼┼┼┼┼┼┼┼┼┼┼┼┼┼┼┼┼┤
├┼┼┼┼┼┼┼┼┼┼┼┼┼┼┼┼┼┼┼┤
├┼┼┼┼┼┼┼┼┼┼┼┼┼┼┼┼┼┼┼┤
├┼┼┼┼┼┼┼┼┼┼┼┼┼┼┼┼┼┼┼┤
├┼┼┼┼┼┼┼┼┼┼┼┼┼┼┼┼┼┼┼┤
├┼┼┼┼┼┼┼┼┼┼┼┼┼┼┼┼┼┼┼┤
├┼┼┼┼┼┼┼┼┼┼┼┼┼┼┼┼┼┼┼┤
├┼┼┼┼┼┼┼┼┼┼┼┼┼┼┼┼┼┼┼┤
└┴┴┴┴┴┴┴┴┴┴┴┴┴┴┴┴┴┴┴┘
┌─────────┬─────────┐
│         │         │
│         │         │
├─────────┼─────────┤
│Lorem Ips│         │
│um is si…│         │
├─────────┼─────────┤
│         │         │
│         │         │
└─────────┴─────────┘
┌─────────┬─────────┐
│         │2 1 Lorem│
│         │ Ipsum i…│
├─────────┼─────────┤
│1 2 Lorem│2 2 Lorem│
│ Ipsum i…│ Ipsum i…│
├─────────┼─────────┤
│         │2 3 Lorem│
│         │ Ipsum i…│
└─────────┴─────────┘
┌─────┬──────┬─────┐
│     │2 1 L…│     │
├─────┼──────┼─────┤
│1 2 L│2 2 Lo│     │
│orem…│rem I…│     │
├─────┼──────┼─────┤
│     │      │     │
├─────┼──────┼─────┤
│     │      │     │
└─────┴──────┴─────┘
┌─┬─┬─┐
│1│2│3│
├─┼─┼─┤
│4│5│6│
├─┼─┼─┤
│7│8│9│
└─┴─┴─┘
┌──┬──┬──┐
│┌┐│┌┐│┌┐│
│└┘│└┘│└┘│
├──┼──┼──┤
│┌┐│┌┐│┌┐│
│└┘│└┘│└┘│
├──┼──┼──┤
│┌┐│┌┐│┌┐│
│└┘│└┘│└┘│
└──┴──┴──┘
                       
 ┌─────────┬─────────┐ 
 │         │         │ 
 │         │         │ 
 ├─────────┼─────────┤ 
 │         │         │ 
 │         │         │ 
 ├─────────┼─────────┤ 
 │         │         │ 
 │         │         │ 
 └─────────┴─────────┘ 
                       
                       
 ┏━━━━━━━━━┱─────────┐ 
 ┃         ┃         │ 
 ┃         ┃         │ 
 ┡━━━━━━━━━╃─────────┤ 
 │         │         │ 
 │         │         │ 
 ├─────────┼─────────┤ 
 │         │         │ 
 │         │         │ 
 └─────────┴─────────┘ 
                       
                       
 ┏━━━━━━━━━━━━━━━━━━━┓ 
 ┃                   ┃ 
 ┃                   ┃ 
 ┃                   ┃ 
 ┃                   ┃ 
 ┃                   ┃ 
 ┃                   ┃ 
 ┃                   ┃ 
 ┃                   ┃ 
 ┗━━━━━━━━━━━━━━━━━━━┛ 
                       
                       
 ┌─────────┬─────────┐ 
 │         │         │ 
 │         │         │ 
 ├─────────┼─────────┤ 
 │         │         │ 
 │         │         │ 
 ├─────────╆━━━━━━━━━┪ 
 │         ┃         ┃ 
 │         ┃         ┃ 
 └─────────┺━━━━━━━━━┛ 
                       
                   
 ┌───────┬───────┐ 
 │       │       │ 
 │       │       │ 
 │       │       │ 
 ├───────┼───────┤ 
 │       │       │ 
 │       │       │ 
 │       │       │ 
 └───────┴───────┘ 
                   
                   
 ┏━━━━━━━┱───────┐ 
 ┃       ┃       │ 
 ┃       ┃       │ 
 ┃       ┃       │ 
 ┡━━━━━━━╃───────┤ 
 │       │       │ 
 │       │       │ 
 │       │       │ 
 └───────┴───────┘ 
                   
                   
 ┌───────┲━━━━━━━┓ 
 │       ┃       ┃ 
 │       ┃       ┃ 
 │       ┃       ┃ 
 ├───────╄━━━━━━━┩ 
 │       │       │ 
 │       │       │ 
 │       │       │ 
 └───────┴───────┘ 
                   
                   
 ┌───────┬───────┐ 
 │       │       │ 
 │       │       │ 
 │       │       │ 
 ┢━━━━━━━╅───────┤ 
 ┃       ┃       │ 
 ┃       ┃       │ 
 ┃       ┃       │ 
 ┗━━━━━━━┹───────┘ 
                   
                   
 ┌───────┬───────┐ 
 │       │       │ 
 │       │       │ 
 │       │       │ 
 ├───────╆━━━━━━━┪ 
 │       ┃       ┃ 
 │       ┃       ┃ 
 │       ┃       ┃ 
 └───────┺━━━━━━━┛ 
                   
                   
 ┏━━━━━━━┳━━━━━━━┓ 
 ┃       ┃       ┃ 
 ┃       ┃       ┃ 
 ┃       ┃       ┃ 
 ┡━━━━━━━╇━━━━━━━┩ 
 │       │       │ 
 │       │       │ 
 │       │       │ 
 └───────┴───────┘ 
                   
                   
 ┌───────┲━━━━━━━┓ 
 │       ┃       ┃ 
 │       ┃       ┃ 
 │       ┃       ┃ 
 ├───────╊━━━━━━━┫ 
 │       ┃       ┃ 
 │       ┃       ┃ 
 │       ┃       ┃ 
 └───────┺━━━━━━━┛ 
                   
                   
 ┌───────┬───────┐ 
 │       │       │ 
 │       │       │ 
 │       │       │ 
 ┢━━━━━━━╈━━━━━━━┪ 
 ┃       ┃       ┃ 
 ┃       ┃       ┃ 
 ┃       ┃       ┃ 
 ┗━━━━━━━┻━━━━━━━┛ 
                   
                   
 ┏━━━━━━━┱───────┐ 
 ┃       ┃       │ 
 ┃       ┃       │ 
 ┃       ┃       │ 
 ┣━━━━━━━╉───────┤ 
 ┃       ┃       │ 
 ┃       ┃       │ 
 ┃       ┃       │ 
 ┗━━━━━━━┹───────┘ 
                   
                   
 ┏━━━━━━━┳━━━━━━━┓ 
 ┃       ┃       ┃ 
 ┃       ┃       ┃ 
 ┃       ┃       ┃ 
 ┡━━━━━━━╋━━━━━━━┫ 
 │       ┃       ┃ 
 │       ┃       ┃ 
 │       ┃       ┃ 
 └───────┺━━━━━━━┛ 
                   
                   
 ┌───────┲━━━━━━━┓ 
 │       ┃       ┃ 
 │       ┃       ┃ 
 │       ┃       ┃ 
 ┢━━━━━━━╋━━━━━━━┫ 
 ┃       ┃       ┃ 
 ┃       ┃       ┃ 
 ┃       ┃       ┃ 
 ┗━━━━━━━┻━━━━━━━┛ 
                   
                   
 ┏━━━━━━━┱───────┐ 
 ┃       ┃       │ 
 ┃       ┃       │ 
 ┃       ┃       │ 
 ┣━━━━━━━╋━━━━━━━┪ 
 ┃       ┃       ┃ 
 ┃       ┃       ┃ 
 ┃       ┃       ┃ 
 ┗━━━━━━━┻━━━━━━━┛ 
                   
                   
 ┏━━━━━━━┳━━━━━━━┓ 
 ┃       ┃       ┃ 
 ┃       ┃       ┃ 
 ┃       ┃       ┃ 
 ┣━━━━━━━╋━━━━━━━┩ 
 ┃       ┃       │ 
 ┃       ┃       │ 
 ┃       ┃       │ 
 ┗━━━━━━━┹───────┘ 
                   
                   
 ┏━━━━━━━┳━━━━━━━┓ 
 ┃       ┃       ┃ 
 ┃       ┃       ┃ 
 ┃       ┃       ┃ 
 ┣━━━━━━━╋━━━━━━━┫ 
 ┃       ┃       ┃ 
 ┃       ┃       ┃ 
 ┃       ┃       ┃ 
 ┗━━━━━━━┻━━━━━━━┛ 
                   
┏┱┬┬┲┱┬┬┬┬┬┬┬┬┬┬┬┬┬┬┐
┃┃││┃┃│││││││││││││││
┃┃││┃┃│││││││││││││││
┃┃││┃┃│││││││││││││││
┃┃││┃┃│││││││││││││││
┃┃││┃┃│││││││││││││││
┃┃││┃┃│││││││││││││││
┃┃││┃┃│││││││││││││││
┃┃││┃┃│││││││││││││││
┗┹┴┴┺┹┴┴┴┴┴┴┴┴┴┴┴┴┴┴┘
┌┬┬┬┬┬┬┬┬┬┬┬┬┬┬┬┬┬┬┬┐
├┼┼┼┼┼┼┼┼┼┼┼┼┼┼┼┼┼┼┼┤
├┼┼┼┼┼┼┼┼┼┼┼┼┼┼┼┼┼┼┼┤
├┼┼┼┼┼┼┼┼┼┼┼┼┼┼┼┼┼┼┼┤
├┼┼┼┼┼┼┼┼╆╅┼┼┼┼┼┼┼┼┼┤
├┼┼┼┼┼┼┼┼╄╃┼┼┼┼┼┼┼┼┼┤
├┼┼┼┼┼┼┼┼┼┼┼┼┼┼┼┼┼┼┼┤
├┼┼┼┼┼┼┼┼┼┼┼┼┼┼┼┼┼┼┼┤
├┼┼┼┼┼┼┼┼┼┼┼┼┼┼┼┼┼┼╆┪
└┴┴┴┴┴┴┴┴┴┴┴┴┴┴┴┴┴┴┺┛
                           
 ┌───────┬───────┬───────┐ 
 │       │       │       │ 
 │       │       │       │ 
 │       │       │       │ 
 ├───────┼───────┼───────┤ 
 │       │       │       │ 
 │       │       │       │ 
 │       │       │       │ 
 ├───────┼───────┼───────┤ 
 │       │       │       │ 
 │       │       │       │ 
 │       │       │       │ 
 └───────┴───────┴───────┘ 
                           
                           
 ┏━━━━━━━┱───────┬───────┐ 
 ┃       ┃       │       │ 
 ┃       ┃       │       │ 
 ┃       ┃       │       │ 
 ┡━━━━━━━╃───────┼───────┤ 
 │       │       │       │ 
 │       │       │       │ 
 │       │       │       │ 
 ├───────┼───────┼───────┤ 
 │       │       │       │ 
 │       │       │       │ 
 │       │       │       │ 
 └───────┴───────┴───────┘ 
                           
                           
 ┌───────┲━━━━━━━┱───────┐ 
 │       ┃       ┃       │ 
 │       ┃       ┃       │ 
 │       ┃       ┃       │ 
 ├───────╄━━━━━━━╃───────┤ 
 │       │       │       │ 
 │       │       │       │ 
 │       │       │       │ 
 ├───────┼───────┼───────┤ 
 │       │       │       │ 
 │       │       │       │ 
 │       │       │       │ 
 └───────┴───────┴───────┘ 
                           
                           
 ┌───────┬───────┲━━━━━━━┓ 
 │       │       ┃       ┃ 
 │       │       ┃       ┃ 
 │       │       ┃       ┃ 
 ├───────┼───────╄━━━━━━━┩ 
 │       │       │       │ 
 │       │       │       │ 
 │       │       │       │ 
 ├───────┼───────┼───────┤ 
 │       │       │       │ 
 │       │       │       │ 
 │       │       │       │ 
 └───────┴───────┴───────┘ 
                           
                           
 ┌───────┬───────┬───────┐ 
 │       │       │       │ 
 │       │       │       │ 
 │       │       │       │ 
 ┢━━━━━━━╅───────┼───────┤ 
 ┃       ┃       │       │ 
 ┃       ┃       │       │ 
 ┃       ┃       │       │ 
 ┡━━━━━━━╃───────┼───────┤ 
 │       │       │       │ 
 │       │       │       │ 
 │       │       │       │ 
 └───────┴───────┴───────┘ 
                           
                           
 ┌───────┬───────┬───────┐ 
 │       │       │       │ 
 │       │       │       │ 
 │       │       │       │ 
 ├───────╆━━━━━━━╅───────┤ 
 │       ┃       ┃       │ 
 │       ┃       ┃       │ 
 │       ┃       ┃       │ 
 ├───────╄━━━━━━━╃───────┤ 
 │       │       │       │ 
 │       │       │       │ 
 │       │       │       │ 
 └───────┴───────┴───────┘ 
                           
                           
 ┌───────┬───────┬───────┐ 
 │       │       │       │ 
 │       │       │       │ 
 │       │       │       │ 
 ├───────┼───────╆━━━━━━━┪ 
 │       │       ┃       ┃ 
 │       │       ┃       ┃ 
 │       │       ┃       ┃ 
 ├───────┼───────╄━━━━━━━┩ 
 │       │       │       │ 
 │       │       │       │ 
 │       │       │       │ 
 └───────┴───────┴───────┘ 
                           
                           
 ┌───────┬───────┬───────┐ 
 │       │       │       │ 
 │       │       │       │ 
 │       │       │       │ 
 ├───────┼───────┼───────┤ 
 │       │       │       │ 
 │       │       │       │ 
 │       │       │       │ 
 ┢━━━━━━━╅───────┼───────┤ 
 ┃       ┃       │       │ 
 ┃       ┃       │       │ 
 ┃       ┃       │       │ 
 ┗━━━━━━━┹───────┴───────┘ 
                           
                           
 ┌───────┬───────┬───────┐ 
 │       │       │       │ 
 │       │       │       │ 
 │       │       │       │ 
 ├───────┼───────┼───────┤ 
 │       │       │       │ 
 │       │       │       │ 
 │       │       │       │ 
 ├───────╆━━━━━━━╅───────┤ 
 │       ┃       ┃       │ 
 │       ┃       ┃       │ 
 │       ┃       ┃       │ 
 └───────┺━━━━━━━┹───────┘ 
                           
                           
 ┌───────┬───────┬───────┐ 
 │       │       │       │ 
 │       │       │       │ 
 │       │       │       │ 
 ├───────┼───────┼───────┤ 
 │       │       │       │ 
 │       │       │       │ 
 │       │       │       │ 
 ├───────┼───────╆━━━━━━━┪ 
 │       │       ┃       ┃ 
 │       │       ┃       ┃ 
 │       │       ┃       ┃ 
 └───────┴───────┺━━━━━━━┛ 
                           
                           
 ┌───────┬───────┬───────┐ 
 │       │       │       │ 
 │       │       │       │ 
 │       │       │       │ 
 ├───────┼───────┼───────┤ 
 │       │       │       │ 
 │       │       │       │ 
 │       │       │       │ 
 ├───────┼───────╆━━━━━━━┪ 
 │       │       ┃       ┃ 
 │       │       ┃       ┃ 
 │       │       ┃       ┃ 
 └───────┴───────┺━━━━━━━┛ 
                           
Tests run: 52, Failures: 0, Errors: 0, Skipped: 0, Time elapsed: 0.122 sec
Running com.indvd00m.ascii.render.tests.TestPseudoCanvas
 
▗
▖
▄
▝
▐
▞
▟
▘
▚
▌
▙
▀
▜
▛
█
          
 ▗▄▄▄▖    
  ▜███▖   
          
          
          
 ▜███▖    
  ▜███▖   
          
          
▛▀▀▀▀▀▀▀▀▜
▌        ▐
▌        ▐
▌        ▐
▙▄▄▄▄▄▄▄▄▟
▛▀▀▀▀▀▀▀▀▌
▌        ▌
▌        ▌
▌        ▌
▀▀▀▀▀▀▀▀▀▘
Tests run: 21, Failures: 0, Errors: 0, Skipped: 0, Time elapsed: 0.03 sec
Running com.indvd00m.ascii.render.tests.TestRender
                                                                                
                                                                                
                      ┌─────*****─────┐         *****                           
                      │   **     **   │       **     **                         
                      │ **         ** │     **         **                       
                      │ *           * │     *           *                       
                      │*             *│    *             *                      
                      │*             *│    *             *                      
                      *               *   *               *                     
                      *               *   *               *                     
                      *               *   *               *                     
                      *               *   *               *                     
                      *               *   *               *                     
                      │*             *│    *             *                      
                      │*             *│    *             *                      
                      │ *           * │     *           *                       
                      │ **         ** │     **         **                       
                      │   **     **   │       **     **                         
                      └─────*****─────┘         *****                           
                                                                                
                                                                                
                                                                                
                      ┌─────*****─────┐         *****                           
                      │   **     **   │       **     **                         
                      │ **         ** │     **         **                       
                      │ *           * │     *           *                       
                      │*             *│    *             *                      
                      │*             *│    *             *                      
                      *               *   *               *                     
                      *               *   *               *                     
                      *               *   *               *                     
                      *               *   *               *                     
                      *               *   *               *                     
                      │*             *│    *             *                      
                      │*             *│    *             *                      
                      │ *           * │     *           *                       
                      │ **         ** │     **         **                       
                      │   **     **   │       **     **                         
                      └─────*****─────┘         *****                           
                                                                                
                                                                                
                                                                                
                      ┌─────*****─────┐         *****                           
                      │   **     **   │       **     **                         
                      │ **         ** │     **         **                       
     ┌────────┐       │ *           * │     *           *                       
     │●       │       │*             *│    *             *                      
     │ ●      │       │*             *│    *             *                      
     │  ●     │       *               *   *               *                     
     │   ●    │       *               *   *               *                     
     │    ●   │       *               *   *               *                     
     │     ●  │       *               *   *               *                     
     │      ● │       *               *   *               *                     
     │       ●│       │*             *│    *             *                      
     └────────┘       │*             *│    *             *                      
                      │ *           * │     *           *                       
                      │ **         ** │     **         **                       
                      │   **     **   │       **     **                         
                      └─────*****─────┘         *****                           
                                                                                
                                                                                
                                                                                
                      ┌─────*****─────┐         *****                           
                      │   **     **   │       **     **                         
                      │ **         ** │     **         **                       
     ┌────────┐       │ *           * │     *           *                       
     │┌────────┐      │*             *│    *             *                      
     ││●      ││      │*             *│    *             *                      
     ││ ●     ││      *               *   *               *                     
     ││  ●    ││      *               *   *               *                     
     ││   ●   ││      *               *   *               *                     
     ││    ●  ││      *               *   *               *                     
     ││     ● ││      *               *   *               *                     
     ││      ●││      │*             *│    *             *                      
     └│───────┘│      │*             *│    *             *                      
      └────────┘      │ *           * │     *           *                       
                      │ **         ** │     **         **                       
                      │   **     **   │       **     **                         
                      └─────*****─────┘         *****                           
                                                                                
                                                                                
                                                                                
                      ┌─────*****─────┐         *****                           
                      │   **     **   │       **     **                         
                      │ **         ** │     **         **                       
     ┌────────┐       │ *           * │     *           *                       
    ┌────────┐─┐      │*             *│    *             *                      
    │││●     │││      │*             *│    *             *                      
    │││ ●    │││      *               *   *               *                     
    │││  ●   │││      *               *   *               *                     
    │││   ●  │││      *               *   *               *                     
    │││    ● │││      *               *   *               *                     
    │││     ●│││      *               *   *               *                     
    │││      │││      │*             *│    *             *                      
    │└│──────│┘│      │*             *│    *             *                      
    └────────┘─┘      │ *           * │     *           *                       
                      │ **         ** │     **         **                       
                      │   **     **   │       **     **                         
                      └─────*****─────┘         *****                           
                                                                                
                                                                                
                                                                                
                      ┌─────*****─────┐         *****                           
                      │   **     **   │       **     **                         
    ┌────────┐        │ **         ** │     **         **                       
    │┌───────│┐       │ *           * │     *           *                       
    │────────│─┐      │*             *│    *             *                      
    │││●     │││      │*             *│    *             *                      
    │││ ●    │││      *               *   *               *                     
    │││  ●   │││      *               *   *               *                     
    │││   ●  │││      *               *   *               *                     
    │││    ● │││      *               *   *               *                     
    │││     ●│││      *               *   *               *                     
    └────────┘││      │*             *│    *             *                      
    │└│──────│┘│      │*             *│    *             *                      
    └────────┘─┘      │ *           * │     *           *                       
                      │ **         ** │     **         **                       
                      │   **     **   │       **     **                         
                      └─────*****─────┘         *****                           
                                                                                
                                                                                
                                                                                
                      ┌─────*****─────┐         *****                           
                      │   **     **   │       **     **                         
    ┌─┌────────┐      │ **         ** │     **         **                       
    │┌│──────│┐│      │ *           * │     *           *                       
    │─│──────│─│      │*             *│    *             *                      
    │││●     │││      │*             *│    *             *                      
    │││ ●    │││      *               *   *               *                     
    │││  ●   │││      *               *   *               *                     
    │││   ●  │││      *               *   *               *                     
    │││    ● │││      *               *   *               *                     
    │││     ●│││      *               *   *               *                     
    └─└────────┘      │*             *│    *             *                      
    │└│──────│┘│      │*             *│    *             *                      
    └────────┘─┘      │ *           * │     *           *                       
                      │ **         ** │     **         **                       
                      │   **     **   │       **     **                         
                      └─────*****─────┘         *****                           
                                                                                
                                                                                
                                                                                
                      ┌─────*****─────┐         *****                           
                      │   **     **   │       **     **                         
    ┌─┌────────┐      │ **         ** │     **         **                       
    │┌│──────│┐│      │ *           * │     *           *   ┌─────┐             
    │─│──────│─│      │*             *│    *             *  │┌─────┐            
    │││●     │││      │*             *│    *             *  ││┌─────┐           
    │││ ●    │││      *               *   *               * │││┌─────┐          
    │││  ●   │││      *               *   *               * ││││┌─────┐         
    │││   ●  │││      *               *   *               * │││││ │││││         
    │││    ● │││      *               *   *               * └││││─┘││││         
    │││     ●│││      *               *   *               *  └│││──┘│││         
    └─└────────┘      │*             *│    *             *    └││───┘││         
    │└│──────│┘│      │*             *│    *             *     └│────┘│         
    └────────┘─┘      │ *           * │     *           *       └─────┘         
                      │ **         ** │     **         **                       
                      │   **     **   │       **     **                         
                      └─────*****─────┘         *****                           
                                                                                
●●● test ●
●●● test ●
●●● test ●
●●● test ●
●●● test ●
    test  
●●  test  
●   t 1   
▛▀▀▀▀▀▀▀▀▜
▌▀▄▖     ▐
▌  ▝▀▄▖  ▐
▌     ▝▀▄▐
▙▄▄▄▄▄▄▄▄▟
▛▀▀▀█▛▀▀▀▜
▌  ▞ ▝▖  ▐
▌  ▌  ▌  ▐
▌  ▝▄▞   ▐
▙▄▄▄▄▄▄▄▄▟
                                                   
                        ▄                          
▐▛▀▙                    █      ▀▀█▀▀            ▐▌ 
▐▌ ▐▌ ▗▄▄   ▄▄  ▄  ▄  ▄▖█  ▗▄▖   █   ▗▄▖  ▄▖▗▄ ▗▟▙▄
▐▌ ▟▘▐▌  ▘ ▟▘▝▙ █  █ ▟▘▝█ ▗▛ ▜▖  █  ▗▛ ▜▖ ▝██▘  ▐▌ 
▐▛▀▘ ▝██▙▖ █▄▄█ █  █ █  █ ▐▌ ▐▌  █  ▐▙▄▟▌  ▐▌   ▐▌ 
▐▌      ▜▌ █    █  █ █  █ ▐▌ ▐▌  █  ▐▌     ██   ▐▌ 
▐▌   ▝▄▄▞▘ ▝▙▄▞ ▜▙▞█ ▝▙▞█  ▜▄▛   █   ▜▄▄▘ ▟▌▐▙  ▝▙▄
                                                   
                                                   
▌               ▐                                       ▌                       
▌               ▞                                      ▗▘                       
▌              ▗▘                                      ▞                        
▌             ▗▌                                      ▟                         
▌            ▗▞                                      ▄▘                         
▌           ▄▛                                     ▗▟▘                          
▌         ▄▛▘                                    ▗▟▀                            
▌      ▄▄▀▘                                   ▗▄▞▀                              
▌  ▄▄▛▀▘                                  ▗▄▟▀▀                                 
▛▀▀                                  ▗▄▄▀▀▘                                  ▄▄▞
▌                                ▄▄▛▀▘                                  ▗▄▟▀▀   
▌                             ▄▞▀▘                                   ▗▄▀▀       
▌                           ▄▛▘                                    ▗▟▀          
▌                         ▗▛▘                                     ▟▀            
▌                        ▗▀                                      ▞▘             
▌                        ▛                                      ▐▘              
▌                       ▞                                      ▗▘               
▌                      ▗▘                                      ▞                
▌                      ▐                                       ▘                
▙▄▄▄▄▄▄▄▄▄▄▄▄▄▄▄▄▄▄▄▄▄▄▄▄▄▄▄▄▄▄▄▄▄▄▄▄▄▄▄▄▄▄▄▄▄▄▄▄▄▄▄▄▄▄▄▄▄▄▄▄▄▄▙▄▄▄▄▄▄▄▄▄▄▄▄▄▄▄▄
▛▀▀▀▀▀▀▀▀▛▀▀▀▀▀▀▀▀▛▀▀▀▀▀▀▀▀▛▀▀▀▀▀▀▀▜
▌        ▌        ▌        ▌       ▐
▛▀▀▀▀▀▀▀▀▛▀▀▀▀▀▀▀▀▛▀▀▀▀▀▀▀▀▛▀▀▀▀▀▀▀▜
▌        ▌        ▌        ▌       ▐
▙▄▄▄▄▄▄▄▄▙▄▄▄▄▄▄▄▄▙▄▄▄▄▄▄▄▄▙▄▄▄▄▄▄▄▟
▌        ▌        ▌        ▌       ▐
▙▄▄▄▄▄▄▄▄▙▄▄▄▄▄▄▄▄▙▄▄▄▄▄▄▄▄▙▄▄▄▄▄▄▄▟
Tests run: 14, Failures: 0, Errors: 0, Skipped: 0, Time elapsed: 0.197 sec
Running com.indvd00m.ascii.render.tests.TestLabel
          
 Test     
          
          
          
          
          
 Te…      
          
          
          
          
          
          
          
Test      
          
          
          
          
          
 Test     
          
          
          
Tests run: 5, Failures: 0, Errors: 0, Skipped: 0, Time elapsed: 0.004 sec
Running com.indvd00m.ascii.render.tests.TestOverlay
┌───────────────────┐
│┌────────┐         │
││        │         │
││        │         │
││        │         │
│└────────┘         │
│                   │
│                   │
│                   │
└───────────────────┘
┌───────────────────┐
│                   │
│ ┌────────┐        │
│ │        │        │
│ │        │        │
│ │        │        │
│ └────────┘        │
│                   │
│                   │
└───────────────────┘
┌───────────────────┐
│                   │
│ ┌────────         │
│ │                 │
│ │                 │
│ │                 │
│                   │
│                   │
│                   │
└───────────────────┘
┌───────────────────┐
│                   │
│ ┌────────┐        │
│ │        │        │
│ │        │        │
│ │        │        │
│ └────────┘        │
│                   │
│                   │
└───────────────────┘
┌───────────────────┐
│                   │
│ ┌────────┐        │
│ │        │        │
│ │        │        │
│ │        │        │
│ └────────┘        │
│                   │
│                   │
└───────────────────┘
┌───────────────────┐
│                   │
│ ┌────────┐        │
│ │        │        │
│ │    *   │        │
│ │        │        │
│ └────────┘        │
│                   │
│                   │
└───────────────────┘
┌───────────────────┐
│                   │
│ ┌────────┐        │
│ │        │        │
│ │        │        │
│ │        │        │
│ └────────┘        │
│                   │
│                   │
└───────────────────┘
┌───────────────────┐
│                   │
│ ┌────────┐        │
│ │        │        │
│ │ *      │        │
│ │        │        │
│ └────────┘        │
│                   │
│                   │
└───────────────────┘
Tests run: 8, Failures: 0, Errors: 0, Skipped: 0, Time elapsed: 0.014 sec
Running com.indvd00m.ascii.render.tests.TestLine
●         
 ●●       
   ●●     
     ●●   
       ●● 
     ●    
      ●   
       ●  
        ● 
         ●
         ●
         ●
         ●
         ●
         ●
●●●●●●●●●●
          
          
          
          
●         
●         
●         
●         
●         
          
          
          
          
●●●●●●●●●●
                              
                              
                              
                              
                              
   ●                          
    ●●    ●         ●         
      ●   ●        ●●         
       ●●●        ●  ●        
         ●        ●  ●        
     ●   ●●●     ●   ●        
      ●● ●  ●   ●     ●       
        ●●   ● ●      ●       
        ● ●●  ●●       ●      
        ●   ●●● ●      ●      
        ●    ●●● ●●    ●      
       ●    ●   ●● ●    ●     
       ●   ●      ●●●●  ●     
       ●   ●        ●●● ●     
       ●  ●           ●●●●    
      ●  ●              ●●    
      ● ●                     
      ●●                      
      ●●                      
     ●●                       
     ●                        
                              
                              
                              
                              
Tests run: 7, Failures: 0, Errors: 0, Skipped: 0, Time elapsed: 0.006 sec
Running com.indvd00m.ascii.render.tests.TestPseudoText
Tests run: 1, Failures: 0, Errors: 0, Skipped: 1, Time elapsed: 0.001 sec
Running com.indvd00m.ascii.render.tests.plot.TestAxis
│                                                                               
│                                                                               
│                                                                               
│                                                                               
│                                                                               
│                                                                               
│                                                                               
│                                                                               
│                                                                               
│                                                                               
│                                                                               
│                                                                               
│                                                                               
│                                                                               
│                                                                               
│                                                                               
│                                                                               
│                                                                               
│                                                                               
└───────────────────────────────────────────────────────────────────────────────
          
 │        
 │        
 └─────── 
          
 1.00┼                                                                          
     │                                                                          
     │                                                                          
     │                                                                          
     │                                                                          
 0.50┼                                                                          
     │                                                                          
     │                                                                          
     │                                                                          
 0.00┼                                                                          
     │                                                                          
     │                                                                          
     │                                                                          
     │                                                                          
-0.50┼                                                                          
     │                                                                          
     │                                                                          
     │                                                                          
-1.00┼─────────────────┼──────────────────┼──────────────────┼─────────────────┼
     0                90                 180                270              360
Tests run: 3, Failures: 0, Errors: 0, Skipped: 0, Time elapsed: 0.013 sec
Running com.indvd00m.ascii.render.tests.plot.TestPlot
            
 ****       
 *  **      
 *   **  ** 
      ****  
       *    
            
              ************                                                      
           ***           ***                                                    
         ***                **                                                  
       ***                    **                                                
      **                       ***                                              
    ***                          **                                             
   **                             **                                            
  **                                **                                          
**                                   **                                         
*                                     ***                                     **
                                        **                                   ** 
                                         **                                **   
                                           **                             **    
                                            **                          ***     
                                             ***                       **       
                                               **                    ***        
                                                 **                ***          
                                                   ***           ***            
                                                     ************               
                                                           *                    
Tests run: 2, Failures: 0, Errors: 0, Skipped: 0, Time elapsed: 0.006 sec
Running com.indvd00m.ascii.render.tests.plot.TestLabels
 1.00                                                                           
                                                                                
                                                                                
                                                                                
                                                                                
 0.50                                                                           
                                                                                
                                                                                
                                                                                
 0.00                                                                           
                                                                                
                                                                                
                                                                                
                                                                                
-0.50                                                                           
                                                                                
                                                                                
                                                                                
-1.00                                                                           
     0                90                 180                270              360
Tests run: 1, Failures: 0, Errors: 0, Skipped: 0, Time elapsed: 0.004 sec
Running com.indvd00m.ascii.render.tests.plot.TestFullPlott
 1.00┼            ************                                                  
     │          ***           ***                                               
     │        **                ***                                             
     │      ***                   ***                                           
     │     **                       **                                          
 0.50┼   **                          **                                         
     │  **                             **                                       
     │***                               **                                      
     │*                                  ***                                  **
 0.00┼                                     **                               *** 
     │                                      **                             **   
     │                                        **                          **    
     │                                         **                       **      
     │                                          ***                   ***       
-0.50┼                                            ***                **         
     │                                              ***           ***           
     │                                                 ************             
     │                                                      *                   
-1.00┼─────────────────┼──────────────────┼──────────────────┼─────────────────┼
     0                90                 180                270              360
┌─────────────────────────┐
│ 1.00┼ ********          │
│ 0.50┼*       **       **│
│ 0.00┼          ******** │
│-0.50┼             *     │
│-1.00┼────┼────┼────┼───┼│
│     0   90   180  270360│
└─────────────────────────┘
┌──────────────────────────────────────────────────────────────────────────────┐
│ 1.00┼******                                                           *******│
│     │     ****                                                     ****      │
│     │        ***                                                 ***         │
│     │          ***                                             ***           │
│ 0.50┼            **                                           **             │
│     │              **                                       **               │
│     │               **                                     **                │
│     │                 **                                 **                  │
│ 0.00┼                  **                               **                   │
│     │                    **                           **                     │
│     │                     ***                       ***                      │
│     │                       **                     **                        │
│-0.50┼                         ***               ***                          │
│     │                           ***           ***                            │
│     │                             *************                              │
│     │                                   *                                    │
│-1.00┼─────────────────┼─────────────────┼─────────────────┼─────────────────┼│
│     0                90                180               270              360│
└──────────────────────────────────────────────────────────────────────────────┘
┌──────────────────────────────────────────────────────────────────────────────┐
│ 3.73┼              *                                  **                     │
│     │             **                                  *                      │
│     │             *                                  **                      │
│     │            *                                  **                       │
│ 1.87┼          **                                 ***                        │
│     │       ****                               ****                          │
│     │  ******                              *****                             │
│     │***                             *******                             ****│
│-0.00┼                            *****                              ******   │
│     │                         ****                               ****        │
│     │                       ***                                 **           │
│     │                      **                                  *             │
│-1.87┼                     **                                  *              │
│     │                     *                                  **              │
│     │                    **                                  *               │
│     │                                                        *               │
│-3.73┼─────────────────┼─────────────────┼─────────────────┼─────────────────┼│
│     0                90                180               270              360│
└──────────────────────────────────────────────────────────────────────────────┘
┌──────────────────────────────────────────────────────────────────────────────┐
│148┼                                                                        **│
│   │                                                                      **  │
│   │                                                                     **   │
│   │                                                                    **    │
│111┼                                                                   **     │
│   │                                                                 ***      │
│   │                                                               ***        │
│   │                                                              **          │
│ 74┼                                                           ***            │
│   │                                                         ***              │
│   │                                                      ****                │
│   │                                                 *****                    │
│ 37┼                                            ******                        │
│   │                                  ***********                             │
│   │***********************************                                       │
│   │*                                                                         │
│  1┼─────────────────┼──────────────────┼──────────────────┼─────────────────┼│
│   0.00            1.25               2.50               3.75             5.00│
└──────────────────────────────────────────────────────────────────────────────┘
┌──────────────────────────────────────────────────────────────────────────────┐
│148┼                                                                        **│
│   │                                                                      **  │
│   │                                                                     **   │
│   │                                                                    **    │
│111┼                                                                   **     │
│   │                                                                 ***      │
│   │                                                               ***        │
│   │                                                              **          │
│ 74┼                                                           ***            │
│   │                                                         ***              │
│   │                                                      ****                │
│   │                                                 *****                    │
│ 37┼                                            ******                        │
│   │                                  ***********                             │
│   │***********************************                                       │
│   │*                                                                         │
│  1┼─────────────────┼──────────────────┼──────────────────┼─────────────────┼│
│   0.00            1.25               2.50               3.75             5.00│
└──────────────────────────────────────────────────────────────────────────────┘
┌──────────────────────────────────────────────────────────────────────────────┐
│1,484┼                                                                      **│
│     │                                                                     ** │
│     │                                                                   **   │
│     │                                                                  **    │
│1,115┼                                                                 **     │
│     │                                                               ***      │
│     │                                                              **        │
│     │                                                            ***         │
│  747┼                                                          ***           │
│     │                                                       ****             │
│     │                                                    ****                │
│     │                                                *****                   │
│  378┼                                           ******                       │
│     │                                 **********                             │
│     │**********************************                                      │
│     │*                                                                       │
│   10┼─────────────────┼─────────────────┼─────────────────┼─────────────────┼│
│     0.00            12.50             25.00             37.50           50.00│
└──────────────────────────────────────────────────────────────────────────────┘
Tests run: 7, Failures: 0, Errors: 0, Skipped: 0, Time elapsed: 0.051 sec
Running com.indvd00m.ascii.render.tests.TestDot
          
 *        
          
          
          
          
          
     *    
          
          
Tests run: 2, Failures: 0, Errors: 0, Skipped: 0, Time elapsed: 0.013 sec
Running com.indvd00m.ascii.render.tests.TestReadme
                               EXPERIMENTAL RESULT                              
                                                                                
    Theme: Teleportation of matter through extremely dense elements             
                                                                                
    Date: 1998-11-19                                                            
    Time: 08:47                                                                 
    Subject: Gordon Freeman                                                     
                                                                                
    ┌──────────────────────────────────────┐    Observation of Einstein-Podo    
    │ 1.00┼****                       *****│    lsky-Rosen Entanglement on S    
    │ 0.75┼   ***                   ***    │    upraquantum Structures by In    
    │ 0.50┼     **                 **      │    duction Through Nonlinear Tr    
    │ 0.25┼       **             **        │    ansuranic Crystal of Extreme    
    │ 0.00┼        **           **         │    ly Long Wavelength (ELW) Pul    
    │-0.25┼         ***       ***          │    se from Mode-Locked Source A    
    │-0.50┼           *********            │    rray shows a very promising     
    │-0.75┼               *                │    result.                         
    │-1.00┼───────┼───────┼───────┼───────┼│                                    
    │     0      90      180     270    360│                 *******************
    └──────────────────────────────────────┘                 CONCLUSION: APPROVE
┌──────────────────┐
│                  │
│                  │
│                  │
│                  │
│                  │
│                  │
│                  │
│                  │
└──────────────────┘
┌──────────────────┐
│                  │
│                  │
│                  │
│                  │
│         *        │
│                  │
│                  │
│                  │
└──────────────────┘
┌──────────────────┐
│                  │
│ ●●               │
│   ●●●            │
│      ●●●         │
│         ●●●      │
│            ●●●   │
│               ●● │
│                  │
└──────────────────┘
┌──────────────────┐
│       ***        │
│      *   *       │
│     *     *      │
│     *     *      │
│     *     *      │
│      *   *       │
│       ***        │
│                  │
└──────────────────┘
┌──────────────────┐
│     *******      │
│   **       **    │
│                  │
│ *             *  │
│                  │
│   **       **    │
│     *******      │
│                  │
└──────────────────┘
┌──────────────────┐
│                  │
│                  │
│                  │
│Label with long t…│
│                  │
│                  │
│                  │
│                  │
└──────────────────┘
┌──────────────────┐
│                  │
│                  │
│Lorem Ipsum is sim│
│ply dummy text of │
│the printing and …│
│                  │
│                  │
│                  │
└──────────────────┘
                                                                                                      
                                                                                                      
                                                ░░                                                    
 ░▓▓▓▒▒░                                        █▓            ▒▓▓▓▓▓▓▓▓▒                        ░░░   
 ▒██████▒                                       █▓            ▓█████████                        ▒█░   
 ▒█▒  ░██░                                      █▓                ▓█░                           ▒█░   
 ▒█▒   ▒█▒   ▒▓▓▓▒░     ░▓▓▒░   ░▒░   ▒▒   ░▒▓▒░█▓     ▒▓▓▒░      ▓█░      ░▓▓▒░    ▒▒    ░▒░ ▒▒▓█▒▒▒▒
 ▒█▒   ▒█▓  ▓██▓██░    ▓██▓██░  ▒█░   ▓█  ░██████▓    ▓█████░     ▓█░     ▓██▓██░   ▒█▒  ░█▓░ ▓██████▓
 ▒█▒   ▓█▒ ░█▓   ░░   ▒█▓░ ░██  ▒█░   ▓█  ▒█▒  ▓█▓   ▒█▓  ░█▓     ▓█░    ▒█▓░ ░██    ▓█░░▓█░    ▒█░   
 ▒█▓▒▒▓██░ ░█▓        ▓█░   ▒█░ ▒█░   ▓█  ▓█░  ░█▓   ▓█░   ▓█░    ▓█░    ▓█░   ▒█░   ░██▒█░     ▒█░   
 ▒█████▓░  ░██▓▒░░    ██▓▓▓▓▓█▒ ▒█░   ▓█  █▓    █▓   ██    ▓█░    ▓█░    ██▓▓▓▓▓█▒    ░██▒      ▒█░   
 ▒█▒        ░▒████░   ██▓▓▓▓▓▓░ ▒█░   ▓█  █▓    █▓   ██    ▒█░    ▓█░    ██▓▓▓▓▓▓░    ░██▒      ▒█░   
 ▒█▒           ░▒█▒   ██        ▒█░   ██  ██    █▓   ██    ▓█░    ▓█░    ██          ░▓█▓█░     ▒█░   
 ▒█▒            ░█▓   ▓█░       ▒█▒  ░██  ▓█░  ░█▓   ▓█░  ░██     ▓█░    ▓█░         ▒█▒░██░    ▒█░   
 ▒█▒       ░▓▒░░▓█▒   ░██▒░░▒█  ░██░░▓██  ░█▓░░██▓   ░██░░▓█▒     ▓█░    ░██▒░░▒█   ░█▓  ░█▓    ░█▓▒░░
 ▒█▒       ░█████▒     ░█████▓   ▒███▓▓█   ▒███▓█▓    ▒████▓░     ▓█░     ░█████▓  ░██░   ▒█▒    ▒███▓
             ░░░░        ░░░░     ░░░       ░░░        ░░░░                 ░░░░                      
                                                                                                      
                                                                                                      
                                                                                                      
┌──────────────────────────────────────────────────────────────────────────────┐
│ 3.73┼              *                                  **                     │
│     │             **                                  *                      │
│     │             *                                  **                      │
│     │            *                                  **                       │
│ 1.87┼          **                                 ***                        │
│     │       ****                               ****                          │
│     │  ******                              *****                             │
│     │***                             *******                             ****│
│-0.00┼                            *****                              ******   │
│     │                         ****                               ****        │
│     │                       ***                                 **           │
│     │                      **                                  *             │
│-1.87┼                     **                                  *              │
│     │                     *                                  **              │
│     │                    **                                  *               │
│     │                                                        *               │
│-3.73┼─────────────────┼─────────────────┼─────────────────┼─────────────────┼│
│     0                90                180               270              360│
└──────────────────────────────────────────────────────────────────────────────┘
┌────────┬────────┬────────┬────────┐
│12345678│        │        │        │
├────────┼────────┼────────┼────────┤
│        │        │        │        │
├────────╆━━━━━━━━╅────────╆━━━━━━━━┪
│        ┃        ┃        ┃1234567…┃
└────────┺━━━━━━━━┹────────┺━━━━━━━━┛
┌──────────────────┐
│                  │
│                  │
│Lore┌───────┐s sim│
│ply │Overlay│t of │
│the └───────┘and …│
│                  │
│                  │
│                  │
└──────────────────┘
██                            
  ███                         
     ████                     
         ███                  
            ███               
               ███            
                  ███         
                     ████     
                         ███  
                            ██
▀▄▖                           
  ▝▀▄▖                        
     ▝▀▄▄                     
         ▀▚▄                  
            ▀▚▄               
               ▀▚▄            
                  ▀▚▄         
                     ▀▀▄▖     
                        ▝▀▄▖  
                           ▝▀▄
                         █                                  
 ███                     █     █████                        
 █  █                    █       █              █           
 █  █ ████  ██  █  █   ███  ██   █    ██  █  █ ████         
 ███  █    █  █ █  █  █  █ █  █  █   █  █  ██   █           
 █     ███ ████ █  █  █  █ █  █  █   ████  ██   █           
 █       █ █    █  █  █  █ █  █  █   █     ██   █           
 █    ████  ███ ████   ███  ██   █    ███ █  █  ███         
                                                            
                                                            
                                                            
                        ▄                                   
▐▛▀▙                    █      ▀▀█▀▀            ▐▌          
▐▌ ▐▌ ▗▄▄   ▄▄  ▄  ▄  ▄▖█  ▗▄▖   █   ▗▄▖  ▄▖▗▄ ▗▟▙▄         
▐▌ ▟▘▐▌  ▘ ▟▘▝▙ █  █ ▟▘▝█ ▗▛ ▜▖  █  ▗▛ ▜▖ ▝██▘  ▐▌          
▐▛▀▘ ▝██▙▖ █▄▄█ █  █ █  █ ▐▌ ▐▌  █  ▐▙▄▟▌  ▐▌   ▐▌          
▐▌      ▜▌ █    █  █ █  █ ▐▌ ▐▌  █  ▐▌     ██   ▐▌          
▐▌   ▝▄▄▞▘ ▝▙▄▞ ▜▙▞█ ▝▙▞█  ▜▄▛   █   ▜▄▄▘ ▟▌▐▙  ▝▙▄         
                                                            
                                                            
Tests run: 14, Failures: 0, Errors: 0, Skipped: 0, Time elapsed: 0.037 sec
Running com.indvd00m.ascii.render.tests.TestText
          
 Test     
          
          
          
          
 Te…      
          
          
          
          
 Tes      
 t        
          
          
          
 Tes      
 t        
          
          
          
 Te…      
          
          
          
          
 Te…      
          
          
          
          
 Tes      
          
 t        
          
          
 Te       
 s        
          
 t        
          
 Te       
 …        
          
          
          
 T…       
          
          
          
          
          
          
          
          
          
          
          
          
          
 ┌─────┐  
 │This │  
 │is lo│  
 │ng t…│  
 └─────┘  
                              
                              
    ┌────────────────────┐    
    │Lorem Ipsum is simpl│    
    │y dummy text of the │    
    │printing and typeset│    
    │ting industry. Lorem│    
    │ Ipsum has been the │    
    │industry's standard…│    
    └────────────────────┘    
Lorem Ipsu
m is simpl
y dummy te
xt of the 
printing …
Tests run: 15, Failures: 0, Errors: 0, Skipped: 0, Time elapsed: 0.009 sec
Running com.indvd00m.ascii.render.tests.TestContext
Tests run: 1, Failures: 0, Errors: 0, Skipped: 0, Time elapsed: 0.001 sec
Running com.indvd00m.ascii.render.tests.TestCanvas
          
          
          
          
          
          
1         
          
          
          
          
123       
          
          
          
        12
123       
          
          
          
        12
123       
    line1 
    line2 
    line3 
        12
123       
    li1lin
    li2lin
    li3lin
        12
123       
    li1lin
    li2lin
    li1lin
        12
123  111  
    li1lin
    li2lin
    li1lin
        12
123  12121
    li1lin
    li2lin
    li1lin
          
          
          
          
          

          
          
  ****    
          
          
****
          
   1      
  ****    
       3  
          
 1    
****  
     3
 1        
          
  ****    
    3     
          
1    
     
 ****
   3 
    *     
  1       
  ****    
    3     
 2        
   * 
 1   
 ****
   3 
2    
*        *
  1       
  ****    
    3     
*        *
*        *
  1       
  ****    
    3     
*        *
          
          
         *
          
          
*
          
          
         *
         *
          
*
*
          
          
          
          
     *    
*
          
          
          
          
     **   
**
          
          
*         
          
          
*
          
          
          
          
          

          
          
  ****    
          
          
****
          
   1      
  ****    
       3  
          
 1     
****   
     3 
 1        
          
  ****    
    3     
          
 1    
      
  ****
    3 
    *     
  1       
  ****    
    3     
 2        
   * 
 1   
 ****
   3 
2    
          
  1       
  ****    
    3     
*        *
          
  1       
  ****    
    3     
*        *
          
          
         *
          
          
*
          
          
         *
          
          
*
 
          
          
          
          
     *    
*
          
          
          
          
     *    
* 
          
          
*         
          
          
*
    *     
  1       
  ****    
    3     
 2        
          
          
          
          
          
          
          
  ****    
          
          
          
          
  ****    
          
          
          
          
  ****    
          
          
          
          
  ***     
          
          
Tests run: 25, Failures: 0, Errors: 0, Skipped: 0, Time elapsed: 0.014 sec
Running com.indvd00m.ascii.render.tests.TestEllipse
    ***   
   *   *  
   *   *  
   *   *  
    ***   
   *****  
  *     * 
 *       *
  *     * 
   *****  
                                                                                
                                                                                
                        *********************************                       
                  *********************************************                 
              **********                                 **********             
           ******                                               ******          
         ***                                                         ***        
       **                                                               **      
      *                                                                   *     
     *                                                                     *    
     *                                                                     *    
     *                                                                     *    
      *                                                                   *     
       **                                                               **      
         ***                                                         ***        
           ******                                               ******          
              **********                                 **********             
                  *********************************************                 
                        *********************************                       
                                                                                
   *****  
 **     **
          
 **     **
   *****  
Tests run: 4, Failures: 0, Errors: 0, Skipped: 0, Time elapsed: 0.004 sec
Running com.indvd00m.ascii.render.tests.TestCircle
    ***   
   *   *  
   *   *  
   *   *  
    ***   
      *   
      *   
       ***
          
          
                              
            *******           
         ***       ***        
       **             **      
      **               **     
     *                   *    
    *                     *   
   **                     **  
   *                       *  
  *                         * 
  *                         * 
  *                         * 
 *                           *
 *                           *
 *                           *
 *                           *
 *                           *
 *                           *
 *                           *
  *                         * 
  *                         * 
  *                         * 
   *                       *  
   **                     **  
    *                     *   
     *                   *    
      **               **     
       **             **      
         ***       ***        
            *******           
    ***   
   *   *  
   *   *  
   *   *  
    ***   
Tests run: 4, Failures: 0, Errors: 0, Skipped: 0, Time elapsed: 0.004 sec

Results :

Tests run: 191, Failures: 0, Errors: 0, Skipped: 1

[INFO] 
[INFO] ------------< com.indvd00m.ascii.render:java-ascii-render >-------------
[INFO] Building java-ascii-render 2.2.1-SNAPSHOT                          [3/3]
[INFO] --------------------------------[ pom ]---------------------------------
[INFO] ------------------------------------------------------------------------
[INFO] Reactor Summary for java-ascii-render 2.2.1-SNAPSHOT:
[INFO] 
[INFO] ascii-render-api ................................... SUCCESS [  0.838 s]
[INFO] ascii-render ....................................... SUCCESS [  1.448 s]
[INFO] java-ascii-render .................................. SUCCESS [  0.001 s]
[INFO] ------------------------------------------------------------------------
[INFO] BUILD SUCCESS
[INFO] ------------------------------------------------------------------------
[INFO] Total time:  2.364 s
[INFO] Finished at: 2021-02-15T06:20:31Z
[INFO] ------------------------------------------------------------------------
